[2023-12-07T22:53:19.714+0000] {processor.py:157} INFO - Started process (PID=57) to work on /opt/airflow/dags/fitzgerald-great-gatsby.epub
[2023-12-07T22:53:19.719+0000] {processor.py:829} INFO - Processing file /opt/airflow/dags/fitzgerald-great-gatsby.epub for tasks to queue
[2023-12-07T22:53:19.729+0000] {logging_mixin.py:151} INFO - [2023-12-07T22:53:19.728+0000] {dagbag.py:536} INFO - Filling up the DagBag from /opt/airflow/dags/fitzgerald-great-gatsby.epub
[2023-12-07T22:53:19.743+0000] {processor.py:841} WARNING - No viable dags retrieved from /opt/airflow/dags/fitzgerald-great-gatsby.epub
[2023-12-07T22:53:19.810+0000] {processor.py:179} INFO - Processing /opt/airflow/dags/fitzgerald-great-gatsby.epub took 0.112 seconds
[2023-12-07T22:53:50.175+0000] {processor.py:157} INFO - Started process (PID=115) to work on /opt/airflow/dags/fitzgerald-great-gatsby.epub
[2023-12-07T22:53:50.177+0000] {processor.py:829} INFO - Processing file /opt/airflow/dags/fitzgerald-great-gatsby.epub for tasks to queue
[2023-12-07T22:53:50.184+0000] {logging_mixin.py:151} INFO - [2023-12-07T22:53:50.184+0000] {dagbag.py:536} INFO - Filling up the DagBag from /opt/airflow/dags/fitzgerald-great-gatsby.epub
[2023-12-07T22:53:50.188+0000] {processor.py:841} WARNING - No viable dags retrieved from /opt/airflow/dags/fitzgerald-great-gatsby.epub
[2023-12-07T22:53:50.208+0000] {processor.py:179} INFO - Processing /opt/airflow/dags/fitzgerald-great-gatsby.epub took 0.041 seconds
[2023-12-07T22:54:20.536+0000] {processor.py:157} INFO - Started process (PID=173) to work on /opt/airflow/dags/fitzgerald-great-gatsby.epub
[2023-12-07T22:54:20.537+0000] {processor.py:829} INFO - Processing file /opt/airflow/dags/fitzgerald-great-gatsby.epub for tasks to queue
[2023-12-07T22:54:20.539+0000] {logging_mixin.py:151} INFO - [2023-12-07T22:54:20.539+0000] {dagbag.py:536} INFO - Filling up the DagBag from /opt/airflow/dags/fitzgerald-great-gatsby.epub
[2023-12-07T22:54:20.543+0000] {processor.py:841} WARNING - No viable dags retrieved from /opt/airflow/dags/fitzgerald-great-gatsby.epub
[2023-12-07T22:54:20.561+0000] {processor.py:179} INFO - Processing /opt/airflow/dags/fitzgerald-great-gatsby.epub took 0.031 seconds
[2023-12-07T22:54:51.245+0000] {processor.py:157} INFO - Started process (PID=231) to work on /opt/airflow/dags/fitzgerald-great-gatsby.epub
[2023-12-07T22:54:51.247+0000] {processor.py:829} INFO - Processing file /opt/airflow/dags/fitzgerald-great-gatsby.epub for tasks to queue
[2023-12-07T22:54:51.249+0000] {logging_mixin.py:151} INFO - [2023-12-07T22:54:51.249+0000] {dagbag.py:536} INFO - Filling up the DagBag from /opt/airflow/dags/fitzgerald-great-gatsby.epub
[2023-12-07T22:54:51.255+0000] {processor.py:841} WARNING - No viable dags retrieved from /opt/airflow/dags/fitzgerald-great-gatsby.epub
[2023-12-07T22:54:51.300+0000] {processor.py:179} INFO - Processing /opt/airflow/dags/fitzgerald-great-gatsby.epub took 0.064 seconds
[2023-12-07T22:55:21.759+0000] {processor.py:157} INFO - Started process (PID=289) to work on /opt/airflow/dags/fitzgerald-great-gatsby.epub
[2023-12-07T22:55:21.762+0000] {processor.py:829} INFO - Processing file /opt/airflow/dags/fitzgerald-great-gatsby.epub for tasks to queue
[2023-12-07T22:55:21.765+0000] {logging_mixin.py:151} INFO - [2023-12-07T22:55:21.764+0000] {dagbag.py:536} INFO - Filling up the DagBag from /opt/airflow/dags/fitzgerald-great-gatsby.epub
[2023-12-07T22:55:21.771+0000] {processor.py:841} WARNING - No viable dags retrieved from /opt/airflow/dags/fitzgerald-great-gatsby.epub
[2023-12-07T22:55:21.802+0000] {processor.py:179} INFO - Processing /opt/airflow/dags/fitzgerald-great-gatsby.epub took 0.063 seconds
[2023-12-07T22:55:52.215+0000] {processor.py:157} INFO - Started process (PID=347) to work on /opt/airflow/dags/fitzgerald-great-gatsby.epub
[2023-12-07T22:55:52.217+0000] {processor.py:829} INFO - Processing file /opt/airflow/dags/fitzgerald-great-gatsby.epub for tasks to queue
[2023-12-07T22:55:52.219+0000] {logging_mixin.py:151} INFO - [2023-12-07T22:55:52.218+0000] {dagbag.py:536} INFO - Filling up the DagBag from /opt/airflow/dags/fitzgerald-great-gatsby.epub
[2023-12-07T22:55:52.224+0000] {processor.py:841} WARNING - No viable dags retrieved from /opt/airflow/dags/fitzgerald-great-gatsby.epub
[2023-12-07T22:55:52.254+0000] {processor.py:179} INFO - Processing /opt/airflow/dags/fitzgerald-great-gatsby.epub took 0.047 seconds
[2023-12-07T22:56:22.532+0000] {processor.py:157} INFO - Started process (PID=404) to work on /opt/airflow/dags/fitzgerald-great-gatsby.epub
[2023-12-07T22:56:22.534+0000] {processor.py:829} INFO - Processing file /opt/airflow/dags/fitzgerald-great-gatsby.epub for tasks to queue
[2023-12-07T22:56:22.536+0000] {logging_mixin.py:151} INFO - [2023-12-07T22:56:22.535+0000] {dagbag.py:536} INFO - Filling up the DagBag from /opt/airflow/dags/fitzgerald-great-gatsby.epub
[2023-12-07T22:56:22.540+0000] {processor.py:841} WARNING - No viable dags retrieved from /opt/airflow/dags/fitzgerald-great-gatsby.epub
[2023-12-07T22:56:22.585+0000] {processor.py:179} INFO - Processing /opt/airflow/dags/fitzgerald-great-gatsby.epub took 0.063 seconds
[2023-12-07T22:56:52.772+0000] {processor.py:157} INFO - Started process (PID=462) to work on /opt/airflow/dags/fitzgerald-great-gatsby.epub
[2023-12-07T22:56:52.774+0000] {processor.py:829} INFO - Processing file /opt/airflow/dags/fitzgerald-great-gatsby.epub for tasks to queue
[2023-12-07T22:56:52.776+0000] {logging_mixin.py:151} INFO - [2023-12-07T22:56:52.775+0000] {dagbag.py:536} INFO - Filling up the DagBag from /opt/airflow/dags/fitzgerald-great-gatsby.epub
[2023-12-07T22:56:52.781+0000] {processor.py:841} WARNING - No viable dags retrieved from /opt/airflow/dags/fitzgerald-great-gatsby.epub
[2023-12-07T22:56:52.826+0000] {processor.py:179} INFO - Processing /opt/airflow/dags/fitzgerald-great-gatsby.epub took 0.062 seconds
[2023-12-07T22:57:23.519+0000] {processor.py:157} INFO - Started process (PID=520) to work on /opt/airflow/dags/fitzgerald-great-gatsby.epub
[2023-12-07T22:57:23.521+0000] {processor.py:829} INFO - Processing file /opt/airflow/dags/fitzgerald-great-gatsby.epub for tasks to queue
[2023-12-07T22:57:23.523+0000] {logging_mixin.py:151} INFO - [2023-12-07T22:57:23.523+0000] {dagbag.py:536} INFO - Filling up the DagBag from /opt/airflow/dags/fitzgerald-great-gatsby.epub
[2023-12-07T22:57:23.528+0000] {processor.py:841} WARNING - No viable dags retrieved from /opt/airflow/dags/fitzgerald-great-gatsby.epub
[2023-12-07T22:57:23.549+0000] {processor.py:179} INFO - Processing /opt/airflow/dags/fitzgerald-great-gatsby.epub took 0.038 seconds
[2023-12-07T22:57:53.913+0000] {processor.py:157} INFO - Started process (PID=578) to work on /opt/airflow/dags/fitzgerald-great-gatsby.epub
[2023-12-07T22:57:53.915+0000] {processor.py:829} INFO - Processing file /opt/airflow/dags/fitzgerald-great-gatsby.epub for tasks to queue
[2023-12-07T22:57:53.917+0000] {logging_mixin.py:151} INFO - [2023-12-07T22:57:53.916+0000] {dagbag.py:536} INFO - Filling up the DagBag from /opt/airflow/dags/fitzgerald-great-gatsby.epub
[2023-12-07T22:57:53.921+0000] {processor.py:841} WARNING - No viable dags retrieved from /opt/airflow/dags/fitzgerald-great-gatsby.epub
[2023-12-07T22:57:53.945+0000] {processor.py:179} INFO - Processing /opt/airflow/dags/fitzgerald-great-gatsby.epub took 0.040 seconds
[2023-12-07T22:58:24.041+0000] {processor.py:157} INFO - Started process (PID=636) to work on /opt/airflow/dags/fitzgerald-great-gatsby.epub
[2023-12-07T22:58:24.043+0000] {processor.py:829} INFO - Processing file /opt/airflow/dags/fitzgerald-great-gatsby.epub for tasks to queue
[2023-12-07T22:58:24.045+0000] {logging_mixin.py:151} INFO - [2023-12-07T22:58:24.044+0000] {dagbag.py:536} INFO - Filling up the DagBag from /opt/airflow/dags/fitzgerald-great-gatsby.epub
[2023-12-07T22:58:24.049+0000] {processor.py:841} WARNING - No viable dags retrieved from /opt/airflow/dags/fitzgerald-great-gatsby.epub
[2023-12-07T22:58:24.073+0000] {processor.py:179} INFO - Processing /opt/airflow/dags/fitzgerald-great-gatsby.epub took 0.039 seconds
[2023-12-07T22:58:54.428+0000] {processor.py:157} INFO - Started process (PID=694) to work on /opt/airflow/dags/fitzgerald-great-gatsby.epub
[2023-12-07T22:58:54.431+0000] {processor.py:829} INFO - Processing file /opt/airflow/dags/fitzgerald-great-gatsby.epub for tasks to queue
[2023-12-07T22:58:54.433+0000] {logging_mixin.py:151} INFO - [2023-12-07T22:58:54.432+0000] {dagbag.py:536} INFO - Filling up the DagBag from /opt/airflow/dags/fitzgerald-great-gatsby.epub
[2023-12-07T22:58:54.436+0000] {processor.py:841} WARNING - No viable dags retrieved from /opt/airflow/dags/fitzgerald-great-gatsby.epub
[2023-12-07T22:58:54.457+0000] {processor.py:179} INFO - Processing /opt/airflow/dags/fitzgerald-great-gatsby.epub took 0.035 seconds
[2023-12-07T22:59:25.139+0000] {processor.py:157} INFO - Started process (PID=752) to work on /opt/airflow/dags/fitzgerald-great-gatsby.epub
[2023-12-07T22:59:25.142+0000] {processor.py:829} INFO - Processing file /opt/airflow/dags/fitzgerald-great-gatsby.epub for tasks to queue
[2023-12-07T22:59:25.144+0000] {logging_mixin.py:151} INFO - [2023-12-07T22:59:25.143+0000] {dagbag.py:536} INFO - Filling up the DagBag from /opt/airflow/dags/fitzgerald-great-gatsby.epub
[2023-12-07T22:59:25.148+0000] {processor.py:841} WARNING - No viable dags retrieved from /opt/airflow/dags/fitzgerald-great-gatsby.epub
[2023-12-07T22:59:25.177+0000] {processor.py:179} INFO - Processing /opt/airflow/dags/fitzgerald-great-gatsby.epub took 0.046 seconds
[2023-12-07T22:59:55.563+0000] {processor.py:157} INFO - Started process (PID=809) to work on /opt/airflow/dags/fitzgerald-great-gatsby.epub
[2023-12-07T22:59:55.566+0000] {processor.py:829} INFO - Processing file /opt/airflow/dags/fitzgerald-great-gatsby.epub for tasks to queue
[2023-12-07T22:59:55.567+0000] {logging_mixin.py:151} INFO - [2023-12-07T22:59:55.567+0000] {dagbag.py:536} INFO - Filling up the DagBag from /opt/airflow/dags/fitzgerald-great-gatsby.epub
[2023-12-07T22:59:55.572+0000] {processor.py:841} WARNING - No viable dags retrieved from /opt/airflow/dags/fitzgerald-great-gatsby.epub
[2023-12-07T22:59:55.603+0000] {processor.py:179} INFO - Processing /opt/airflow/dags/fitzgerald-great-gatsby.epub took 0.046 seconds
[2023-12-07T23:00:26.192+0000] {processor.py:157} INFO - Started process (PID=867) to work on /opt/airflow/dags/fitzgerald-great-gatsby.epub
[2023-12-07T23:00:26.194+0000] {processor.py:829} INFO - Processing file /opt/airflow/dags/fitzgerald-great-gatsby.epub for tasks to queue
[2023-12-07T23:00:26.196+0000] {logging_mixin.py:151} INFO - [2023-12-07T23:00:26.196+0000] {dagbag.py:536} INFO - Filling up the DagBag from /opt/airflow/dags/fitzgerald-great-gatsby.epub
[2023-12-07T23:00:26.204+0000] {processor.py:841} WARNING - No viable dags retrieved from /opt/airflow/dags/fitzgerald-great-gatsby.epub
[2023-12-07T23:00:26.231+0000] {processor.py:179} INFO - Processing /opt/airflow/dags/fitzgerald-great-gatsby.epub took 0.048 seconds
[2023-12-07T23:00:56.928+0000] {processor.py:157} INFO - Started process (PID=924) to work on /opt/airflow/dags/fitzgerald-great-gatsby.epub
[2023-12-07T23:00:56.931+0000] {processor.py:829} INFO - Processing file /opt/airflow/dags/fitzgerald-great-gatsby.epub for tasks to queue
[2023-12-07T23:00:56.933+0000] {logging_mixin.py:151} INFO - [2023-12-07T23:00:56.932+0000] {dagbag.py:536} INFO - Filling up the DagBag from /opt/airflow/dags/fitzgerald-great-gatsby.epub
[2023-12-07T23:00:56.938+0000] {processor.py:841} WARNING - No viable dags retrieved from /opt/airflow/dags/fitzgerald-great-gatsby.epub
[2023-12-07T23:00:56.961+0000] {processor.py:179} INFO - Processing /opt/airflow/dags/fitzgerald-great-gatsby.epub took 0.042 seconds
[2023-12-07T23:01:27.185+0000] {processor.py:157} INFO - Started process (PID=982) to work on /opt/airflow/dags/fitzgerald-great-gatsby.epub
[2023-12-07T23:01:27.190+0000] {processor.py:829} INFO - Processing file /opt/airflow/dags/fitzgerald-great-gatsby.epub for tasks to queue
[2023-12-07T23:01:27.200+0000] {logging_mixin.py:151} INFO - [2023-12-07T23:01:27.194+0000] {dagbag.py:536} INFO - Filling up the DagBag from /opt/airflow/dags/fitzgerald-great-gatsby.epub
[2023-12-07T23:01:27.217+0000] {processor.py:841} WARNING - No viable dags retrieved from /opt/airflow/dags/fitzgerald-great-gatsby.epub
[2023-12-07T23:01:27.267+0000] {processor.py:179} INFO - Processing /opt/airflow/dags/fitzgerald-great-gatsby.epub took 0.093 seconds
[2023-12-07T23:01:57.460+0000] {processor.py:157} INFO - Started process (PID=1040) to work on /opt/airflow/dags/fitzgerald-great-gatsby.epub
[2023-12-07T23:01:57.468+0000] {processor.py:829} INFO - Processing file /opt/airflow/dags/fitzgerald-great-gatsby.epub for tasks to queue
[2023-12-07T23:01:57.472+0000] {logging_mixin.py:151} INFO - [2023-12-07T23:01:57.471+0000] {dagbag.py:536} INFO - Filling up the DagBag from /opt/airflow/dags/fitzgerald-great-gatsby.epub
[2023-12-07T23:01:57.482+0000] {processor.py:841} WARNING - No viable dags retrieved from /opt/airflow/dags/fitzgerald-great-gatsby.epub
[2023-12-07T23:01:57.539+0000] {processor.py:179} INFO - Processing /opt/airflow/dags/fitzgerald-great-gatsby.epub took 0.094 seconds
[2023-12-07T23:02:27.711+0000] {processor.py:157} INFO - Started process (PID=1098) to work on /opt/airflow/dags/fitzgerald-great-gatsby.epub
[2023-12-07T23:02:27.714+0000] {processor.py:829} INFO - Processing file /opt/airflow/dags/fitzgerald-great-gatsby.epub for tasks to queue
[2023-12-07T23:02:27.717+0000] {logging_mixin.py:151} INFO - [2023-12-07T23:02:27.716+0000] {dagbag.py:536} INFO - Filling up the DagBag from /opt/airflow/dags/fitzgerald-great-gatsby.epub
[2023-12-07T23:02:27.729+0000] {processor.py:841} WARNING - No viable dags retrieved from /opt/airflow/dags/fitzgerald-great-gatsby.epub
[2023-12-07T23:02:27.781+0000] {processor.py:179} INFO - Processing /opt/airflow/dags/fitzgerald-great-gatsby.epub took 0.088 seconds
[2023-12-07T23:02:57.901+0000] {processor.py:157} INFO - Started process (PID=1156) to work on /opt/airflow/dags/fitzgerald-great-gatsby.epub
[2023-12-07T23:02:57.903+0000] {processor.py:829} INFO - Processing file /opt/airflow/dags/fitzgerald-great-gatsby.epub for tasks to queue
[2023-12-07T23:02:57.905+0000] {logging_mixin.py:151} INFO - [2023-12-07T23:02:57.904+0000] {dagbag.py:536} INFO - Filling up the DagBag from /opt/airflow/dags/fitzgerald-great-gatsby.epub
[2023-12-07T23:02:57.909+0000] {processor.py:841} WARNING - No viable dags retrieved from /opt/airflow/dags/fitzgerald-great-gatsby.epub
[2023-12-07T23:02:57.932+0000] {processor.py:179} INFO - Processing /opt/airflow/dags/fitzgerald-great-gatsby.epub took 0.038 seconds
[2023-12-07T23:03:28.850+0000] {processor.py:157} INFO - Started process (PID=1213) to work on /opt/airflow/dags/fitzgerald-great-gatsby.epub
[2023-12-07T23:03:28.852+0000] {processor.py:829} INFO - Processing file /opt/airflow/dags/fitzgerald-great-gatsby.epub for tasks to queue
[2023-12-07T23:03:28.854+0000] {logging_mixin.py:151} INFO - [2023-12-07T23:03:28.853+0000] {dagbag.py:536} INFO - Filling up the DagBag from /opt/airflow/dags/fitzgerald-great-gatsby.epub
[2023-12-07T23:03:28.860+0000] {processor.py:841} WARNING - No viable dags retrieved from /opt/airflow/dags/fitzgerald-great-gatsby.epub
[2023-12-07T23:03:28.886+0000] {processor.py:179} INFO - Processing /opt/airflow/dags/fitzgerald-great-gatsby.epub took 0.044 seconds
[2023-12-07T23:03:59.611+0000] {processor.py:157} INFO - Started process (PID=1272) to work on /opt/airflow/dags/fitzgerald-great-gatsby.epub
[2023-12-07T23:03:59.613+0000] {processor.py:829} INFO - Processing file /opt/airflow/dags/fitzgerald-great-gatsby.epub for tasks to queue
[2023-12-07T23:03:59.615+0000] {logging_mixin.py:151} INFO - [2023-12-07T23:03:59.614+0000] {dagbag.py:536} INFO - Filling up the DagBag from /opt/airflow/dags/fitzgerald-great-gatsby.epub
[2023-12-07T23:03:59.618+0000] {processor.py:841} WARNING - No viable dags retrieved from /opt/airflow/dags/fitzgerald-great-gatsby.epub
[2023-12-07T23:03:59.646+0000] {processor.py:179} INFO - Processing /opt/airflow/dags/fitzgerald-great-gatsby.epub took 0.039 seconds
[2023-12-07T23:04:30.024+0000] {processor.py:157} INFO - Started process (PID=1328) to work on /opt/airflow/dags/fitzgerald-great-gatsby.epub
[2023-12-07T23:04:30.027+0000] {processor.py:829} INFO - Processing file /opt/airflow/dags/fitzgerald-great-gatsby.epub for tasks to queue
[2023-12-07T23:04:30.029+0000] {logging_mixin.py:151} INFO - [2023-12-07T23:04:30.029+0000] {dagbag.py:536} INFO - Filling up the DagBag from /opt/airflow/dags/fitzgerald-great-gatsby.epub
[2023-12-07T23:04:30.034+0000] {processor.py:841} WARNING - No viable dags retrieved from /opt/airflow/dags/fitzgerald-great-gatsby.epub
[2023-12-07T23:04:30.062+0000] {processor.py:179} INFO - Processing /opt/airflow/dags/fitzgerald-great-gatsby.epub took 0.044 seconds
[2023-12-07T23:05:00.838+0000] {processor.py:157} INFO - Started process (PID=1386) to work on /opt/airflow/dags/fitzgerald-great-gatsby.epub
[2023-12-07T23:05:00.841+0000] {processor.py:829} INFO - Processing file /opt/airflow/dags/fitzgerald-great-gatsby.epub for tasks to queue
[2023-12-07T23:05:00.843+0000] {logging_mixin.py:151} INFO - [2023-12-07T23:05:00.842+0000] {dagbag.py:536} INFO - Filling up the DagBag from /opt/airflow/dags/fitzgerald-great-gatsby.epub
[2023-12-07T23:05:00.848+0000] {processor.py:841} WARNING - No viable dags retrieved from /opt/airflow/dags/fitzgerald-great-gatsby.epub
[2023-12-07T23:05:00.880+0000] {processor.py:179} INFO - Processing /opt/airflow/dags/fitzgerald-great-gatsby.epub took 0.050 seconds
[2023-12-07T23:05:31.906+0000] {processor.py:157} INFO - Started process (PID=1444) to work on /opt/airflow/dags/fitzgerald-great-gatsby.epub
[2023-12-07T23:05:31.909+0000] {processor.py:829} INFO - Processing file /opt/airflow/dags/fitzgerald-great-gatsby.epub for tasks to queue
[2023-12-07T23:05:31.911+0000] {logging_mixin.py:151} INFO - [2023-12-07T23:05:31.910+0000] {dagbag.py:536} INFO - Filling up the DagBag from /opt/airflow/dags/fitzgerald-great-gatsby.epub
[2023-12-07T23:05:31.917+0000] {processor.py:841} WARNING - No viable dags retrieved from /opt/airflow/dags/fitzgerald-great-gatsby.epub
[2023-12-07T23:05:31.943+0000] {processor.py:179} INFO - Processing /opt/airflow/dags/fitzgerald-great-gatsby.epub took 0.046 seconds
[2023-12-07T23:06:02.032+0000] {processor.py:157} INFO - Started process (PID=1503) to work on /opt/airflow/dags/fitzgerald-great-gatsby.epub
[2023-12-07T23:06:02.035+0000] {processor.py:829} INFO - Processing file /opt/airflow/dags/fitzgerald-great-gatsby.epub for tasks to queue
[2023-12-07T23:06:02.037+0000] {logging_mixin.py:151} INFO - [2023-12-07T23:06:02.036+0000] {dagbag.py:536} INFO - Filling up the DagBag from /opt/airflow/dags/fitzgerald-great-gatsby.epub
[2023-12-07T23:06:02.041+0000] {processor.py:841} WARNING - No viable dags retrieved from /opt/airflow/dags/fitzgerald-great-gatsby.epub
[2023-12-07T23:06:02.065+0000] {processor.py:179} INFO - Processing /opt/airflow/dags/fitzgerald-great-gatsby.epub took 0.040 seconds
[2023-12-07T23:06:32.145+0000] {processor.py:157} INFO - Started process (PID=1561) to work on /opt/airflow/dags/fitzgerald-great-gatsby.epub
[2023-12-07T23:06:32.148+0000] {processor.py:829} INFO - Processing file /opt/airflow/dags/fitzgerald-great-gatsby.epub for tasks to queue
[2023-12-07T23:06:32.150+0000] {logging_mixin.py:151} INFO - [2023-12-07T23:06:32.149+0000] {dagbag.py:536} INFO - Filling up the DagBag from /opt/airflow/dags/fitzgerald-great-gatsby.epub
[2023-12-07T23:06:32.155+0000] {processor.py:841} WARNING - No viable dags retrieved from /opt/airflow/dags/fitzgerald-great-gatsby.epub
[2023-12-07T23:06:32.180+0000] {processor.py:179} INFO - Processing /opt/airflow/dags/fitzgerald-great-gatsby.epub took 0.043 seconds
[2023-12-07T23:07:02.693+0000] {processor.py:157} INFO - Started process (PID=1619) to work on /opt/airflow/dags/fitzgerald-great-gatsby.epub
[2023-12-07T23:07:02.702+0000] {processor.py:829} INFO - Processing file /opt/airflow/dags/fitzgerald-great-gatsby.epub for tasks to queue
[2023-12-07T23:07:02.705+0000] {logging_mixin.py:151} INFO - [2023-12-07T23:07:02.704+0000] {dagbag.py:536} INFO - Filling up the DagBag from /opt/airflow/dags/fitzgerald-great-gatsby.epub
[2023-12-07T23:07:02.712+0000] {processor.py:841} WARNING - No viable dags retrieved from /opt/airflow/dags/fitzgerald-great-gatsby.epub
[2023-12-07T23:07:02.755+0000] {processor.py:179} INFO - Processing /opt/airflow/dags/fitzgerald-great-gatsby.epub took 0.081 seconds
[2023-12-07T23:07:33.534+0000] {processor.py:157} INFO - Started process (PID=1677) to work on /opt/airflow/dags/fitzgerald-great-gatsby.epub
[2023-12-07T23:07:33.537+0000] {processor.py:829} INFO - Processing file /opt/airflow/dags/fitzgerald-great-gatsby.epub for tasks to queue
[2023-12-07T23:07:33.539+0000] {logging_mixin.py:151} INFO - [2023-12-07T23:07:33.538+0000] {dagbag.py:536} INFO - Filling up the DagBag from /opt/airflow/dags/fitzgerald-great-gatsby.epub
[2023-12-07T23:07:33.544+0000] {processor.py:841} WARNING - No viable dags retrieved from /opt/airflow/dags/fitzgerald-great-gatsby.epub
[2023-12-07T23:07:33.572+0000] {processor.py:179} INFO - Processing /opt/airflow/dags/fitzgerald-great-gatsby.epub took 0.047 seconds
[2023-12-07T23:08:03.858+0000] {processor.py:157} INFO - Started process (PID=1735) to work on /opt/airflow/dags/fitzgerald-great-gatsby.epub
[2023-12-07T23:08:03.862+0000] {processor.py:829} INFO - Processing file /opt/airflow/dags/fitzgerald-great-gatsby.epub for tasks to queue
[2023-12-07T23:08:03.865+0000] {logging_mixin.py:151} INFO - [2023-12-07T23:08:03.863+0000] {dagbag.py:536} INFO - Filling up the DagBag from /opt/airflow/dags/fitzgerald-great-gatsby.epub
[2023-12-07T23:08:03.872+0000] {processor.py:841} WARNING - No viable dags retrieved from /opt/airflow/dags/fitzgerald-great-gatsby.epub
[2023-12-07T23:08:03.920+0000] {processor.py:179} INFO - Processing /opt/airflow/dags/fitzgerald-great-gatsby.epub took 0.072 seconds
[2023-12-07T23:08:34.037+0000] {processor.py:157} INFO - Started process (PID=1792) to work on /opt/airflow/dags/fitzgerald-great-gatsby.epub
[2023-12-07T23:08:34.040+0000] {processor.py:829} INFO - Processing file /opt/airflow/dags/fitzgerald-great-gatsby.epub for tasks to queue
[2023-12-07T23:08:34.041+0000] {logging_mixin.py:151} INFO - [2023-12-07T23:08:34.040+0000] {dagbag.py:536} INFO - Filling up the DagBag from /opt/airflow/dags/fitzgerald-great-gatsby.epub
[2023-12-07T23:08:34.044+0000] {processor.py:841} WARNING - No viable dags retrieved from /opt/airflow/dags/fitzgerald-great-gatsby.epub
[2023-12-07T23:08:34.065+0000] {processor.py:179} INFO - Processing /opt/airflow/dags/fitzgerald-great-gatsby.epub took 0.032 seconds
[2023-12-07T23:09:04.798+0000] {processor.py:157} INFO - Started process (PID=1850) to work on /opt/airflow/dags/fitzgerald-great-gatsby.epub
[2023-12-07T23:09:04.801+0000] {processor.py:829} INFO - Processing file /opt/airflow/dags/fitzgerald-great-gatsby.epub for tasks to queue
[2023-12-07T23:09:04.813+0000] {logging_mixin.py:151} INFO - [2023-12-07T23:09:04.810+0000] {dagbag.py:536} INFO - Filling up the DagBag from /opt/airflow/dags/fitzgerald-great-gatsby.epub
[2023-12-07T23:09:04.820+0000] {processor.py:841} WARNING - No viable dags retrieved from /opt/airflow/dags/fitzgerald-great-gatsby.epub
[2023-12-07T23:09:04.861+0000] {processor.py:179} INFO - Processing /opt/airflow/dags/fitzgerald-great-gatsby.epub took 0.077 seconds
[2023-12-07T23:09:35.171+0000] {processor.py:157} INFO - Started process (PID=1908) to work on /opt/airflow/dags/fitzgerald-great-gatsby.epub
[2023-12-07T23:09:35.192+0000] {processor.py:829} INFO - Processing file /opt/airflow/dags/fitzgerald-great-gatsby.epub for tasks to queue
[2023-12-07T23:09:35.197+0000] {logging_mixin.py:151} INFO - [2023-12-07T23:09:35.195+0000] {dagbag.py:536} INFO - Filling up the DagBag from /opt/airflow/dags/fitzgerald-great-gatsby.epub
[2023-12-07T23:09:35.213+0000] {processor.py:841} WARNING - No viable dags retrieved from /opt/airflow/dags/fitzgerald-great-gatsby.epub
[2023-12-07T23:09:35.254+0000] {processor.py:179} INFO - Processing /opt/airflow/dags/fitzgerald-great-gatsby.epub took 0.106 seconds
[2023-12-07T23:10:05.998+0000] {processor.py:157} INFO - Started process (PID=1966) to work on /opt/airflow/dags/fitzgerald-great-gatsby.epub
[2023-12-07T23:10:06.002+0000] {processor.py:829} INFO - Processing file /opt/airflow/dags/fitzgerald-great-gatsby.epub for tasks to queue
[2023-12-07T23:10:06.005+0000] {logging_mixin.py:151} INFO - [2023-12-07T23:10:06.004+0000] {dagbag.py:536} INFO - Filling up the DagBag from /opt/airflow/dags/fitzgerald-great-gatsby.epub
[2023-12-07T23:10:06.011+0000] {processor.py:841} WARNING - No viable dags retrieved from /opt/airflow/dags/fitzgerald-great-gatsby.epub
[2023-12-07T23:10:06.062+0000] {processor.py:179} INFO - Processing /opt/airflow/dags/fitzgerald-great-gatsby.epub took 0.074 seconds
[2023-12-07T23:10:36.752+0000] {processor.py:157} INFO - Started process (PID=2024) to work on /opt/airflow/dags/fitzgerald-great-gatsby.epub
[2023-12-07T23:10:36.755+0000] {processor.py:829} INFO - Processing file /opt/airflow/dags/fitzgerald-great-gatsby.epub for tasks to queue
[2023-12-07T23:10:36.757+0000] {logging_mixin.py:151} INFO - [2023-12-07T23:10:36.756+0000] {dagbag.py:536} INFO - Filling up the DagBag from /opt/airflow/dags/fitzgerald-great-gatsby.epub
[2023-12-07T23:10:36.762+0000] {processor.py:841} WARNING - No viable dags retrieved from /opt/airflow/dags/fitzgerald-great-gatsby.epub
[2023-12-07T23:10:36.787+0000] {processor.py:179} INFO - Processing /opt/airflow/dags/fitzgerald-great-gatsby.epub took 0.042 seconds
[2023-12-07T23:11:07.040+0000] {processor.py:157} INFO - Started process (PID=2083) to work on /opt/airflow/dags/fitzgerald-great-gatsby.epub
[2023-12-07T23:11:07.044+0000] {processor.py:829} INFO - Processing file /opt/airflow/dags/fitzgerald-great-gatsby.epub for tasks to queue
[2023-12-07T23:11:07.049+0000] {logging_mixin.py:151} INFO - [2023-12-07T23:11:07.047+0000] {dagbag.py:536} INFO - Filling up the DagBag from /opt/airflow/dags/fitzgerald-great-gatsby.epub
[2023-12-07T23:11:07.062+0000] {processor.py:841} WARNING - No viable dags retrieved from /opt/airflow/dags/fitzgerald-great-gatsby.epub
[2023-12-07T23:11:07.103+0000] {processor.py:179} INFO - Processing /opt/airflow/dags/fitzgerald-great-gatsby.epub took 0.070 seconds
[2023-12-07T23:11:37.307+0000] {processor.py:157} INFO - Started process (PID=2143) to work on /opt/airflow/dags/fitzgerald-great-gatsby.epub
[2023-12-07T23:11:37.311+0000] {processor.py:829} INFO - Processing file /opt/airflow/dags/fitzgerald-great-gatsby.epub for tasks to queue
[2023-12-07T23:11:37.313+0000] {logging_mixin.py:151} INFO - [2023-12-07T23:11:37.312+0000] {dagbag.py:536} INFO - Filling up the DagBag from /opt/airflow/dags/fitzgerald-great-gatsby.epub
[2023-12-07T23:11:37.317+0000] {processor.py:841} WARNING - No viable dags retrieved from /opt/airflow/dags/fitzgerald-great-gatsby.epub
[2023-12-07T23:11:37.342+0000] {processor.py:179} INFO - Processing /opt/airflow/dags/fitzgerald-great-gatsby.epub took 0.043 seconds
[2023-12-07T23:12:07.515+0000] {processor.py:157} INFO - Started process (PID=2201) to work on /opt/airflow/dags/fitzgerald-great-gatsby.epub
[2023-12-07T23:12:07.518+0000] {processor.py:829} INFO - Processing file /opt/airflow/dags/fitzgerald-great-gatsby.epub for tasks to queue
[2023-12-07T23:12:07.519+0000] {logging_mixin.py:151} INFO - [2023-12-07T23:12:07.519+0000] {dagbag.py:536} INFO - Filling up the DagBag from /opt/airflow/dags/fitzgerald-great-gatsby.epub
[2023-12-07T23:12:07.524+0000] {processor.py:841} WARNING - No viable dags retrieved from /opt/airflow/dags/fitzgerald-great-gatsby.epub
[2023-12-07T23:12:07.563+0000] {processor.py:179} INFO - Processing /opt/airflow/dags/fitzgerald-great-gatsby.epub took 0.055 seconds
[2023-12-07T23:12:37.742+0000] {processor.py:157} INFO - Started process (PID=2259) to work on /opt/airflow/dags/fitzgerald-great-gatsby.epub
[2023-12-07T23:12:37.744+0000] {processor.py:829} INFO - Processing file /opt/airflow/dags/fitzgerald-great-gatsby.epub for tasks to queue
[2023-12-07T23:12:37.746+0000] {logging_mixin.py:151} INFO - [2023-12-07T23:12:37.746+0000] {dagbag.py:536} INFO - Filling up the DagBag from /opt/airflow/dags/fitzgerald-great-gatsby.epub
[2023-12-07T23:12:37.751+0000] {processor.py:841} WARNING - No viable dags retrieved from /opt/airflow/dags/fitzgerald-great-gatsby.epub
[2023-12-07T23:12:37.773+0000] {processor.py:179} INFO - Processing /opt/airflow/dags/fitzgerald-great-gatsby.epub took 0.035 seconds
[2023-12-07T23:13:08.244+0000] {processor.py:157} INFO - Started process (PID=2317) to work on /opt/airflow/dags/fitzgerald-great-gatsby.epub
[2023-12-07T23:13:08.246+0000] {processor.py:829} INFO - Processing file /opt/airflow/dags/fitzgerald-great-gatsby.epub for tasks to queue
[2023-12-07T23:13:08.247+0000] {logging_mixin.py:151} INFO - [2023-12-07T23:13:08.247+0000] {dagbag.py:536} INFO - Filling up the DagBag from /opt/airflow/dags/fitzgerald-great-gatsby.epub
[2023-12-07T23:13:08.252+0000] {processor.py:841} WARNING - No viable dags retrieved from /opt/airflow/dags/fitzgerald-great-gatsby.epub
[2023-12-07T23:13:08.277+0000] {processor.py:179} INFO - Processing /opt/airflow/dags/fitzgerald-great-gatsby.epub took 0.039 seconds
[2023-12-07T23:13:39.262+0000] {processor.py:157} INFO - Started process (PID=2375) to work on /opt/airflow/dags/fitzgerald-great-gatsby.epub
[2023-12-07T23:13:39.268+0000] {processor.py:829} INFO - Processing file /opt/airflow/dags/fitzgerald-great-gatsby.epub for tasks to queue
[2023-12-07T23:13:39.272+0000] {logging_mixin.py:151} INFO - [2023-12-07T23:13:39.270+0000] {dagbag.py:536} INFO - Filling up the DagBag from /opt/airflow/dags/fitzgerald-great-gatsby.epub
[2023-12-07T23:13:39.279+0000] {processor.py:841} WARNING - No viable dags retrieved from /opt/airflow/dags/fitzgerald-great-gatsby.epub
[2023-12-07T23:13:39.308+0000] {processor.py:179} INFO - Processing /opt/airflow/dags/fitzgerald-great-gatsby.epub took 0.055 seconds
[2023-12-07T23:14:09.778+0000] {processor.py:157} INFO - Started process (PID=2431) to work on /opt/airflow/dags/fitzgerald-great-gatsby.epub
[2023-12-07T23:14:09.783+0000] {processor.py:829} INFO - Processing file /opt/airflow/dags/fitzgerald-great-gatsby.epub for tasks to queue
[2023-12-07T23:14:09.786+0000] {logging_mixin.py:151} INFO - [2023-12-07T23:14:09.784+0000] {dagbag.py:536} INFO - Filling up the DagBag from /opt/airflow/dags/fitzgerald-great-gatsby.epub
[2023-12-07T23:14:09.794+0000] {processor.py:841} WARNING - No viable dags retrieved from /opt/airflow/dags/fitzgerald-great-gatsby.epub
[2023-12-07T23:14:09.843+0000] {processor.py:179} INFO - Processing /opt/airflow/dags/fitzgerald-great-gatsby.epub took 0.072 seconds
[2023-12-07T23:14:40.394+0000] {processor.py:157} INFO - Started process (PID=2490) to work on /opt/airflow/dags/fitzgerald-great-gatsby.epub
[2023-12-07T23:14:40.396+0000] {processor.py:829} INFO - Processing file /opt/airflow/dags/fitzgerald-great-gatsby.epub for tasks to queue
[2023-12-07T23:14:40.398+0000] {logging_mixin.py:151} INFO - [2023-12-07T23:14:40.397+0000] {dagbag.py:536} INFO - Filling up the DagBag from /opt/airflow/dags/fitzgerald-great-gatsby.epub
[2023-12-07T23:14:40.402+0000] {processor.py:841} WARNING - No viable dags retrieved from /opt/airflow/dags/fitzgerald-great-gatsby.epub
[2023-12-07T23:14:40.422+0000] {processor.py:179} INFO - Processing /opt/airflow/dags/fitzgerald-great-gatsby.epub took 0.034 seconds
[2023-12-07T23:15:10.725+0000] {processor.py:157} INFO - Started process (PID=2548) to work on /opt/airflow/dags/fitzgerald-great-gatsby.epub
[2023-12-07T23:15:10.728+0000] {processor.py:829} INFO - Processing file /opt/airflow/dags/fitzgerald-great-gatsby.epub for tasks to queue
[2023-12-07T23:15:10.729+0000] {logging_mixin.py:151} INFO - [2023-12-07T23:15:10.729+0000] {dagbag.py:536} INFO - Filling up the DagBag from /opt/airflow/dags/fitzgerald-great-gatsby.epub
[2023-12-07T23:15:10.737+0000] {processor.py:841} WARNING - No viable dags retrieved from /opt/airflow/dags/fitzgerald-great-gatsby.epub
[2023-12-07T23:15:10.763+0000] {processor.py:179} INFO - Processing /opt/airflow/dags/fitzgerald-great-gatsby.epub took 0.044 seconds
[2023-12-07T23:15:40.997+0000] {processor.py:157} INFO - Started process (PID=2606) to work on /opt/airflow/dags/fitzgerald-great-gatsby.epub
[2023-12-07T23:15:40.999+0000] {processor.py:829} INFO - Processing file /opt/airflow/dags/fitzgerald-great-gatsby.epub for tasks to queue
[2023-12-07T23:15:41.002+0000] {logging_mixin.py:151} INFO - [2023-12-07T23:15:41.001+0000] {dagbag.py:536} INFO - Filling up the DagBag from /opt/airflow/dags/fitzgerald-great-gatsby.epub
[2023-12-07T23:15:41.006+0000] {processor.py:841} WARNING - No viable dags retrieved from /opt/airflow/dags/fitzgerald-great-gatsby.epub
[2023-12-07T23:15:41.027+0000] {processor.py:179} INFO - Processing /opt/airflow/dags/fitzgerald-great-gatsby.epub took 0.036 seconds
[2023-12-07T23:16:11.305+0000] {processor.py:157} INFO - Started process (PID=2664) to work on /opt/airflow/dags/fitzgerald-great-gatsby.epub
[2023-12-07T23:16:11.309+0000] {processor.py:829} INFO - Processing file /opt/airflow/dags/fitzgerald-great-gatsby.epub for tasks to queue
[2023-12-07T23:16:11.316+0000] {logging_mixin.py:151} INFO - [2023-12-07T23:16:11.313+0000] {dagbag.py:536} INFO - Filling up the DagBag from /opt/airflow/dags/fitzgerald-great-gatsby.epub
[2023-12-07T23:16:11.328+0000] {processor.py:841} WARNING - No viable dags retrieved from /opt/airflow/dags/fitzgerald-great-gatsby.epub
[2023-12-07T23:16:11.377+0000] {processor.py:179} INFO - Processing /opt/airflow/dags/fitzgerald-great-gatsby.epub took 0.083 seconds
[2023-12-07T23:16:41.909+0000] {processor.py:157} INFO - Started process (PID=2722) to work on /opt/airflow/dags/fitzgerald-great-gatsby.epub
[2023-12-07T23:16:41.914+0000] {processor.py:829} INFO - Processing file /opt/airflow/dags/fitzgerald-great-gatsby.epub for tasks to queue
[2023-12-07T23:16:41.916+0000] {logging_mixin.py:151} INFO - [2023-12-07T23:16:41.915+0000] {dagbag.py:536} INFO - Filling up the DagBag from /opt/airflow/dags/fitzgerald-great-gatsby.epub
[2023-12-07T23:16:41.921+0000] {processor.py:841} WARNING - No viable dags retrieved from /opt/airflow/dags/fitzgerald-great-gatsby.epub
[2023-12-07T23:16:41.946+0000] {processor.py:179} INFO - Processing /opt/airflow/dags/fitzgerald-great-gatsby.epub took 0.044 seconds
[2023-12-07T23:17:12.901+0000] {processor.py:157} INFO - Started process (PID=2786) to work on /opt/airflow/dags/fitzgerald-great-gatsby.epub
[2023-12-07T23:17:12.905+0000] {processor.py:829} INFO - Processing file /opt/airflow/dags/fitzgerald-great-gatsby.epub for tasks to queue
[2023-12-07T23:17:12.908+0000] {logging_mixin.py:151} INFO - [2023-12-07T23:17:12.907+0000] {dagbag.py:536} INFO - Filling up the DagBag from /opt/airflow/dags/fitzgerald-great-gatsby.epub
[2023-12-07T23:17:12.915+0000] {processor.py:841} WARNING - No viable dags retrieved from /opt/airflow/dags/fitzgerald-great-gatsby.epub
[2023-12-07T23:17:12.958+0000] {processor.py:179} INFO - Processing /opt/airflow/dags/fitzgerald-great-gatsby.epub took 0.066 seconds
[2023-12-07T23:17:43.768+0000] {processor.py:157} INFO - Started process (PID=2845) to work on /opt/airflow/dags/fitzgerald-great-gatsby.epub
[2023-12-07T23:17:43.769+0000] {processor.py:829} INFO - Processing file /opt/airflow/dags/fitzgerald-great-gatsby.epub for tasks to queue
[2023-12-07T23:17:43.772+0000] {logging_mixin.py:151} INFO - [2023-12-07T23:17:43.771+0000] {dagbag.py:536} INFO - Filling up the DagBag from /opt/airflow/dags/fitzgerald-great-gatsby.epub
[2023-12-07T23:17:43.779+0000] {processor.py:841} WARNING - No viable dags retrieved from /opt/airflow/dags/fitzgerald-great-gatsby.epub
[2023-12-07T23:17:43.821+0000] {processor.py:179} INFO - Processing /opt/airflow/dags/fitzgerald-great-gatsby.epub took 0.059 seconds
[2023-12-07T23:18:14.166+0000] {processor.py:157} INFO - Started process (PID=2904) to work on /opt/airflow/dags/fitzgerald-great-gatsby.epub
[2023-12-07T23:18:14.168+0000] {processor.py:829} INFO - Processing file /opt/airflow/dags/fitzgerald-great-gatsby.epub for tasks to queue
[2023-12-07T23:18:14.170+0000] {logging_mixin.py:151} INFO - [2023-12-07T23:18:14.170+0000] {dagbag.py:536} INFO - Filling up the DagBag from /opt/airflow/dags/fitzgerald-great-gatsby.epub
[2023-12-07T23:18:14.175+0000] {processor.py:841} WARNING - No viable dags retrieved from /opt/airflow/dags/fitzgerald-great-gatsby.epub
[2023-12-07T23:18:14.207+0000] {processor.py:179} INFO - Processing /opt/airflow/dags/fitzgerald-great-gatsby.epub took 0.046 seconds
[2023-12-07T23:18:44.516+0000] {processor.py:157} INFO - Started process (PID=2963) to work on /opt/airflow/dags/fitzgerald-great-gatsby.epub
[2023-12-07T23:18:44.519+0000] {processor.py:829} INFO - Processing file /opt/airflow/dags/fitzgerald-great-gatsby.epub for tasks to queue
[2023-12-07T23:18:44.522+0000] {logging_mixin.py:151} INFO - [2023-12-07T23:18:44.521+0000] {dagbag.py:536} INFO - Filling up the DagBag from /opt/airflow/dags/fitzgerald-great-gatsby.epub
[2023-12-07T23:18:44.529+0000] {processor.py:841} WARNING - No viable dags retrieved from /opt/airflow/dags/fitzgerald-great-gatsby.epub
[2023-12-07T23:18:44.568+0000] {processor.py:179} INFO - Processing /opt/airflow/dags/fitzgerald-great-gatsby.epub took 0.059 seconds
[2023-12-07T23:19:14.948+0000] {processor.py:157} INFO - Started process (PID=3021) to work on /opt/airflow/dags/fitzgerald-great-gatsby.epub
[2023-12-07T23:19:14.950+0000] {processor.py:829} INFO - Processing file /opt/airflow/dags/fitzgerald-great-gatsby.epub for tasks to queue
[2023-12-07T23:19:14.952+0000] {logging_mixin.py:151} INFO - [2023-12-07T23:19:14.952+0000] {dagbag.py:536} INFO - Filling up the DagBag from /opt/airflow/dags/fitzgerald-great-gatsby.epub
[2023-12-07T23:19:14.958+0000] {processor.py:841} WARNING - No viable dags retrieved from /opt/airflow/dags/fitzgerald-great-gatsby.epub
[2023-12-07T23:19:14.989+0000] {processor.py:179} INFO - Processing /opt/airflow/dags/fitzgerald-great-gatsby.epub took 0.047 seconds
[2023-12-07T23:19:45.581+0000] {processor.py:157} INFO - Started process (PID=3079) to work on /opt/airflow/dags/fitzgerald-great-gatsby.epub
[2023-12-07T23:19:45.584+0000] {processor.py:829} INFO - Processing file /opt/airflow/dags/fitzgerald-great-gatsby.epub for tasks to queue
[2023-12-07T23:19:45.594+0000] {logging_mixin.py:151} INFO - [2023-12-07T23:19:45.593+0000] {dagbag.py:536} INFO - Filling up the DagBag from /opt/airflow/dags/fitzgerald-great-gatsby.epub
[2023-12-07T23:19:45.600+0000] {processor.py:841} WARNING - No viable dags retrieved from /opt/airflow/dags/fitzgerald-great-gatsby.epub
[2023-12-07T23:19:45.644+0000] {processor.py:179} INFO - Processing /opt/airflow/dags/fitzgerald-great-gatsby.epub took 0.071 seconds
[2023-12-07T23:20:16.160+0000] {processor.py:157} INFO - Started process (PID=3137) to work on /opt/airflow/dags/fitzgerald-great-gatsby.epub
[2023-12-07T23:20:16.163+0000] {processor.py:829} INFO - Processing file /opt/airflow/dags/fitzgerald-great-gatsby.epub for tasks to queue
[2023-12-07T23:20:16.166+0000] {logging_mixin.py:151} INFO - [2023-12-07T23:20:16.165+0000] {dagbag.py:536} INFO - Filling up the DagBag from /opt/airflow/dags/fitzgerald-great-gatsby.epub
[2023-12-07T23:20:16.171+0000] {processor.py:841} WARNING - No viable dags retrieved from /opt/airflow/dags/fitzgerald-great-gatsby.epub
[2023-12-07T23:20:16.208+0000] {processor.py:179} INFO - Processing /opt/airflow/dags/fitzgerald-great-gatsby.epub took 0.056 seconds
[2023-12-07T23:20:47.014+0000] {processor.py:157} INFO - Started process (PID=3197) to work on /opt/airflow/dags/fitzgerald-great-gatsby.epub
[2023-12-07T23:20:47.017+0000] {processor.py:829} INFO - Processing file /opt/airflow/dags/fitzgerald-great-gatsby.epub for tasks to queue
[2023-12-07T23:20:47.022+0000] {logging_mixin.py:151} INFO - [2023-12-07T23:20:47.020+0000] {dagbag.py:536} INFO - Filling up the DagBag from /opt/airflow/dags/fitzgerald-great-gatsby.epub
[2023-12-07T23:20:47.030+0000] {processor.py:841} WARNING - No viable dags retrieved from /opt/airflow/dags/fitzgerald-great-gatsby.epub
[2023-12-07T23:20:47.072+0000] {processor.py:179} INFO - Processing /opt/airflow/dags/fitzgerald-great-gatsby.epub took 0.065 seconds
[2023-12-07T23:21:17.543+0000] {processor.py:157} INFO - Started process (PID=3254) to work on /opt/airflow/dags/fitzgerald-great-gatsby.epub
[2023-12-07T23:21:17.546+0000] {processor.py:829} INFO - Processing file /opt/airflow/dags/fitzgerald-great-gatsby.epub for tasks to queue
[2023-12-07T23:21:17.549+0000] {logging_mixin.py:151} INFO - [2023-12-07T23:21:17.548+0000] {dagbag.py:536} INFO - Filling up the DagBag from /opt/airflow/dags/fitzgerald-great-gatsby.epub
[2023-12-07T23:21:17.553+0000] {processor.py:841} WARNING - No viable dags retrieved from /opt/airflow/dags/fitzgerald-great-gatsby.epub
[2023-12-07T23:21:17.582+0000] {processor.py:179} INFO - Processing /opt/airflow/dags/fitzgerald-great-gatsby.epub took 0.047 seconds
[2023-12-07T23:21:47.823+0000] {processor.py:157} INFO - Started process (PID=3312) to work on /opt/airflow/dags/fitzgerald-great-gatsby.epub
[2023-12-07T23:21:47.827+0000] {processor.py:829} INFO - Processing file /opt/airflow/dags/fitzgerald-great-gatsby.epub for tasks to queue
[2023-12-07T23:21:47.830+0000] {logging_mixin.py:151} INFO - [2023-12-07T23:21:47.829+0000] {dagbag.py:536} INFO - Filling up the DagBag from /opt/airflow/dags/fitzgerald-great-gatsby.epub
[2023-12-07T23:21:47.838+0000] {processor.py:841} WARNING - No viable dags retrieved from /opt/airflow/dags/fitzgerald-great-gatsby.epub
[2023-12-07T23:21:47.900+0000] {processor.py:179} INFO - Processing /opt/airflow/dags/fitzgerald-great-gatsby.epub took 0.087 seconds
[2023-12-07T23:22:18.005+0000] {processor.py:157} INFO - Started process (PID=3370) to work on /opt/airflow/dags/fitzgerald-great-gatsby.epub
[2023-12-07T23:22:18.007+0000] {processor.py:829} INFO - Processing file /opt/airflow/dags/fitzgerald-great-gatsby.epub for tasks to queue
[2023-12-07T23:22:18.008+0000] {logging_mixin.py:151} INFO - [2023-12-07T23:22:18.008+0000] {dagbag.py:536} INFO - Filling up the DagBag from /opt/airflow/dags/fitzgerald-great-gatsby.epub
[2023-12-07T23:22:18.012+0000] {processor.py:841} WARNING - No viable dags retrieved from /opt/airflow/dags/fitzgerald-great-gatsby.epub
[2023-12-07T23:22:18.033+0000] {processor.py:179} INFO - Processing /opt/airflow/dags/fitzgerald-great-gatsby.epub took 0.033 seconds
[2023-12-07T23:22:48.181+0000] {processor.py:157} INFO - Started process (PID=3428) to work on /opt/airflow/dags/fitzgerald-great-gatsby.epub
[2023-12-07T23:22:48.183+0000] {processor.py:829} INFO - Processing file /opt/airflow/dags/fitzgerald-great-gatsby.epub for tasks to queue
[2023-12-07T23:22:48.185+0000] {logging_mixin.py:151} INFO - [2023-12-07T23:22:48.185+0000] {dagbag.py:536} INFO - Filling up the DagBag from /opt/airflow/dags/fitzgerald-great-gatsby.epub
[2023-12-07T23:22:48.190+0000] {processor.py:841} WARNING - No viable dags retrieved from /opt/airflow/dags/fitzgerald-great-gatsby.epub
[2023-12-07T23:22:48.217+0000] {processor.py:179} INFO - Processing /opt/airflow/dags/fitzgerald-great-gatsby.epub took 0.044 seconds
[2023-12-07T23:23:18.355+0000] {processor.py:157} INFO - Started process (PID=3486) to work on /opt/airflow/dags/fitzgerald-great-gatsby.epub
[2023-12-07T23:23:18.358+0000] {processor.py:829} INFO - Processing file /opt/airflow/dags/fitzgerald-great-gatsby.epub for tasks to queue
[2023-12-07T23:23:18.360+0000] {logging_mixin.py:151} INFO - [2023-12-07T23:23:18.360+0000] {dagbag.py:536} INFO - Filling up the DagBag from /opt/airflow/dags/fitzgerald-great-gatsby.epub
[2023-12-07T23:23:18.365+0000] {processor.py:841} WARNING - No viable dags retrieved from /opt/airflow/dags/fitzgerald-great-gatsby.epub
[2023-12-07T23:23:18.389+0000] {processor.py:179} INFO - Processing /opt/airflow/dags/fitzgerald-great-gatsby.epub took 0.040 seconds
[2023-12-07T23:23:48.664+0000] {processor.py:157} INFO - Started process (PID=3544) to work on /opt/airflow/dags/fitzgerald-great-gatsby.epub
[2023-12-07T23:23:48.667+0000] {processor.py:829} INFO - Processing file /opt/airflow/dags/fitzgerald-great-gatsby.epub for tasks to queue
[2023-12-07T23:23:48.669+0000] {logging_mixin.py:151} INFO - [2023-12-07T23:23:48.668+0000] {dagbag.py:536} INFO - Filling up the DagBag from /opt/airflow/dags/fitzgerald-great-gatsby.epub
[2023-12-07T23:23:48.673+0000] {processor.py:841} WARNING - No viable dags retrieved from /opt/airflow/dags/fitzgerald-great-gatsby.epub
[2023-12-07T23:23:48.712+0000] {processor.py:179} INFO - Processing /opt/airflow/dags/fitzgerald-great-gatsby.epub took 0.053 seconds
[2023-12-07T23:24:19.078+0000] {processor.py:157} INFO - Started process (PID=3603) to work on /opt/airflow/dags/fitzgerald-great-gatsby.epub
[2023-12-07T23:24:19.081+0000] {processor.py:829} INFO - Processing file /opt/airflow/dags/fitzgerald-great-gatsby.epub for tasks to queue
[2023-12-07T23:24:19.084+0000] {logging_mixin.py:151} INFO - [2023-12-07T23:24:19.083+0000] {dagbag.py:536} INFO - Filling up the DagBag from /opt/airflow/dags/fitzgerald-great-gatsby.epub
[2023-12-07T23:24:19.092+0000] {processor.py:841} WARNING - No viable dags retrieved from /opt/airflow/dags/fitzgerald-great-gatsby.epub
[2023-12-07T23:24:19.147+0000] {processor.py:179} INFO - Processing /opt/airflow/dags/fitzgerald-great-gatsby.epub took 0.081 seconds
[2023-12-07T23:24:49.352+0000] {processor.py:157} INFO - Started process (PID=3661) to work on /opt/airflow/dags/fitzgerald-great-gatsby.epub
[2023-12-07T23:24:49.355+0000] {processor.py:829} INFO - Processing file /opt/airflow/dags/fitzgerald-great-gatsby.epub for tasks to queue
[2023-12-07T23:24:49.358+0000] {logging_mixin.py:151} INFO - [2023-12-07T23:24:49.357+0000] {dagbag.py:536} INFO - Filling up the DagBag from /opt/airflow/dags/fitzgerald-great-gatsby.epub
[2023-12-07T23:24:49.371+0000] {processor.py:841} WARNING - No viable dags retrieved from /opt/airflow/dags/fitzgerald-great-gatsby.epub
[2023-12-07T23:24:49.418+0000] {processor.py:179} INFO - Processing /opt/airflow/dags/fitzgerald-great-gatsby.epub took 0.073 seconds
[2023-12-07T23:25:19.576+0000] {processor.py:157} INFO - Started process (PID=3719) to work on /opt/airflow/dags/fitzgerald-great-gatsby.epub
[2023-12-07T23:25:19.582+0000] {processor.py:829} INFO - Processing file /opt/airflow/dags/fitzgerald-great-gatsby.epub for tasks to queue
[2023-12-07T23:25:19.586+0000] {logging_mixin.py:151} INFO - [2023-12-07T23:25:19.585+0000] {dagbag.py:536} INFO - Filling up the DagBag from /opt/airflow/dags/fitzgerald-great-gatsby.epub
[2023-12-07T23:25:19.595+0000] {processor.py:841} WARNING - No viable dags retrieved from /opt/airflow/dags/fitzgerald-great-gatsby.epub
[2023-12-07T23:25:19.660+0000] {processor.py:179} INFO - Processing /opt/airflow/dags/fitzgerald-great-gatsby.epub took 0.100 seconds
[2023-12-07T23:25:49.819+0000] {processor.py:157} INFO - Started process (PID=3777) to work on /opt/airflow/dags/fitzgerald-great-gatsby.epub
[2023-12-07T23:25:49.823+0000] {processor.py:829} INFO - Processing file /opt/airflow/dags/fitzgerald-great-gatsby.epub for tasks to queue
[2023-12-07T23:25:49.827+0000] {logging_mixin.py:151} INFO - [2023-12-07T23:25:49.826+0000] {dagbag.py:536} INFO - Filling up the DagBag from /opt/airflow/dags/fitzgerald-great-gatsby.epub
[2023-12-07T23:25:49.836+0000] {processor.py:841} WARNING - No viable dags retrieved from /opt/airflow/dags/fitzgerald-great-gatsby.epub
[2023-12-07T23:25:49.899+0000] {processor.py:179} INFO - Processing /opt/airflow/dags/fitzgerald-great-gatsby.epub took 0.091 seconds
[2023-12-07T23:26:20.087+0000] {processor.py:157} INFO - Started process (PID=3835) to work on /opt/airflow/dags/fitzgerald-great-gatsby.epub
[2023-12-07T23:26:20.090+0000] {processor.py:829} INFO - Processing file /opt/airflow/dags/fitzgerald-great-gatsby.epub for tasks to queue
[2023-12-07T23:26:20.092+0000] {logging_mixin.py:151} INFO - [2023-12-07T23:26:20.092+0000] {dagbag.py:536} INFO - Filling up the DagBag from /opt/airflow/dags/fitzgerald-great-gatsby.epub
[2023-12-07T23:26:20.097+0000] {processor.py:841} WARNING - No viable dags retrieved from /opt/airflow/dags/fitzgerald-great-gatsby.epub
[2023-12-07T23:26:20.119+0000] {processor.py:179} INFO - Processing /opt/airflow/dags/fitzgerald-great-gatsby.epub took 0.038 seconds
[2023-12-07T23:26:50.405+0000] {processor.py:157} INFO - Started process (PID=3893) to work on /opt/airflow/dags/fitzgerald-great-gatsby.epub
[2023-12-07T23:26:50.409+0000] {processor.py:829} INFO - Processing file /opt/airflow/dags/fitzgerald-great-gatsby.epub for tasks to queue
[2023-12-07T23:26:50.413+0000] {logging_mixin.py:151} INFO - [2023-12-07T23:26:50.411+0000] {dagbag.py:536} INFO - Filling up the DagBag from /opt/airflow/dags/fitzgerald-great-gatsby.epub
[2023-12-07T23:26:50.419+0000] {processor.py:841} WARNING - No viable dags retrieved from /opt/airflow/dags/fitzgerald-great-gatsby.epub
[2023-12-07T23:26:50.464+0000] {processor.py:179} INFO - Processing /opt/airflow/dags/fitzgerald-great-gatsby.epub took 0.073 seconds
[2023-12-07T23:27:20.601+0000] {processor.py:157} INFO - Started process (PID=3951) to work on /opt/airflow/dags/fitzgerald-great-gatsby.epub
[2023-12-07T23:27:20.603+0000] {processor.py:829} INFO - Processing file /opt/airflow/dags/fitzgerald-great-gatsby.epub for tasks to queue
[2023-12-07T23:27:20.605+0000] {logging_mixin.py:151} INFO - [2023-12-07T23:27:20.604+0000] {dagbag.py:536} INFO - Filling up the DagBag from /opt/airflow/dags/fitzgerald-great-gatsby.epub
[2023-12-07T23:27:20.609+0000] {processor.py:841} WARNING - No viable dags retrieved from /opt/airflow/dags/fitzgerald-great-gatsby.epub
[2023-12-07T23:27:20.635+0000] {processor.py:179} INFO - Processing /opt/airflow/dags/fitzgerald-great-gatsby.epub took 0.041 seconds
[2023-12-07T23:27:50.955+0000] {processor.py:157} INFO - Started process (PID=4009) to work on /opt/airflow/dags/fitzgerald-great-gatsby.epub
[2023-12-07T23:27:50.957+0000] {processor.py:829} INFO - Processing file /opt/airflow/dags/fitzgerald-great-gatsby.epub for tasks to queue
[2023-12-07T23:27:50.959+0000] {logging_mixin.py:151} INFO - [2023-12-07T23:27:50.958+0000] {dagbag.py:536} INFO - Filling up the DagBag from /opt/airflow/dags/fitzgerald-great-gatsby.epub
[2023-12-07T23:27:50.963+0000] {processor.py:841} WARNING - No viable dags retrieved from /opt/airflow/dags/fitzgerald-great-gatsby.epub
[2023-12-07T23:27:50.985+0000] {processor.py:179} INFO - Processing /opt/airflow/dags/fitzgerald-great-gatsby.epub took 0.036 seconds
[2023-12-07T23:28:21.306+0000] {processor.py:157} INFO - Started process (PID=4067) to work on /opt/airflow/dags/fitzgerald-great-gatsby.epub
[2023-12-07T23:28:21.309+0000] {processor.py:829} INFO - Processing file /opt/airflow/dags/fitzgerald-great-gatsby.epub for tasks to queue
[2023-12-07T23:28:21.311+0000] {logging_mixin.py:151} INFO - [2023-12-07T23:28:21.310+0000] {dagbag.py:536} INFO - Filling up the DagBag from /opt/airflow/dags/fitzgerald-great-gatsby.epub
[2023-12-07T23:28:21.315+0000] {processor.py:841} WARNING - No viable dags retrieved from /opt/airflow/dags/fitzgerald-great-gatsby.epub
[2023-12-07T23:28:21.335+0000] {processor.py:179} INFO - Processing /opt/airflow/dags/fitzgerald-great-gatsby.epub took 0.035 seconds
[2023-12-07T23:28:51.689+0000] {processor.py:157} INFO - Started process (PID=4123) to work on /opt/airflow/dags/fitzgerald-great-gatsby.epub
[2023-12-07T23:28:51.691+0000] {processor.py:829} INFO - Processing file /opt/airflow/dags/fitzgerald-great-gatsby.epub for tasks to queue
[2023-12-07T23:28:51.693+0000] {logging_mixin.py:151} INFO - [2023-12-07T23:28:51.692+0000] {dagbag.py:536} INFO - Filling up the DagBag from /opt/airflow/dags/fitzgerald-great-gatsby.epub
[2023-12-07T23:28:51.697+0000] {processor.py:841} WARNING - No viable dags retrieved from /opt/airflow/dags/fitzgerald-great-gatsby.epub
[2023-12-07T23:28:51.725+0000] {processor.py:179} INFO - Processing /opt/airflow/dags/fitzgerald-great-gatsby.epub took 0.042 seconds
[2023-12-07T23:29:21.976+0000] {processor.py:157} INFO - Started process (PID=4181) to work on /opt/airflow/dags/fitzgerald-great-gatsby.epub
[2023-12-07T23:29:21.979+0000] {processor.py:829} INFO - Processing file /opt/airflow/dags/fitzgerald-great-gatsby.epub for tasks to queue
[2023-12-07T23:29:21.981+0000] {logging_mixin.py:151} INFO - [2023-12-07T23:29:21.980+0000] {dagbag.py:536} INFO - Filling up the DagBag from /opt/airflow/dags/fitzgerald-great-gatsby.epub
[2023-12-07T23:29:21.987+0000] {processor.py:841} WARNING - No viable dags retrieved from /opt/airflow/dags/fitzgerald-great-gatsby.epub
[2023-12-07T23:29:22.022+0000] {processor.py:179} INFO - Processing /opt/airflow/dags/fitzgerald-great-gatsby.epub took 0.050 seconds
[2023-12-07T23:29:52.684+0000] {processor.py:157} INFO - Started process (PID=4239) to work on /opt/airflow/dags/fitzgerald-great-gatsby.epub
[2023-12-07T23:29:52.686+0000] {processor.py:829} INFO - Processing file /opt/airflow/dags/fitzgerald-great-gatsby.epub for tasks to queue
[2023-12-07T23:29:52.688+0000] {logging_mixin.py:151} INFO - [2023-12-07T23:29:52.687+0000] {dagbag.py:536} INFO - Filling up the DagBag from /opt/airflow/dags/fitzgerald-great-gatsby.epub
[2023-12-07T23:29:52.693+0000] {processor.py:841} WARNING - No viable dags retrieved from /opt/airflow/dags/fitzgerald-great-gatsby.epub
[2023-12-07T23:29:52.717+0000] {processor.py:179} INFO - Processing /opt/airflow/dags/fitzgerald-great-gatsby.epub took 0.038 seconds
[2023-12-07T23:30:23.435+0000] {processor.py:157} INFO - Started process (PID=4297) to work on /opt/airflow/dags/fitzgerald-great-gatsby.epub
[2023-12-07T23:30:23.437+0000] {processor.py:829} INFO - Processing file /opt/airflow/dags/fitzgerald-great-gatsby.epub for tasks to queue
[2023-12-07T23:30:23.439+0000] {logging_mixin.py:151} INFO - [2023-12-07T23:30:23.439+0000] {dagbag.py:536} INFO - Filling up the DagBag from /opt/airflow/dags/fitzgerald-great-gatsby.epub
[2023-12-07T23:30:23.443+0000] {processor.py:841} WARNING - No viable dags retrieved from /opt/airflow/dags/fitzgerald-great-gatsby.epub
[2023-12-07T23:30:23.466+0000] {processor.py:179} INFO - Processing /opt/airflow/dags/fitzgerald-great-gatsby.epub took 0.040 seconds
[2023-12-07T23:30:54.098+0000] {processor.py:157} INFO - Started process (PID=4355) to work on /opt/airflow/dags/fitzgerald-great-gatsby.epub
[2023-12-07T23:30:54.101+0000] {processor.py:829} INFO - Processing file /opt/airflow/dags/fitzgerald-great-gatsby.epub for tasks to queue
[2023-12-07T23:30:54.105+0000] {logging_mixin.py:151} INFO - [2023-12-07T23:30:54.103+0000] {dagbag.py:536} INFO - Filling up the DagBag from /opt/airflow/dags/fitzgerald-great-gatsby.epub
[2023-12-07T23:30:54.115+0000] {processor.py:841} WARNING - No viable dags retrieved from /opt/airflow/dags/fitzgerald-great-gatsby.epub
[2023-12-07T23:30:54.170+0000] {processor.py:179} INFO - Processing /opt/airflow/dags/fitzgerald-great-gatsby.epub took 0.084 seconds
[2023-12-07T23:31:24.250+0000] {processor.py:157} INFO - Started process (PID=4413) to work on /opt/airflow/dags/fitzgerald-great-gatsby.epub
[2023-12-07T23:31:24.253+0000] {processor.py:829} INFO - Processing file /opt/airflow/dags/fitzgerald-great-gatsby.epub for tasks to queue
[2023-12-07T23:31:24.254+0000] {logging_mixin.py:151} INFO - [2023-12-07T23:31:24.254+0000] {dagbag.py:536} INFO - Filling up the DagBag from /opt/airflow/dags/fitzgerald-great-gatsby.epub
[2023-12-07T23:31:24.258+0000] {processor.py:841} WARNING - No viable dags retrieved from /opt/airflow/dags/fitzgerald-great-gatsby.epub
[2023-12-07T23:31:24.279+0000] {processor.py:179} INFO - Processing /opt/airflow/dags/fitzgerald-great-gatsby.epub took 0.034 seconds
[2023-12-07T23:31:54.483+0000] {processor.py:157} INFO - Started process (PID=4471) to work on /opt/airflow/dags/fitzgerald-great-gatsby.epub
[2023-12-07T23:31:54.486+0000] {processor.py:829} INFO - Processing file /opt/airflow/dags/fitzgerald-great-gatsby.epub for tasks to queue
[2023-12-07T23:31:54.488+0000] {logging_mixin.py:151} INFO - [2023-12-07T23:31:54.487+0000] {dagbag.py:536} INFO - Filling up the DagBag from /opt/airflow/dags/fitzgerald-great-gatsby.epub
[2023-12-07T23:31:54.493+0000] {processor.py:841} WARNING - No viable dags retrieved from /opt/airflow/dags/fitzgerald-great-gatsby.epub
[2023-12-07T23:31:54.516+0000] {processor.py:179} INFO - Processing /opt/airflow/dags/fitzgerald-great-gatsby.epub took 0.040 seconds
[2023-12-07T23:32:25.558+0000] {processor.py:157} INFO - Started process (PID=4529) to work on /opt/airflow/dags/fitzgerald-great-gatsby.epub
[2023-12-07T23:32:25.561+0000] {processor.py:829} INFO - Processing file /opt/airflow/dags/fitzgerald-great-gatsby.epub for tasks to queue
[2023-12-07T23:32:25.564+0000] {logging_mixin.py:151} INFO - [2023-12-07T23:32:25.563+0000] {dagbag.py:536} INFO - Filling up the DagBag from /opt/airflow/dags/fitzgerald-great-gatsby.epub
[2023-12-07T23:32:25.571+0000] {processor.py:841} WARNING - No viable dags retrieved from /opt/airflow/dags/fitzgerald-great-gatsby.epub
[2023-12-07T23:32:25.609+0000] {processor.py:179} INFO - Processing /opt/airflow/dags/fitzgerald-great-gatsby.epub took 0.060 seconds
[2023-12-07T23:32:55.868+0000] {processor.py:157} INFO - Started process (PID=4587) to work on /opt/airflow/dags/fitzgerald-great-gatsby.epub
[2023-12-07T23:32:55.871+0000] {processor.py:829} INFO - Processing file /opt/airflow/dags/fitzgerald-great-gatsby.epub for tasks to queue
[2023-12-07T23:32:55.872+0000] {logging_mixin.py:151} INFO - [2023-12-07T23:32:55.872+0000] {dagbag.py:536} INFO - Filling up the DagBag from /opt/airflow/dags/fitzgerald-great-gatsby.epub
[2023-12-07T23:32:55.876+0000] {processor.py:841} WARNING - No viable dags retrieved from /opt/airflow/dags/fitzgerald-great-gatsby.epub
[2023-12-07T23:32:55.896+0000] {processor.py:179} INFO - Processing /opt/airflow/dags/fitzgerald-great-gatsby.epub took 0.033 seconds
[2023-12-07T23:33:26.516+0000] {processor.py:157} INFO - Started process (PID=4645) to work on /opt/airflow/dags/fitzgerald-great-gatsby.epub
[2023-12-07T23:33:26.519+0000] {processor.py:829} INFO - Processing file /opt/airflow/dags/fitzgerald-great-gatsby.epub for tasks to queue
[2023-12-07T23:33:26.521+0000] {logging_mixin.py:151} INFO - [2023-12-07T23:33:26.520+0000] {dagbag.py:536} INFO - Filling up the DagBag from /opt/airflow/dags/fitzgerald-great-gatsby.epub
[2023-12-07T23:33:26.525+0000] {processor.py:841} WARNING - No viable dags retrieved from /opt/airflow/dags/fitzgerald-great-gatsby.epub
[2023-12-07T23:33:26.551+0000] {processor.py:179} INFO - Processing /opt/airflow/dags/fitzgerald-great-gatsby.epub took 0.041 seconds
[2023-12-07T23:33:56.927+0000] {processor.py:157} INFO - Started process (PID=4703) to work on /opt/airflow/dags/fitzgerald-great-gatsby.epub
[2023-12-07T23:33:56.936+0000] {processor.py:829} INFO - Processing file /opt/airflow/dags/fitzgerald-great-gatsby.epub for tasks to queue
[2023-12-07T23:33:56.943+0000] {logging_mixin.py:151} INFO - [2023-12-07T23:33:56.941+0000] {dagbag.py:536} INFO - Filling up the DagBag from /opt/airflow/dags/fitzgerald-great-gatsby.epub
[2023-12-07T23:33:56.958+0000] {processor.py:841} WARNING - No viable dags retrieved from /opt/airflow/dags/fitzgerald-great-gatsby.epub
[2023-12-07T23:33:56.997+0000] {processor.py:179} INFO - Processing /opt/airflow/dags/fitzgerald-great-gatsby.epub took 0.081 seconds
[2023-12-07T23:34:27.307+0000] {processor.py:157} INFO - Started process (PID=4761) to work on /opt/airflow/dags/fitzgerald-great-gatsby.epub
[2023-12-07T23:34:27.310+0000] {processor.py:829} INFO - Processing file /opt/airflow/dags/fitzgerald-great-gatsby.epub for tasks to queue
[2023-12-07T23:34:27.313+0000] {logging_mixin.py:151} INFO - [2023-12-07T23:34:27.312+0000] {dagbag.py:536} INFO - Filling up the DagBag from /opt/airflow/dags/fitzgerald-great-gatsby.epub
[2023-12-07T23:34:27.317+0000] {processor.py:841} WARNING - No viable dags retrieved from /opt/airflow/dags/fitzgerald-great-gatsby.epub
[2023-12-07T23:34:27.343+0000] {processor.py:179} INFO - Processing /opt/airflow/dags/fitzgerald-great-gatsby.epub took 0.045 seconds
[2023-12-07T23:34:58.174+0000] {processor.py:157} INFO - Started process (PID=4819) to work on /opt/airflow/dags/fitzgerald-great-gatsby.epub
[2023-12-07T23:34:58.176+0000] {processor.py:829} INFO - Processing file /opt/airflow/dags/fitzgerald-great-gatsby.epub for tasks to queue
[2023-12-07T23:34:58.177+0000] {logging_mixin.py:151} INFO - [2023-12-07T23:34:58.176+0000] {dagbag.py:536} INFO - Filling up the DagBag from /opt/airflow/dags/fitzgerald-great-gatsby.epub
[2023-12-07T23:34:58.180+0000] {processor.py:841} WARNING - No viable dags retrieved from /opt/airflow/dags/fitzgerald-great-gatsby.epub
[2023-12-07T23:34:58.200+0000] {processor.py:179} INFO - Processing /opt/airflow/dags/fitzgerald-great-gatsby.epub took 0.030 seconds
[2023-12-07T23:35:28.387+0000] {processor.py:157} INFO - Started process (PID=4877) to work on /opt/airflow/dags/fitzgerald-great-gatsby.epub
[2023-12-07T23:35:28.390+0000] {processor.py:829} INFO - Processing file /opt/airflow/dags/fitzgerald-great-gatsby.epub for tasks to queue
[2023-12-07T23:35:28.392+0000] {logging_mixin.py:151} INFO - [2023-12-07T23:35:28.391+0000] {dagbag.py:536} INFO - Filling up the DagBag from /opt/airflow/dags/fitzgerald-great-gatsby.epub
[2023-12-07T23:35:28.396+0000] {processor.py:841} WARNING - No viable dags retrieved from /opt/airflow/dags/fitzgerald-great-gatsby.epub
[2023-12-07T23:35:28.427+0000] {processor.py:179} INFO - Processing /opt/airflow/dags/fitzgerald-great-gatsby.epub took 0.047 seconds
[2023-12-07T23:35:58.915+0000] {processor.py:157} INFO - Started process (PID=4935) to work on /opt/airflow/dags/fitzgerald-great-gatsby.epub
[2023-12-07T23:35:58.917+0000] {processor.py:829} INFO - Processing file /opt/airflow/dags/fitzgerald-great-gatsby.epub for tasks to queue
[2023-12-07T23:35:58.920+0000] {logging_mixin.py:151} INFO - [2023-12-07T23:35:58.919+0000] {dagbag.py:536} INFO - Filling up the DagBag from /opt/airflow/dags/fitzgerald-great-gatsby.epub
[2023-12-07T23:35:58.924+0000] {processor.py:841} WARNING - No viable dags retrieved from /opt/airflow/dags/fitzgerald-great-gatsby.epub
[2023-12-07T23:35:58.967+0000] {processor.py:179} INFO - Processing /opt/airflow/dags/fitzgerald-great-gatsby.epub took 0.060 seconds
[2023-12-07T23:36:29.289+0000] {processor.py:157} INFO - Started process (PID=4993) to work on /opt/airflow/dags/fitzgerald-great-gatsby.epub
[2023-12-07T23:36:29.292+0000] {processor.py:829} INFO - Processing file /opt/airflow/dags/fitzgerald-great-gatsby.epub for tasks to queue
[2023-12-07T23:36:29.294+0000] {logging_mixin.py:151} INFO - [2023-12-07T23:36:29.293+0000] {dagbag.py:536} INFO - Filling up the DagBag from /opt/airflow/dags/fitzgerald-great-gatsby.epub
[2023-12-07T23:36:29.298+0000] {processor.py:841} WARNING - No viable dags retrieved from /opt/airflow/dags/fitzgerald-great-gatsby.epub
[2023-12-07T23:36:29.329+0000] {processor.py:179} INFO - Processing /opt/airflow/dags/fitzgerald-great-gatsby.epub took 0.047 seconds
[2023-12-07T23:36:59.931+0000] {processor.py:157} INFO - Started process (PID=5052) to work on /opt/airflow/dags/fitzgerald-great-gatsby.epub
[2023-12-07T23:36:59.934+0000] {processor.py:829} INFO - Processing file /opt/airflow/dags/fitzgerald-great-gatsby.epub for tasks to queue
[2023-12-07T23:36:59.936+0000] {logging_mixin.py:151} INFO - [2023-12-07T23:36:59.935+0000] {dagbag.py:536} INFO - Filling up the DagBag from /opt/airflow/dags/fitzgerald-great-gatsby.epub
[2023-12-07T23:36:59.940+0000] {processor.py:841} WARNING - No viable dags retrieved from /opt/airflow/dags/fitzgerald-great-gatsby.epub
[2023-12-07T23:36:59.967+0000] {processor.py:179} INFO - Processing /opt/airflow/dags/fitzgerald-great-gatsby.epub took 0.043 seconds
[2023-12-07T23:37:30.577+0000] {processor.py:157} INFO - Started process (PID=5110) to work on /opt/airflow/dags/fitzgerald-great-gatsby.epub
[2023-12-07T23:37:30.579+0000] {processor.py:829} INFO - Processing file /opt/airflow/dags/fitzgerald-great-gatsby.epub for tasks to queue
[2023-12-07T23:37:30.581+0000] {logging_mixin.py:151} INFO - [2023-12-07T23:37:30.580+0000] {dagbag.py:536} INFO - Filling up the DagBag from /opt/airflow/dags/fitzgerald-great-gatsby.epub
[2023-12-07T23:37:30.585+0000] {processor.py:841} WARNING - No viable dags retrieved from /opt/airflow/dags/fitzgerald-great-gatsby.epub
[2023-12-07T23:37:30.607+0000] {processor.py:179} INFO - Processing /opt/airflow/dags/fitzgerald-great-gatsby.epub took 0.036 seconds
[2023-12-07T23:38:01.175+0000] {processor.py:157} INFO - Started process (PID=5168) to work on /opt/airflow/dags/fitzgerald-great-gatsby.epub
[2023-12-07T23:38:01.178+0000] {processor.py:829} INFO - Processing file /opt/airflow/dags/fitzgerald-great-gatsby.epub for tasks to queue
[2023-12-07T23:38:01.180+0000] {logging_mixin.py:151} INFO - [2023-12-07T23:38:01.180+0000] {dagbag.py:536} INFO - Filling up the DagBag from /opt/airflow/dags/fitzgerald-great-gatsby.epub
[2023-12-07T23:38:01.185+0000] {processor.py:841} WARNING - No viable dags retrieved from /opt/airflow/dags/fitzgerald-great-gatsby.epub
[2023-12-07T23:38:01.207+0000] {processor.py:179} INFO - Processing /opt/airflow/dags/fitzgerald-great-gatsby.epub took 0.039 seconds
[2023-12-07T23:38:31.815+0000] {processor.py:157} INFO - Started process (PID=5226) to work on /opt/airflow/dags/fitzgerald-great-gatsby.epub
[2023-12-07T23:38:31.819+0000] {processor.py:829} INFO - Processing file /opt/airflow/dags/fitzgerald-great-gatsby.epub for tasks to queue
[2023-12-07T23:38:31.822+0000] {logging_mixin.py:151} INFO - [2023-12-07T23:38:31.821+0000] {dagbag.py:536} INFO - Filling up the DagBag from /opt/airflow/dags/fitzgerald-great-gatsby.epub
[2023-12-07T23:38:31.830+0000] {processor.py:841} WARNING - No viable dags retrieved from /opt/airflow/dags/fitzgerald-great-gatsby.epub
[2023-12-07T23:38:31.853+0000] {processor.py:179} INFO - Processing /opt/airflow/dags/fitzgerald-great-gatsby.epub took 0.049 seconds
[2023-12-07T23:39:02.868+0000] {processor.py:157} INFO - Started process (PID=5284) to work on /opt/airflow/dags/fitzgerald-great-gatsby.epub
[2023-12-07T23:39:02.877+0000] {processor.py:829} INFO - Processing file /opt/airflow/dags/fitzgerald-great-gatsby.epub for tasks to queue
[2023-12-07T23:39:02.879+0000] {logging_mixin.py:151} INFO - [2023-12-07T23:39:02.878+0000] {dagbag.py:536} INFO - Filling up the DagBag from /opt/airflow/dags/fitzgerald-great-gatsby.epub
[2023-12-07T23:39:02.885+0000] {processor.py:841} WARNING - No viable dags retrieved from /opt/airflow/dags/fitzgerald-great-gatsby.epub
[2023-12-07T23:39:02.922+0000] {processor.py:179} INFO - Processing /opt/airflow/dags/fitzgerald-great-gatsby.epub took 0.060 seconds
[2023-12-07T23:39:33.546+0000] {processor.py:157} INFO - Started process (PID=5343) to work on /opt/airflow/dags/fitzgerald-great-gatsby.epub
[2023-12-07T23:39:33.550+0000] {processor.py:829} INFO - Processing file /opt/airflow/dags/fitzgerald-great-gatsby.epub for tasks to queue
[2023-12-07T23:39:33.552+0000] {logging_mixin.py:151} INFO - [2023-12-07T23:39:33.551+0000] {dagbag.py:536} INFO - Filling up the DagBag from /opt/airflow/dags/fitzgerald-great-gatsby.epub
[2023-12-07T23:39:33.557+0000] {processor.py:841} WARNING - No viable dags retrieved from /opt/airflow/dags/fitzgerald-great-gatsby.epub
[2023-12-07T23:39:33.585+0000] {processor.py:179} INFO - Processing /opt/airflow/dags/fitzgerald-great-gatsby.epub took 0.046 seconds
[2023-12-07T23:40:03.750+0000] {processor.py:157} INFO - Started process (PID=5402) to work on /opt/airflow/dags/fitzgerald-great-gatsby.epub
[2023-12-07T23:40:03.753+0000] {processor.py:829} INFO - Processing file /opt/airflow/dags/fitzgerald-great-gatsby.epub for tasks to queue
[2023-12-07T23:40:03.754+0000] {logging_mixin.py:151} INFO - [2023-12-07T23:40:03.754+0000] {dagbag.py:536} INFO - Filling up the DagBag from /opt/airflow/dags/fitzgerald-great-gatsby.epub
[2023-12-07T23:40:03.758+0000] {processor.py:841} WARNING - No viable dags retrieved from /opt/airflow/dags/fitzgerald-great-gatsby.epub
[2023-12-07T23:40:03.779+0000] {processor.py:179} INFO - Processing /opt/airflow/dags/fitzgerald-great-gatsby.epub took 0.034 seconds
[2023-12-07T23:40:34.155+0000] {processor.py:157} INFO - Started process (PID=5460) to work on /opt/airflow/dags/fitzgerald-great-gatsby.epub
[2023-12-07T23:40:34.158+0000] {processor.py:829} INFO - Processing file /opt/airflow/dags/fitzgerald-great-gatsby.epub for tasks to queue
[2023-12-07T23:40:34.160+0000] {logging_mixin.py:151} INFO - [2023-12-07T23:40:34.159+0000] {dagbag.py:536} INFO - Filling up the DagBag from /opt/airflow/dags/fitzgerald-great-gatsby.epub
[2023-12-07T23:40:34.164+0000] {processor.py:841} WARNING - No viable dags retrieved from /opt/airflow/dags/fitzgerald-great-gatsby.epub
[2023-12-07T23:40:34.184+0000] {processor.py:179} INFO - Processing /opt/airflow/dags/fitzgerald-great-gatsby.epub took 0.033 seconds
[2023-12-07T23:41:04.419+0000] {processor.py:157} INFO - Started process (PID=5518) to work on /opt/airflow/dags/fitzgerald-great-gatsby.epub
[2023-12-07T23:41:04.422+0000] {processor.py:829} INFO - Processing file /opt/airflow/dags/fitzgerald-great-gatsby.epub for tasks to queue
[2023-12-07T23:41:04.423+0000] {logging_mixin.py:151} INFO - [2023-12-07T23:41:04.423+0000] {dagbag.py:536} INFO - Filling up the DagBag from /opt/airflow/dags/fitzgerald-great-gatsby.epub
[2023-12-07T23:41:04.428+0000] {processor.py:841} WARNING - No viable dags retrieved from /opt/airflow/dags/fitzgerald-great-gatsby.epub
[2023-12-07T23:41:04.449+0000] {processor.py:179} INFO - Processing /opt/airflow/dags/fitzgerald-great-gatsby.epub took 0.036 seconds
[2023-12-07T23:41:34.689+0000] {processor.py:157} INFO - Started process (PID=5575) to work on /opt/airflow/dags/fitzgerald-great-gatsby.epub
[2023-12-07T23:41:34.692+0000] {processor.py:829} INFO - Processing file /opt/airflow/dags/fitzgerald-great-gatsby.epub for tasks to queue
[2023-12-07T23:41:34.694+0000] {logging_mixin.py:151} INFO - [2023-12-07T23:41:34.694+0000] {dagbag.py:536} INFO - Filling up the DagBag from /opt/airflow/dags/fitzgerald-great-gatsby.epub
[2023-12-07T23:41:34.700+0000] {processor.py:841} WARNING - No viable dags retrieved from /opt/airflow/dags/fitzgerald-great-gatsby.epub
[2023-12-07T23:41:34.727+0000] {processor.py:179} INFO - Processing /opt/airflow/dags/fitzgerald-great-gatsby.epub took 0.047 seconds
[2023-12-07T23:43:39.344+0000] {processor.py:157} INFO - Started process (PID=54) to work on /opt/airflow/dags/fitzgerald-great-gatsby.epub
[2023-12-07T23:43:39.346+0000] {processor.py:829} INFO - Processing file /opt/airflow/dags/fitzgerald-great-gatsby.epub for tasks to queue
[2023-12-07T23:43:39.351+0000] {logging_mixin.py:151} INFO - [2023-12-07T23:43:39.350+0000] {dagbag.py:536} INFO - Filling up the DagBag from /opt/airflow/dags/fitzgerald-great-gatsby.epub
[2023-12-07T23:43:39.362+0000] {processor.py:841} WARNING - No viable dags retrieved from /opt/airflow/dags/fitzgerald-great-gatsby.epub
[2023-12-07T23:43:39.404+0000] {processor.py:179} INFO - Processing /opt/airflow/dags/fitzgerald-great-gatsby.epub took 0.077 seconds
[2023-12-07T23:44:09.803+0000] {processor.py:157} INFO - Started process (PID=111) to work on /opt/airflow/dags/fitzgerald-great-gatsby.epub
[2023-12-07T23:44:09.806+0000] {processor.py:829} INFO - Processing file /opt/airflow/dags/fitzgerald-great-gatsby.epub for tasks to queue
[2023-12-07T23:44:09.819+0000] {logging_mixin.py:151} INFO - [2023-12-07T23:44:09.817+0000] {dagbag.py:536} INFO - Filling up the DagBag from /opt/airflow/dags/fitzgerald-great-gatsby.epub
[2023-12-07T23:44:09.829+0000] {processor.py:841} WARNING - No viable dags retrieved from /opt/airflow/dags/fitzgerald-great-gatsby.epub
[2023-12-07T23:44:09.857+0000] {processor.py:179} INFO - Processing /opt/airflow/dags/fitzgerald-great-gatsby.epub took 0.063 seconds
[2023-12-07T23:44:40.568+0000] {processor.py:157} INFO - Started process (PID=169) to work on /opt/airflow/dags/fitzgerald-great-gatsby.epub
[2023-12-07T23:44:40.570+0000] {processor.py:829} INFO - Processing file /opt/airflow/dags/fitzgerald-great-gatsby.epub for tasks to queue
[2023-12-07T23:44:40.576+0000] {logging_mixin.py:151} INFO - [2023-12-07T23:44:40.576+0000] {dagbag.py:536} INFO - Filling up the DagBag from /opt/airflow/dags/fitzgerald-great-gatsby.epub
[2023-12-07T23:44:40.581+0000] {processor.py:841} WARNING - No viable dags retrieved from /opt/airflow/dags/fitzgerald-great-gatsby.epub
[2023-12-07T23:44:40.602+0000] {processor.py:179} INFO - Processing /opt/airflow/dags/fitzgerald-great-gatsby.epub took 0.040 seconds
[2023-12-07T23:45:11.024+0000] {processor.py:157} INFO - Started process (PID=227) to work on /opt/airflow/dags/fitzgerald-great-gatsby.epub
[2023-12-07T23:45:11.026+0000] {processor.py:829} INFO - Processing file /opt/airflow/dags/fitzgerald-great-gatsby.epub for tasks to queue
[2023-12-07T23:45:11.033+0000] {logging_mixin.py:151} INFO - [2023-12-07T23:45:11.032+0000] {dagbag.py:536} INFO - Filling up the DagBag from /opt/airflow/dags/fitzgerald-great-gatsby.epub
[2023-12-07T23:45:11.039+0000] {processor.py:841} WARNING - No viable dags retrieved from /opt/airflow/dags/fitzgerald-great-gatsby.epub
[2023-12-07T23:45:11.077+0000] {processor.py:179} INFO - Processing /opt/airflow/dags/fitzgerald-great-gatsby.epub took 0.061 seconds
[2023-12-07T23:46:58.126+0000] {processor.py:157} INFO - Started process (PID=52) to work on /opt/airflow/dags/fitzgerald-great-gatsby.epub
[2023-12-07T23:46:58.131+0000] {processor.py:829} INFO - Processing file /opt/airflow/dags/fitzgerald-great-gatsby.epub for tasks to queue
[2023-12-07T23:46:58.146+0000] {logging_mixin.py:151} INFO - [2023-12-07T23:46:58.145+0000] {dagbag.py:536} INFO - Filling up the DagBag from /opt/airflow/dags/fitzgerald-great-gatsby.epub
[2023-12-07T23:46:58.150+0000] {processor.py:841} WARNING - No viable dags retrieved from /opt/airflow/dags/fitzgerald-great-gatsby.epub
[2023-12-07T23:46:58.207+0000] {processor.py:179} INFO - Processing /opt/airflow/dags/fitzgerald-great-gatsby.epub took 0.088 seconds
[2023-12-07T23:47:28.522+0000] {processor.py:157} INFO - Started process (PID=109) to work on /opt/airflow/dags/fitzgerald-great-gatsby.epub
[2023-12-07T23:47:28.524+0000] {processor.py:829} INFO - Processing file /opt/airflow/dags/fitzgerald-great-gatsby.epub for tasks to queue
[2023-12-07T23:47:28.534+0000] {logging_mixin.py:151} INFO - [2023-12-07T23:47:28.534+0000] {dagbag.py:536} INFO - Filling up the DagBag from /opt/airflow/dags/fitzgerald-great-gatsby.epub
[2023-12-07T23:47:28.540+0000] {processor.py:841} WARNING - No viable dags retrieved from /opt/airflow/dags/fitzgerald-great-gatsby.epub
[2023-12-07T23:47:28.566+0000] {processor.py:179} INFO - Processing /opt/airflow/dags/fitzgerald-great-gatsby.epub took 0.056 seconds
[2023-12-07T23:47:59.020+0000] {processor.py:157} INFO - Started process (PID=167) to work on /opt/airflow/dags/fitzgerald-great-gatsby.epub
[2023-12-07T23:47:59.022+0000] {processor.py:829} INFO - Processing file /opt/airflow/dags/fitzgerald-great-gatsby.epub for tasks to queue
[2023-12-07T23:47:59.030+0000] {logging_mixin.py:151} INFO - [2023-12-07T23:47:59.029+0000] {dagbag.py:536} INFO - Filling up the DagBag from /opt/airflow/dags/fitzgerald-great-gatsby.epub
[2023-12-07T23:47:59.036+0000] {processor.py:841} WARNING - No viable dags retrieved from /opt/airflow/dags/fitzgerald-great-gatsby.epub
[2023-12-07T23:47:59.079+0000] {processor.py:179} INFO - Processing /opt/airflow/dags/fitzgerald-great-gatsby.epub took 0.067 seconds
[2023-12-07T23:48:29.189+0000] {processor.py:157} INFO - Started process (PID=225) to work on /opt/airflow/dags/fitzgerald-great-gatsby.epub
[2023-12-07T23:48:29.192+0000] {processor.py:829} INFO - Processing file /opt/airflow/dags/fitzgerald-great-gatsby.epub for tasks to queue
[2023-12-07T23:48:29.210+0000] {logging_mixin.py:151} INFO - [2023-12-07T23:48:29.209+0000] {dagbag.py:536} INFO - Filling up the DagBag from /opt/airflow/dags/fitzgerald-great-gatsby.epub
[2023-12-07T23:48:29.219+0000] {processor.py:841} WARNING - No viable dags retrieved from /opt/airflow/dags/fitzgerald-great-gatsby.epub
[2023-12-07T23:48:29.253+0000] {processor.py:179} INFO - Processing /opt/airflow/dags/fitzgerald-great-gatsby.epub took 0.072 seconds
[2023-12-07T23:48:59.935+0000] {processor.py:157} INFO - Started process (PID=287) to work on /opt/airflow/dags/fitzgerald-great-gatsby.epub
[2023-12-07T23:48:59.938+0000] {processor.py:829} INFO - Processing file /opt/airflow/dags/fitzgerald-great-gatsby.epub for tasks to queue
[2023-12-07T23:48:59.945+0000] {logging_mixin.py:151} INFO - [2023-12-07T23:48:59.944+0000] {dagbag.py:536} INFO - Filling up the DagBag from /opt/airflow/dags/fitzgerald-great-gatsby.epub
[2023-12-07T23:48:59.950+0000] {processor.py:841} WARNING - No viable dags retrieved from /opt/airflow/dags/fitzgerald-great-gatsby.epub
[2023-12-07T23:48:59.980+0000] {processor.py:179} INFO - Processing /opt/airflow/dags/fitzgerald-great-gatsby.epub took 0.051 seconds
[2023-12-07T23:49:30.631+0000] {processor.py:157} INFO - Started process (PID=345) to work on /opt/airflow/dags/fitzgerald-great-gatsby.epub
[2023-12-07T23:49:30.634+0000] {processor.py:829} INFO - Processing file /opt/airflow/dags/fitzgerald-great-gatsby.epub for tasks to queue
[2023-12-07T23:49:30.642+0000] {logging_mixin.py:151} INFO - [2023-12-07T23:49:30.640+0000] {dagbag.py:536} INFO - Filling up the DagBag from /opt/airflow/dags/fitzgerald-great-gatsby.epub
[2023-12-07T23:49:30.655+0000] {processor.py:841} WARNING - No viable dags retrieved from /opt/airflow/dags/fitzgerald-great-gatsby.epub
[2023-12-07T23:49:30.683+0000] {processor.py:179} INFO - Processing /opt/airflow/dags/fitzgerald-great-gatsby.epub took 0.061 seconds
[2023-12-07T23:50:30.881+0000] {processor.py:157} INFO - Started process (PID=447) to work on /opt/airflow/dags/fitzgerald-great-gatsby.epub
[2023-12-07T23:50:30.885+0000] {processor.py:829} INFO - Processing file /opt/airflow/dags/fitzgerald-great-gatsby.epub for tasks to queue
[2023-12-07T23:50:30.888+0000] {logging_mixin.py:151} INFO - [2023-12-07T23:50:30.887+0000] {dagbag.py:536} INFO - Filling up the DagBag from /opt/airflow/dags/fitzgerald-great-gatsby.epub
[2023-12-07T23:50:30.897+0000] {processor.py:841} WARNING - No viable dags retrieved from /opt/airflow/dags/fitzgerald-great-gatsby.epub
[2023-12-07T23:50:30.928+0000] {processor.py:179} INFO - Processing /opt/airflow/dags/fitzgerald-great-gatsby.epub took 0.057 seconds
[2023-12-07T23:51:01.145+0000] {processor.py:157} INFO - Started process (PID=504) to work on /opt/airflow/dags/fitzgerald-great-gatsby.epub
[2023-12-07T23:51:01.148+0000] {processor.py:829} INFO - Processing file /opt/airflow/dags/fitzgerald-great-gatsby.epub for tasks to queue
[2023-12-07T23:51:01.151+0000] {logging_mixin.py:151} INFO - [2023-12-07T23:51:01.150+0000] {dagbag.py:536} INFO - Filling up the DagBag from /opt/airflow/dags/fitzgerald-great-gatsby.epub
[2023-12-07T23:51:01.156+0000] {processor.py:841} WARNING - No viable dags retrieved from /opt/airflow/dags/fitzgerald-great-gatsby.epub
[2023-12-07T23:51:01.205+0000] {processor.py:179} INFO - Processing /opt/airflow/dags/fitzgerald-great-gatsby.epub took 0.070 seconds
[2023-12-07T23:51:31.680+0000] {processor.py:157} INFO - Started process (PID=562) to work on /opt/airflow/dags/fitzgerald-great-gatsby.epub
[2023-12-07T23:51:31.683+0000] {processor.py:829} INFO - Processing file /opt/airflow/dags/fitzgerald-great-gatsby.epub for tasks to queue
[2023-12-07T23:51:31.686+0000] {logging_mixin.py:151} INFO - [2023-12-07T23:51:31.685+0000] {dagbag.py:536} INFO - Filling up the DagBag from /opt/airflow/dags/fitzgerald-great-gatsby.epub
[2023-12-07T23:51:31.691+0000] {processor.py:841} WARNING - No viable dags retrieved from /opt/airflow/dags/fitzgerald-great-gatsby.epub
[2023-12-07T23:51:31.746+0000] {processor.py:179} INFO - Processing /opt/airflow/dags/fitzgerald-great-gatsby.epub took 0.073 seconds
[2023-12-07T23:52:02.212+0000] {processor.py:157} INFO - Started process (PID=620) to work on /opt/airflow/dags/fitzgerald-great-gatsby.epub
[2023-12-07T23:52:02.216+0000] {processor.py:829} INFO - Processing file /opt/airflow/dags/fitzgerald-great-gatsby.epub for tasks to queue
[2023-12-07T23:52:02.222+0000] {logging_mixin.py:151} INFO - [2023-12-07T23:52:02.220+0000] {dagbag.py:536} INFO - Filling up the DagBag from /opt/airflow/dags/fitzgerald-great-gatsby.epub
[2023-12-07T23:52:02.234+0000] {processor.py:841} WARNING - No viable dags retrieved from /opt/airflow/dags/fitzgerald-great-gatsby.epub
[2023-12-07T23:52:02.272+0000] {processor.py:179} INFO - Processing /opt/airflow/dags/fitzgerald-great-gatsby.epub took 0.067 seconds
[2023-12-07T23:52:32.565+0000] {processor.py:157} INFO - Started process (PID=681) to work on /opt/airflow/dags/fitzgerald-great-gatsby.epub
[2023-12-07T23:52:32.568+0000] {processor.py:829} INFO - Processing file /opt/airflow/dags/fitzgerald-great-gatsby.epub for tasks to queue
[2023-12-07T23:52:32.570+0000] {logging_mixin.py:151} INFO - [2023-12-07T23:52:32.569+0000] {dagbag.py:536} INFO - Filling up the DagBag from /opt/airflow/dags/fitzgerald-great-gatsby.epub
[2023-12-07T23:52:32.575+0000] {processor.py:841} WARNING - No viable dags retrieved from /opt/airflow/dags/fitzgerald-great-gatsby.epub
[2023-12-07T23:52:32.605+0000] {processor.py:179} INFO - Processing /opt/airflow/dags/fitzgerald-great-gatsby.epub took 0.048 seconds
[2023-12-07T23:53:02.721+0000] {processor.py:157} INFO - Started process (PID=739) to work on /opt/airflow/dags/fitzgerald-great-gatsby.epub
[2023-12-07T23:53:02.725+0000] {processor.py:829} INFO - Processing file /opt/airflow/dags/fitzgerald-great-gatsby.epub for tasks to queue
[2023-12-07T23:53:02.728+0000] {logging_mixin.py:151} INFO - [2023-12-07T23:53:02.727+0000] {dagbag.py:536} INFO - Filling up the DagBag from /opt/airflow/dags/fitzgerald-great-gatsby.epub
[2023-12-07T23:53:02.733+0000] {processor.py:841} WARNING - No viable dags retrieved from /opt/airflow/dags/fitzgerald-great-gatsby.epub
[2023-12-07T23:53:02.765+0000] {processor.py:179} INFO - Processing /opt/airflow/dags/fitzgerald-great-gatsby.epub took 0.054 seconds
[2023-12-07T23:53:32.839+0000] {processor.py:157} INFO - Started process (PID=797) to work on /opt/airflow/dags/fitzgerald-great-gatsby.epub
[2023-12-07T23:53:32.841+0000] {processor.py:829} INFO - Processing file /opt/airflow/dags/fitzgerald-great-gatsby.epub for tasks to queue
[2023-12-07T23:53:32.843+0000] {logging_mixin.py:151} INFO - [2023-12-07T23:53:32.842+0000] {dagbag.py:536} INFO - Filling up the DagBag from /opt/airflow/dags/fitzgerald-great-gatsby.epub
[2023-12-07T23:53:32.847+0000] {processor.py:841} WARNING - No viable dags retrieved from /opt/airflow/dags/fitzgerald-great-gatsby.epub
[2023-12-07T23:53:32.872+0000] {processor.py:179} INFO - Processing /opt/airflow/dags/fitzgerald-great-gatsby.epub took 0.041 seconds
[2023-12-07T23:54:03.332+0000] {processor.py:157} INFO - Started process (PID=854) to work on /opt/airflow/dags/fitzgerald-great-gatsby.epub
[2023-12-07T23:54:03.335+0000] {processor.py:829} INFO - Processing file /opt/airflow/dags/fitzgerald-great-gatsby.epub for tasks to queue
[2023-12-07T23:54:03.337+0000] {logging_mixin.py:151} INFO - [2023-12-07T23:54:03.337+0000] {dagbag.py:536} INFO - Filling up the DagBag from /opt/airflow/dags/fitzgerald-great-gatsby.epub
[2023-12-07T23:54:03.343+0000] {processor.py:841} WARNING - No viable dags retrieved from /opt/airflow/dags/fitzgerald-great-gatsby.epub
[2023-12-07T23:54:03.370+0000] {processor.py:179} INFO - Processing /opt/airflow/dags/fitzgerald-great-gatsby.epub took 0.046 seconds
[2023-12-07T23:54:33.659+0000] {processor.py:157} INFO - Started process (PID=912) to work on /opt/airflow/dags/fitzgerald-great-gatsby.epub
[2023-12-07T23:54:33.662+0000] {processor.py:829} INFO - Processing file /opt/airflow/dags/fitzgerald-great-gatsby.epub for tasks to queue
[2023-12-07T23:54:33.664+0000] {logging_mixin.py:151} INFO - [2023-12-07T23:54:33.663+0000] {dagbag.py:536} INFO - Filling up the DagBag from /opt/airflow/dags/fitzgerald-great-gatsby.epub
[2023-12-07T23:54:33.669+0000] {processor.py:841} WARNING - No viable dags retrieved from /opt/airflow/dags/fitzgerald-great-gatsby.epub
[2023-12-07T23:54:33.694+0000] {processor.py:179} INFO - Processing /opt/airflow/dags/fitzgerald-great-gatsby.epub took 0.042 seconds
[2023-12-07T23:55:03.849+0000] {processor.py:157} INFO - Started process (PID=971) to work on /opt/airflow/dags/fitzgerald-great-gatsby.epub
[2023-12-07T23:55:03.852+0000] {processor.py:829} INFO - Processing file /opt/airflow/dags/fitzgerald-great-gatsby.epub for tasks to queue
[2023-12-07T23:55:03.855+0000] {logging_mixin.py:151} INFO - [2023-12-07T23:55:03.854+0000] {dagbag.py:536} INFO - Filling up the DagBag from /opt/airflow/dags/fitzgerald-great-gatsby.epub
[2023-12-07T23:55:03.860+0000] {processor.py:841} WARNING - No viable dags retrieved from /opt/airflow/dags/fitzgerald-great-gatsby.epub
[2023-12-07T23:55:03.897+0000] {processor.py:179} INFO - Processing /opt/airflow/dags/fitzgerald-great-gatsby.epub took 0.055 seconds
[2023-12-07T23:55:34.975+0000] {processor.py:157} INFO - Started process (PID=1029) to work on /opt/airflow/dags/fitzgerald-great-gatsby.epub
[2023-12-07T23:55:34.980+0000] {processor.py:829} INFO - Processing file /opt/airflow/dags/fitzgerald-great-gatsby.epub for tasks to queue
[2023-12-07T23:55:34.983+0000] {logging_mixin.py:151} INFO - [2023-12-07T23:55:34.982+0000] {dagbag.py:536} INFO - Filling up the DagBag from /opt/airflow/dags/fitzgerald-great-gatsby.epub
[2023-12-07T23:55:34.991+0000] {processor.py:841} WARNING - No viable dags retrieved from /opt/airflow/dags/fitzgerald-great-gatsby.epub
[2023-12-07T23:55:35.066+0000] {processor.py:179} INFO - Processing /opt/airflow/dags/fitzgerald-great-gatsby.epub took 0.098 seconds
[2023-12-07T23:56:05.956+0000] {processor.py:157} INFO - Started process (PID=1088) to work on /opt/airflow/dags/fitzgerald-great-gatsby.epub
[2023-12-07T23:56:05.961+0000] {processor.py:829} INFO - Processing file /opt/airflow/dags/fitzgerald-great-gatsby.epub for tasks to queue
[2023-12-07T23:56:05.964+0000] {logging_mixin.py:151} INFO - [2023-12-07T23:56:05.963+0000] {dagbag.py:536} INFO - Filling up the DagBag from /opt/airflow/dags/fitzgerald-great-gatsby.epub
[2023-12-07T23:56:05.971+0000] {processor.py:841} WARNING - No viable dags retrieved from /opt/airflow/dags/fitzgerald-great-gatsby.epub
[2023-12-07T23:56:06.033+0000] {processor.py:179} INFO - Processing /opt/airflow/dags/fitzgerald-great-gatsby.epub took 0.091 seconds
[2023-12-07T23:56:36.558+0000] {processor.py:157} INFO - Started process (PID=1147) to work on /opt/airflow/dags/fitzgerald-great-gatsby.epub
[2023-12-07T23:56:36.563+0000] {processor.py:829} INFO - Processing file /opt/airflow/dags/fitzgerald-great-gatsby.epub for tasks to queue
[2023-12-07T23:56:36.567+0000] {logging_mixin.py:151} INFO - [2023-12-07T23:56:36.566+0000] {dagbag.py:536} INFO - Filling up the DagBag from /opt/airflow/dags/fitzgerald-great-gatsby.epub
[2023-12-07T23:56:36.574+0000] {processor.py:841} WARNING - No viable dags retrieved from /opt/airflow/dags/fitzgerald-great-gatsby.epub
[2023-12-07T23:56:36.623+0000] {processor.py:179} INFO - Processing /opt/airflow/dags/fitzgerald-great-gatsby.epub took 0.080 seconds
[2023-12-07T23:57:07.025+0000] {processor.py:157} INFO - Started process (PID=1205) to work on /opt/airflow/dags/fitzgerald-great-gatsby.epub
[2023-12-07T23:57:07.029+0000] {processor.py:829} INFO - Processing file /opt/airflow/dags/fitzgerald-great-gatsby.epub for tasks to queue
[2023-12-07T23:57:07.031+0000] {logging_mixin.py:151} INFO - [2023-12-07T23:57:07.030+0000] {dagbag.py:536} INFO - Filling up the DagBag from /opt/airflow/dags/fitzgerald-great-gatsby.epub
[2023-12-07T23:57:07.038+0000] {processor.py:841} WARNING - No viable dags retrieved from /opt/airflow/dags/fitzgerald-great-gatsby.epub
[2023-12-07T23:57:07.099+0000] {processor.py:179} INFO - Processing /opt/airflow/dags/fitzgerald-great-gatsby.epub took 0.081 seconds
[2023-12-07T23:57:37.169+0000] {processor.py:157} INFO - Started process (PID=1263) to work on /opt/airflow/dags/fitzgerald-great-gatsby.epub
[2023-12-07T23:57:37.172+0000] {processor.py:829} INFO - Processing file /opt/airflow/dags/fitzgerald-great-gatsby.epub for tasks to queue
[2023-12-07T23:57:37.175+0000] {logging_mixin.py:151} INFO - [2023-12-07T23:57:37.174+0000] {dagbag.py:536} INFO - Filling up the DagBag from /opt/airflow/dags/fitzgerald-great-gatsby.epub
[2023-12-07T23:57:37.180+0000] {processor.py:841} WARNING - No viable dags retrieved from /opt/airflow/dags/fitzgerald-great-gatsby.epub
[2023-12-07T23:57:37.207+0000] {processor.py:179} INFO - Processing /opt/airflow/dags/fitzgerald-great-gatsby.epub took 0.046 seconds
[2023-12-07T23:58:07.614+0000] {processor.py:157} INFO - Started process (PID=1321) to work on /opt/airflow/dags/fitzgerald-great-gatsby.epub
[2023-12-07T23:58:07.617+0000] {processor.py:829} INFO - Processing file /opt/airflow/dags/fitzgerald-great-gatsby.epub for tasks to queue
[2023-12-07T23:58:07.619+0000] {logging_mixin.py:151} INFO - [2023-12-07T23:58:07.618+0000] {dagbag.py:536} INFO - Filling up the DagBag from /opt/airflow/dags/fitzgerald-great-gatsby.epub
[2023-12-07T23:58:07.623+0000] {processor.py:841} WARNING - No viable dags retrieved from /opt/airflow/dags/fitzgerald-great-gatsby.epub
[2023-12-07T23:58:07.644+0000] {processor.py:179} INFO - Processing /opt/airflow/dags/fitzgerald-great-gatsby.epub took 0.035 seconds
[2023-12-07T23:58:37.814+0000] {processor.py:157} INFO - Started process (PID=1379) to work on /opt/airflow/dags/fitzgerald-great-gatsby.epub
[2023-12-07T23:58:37.817+0000] {processor.py:829} INFO - Processing file /opt/airflow/dags/fitzgerald-great-gatsby.epub for tasks to queue
[2023-12-07T23:58:37.820+0000] {logging_mixin.py:151} INFO - [2023-12-07T23:58:37.819+0000] {dagbag.py:536} INFO - Filling up the DagBag from /opt/airflow/dags/fitzgerald-great-gatsby.epub
[2023-12-07T23:58:37.826+0000] {processor.py:841} WARNING - No viable dags retrieved from /opt/airflow/dags/fitzgerald-great-gatsby.epub
[2023-12-07T23:58:37.858+0000] {processor.py:179} INFO - Processing /opt/airflow/dags/fitzgerald-great-gatsby.epub took 0.052 seconds
[2023-12-07T23:59:07.989+0000] {processor.py:157} INFO - Started process (PID=1436) to work on /opt/airflow/dags/fitzgerald-great-gatsby.epub
[2023-12-07T23:59:07.990+0000] {processor.py:829} INFO - Processing file /opt/airflow/dags/fitzgerald-great-gatsby.epub for tasks to queue
[2023-12-07T23:59:07.992+0000] {logging_mixin.py:151} INFO - [2023-12-07T23:59:07.992+0000] {dagbag.py:536} INFO - Filling up the DagBag from /opt/airflow/dags/fitzgerald-great-gatsby.epub
[2023-12-07T23:59:07.997+0000] {processor.py:841} WARNING - No viable dags retrieved from /opt/airflow/dags/fitzgerald-great-gatsby.epub
[2023-12-07T23:59:08.031+0000] {processor.py:179} INFO - Processing /opt/airflow/dags/fitzgerald-great-gatsby.epub took 0.049 seconds
[2023-12-07T23:59:38.369+0000] {processor.py:157} INFO - Started process (PID=1494) to work on /opt/airflow/dags/fitzgerald-great-gatsby.epub
[2023-12-07T23:59:38.372+0000] {processor.py:829} INFO - Processing file /opt/airflow/dags/fitzgerald-great-gatsby.epub for tasks to queue
[2023-12-07T23:59:38.375+0000] {logging_mixin.py:151} INFO - [2023-12-07T23:59:38.374+0000] {dagbag.py:536} INFO - Filling up the DagBag from /opt/airflow/dags/fitzgerald-great-gatsby.epub
[2023-12-07T23:59:38.386+0000] {processor.py:841} WARNING - No viable dags retrieved from /opt/airflow/dags/fitzgerald-great-gatsby.epub
[2023-12-07T23:59:38.430+0000] {processor.py:179} INFO - Processing /opt/airflow/dags/fitzgerald-great-gatsby.epub took 0.071 seconds
