[2023-12-07T22:53:20.814+0000] {processor.py:157} INFO - Started process (PID=59) to work on /opt/airflow/dags/haggard-a-tale-of-three-lions.epub
[2023-12-07T22:53:20.817+0000] {processor.py:829} INFO - Processing file /opt/airflow/dags/haggard-a-tale-of-three-lions.epub for tasks to queue
[2023-12-07T22:53:20.821+0000] {logging_mixin.py:151} INFO - [2023-12-07T22:53:20.820+0000] {dagbag.py:536} INFO - Filling up the DagBag from /opt/airflow/dags/haggard-a-tale-of-three-lions.epub
[2023-12-07T22:53:20.825+0000] {processor.py:841} WARNING - No viable dags retrieved from /opt/airflow/dags/haggard-a-tale-of-three-lions.epub
[2023-12-07T22:53:20.879+0000] {processor.py:179} INFO - Processing /opt/airflow/dags/haggard-a-tale-of-three-lions.epub took 0.069 seconds
[2023-12-07T22:53:51.317+0000] {processor.py:157} INFO - Started process (PID=118) to work on /opt/airflow/dags/haggard-a-tale-of-three-lions.epub
[2023-12-07T22:53:51.319+0000] {processor.py:829} INFO - Processing file /opt/airflow/dags/haggard-a-tale-of-three-lions.epub for tasks to queue
[2023-12-07T22:53:51.322+0000] {logging_mixin.py:151} INFO - [2023-12-07T22:53:51.321+0000] {dagbag.py:536} INFO - Filling up the DagBag from /opt/airflow/dags/haggard-a-tale-of-three-lions.epub
[2023-12-07T22:53:51.325+0000] {processor.py:841} WARNING - No viable dags retrieved from /opt/airflow/dags/haggard-a-tale-of-three-lions.epub
[2023-12-07T22:53:51.343+0000] {processor.py:179} INFO - Processing /opt/airflow/dags/haggard-a-tale-of-three-lions.epub took 0.030 seconds
[2023-12-07T22:54:21.613+0000] {processor.py:157} INFO - Started process (PID=175) to work on /opt/airflow/dags/haggard-a-tale-of-three-lions.epub
[2023-12-07T22:54:21.615+0000] {processor.py:829} INFO - Processing file /opt/airflow/dags/haggard-a-tale-of-three-lions.epub for tasks to queue
[2023-12-07T22:54:21.616+0000] {logging_mixin.py:151} INFO - [2023-12-07T22:54:21.616+0000] {dagbag.py:536} INFO - Filling up the DagBag from /opt/airflow/dags/haggard-a-tale-of-three-lions.epub
[2023-12-07T22:54:21.619+0000] {processor.py:841} WARNING - No viable dags retrieved from /opt/airflow/dags/haggard-a-tale-of-three-lions.epub
[2023-12-07T22:54:21.639+0000] {processor.py:179} INFO - Processing /opt/airflow/dags/haggard-a-tale-of-three-lions.epub took 0.029 seconds
[2023-12-07T22:54:52.353+0000] {processor.py:157} INFO - Started process (PID=233) to work on /opt/airflow/dags/haggard-a-tale-of-three-lions.epub
[2023-12-07T22:54:52.356+0000] {processor.py:829} INFO - Processing file /opt/airflow/dags/haggard-a-tale-of-three-lions.epub for tasks to queue
[2023-12-07T22:54:52.358+0000] {logging_mixin.py:151} INFO - [2023-12-07T22:54:52.357+0000] {dagbag.py:536} INFO - Filling up the DagBag from /opt/airflow/dags/haggard-a-tale-of-three-lions.epub
[2023-12-07T22:54:52.362+0000] {processor.py:841} WARNING - No viable dags retrieved from /opt/airflow/dags/haggard-a-tale-of-three-lions.epub
[2023-12-07T22:54:52.384+0000] {processor.py:179} INFO - Processing /opt/airflow/dags/haggard-a-tale-of-three-lions.epub took 0.036 seconds
[2023-12-07T22:55:22.816+0000] {processor.py:157} INFO - Started process (PID=291) to work on /opt/airflow/dags/haggard-a-tale-of-three-lions.epub
[2023-12-07T22:55:22.818+0000] {processor.py:829} INFO - Processing file /opt/airflow/dags/haggard-a-tale-of-three-lions.epub for tasks to queue
[2023-12-07T22:55:22.822+0000] {logging_mixin.py:151} INFO - [2023-12-07T22:55:22.821+0000] {dagbag.py:536} INFO - Filling up the DagBag from /opt/airflow/dags/haggard-a-tale-of-three-lions.epub
[2023-12-07T22:55:22.826+0000] {processor.py:841} WARNING - No viable dags retrieved from /opt/airflow/dags/haggard-a-tale-of-three-lions.epub
[2023-12-07T22:55:22.849+0000] {processor.py:179} INFO - Processing /opt/airflow/dags/haggard-a-tale-of-three-lions.epub took 0.037 seconds
[2023-12-07T22:55:53.282+0000] {processor.py:157} INFO - Started process (PID=349) to work on /opt/airflow/dags/haggard-a-tale-of-three-lions.epub
[2023-12-07T22:55:53.284+0000] {processor.py:829} INFO - Processing file /opt/airflow/dags/haggard-a-tale-of-three-lions.epub for tasks to queue
[2023-12-07T22:55:53.287+0000] {logging_mixin.py:151} INFO - [2023-12-07T22:55:53.286+0000] {dagbag.py:536} INFO - Filling up the DagBag from /opt/airflow/dags/haggard-a-tale-of-three-lions.epub
[2023-12-07T22:55:53.291+0000] {processor.py:841} WARNING - No viable dags retrieved from /opt/airflow/dags/haggard-a-tale-of-three-lions.epub
[2023-12-07T22:55:53.315+0000] {processor.py:179} INFO - Processing /opt/airflow/dags/haggard-a-tale-of-three-lions.epub took 0.039 seconds
[2023-12-07T22:56:23.618+0000] {processor.py:157} INFO - Started process (PID=406) to work on /opt/airflow/dags/haggard-a-tale-of-three-lions.epub
[2023-12-07T22:56:23.620+0000] {processor.py:829} INFO - Processing file /opt/airflow/dags/haggard-a-tale-of-three-lions.epub for tasks to queue
[2023-12-07T22:56:23.622+0000] {logging_mixin.py:151} INFO - [2023-12-07T22:56:23.621+0000] {dagbag.py:536} INFO - Filling up the DagBag from /opt/airflow/dags/haggard-a-tale-of-three-lions.epub
[2023-12-07T22:56:23.626+0000] {processor.py:841} WARNING - No viable dags retrieved from /opt/airflow/dags/haggard-a-tale-of-three-lions.epub
[2023-12-07T22:56:23.649+0000] {processor.py:179} INFO - Processing /opt/airflow/dags/haggard-a-tale-of-three-lions.epub took 0.035 seconds
[2023-12-07T22:56:53.836+0000] {processor.py:157} INFO - Started process (PID=464) to work on /opt/airflow/dags/haggard-a-tale-of-three-lions.epub
[2023-12-07T22:56:53.839+0000] {processor.py:829} INFO - Processing file /opt/airflow/dags/haggard-a-tale-of-three-lions.epub for tasks to queue
[2023-12-07T22:56:53.841+0000] {logging_mixin.py:151} INFO - [2023-12-07T22:56:53.840+0000] {dagbag.py:536} INFO - Filling up the DagBag from /opt/airflow/dags/haggard-a-tale-of-three-lions.epub
[2023-12-07T22:56:53.847+0000] {processor.py:841} WARNING - No viable dags retrieved from /opt/airflow/dags/haggard-a-tale-of-three-lions.epub
[2023-12-07T22:56:53.868+0000] {processor.py:179} INFO - Processing /opt/airflow/dags/haggard-a-tale-of-three-lions.epub took 0.043 seconds
[2023-12-07T22:57:24.598+0000] {processor.py:157} INFO - Started process (PID=522) to work on /opt/airflow/dags/haggard-a-tale-of-three-lions.epub
[2023-12-07T22:57:24.600+0000] {processor.py:829} INFO - Processing file /opt/airflow/dags/haggard-a-tale-of-three-lions.epub for tasks to queue
[2023-12-07T22:57:24.602+0000] {logging_mixin.py:151} INFO - [2023-12-07T22:57:24.601+0000] {dagbag.py:536} INFO - Filling up the DagBag from /opt/airflow/dags/haggard-a-tale-of-three-lions.epub
[2023-12-07T22:57:24.606+0000] {processor.py:841} WARNING - No viable dags retrieved from /opt/airflow/dags/haggard-a-tale-of-three-lions.epub
[2023-12-07T22:57:24.632+0000] {processor.py:179} INFO - Processing /opt/airflow/dags/haggard-a-tale-of-three-lions.epub took 0.038 seconds
[2023-12-07T22:57:55.003+0000] {processor.py:157} INFO - Started process (PID=580) to work on /opt/airflow/dags/haggard-a-tale-of-three-lions.epub
[2023-12-07T22:57:55.005+0000] {processor.py:829} INFO - Processing file /opt/airflow/dags/haggard-a-tale-of-three-lions.epub for tasks to queue
[2023-12-07T22:57:55.007+0000] {logging_mixin.py:151} INFO - [2023-12-07T22:57:55.006+0000] {dagbag.py:536} INFO - Filling up the DagBag from /opt/airflow/dags/haggard-a-tale-of-three-lions.epub
[2023-12-07T22:57:55.011+0000] {processor.py:841} WARNING - No viable dags retrieved from /opt/airflow/dags/haggard-a-tale-of-three-lions.epub
[2023-12-07T22:57:55.030+0000] {processor.py:179} INFO - Processing /opt/airflow/dags/haggard-a-tale-of-three-lions.epub took 0.034 seconds
[2023-12-07T22:58:25.113+0000] {processor.py:157} INFO - Started process (PID=638) to work on /opt/airflow/dags/haggard-a-tale-of-three-lions.epub
[2023-12-07T22:58:25.116+0000] {processor.py:829} INFO - Processing file /opt/airflow/dags/haggard-a-tale-of-three-lions.epub for tasks to queue
[2023-12-07T22:58:25.118+0000] {logging_mixin.py:151} INFO - [2023-12-07T22:58:25.117+0000] {dagbag.py:536} INFO - Filling up the DagBag from /opt/airflow/dags/haggard-a-tale-of-three-lions.epub
[2023-12-07T22:58:25.122+0000] {processor.py:841} WARNING - No viable dags retrieved from /opt/airflow/dags/haggard-a-tale-of-three-lions.epub
[2023-12-07T22:58:25.141+0000] {processor.py:179} INFO - Processing /opt/airflow/dags/haggard-a-tale-of-three-lions.epub took 0.032 seconds
[2023-12-07T22:58:55.507+0000] {processor.py:157} INFO - Started process (PID=696) to work on /opt/airflow/dags/haggard-a-tale-of-three-lions.epub
[2023-12-07T22:58:55.509+0000] {processor.py:829} INFO - Processing file /opt/airflow/dags/haggard-a-tale-of-three-lions.epub for tasks to queue
[2023-12-07T22:58:55.510+0000] {logging_mixin.py:151} INFO - [2023-12-07T22:58:55.510+0000] {dagbag.py:536} INFO - Filling up the DagBag from /opt/airflow/dags/haggard-a-tale-of-three-lions.epub
[2023-12-07T22:58:55.515+0000] {processor.py:841} WARNING - No viable dags retrieved from /opt/airflow/dags/haggard-a-tale-of-three-lions.epub
[2023-12-07T22:58:55.535+0000] {processor.py:179} INFO - Processing /opt/airflow/dags/haggard-a-tale-of-three-lions.epub took 0.031 seconds
[2023-12-07T22:59:26.222+0000] {processor.py:157} INFO - Started process (PID=754) to work on /opt/airflow/dags/haggard-a-tale-of-three-lions.epub
[2023-12-07T22:59:26.225+0000] {processor.py:829} INFO - Processing file /opt/airflow/dags/haggard-a-tale-of-three-lions.epub for tasks to queue
[2023-12-07T22:59:26.227+0000] {logging_mixin.py:151} INFO - [2023-12-07T22:59:26.226+0000] {dagbag.py:536} INFO - Filling up the DagBag from /opt/airflow/dags/haggard-a-tale-of-three-lions.epub
[2023-12-07T22:59:26.232+0000] {processor.py:841} WARNING - No viable dags retrieved from /opt/airflow/dags/haggard-a-tale-of-three-lions.epub
[2023-12-07T22:59:26.258+0000] {processor.py:179} INFO - Processing /opt/airflow/dags/haggard-a-tale-of-three-lions.epub took 0.041 seconds
[2023-12-07T22:59:56.657+0000] {processor.py:157} INFO - Started process (PID=811) to work on /opt/airflow/dags/haggard-a-tale-of-three-lions.epub
[2023-12-07T22:59:56.659+0000] {processor.py:829} INFO - Processing file /opt/airflow/dags/haggard-a-tale-of-three-lions.epub for tasks to queue
[2023-12-07T22:59:56.662+0000] {logging_mixin.py:151} INFO - [2023-12-07T22:59:56.661+0000] {dagbag.py:536} INFO - Filling up the DagBag from /opt/airflow/dags/haggard-a-tale-of-three-lions.epub
[2023-12-07T22:59:56.667+0000] {processor.py:841} WARNING - No viable dags retrieved from /opt/airflow/dags/haggard-a-tale-of-three-lions.epub
[2023-12-07T22:59:56.695+0000] {processor.py:179} INFO - Processing /opt/airflow/dags/haggard-a-tale-of-three-lions.epub took 0.044 seconds
[2023-12-07T23:00:27.284+0000] {processor.py:157} INFO - Started process (PID=869) to work on /opt/airflow/dags/haggard-a-tale-of-three-lions.epub
[2023-12-07T23:00:27.286+0000] {processor.py:829} INFO - Processing file /opt/airflow/dags/haggard-a-tale-of-three-lions.epub for tasks to queue
[2023-12-07T23:00:27.288+0000] {logging_mixin.py:151} INFO - [2023-12-07T23:00:27.288+0000] {dagbag.py:536} INFO - Filling up the DagBag from /opt/airflow/dags/haggard-a-tale-of-three-lions.epub
[2023-12-07T23:00:27.294+0000] {processor.py:841} WARNING - No viable dags retrieved from /opt/airflow/dags/haggard-a-tale-of-three-lions.epub
[2023-12-07T23:00:27.320+0000] {processor.py:179} INFO - Processing /opt/airflow/dags/haggard-a-tale-of-three-lions.epub took 0.043 seconds
[2023-12-07T23:00:57.987+0000] {processor.py:157} INFO - Started process (PID=926) to work on /opt/airflow/dags/haggard-a-tale-of-three-lions.epub
[2023-12-07T23:00:57.989+0000] {processor.py:829} INFO - Processing file /opt/airflow/dags/haggard-a-tale-of-three-lions.epub for tasks to queue
[2023-12-07T23:00:57.990+0000] {logging_mixin.py:151} INFO - [2023-12-07T23:00:57.990+0000] {dagbag.py:536} INFO - Filling up the DagBag from /opt/airflow/dags/haggard-a-tale-of-three-lions.epub
[2023-12-07T23:00:57.995+0000] {processor.py:841} WARNING - No viable dags retrieved from /opt/airflow/dags/haggard-a-tale-of-three-lions.epub
[2023-12-07T23:00:58.018+0000] {processor.py:179} INFO - Processing /opt/airflow/dags/haggard-a-tale-of-three-lions.epub took 0.036 seconds
[2023-12-07T23:01:28.248+0000] {processor.py:157} INFO - Started process (PID=984) to work on /opt/airflow/dags/haggard-a-tale-of-three-lions.epub
[2023-12-07T23:01:28.252+0000] {processor.py:829} INFO - Processing file /opt/airflow/dags/haggard-a-tale-of-three-lions.epub for tasks to queue
[2023-12-07T23:01:28.259+0000] {logging_mixin.py:151} INFO - [2023-12-07T23:01:28.257+0000] {dagbag.py:536} INFO - Filling up the DagBag from /opt/airflow/dags/haggard-a-tale-of-three-lions.epub
[2023-12-07T23:01:28.277+0000] {processor.py:841} WARNING - No viable dags retrieved from /opt/airflow/dags/haggard-a-tale-of-three-lions.epub
[2023-12-07T23:01:28.314+0000] {processor.py:179} INFO - Processing /opt/airflow/dags/haggard-a-tale-of-three-lions.epub took 0.072 seconds
[2023-12-07T23:01:58.652+0000] {processor.py:157} INFO - Started process (PID=1042) to work on /opt/airflow/dags/haggard-a-tale-of-three-lions.epub
[2023-12-07T23:01:58.656+0000] {processor.py:829} INFO - Processing file /opt/airflow/dags/haggard-a-tale-of-three-lions.epub for tasks to queue
[2023-12-07T23:01:58.658+0000] {logging_mixin.py:151} INFO - [2023-12-07T23:01:58.657+0000] {dagbag.py:536} INFO - Filling up the DagBag from /opt/airflow/dags/haggard-a-tale-of-three-lions.epub
[2023-12-07T23:01:58.664+0000] {processor.py:841} WARNING - No viable dags retrieved from /opt/airflow/dags/haggard-a-tale-of-three-lions.epub
[2023-12-07T23:01:58.690+0000] {processor.py:179} INFO - Processing /opt/airflow/dags/haggard-a-tale-of-three-lions.epub took 0.048 seconds
[2023-12-07T23:02:28.781+0000] {processor.py:157} INFO - Started process (PID=1100) to work on /opt/airflow/dags/haggard-a-tale-of-three-lions.epub
[2023-12-07T23:02:28.785+0000] {processor.py:829} INFO - Processing file /opt/airflow/dags/haggard-a-tale-of-three-lions.epub for tasks to queue
[2023-12-07T23:02:28.788+0000] {logging_mixin.py:151} INFO - [2023-12-07T23:02:28.787+0000] {dagbag.py:536} INFO - Filling up the DagBag from /opt/airflow/dags/haggard-a-tale-of-three-lions.epub
[2023-12-07T23:02:28.794+0000] {processor.py:841} WARNING - No viable dags retrieved from /opt/airflow/dags/haggard-a-tale-of-three-lions.epub
[2023-12-07T23:02:28.827+0000] {processor.py:179} INFO - Processing /opt/airflow/dags/haggard-a-tale-of-three-lions.epub took 0.056 seconds
[2023-12-07T23:02:58.987+0000] {processor.py:157} INFO - Started process (PID=1158) to work on /opt/airflow/dags/haggard-a-tale-of-three-lions.epub
[2023-12-07T23:02:58.989+0000] {processor.py:829} INFO - Processing file /opt/airflow/dags/haggard-a-tale-of-three-lions.epub for tasks to queue
[2023-12-07T23:02:58.991+0000] {logging_mixin.py:151} INFO - [2023-12-07T23:02:58.990+0000] {dagbag.py:536} INFO - Filling up the DagBag from /opt/airflow/dags/haggard-a-tale-of-three-lions.epub
[2023-12-07T23:02:58.994+0000] {processor.py:841} WARNING - No viable dags retrieved from /opt/airflow/dags/haggard-a-tale-of-three-lions.epub
[2023-12-07T23:02:59.015+0000] {processor.py:179} INFO - Processing /opt/airflow/dags/haggard-a-tale-of-three-lions.epub took 0.032 seconds
[2023-12-07T23:03:29.930+0000] {processor.py:157} INFO - Started process (PID=1215) to work on /opt/airflow/dags/haggard-a-tale-of-three-lions.epub
[2023-12-07T23:03:29.933+0000] {processor.py:829} INFO - Processing file /opt/airflow/dags/haggard-a-tale-of-three-lions.epub for tasks to queue
[2023-12-07T23:03:29.935+0000] {logging_mixin.py:151} INFO - [2023-12-07T23:03:29.934+0000] {dagbag.py:536} INFO - Filling up the DagBag from /opt/airflow/dags/haggard-a-tale-of-three-lions.epub
[2023-12-07T23:03:29.939+0000] {processor.py:841} WARNING - No viable dags retrieved from /opt/airflow/dags/haggard-a-tale-of-three-lions.epub
[2023-12-07T23:03:29.960+0000] {processor.py:179} INFO - Processing /opt/airflow/dags/haggard-a-tale-of-three-lions.epub took 0.034 seconds
[2023-12-07T23:04:00.647+0000] {processor.py:157} INFO - Started process (PID=1274) to work on /opt/airflow/dags/haggard-a-tale-of-three-lions.epub
[2023-12-07T23:04:00.650+0000] {processor.py:829} INFO - Processing file /opt/airflow/dags/haggard-a-tale-of-three-lions.epub for tasks to queue
[2023-12-07T23:04:00.655+0000] {logging_mixin.py:151} INFO - [2023-12-07T23:04:00.654+0000] {dagbag.py:536} INFO - Filling up the DagBag from /opt/airflow/dags/haggard-a-tale-of-three-lions.epub
[2023-12-07T23:04:00.664+0000] {processor.py:841} WARNING - No viable dags retrieved from /opt/airflow/dags/haggard-a-tale-of-three-lions.epub
[2023-12-07T23:04:00.705+0000] {processor.py:179} INFO - Processing /opt/airflow/dags/haggard-a-tale-of-three-lions.epub took 0.062 seconds
[2023-12-07T23:04:31.134+0000] {processor.py:157} INFO - Started process (PID=1332) to work on /opt/airflow/dags/haggard-a-tale-of-three-lions.epub
[2023-12-07T23:04:31.136+0000] {processor.py:829} INFO - Processing file /opt/airflow/dags/haggard-a-tale-of-three-lions.epub for tasks to queue
[2023-12-07T23:04:31.137+0000] {logging_mixin.py:151} INFO - [2023-12-07T23:04:31.137+0000] {dagbag.py:536} INFO - Filling up the DagBag from /opt/airflow/dags/haggard-a-tale-of-three-lions.epub
[2023-12-07T23:04:31.141+0000] {processor.py:841} WARNING - No viable dags retrieved from /opt/airflow/dags/haggard-a-tale-of-three-lions.epub
[2023-12-07T23:04:31.162+0000] {processor.py:179} INFO - Processing /opt/airflow/dags/haggard-a-tale-of-three-lions.epub took 0.032 seconds
[2023-12-07T23:05:01.498+0000] {processor.py:157} INFO - Started process (PID=1390) to work on /opt/airflow/dags/haggard-a-tale-of-three-lions.epub
[2023-12-07T23:05:01.499+0000] {processor.py:829} INFO - Processing file /opt/airflow/dags/haggard-a-tale-of-three-lions.epub for tasks to queue
[2023-12-07T23:05:01.501+0000] {logging_mixin.py:151} INFO - [2023-12-07T23:05:01.501+0000] {dagbag.py:536} INFO - Filling up the DagBag from /opt/airflow/dags/haggard-a-tale-of-three-lions.epub
[2023-12-07T23:05:01.504+0000] {processor.py:841} WARNING - No viable dags retrieved from /opt/airflow/dags/haggard-a-tale-of-three-lions.epub
[2023-12-07T23:05:01.524+0000] {processor.py:179} INFO - Processing /opt/airflow/dags/haggard-a-tale-of-three-lions.epub took 0.031 seconds
[2023-12-07T23:05:31.986+0000] {processor.py:157} INFO - Started process (PID=1446) to work on /opt/airflow/dags/haggard-a-tale-of-three-lions.epub
[2023-12-07T23:05:31.989+0000] {processor.py:829} INFO - Processing file /opt/airflow/dags/haggard-a-tale-of-three-lions.epub for tasks to queue
[2023-12-07T23:05:31.990+0000] {logging_mixin.py:151} INFO - [2023-12-07T23:05:31.990+0000] {dagbag.py:536} INFO - Filling up the DagBag from /opt/airflow/dags/haggard-a-tale-of-three-lions.epub
[2023-12-07T23:05:31.995+0000] {processor.py:841} WARNING - No viable dags retrieved from /opt/airflow/dags/haggard-a-tale-of-three-lions.epub
[2023-12-07T23:05:32.014+0000] {processor.py:179} INFO - Processing /opt/airflow/dags/haggard-a-tale-of-three-lions.epub took 0.031 seconds
[2023-12-07T23:06:02.101+0000] {processor.py:157} INFO - Started process (PID=1505) to work on /opt/airflow/dags/haggard-a-tale-of-three-lions.epub
[2023-12-07T23:06:02.102+0000] {processor.py:829} INFO - Processing file /opt/airflow/dags/haggard-a-tale-of-three-lions.epub for tasks to queue
[2023-12-07T23:06:02.104+0000] {logging_mixin.py:151} INFO - [2023-12-07T23:06:02.103+0000] {dagbag.py:536} INFO - Filling up the DagBag from /opt/airflow/dags/haggard-a-tale-of-three-lions.epub
[2023-12-07T23:06:02.107+0000] {processor.py:841} WARNING - No viable dags retrieved from /opt/airflow/dags/haggard-a-tale-of-three-lions.epub
[2023-12-07T23:06:02.123+0000] {processor.py:179} INFO - Processing /opt/airflow/dags/haggard-a-tale-of-three-lions.epub took 0.026 seconds
[2023-12-07T23:06:32.218+0000] {processor.py:157} INFO - Started process (PID=1563) to work on /opt/airflow/dags/haggard-a-tale-of-three-lions.epub
[2023-12-07T23:06:32.220+0000] {processor.py:829} INFO - Processing file /opt/airflow/dags/haggard-a-tale-of-three-lions.epub for tasks to queue
[2023-12-07T23:06:32.221+0000] {logging_mixin.py:151} INFO - [2023-12-07T23:06:32.221+0000] {dagbag.py:536} INFO - Filling up the DagBag from /opt/airflow/dags/haggard-a-tale-of-three-lions.epub
[2023-12-07T23:06:32.226+0000] {processor.py:841} WARNING - No viable dags retrieved from /opt/airflow/dags/haggard-a-tale-of-three-lions.epub
[2023-12-07T23:06:32.243+0000] {processor.py:179} INFO - Processing /opt/airflow/dags/haggard-a-tale-of-three-lions.epub took 0.030 seconds
[2023-12-07T23:07:02.809+0000] {processor.py:157} INFO - Started process (PID=1621) to work on /opt/airflow/dags/haggard-a-tale-of-three-lions.epub
[2023-12-07T23:07:02.812+0000] {processor.py:829} INFO - Processing file /opt/airflow/dags/haggard-a-tale-of-three-lions.epub for tasks to queue
[2023-12-07T23:07:02.813+0000] {logging_mixin.py:151} INFO - [2023-12-07T23:07:02.813+0000] {dagbag.py:536} INFO - Filling up the DagBag from /opt/airflow/dags/haggard-a-tale-of-three-lions.epub
[2023-12-07T23:07:02.819+0000] {processor.py:841} WARNING - No viable dags retrieved from /opt/airflow/dags/haggard-a-tale-of-three-lions.epub
[2023-12-07T23:07:02.839+0000] {processor.py:179} INFO - Processing /opt/airflow/dags/haggard-a-tale-of-three-lions.epub took 0.033 seconds
[2023-12-07T23:07:33.608+0000] {processor.py:157} INFO - Started process (PID=1679) to work on /opt/airflow/dags/haggard-a-tale-of-three-lions.epub
[2023-12-07T23:07:33.609+0000] {processor.py:829} INFO - Processing file /opt/airflow/dags/haggard-a-tale-of-three-lions.epub for tasks to queue
[2023-12-07T23:07:33.611+0000] {logging_mixin.py:151} INFO - [2023-12-07T23:07:33.610+0000] {dagbag.py:536} INFO - Filling up the DagBag from /opt/airflow/dags/haggard-a-tale-of-three-lions.epub
[2023-12-07T23:07:33.614+0000] {processor.py:841} WARNING - No viable dags retrieved from /opt/airflow/dags/haggard-a-tale-of-three-lions.epub
[2023-12-07T23:07:33.633+0000] {processor.py:179} INFO - Processing /opt/airflow/dags/haggard-a-tale-of-three-lions.epub took 0.029 seconds
[2023-12-07T23:08:03.957+0000] {processor.py:157} INFO - Started process (PID=1737) to work on /opt/airflow/dags/haggard-a-tale-of-three-lions.epub
[2023-12-07T23:08:03.958+0000] {processor.py:829} INFO - Processing file /opt/airflow/dags/haggard-a-tale-of-three-lions.epub for tasks to queue
[2023-12-07T23:08:03.960+0000] {logging_mixin.py:151} INFO - [2023-12-07T23:08:03.959+0000] {dagbag.py:536} INFO - Filling up the DagBag from /opt/airflow/dags/haggard-a-tale-of-three-lions.epub
[2023-12-07T23:08:03.963+0000] {processor.py:841} WARNING - No viable dags retrieved from /opt/airflow/dags/haggard-a-tale-of-three-lions.epub
[2023-12-07T23:08:03.981+0000] {processor.py:179} INFO - Processing /opt/airflow/dags/haggard-a-tale-of-three-lions.epub took 0.028 seconds
[2023-12-07T23:08:34.099+0000] {processor.py:157} INFO - Started process (PID=1794) to work on /opt/airflow/dags/haggard-a-tale-of-three-lions.epub
[2023-12-07T23:08:34.101+0000] {processor.py:829} INFO - Processing file /opt/airflow/dags/haggard-a-tale-of-three-lions.epub for tasks to queue
[2023-12-07T23:08:34.102+0000] {logging_mixin.py:151} INFO - [2023-12-07T23:08:34.102+0000] {dagbag.py:536} INFO - Filling up the DagBag from /opt/airflow/dags/haggard-a-tale-of-three-lions.epub
[2023-12-07T23:08:34.105+0000] {processor.py:841} WARNING - No viable dags retrieved from /opt/airflow/dags/haggard-a-tale-of-three-lions.epub
[2023-12-07T23:08:34.123+0000] {processor.py:179} INFO - Processing /opt/airflow/dags/haggard-a-tale-of-three-lions.epub took 0.028 seconds
[2023-12-07T23:09:04.897+0000] {processor.py:157} INFO - Started process (PID=1852) to work on /opt/airflow/dags/haggard-a-tale-of-three-lions.epub
[2023-12-07T23:09:04.898+0000] {processor.py:829} INFO - Processing file /opt/airflow/dags/haggard-a-tale-of-three-lions.epub for tasks to queue
[2023-12-07T23:09:04.900+0000] {logging_mixin.py:151} INFO - [2023-12-07T23:09:04.899+0000] {dagbag.py:536} INFO - Filling up the DagBag from /opt/airflow/dags/haggard-a-tale-of-three-lions.epub
[2023-12-07T23:09:04.903+0000] {processor.py:841} WARNING - No viable dags retrieved from /opt/airflow/dags/haggard-a-tale-of-three-lions.epub
[2023-12-07T23:09:04.921+0000] {processor.py:179} INFO - Processing /opt/airflow/dags/haggard-a-tale-of-three-lions.epub took 0.028 seconds
[2023-12-07T23:09:35.294+0000] {processor.py:157} INFO - Started process (PID=1910) to work on /opt/airflow/dags/haggard-a-tale-of-three-lions.epub
[2023-12-07T23:09:35.296+0000] {processor.py:829} INFO - Processing file /opt/airflow/dags/haggard-a-tale-of-three-lions.epub for tasks to queue
[2023-12-07T23:09:35.298+0000] {logging_mixin.py:151} INFO - [2023-12-07T23:09:35.297+0000] {dagbag.py:536} INFO - Filling up the DagBag from /opt/airflow/dags/haggard-a-tale-of-three-lions.epub
[2023-12-07T23:09:35.302+0000] {processor.py:841} WARNING - No viable dags retrieved from /opt/airflow/dags/haggard-a-tale-of-three-lions.epub
[2023-12-07T23:09:35.323+0000] {processor.py:179} INFO - Processing /opt/airflow/dags/haggard-a-tale-of-three-lions.epub took 0.033 seconds
[2023-12-07T23:10:06.098+0000] {processor.py:157} INFO - Started process (PID=1968) to work on /opt/airflow/dags/haggard-a-tale-of-three-lions.epub
[2023-12-07T23:10:06.099+0000] {processor.py:829} INFO - Processing file /opt/airflow/dags/haggard-a-tale-of-three-lions.epub for tasks to queue
[2023-12-07T23:10:06.101+0000] {logging_mixin.py:151} INFO - [2023-12-07T23:10:06.100+0000] {dagbag.py:536} INFO - Filling up the DagBag from /opt/airflow/dags/haggard-a-tale-of-three-lions.epub
[2023-12-07T23:10:06.104+0000] {processor.py:841} WARNING - No viable dags retrieved from /opt/airflow/dags/haggard-a-tale-of-three-lions.epub
[2023-12-07T23:10:06.122+0000] {processor.py:179} INFO - Processing /opt/airflow/dags/haggard-a-tale-of-three-lions.epub took 0.028 seconds
[2023-12-07T23:10:36.823+0000] {processor.py:157} INFO - Started process (PID=2026) to work on /opt/airflow/dags/haggard-a-tale-of-three-lions.epub
[2023-12-07T23:10:36.825+0000] {processor.py:829} INFO - Processing file /opt/airflow/dags/haggard-a-tale-of-three-lions.epub for tasks to queue
[2023-12-07T23:10:36.827+0000] {logging_mixin.py:151} INFO - [2023-12-07T23:10:36.826+0000] {dagbag.py:536} INFO - Filling up the DagBag from /opt/airflow/dags/haggard-a-tale-of-three-lions.epub
[2023-12-07T23:10:36.830+0000] {processor.py:841} WARNING - No viable dags retrieved from /opt/airflow/dags/haggard-a-tale-of-three-lions.epub
[2023-12-07T23:10:36.850+0000] {processor.py:179} INFO - Processing /opt/airflow/dags/haggard-a-tale-of-three-lions.epub took 0.030 seconds
[2023-12-07T23:11:07.150+0000] {processor.py:157} INFO - Started process (PID=2085) to work on /opt/airflow/dags/haggard-a-tale-of-three-lions.epub
[2023-12-07T23:11:07.152+0000] {processor.py:829} INFO - Processing file /opt/airflow/dags/haggard-a-tale-of-three-lions.epub for tasks to queue
[2023-12-07T23:11:07.154+0000] {logging_mixin.py:151} INFO - [2023-12-07T23:11:07.153+0000] {dagbag.py:536} INFO - Filling up the DagBag from /opt/airflow/dags/haggard-a-tale-of-three-lions.epub
[2023-12-07T23:11:07.158+0000] {processor.py:841} WARNING - No viable dags retrieved from /opt/airflow/dags/haggard-a-tale-of-three-lions.epub
[2023-12-07T23:11:07.180+0000] {processor.py:179} INFO - Processing /opt/airflow/dags/haggard-a-tale-of-three-lions.epub took 0.036 seconds
[2023-12-07T23:11:37.380+0000] {processor.py:157} INFO - Started process (PID=2145) to work on /opt/airflow/dags/haggard-a-tale-of-three-lions.epub
[2023-12-07T23:11:37.381+0000] {processor.py:829} INFO - Processing file /opt/airflow/dags/haggard-a-tale-of-three-lions.epub for tasks to queue
[2023-12-07T23:11:37.383+0000] {logging_mixin.py:151} INFO - [2023-12-07T23:11:37.382+0000] {dagbag.py:536} INFO - Filling up the DagBag from /opt/airflow/dags/haggard-a-tale-of-three-lions.epub
[2023-12-07T23:11:37.386+0000] {processor.py:841} WARNING - No viable dags retrieved from /opt/airflow/dags/haggard-a-tale-of-three-lions.epub
[2023-12-07T23:11:37.406+0000] {processor.py:179} INFO - Processing /opt/airflow/dags/haggard-a-tale-of-three-lions.epub took 0.031 seconds
[2023-12-07T23:12:07.602+0000] {processor.py:157} INFO - Started process (PID=2203) to work on /opt/airflow/dags/haggard-a-tale-of-three-lions.epub
[2023-12-07T23:12:07.604+0000] {processor.py:829} INFO - Processing file /opt/airflow/dags/haggard-a-tale-of-three-lions.epub for tasks to queue
[2023-12-07T23:12:07.606+0000] {logging_mixin.py:151} INFO - [2023-12-07T23:12:07.606+0000] {dagbag.py:536} INFO - Filling up the DagBag from /opt/airflow/dags/haggard-a-tale-of-three-lions.epub
[2023-12-07T23:12:07.610+0000] {processor.py:841} WARNING - No viable dags retrieved from /opt/airflow/dags/haggard-a-tale-of-three-lions.epub
[2023-12-07T23:12:07.628+0000] {processor.py:179} INFO - Processing /opt/airflow/dags/haggard-a-tale-of-three-lions.epub took 0.030 seconds
[2023-12-07T23:12:37.820+0000] {processor.py:157} INFO - Started process (PID=2261) to work on /opt/airflow/dags/haggard-a-tale-of-three-lions.epub
[2023-12-07T23:12:37.823+0000] {processor.py:829} INFO - Processing file /opt/airflow/dags/haggard-a-tale-of-three-lions.epub for tasks to queue
[2023-12-07T23:12:37.825+0000] {logging_mixin.py:151} INFO - [2023-12-07T23:12:37.824+0000] {dagbag.py:536} INFO - Filling up the DagBag from /opt/airflow/dags/haggard-a-tale-of-three-lions.epub
[2023-12-07T23:12:37.830+0000] {processor.py:841} WARNING - No viable dags retrieved from /opt/airflow/dags/haggard-a-tale-of-three-lions.epub
[2023-12-07T23:12:37.859+0000] {processor.py:179} INFO - Processing /opt/airflow/dags/haggard-a-tale-of-three-lions.epub took 0.046 seconds
[2023-12-07T23:13:08.395+0000] {processor.py:157} INFO - Started process (PID=2319) to work on /opt/airflow/dags/haggard-a-tale-of-three-lions.epub
[2023-12-07T23:13:08.398+0000] {processor.py:829} INFO - Processing file /opt/airflow/dags/haggard-a-tale-of-three-lions.epub for tasks to queue
[2023-12-07T23:13:08.401+0000] {logging_mixin.py:151} INFO - [2023-12-07T23:13:08.400+0000] {dagbag.py:536} INFO - Filling up the DagBag from /opt/airflow/dags/haggard-a-tale-of-three-lions.epub
[2023-12-07T23:13:08.408+0000] {processor.py:841} WARNING - No viable dags retrieved from /opt/airflow/dags/haggard-a-tale-of-three-lions.epub
[2023-12-07T23:13:08.438+0000] {processor.py:179} INFO - Processing /opt/airflow/dags/haggard-a-tale-of-three-lions.epub took 0.050 seconds
[2023-12-07T23:13:39.427+0000] {processor.py:157} INFO - Started process (PID=2377) to work on /opt/airflow/dags/haggard-a-tale-of-three-lions.epub
[2023-12-07T23:13:39.430+0000] {processor.py:829} INFO - Processing file /opt/airflow/dags/haggard-a-tale-of-three-lions.epub for tasks to queue
[2023-12-07T23:13:39.432+0000] {logging_mixin.py:151} INFO - [2023-12-07T23:13:39.432+0000] {dagbag.py:536} INFO - Filling up the DagBag from /opt/airflow/dags/haggard-a-tale-of-three-lions.epub
[2023-12-07T23:13:39.437+0000] {processor.py:841} WARNING - No viable dags retrieved from /opt/airflow/dags/haggard-a-tale-of-three-lions.epub
[2023-12-07T23:13:39.465+0000] {processor.py:179} INFO - Processing /opt/airflow/dags/haggard-a-tale-of-three-lions.epub took 0.042 seconds
[2023-12-07T23:14:09.878+0000] {processor.py:157} INFO - Started process (PID=2433) to work on /opt/airflow/dags/haggard-a-tale-of-three-lions.epub
[2023-12-07T23:14:09.879+0000] {processor.py:829} INFO - Processing file /opt/airflow/dags/haggard-a-tale-of-three-lions.epub for tasks to queue
[2023-12-07T23:14:09.881+0000] {logging_mixin.py:151} INFO - [2023-12-07T23:14:09.880+0000] {dagbag.py:536} INFO - Filling up the DagBag from /opt/airflow/dags/haggard-a-tale-of-three-lions.epub
[2023-12-07T23:14:09.884+0000] {processor.py:841} WARNING - No viable dags retrieved from /opt/airflow/dags/haggard-a-tale-of-three-lions.epub
[2023-12-07T23:14:09.903+0000] {processor.py:179} INFO - Processing /opt/airflow/dags/haggard-a-tale-of-three-lions.epub took 0.029 seconds
[2023-12-07T23:14:40.457+0000] {processor.py:157} INFO - Started process (PID=2492) to work on /opt/airflow/dags/haggard-a-tale-of-three-lions.epub
[2023-12-07T23:14:40.459+0000] {processor.py:829} INFO - Processing file /opt/airflow/dags/haggard-a-tale-of-three-lions.epub for tasks to queue
[2023-12-07T23:14:40.460+0000] {logging_mixin.py:151} INFO - [2023-12-07T23:14:40.460+0000] {dagbag.py:536} INFO - Filling up the DagBag from /opt/airflow/dags/haggard-a-tale-of-three-lions.epub
[2023-12-07T23:14:40.464+0000] {processor.py:841} WARNING - No viable dags retrieved from /opt/airflow/dags/haggard-a-tale-of-three-lions.epub
[2023-12-07T23:14:40.482+0000] {processor.py:179} INFO - Processing /opt/airflow/dags/haggard-a-tale-of-three-lions.epub took 0.029 seconds
[2023-12-07T23:15:10.807+0000] {processor.py:157} INFO - Started process (PID=2550) to work on /opt/airflow/dags/haggard-a-tale-of-three-lions.epub
[2023-12-07T23:15:10.809+0000] {processor.py:829} INFO - Processing file /opt/airflow/dags/haggard-a-tale-of-three-lions.epub for tasks to queue
[2023-12-07T23:15:10.811+0000] {logging_mixin.py:151} INFO - [2023-12-07T23:15:10.810+0000] {dagbag.py:536} INFO - Filling up the DagBag from /opt/airflow/dags/haggard-a-tale-of-three-lions.epub
[2023-12-07T23:15:10.815+0000] {processor.py:841} WARNING - No viable dags retrieved from /opt/airflow/dags/haggard-a-tale-of-three-lions.epub
[2023-12-07T23:15:10.837+0000] {processor.py:179} INFO - Processing /opt/airflow/dags/haggard-a-tale-of-three-lions.epub took 0.037 seconds
[2023-12-07T23:15:41.063+0000] {processor.py:157} INFO - Started process (PID=2608) to work on /opt/airflow/dags/haggard-a-tale-of-three-lions.epub
[2023-12-07T23:15:41.065+0000] {processor.py:829} INFO - Processing file /opt/airflow/dags/haggard-a-tale-of-three-lions.epub for tasks to queue
[2023-12-07T23:15:41.068+0000] {logging_mixin.py:151} INFO - [2023-12-07T23:15:41.067+0000] {dagbag.py:536} INFO - Filling up the DagBag from /opt/airflow/dags/haggard-a-tale-of-three-lions.epub
[2023-12-07T23:15:41.071+0000] {processor.py:841} WARNING - No viable dags retrieved from /opt/airflow/dags/haggard-a-tale-of-three-lions.epub
[2023-12-07T23:15:41.091+0000] {processor.py:179} INFO - Processing /opt/airflow/dags/haggard-a-tale-of-three-lions.epub took 0.033 seconds
[2023-12-07T23:16:11.410+0000] {processor.py:157} INFO - Started process (PID=2666) to work on /opt/airflow/dags/haggard-a-tale-of-three-lions.epub
[2023-12-07T23:16:11.412+0000] {processor.py:829} INFO - Processing file /opt/airflow/dags/haggard-a-tale-of-three-lions.epub for tasks to queue
[2023-12-07T23:16:11.413+0000] {logging_mixin.py:151} INFO - [2023-12-07T23:16:11.413+0000] {dagbag.py:536} INFO - Filling up the DagBag from /opt/airflow/dags/haggard-a-tale-of-three-lions.epub
[2023-12-07T23:16:11.416+0000] {processor.py:841} WARNING - No viable dags retrieved from /opt/airflow/dags/haggard-a-tale-of-three-lions.epub
[2023-12-07T23:16:11.434+0000] {processor.py:179} INFO - Processing /opt/airflow/dags/haggard-a-tale-of-three-lions.epub took 0.028 seconds
[2023-12-07T23:16:41.988+0000] {processor.py:157} INFO - Started process (PID=2724) to work on /opt/airflow/dags/haggard-a-tale-of-three-lions.epub
[2023-12-07T23:16:41.991+0000] {processor.py:829} INFO - Processing file /opt/airflow/dags/haggard-a-tale-of-three-lions.epub for tasks to queue
[2023-12-07T23:16:41.993+0000] {logging_mixin.py:151} INFO - [2023-12-07T23:16:41.992+0000] {dagbag.py:536} INFO - Filling up the DagBag from /opt/airflow/dags/haggard-a-tale-of-three-lions.epub
[2023-12-07T23:16:41.997+0000] {processor.py:841} WARNING - No viable dags retrieved from /opt/airflow/dags/haggard-a-tale-of-three-lions.epub
[2023-12-07T23:16:42.021+0000] {processor.py:179} INFO - Processing /opt/airflow/dags/haggard-a-tale-of-three-lions.epub took 0.037 seconds
[2023-12-07T23:17:12.993+0000] {processor.py:157} INFO - Started process (PID=2788) to work on /opt/airflow/dags/haggard-a-tale-of-three-lions.epub
[2023-12-07T23:17:12.995+0000] {processor.py:829} INFO - Processing file /opt/airflow/dags/haggard-a-tale-of-three-lions.epub for tasks to queue
[2023-12-07T23:17:12.996+0000] {logging_mixin.py:151} INFO - [2023-12-07T23:17:12.995+0000] {dagbag.py:536} INFO - Filling up the DagBag from /opt/airflow/dags/haggard-a-tale-of-three-lions.epub
[2023-12-07T23:17:12.999+0000] {processor.py:841} WARNING - No viable dags retrieved from /opt/airflow/dags/haggard-a-tale-of-three-lions.epub
[2023-12-07T23:17:13.017+0000] {processor.py:179} INFO - Processing /opt/airflow/dags/haggard-a-tale-of-three-lions.epub took 0.028 seconds
[2023-12-07T23:17:43.979+0000] {processor.py:157} INFO - Started process (PID=2847) to work on /opt/airflow/dags/haggard-a-tale-of-three-lions.epub
[2023-12-07T23:17:43.983+0000] {processor.py:829} INFO - Processing file /opt/airflow/dags/haggard-a-tale-of-three-lions.epub for tasks to queue
[2023-12-07T23:17:43.985+0000] {logging_mixin.py:151} INFO - [2023-12-07T23:17:43.984+0000] {dagbag.py:536} INFO - Filling up the DagBag from /opt/airflow/dags/haggard-a-tale-of-three-lions.epub
[2023-12-07T23:17:43.989+0000] {processor.py:841} WARNING - No viable dags retrieved from /opt/airflow/dags/haggard-a-tale-of-three-lions.epub
[2023-12-07T23:17:44.008+0000] {processor.py:179} INFO - Processing /opt/airflow/dags/haggard-a-tale-of-three-lions.epub took 0.035 seconds
[2023-12-07T23:18:14.324+0000] {processor.py:157} INFO - Started process (PID=2906) to work on /opt/airflow/dags/haggard-a-tale-of-three-lions.epub
[2023-12-07T23:18:14.326+0000] {processor.py:829} INFO - Processing file /opt/airflow/dags/haggard-a-tale-of-three-lions.epub for tasks to queue
[2023-12-07T23:18:14.327+0000] {logging_mixin.py:151} INFO - [2023-12-07T23:18:14.327+0000] {dagbag.py:536} INFO - Filling up the DagBag from /opt/airflow/dags/haggard-a-tale-of-three-lions.epub
[2023-12-07T23:18:14.331+0000] {processor.py:841} WARNING - No viable dags retrieved from /opt/airflow/dags/haggard-a-tale-of-three-lions.epub
[2023-12-07T23:18:14.350+0000] {processor.py:179} INFO - Processing /opt/airflow/dags/haggard-a-tale-of-three-lions.epub took 0.029 seconds
[2023-12-07T23:18:44.607+0000] {processor.py:157} INFO - Started process (PID=2965) to work on /opt/airflow/dags/haggard-a-tale-of-three-lions.epub
[2023-12-07T23:18:44.609+0000] {processor.py:829} INFO - Processing file /opt/airflow/dags/haggard-a-tale-of-three-lions.epub for tasks to queue
[2023-12-07T23:18:44.611+0000] {logging_mixin.py:151} INFO - [2023-12-07T23:18:44.611+0000] {dagbag.py:536} INFO - Filling up the DagBag from /opt/airflow/dags/haggard-a-tale-of-three-lions.epub
[2023-12-07T23:18:44.616+0000] {processor.py:841} WARNING - No viable dags retrieved from /opt/airflow/dags/haggard-a-tale-of-three-lions.epub
[2023-12-07T23:18:44.638+0000] {processor.py:179} INFO - Processing /opt/airflow/dags/haggard-a-tale-of-three-lions.epub took 0.035 seconds
[2023-12-07T23:19:15.028+0000] {processor.py:157} INFO - Started process (PID=3023) to work on /opt/airflow/dags/haggard-a-tale-of-three-lions.epub
[2023-12-07T23:19:15.030+0000] {processor.py:829} INFO - Processing file /opt/airflow/dags/haggard-a-tale-of-three-lions.epub for tasks to queue
[2023-12-07T23:19:15.031+0000] {logging_mixin.py:151} INFO - [2023-12-07T23:19:15.031+0000] {dagbag.py:536} INFO - Filling up the DagBag from /opt/airflow/dags/haggard-a-tale-of-three-lions.epub
[2023-12-07T23:19:15.035+0000] {processor.py:841} WARNING - No viable dags retrieved from /opt/airflow/dags/haggard-a-tale-of-three-lions.epub
[2023-12-07T23:19:15.052+0000] {processor.py:179} INFO - Processing /opt/airflow/dags/haggard-a-tale-of-three-lions.epub took 0.027 seconds
[2023-12-07T23:19:45.690+0000] {processor.py:157} INFO - Started process (PID=3081) to work on /opt/airflow/dags/haggard-a-tale-of-three-lions.epub
[2023-12-07T23:19:45.692+0000] {processor.py:829} INFO - Processing file /opt/airflow/dags/haggard-a-tale-of-three-lions.epub for tasks to queue
[2023-12-07T23:19:45.693+0000] {logging_mixin.py:151} INFO - [2023-12-07T23:19:45.692+0000] {dagbag.py:536} INFO - Filling up the DagBag from /opt/airflow/dags/haggard-a-tale-of-three-lions.epub
[2023-12-07T23:19:45.696+0000] {processor.py:841} WARNING - No viable dags retrieved from /opt/airflow/dags/haggard-a-tale-of-three-lions.epub
[2023-12-07T23:19:45.714+0000] {processor.py:179} INFO - Processing /opt/airflow/dags/haggard-a-tale-of-three-lions.epub took 0.028 seconds
[2023-12-07T23:20:16.244+0000] {processor.py:157} INFO - Started process (PID=3139) to work on /opt/airflow/dags/haggard-a-tale-of-three-lions.epub
[2023-12-07T23:20:16.251+0000] {processor.py:829} INFO - Processing file /opt/airflow/dags/haggard-a-tale-of-three-lions.epub for tasks to queue
[2023-12-07T23:20:16.252+0000] {logging_mixin.py:151} INFO - [2023-12-07T23:20:16.252+0000] {dagbag.py:536} INFO - Filling up the DagBag from /opt/airflow/dags/haggard-a-tale-of-three-lions.epub
[2023-12-07T23:20:16.255+0000] {processor.py:841} WARNING - No viable dags retrieved from /opt/airflow/dags/haggard-a-tale-of-three-lions.epub
[2023-12-07T23:20:16.274+0000] {processor.py:179} INFO - Processing /opt/airflow/dags/haggard-a-tale-of-three-lions.epub took 0.033 seconds
[2023-12-07T23:20:47.109+0000] {processor.py:157} INFO - Started process (PID=3199) to work on /opt/airflow/dags/haggard-a-tale-of-three-lions.epub
[2023-12-07T23:20:47.111+0000] {processor.py:829} INFO - Processing file /opt/airflow/dags/haggard-a-tale-of-three-lions.epub for tasks to queue
[2023-12-07T23:20:47.113+0000] {logging_mixin.py:151} INFO - [2023-12-07T23:20:47.112+0000] {dagbag.py:536} INFO - Filling up the DagBag from /opt/airflow/dags/haggard-a-tale-of-three-lions.epub
[2023-12-07T23:20:47.117+0000] {processor.py:841} WARNING - No viable dags retrieved from /opt/airflow/dags/haggard-a-tale-of-three-lions.epub
[2023-12-07T23:20:47.137+0000] {processor.py:179} INFO - Processing /opt/airflow/dags/haggard-a-tale-of-three-lions.epub took 0.032 seconds
[2023-12-07T23:21:17.619+0000] {processor.py:157} INFO - Started process (PID=3256) to work on /opt/airflow/dags/haggard-a-tale-of-three-lions.epub
[2023-12-07T23:21:17.621+0000] {processor.py:829} INFO - Processing file /opt/airflow/dags/haggard-a-tale-of-three-lions.epub for tasks to queue
[2023-12-07T23:21:17.623+0000] {logging_mixin.py:151} INFO - [2023-12-07T23:21:17.622+0000] {dagbag.py:536} INFO - Filling up the DagBag from /opt/airflow/dags/haggard-a-tale-of-three-lions.epub
[2023-12-07T23:21:17.626+0000] {processor.py:841} WARNING - No viable dags retrieved from /opt/airflow/dags/haggard-a-tale-of-three-lions.epub
[2023-12-07T23:21:17.645+0000] {processor.py:179} INFO - Processing /opt/airflow/dags/haggard-a-tale-of-three-lions.epub took 0.031 seconds
[2023-12-07T23:21:47.960+0000] {processor.py:157} INFO - Started process (PID=3314) to work on /opt/airflow/dags/haggard-a-tale-of-three-lions.epub
[2023-12-07T23:21:47.962+0000] {processor.py:829} INFO - Processing file /opt/airflow/dags/haggard-a-tale-of-three-lions.epub for tasks to queue
[2023-12-07T23:21:47.964+0000] {logging_mixin.py:151} INFO - [2023-12-07T23:21:47.963+0000] {dagbag.py:536} INFO - Filling up the DagBag from /opt/airflow/dags/haggard-a-tale-of-three-lions.epub
[2023-12-07T23:21:47.968+0000] {processor.py:841} WARNING - No viable dags retrieved from /opt/airflow/dags/haggard-a-tale-of-three-lions.epub
[2023-12-07T23:21:47.987+0000] {processor.py:179} INFO - Processing /opt/airflow/dags/haggard-a-tale-of-three-lions.epub took 0.032 seconds
[2023-12-07T23:22:18.067+0000] {processor.py:157} INFO - Started process (PID=3372) to work on /opt/airflow/dags/haggard-a-tale-of-three-lions.epub
[2023-12-07T23:22:18.068+0000] {processor.py:829} INFO - Processing file /opt/airflow/dags/haggard-a-tale-of-three-lions.epub for tasks to queue
[2023-12-07T23:22:18.070+0000] {logging_mixin.py:151} INFO - [2023-12-07T23:22:18.069+0000] {dagbag.py:536} INFO - Filling up the DagBag from /opt/airflow/dags/haggard-a-tale-of-three-lions.epub
[2023-12-07T23:22:18.073+0000] {processor.py:841} WARNING - No viable dags retrieved from /opt/airflow/dags/haggard-a-tale-of-three-lions.epub
[2023-12-07T23:22:18.089+0000] {processor.py:179} INFO - Processing /opt/airflow/dags/haggard-a-tale-of-three-lions.epub took 0.027 seconds
[2023-12-07T23:22:48.252+0000] {processor.py:157} INFO - Started process (PID=3430) to work on /opt/airflow/dags/haggard-a-tale-of-three-lions.epub
[2023-12-07T23:22:48.253+0000] {processor.py:829} INFO - Processing file /opt/airflow/dags/haggard-a-tale-of-three-lions.epub for tasks to queue
[2023-12-07T23:22:48.255+0000] {logging_mixin.py:151} INFO - [2023-12-07T23:22:48.254+0000] {dagbag.py:536} INFO - Filling up the DagBag from /opt/airflow/dags/haggard-a-tale-of-three-lions.epub
[2023-12-07T23:22:48.258+0000] {processor.py:841} WARNING - No viable dags retrieved from /opt/airflow/dags/haggard-a-tale-of-three-lions.epub
[2023-12-07T23:22:48.275+0000] {processor.py:179} INFO - Processing /opt/airflow/dags/haggard-a-tale-of-three-lions.epub took 0.026 seconds
[2023-12-07T23:23:18.429+0000] {processor.py:157} INFO - Started process (PID=3488) to work on /opt/airflow/dags/haggard-a-tale-of-three-lions.epub
[2023-12-07T23:23:18.431+0000] {processor.py:829} INFO - Processing file /opt/airflow/dags/haggard-a-tale-of-three-lions.epub for tasks to queue
[2023-12-07T23:23:18.432+0000] {logging_mixin.py:151} INFO - [2023-12-07T23:23:18.432+0000] {dagbag.py:536} INFO - Filling up the DagBag from /opt/airflow/dags/haggard-a-tale-of-three-lions.epub
[2023-12-07T23:23:18.435+0000] {processor.py:841} WARNING - No viable dags retrieved from /opt/airflow/dags/haggard-a-tale-of-three-lions.epub
[2023-12-07T23:23:18.452+0000] {processor.py:179} INFO - Processing /opt/airflow/dags/haggard-a-tale-of-three-lions.epub took 0.027 seconds
[2023-12-07T23:23:48.754+0000] {processor.py:157} INFO - Started process (PID=3546) to work on /opt/airflow/dags/haggard-a-tale-of-three-lions.epub
[2023-12-07T23:23:48.756+0000] {processor.py:829} INFO - Processing file /opt/airflow/dags/haggard-a-tale-of-three-lions.epub for tasks to queue
[2023-12-07T23:23:48.758+0000] {logging_mixin.py:151} INFO - [2023-12-07T23:23:48.758+0000] {dagbag.py:536} INFO - Filling up the DagBag from /opt/airflow/dags/haggard-a-tale-of-three-lions.epub
[2023-12-07T23:23:48.762+0000] {processor.py:841} WARNING - No viable dags retrieved from /opt/airflow/dags/haggard-a-tale-of-three-lions.epub
[2023-12-07T23:23:48.781+0000] {processor.py:179} INFO - Processing /opt/airflow/dags/haggard-a-tale-of-three-lions.epub took 0.031 seconds
[2023-12-07T23:24:19.187+0000] {processor.py:157} INFO - Started process (PID=3605) to work on /opt/airflow/dags/haggard-a-tale-of-three-lions.epub
[2023-12-07T23:24:19.189+0000] {processor.py:829} INFO - Processing file /opt/airflow/dags/haggard-a-tale-of-three-lions.epub for tasks to queue
[2023-12-07T23:24:19.191+0000] {logging_mixin.py:151} INFO - [2023-12-07T23:24:19.190+0000] {dagbag.py:536} INFO - Filling up the DagBag from /opt/airflow/dags/haggard-a-tale-of-three-lions.epub
[2023-12-07T23:24:19.194+0000] {processor.py:841} WARNING - No viable dags retrieved from /opt/airflow/dags/haggard-a-tale-of-three-lions.epub
[2023-12-07T23:24:19.212+0000] {processor.py:179} INFO - Processing /opt/airflow/dags/haggard-a-tale-of-three-lions.epub took 0.029 seconds
[2023-12-07T23:24:49.468+0000] {processor.py:157} INFO - Started process (PID=3663) to work on /opt/airflow/dags/haggard-a-tale-of-three-lions.epub
[2023-12-07T23:24:49.472+0000] {processor.py:829} INFO - Processing file /opt/airflow/dags/haggard-a-tale-of-three-lions.epub for tasks to queue
[2023-12-07T23:24:49.475+0000] {logging_mixin.py:151} INFO - [2023-12-07T23:24:49.474+0000] {dagbag.py:536} INFO - Filling up the DagBag from /opt/airflow/dags/haggard-a-tale-of-three-lions.epub
[2023-12-07T23:24:49.481+0000] {processor.py:841} WARNING - No viable dags retrieved from /opt/airflow/dags/haggard-a-tale-of-three-lions.epub
[2023-12-07T23:24:49.504+0000] {processor.py:179} INFO - Processing /opt/airflow/dags/haggard-a-tale-of-three-lions.epub took 0.041 seconds
[2023-12-07T23:25:19.706+0000] {processor.py:157} INFO - Started process (PID=3721) to work on /opt/airflow/dags/haggard-a-tale-of-three-lions.epub
[2023-12-07T23:25:19.708+0000] {processor.py:829} INFO - Processing file /opt/airflow/dags/haggard-a-tale-of-three-lions.epub for tasks to queue
[2023-12-07T23:25:19.709+0000] {logging_mixin.py:151} INFO - [2023-12-07T23:25:19.709+0000] {dagbag.py:536} INFO - Filling up the DagBag from /opt/airflow/dags/haggard-a-tale-of-three-lions.epub
[2023-12-07T23:25:19.713+0000] {processor.py:841} WARNING - No viable dags retrieved from /opt/airflow/dags/haggard-a-tale-of-three-lions.epub
[2023-12-07T23:25:19.732+0000] {processor.py:179} INFO - Processing /opt/airflow/dags/haggard-a-tale-of-three-lions.epub took 0.029 seconds
[2023-12-07T23:25:49.937+0000] {processor.py:157} INFO - Started process (PID=3779) to work on /opt/airflow/dags/haggard-a-tale-of-three-lions.epub
[2023-12-07T23:25:49.938+0000] {processor.py:829} INFO - Processing file /opt/airflow/dags/haggard-a-tale-of-three-lions.epub for tasks to queue
[2023-12-07T23:25:49.940+0000] {logging_mixin.py:151} INFO - [2023-12-07T23:25:49.939+0000] {dagbag.py:536} INFO - Filling up the DagBag from /opt/airflow/dags/haggard-a-tale-of-three-lions.epub
[2023-12-07T23:25:49.943+0000] {processor.py:841} WARNING - No viable dags retrieved from /opt/airflow/dags/haggard-a-tale-of-three-lions.epub
[2023-12-07T23:25:49.962+0000] {processor.py:179} INFO - Processing /opt/airflow/dags/haggard-a-tale-of-three-lions.epub took 0.030 seconds
[2023-12-07T23:26:20.155+0000] {processor.py:157} INFO - Started process (PID=3837) to work on /opt/airflow/dags/haggard-a-tale-of-three-lions.epub
[2023-12-07T23:26:20.156+0000] {processor.py:829} INFO - Processing file /opt/airflow/dags/haggard-a-tale-of-three-lions.epub for tasks to queue
[2023-12-07T23:26:20.158+0000] {logging_mixin.py:151} INFO - [2023-12-07T23:26:20.157+0000] {dagbag.py:536} INFO - Filling up the DagBag from /opt/airflow/dags/haggard-a-tale-of-three-lions.epub
[2023-12-07T23:26:20.160+0000] {processor.py:841} WARNING - No viable dags retrieved from /opt/airflow/dags/haggard-a-tale-of-three-lions.epub
[2023-12-07T23:26:20.177+0000] {processor.py:179} INFO - Processing /opt/airflow/dags/haggard-a-tale-of-three-lions.epub took 0.026 seconds
[2023-12-07T23:26:50.516+0000] {processor.py:157} INFO - Started process (PID=3895) to work on /opt/airflow/dags/haggard-a-tale-of-three-lions.epub
[2023-12-07T23:26:50.518+0000] {processor.py:829} INFO - Processing file /opt/airflow/dags/haggard-a-tale-of-three-lions.epub for tasks to queue
[2023-12-07T23:26:50.520+0000] {logging_mixin.py:151} INFO - [2023-12-07T23:26:50.520+0000] {dagbag.py:536} INFO - Filling up the DagBag from /opt/airflow/dags/haggard-a-tale-of-three-lions.epub
[2023-12-07T23:26:50.525+0000] {processor.py:841} WARNING - No viable dags retrieved from /opt/airflow/dags/haggard-a-tale-of-three-lions.epub
[2023-12-07T23:26:50.547+0000] {processor.py:179} INFO - Processing /opt/airflow/dags/haggard-a-tale-of-three-lions.epub took 0.037 seconds
[2023-12-07T23:27:20.672+0000] {processor.py:157} INFO - Started process (PID=3953) to work on /opt/airflow/dags/haggard-a-tale-of-three-lions.epub
[2023-12-07T23:27:20.673+0000] {processor.py:829} INFO - Processing file /opt/airflow/dags/haggard-a-tale-of-three-lions.epub for tasks to queue
[2023-12-07T23:27:20.675+0000] {logging_mixin.py:151} INFO - [2023-12-07T23:27:20.674+0000] {dagbag.py:536} INFO - Filling up the DagBag from /opt/airflow/dags/haggard-a-tale-of-three-lions.epub
[2023-12-07T23:27:20.678+0000] {processor.py:841} WARNING - No viable dags retrieved from /opt/airflow/dags/haggard-a-tale-of-three-lions.epub
[2023-12-07T23:27:20.694+0000] {processor.py:179} INFO - Processing /opt/airflow/dags/haggard-a-tale-of-three-lions.epub took 0.027 seconds
[2023-12-07T23:27:51.021+0000] {processor.py:157} INFO - Started process (PID=4011) to work on /opt/airflow/dags/haggard-a-tale-of-three-lions.epub
[2023-12-07T23:27:51.023+0000] {processor.py:829} INFO - Processing file /opt/airflow/dags/haggard-a-tale-of-three-lions.epub for tasks to queue
[2023-12-07T23:27:51.024+0000] {logging_mixin.py:151} INFO - [2023-12-07T23:27:51.024+0000] {dagbag.py:536} INFO - Filling up the DagBag from /opt/airflow/dags/haggard-a-tale-of-three-lions.epub
[2023-12-07T23:27:51.027+0000] {processor.py:841} WARNING - No viable dags retrieved from /opt/airflow/dags/haggard-a-tale-of-three-lions.epub
[2023-12-07T23:27:51.044+0000] {processor.py:179} INFO - Processing /opt/airflow/dags/haggard-a-tale-of-three-lions.epub took 0.027 seconds
[2023-12-07T23:28:21.373+0000] {processor.py:157} INFO - Started process (PID=4069) to work on /opt/airflow/dags/haggard-a-tale-of-three-lions.epub
[2023-12-07T23:28:21.375+0000] {processor.py:829} INFO - Processing file /opt/airflow/dags/haggard-a-tale-of-three-lions.epub for tasks to queue
[2023-12-07T23:28:21.376+0000] {logging_mixin.py:151} INFO - [2023-12-07T23:28:21.376+0000] {dagbag.py:536} INFO - Filling up the DagBag from /opt/airflow/dags/haggard-a-tale-of-three-lions.epub
[2023-12-07T23:28:21.379+0000] {processor.py:841} WARNING - No viable dags retrieved from /opt/airflow/dags/haggard-a-tale-of-three-lions.epub
[2023-12-07T23:28:21.397+0000] {processor.py:179} INFO - Processing /opt/airflow/dags/haggard-a-tale-of-three-lions.epub took 0.028 seconds
[2023-12-07T23:28:51.764+0000] {processor.py:157} INFO - Started process (PID=4125) to work on /opt/airflow/dags/haggard-a-tale-of-three-lions.epub
[2023-12-07T23:28:51.766+0000] {processor.py:829} INFO - Processing file /opt/airflow/dags/haggard-a-tale-of-three-lions.epub for tasks to queue
[2023-12-07T23:28:51.768+0000] {logging_mixin.py:151} INFO - [2023-12-07T23:28:51.767+0000] {dagbag.py:536} INFO - Filling up the DagBag from /opt/airflow/dags/haggard-a-tale-of-three-lions.epub
[2023-12-07T23:28:51.771+0000] {processor.py:841} WARNING - No viable dags retrieved from /opt/airflow/dags/haggard-a-tale-of-three-lions.epub
[2023-12-07T23:28:51.790+0000] {processor.py:179} INFO - Processing /opt/airflow/dags/haggard-a-tale-of-three-lions.epub took 0.029 seconds
[2023-12-07T23:29:22.071+0000] {processor.py:157} INFO - Started process (PID=4183) to work on /opt/airflow/dags/haggard-a-tale-of-three-lions.epub
[2023-12-07T23:29:22.072+0000] {processor.py:829} INFO - Processing file /opt/airflow/dags/haggard-a-tale-of-three-lions.epub for tasks to queue
[2023-12-07T23:29:22.074+0000] {logging_mixin.py:151} INFO - [2023-12-07T23:29:22.073+0000] {dagbag.py:536} INFO - Filling up the DagBag from /opt/airflow/dags/haggard-a-tale-of-three-lions.epub
[2023-12-07T23:29:22.077+0000] {processor.py:841} WARNING - No viable dags retrieved from /opt/airflow/dags/haggard-a-tale-of-three-lions.epub
[2023-12-07T23:29:22.095+0000] {processor.py:179} INFO - Processing /opt/airflow/dags/haggard-a-tale-of-three-lions.epub took 0.029 seconds
[2023-12-07T23:29:52.772+0000] {processor.py:157} INFO - Started process (PID=4241) to work on /opt/airflow/dags/haggard-a-tale-of-three-lions.epub
[2023-12-07T23:29:52.774+0000] {processor.py:829} INFO - Processing file /opt/airflow/dags/haggard-a-tale-of-three-lions.epub for tasks to queue
[2023-12-07T23:29:52.775+0000] {logging_mixin.py:151} INFO - [2023-12-07T23:29:52.775+0000] {dagbag.py:536} INFO - Filling up the DagBag from /opt/airflow/dags/haggard-a-tale-of-three-lions.epub
[2023-12-07T23:29:52.779+0000] {processor.py:841} WARNING - No viable dags retrieved from /opt/airflow/dags/haggard-a-tale-of-three-lions.epub
[2023-12-07T23:29:52.799+0000] {processor.py:179} INFO - Processing /opt/airflow/dags/haggard-a-tale-of-three-lions.epub took 0.035 seconds
[2023-12-07T23:30:23.500+0000] {processor.py:157} INFO - Started process (PID=4299) to work on /opt/airflow/dags/haggard-a-tale-of-three-lions.epub
[2023-12-07T23:30:23.502+0000] {processor.py:829} INFO - Processing file /opt/airflow/dags/haggard-a-tale-of-three-lions.epub for tasks to queue
[2023-12-07T23:30:23.504+0000] {logging_mixin.py:151} INFO - [2023-12-07T23:30:23.503+0000] {dagbag.py:536} INFO - Filling up the DagBag from /opt/airflow/dags/haggard-a-tale-of-three-lions.epub
[2023-12-07T23:30:23.507+0000] {processor.py:841} WARNING - No viable dags retrieved from /opt/airflow/dags/haggard-a-tale-of-three-lions.epub
[2023-12-07T23:30:23.524+0000] {processor.py:179} INFO - Processing /opt/airflow/dags/haggard-a-tale-of-three-lions.epub took 0.027 seconds
[2023-12-07T23:30:54.211+0000] {processor.py:157} INFO - Started process (PID=4357) to work on /opt/airflow/dags/haggard-a-tale-of-three-lions.epub
[2023-12-07T23:30:54.212+0000] {processor.py:829} INFO - Processing file /opt/airflow/dags/haggard-a-tale-of-three-lions.epub for tasks to queue
[2023-12-07T23:30:54.214+0000] {logging_mixin.py:151} INFO - [2023-12-07T23:30:54.213+0000] {dagbag.py:536} INFO - Filling up the DagBag from /opt/airflow/dags/haggard-a-tale-of-three-lions.epub
[2023-12-07T23:30:54.218+0000] {processor.py:841} WARNING - No viable dags retrieved from /opt/airflow/dags/haggard-a-tale-of-three-lions.epub
[2023-12-07T23:30:54.240+0000] {processor.py:179} INFO - Processing /opt/airflow/dags/haggard-a-tale-of-three-lions.epub took 0.033 seconds
[2023-12-07T23:31:24.319+0000] {processor.py:157} INFO - Started process (PID=4415) to work on /opt/airflow/dags/haggard-a-tale-of-three-lions.epub
[2023-12-07T23:31:24.320+0000] {processor.py:829} INFO - Processing file /opt/airflow/dags/haggard-a-tale-of-three-lions.epub for tasks to queue
[2023-12-07T23:31:24.322+0000] {logging_mixin.py:151} INFO - [2023-12-07T23:31:24.321+0000] {dagbag.py:536} INFO - Filling up the DagBag from /opt/airflow/dags/haggard-a-tale-of-three-lions.epub
[2023-12-07T23:31:24.325+0000] {processor.py:841} WARNING - No viable dags retrieved from /opt/airflow/dags/haggard-a-tale-of-three-lions.epub
[2023-12-07T23:31:24.342+0000] {processor.py:179} INFO - Processing /opt/airflow/dags/haggard-a-tale-of-three-lions.epub took 0.028 seconds
[2023-12-07T23:31:54.556+0000] {processor.py:157} INFO - Started process (PID=4473) to work on /opt/airflow/dags/haggard-a-tale-of-three-lions.epub
[2023-12-07T23:31:54.558+0000] {processor.py:829} INFO - Processing file /opt/airflow/dags/haggard-a-tale-of-three-lions.epub for tasks to queue
[2023-12-07T23:31:54.560+0000] {logging_mixin.py:151} INFO - [2023-12-07T23:31:54.559+0000] {dagbag.py:536} INFO - Filling up the DagBag from /opt/airflow/dags/haggard-a-tale-of-three-lions.epub
[2023-12-07T23:31:54.563+0000] {processor.py:841} WARNING - No viable dags retrieved from /opt/airflow/dags/haggard-a-tale-of-three-lions.epub
[2023-12-07T23:31:54.582+0000] {processor.py:179} INFO - Processing /opt/airflow/dags/haggard-a-tale-of-three-lions.epub took 0.030 seconds
[2023-12-07T23:32:25.648+0000] {processor.py:157} INFO - Started process (PID=4531) to work on /opt/airflow/dags/haggard-a-tale-of-three-lions.epub
[2023-12-07T23:32:25.650+0000] {processor.py:829} INFO - Processing file /opt/airflow/dags/haggard-a-tale-of-three-lions.epub for tasks to queue
[2023-12-07T23:32:25.652+0000] {logging_mixin.py:151} INFO - [2023-12-07T23:32:25.652+0000] {dagbag.py:536} INFO - Filling up the DagBag from /opt/airflow/dags/haggard-a-tale-of-three-lions.epub
[2023-12-07T23:32:25.656+0000] {processor.py:841} WARNING - No viable dags retrieved from /opt/airflow/dags/haggard-a-tale-of-three-lions.epub
[2023-12-07T23:32:25.676+0000] {processor.py:179} INFO - Processing /opt/airflow/dags/haggard-a-tale-of-three-lions.epub took 0.031 seconds
[2023-12-07T23:32:55.929+0000] {processor.py:157} INFO - Started process (PID=4589) to work on /opt/airflow/dags/haggard-a-tale-of-three-lions.epub
[2023-12-07T23:32:55.930+0000] {processor.py:829} INFO - Processing file /opt/airflow/dags/haggard-a-tale-of-three-lions.epub for tasks to queue
[2023-12-07T23:32:55.932+0000] {logging_mixin.py:151} INFO - [2023-12-07T23:32:55.931+0000] {dagbag.py:536} INFO - Filling up the DagBag from /opt/airflow/dags/haggard-a-tale-of-three-lions.epub
[2023-12-07T23:32:55.935+0000] {processor.py:841} WARNING - No viable dags retrieved from /opt/airflow/dags/haggard-a-tale-of-three-lions.epub
[2023-12-07T23:32:55.951+0000] {processor.py:179} INFO - Processing /opt/airflow/dags/haggard-a-tale-of-three-lions.epub took 0.027 seconds
[2023-12-07T23:33:26.585+0000] {processor.py:157} INFO - Started process (PID=4647) to work on /opt/airflow/dags/haggard-a-tale-of-three-lions.epub
[2023-12-07T23:33:26.586+0000] {processor.py:829} INFO - Processing file /opt/airflow/dags/haggard-a-tale-of-three-lions.epub for tasks to queue
[2023-12-07T23:33:26.588+0000] {logging_mixin.py:151} INFO - [2023-12-07T23:33:26.587+0000] {dagbag.py:536} INFO - Filling up the DagBag from /opt/airflow/dags/haggard-a-tale-of-three-lions.epub
[2023-12-07T23:33:26.591+0000] {processor.py:841} WARNING - No viable dags retrieved from /opt/airflow/dags/haggard-a-tale-of-three-lions.epub
[2023-12-07T23:33:26.608+0000] {processor.py:179} INFO - Processing /opt/airflow/dags/haggard-a-tale-of-three-lions.epub took 0.027 seconds
[2023-12-07T23:33:57.039+0000] {processor.py:157} INFO - Started process (PID=4705) to work on /opt/airflow/dags/haggard-a-tale-of-three-lions.epub
[2023-12-07T23:33:57.040+0000] {processor.py:829} INFO - Processing file /opt/airflow/dags/haggard-a-tale-of-three-lions.epub for tasks to queue
[2023-12-07T23:33:57.042+0000] {logging_mixin.py:151} INFO - [2023-12-07T23:33:57.041+0000] {dagbag.py:536} INFO - Filling up the DagBag from /opt/airflow/dags/haggard-a-tale-of-three-lions.epub
[2023-12-07T23:33:57.045+0000] {processor.py:841} WARNING - No viable dags retrieved from /opt/airflow/dags/haggard-a-tale-of-three-lions.epub
[2023-12-07T23:33:57.064+0000] {processor.py:179} INFO - Processing /opt/airflow/dags/haggard-a-tale-of-three-lions.epub took 0.029 seconds
[2023-12-07T23:34:27.377+0000] {processor.py:157} INFO - Started process (PID=4763) to work on /opt/airflow/dags/haggard-a-tale-of-three-lions.epub
[2023-12-07T23:34:27.379+0000] {processor.py:829} INFO - Processing file /opt/airflow/dags/haggard-a-tale-of-three-lions.epub for tasks to queue
[2023-12-07T23:34:27.380+0000] {logging_mixin.py:151} INFO - [2023-12-07T23:34:27.380+0000] {dagbag.py:536} INFO - Filling up the DagBag from /opt/airflow/dags/haggard-a-tale-of-three-lions.epub
[2023-12-07T23:34:27.383+0000] {processor.py:841} WARNING - No viable dags retrieved from /opt/airflow/dags/haggard-a-tale-of-three-lions.epub
[2023-12-07T23:34:27.400+0000] {processor.py:179} INFO - Processing /opt/airflow/dags/haggard-a-tale-of-three-lions.epub took 0.027 seconds
[2023-12-07T23:34:58.235+0000] {processor.py:157} INFO - Started process (PID=4821) to work on /opt/airflow/dags/haggard-a-tale-of-three-lions.epub
[2023-12-07T23:34:58.237+0000] {processor.py:829} INFO - Processing file /opt/airflow/dags/haggard-a-tale-of-three-lions.epub for tasks to queue
[2023-12-07T23:34:58.239+0000] {logging_mixin.py:151} INFO - [2023-12-07T23:34:58.238+0000] {dagbag.py:536} INFO - Filling up the DagBag from /opt/airflow/dags/haggard-a-tale-of-three-lions.epub
[2023-12-07T23:34:58.242+0000] {processor.py:841} WARNING - No viable dags retrieved from /opt/airflow/dags/haggard-a-tale-of-three-lions.epub
[2023-12-07T23:34:58.258+0000] {processor.py:179} INFO - Processing /opt/airflow/dags/haggard-a-tale-of-three-lions.epub took 0.027 seconds
[2023-12-07T23:35:28.470+0000] {processor.py:157} INFO - Started process (PID=4879) to work on /opt/airflow/dags/haggard-a-tale-of-three-lions.epub
[2023-12-07T23:35:28.474+0000] {processor.py:829} INFO - Processing file /opt/airflow/dags/haggard-a-tale-of-three-lions.epub for tasks to queue
[2023-12-07T23:35:28.476+0000] {logging_mixin.py:151} INFO - [2023-12-07T23:35:28.475+0000] {dagbag.py:536} INFO - Filling up the DagBag from /opt/airflow/dags/haggard-a-tale-of-three-lions.epub
[2023-12-07T23:35:28.482+0000] {processor.py:841} WARNING - No viable dags retrieved from /opt/airflow/dags/haggard-a-tale-of-three-lions.epub
[2023-12-07T23:35:28.504+0000] {processor.py:179} INFO - Processing /opt/airflow/dags/haggard-a-tale-of-three-lions.epub took 0.040 seconds
[2023-12-07T23:35:59.025+0000] {processor.py:157} INFO - Started process (PID=4937) to work on /opt/airflow/dags/haggard-a-tale-of-three-lions.epub
[2023-12-07T23:35:59.028+0000] {processor.py:829} INFO - Processing file /opt/airflow/dags/haggard-a-tale-of-three-lions.epub for tasks to queue
[2023-12-07T23:35:59.030+0000] {logging_mixin.py:151} INFO - [2023-12-07T23:35:59.029+0000] {dagbag.py:536} INFO - Filling up the DagBag from /opt/airflow/dags/haggard-a-tale-of-three-lions.epub
[2023-12-07T23:35:59.035+0000] {processor.py:841} WARNING - No viable dags retrieved from /opt/airflow/dags/haggard-a-tale-of-three-lions.epub
[2023-12-07T23:35:59.058+0000] {processor.py:179} INFO - Processing /opt/airflow/dags/haggard-a-tale-of-three-lions.epub took 0.038 seconds
[2023-12-07T23:36:29.362+0000] {processor.py:157} INFO - Started process (PID=4995) to work on /opt/airflow/dags/haggard-a-tale-of-three-lions.epub
[2023-12-07T23:36:29.365+0000] {processor.py:829} INFO - Processing file /opt/airflow/dags/haggard-a-tale-of-three-lions.epub for tasks to queue
[2023-12-07T23:36:29.366+0000] {logging_mixin.py:151} INFO - [2023-12-07T23:36:29.365+0000] {dagbag.py:536} INFO - Filling up the DagBag from /opt/airflow/dags/haggard-a-tale-of-three-lions.epub
[2023-12-07T23:36:29.369+0000] {processor.py:841} WARNING - No viable dags retrieved from /opt/airflow/dags/haggard-a-tale-of-three-lions.epub
[2023-12-07T23:36:29.386+0000] {processor.py:179} INFO - Processing /opt/airflow/dags/haggard-a-tale-of-three-lions.epub took 0.027 seconds
[2023-12-07T23:37:00.005+0000] {processor.py:157} INFO - Started process (PID=5054) to work on /opt/airflow/dags/haggard-a-tale-of-three-lions.epub
[2023-12-07T23:37:00.007+0000] {processor.py:829} INFO - Processing file /opt/airflow/dags/haggard-a-tale-of-three-lions.epub for tasks to queue
[2023-12-07T23:37:00.008+0000] {logging_mixin.py:151} INFO - [2023-12-07T23:37:00.008+0000] {dagbag.py:536} INFO - Filling up the DagBag from /opt/airflow/dags/haggard-a-tale-of-three-lions.epub
[2023-12-07T23:37:00.012+0000] {processor.py:841} WARNING - No viable dags retrieved from /opt/airflow/dags/haggard-a-tale-of-three-lions.epub
[2023-12-07T23:37:00.032+0000] {processor.py:179} INFO - Processing /opt/airflow/dags/haggard-a-tale-of-three-lions.epub took 0.031 seconds
[2023-12-07T23:37:30.640+0000] {processor.py:157} INFO - Started process (PID=5112) to work on /opt/airflow/dags/haggard-a-tale-of-three-lions.epub
[2023-12-07T23:37:30.642+0000] {processor.py:829} INFO - Processing file /opt/airflow/dags/haggard-a-tale-of-three-lions.epub for tasks to queue
[2023-12-07T23:37:30.643+0000] {logging_mixin.py:151} INFO - [2023-12-07T23:37:30.643+0000] {dagbag.py:536} INFO - Filling up the DagBag from /opt/airflow/dags/haggard-a-tale-of-three-lions.epub
[2023-12-07T23:37:30.646+0000] {processor.py:841} WARNING - No viable dags retrieved from /opt/airflow/dags/haggard-a-tale-of-three-lions.epub
[2023-12-07T23:37:30.663+0000] {processor.py:179} INFO - Processing /opt/airflow/dags/haggard-a-tale-of-three-lions.epub took 0.027 seconds
[2023-12-07T23:38:01.245+0000] {processor.py:157} INFO - Started process (PID=5170) to work on /opt/airflow/dags/haggard-a-tale-of-three-lions.epub
[2023-12-07T23:38:01.247+0000] {processor.py:829} INFO - Processing file /opt/airflow/dags/haggard-a-tale-of-three-lions.epub for tasks to queue
[2023-12-07T23:38:01.249+0000] {logging_mixin.py:151} INFO - [2023-12-07T23:38:01.248+0000] {dagbag.py:536} INFO - Filling up the DagBag from /opt/airflow/dags/haggard-a-tale-of-three-lions.epub
[2023-12-07T23:38:01.252+0000] {processor.py:841} WARNING - No viable dags retrieved from /opt/airflow/dags/haggard-a-tale-of-three-lions.epub
[2023-12-07T23:38:01.269+0000] {processor.py:179} INFO - Processing /opt/airflow/dags/haggard-a-tale-of-three-lions.epub took 0.028 seconds
[2023-12-07T23:38:31.889+0000] {processor.py:157} INFO - Started process (PID=5228) to work on /opt/airflow/dags/haggard-a-tale-of-three-lions.epub
[2023-12-07T23:38:31.891+0000] {processor.py:829} INFO - Processing file /opt/airflow/dags/haggard-a-tale-of-three-lions.epub for tasks to queue
[2023-12-07T23:38:31.893+0000] {logging_mixin.py:151} INFO - [2023-12-07T23:38:31.893+0000] {dagbag.py:536} INFO - Filling up the DagBag from /opt/airflow/dags/haggard-a-tale-of-three-lions.epub
[2023-12-07T23:38:31.899+0000] {processor.py:841} WARNING - No viable dags retrieved from /opt/airflow/dags/haggard-a-tale-of-three-lions.epub
[2023-12-07T23:38:31.926+0000] {processor.py:179} INFO - Processing /opt/airflow/dags/haggard-a-tale-of-three-lions.epub took 0.042 seconds
[2023-12-07T23:39:02.959+0000] {processor.py:157} INFO - Started process (PID=5286) to work on /opt/airflow/dags/haggard-a-tale-of-three-lions.epub
[2023-12-07T23:39:02.961+0000] {processor.py:829} INFO - Processing file /opt/airflow/dags/haggard-a-tale-of-three-lions.epub for tasks to queue
[2023-12-07T23:39:02.963+0000] {logging_mixin.py:151} INFO - [2023-12-07T23:39:02.962+0000] {dagbag.py:536} INFO - Filling up the DagBag from /opt/airflow/dags/haggard-a-tale-of-three-lions.epub
[2023-12-07T23:39:02.966+0000] {processor.py:841} WARNING - No viable dags retrieved from /opt/airflow/dags/haggard-a-tale-of-three-lions.epub
[2023-12-07T23:39:02.984+0000] {processor.py:179} INFO - Processing /opt/airflow/dags/haggard-a-tale-of-three-lions.epub took 0.030 seconds
[2023-12-07T23:39:33.637+0000] {processor.py:157} INFO - Started process (PID=5345) to work on /opt/airflow/dags/haggard-a-tale-of-three-lions.epub
[2023-12-07T23:39:33.640+0000] {processor.py:829} INFO - Processing file /opt/airflow/dags/haggard-a-tale-of-three-lions.epub for tasks to queue
[2023-12-07T23:39:33.642+0000] {logging_mixin.py:151} INFO - [2023-12-07T23:39:33.641+0000] {dagbag.py:536} INFO - Filling up the DagBag from /opt/airflow/dags/haggard-a-tale-of-three-lions.epub
[2023-12-07T23:39:33.646+0000] {processor.py:841} WARNING - No viable dags retrieved from /opt/airflow/dags/haggard-a-tale-of-three-lions.epub
[2023-12-07T23:39:33.665+0000] {processor.py:179} INFO - Processing /opt/airflow/dags/haggard-a-tale-of-three-lions.epub took 0.036 seconds
[2023-12-07T23:40:03.813+0000] {processor.py:157} INFO - Started process (PID=5404) to work on /opt/airflow/dags/haggard-a-tale-of-three-lions.epub
[2023-12-07T23:40:03.815+0000] {processor.py:829} INFO - Processing file /opt/airflow/dags/haggard-a-tale-of-three-lions.epub for tasks to queue
[2023-12-07T23:40:03.816+0000] {logging_mixin.py:151} INFO - [2023-12-07T23:40:03.815+0000] {dagbag.py:536} INFO - Filling up the DagBag from /opt/airflow/dags/haggard-a-tale-of-three-lions.epub
[2023-12-07T23:40:03.819+0000] {processor.py:841} WARNING - No viable dags retrieved from /opt/airflow/dags/haggard-a-tale-of-three-lions.epub
[2023-12-07T23:40:03.836+0000] {processor.py:179} INFO - Processing /opt/airflow/dags/haggard-a-tale-of-three-lions.epub took 0.027 seconds
[2023-12-07T23:40:34.219+0000] {processor.py:157} INFO - Started process (PID=5462) to work on /opt/airflow/dags/haggard-a-tale-of-three-lions.epub
[2023-12-07T23:40:34.221+0000] {processor.py:829} INFO - Processing file /opt/airflow/dags/haggard-a-tale-of-three-lions.epub for tasks to queue
[2023-12-07T23:40:34.222+0000] {logging_mixin.py:151} INFO - [2023-12-07T23:40:34.222+0000] {dagbag.py:536} INFO - Filling up the DagBag from /opt/airflow/dags/haggard-a-tale-of-three-lions.epub
[2023-12-07T23:40:34.226+0000] {processor.py:841} WARNING - No viable dags retrieved from /opt/airflow/dags/haggard-a-tale-of-three-lions.epub
[2023-12-07T23:40:34.243+0000] {processor.py:179} INFO - Processing /opt/airflow/dags/haggard-a-tale-of-three-lions.epub took 0.028 seconds
[2023-12-07T23:41:04.490+0000] {processor.py:157} INFO - Started process (PID=5520) to work on /opt/airflow/dags/haggard-a-tale-of-three-lions.epub
[2023-12-07T23:41:04.492+0000] {processor.py:829} INFO - Processing file /opt/airflow/dags/haggard-a-tale-of-three-lions.epub for tasks to queue
[2023-12-07T23:41:04.493+0000] {logging_mixin.py:151} INFO - [2023-12-07T23:41:04.493+0000] {dagbag.py:536} INFO - Filling up the DagBag from /opt/airflow/dags/haggard-a-tale-of-three-lions.epub
[2023-12-07T23:41:04.497+0000] {processor.py:841} WARNING - No viable dags retrieved from /opt/airflow/dags/haggard-a-tale-of-three-lions.epub
[2023-12-07T23:41:04.515+0000] {processor.py:179} INFO - Processing /opt/airflow/dags/haggard-a-tale-of-three-lions.epub took 0.033 seconds
[2023-12-07T23:41:34.761+0000] {processor.py:157} INFO - Started process (PID=5577) to work on /opt/airflow/dags/haggard-a-tale-of-three-lions.epub
[2023-12-07T23:41:34.762+0000] {processor.py:829} INFO - Processing file /opt/airflow/dags/haggard-a-tale-of-three-lions.epub for tasks to queue
[2023-12-07T23:41:34.764+0000] {logging_mixin.py:151} INFO - [2023-12-07T23:41:34.763+0000] {dagbag.py:536} INFO - Filling up the DagBag from /opt/airflow/dags/haggard-a-tale-of-three-lions.epub
[2023-12-07T23:41:34.767+0000] {processor.py:841} WARNING - No viable dags retrieved from /opt/airflow/dags/haggard-a-tale-of-three-lions.epub
[2023-12-07T23:41:34.784+0000] {processor.py:179} INFO - Processing /opt/airflow/dags/haggard-a-tale-of-three-lions.epub took 0.027 seconds
[2023-12-07T23:43:39.626+0000] {processor.py:157} INFO - Started process (PID=56) to work on /opt/airflow/dags/haggard-a-tale-of-three-lions.epub
[2023-12-07T23:43:39.629+0000] {processor.py:829} INFO - Processing file /opt/airflow/dags/haggard-a-tale-of-three-lions.epub for tasks to queue
[2023-12-07T23:43:39.634+0000] {logging_mixin.py:151} INFO - [2023-12-07T23:43:39.634+0000] {dagbag.py:536} INFO - Filling up the DagBag from /opt/airflow/dags/haggard-a-tale-of-three-lions.epub
[2023-12-07T23:43:39.647+0000] {processor.py:841} WARNING - No viable dags retrieved from /opt/airflow/dags/haggard-a-tale-of-three-lions.epub
[2023-12-07T23:43:39.682+0000] {processor.py:179} INFO - Processing /opt/airflow/dags/haggard-a-tale-of-three-lions.epub took 0.064 seconds
[2023-12-07T23:44:09.894+0000] {processor.py:157} INFO - Started process (PID=113) to work on /opt/airflow/dags/haggard-a-tale-of-three-lions.epub
[2023-12-07T23:44:09.896+0000] {processor.py:829} INFO - Processing file /opt/airflow/dags/haggard-a-tale-of-three-lions.epub for tasks to queue
[2023-12-07T23:44:09.899+0000] {logging_mixin.py:151} INFO - [2023-12-07T23:44:09.899+0000] {dagbag.py:536} INFO - Filling up the DagBag from /opt/airflow/dags/haggard-a-tale-of-three-lions.epub
[2023-12-07T23:44:09.902+0000] {processor.py:841} WARNING - No viable dags retrieved from /opt/airflow/dags/haggard-a-tale-of-three-lions.epub
[2023-12-07T23:44:09.920+0000] {processor.py:179} INFO - Processing /opt/airflow/dags/haggard-a-tale-of-three-lions.epub took 0.029 seconds
[2023-12-07T23:44:40.643+0000] {processor.py:157} INFO - Started process (PID=171) to work on /opt/airflow/dags/haggard-a-tale-of-three-lions.epub
[2023-12-07T23:44:40.645+0000] {processor.py:829} INFO - Processing file /opt/airflow/dags/haggard-a-tale-of-three-lions.epub for tasks to queue
[2023-12-07T23:44:40.650+0000] {logging_mixin.py:151} INFO - [2023-12-07T23:44:40.649+0000] {dagbag.py:536} INFO - Filling up the DagBag from /opt/airflow/dags/haggard-a-tale-of-three-lions.epub
[2023-12-07T23:44:40.653+0000] {processor.py:841} WARNING - No viable dags retrieved from /opt/airflow/dags/haggard-a-tale-of-three-lions.epub
[2023-12-07T23:44:40.672+0000] {processor.py:179} INFO - Processing /opt/airflow/dags/haggard-a-tale-of-three-lions.epub took 0.034 seconds
[2023-12-07T23:45:11.125+0000] {processor.py:157} INFO - Started process (PID=229) to work on /opt/airflow/dags/haggard-a-tale-of-three-lions.epub
[2023-12-07T23:45:11.128+0000] {processor.py:829} INFO - Processing file /opt/airflow/dags/haggard-a-tale-of-three-lions.epub for tasks to queue
[2023-12-07T23:45:11.130+0000] {logging_mixin.py:151} INFO - [2023-12-07T23:45:11.130+0000] {dagbag.py:536} INFO - Filling up the DagBag from /opt/airflow/dags/haggard-a-tale-of-three-lions.epub
[2023-12-07T23:45:11.134+0000] {processor.py:841} WARNING - No viable dags retrieved from /opt/airflow/dags/haggard-a-tale-of-three-lions.epub
[2023-12-07T23:45:11.152+0000] {processor.py:179} INFO - Processing /opt/airflow/dags/haggard-a-tale-of-three-lions.epub took 0.033 seconds
[2023-12-07T23:46:58.525+0000] {processor.py:157} INFO - Started process (PID=54) to work on /opt/airflow/dags/haggard-a-tale-of-three-lions.epub
[2023-12-07T23:46:58.528+0000] {processor.py:829} INFO - Processing file /opt/airflow/dags/haggard-a-tale-of-three-lions.epub for tasks to queue
[2023-12-07T23:46:58.540+0000] {logging_mixin.py:151} INFO - [2023-12-07T23:46:58.539+0000] {dagbag.py:536} INFO - Filling up the DagBag from /opt/airflow/dags/haggard-a-tale-of-three-lions.epub
[2023-12-07T23:46:58.561+0000] {processor.py:841} WARNING - No viable dags retrieved from /opt/airflow/dags/haggard-a-tale-of-three-lions.epub
[2023-12-07T23:46:58.622+0000] {processor.py:179} INFO - Processing /opt/airflow/dags/haggard-a-tale-of-three-lions.epub took 0.113 seconds
[2023-12-07T23:47:28.671+0000] {processor.py:157} INFO - Started process (PID=111) to work on /opt/airflow/dags/haggard-a-tale-of-three-lions.epub
[2023-12-07T23:47:28.673+0000] {processor.py:829} INFO - Processing file /opt/airflow/dags/haggard-a-tale-of-three-lions.epub for tasks to queue
[2023-12-07T23:47:28.676+0000] {logging_mixin.py:151} INFO - [2023-12-07T23:47:28.675+0000] {dagbag.py:536} INFO - Filling up the DagBag from /opt/airflow/dags/haggard-a-tale-of-three-lions.epub
[2023-12-07T23:47:28.679+0000] {processor.py:841} WARNING - No viable dags retrieved from /opt/airflow/dags/haggard-a-tale-of-three-lions.epub
[2023-12-07T23:47:28.697+0000] {processor.py:179} INFO - Processing /opt/airflow/dags/haggard-a-tale-of-three-lions.epub took 0.030 seconds
[2023-12-07T23:47:59.121+0000] {processor.py:157} INFO - Started process (PID=169) to work on /opt/airflow/dags/haggard-a-tale-of-three-lions.epub
[2023-12-07T23:47:59.123+0000] {processor.py:829} INFO - Processing file /opt/airflow/dags/haggard-a-tale-of-three-lions.epub for tasks to queue
[2023-12-07T23:47:59.126+0000] {logging_mixin.py:151} INFO - [2023-12-07T23:47:59.126+0000] {dagbag.py:536} INFO - Filling up the DagBag from /opt/airflow/dags/haggard-a-tale-of-three-lions.epub
[2023-12-07T23:47:59.129+0000] {processor.py:841} WARNING - No viable dags retrieved from /opt/airflow/dags/haggard-a-tale-of-three-lions.epub
[2023-12-07T23:47:59.146+0000] {processor.py:179} INFO - Processing /opt/airflow/dags/haggard-a-tale-of-three-lions.epub took 0.029 seconds
[2023-12-07T23:48:29.285+0000] {processor.py:157} INFO - Started process (PID=227) to work on /opt/airflow/dags/haggard-a-tale-of-three-lions.epub
[2023-12-07T23:48:29.287+0000] {processor.py:829} INFO - Processing file /opt/airflow/dags/haggard-a-tale-of-three-lions.epub for tasks to queue
[2023-12-07T23:48:29.290+0000] {logging_mixin.py:151} INFO - [2023-12-07T23:48:29.290+0000] {dagbag.py:536} INFO - Filling up the DagBag from /opt/airflow/dags/haggard-a-tale-of-three-lions.epub
[2023-12-07T23:48:29.294+0000] {processor.py:841} WARNING - No viable dags retrieved from /opt/airflow/dags/haggard-a-tale-of-three-lions.epub
[2023-12-07T23:48:29.311+0000] {processor.py:179} INFO - Processing /opt/airflow/dags/haggard-a-tale-of-three-lions.epub took 0.029 seconds
[2023-12-07T23:49:00.028+0000] {processor.py:157} INFO - Started process (PID=289) to work on /opt/airflow/dags/haggard-a-tale-of-three-lions.epub
[2023-12-07T23:49:00.030+0000] {processor.py:829} INFO - Processing file /opt/airflow/dags/haggard-a-tale-of-three-lions.epub for tasks to queue
[2023-12-07T23:49:00.033+0000] {logging_mixin.py:151} INFO - [2023-12-07T23:49:00.032+0000] {dagbag.py:536} INFO - Filling up the DagBag from /opt/airflow/dags/haggard-a-tale-of-three-lions.epub
[2023-12-07T23:49:00.037+0000] {processor.py:841} WARNING - No viable dags retrieved from /opt/airflow/dags/haggard-a-tale-of-three-lions.epub
[2023-12-07T23:49:00.062+0000] {processor.py:179} INFO - Processing /opt/airflow/dags/haggard-a-tale-of-three-lions.epub took 0.039 seconds
[2023-12-07T23:49:30.982+0000] {processor.py:157} INFO - Started process (PID=347) to work on /opt/airflow/dags/haggard-a-tale-of-three-lions.epub
[2023-12-07T23:49:30.984+0000] {processor.py:829} INFO - Processing file /opt/airflow/dags/haggard-a-tale-of-three-lions.epub for tasks to queue
[2023-12-07T23:49:30.987+0000] {logging_mixin.py:151} INFO - [2023-12-07T23:49:30.987+0000] {dagbag.py:536} INFO - Filling up the DagBag from /opt/airflow/dags/haggard-a-tale-of-three-lions.epub
[2023-12-07T23:49:30.995+0000] {processor.py:841} WARNING - No viable dags retrieved from /opt/airflow/dags/haggard-a-tale-of-three-lions.epub
[2023-12-07T23:49:31.031+0000] {processor.py:179} INFO - Processing /opt/airflow/dags/haggard-a-tale-of-three-lions.epub took 0.054 seconds
[2023-12-07T23:50:31.044+0000] {processor.py:157} INFO - Started process (PID=449) to work on /opt/airflow/dags/haggard-a-tale-of-three-lions.epub
[2023-12-07T23:50:31.046+0000] {processor.py:829} INFO - Processing file /opt/airflow/dags/haggard-a-tale-of-three-lions.epub for tasks to queue
[2023-12-07T23:50:31.048+0000] {logging_mixin.py:151} INFO - [2023-12-07T23:50:31.047+0000] {dagbag.py:536} INFO - Filling up the DagBag from /opt/airflow/dags/haggard-a-tale-of-three-lions.epub
[2023-12-07T23:50:31.055+0000] {processor.py:841} WARNING - No viable dags retrieved from /opt/airflow/dags/haggard-a-tale-of-three-lions.epub
[2023-12-07T23:50:31.089+0000] {processor.py:179} INFO - Processing /opt/airflow/dags/haggard-a-tale-of-three-lions.epub took 0.050 seconds
[2023-12-07T23:51:01.251+0000] {processor.py:157} INFO - Started process (PID=506) to work on /opt/airflow/dags/haggard-a-tale-of-three-lions.epub
[2023-12-07T23:51:01.253+0000] {processor.py:829} INFO - Processing file /opt/airflow/dags/haggard-a-tale-of-three-lions.epub for tasks to queue
[2023-12-07T23:51:01.254+0000] {logging_mixin.py:151} INFO - [2023-12-07T23:51:01.254+0000] {dagbag.py:536} INFO - Filling up the DagBag from /opt/airflow/dags/haggard-a-tale-of-three-lions.epub
[2023-12-07T23:51:01.258+0000] {processor.py:841} WARNING - No viable dags retrieved from /opt/airflow/dags/haggard-a-tale-of-three-lions.epub
[2023-12-07T23:51:01.278+0000] {processor.py:179} INFO - Processing /opt/airflow/dags/haggard-a-tale-of-three-lions.epub took 0.030 seconds
[2023-12-07T23:51:31.785+0000] {processor.py:157} INFO - Started process (PID=564) to work on /opt/airflow/dags/haggard-a-tale-of-three-lions.epub
[2023-12-07T23:51:31.787+0000] {processor.py:829} INFO - Processing file /opt/airflow/dags/haggard-a-tale-of-three-lions.epub for tasks to queue
[2023-12-07T23:51:31.788+0000] {logging_mixin.py:151} INFO - [2023-12-07T23:51:31.788+0000] {dagbag.py:536} INFO - Filling up the DagBag from /opt/airflow/dags/haggard-a-tale-of-three-lions.epub
[2023-12-07T23:51:31.791+0000] {processor.py:841} WARNING - No viable dags retrieved from /opt/airflow/dags/haggard-a-tale-of-three-lions.epub
[2023-12-07T23:51:31.817+0000] {processor.py:179} INFO - Processing /opt/airflow/dags/haggard-a-tale-of-three-lions.epub took 0.036 seconds
[2023-12-07T23:52:02.308+0000] {processor.py:157} INFO - Started process (PID=622) to work on /opt/airflow/dags/haggard-a-tale-of-three-lions.epub
[2023-12-07T23:52:02.310+0000] {processor.py:829} INFO - Processing file /opt/airflow/dags/haggard-a-tale-of-three-lions.epub for tasks to queue
[2023-12-07T23:52:02.311+0000] {logging_mixin.py:151} INFO - [2023-12-07T23:52:02.311+0000] {dagbag.py:536} INFO - Filling up the DagBag from /opt/airflow/dags/haggard-a-tale-of-three-lions.epub
[2023-12-07T23:52:02.314+0000] {processor.py:841} WARNING - No viable dags retrieved from /opt/airflow/dags/haggard-a-tale-of-three-lions.epub
[2023-12-07T23:52:02.332+0000] {processor.py:179} INFO - Processing /opt/airflow/dags/haggard-a-tale-of-three-lions.epub took 0.028 seconds
[2023-12-07T23:52:32.645+0000] {processor.py:157} INFO - Started process (PID=683) to work on /opt/airflow/dags/haggard-a-tale-of-three-lions.epub
[2023-12-07T23:52:32.647+0000] {processor.py:829} INFO - Processing file /opt/airflow/dags/haggard-a-tale-of-three-lions.epub for tasks to queue
[2023-12-07T23:52:32.648+0000] {logging_mixin.py:151} INFO - [2023-12-07T23:52:32.648+0000] {dagbag.py:536} INFO - Filling up the DagBag from /opt/airflow/dags/haggard-a-tale-of-three-lions.epub
[2023-12-07T23:52:32.651+0000] {processor.py:841} WARNING - No viable dags retrieved from /opt/airflow/dags/haggard-a-tale-of-three-lions.epub
[2023-12-07T23:52:32.670+0000] {processor.py:179} INFO - Processing /opt/airflow/dags/haggard-a-tale-of-three-lions.epub took 0.029 seconds
[2023-12-07T23:53:02.804+0000] {processor.py:157} INFO - Started process (PID=741) to work on /opt/airflow/dags/haggard-a-tale-of-three-lions.epub
[2023-12-07T23:53:02.805+0000] {processor.py:829} INFO - Processing file /opt/airflow/dags/haggard-a-tale-of-three-lions.epub for tasks to queue
[2023-12-07T23:53:02.807+0000] {logging_mixin.py:151} INFO - [2023-12-07T23:53:02.806+0000] {dagbag.py:536} INFO - Filling up the DagBag from /opt/airflow/dags/haggard-a-tale-of-three-lions.epub
[2023-12-07T23:53:02.810+0000] {processor.py:841} WARNING - No viable dags retrieved from /opt/airflow/dags/haggard-a-tale-of-three-lions.epub
[2023-12-07T23:53:02.828+0000] {processor.py:179} INFO - Processing /opt/airflow/dags/haggard-a-tale-of-three-lions.epub took 0.029 seconds
[2023-12-07T23:53:32.934+0000] {processor.py:157} INFO - Started process (PID=799) to work on /opt/airflow/dags/haggard-a-tale-of-three-lions.epub
[2023-12-07T23:53:32.936+0000] {processor.py:829} INFO - Processing file /opt/airflow/dags/haggard-a-tale-of-three-lions.epub for tasks to queue
[2023-12-07T23:53:32.937+0000] {logging_mixin.py:151} INFO - [2023-12-07T23:53:32.936+0000] {dagbag.py:536} INFO - Filling up the DagBag from /opt/airflow/dags/haggard-a-tale-of-three-lions.epub
[2023-12-07T23:53:32.941+0000] {processor.py:841} WARNING - No viable dags retrieved from /opt/airflow/dags/haggard-a-tale-of-three-lions.epub
[2023-12-07T23:53:32.961+0000] {processor.py:179} INFO - Processing /opt/airflow/dags/haggard-a-tale-of-three-lions.epub took 0.032 seconds
[2023-12-07T23:54:03.416+0000] {processor.py:157} INFO - Started process (PID=856) to work on /opt/airflow/dags/haggard-a-tale-of-three-lions.epub
[2023-12-07T23:54:03.419+0000] {processor.py:829} INFO - Processing file /opt/airflow/dags/haggard-a-tale-of-three-lions.epub for tasks to queue
[2023-12-07T23:54:03.420+0000] {logging_mixin.py:151} INFO - [2023-12-07T23:54:03.420+0000] {dagbag.py:536} INFO - Filling up the DagBag from /opt/airflow/dags/haggard-a-tale-of-three-lions.epub
[2023-12-07T23:54:03.424+0000] {processor.py:841} WARNING - No viable dags retrieved from /opt/airflow/dags/haggard-a-tale-of-three-lions.epub
[2023-12-07T23:54:03.451+0000] {processor.py:179} INFO - Processing /opt/airflow/dags/haggard-a-tale-of-three-lions.epub took 0.041 seconds
[2023-12-07T23:54:33.730+0000] {processor.py:157} INFO - Started process (PID=914) to work on /opt/airflow/dags/haggard-a-tale-of-three-lions.epub
[2023-12-07T23:54:33.731+0000] {processor.py:829} INFO - Processing file /opt/airflow/dags/haggard-a-tale-of-three-lions.epub for tasks to queue
[2023-12-07T23:54:33.732+0000] {logging_mixin.py:151} INFO - [2023-12-07T23:54:33.732+0000] {dagbag.py:536} INFO - Filling up the DagBag from /opt/airflow/dags/haggard-a-tale-of-three-lions.epub
[2023-12-07T23:54:33.736+0000] {processor.py:841} WARNING - No viable dags retrieved from /opt/airflow/dags/haggard-a-tale-of-three-lions.epub
[2023-12-07T23:54:33.755+0000] {processor.py:179} INFO - Processing /opt/airflow/dags/haggard-a-tale-of-three-lions.epub took 0.029 seconds
[2023-12-07T23:55:04.004+0000] {processor.py:157} INFO - Started process (PID=973) to work on /opt/airflow/dags/haggard-a-tale-of-three-lions.epub
[2023-12-07T23:55:04.008+0000] {processor.py:829} INFO - Processing file /opt/airflow/dags/haggard-a-tale-of-three-lions.epub for tasks to queue
[2023-12-07T23:55:04.009+0000] {logging_mixin.py:151} INFO - [2023-12-07T23:55:04.009+0000] {dagbag.py:536} INFO - Filling up the DagBag from /opt/airflow/dags/haggard-a-tale-of-three-lions.epub
[2023-12-07T23:55:04.019+0000] {processor.py:841} WARNING - No viable dags retrieved from /opt/airflow/dags/haggard-a-tale-of-three-lions.epub
[2023-12-07T23:55:04.043+0000] {processor.py:179} INFO - Processing /opt/airflow/dags/haggard-a-tale-of-three-lions.epub took 0.047 seconds
[2023-12-07T23:55:35.122+0000] {processor.py:157} INFO - Started process (PID=1031) to work on /opt/airflow/dags/haggard-a-tale-of-three-lions.epub
[2023-12-07T23:55:35.124+0000] {processor.py:829} INFO - Processing file /opt/airflow/dags/haggard-a-tale-of-three-lions.epub for tasks to queue
[2023-12-07T23:55:35.127+0000] {logging_mixin.py:151} INFO - [2023-12-07T23:55:35.126+0000] {dagbag.py:536} INFO - Filling up the DagBag from /opt/airflow/dags/haggard-a-tale-of-three-lions.epub
[2023-12-07T23:55:35.132+0000] {processor.py:841} WARNING - No viable dags retrieved from /opt/airflow/dags/haggard-a-tale-of-three-lions.epub
[2023-12-07T23:55:35.171+0000] {processor.py:179} INFO - Processing /opt/airflow/dags/haggard-a-tale-of-three-lions.epub took 0.059 seconds
[2023-12-07T23:56:06.070+0000] {processor.py:157} INFO - Started process (PID=1090) to work on /opt/airflow/dags/haggard-a-tale-of-three-lions.epub
[2023-12-07T23:56:06.072+0000] {processor.py:829} INFO - Processing file /opt/airflow/dags/haggard-a-tale-of-three-lions.epub for tasks to queue
[2023-12-07T23:56:06.073+0000] {logging_mixin.py:151} INFO - [2023-12-07T23:56:06.073+0000] {dagbag.py:536} INFO - Filling up the DagBag from /opt/airflow/dags/haggard-a-tale-of-three-lions.epub
[2023-12-07T23:56:06.077+0000] {processor.py:841} WARNING - No viable dags retrieved from /opt/airflow/dags/haggard-a-tale-of-three-lions.epub
[2023-12-07T23:56:06.097+0000] {processor.py:179} INFO - Processing /opt/airflow/dags/haggard-a-tale-of-three-lions.epub took 0.031 seconds
[2023-12-07T23:56:36.680+0000] {processor.py:157} INFO - Started process (PID=1149) to work on /opt/airflow/dags/haggard-a-tale-of-three-lions.epub
[2023-12-07T23:56:36.682+0000] {processor.py:829} INFO - Processing file /opt/airflow/dags/haggard-a-tale-of-three-lions.epub for tasks to queue
[2023-12-07T23:56:36.684+0000] {logging_mixin.py:151} INFO - [2023-12-07T23:56:36.683+0000] {dagbag.py:536} INFO - Filling up the DagBag from /opt/airflow/dags/haggard-a-tale-of-three-lions.epub
[2023-12-07T23:56:36.688+0000] {processor.py:841} WARNING - No viable dags retrieved from /opt/airflow/dags/haggard-a-tale-of-three-lions.epub
[2023-12-07T23:56:36.707+0000] {processor.py:179} INFO - Processing /opt/airflow/dags/haggard-a-tale-of-three-lions.epub took 0.031 seconds
[2023-12-07T23:57:07.141+0000] {processor.py:157} INFO - Started process (PID=1207) to work on /opt/airflow/dags/haggard-a-tale-of-three-lions.epub
[2023-12-07T23:57:07.143+0000] {processor.py:829} INFO - Processing file /opt/airflow/dags/haggard-a-tale-of-three-lions.epub for tasks to queue
[2023-12-07T23:57:07.144+0000] {logging_mixin.py:151} INFO - [2023-12-07T23:57:07.144+0000] {dagbag.py:536} INFO - Filling up the DagBag from /opt/airflow/dags/haggard-a-tale-of-three-lions.epub
[2023-12-07T23:57:07.148+0000] {processor.py:841} WARNING - No viable dags retrieved from /opt/airflow/dags/haggard-a-tale-of-three-lions.epub
[2023-12-07T23:57:07.169+0000] {processor.py:179} INFO - Processing /opt/airflow/dags/haggard-a-tale-of-three-lions.epub took 0.031 seconds
[2023-12-07T23:57:37.270+0000] {processor.py:157} INFO - Started process (PID=1265) to work on /opt/airflow/dags/haggard-a-tale-of-three-lions.epub
[2023-12-07T23:57:37.272+0000] {processor.py:829} INFO - Processing file /opt/airflow/dags/haggard-a-tale-of-three-lions.epub for tasks to queue
[2023-12-07T23:57:37.274+0000] {logging_mixin.py:151} INFO - [2023-12-07T23:57:37.274+0000] {dagbag.py:536} INFO - Filling up the DagBag from /opt/airflow/dags/haggard-a-tale-of-three-lions.epub
[2023-12-07T23:57:37.279+0000] {processor.py:841} WARNING - No viable dags retrieved from /opt/airflow/dags/haggard-a-tale-of-three-lions.epub
[2023-12-07T23:57:37.311+0000] {processor.py:179} INFO - Processing /opt/airflow/dags/haggard-a-tale-of-three-lions.epub took 0.047 seconds
[2023-12-07T23:58:07.680+0000] {processor.py:157} INFO - Started process (PID=1323) to work on /opt/airflow/dags/haggard-a-tale-of-three-lions.epub
[2023-12-07T23:58:07.682+0000] {processor.py:829} INFO - Processing file /opt/airflow/dags/haggard-a-tale-of-three-lions.epub for tasks to queue
[2023-12-07T23:58:07.684+0000] {logging_mixin.py:151} INFO - [2023-12-07T23:58:07.683+0000] {dagbag.py:536} INFO - Filling up the DagBag from /opt/airflow/dags/haggard-a-tale-of-three-lions.epub
[2023-12-07T23:58:07.687+0000] {processor.py:841} WARNING - No viable dags retrieved from /opt/airflow/dags/haggard-a-tale-of-three-lions.epub
[2023-12-07T23:58:07.705+0000] {processor.py:179} INFO - Processing /opt/airflow/dags/haggard-a-tale-of-three-lions.epub took 0.029 seconds
[2023-12-07T23:58:37.901+0000] {processor.py:157} INFO - Started process (PID=1381) to work on /opt/airflow/dags/haggard-a-tale-of-three-lions.epub
[2023-12-07T23:58:37.904+0000] {processor.py:829} INFO - Processing file /opt/airflow/dags/haggard-a-tale-of-three-lions.epub for tasks to queue
[2023-12-07T23:58:37.906+0000] {logging_mixin.py:151} INFO - [2023-12-07T23:58:37.906+0000] {dagbag.py:536} INFO - Filling up the DagBag from /opt/airflow/dags/haggard-a-tale-of-three-lions.epub
[2023-12-07T23:58:37.910+0000] {processor.py:841} WARNING - No viable dags retrieved from /opt/airflow/dags/haggard-a-tale-of-three-lions.epub
[2023-12-07T23:58:37.930+0000] {processor.py:179} INFO - Processing /opt/airflow/dags/haggard-a-tale-of-three-lions.epub took 0.036 seconds
[2023-12-07T23:59:08.068+0000] {processor.py:157} INFO - Started process (PID=1438) to work on /opt/airflow/dags/haggard-a-tale-of-three-lions.epub
[2023-12-07T23:59:08.070+0000] {processor.py:829} INFO - Processing file /opt/airflow/dags/haggard-a-tale-of-three-lions.epub for tasks to queue
[2023-12-07T23:59:08.071+0000] {logging_mixin.py:151} INFO - [2023-12-07T23:59:08.071+0000] {dagbag.py:536} INFO - Filling up the DagBag from /opt/airflow/dags/haggard-a-tale-of-three-lions.epub
[2023-12-07T23:59:08.075+0000] {processor.py:841} WARNING - No viable dags retrieved from /opt/airflow/dags/haggard-a-tale-of-three-lions.epub
[2023-12-07T23:59:08.095+0000] {processor.py:179} INFO - Processing /opt/airflow/dags/haggard-a-tale-of-three-lions.epub took 0.031 seconds
[2023-12-07T23:59:38.473+0000] {processor.py:157} INFO - Started process (PID=1496) to work on /opt/airflow/dags/haggard-a-tale-of-three-lions.epub
[2023-12-07T23:59:38.475+0000] {processor.py:829} INFO - Processing file /opt/airflow/dags/haggard-a-tale-of-three-lions.epub for tasks to queue
[2023-12-07T23:59:38.476+0000] {logging_mixin.py:151} INFO - [2023-12-07T23:59:38.476+0000] {dagbag.py:536} INFO - Filling up the DagBag from /opt/airflow/dags/haggard-a-tale-of-three-lions.epub
[2023-12-07T23:59:38.479+0000] {processor.py:841} WARNING - No viable dags retrieved from /opt/airflow/dags/haggard-a-tale-of-three-lions.epub
[2023-12-07T23:59:38.497+0000] {processor.py:179} INFO - Processing /opt/airflow/dags/haggard-a-tale-of-three-lions.epub took 0.028 seconds
