[2023-11-08T00:51:24.769+0000] {processor.py:157} INFO - Started process (PID=75) to work on /opt/airflow/dags/sandbox.py
[2023-11-08T00:51:24.775+0000] {processor.py:829} INFO - Processing file /opt/airflow/dags/sandbox.py for tasks to queue
[2023-11-08T00:51:24.793+0000] {logging_mixin.py:151} INFO - [2023-11-08T00:51:24.791+0000] {dagbag.py:536} INFO - Filling up the DagBag from /opt/airflow/dags/sandbox.py
[2023-11-08T00:51:48.072+0000] {processor.py:839} INFO - DAG(s) dict_keys(['sandbox']) retrieved from /opt/airflow/dags/sandbox.py
[2023-11-08T00:51:48.617+0000] {logging_mixin.py:151} INFO - [2023-11-08T00:51:48.616+0000] {manager.py:499} INFO - Created Permission View: %s
[2023-11-08T00:51:48.631+0000] {logging_mixin.py:151} INFO - [2023-11-08T00:51:48.631+0000] {manager.py:499} INFO - Created Permission View: %s
[2023-11-08T00:51:48.639+0000] {logging_mixin.py:151} INFO - [2023-11-08T00:51:48.639+0000] {manager.py:499} INFO - Created Permission View: %s
[2023-11-08T00:51:48.641+0000] {logging_mixin.py:151} INFO - [2023-11-08T00:51:48.640+0000] {dag.py:2941} INFO - Sync 1 DAGs
[2023-11-08T00:51:48.670+0000] {logging_mixin.py:151} INFO - [2023-11-08T00:51:48.669+0000] {dag.py:2963} INFO - Creating ORM DAG for sandbox
[2023-11-08T00:51:48.690+0000] {logging_mixin.py:151} INFO - [2023-11-08T00:51:48.689+0000] {dag.py:3722} INFO - Setting next_dagrun for sandbox to 2023-11-08T00:00:00+00:00, run_after=2023-11-09T00:00:00+00:00
[2023-11-08T00:51:48.730+0000] {processor.py:179} INFO - Processing /opt/airflow/dags/sandbox.py took 23.968 seconds
[2023-11-08T00:52:19.133+0000] {processor.py:157} INFO - Started process (PID=168) to work on /opt/airflow/dags/sandbox.py
[2023-11-08T00:52:19.135+0000] {processor.py:829} INFO - Processing file /opt/airflow/dags/sandbox.py for tasks to queue
[2023-11-08T00:52:19.150+0000] {logging_mixin.py:151} INFO - [2023-11-08T00:52:19.148+0000] {dagbag.py:536} INFO - Filling up the DagBag from /opt/airflow/dags/sandbox.py
[2023-11-08T00:52:26.635+0000] {processor.py:839} INFO - DAG(s) dict_keys(['sandbox']) retrieved from /opt/airflow/dags/sandbox.py
[2023-11-08T00:52:26.714+0000] {logging_mixin.py:151} INFO - [2023-11-08T00:52:26.713+0000] {dag.py:2941} INFO - Sync 1 DAGs
[2023-11-08T00:52:26.749+0000] {logging_mixin.py:151} INFO - [2023-11-08T00:52:26.749+0000] {dag.py:3722} INFO - Setting next_dagrun for sandbox to 2023-11-08T00:00:00+00:00, run_after=2023-11-09T00:00:00+00:00
[2023-11-08T00:52:26.780+0000] {processor.py:179} INFO - Processing /opt/airflow/dags/sandbox.py took 7.655 seconds
[2023-11-08T00:52:57.566+0000] {processor.py:157} INFO - Started process (PID=254) to work on /opt/airflow/dags/sandbox.py
[2023-11-08T00:52:57.568+0000] {processor.py:829} INFO - Processing file /opt/airflow/dags/sandbox.py for tasks to queue
[2023-11-08T00:52:57.575+0000] {logging_mixin.py:151} INFO - [2023-11-08T00:52:57.574+0000] {dagbag.py:536} INFO - Filling up the DagBag from /opt/airflow/dags/sandbox.py
[2023-11-08T00:53:09.279+0000] {processor.py:839} INFO - DAG(s) dict_keys(['sandbox']) retrieved from /opt/airflow/dags/sandbox.py
[2023-11-08T00:53:09.394+0000] {logging_mixin.py:151} INFO - [2023-11-08T00:53:09.393+0000] {dag.py:2941} INFO - Sync 1 DAGs
[2023-11-08T00:53:09.432+0000] {logging_mixin.py:151} INFO - [2023-11-08T00:53:09.431+0000] {dag.py:3722} INFO - Setting next_dagrun for sandbox to 2023-11-08T00:00:00+00:00, run_after=2023-11-09T00:00:00+00:00
[2023-11-08T00:53:09.464+0000] {processor.py:179} INFO - Processing /opt/airflow/dags/sandbox.py took 11.907 seconds
[2023-11-08T00:53:39.734+0000] {processor.py:157} INFO - Started process (PID=329) to work on /opt/airflow/dags/sandbox.py
[2023-11-08T00:53:39.738+0000] {processor.py:829} INFO - Processing file /opt/airflow/dags/sandbox.py for tasks to queue
[2023-11-08T00:53:39.750+0000] {logging_mixin.py:151} INFO - [2023-11-08T00:53:39.749+0000] {dagbag.py:536} INFO - Filling up the DagBag from /opt/airflow/dags/sandbox.py
[2023-11-08T00:53:47.434+0000] {processor.py:839} INFO - DAG(s) dict_keys(['sandbox']) retrieved from /opt/airflow/dags/sandbox.py
[2023-11-08T00:53:47.473+0000] {logging_mixin.py:151} INFO - [2023-11-08T00:53:47.472+0000] {dag.py:2941} INFO - Sync 1 DAGs
[2023-11-08T00:53:47.491+0000] {logging_mixin.py:151} INFO - [2023-11-08T00:53:47.491+0000] {dag.py:3722} INFO - Setting next_dagrun for sandbox to 2023-11-08T00:00:00+00:00, run_after=2023-11-09T00:00:00+00:00
[2023-11-08T00:53:47.506+0000] {processor.py:179} INFO - Processing /opt/airflow/dags/sandbox.py took 7.788 seconds
[2023-11-08T00:54:18.224+0000] {processor.py:157} INFO - Started process (PID=410) to work on /opt/airflow/dags/sandbox.py
[2023-11-08T00:54:18.229+0000] {processor.py:829} INFO - Processing file /opt/airflow/dags/sandbox.py for tasks to queue
[2023-11-08T00:54:18.239+0000] {logging_mixin.py:151} INFO - [2023-11-08T00:54:18.238+0000] {dagbag.py:536} INFO - Filling up the DagBag from /opt/airflow/dags/sandbox.py
[2023-11-08T00:54:23.409+0000] {processor.py:839} INFO - DAG(s) dict_keys(['sandbox']) retrieved from /opt/airflow/dags/sandbox.py
[2023-11-08T00:54:23.472+0000] {logging_mixin.py:151} INFO - [2023-11-08T00:54:23.471+0000] {dag.py:2941} INFO - Sync 1 DAGs
[2023-11-08T00:54:23.499+0000] {logging_mixin.py:151} INFO - [2023-11-08T00:54:23.499+0000] {dag.py:3722} INFO - Setting next_dagrun for sandbox to 2023-11-08T00:00:00+00:00, run_after=2023-11-09T00:00:00+00:00
[2023-11-08T00:54:23.519+0000] {processor.py:179} INFO - Processing /opt/airflow/dags/sandbox.py took 5.309 seconds
[2023-11-08T00:55:51.113+0000] {processor.py:157} INFO - Started process (PID=483) to work on /opt/airflow/dags/sandbox.py
[2023-11-08T00:55:51.131+0000] {processor.py:829} INFO - Processing file /opt/airflow/dags/sandbox.py for tasks to queue
[2023-11-08T00:55:51.150+0000] {logging_mixin.py:151} INFO - [2023-11-08T00:55:51.144+0000] {dagbag.py:536} INFO - Filling up the DagBag from /opt/airflow/dags/sandbox.py
[2023-11-08T00:58:40.269+0000] {processor.py:157} INFO - Started process (PID=537) to work on /opt/airflow/dags/sandbox.py
[2023-11-08T00:58:40.286+0000] {processor.py:829} INFO - Processing file /opt/airflow/dags/sandbox.py for tasks to queue
[2023-11-08T00:58:40.313+0000] {logging_mixin.py:151} INFO - [2023-11-08T00:58:40.311+0000] {dagbag.py:536} INFO - Filling up the DagBag from /opt/airflow/dags/sandbox.py
[2023-11-08T01:00:14.541+0000] {processor.py:157} INFO - Started process (PID=579) to work on /opt/airflow/dags/sandbox.py
[2023-11-08T01:00:14.560+0000] {processor.py:829} INFO - Processing file /opt/airflow/dags/sandbox.py for tasks to queue
[2023-11-08T01:00:14.576+0000] {logging_mixin.py:151} INFO - [2023-11-08T01:00:14.570+0000] {dagbag.py:536} INFO - Filling up the DagBag from /opt/airflow/dags/sandbox.py
[2023-11-08T01:02:50.851+0000] {processor.py:157} INFO - Started process (PID=623) to work on /opt/airflow/dags/sandbox.py
[2023-11-08T01:02:50.952+0000] {processor.py:829} INFO - Processing file /opt/airflow/dags/sandbox.py for tasks to queue
[2023-11-08T01:02:51.000+0000] {logging_mixin.py:151} INFO - [2023-11-08T01:02:50.993+0000] {dagbag.py:536} INFO - Filling up the DagBag from /opt/airflow/dags/sandbox.py
[2023-11-08T01:05:26.069+0000] {processor.py:157} INFO - Started process (PID=679) to work on /opt/airflow/dags/sandbox.py
[2023-11-08T01:05:26.084+0000] {processor.py:829} INFO - Processing file /opt/airflow/dags/sandbox.py for tasks to queue
[2023-11-08T01:05:26.155+0000] {logging_mixin.py:151} INFO - [2023-11-08T01:05:26.091+0000] {dagbag.py:536} INFO - Filling up the DagBag from /opt/airflow/dags/sandbox.py
[2023-11-08T01:07:27.298+0000] {processor.py:157} INFO - Started process (PID=730) to work on /opt/airflow/dags/sandbox.py
[2023-11-08T01:07:27.477+0000] {processor.py:829} INFO - Processing file /opt/airflow/dags/sandbox.py for tasks to queue
[2023-11-08T01:07:27.511+0000] {logging_mixin.py:151} INFO - [2023-11-08T01:07:27.504+0000] {dagbag.py:536} INFO - Filling up the DagBag from /opt/airflow/dags/sandbox.py
[2023-11-08T01:09:07.449+0000] {processor.py:157} INFO - Started process (PID=773) to work on /opt/airflow/dags/sandbox.py
[2023-11-08T01:09:07.476+0000] {processor.py:829} INFO - Processing file /opt/airflow/dags/sandbox.py for tasks to queue
[2023-11-08T01:09:07.497+0000] {logging_mixin.py:151} INFO - [2023-11-08T01:09:07.486+0000] {dagbag.py:536} INFO - Filling up the DagBag from /opt/airflow/dags/sandbox.py
[2023-11-08T01:12:50.015+0000] {processor.py:157} INFO - Started process (PID=839) to work on /opt/airflow/dags/sandbox.py
[2023-11-08T01:12:50.049+0000] {processor.py:829} INFO - Processing file /opt/airflow/dags/sandbox.py for tasks to queue
[2023-11-08T01:12:50.060+0000] {logging_mixin.py:151} INFO - [2023-11-08T01:12:50.058+0000] {dagbag.py:536} INFO - Filling up the DagBag from /opt/airflow/dags/sandbox.py
