[2023-12-09T21:41:15.058+0000] {manager.py:487} INFO - Processing files using up to 2 processes at a time 
[2023-12-09T21:41:15.060+0000] {manager.py:488} INFO - Process each file at most once every 30 seconds
[2023-12-09T21:41:15.061+0000] {manager.py:489} INFO - Checking for new files in /opt/airflow/dags every 300 seconds
[2023-12-09T21:41:15.062+0000] {manager.py:755} INFO - Searching for files in /opt/airflow/dags
[2023-12-09T21:41:15.079+0000] {manager.py:758} INFO - There are 2 files in /opt/airflow/dags
[2023-12-09T21:41:15.255+0000] {manager.py:887} INFO - 
================================================================================
DAG File Processing Stats

File Path                                                           PID  Runtime      # DAGs    # Errors  Last Runtime    Last Run
----------------------------------------------------------------  -----  ---------  --------  ----------  --------------  -------------------
/opt/airflow/dags/carroll-alice-in-wonderland-illustrations.epub                           0           0  0.08s           2023-12-09T21:41:15
/opt/airflow/dags/sandbox.py                                         44  0.06s             0           0
================================================================================
[2023-12-09T21:41:45.693+0000] {manager.py:887} INFO - 
================================================================================
DAG File Processing Stats

File Path                                                           PID  Runtime      # DAGs    # Errors  Last Runtime    Last Run
----------------------------------------------------------------  -----  ---------  --------  ----------  --------------  -------------------
/opt/airflow/dags/carroll-alice-in-wonderland-illustrations.epub     52  0.02s             0           0  0.08s           2023-12-09T21:41:15
/opt/airflow/dags/sandbox.py                                                               1           0  2.76s           2023-12-09T21:41:17
================================================================================
[2023-12-09T21:42:16.168+0000] {manager.py:887} INFO - 
================================================================================
DAG File Processing Stats

File Path                                                           PID  Runtime      # DAGs    # Errors  Last Runtime    Last Run
----------------------------------------------------------------  -----  ---------  --------  ----------  --------------  -------------------
/opt/airflow/dags/carroll-alice-in-wonderland-illustrations.epub     61  0.02s             0           0  0.10s           2023-12-09T21:41:45
/opt/airflow/dags/sandbox.py                                                               1           0  1.02s           2023-12-09T21:41:49
================================================================================
[2023-12-09T21:42:46.233+0000] {manager.py:887} INFO - 
================================================================================
DAG File Processing Stats

File Path                                                         PID    Runtime      # DAGs    # Errors  Last Runtime    Last Run
----------------------------------------------------------------  -----  ---------  --------  ----------  --------------  -------------------
/opt/airflow/dags/carroll-alice-in-wonderland-illustrations.epub                           0           0  0.08s           2023-12-09T21:42:16
/opt/airflow/dags/sandbox.py                                                               1           0  0.75s           2023-12-09T21:42:20
================================================================================
[2023-12-09T21:43:16.572+0000] {manager.py:887} INFO - 
================================================================================
DAG File Processing Stats

File Path                                                         PID    Runtime      # DAGs    # Errors  Last Runtime    Last Run
----------------------------------------------------------------  -----  ---------  --------  ----------  --------------  -------------------
/opt/airflow/dags/carroll-alice-in-wonderland-illustrations.epub                           0           0  0.07s           2023-12-09T21:42:46
/opt/airflow/dags/sandbox.py                                                               1           0  0.71s           2023-12-09T21:42:52
================================================================================
[2023-12-09T21:43:47.059+0000] {manager.py:887} INFO - 
================================================================================
DAG File Processing Stats

File Path                                                           PID  Runtime      # DAGs    # Errors  Last Runtime    Last Run
----------------------------------------------------------------  -----  ---------  --------  ----------  --------------  -------------------
/opt/airflow/dags/carroll-alice-in-wonderland-illustrations.epub     89  0.03s             0           0  0.07s           2023-12-09T21:43:16
/opt/airflow/dags/sandbox.py                                                               1           0  0.75s           2023-12-09T21:43:23
================================================================================
[2023-12-09T21:44:17.143+0000] {manager.py:887} INFO - 
================================================================================
DAG File Processing Stats

File Path                                                         PID    Runtime      # DAGs    # Errors  Last Runtime    Last Run
----------------------------------------------------------------  -----  ---------  --------  ----------  --------------  -------------------
/opt/airflow/dags/carroll-alice-in-wonderland-illustrations.epub                           0           0  0.12s           2023-12-09T21:43:47
/opt/airflow/dags/sandbox.py                                                               1           0  0.74s           2023-12-09T21:43:54
================================================================================
[2023-12-09T21:44:47.788+0000] {manager.py:887} INFO - 
================================================================================
DAG File Processing Stats

File Path                                                           PID  Runtime      # DAGs    # Errors  Last Runtime    Last Run
----------------------------------------------------------------  -----  ---------  --------  ----------  --------------  -------------------
/opt/airflow/dags/carroll-alice-in-wonderland-illustrations.epub    107  0.03s             0           0  0.12s           2023-12-09T21:44:17
/opt/airflow/dags/sandbox.py                                                               1           0  0.79s           2023-12-09T21:44:26
================================================================================
[2023-12-09T21:45:17.957+0000] {manager.py:887} INFO - 
================================================================================
DAG File Processing Stats

File Path                                                           PID  Runtime      # DAGs    # Errors  Last Runtime    Last Run
----------------------------------------------------------------  -----  ---------  --------  ----------  --------------  -------------------
/opt/airflow/dags/carroll-alice-in-wonderland-illustrations.epub    116  0.01s             0           0  0.09s           2023-12-09T21:44:47
/opt/airflow/dags/sandbox.py                                                               1           0  0.79s           2023-12-09T21:44:57
================================================================================
[2023-12-09T21:45:48.253+0000] {manager.py:887} INFO - 
================================================================================
DAG File Processing Stats

File Path                                                           PID  Runtime      # DAGs    # Errors  Last Runtime    Last Run
----------------------------------------------------------------  -----  ---------  --------  ----------  --------------  -------------------
/opt/airflow/dags/carroll-alice-in-wonderland-illustrations.epub    125  0.05s             0           0  0.07s           2023-12-09T21:45:18
/opt/airflow/dags/sandbox.py                                                               1           0  0.83s           2023-12-09T21:45:28
================================================================================
[2023-12-09T21:46:15.668+0000] {manager.py:755} INFO - Searching for files in /opt/airflow/dags
[2023-12-09T21:46:15.700+0000] {manager.py:758} INFO - There are 2 files in /opt/airflow/dags
[2023-12-09T21:46:18.842+0000] {manager.py:887} INFO - 
================================================================================
DAG File Processing Stats

File Path                                                           PID  Runtime      # DAGs    # Errors  Last Runtime    Last Run
----------------------------------------------------------------  -----  ---------  --------  ----------  --------------  -------------------
/opt/airflow/dags/carroll-alice-in-wonderland-illustrations.epub    135  0.01s             0           0  0.12s           2023-12-09T21:45:48
/opt/airflow/dags/sandbox.py                                                               1           0  1.05s           2023-12-09T21:46:11
================================================================================
[2023-12-09T21:46:49.515+0000] {manager.py:887} INFO - 
================================================================================
DAG File Processing Stats

File Path                                                           PID  Runtime      # DAGs    # Errors  Last Runtime    Last Run
----------------------------------------------------------------  -----  ---------  --------  ----------  --------------  -------------------
/opt/airflow/dags/carroll-alice-in-wonderland-illustrations.epub    145  0.03s             0           0  0.06s           2023-12-09T21:46:18
/opt/airflow/dags/sandbox.py                                                               1           0  1.05s           2023-12-09T21:46:43
================================================================================
[2023-12-09T21:47:16.787+0000] {manager.py:1137} WARNING - Skipping processing of missing file: /opt/airflow/dags/carroll-alice-in-wonderland-illustrations.epub
[2023-12-09T21:47:19.619+0000] {manager.py:887} INFO - 
================================================================================
DAG File Processing Stats

File Path                     PID    Runtime      # DAGs    # Errors  Last Runtime    Last Run
----------------------------  -----  ---------  --------  ----------  --------------  -------------------
/opt/airflow/dags/sandbox.py                           1           0  0.73s           2023-12-09T21:46:51
================================================================================
[2023-12-09T21:47:50.099+0000] {manager.py:887} INFO - 
================================================================================
DAG File Processing Stats

File Path                     PID    Runtime      # DAGs    # Errors  Last Runtime    Last Run
----------------------------  -----  ---------  --------  ----------  --------------  -------------------
/opt/airflow/dags/sandbox.py                           1           0  0.61s           2023-12-09T21:47:22
================================================================================
[2023-12-09T21:48:20.459+0000] {manager.py:887} INFO - 
================================================================================
DAG File Processing Stats

File Path                     PID    Runtime      # DAGs    # Errors  Last Runtime    Last Run
----------------------------  -----  ---------  --------  ----------  --------------  -------------------
/opt/airflow/dags/sandbox.py                           1           0  0.76s           2023-12-09T21:47:53
================================================================================
[2023-12-09T21:48:50.560+0000] {manager.py:887} INFO - 
================================================================================
DAG File Processing Stats

File Path                     PID    Runtime      # DAGs    # Errors  Last Runtime    Last Run
----------------------------  -----  ---------  --------  ----------  --------------  -------------------
/opt/airflow/dags/sandbox.py                           1           0  0.75s           2023-12-09T21:48:24
================================================================================
[2023-12-09T21:49:20.577+0000] {manager.py:887} INFO - 
================================================================================
DAG File Processing Stats

File Path                     PID    Runtime      # DAGs    # Errors  Last Runtime    Last Run
----------------------------  -----  ---------  --------  ----------  --------------  -------------------
/opt/airflow/dags/sandbox.py                           1           0  0.68s           2023-12-09T21:48:55
================================================================================
[2023-12-09T21:49:51.406+0000] {manager.py:887} INFO - 
================================================================================
DAG File Processing Stats

File Path                     PID    Runtime      # DAGs    # Errors  Last Runtime    Last Run
----------------------------  -----  ---------  --------  ----------  --------------  -------------------
/opt/airflow/dags/sandbox.py                           1           0  0.66s           2023-12-09T21:49:26
================================================================================
[2023-12-09T21:50:21.550+0000] {manager.py:887} INFO - 
================================================================================
DAG File Processing Stats

File Path                     PID    Runtime      # DAGs    # Errors  Last Runtime    Last Run
----------------------------  -----  ---------  --------  ----------  --------------  -------------------
/opt/airflow/dags/sandbox.py                           1           0  0.74s           2023-12-09T21:49:57
================================================================================
[2023-12-09T21:50:52.089+0000] {manager.py:887} INFO - 
================================================================================
DAG File Processing Stats

File Path                     PID    Runtime      # DAGs    # Errors  Last Runtime    Last Run
----------------------------  -----  ---------  --------  ----------  --------------  -------------------
/opt/airflow/dags/sandbox.py                           1           0  0.68s           2023-12-09T21:50:28
================================================================================
[2023-12-09T21:51:16.297+0000] {manager.py:755} INFO - Searching for files in /opt/airflow/dags
[2023-12-09T21:51:16.334+0000] {manager.py:758} INFO - There are 2 files in /opt/airflow/dags
[2023-12-09T21:51:22.462+0000] {manager.py:887} INFO - 
================================================================================
DAG File Processing Stats

File Path                                                         PID    Runtime      # DAGs    # Errors  Last Runtime    Last Run
----------------------------------------------------------------  -----  ---------  --------  ----------  --------------  -------------------
/opt/airflow/dags/carroll-alice-in-wonderland-illustrations.epub                           0           0  0.05s           2023-12-09T21:51:16
/opt/airflow/dags/sandbox.py                                                               1           0  0.69s           2023-12-09T21:50:59
================================================================================
[2023-12-09T21:51:52.592+0000] {manager.py:887} INFO - 
================================================================================
DAG File Processing Stats

File Path                                                         PID    Runtime      # DAGs    # Errors  Last Runtime    Last Run
----------------------------------------------------------------  -----  ---------  --------  ----------  --------------  -------------------
/opt/airflow/dags/carroll-alice-in-wonderland-illustrations.epub                           0           0  0.08s           2023-12-09T21:51:46
/opt/airflow/dags/sandbox.py                                                               1           0  0.70s           2023-12-09T21:51:30
================================================================================
[2023-12-09T21:52:23.039+0000] {manager.py:887} INFO - 
================================================================================
DAG File Processing Stats

File Path                                                         PID    Runtime      # DAGs    # Errors  Last Runtime    Last Run
----------------------------------------------------------------  -----  ---------  --------  ----------  --------------  -------------------
/opt/airflow/dags/carroll-alice-in-wonderland-illustrations.epub                           0           0  0.09s           2023-12-09T21:52:17
/opt/airflow/dags/sandbox.py                                                               1           0  1.65s           2023-12-09T21:52:02
================================================================================
[2023-12-09T21:52:53.416+0000] {manager.py:887} INFO - 
================================================================================
DAG File Processing Stats

File Path                                                         PID    Runtime      # DAGs    # Errors  Last Runtime    Last Run
----------------------------------------------------------------  -----  ---------  --------  ----------  --------------  -------------------
/opt/airflow/dags/carroll-alice-in-wonderland-illustrations.epub                           0           0  0.09s           2023-12-09T21:52:47
/opt/airflow/dags/sandbox.py                                                               1           0  0.72s           2023-12-09T21:52:33
================================================================================
[2023-12-09T21:53:23.798+0000] {manager.py:887} INFO - 
================================================================================
DAG File Processing Stats

File Path                                                         PID    Runtime      # DAGs    # Errors  Last Runtime    Last Run
----------------------------------------------------------------  -----  ---------  --------  ----------  --------------  -------------------
/opt/airflow/dags/carroll-alice-in-wonderland-illustrations.epub                           0           0  0.08s           2023-12-09T21:53:17
/opt/airflow/dags/sandbox.py                                                               1           0  0.98s           2023-12-09T21:53:05
================================================================================
[2023-12-09T21:53:54.133+0000] {manager.py:887} INFO - 
================================================================================
DAG File Processing Stats

File Path                                                         PID    Runtime      # DAGs    # Errors  Last Runtime    Last Run
----------------------------------------------------------------  -----  ---------  --------  ----------  --------------  -------------------
/opt/airflow/dags/carroll-alice-in-wonderland-illustrations.epub                           0           0  0.10s           2023-12-09T21:53:48
/opt/airflow/dags/sandbox.py                                                               1           0  0.85s           2023-12-09T21:53:36
================================================================================
[2023-12-09T21:54:24.529+0000] {manager.py:887} INFO - 
================================================================================
DAG File Processing Stats

File Path                                                         PID    Runtime      # DAGs    # Errors  Last Runtime    Last Run
----------------------------------------------------------------  -----  ---------  --------  ----------  --------------  -------------------
/opt/airflow/dags/carroll-alice-in-wonderland-illustrations.epub                           0           0  0.08s           2023-12-09T21:54:18
/opt/airflow/dags/sandbox.py                                                               1           0  0.67s           2023-12-09T21:54:07
================================================================================
[2023-12-09T21:54:54.714+0000] {manager.py:887} INFO - 
================================================================================
DAG File Processing Stats

File Path                                                         PID    Runtime      # DAGs    # Errors  Last Runtime    Last Run
----------------------------------------------------------------  -----  ---------  --------  ----------  --------------  -------------------
/opt/airflow/dags/carroll-alice-in-wonderland-illustrations.epub                           0           0  0.08s           2023-12-09T21:54:48
/opt/airflow/dags/sandbox.py                                                               1           0  0.79s           2023-12-09T21:54:39
================================================================================
[2023-12-09T21:55:24.999+0000] {manager.py:887} INFO - 
================================================================================
DAG File Processing Stats

File Path                                                         PID    Runtime      # DAGs    # Errors  Last Runtime    Last Run
----------------------------------------------------------------  -----  ---------  --------  ----------  --------------  -------------------
/opt/airflow/dags/carroll-alice-in-wonderland-illustrations.epub                           0           0  0.07s           2023-12-09T21:55:18
/opt/airflow/dags/sandbox.py                                                               1           0  0.84s           2023-12-09T21:55:10
================================================================================
[2023-12-09T21:55:55.260+0000] {manager.py:887} INFO - 
================================================================================
DAG File Processing Stats

File Path                                                         PID    Runtime      # DAGs    # Errors  Last Runtime    Last Run
----------------------------------------------------------------  -----  ---------  --------  ----------  --------------  -------------------
/opt/airflow/dags/carroll-alice-in-wonderland-illustrations.epub                           0           0  0.10s           2023-12-09T21:55:49
/opt/airflow/dags/sandbox.py                                                               1           0  0.83s           2023-12-09T21:55:32
================================================================================
[2023-12-09T21:56:16.688+0000] {manager.py:755} INFO - Searching for files in /opt/airflow/dags
[2023-12-09T21:56:16.720+0000] {manager.py:758} INFO - There are 2 files in /opt/airflow/dags
[2023-12-09T21:56:25.944+0000] {manager.py:887} INFO - 
================================================================================
DAG File Processing Stats

File Path                                                         PID    Runtime      # DAGs    # Errors  Last Runtime    Last Run
----------------------------------------------------------------  -----  ---------  --------  ----------  --------------  -------------------
/opt/airflow/dags/carroll-alice-in-wonderland-illustrations.epub                           0           0  0.08s           2023-12-09T21:56:19
/opt/airflow/dags/sandbox.py                                                               1           0  1.14s           2023-12-09T21:56:01
================================================================================
[2023-12-09T21:56:56.374+0000] {manager.py:887} INFO - 
================================================================================
DAG File Processing Stats

File Path                                                         PID    Runtime      # DAGs    # Errors  Last Runtime    Last Run
----------------------------------------------------------------  -----  ---------  --------  ----------  --------------  -------------------
/opt/airflow/dags/carroll-alice-in-wonderland-illustrations.epub                           0           0  0.11s           2023-12-09T21:56:50
/opt/airflow/dags/sandbox.py                                                               1           0  0.85s           2023-12-09T21:56:41
================================================================================
[2023-12-09T21:57:26.612+0000] {manager.py:887} INFO - 
================================================================================
DAG File Processing Stats

File Path                                                         PID    Runtime      # DAGs    # Errors  Last Runtime    Last Run
----------------------------------------------------------------  -----  ---------  --------  ----------  --------------  -------------------
/opt/airflow/dags/carroll-alice-in-wonderland-illustrations.epub                           0           0  0.08s           2023-12-09T21:57:20
/opt/airflow/dags/sandbox.py                                                               1           0  0.84s           2023-12-09T21:57:13
================================================================================
[2023-12-09T21:57:56.791+0000] {manager.py:887} INFO - 
================================================================================
DAG File Processing Stats

File Path                                                         PID    Runtime      # DAGs    # Errors  Last Runtime    Last Run
----------------------------------------------------------------  -----  ---------  --------  ----------  --------------  -------------------
/opt/airflow/dags/carroll-alice-in-wonderland-illustrations.epub                           0           0  0.06s           2023-12-09T21:57:50
/opt/airflow/dags/sandbox.py                                                               1           0  0.76s           2023-12-09T21:57:44
================================================================================
[2023-12-09T21:58:26.921+0000] {manager.py:887} INFO - 
================================================================================
DAG File Processing Stats

File Path                                                         PID    Runtime      # DAGs    # Errors  Last Runtime    Last Run
----------------------------------------------------------------  -----  ---------  --------  ----------  --------------  -------------------
/opt/airflow/dags/carroll-alice-in-wonderland-illustrations.epub                           0           0  0.04s           2023-12-09T21:58:20
/opt/airflow/dags/sandbox.py                                                               1           0  0.78s           2023-12-09T21:58:15
================================================================================
[2023-12-09T21:58:57.119+0000] {manager.py:887} INFO - 
================================================================================
DAG File Processing Stats

File Path                                                         PID    Runtime      # DAGs    # Errors  Last Runtime    Last Run
----------------------------------------------------------------  -----  ---------  --------  ----------  --------------  -------------------
/opt/airflow/dags/carroll-alice-in-wonderland-illustrations.epub                           0           0  0.06s           2023-12-09T21:58:51
/opt/airflow/dags/sandbox.py                                                               1           0  0.79s           2023-12-09T21:58:46
================================================================================
[2023-12-09T21:59:27.318+0000] {manager.py:887} INFO - 
================================================================================
DAG File Processing Stats

File Path                                                         PID    Runtime      # DAGs    # Errors  Last Runtime    Last Run
----------------------------------------------------------------  -----  ---------  --------  ----------  --------------  -------------------
/opt/airflow/dags/carroll-alice-in-wonderland-illustrations.epub                           0           0  0.06s           2023-12-09T21:59:21
/opt/airflow/dags/sandbox.py                                                               1           0  0.78s           2023-12-09T21:59:18
================================================================================
[2023-12-09T21:59:57.509+0000] {manager.py:887} INFO - 
================================================================================
DAG File Processing Stats

File Path                                                         PID    Runtime      # DAGs    # Errors  Last Runtime    Last Run
----------------------------------------------------------------  -----  ---------  --------  ----------  --------------  -------------------
/opt/airflow/dags/carroll-alice-in-wonderland-illustrations.epub                           0           0  0.06s           2023-12-09T21:59:51
/opt/airflow/dags/sandbox.py                                                               1           0  0.78s           2023-12-09T21:59:49
================================================================================
[2023-12-09T22:00:27.654+0000] {manager.py:887} INFO - 
================================================================================
DAG File Processing Stats

File Path                                                         PID    Runtime      # DAGs    # Errors  Last Runtime    Last Run
----------------------------------------------------------------  -----  ---------  --------  ----------  --------------  -------------------
/opt/airflow/dags/carroll-alice-in-wonderland-illustrations.epub                           0           0  0.05s           2023-12-09T22:00:21
/opt/airflow/dags/sandbox.py                                                               1           0  0.75s           2023-12-09T22:00:20
================================================================================
[2023-12-09T22:00:57.851+0000] {manager.py:887} INFO - 
================================================================================
DAG File Processing Stats

File Path                                                         PID    Runtime      # DAGs    # Errors  Last Runtime    Last Run
----------------------------------------------------------------  -----  ---------  --------  ----------  --------------  -------------------
/opt/airflow/dags/carroll-alice-in-wonderland-illustrations.epub                           0           0  0.04s           2023-12-09T22:00:51
/opt/airflow/dags/sandbox.py                                                               1           0  0.81s           2023-12-09T22:00:51
================================================================================
[2023-12-09T22:01:17.057+0000] {manager.py:755} INFO - Searching for files in /opt/airflow/dags
[2023-12-09T22:01:17.079+0000] {manager.py:758} INFO - There are 2 files in /opt/airflow/dags
[2023-12-09T22:01:28.109+0000] {manager.py:887} INFO - 
================================================================================
DAG File Processing Stats

File Path                                                         PID    Runtime      # DAGs    # Errors  Last Runtime    Last Run
----------------------------------------------------------------  -----  ---------  --------  ----------  --------------  -------------------
/opt/airflow/dags/carroll-alice-in-wonderland-illustrations.epub                           0           0  0.06s           2023-12-09T22:01:22
/opt/airflow/dags/sandbox.py                                                               1           0  0.83s           2023-12-09T22:01:23
================================================================================
[2023-12-09T22:01:58.421+0000] {manager.py:887} INFO - 
================================================================================
DAG File Processing Stats

File Path                                                         PID    Runtime      # DAGs    # Errors  Last Runtime    Last Run
----------------------------------------------------------------  -----  ---------  --------  ----------  --------------  -------------------
/opt/airflow/dags/carroll-alice-in-wonderland-illustrations.epub                           0           0  0.10s           2023-12-09T22:01:52
/opt/airflow/dags/sandbox.py                                                               1           0  0.88s           2023-12-09T22:01:54
================================================================================
[2023-12-09T22:02:28.762+0000] {manager.py:887} INFO - 
================================================================================
DAG File Processing Stats

File Path                                                         PID    Runtime      # DAGs    # Errors  Last Runtime    Last Run
----------------------------------------------------------------  -----  ---------  --------  ----------  --------------  -------------------
/opt/airflow/dags/carroll-alice-in-wonderland-illustrations.epub                           0           0  0.09s           2023-12-09T22:02:22
/opt/airflow/dags/sandbox.py                                                               1           0  0.82s           2023-12-09T22:02:25
================================================================================
[2023-12-09T22:02:58.938+0000] {manager.py:887} INFO - 
================================================================================
DAG File Processing Stats

File Path                                                         PID    Runtime      # DAGs    # Errors  Last Runtime    Last Run
----------------------------------------------------------------  -----  ---------  --------  ----------  --------------  -------------------
/opt/airflow/dags/carroll-alice-in-wonderland-illustrations.epub                           0           0  0.06s           2023-12-09T22:02:53
/opt/airflow/dags/sandbox.py                                                               1           0  0.74s           2023-12-09T22:02:56
================================================================================
[2023-12-09T22:03:29.441+0000] {manager.py:887} INFO - 
================================================================================
DAG File Processing Stats

File Path                                                         PID    Runtime      # DAGs    # Errors  Last Runtime    Last Run
----------------------------------------------------------------  -----  ---------  --------  ----------  --------------  -------------------
/opt/airflow/dags/carroll-alice-in-wonderland-illustrations.epub                           0           0  0.07s           2023-12-09T22:03:23
/opt/airflow/dags/sandbox.py                                                               1           0  1.09s           2023-12-09T22:03:28
================================================================================
[2023-12-09T22:03:59.627+0000] {manager.py:887} INFO - 
================================================================================
DAG File Processing Stats

File Path                                                         PID    Runtime      # DAGs    # Errors  Last Runtime    Last Run
----------------------------------------------------------------  -----  ---------  --------  ----------  --------------  -------------------
/opt/airflow/dags/carroll-alice-in-wonderland-illustrations.epub                           0           0  0.10s           2023-12-09T22:03:53
/opt/airflow/dags/sandbox.py                                                               1           0  0.77s           2023-12-09T22:03:59
================================================================================
[2023-12-09T22:04:30.056+0000] {manager.py:887} INFO - 
================================================================================
DAG File Processing Stats

File Path                                                           PID  Runtime      # DAGs    # Errors  Last Runtime    Last Run
----------------------------------------------------------------  -----  ---------  --------  ----------  --------------  -------------------
/opt/airflow/dags/carroll-alice-in-wonderland-illustrations.epub                           0           0  0.06s           2023-12-09T22:04:23
/opt/airflow/dags/sandbox.py                                        456  0.02s             1           0  0.77s           2023-12-09T22:03:59
================================================================================
[2023-12-09T22:05:00.137+0000] {manager.py:887} INFO - 
================================================================================
DAG File Processing Stats

File Path                                                         PID    Runtime      # DAGs    # Errors  Last Runtime    Last Run
----------------------------------------------------------------  -----  ---------  --------  ----------  --------------  -------------------
/opt/airflow/dags/carroll-alice-in-wonderland-illustrations.epub                           0           0  0.06s           2023-12-09T22:04:54
/opt/airflow/dags/sandbox.py                                                               1           0  0.77s           2023-12-09T22:04:30
================================================================================
[2023-12-09T22:05:30.519+0000] {manager.py:887} INFO - 
================================================================================
DAG File Processing Stats

File Path                                                         PID    Runtime      # DAGs    # Errors  Last Runtime    Last Run
----------------------------------------------------------------  -----  ---------  --------  ----------  --------------  -------------------
/opt/airflow/dags/carroll-alice-in-wonderland-illustrations.epub                           0           0  0.06s           2023-12-09T22:05:24
/opt/airflow/dags/sandbox.py                                                               1           0  0.69s           2023-12-09T22:05:01
================================================================================
[2023-12-09T22:06:00.653+0000] {manager.py:887} INFO - 
================================================================================
DAG File Processing Stats

File Path                                                         PID    Runtime      # DAGs    # Errors  Last Runtime    Last Run
----------------------------------------------------------------  -----  ---------  --------  ----------  --------------  -------------------
/opt/airflow/dags/carroll-alice-in-wonderland-illustrations.epub                           0           0  0.10s           2023-12-09T22:05:54
/opt/airflow/dags/sandbox.py                                                               1           0  0.72s           2023-12-09T22:05:33
================================================================================
[2023-12-09T22:06:17.631+0000] {manager.py:755} INFO - Searching for files in /opt/airflow/dags
[2023-12-09T22:06:17.662+0000] {manager.py:758} INFO - There are 2 files in /opt/airflow/dags
[2023-12-09T22:06:30.967+0000] {manager.py:887} INFO - 
================================================================================
DAG File Processing Stats

File Path                                                         PID    Runtime      # DAGs    # Errors  Last Runtime    Last Run
----------------------------------------------------------------  -----  ---------  --------  ----------  --------------  -------------------
/opt/airflow/dags/carroll-alice-in-wonderland-illustrations.epub                           0           0  0.09s           2023-12-09T22:06:24
/opt/airflow/dags/sandbox.py                                                               1           0  0.78s           2023-12-09T22:06:04
================================================================================
[2023-12-09T22:07:01.098+0000] {manager.py:887} INFO - 
================================================================================
DAG File Processing Stats

File Path                                                         PID    Runtime      # DAGs    # Errors  Last Runtime    Last Run
----------------------------------------------------------------  -----  ---------  --------  ----------  --------------  -------------------
/opt/airflow/dags/carroll-alice-in-wonderland-illustrations.epub                           0           0  0.07s           2023-12-09T22:06:55
/opt/airflow/dags/sandbox.py                                                               1           0  0.75s           2023-12-09T22:06:35
================================================================================
[2023-12-09T22:07:31.259+0000] {manager.py:887} INFO - 
================================================================================
DAG File Processing Stats

File Path                                                         PID    Runtime      # DAGs    # Errors  Last Runtime    Last Run
----------------------------------------------------------------  -----  ---------  --------  ----------  --------------  -------------------
/opt/airflow/dags/carroll-alice-in-wonderland-illustrations.epub                           0           0  0.08s           2023-12-09T22:07:25
/opt/airflow/dags/sandbox.py                                                               1           0  0.74s           2023-12-09T22:07:06
================================================================================
[2023-12-09T22:08:01.671+0000] {manager.py:887} INFO - 
================================================================================
DAG File Processing Stats

File Path                                                         PID    Runtime      # DAGs    # Errors  Last Runtime    Last Run
----------------------------------------------------------------  -----  ---------  --------  ----------  --------------  -------------------
/opt/airflow/dags/carroll-alice-in-wonderland-illustrations.epub                           0           0  0.06s           2023-12-09T22:07:55
/opt/airflow/dags/sandbox.py                                                               1           0  0.74s           2023-12-09T22:07:38
================================================================================
[2023-12-09T22:08:31.913+0000] {manager.py:887} INFO - 
================================================================================
DAG File Processing Stats

File Path                                                         PID    Runtime      # DAGs    # Errors  Last Runtime    Last Run
----------------------------------------------------------------  -----  ---------  --------  ----------  --------------  -------------------
/opt/airflow/dags/carroll-alice-in-wonderland-illustrations.epub                           0           0  0.10s           2023-12-09T22:08:25
/opt/airflow/dags/sandbox.py                                                               1           0  0.76s           2023-12-09T22:08:09
================================================================================
[2023-12-09T22:09:02.235+0000] {manager.py:887} INFO - 
================================================================================
DAG File Processing Stats

File Path                                                         PID    Runtime      # DAGs    # Errors  Last Runtime    Last Run
----------------------------------------------------------------  -----  ---------  --------  ----------  --------------  -------------------
/opt/airflow/dags/carroll-alice-in-wonderland-illustrations.epub                           0           0  0.10s           2023-12-09T22:08:56
/opt/airflow/dags/sandbox.py                                                               1           0  0.86s           2023-12-09T22:08:40
================================================================================
[2023-12-09T22:09:32.445+0000] {manager.py:887} INFO - 
================================================================================
DAG File Processing Stats

File Path                                                         PID    Runtime      # DAGs    # Errors  Last Runtime    Last Run
----------------------------------------------------------------  -----  ---------  --------  ----------  --------------  -------------------
/opt/airflow/dags/carroll-alice-in-wonderland-illustrations.epub                           0           0  0.10s           2023-12-09T22:09:26
/opt/airflow/dags/sandbox.py                                                               1           0  0.76s           2023-12-09T22:09:12
================================================================================
[2023-12-09T22:10:02.675+0000] {manager.py:887} INFO - 
================================================================================
DAG File Processing Stats

File Path                                                         PID    Runtime      # DAGs    # Errors  Last Runtime    Last Run
----------------------------------------------------------------  -----  ---------  --------  ----------  --------------  -------------------
/opt/airflow/dags/carroll-alice-in-wonderland-illustrations.epub                           0           0  0.06s           2023-12-09T22:09:56
/opt/airflow/dags/sandbox.py                                                               1           0  0.82s           2023-12-09T22:09:43
================================================================================
[2023-12-09T22:10:33.142+0000] {manager.py:887} INFO - 
================================================================================
DAG File Processing Stats

File Path                                                         PID    Runtime      # DAGs    # Errors  Last Runtime    Last Run
----------------------------------------------------------------  -----  ---------  --------  ----------  --------------  -------------------
/opt/airflow/dags/carroll-alice-in-wonderland-illustrations.epub                           0           0  0.05s           2023-12-09T22:10:27
/opt/airflow/dags/sandbox.py                                                               1           0  0.72s           2023-12-09T22:10:17
================================================================================
[2023-12-09T22:11:03.235+0000] {manager.py:887} INFO - 
================================================================================
DAG File Processing Stats

File Path                                                         PID    Runtime      # DAGs    # Errors  Last Runtime    Last Run
----------------------------------------------------------------  -----  ---------  --------  ----------  --------------  -------------------
/opt/airflow/dags/carroll-alice-in-wonderland-illustrations.epub                           0           0  0.06s           2023-12-09T22:10:57
/opt/airflow/dags/sandbox.py                                                               1           0  0.69s           2023-12-09T22:10:49
================================================================================
[2023-12-09T22:11:18.387+0000] {manager.py:755} INFO - Searching for files in /opt/airflow/dags
[2023-12-09T22:11:18.405+0000] {manager.py:758} INFO - There are 2 files in /opt/airflow/dags
[2023-12-09T22:11:33.693+0000] {manager.py:887} INFO - 
================================================================================
DAG File Processing Stats

File Path                                                         PID    Runtime      # DAGs    # Errors  Last Runtime    Last Run
----------------------------------------------------------------  -----  ---------  --------  ----------  --------------  -------------------
/opt/airflow/dags/carroll-alice-in-wonderland-illustrations.epub                           0           0  0.06s           2023-12-09T22:11:27
/opt/airflow/dags/sandbox.py                                                               1           0  0.63s           2023-12-09T22:11:20
================================================================================
[2023-12-09T22:12:04.094+0000] {manager.py:887} INFO - 
================================================================================
DAG File Processing Stats

File Path                                                         PID    Runtime      # DAGs    # Errors  Last Runtime    Last Run
----------------------------------------------------------------  -----  ---------  --------  ----------  --------------  -------------------
/opt/airflow/dags/carroll-alice-in-wonderland-illustrations.epub                           0           0  0.04s           2023-12-09T22:11:58
/opt/airflow/dags/sandbox.py                                                               1           0  0.64s           2023-12-09T22:11:51
================================================================================
[2023-12-09T22:12:34.560+0000] {manager.py:887} INFO - 
================================================================================
DAG File Processing Stats

File Path                                                         PID    Runtime      # DAGs    # Errors  Last Runtime    Last Run
----------------------------------------------------------------  -----  ---------  --------  ----------  --------------  -------------------
/opt/airflow/dags/carroll-alice-in-wonderland-illustrations.epub                           0           0  0.06s           2023-12-09T22:12:28
/opt/airflow/dags/sandbox.py                                                               1           0  0.67s           2023-12-09T22:12:23
================================================================================
[2023-12-09T22:13:04.960+0000] {manager.py:887} INFO - 
================================================================================
DAG File Processing Stats

File Path                                                         PID    Runtime      # DAGs    # Errors  Last Runtime    Last Run
----------------------------------------------------------------  -----  ---------  --------  ----------  --------------  -------------------
/opt/airflow/dags/carroll-alice-in-wonderland-illustrations.epub                           0           0  0.05s           2023-12-09T22:12:58
/opt/airflow/dags/sandbox.py                                                               1           0  0.67s           2023-12-09T22:12:54
================================================================================
[2023-12-09T22:13:35.404+0000] {manager.py:887} INFO - 
================================================================================
DAG File Processing Stats

File Path                                                         PID    Runtime      # DAGs    # Errors  Last Runtime    Last Run
----------------------------------------------------------------  -----  ---------  --------  ----------  --------------  -------------------
/opt/airflow/dags/carroll-alice-in-wonderland-illustrations.epub                           0           0  0.07s           2023-12-09T22:13:29
/opt/airflow/dags/sandbox.py                                                               1           0  0.57s           2023-12-09T22:13:28
================================================================================
[2023-12-09T22:14:05.880+0000] {manager.py:887} INFO - 
================================================================================
DAG File Processing Stats

File Path                                                         PID    Runtime      # DAGs    # Errors  Last Runtime    Last Run
----------------------------------------------------------------  -----  ---------  --------  ----------  --------------  -------------------
/opt/airflow/dags/carroll-alice-in-wonderland-illustrations.epub                           0           0  0.10s           2023-12-09T22:13:59
/opt/airflow/dags/sandbox.py                                                               1           0  0.81s           2023-12-09T22:13:45
================================================================================
[2023-12-09T22:14:35.955+0000] {manager.py:887} INFO - 
================================================================================
DAG File Processing Stats

File Path                                                         PID    Runtime      # DAGs    # Errors  Last Runtime    Last Run
----------------------------------------------------------------  -----  ---------  --------  ----------  --------------  -------------------
/opt/airflow/dags/carroll-alice-in-wonderland-illustrations.epub                           0           0  0.06s           2023-12-09T22:14:29
/opt/airflow/dags/sandbox.py                                                               1           0  0.69s           2023-12-09T22:14:16
================================================================================
[2023-12-09T22:15:06.168+0000] {manager.py:887} INFO - 
================================================================================
DAG File Processing Stats

File Path                                                         PID    Runtime      # DAGs    # Errors  Last Runtime    Last Run
----------------------------------------------------------------  -----  ---------  --------  ----------  --------------  -------------------
/opt/airflow/dags/carroll-alice-in-wonderland-illustrations.epub                           0           0  0.07s           2023-12-09T22:15:00
/opt/airflow/dags/sandbox.py                                                               1           0  0.74s           2023-12-09T22:14:47
================================================================================
[2023-12-09T22:15:36.591+0000] {manager.py:887} INFO - 
================================================================================
DAG File Processing Stats

File Path                                                         PID    Runtime      # DAGs    # Errors  Last Runtime    Last Run
----------------------------------------------------------------  -----  ---------  --------  ----------  --------------  -------------------
/opt/airflow/dags/carroll-alice-in-wonderland-illustrations.epub                           0           0  0.06s           2023-12-09T22:15:30
/opt/airflow/dags/sandbox.py                                                               1           0  0.68s           2023-12-09T22:15:18
================================================================================
[2023-12-09T22:16:06.749+0000] {manager.py:887} INFO - 
================================================================================
DAG File Processing Stats

File Path                                                         PID    Runtime      # DAGs    # Errors  Last Runtime    Last Run
----------------------------------------------------------------  -----  ---------  --------  ----------  --------------  -------------------
/opt/airflow/dags/carroll-alice-in-wonderland-illustrations.epub                           0           0  0.06s           2023-12-09T22:16:00
/opt/airflow/dags/sandbox.py                                                               1           0  0.73s           2023-12-09T22:15:50
================================================================================
[2023-12-09T22:16:18.909+0000] {manager.py:755} INFO - Searching for files in /opt/airflow/dags
[2023-12-09T22:16:18.940+0000] {manager.py:758} INFO - There are 2 files in /opt/airflow/dags
[2023-12-09T22:16:37.034+0000] {manager.py:887} INFO - 
================================================================================
DAG File Processing Stats

File Path                                                         PID    Runtime      # DAGs    # Errors  Last Runtime    Last Run
----------------------------------------------------------------  -----  ---------  --------  ----------  --------------  -------------------
/opt/airflow/dags/carroll-alice-in-wonderland-illustrations.epub                           0           0  0.08s           2023-12-09T22:16:31
/opt/airflow/dags/sandbox.py                                                               1           0  0.79s           2023-12-09T22:16:21
================================================================================
[2023-12-09T22:17:07.477+0000] {manager.py:887} INFO - 
================================================================================
DAG File Processing Stats

File Path                                                         PID    Runtime      # DAGs    # Errors  Last Runtime    Last Run
----------------------------------------------------------------  -----  ---------  --------  ----------  --------------  -------------------
/opt/airflow/dags/carroll-alice-in-wonderland-illustrations.epub                           0           0  0.04s           2023-12-09T22:17:01
/opt/airflow/dags/sandbox.py                                                               1           0  0.68s           2023-12-09T22:16:52
================================================================================
[2023-12-09T22:17:37.675+0000] {manager.py:887} INFO - 
================================================================================
DAG File Processing Stats

File Path                                                         PID    Runtime      # DAGs    # Errors  Last Runtime    Last Run
----------------------------------------------------------------  -----  ---------  --------  ----------  --------------  -------------------
/opt/airflow/dags/carroll-alice-in-wonderland-illustrations.epub                           0           0  0.07s           2023-12-09T22:17:31
/opt/airflow/dags/sandbox.py                                                               1           0  0.74s           2023-12-09T22:17:24
================================================================================
[2023-12-09T22:17:56.097+0000] {manager.py:469} INFO - Exiting gracefully upon receiving signal 15
