[2023-12-09T22:21:00.301+0000] {processor.py:157} INFO - Started process (PID=43) to work on /opt/airflow/dags/sandbox.py
[2023-12-09T22:21:00.303+0000] {processor.py:829} INFO - Processing file /opt/airflow/dags/sandbox.py for tasks to queue
[2023-12-09T22:21:00.310+0000] {logging_mixin.py:151} INFO - [2023-12-09T22:21:00.309+0000] {dagbag.py:536} INFO - Filling up the DagBag from /opt/airflow/dags/sandbox.py
[2023-12-09T22:21:00.968+0000] {logging_mixin.py:151} WARNING - [nltk_data] Downloading package punkt to /home/airflow/nltk_data...
[2023-12-09T22:21:01.308+0000] {logging_mixin.py:151} WARNING - [nltk_data]   Unzipping tokenizers/punkt.zip.
[2023-12-09T22:21:01.621+0000] {processor.py:839} INFO - DAG(s) dict_keys(['sandbox']) retrieved from /opt/airflow/dags/sandbox.py
[2023-12-09T22:21:01.870+0000] {logging_mixin.py:151} INFO - [2023-12-09T22:21:01.870+0000] {dag.py:2941} INFO - Sync 1 DAGs
[2023-12-09T22:21:01.966+0000] {logging_mixin.py:151} INFO - [2023-12-09T22:21:01.965+0000] {dag.py:3722} INFO - Setting next_dagrun for sandbox to 2023-12-09T00:00:00+00:00, run_after=2023-12-10T00:00:00+00:00
[2023-12-09T22:21:02.126+0000] {processor.py:179} INFO - Processing /opt/airflow/dags/sandbox.py took 1.830 seconds
[2023-12-09T22:21:32.635+0000] {processor.py:157} INFO - Started process (PID=50) to work on /opt/airflow/dags/sandbox.py
[2023-12-09T22:21:32.638+0000] {processor.py:829} INFO - Processing file /opt/airflow/dags/sandbox.py for tasks to queue
[2023-12-09T22:21:32.643+0000] {logging_mixin.py:151} INFO - [2023-12-09T22:21:32.643+0000] {dagbag.py:536} INFO - Filling up the DagBag from /opt/airflow/dags/sandbox.py
[2023-12-09T22:21:33.402+0000] {logging_mixin.py:151} WARNING - [nltk_data] Downloading package punkt to /home/airflow/nltk_data...
[2023-12-09T22:21:33.454+0000] {logging_mixin.py:151} WARNING - [nltk_data]   Package punkt is already up-to-date!
[2023-12-09T22:21:33.461+0000] {processor.py:839} INFO - DAG(s) dict_keys(['sandbox']) retrieved from /opt/airflow/dags/sandbox.py
[2023-12-09T22:21:33.481+0000] {logging_mixin.py:151} INFO - [2023-12-09T22:21:33.481+0000] {dag.py:2941} INFO - Sync 1 DAGs
[2023-12-09T22:21:33.496+0000] {logging_mixin.py:151} INFO - [2023-12-09T22:21:33.496+0000] {dag.py:3722} INFO - Setting next_dagrun for sandbox to 2023-12-09T00:00:00+00:00, run_after=2023-12-10T00:00:00+00:00
[2023-12-09T22:21:33.510+0000] {processor.py:179} INFO - Processing /opt/airflow/dags/sandbox.py took 0.882 seconds
[2023-12-09T22:22:04.076+0000] {processor.py:157} INFO - Started process (PID=58) to work on /opt/airflow/dags/sandbox.py
[2023-12-09T22:22:04.077+0000] {processor.py:829} INFO - Processing file /opt/airflow/dags/sandbox.py for tasks to queue
[2023-12-09T22:22:04.083+0000] {logging_mixin.py:151} INFO - [2023-12-09T22:22:04.082+0000] {dagbag.py:536} INFO - Filling up the DagBag from /opt/airflow/dags/sandbox.py
[2023-12-09T22:22:04.845+0000] {logging_mixin.py:151} WARNING - [nltk_data] Downloading package punkt to /home/airflow/nltk_data...
[2023-12-09T22:22:04.891+0000] {logging_mixin.py:151} WARNING - [nltk_data]   Package punkt is already up-to-date!
[2023-12-09T22:22:04.896+0000] {processor.py:839} INFO - DAG(s) dict_keys(['sandbox']) retrieved from /opt/airflow/dags/sandbox.py
[2023-12-09T22:22:04.918+0000] {logging_mixin.py:151} INFO - [2023-12-09T22:22:04.918+0000] {dag.py:2941} INFO - Sync 1 DAGs
[2023-12-09T22:22:04.930+0000] {logging_mixin.py:151} INFO - [2023-12-09T22:22:04.930+0000] {dag.py:3722} INFO - Setting next_dagrun for sandbox to 2023-12-09T00:00:00+00:00, run_after=2023-12-10T00:00:00+00:00
[2023-12-09T22:22:04.944+0000] {processor.py:179} INFO - Processing /opt/airflow/dags/sandbox.py took 0.872 seconds
