[2023-12-08T00:00:08.547+0000] {processor.py:157} INFO - Started process (PID=1553) to work on /opt/airflow/dags/carroll-alice-in-wonderland-illustrations.epub
[2023-12-08T00:00:08.549+0000] {processor.py:829} INFO - Processing file /opt/airflow/dags/carroll-alice-in-wonderland-illustrations.epub for tasks to queue
[2023-12-08T00:00:08.551+0000] {logging_mixin.py:151} INFO - [2023-12-08T00:00:08.550+0000] {dagbag.py:536} INFO - Filling up the DagBag from /opt/airflow/dags/carroll-alice-in-wonderland-illustrations.epub
[2023-12-08T00:00:08.555+0000] {processor.py:841} WARNING - No viable dags retrieved from /opt/airflow/dags/carroll-alice-in-wonderland-illustrations.epub
[2023-12-08T00:00:08.579+0000] {processor.py:179} INFO - Processing /opt/airflow/dags/carroll-alice-in-wonderland-illustrations.epub took 0.036 seconds
[2023-12-08T00:00:39.334+0000] {processor.py:157} INFO - Started process (PID=1612) to work on /opt/airflow/dags/carroll-alice-in-wonderland-illustrations.epub
[2023-12-08T00:00:39.339+0000] {processor.py:829} INFO - Processing file /opt/airflow/dags/carroll-alice-in-wonderland-illustrations.epub for tasks to queue
[2023-12-08T00:00:39.341+0000] {logging_mixin.py:151} INFO - [2023-12-08T00:00:39.341+0000] {dagbag.py:536} INFO - Filling up the DagBag from /opt/airflow/dags/carroll-alice-in-wonderland-illustrations.epub
[2023-12-08T00:00:39.349+0000] {processor.py:841} WARNING - No viable dags retrieved from /opt/airflow/dags/carroll-alice-in-wonderland-illustrations.epub
[2023-12-08T00:00:39.384+0000] {processor.py:179} INFO - Processing /opt/airflow/dags/carroll-alice-in-wonderland-illustrations.epub took 0.062 seconds
[2023-12-08T00:01:09.652+0000] {processor.py:157} INFO - Started process (PID=1670) to work on /opt/airflow/dags/carroll-alice-in-wonderland-illustrations.epub
[2023-12-08T00:01:09.654+0000] {processor.py:829} INFO - Processing file /opt/airflow/dags/carroll-alice-in-wonderland-illustrations.epub for tasks to queue
[2023-12-08T00:01:09.656+0000] {logging_mixin.py:151} INFO - [2023-12-08T00:01:09.655+0000] {dagbag.py:536} INFO - Filling up the DagBag from /opt/airflow/dags/carroll-alice-in-wonderland-illustrations.epub
[2023-12-08T00:01:09.661+0000] {processor.py:841} WARNING - No viable dags retrieved from /opt/airflow/dags/carroll-alice-in-wonderland-illustrations.epub
[2023-12-08T00:01:09.681+0000] {processor.py:179} INFO - Processing /opt/airflow/dags/carroll-alice-in-wonderland-illustrations.epub took 0.032 seconds
[2023-12-08T00:01:40.053+0000] {processor.py:157} INFO - Started process (PID=1728) to work on /opt/airflow/dags/carroll-alice-in-wonderland-illustrations.epub
[2023-12-08T00:01:40.055+0000] {processor.py:829} INFO - Processing file /opt/airflow/dags/carroll-alice-in-wonderland-illustrations.epub for tasks to queue
[2023-12-08T00:01:40.057+0000] {logging_mixin.py:151} INFO - [2023-12-08T00:01:40.056+0000] {dagbag.py:536} INFO - Filling up the DagBag from /opt/airflow/dags/carroll-alice-in-wonderland-illustrations.epub
[2023-12-08T00:01:40.061+0000] {processor.py:841} WARNING - No viable dags retrieved from /opt/airflow/dags/carroll-alice-in-wonderland-illustrations.epub
[2023-12-08T00:01:40.083+0000] {processor.py:179} INFO - Processing /opt/airflow/dags/carroll-alice-in-wonderland-illustrations.epub took 0.034 seconds
[2023-12-08T00:02:10.514+0000] {processor.py:157} INFO - Started process (PID=1787) to work on /opt/airflow/dags/carroll-alice-in-wonderland-illustrations.epub
[2023-12-08T00:02:10.523+0000] {processor.py:829} INFO - Processing file /opt/airflow/dags/carroll-alice-in-wonderland-illustrations.epub for tasks to queue
[2023-12-08T00:02:10.534+0000] {logging_mixin.py:151} INFO - [2023-12-08T00:02:10.528+0000] {dagbag.py:536} INFO - Filling up the DagBag from /opt/airflow/dags/carroll-alice-in-wonderland-illustrations.epub
[2023-12-08T00:02:10.548+0000] {processor.py:841} WARNING - No viable dags retrieved from /opt/airflow/dags/carroll-alice-in-wonderland-illustrations.epub
[2023-12-08T00:02:10.607+0000] {processor.py:179} INFO - Processing /opt/airflow/dags/carroll-alice-in-wonderland-illustrations.epub took 0.111 seconds
[2023-12-08T00:02:40.711+0000] {processor.py:157} INFO - Started process (PID=1845) to work on /opt/airflow/dags/carroll-alice-in-wonderland-illustrations.epub
[2023-12-08T00:02:40.713+0000] {processor.py:829} INFO - Processing file /opt/airflow/dags/carroll-alice-in-wonderland-illustrations.epub for tasks to queue
[2023-12-08T00:02:40.714+0000] {logging_mixin.py:151} INFO - [2023-12-08T00:02:40.714+0000] {dagbag.py:536} INFO - Filling up the DagBag from /opt/airflow/dags/carroll-alice-in-wonderland-illustrations.epub
[2023-12-08T00:02:40.719+0000] {processor.py:841} WARNING - No viable dags retrieved from /opt/airflow/dags/carroll-alice-in-wonderland-illustrations.epub
[2023-12-08T00:02:40.740+0000] {processor.py:179} INFO - Processing /opt/airflow/dags/carroll-alice-in-wonderland-illustrations.epub took 0.033 seconds
[2023-12-08T00:03:11.247+0000] {processor.py:157} INFO - Started process (PID=1904) to work on /opt/airflow/dags/carroll-alice-in-wonderland-illustrations.epub
[2023-12-08T00:03:11.249+0000] {processor.py:829} INFO - Processing file /opt/airflow/dags/carroll-alice-in-wonderland-illustrations.epub for tasks to queue
[2023-12-08T00:03:11.251+0000] {logging_mixin.py:151} INFO - [2023-12-08T00:03:11.250+0000] {dagbag.py:536} INFO - Filling up the DagBag from /opt/airflow/dags/carroll-alice-in-wonderland-illustrations.epub
[2023-12-08T00:03:11.255+0000] {processor.py:841} WARNING - No viable dags retrieved from /opt/airflow/dags/carroll-alice-in-wonderland-illustrations.epub
[2023-12-08T00:03:11.276+0000] {processor.py:179} INFO - Processing /opt/airflow/dags/carroll-alice-in-wonderland-illustrations.epub took 0.034 seconds
[2023-12-08T00:03:41.808+0000] {processor.py:157} INFO - Started process (PID=1961) to work on /opt/airflow/dags/carroll-alice-in-wonderland-illustrations.epub
[2023-12-08T00:03:41.814+0000] {processor.py:829} INFO - Processing file /opt/airflow/dags/carroll-alice-in-wonderland-illustrations.epub for tasks to queue
[2023-12-08T00:03:41.817+0000] {logging_mixin.py:151} INFO - [2023-12-08T00:03:41.816+0000] {dagbag.py:536} INFO - Filling up the DagBag from /opt/airflow/dags/carroll-alice-in-wonderland-illustrations.epub
[2023-12-08T00:03:41.830+0000] {processor.py:841} WARNING - No viable dags retrieved from /opt/airflow/dags/carroll-alice-in-wonderland-illustrations.epub
[2023-12-08T00:03:41.868+0000] {processor.py:179} INFO - Processing /opt/airflow/dags/carroll-alice-in-wonderland-illustrations.epub took 0.074 seconds
[2023-12-08T00:04:12.487+0000] {processor.py:157} INFO - Started process (PID=2019) to work on /opt/airflow/dags/carroll-alice-in-wonderland-illustrations.epub
[2023-12-08T00:04:12.489+0000] {processor.py:829} INFO - Processing file /opt/airflow/dags/carroll-alice-in-wonderland-illustrations.epub for tasks to queue
[2023-12-08T00:04:12.491+0000] {logging_mixin.py:151} INFO - [2023-12-08T00:04:12.490+0000] {dagbag.py:536} INFO - Filling up the DagBag from /opt/airflow/dags/carroll-alice-in-wonderland-illustrations.epub
[2023-12-08T00:04:12.499+0000] {processor.py:841} WARNING - No viable dags retrieved from /opt/airflow/dags/carroll-alice-in-wonderland-illustrations.epub
[2023-12-08T00:04:12.518+0000] {processor.py:179} INFO - Processing /opt/airflow/dags/carroll-alice-in-wonderland-illustrations.epub took 0.037 seconds
[2023-12-08T00:04:43.191+0000] {processor.py:157} INFO - Started process (PID=2077) to work on /opt/airflow/dags/carroll-alice-in-wonderland-illustrations.epub
[2023-12-08T00:04:43.194+0000] {processor.py:829} INFO - Processing file /opt/airflow/dags/carroll-alice-in-wonderland-illustrations.epub for tasks to queue
[2023-12-08T00:04:43.196+0000] {logging_mixin.py:151} INFO - [2023-12-08T00:04:43.196+0000] {dagbag.py:536} INFO - Filling up the DagBag from /opt/airflow/dags/carroll-alice-in-wonderland-illustrations.epub
[2023-12-08T00:04:43.204+0000] {processor.py:841} WARNING - No viable dags retrieved from /opt/airflow/dags/carroll-alice-in-wonderland-illustrations.epub
[2023-12-08T00:04:43.242+0000] {processor.py:179} INFO - Processing /opt/airflow/dags/carroll-alice-in-wonderland-illustrations.epub took 0.062 seconds
[2023-12-08T00:05:13.709+0000] {processor.py:157} INFO - Started process (PID=2135) to work on /opt/airflow/dags/carroll-alice-in-wonderland-illustrations.epub
[2023-12-08T00:05:13.713+0000] {processor.py:829} INFO - Processing file /opt/airflow/dags/carroll-alice-in-wonderland-illustrations.epub for tasks to queue
[2023-12-08T00:05:13.715+0000] {logging_mixin.py:151} INFO - [2023-12-08T00:05:13.714+0000] {dagbag.py:536} INFO - Filling up the DagBag from /opt/airflow/dags/carroll-alice-in-wonderland-illustrations.epub
[2023-12-08T00:05:13.725+0000] {processor.py:841} WARNING - No viable dags retrieved from /opt/airflow/dags/carroll-alice-in-wonderland-illustrations.epub
[2023-12-08T00:05:13.752+0000] {processor.py:179} INFO - Processing /opt/airflow/dags/carroll-alice-in-wonderland-illustrations.epub took 0.055 seconds
[2023-12-08T00:05:44.099+0000] {processor.py:157} INFO - Started process (PID=2193) to work on /opt/airflow/dags/carroll-alice-in-wonderland-illustrations.epub
[2023-12-08T00:05:44.101+0000] {processor.py:829} INFO - Processing file /opt/airflow/dags/carroll-alice-in-wonderland-illustrations.epub for tasks to queue
[2023-12-08T00:05:44.102+0000] {logging_mixin.py:151} INFO - [2023-12-08T00:05:44.102+0000] {dagbag.py:536} INFO - Filling up the DagBag from /opt/airflow/dags/carroll-alice-in-wonderland-illustrations.epub
[2023-12-08T00:05:44.107+0000] {processor.py:841} WARNING - No viable dags retrieved from /opt/airflow/dags/carroll-alice-in-wonderland-illustrations.epub
[2023-12-08T00:05:44.128+0000] {processor.py:179} INFO - Processing /opt/airflow/dags/carroll-alice-in-wonderland-illustrations.epub took 0.034 seconds
[2023-12-08T00:06:14.420+0000] {processor.py:157} INFO - Started process (PID=2251) to work on /opt/airflow/dags/carroll-alice-in-wonderland-illustrations.epub
[2023-12-08T00:06:14.422+0000] {processor.py:829} INFO - Processing file /opt/airflow/dags/carroll-alice-in-wonderland-illustrations.epub for tasks to queue
[2023-12-08T00:06:14.424+0000] {logging_mixin.py:151} INFO - [2023-12-08T00:06:14.423+0000] {dagbag.py:536} INFO - Filling up the DagBag from /opt/airflow/dags/carroll-alice-in-wonderland-illustrations.epub
[2023-12-08T00:06:14.428+0000] {processor.py:841} WARNING - No viable dags retrieved from /opt/airflow/dags/carroll-alice-in-wonderland-illustrations.epub
[2023-12-08T00:06:14.448+0000] {processor.py:179} INFO - Processing /opt/airflow/dags/carroll-alice-in-wonderland-illustrations.epub took 0.032 seconds
[2023-12-08T00:06:44.972+0000] {processor.py:157} INFO - Started process (PID=2309) to work on /opt/airflow/dags/carroll-alice-in-wonderland-illustrations.epub
[2023-12-08T00:06:44.974+0000] {processor.py:829} INFO - Processing file /opt/airflow/dags/carroll-alice-in-wonderland-illustrations.epub for tasks to queue
[2023-12-08T00:06:44.976+0000] {logging_mixin.py:151} INFO - [2023-12-08T00:06:44.975+0000] {dagbag.py:536} INFO - Filling up the DagBag from /opt/airflow/dags/carroll-alice-in-wonderland-illustrations.epub
[2023-12-08T00:06:44.980+0000] {processor.py:841} WARNING - No viable dags retrieved from /opt/airflow/dags/carroll-alice-in-wonderland-illustrations.epub
[2023-12-08T00:06:45.002+0000] {processor.py:179} INFO - Processing /opt/airflow/dags/carroll-alice-in-wonderland-illustrations.epub took 0.036 seconds
[2023-12-08T00:07:15.190+0000] {processor.py:157} INFO - Started process (PID=2367) to work on /opt/airflow/dags/carroll-alice-in-wonderland-illustrations.epub
[2023-12-08T00:07:15.194+0000] {processor.py:829} INFO - Processing file /opt/airflow/dags/carroll-alice-in-wonderland-illustrations.epub for tasks to queue
[2023-12-08T00:07:15.197+0000] {logging_mixin.py:151} INFO - [2023-12-08T00:07:15.196+0000] {dagbag.py:536} INFO - Filling up the DagBag from /opt/airflow/dags/carroll-alice-in-wonderland-illustrations.epub
[2023-12-08T00:07:15.204+0000] {processor.py:841} WARNING - No viable dags retrieved from /opt/airflow/dags/carroll-alice-in-wonderland-illustrations.epub
[2023-12-08T00:07:15.247+0000] {processor.py:179} INFO - Processing /opt/airflow/dags/carroll-alice-in-wonderland-illustrations.epub took 0.068 seconds
[2023-12-08T00:07:45.426+0000] {processor.py:157} INFO - Started process (PID=2425) to work on /opt/airflow/dags/carroll-alice-in-wonderland-illustrations.epub
[2023-12-08T00:07:45.428+0000] {processor.py:829} INFO - Processing file /opt/airflow/dags/carroll-alice-in-wonderland-illustrations.epub for tasks to queue
[2023-12-08T00:07:45.430+0000] {logging_mixin.py:151} INFO - [2023-12-08T00:07:45.429+0000] {dagbag.py:536} INFO - Filling up the DagBag from /opt/airflow/dags/carroll-alice-in-wonderland-illustrations.epub
[2023-12-08T00:07:45.435+0000] {processor.py:841} WARNING - No viable dags retrieved from /opt/airflow/dags/carroll-alice-in-wonderland-illustrations.epub
[2023-12-08T00:07:45.455+0000] {processor.py:179} INFO - Processing /opt/airflow/dags/carroll-alice-in-wonderland-illustrations.epub took 0.035 seconds
[2023-12-08T00:08:15.927+0000] {processor.py:157} INFO - Started process (PID=2483) to work on /opt/airflow/dags/carroll-alice-in-wonderland-illustrations.epub
[2023-12-08T00:08:15.930+0000] {processor.py:829} INFO - Processing file /opt/airflow/dags/carroll-alice-in-wonderland-illustrations.epub for tasks to queue
[2023-12-08T00:08:15.932+0000] {logging_mixin.py:151} INFO - [2023-12-08T00:08:15.931+0000] {dagbag.py:536} INFO - Filling up the DagBag from /opt/airflow/dags/carroll-alice-in-wonderland-illustrations.epub
[2023-12-08T00:08:15.936+0000] {processor.py:841} WARNING - No viable dags retrieved from /opt/airflow/dags/carroll-alice-in-wonderland-illustrations.epub
[2023-12-08T00:08:15.957+0000] {processor.py:179} INFO - Processing /opt/airflow/dags/carroll-alice-in-wonderland-illustrations.epub took 0.035 seconds
[2023-12-08T00:08:46.099+0000] {processor.py:157} INFO - Started process (PID=2541) to work on /opt/airflow/dags/carroll-alice-in-wonderland-illustrations.epub
[2023-12-08T00:08:46.101+0000] {processor.py:829} INFO - Processing file /opt/airflow/dags/carroll-alice-in-wonderland-illustrations.epub for tasks to queue
[2023-12-08T00:08:46.103+0000] {logging_mixin.py:151} INFO - [2023-12-08T00:08:46.102+0000] {dagbag.py:536} INFO - Filling up the DagBag from /opt/airflow/dags/carroll-alice-in-wonderland-illustrations.epub
[2023-12-08T00:08:46.107+0000] {processor.py:841} WARNING - No viable dags retrieved from /opt/airflow/dags/carroll-alice-in-wonderland-illustrations.epub
[2023-12-08T00:08:46.128+0000] {processor.py:179} INFO - Processing /opt/airflow/dags/carroll-alice-in-wonderland-illustrations.epub took 0.034 seconds
[2023-12-08T00:09:16.262+0000] {processor.py:157} INFO - Started process (PID=2599) to work on /opt/airflow/dags/carroll-alice-in-wonderland-illustrations.epub
[2023-12-08T00:09:16.264+0000] {processor.py:829} INFO - Processing file /opt/airflow/dags/carroll-alice-in-wonderland-illustrations.epub for tasks to queue
[2023-12-08T00:09:16.266+0000] {logging_mixin.py:151} INFO - [2023-12-08T00:09:16.265+0000] {dagbag.py:536} INFO - Filling up the DagBag from /opt/airflow/dags/carroll-alice-in-wonderland-illustrations.epub
[2023-12-08T00:09:16.271+0000] {processor.py:841} WARNING - No viable dags retrieved from /opt/airflow/dags/carroll-alice-in-wonderland-illustrations.epub
[2023-12-08T00:09:16.291+0000] {processor.py:179} INFO - Processing /opt/airflow/dags/carroll-alice-in-wonderland-illustrations.epub took 0.035 seconds
[2023-12-08T00:09:46.796+0000] {processor.py:157} INFO - Started process (PID=2657) to work on /opt/airflow/dags/carroll-alice-in-wonderland-illustrations.epub
[2023-12-08T00:09:46.799+0000] {processor.py:829} INFO - Processing file /opt/airflow/dags/carroll-alice-in-wonderland-illustrations.epub for tasks to queue
[2023-12-08T00:09:46.801+0000] {logging_mixin.py:151} INFO - [2023-12-08T00:09:46.800+0000] {dagbag.py:536} INFO - Filling up the DagBag from /opt/airflow/dags/carroll-alice-in-wonderland-illustrations.epub
[2023-12-08T00:09:46.807+0000] {processor.py:841} WARNING - No viable dags retrieved from /opt/airflow/dags/carroll-alice-in-wonderland-illustrations.epub
[2023-12-08T00:09:46.829+0000] {processor.py:179} INFO - Processing /opt/airflow/dags/carroll-alice-in-wonderland-illustrations.epub took 0.040 seconds
[2023-12-08T00:10:17.171+0000] {processor.py:157} INFO - Started process (PID=2716) to work on /opt/airflow/dags/carroll-alice-in-wonderland-illustrations.epub
[2023-12-08T00:10:17.175+0000] {processor.py:829} INFO - Processing file /opt/airflow/dags/carroll-alice-in-wonderland-illustrations.epub for tasks to queue
[2023-12-08T00:10:17.179+0000] {logging_mixin.py:151} INFO - [2023-12-08T00:10:17.177+0000] {dagbag.py:536} INFO - Filling up the DagBag from /opt/airflow/dags/carroll-alice-in-wonderland-illustrations.epub
[2023-12-08T00:10:17.189+0000] {processor.py:841} WARNING - No viable dags retrieved from /opt/airflow/dags/carroll-alice-in-wonderland-illustrations.epub
[2023-12-08T00:10:17.219+0000] {processor.py:179} INFO - Processing /opt/airflow/dags/carroll-alice-in-wonderland-illustrations.epub took 0.058 seconds
[2023-12-08T00:10:47.465+0000] {processor.py:157} INFO - Started process (PID=2772) to work on /opt/airflow/dags/carroll-alice-in-wonderland-illustrations.epub
[2023-12-08T00:10:47.468+0000] {processor.py:829} INFO - Processing file /opt/airflow/dags/carroll-alice-in-wonderland-illustrations.epub for tasks to queue
[2023-12-08T00:10:47.470+0000] {logging_mixin.py:151} INFO - [2023-12-08T00:10:47.469+0000] {dagbag.py:536} INFO - Filling up the DagBag from /opt/airflow/dags/carroll-alice-in-wonderland-illustrations.epub
[2023-12-08T00:10:47.476+0000] {processor.py:841} WARNING - No viable dags retrieved from /opt/airflow/dags/carroll-alice-in-wonderland-illustrations.epub
[2023-12-08T00:10:47.505+0000] {processor.py:179} INFO - Processing /opt/airflow/dags/carroll-alice-in-wonderland-illustrations.epub took 0.045 seconds
[2023-12-08T00:11:17.934+0000] {processor.py:157} INFO - Started process (PID=2830) to work on /opt/airflow/dags/carroll-alice-in-wonderland-illustrations.epub
[2023-12-08T00:11:17.937+0000] {processor.py:829} INFO - Processing file /opt/airflow/dags/carroll-alice-in-wonderland-illustrations.epub for tasks to queue
[2023-12-08T00:11:17.938+0000] {logging_mixin.py:151} INFO - [2023-12-08T00:11:17.938+0000] {dagbag.py:536} INFO - Filling up the DagBag from /opt/airflow/dags/carroll-alice-in-wonderland-illustrations.epub
[2023-12-08T00:11:17.943+0000] {processor.py:841} WARNING - No viable dags retrieved from /opt/airflow/dags/carroll-alice-in-wonderland-illustrations.epub
[2023-12-08T00:11:17.963+0000] {processor.py:179} INFO - Processing /opt/airflow/dags/carroll-alice-in-wonderland-illustrations.epub took 0.036 seconds
[2023-12-08T00:11:48.362+0000] {processor.py:157} INFO - Started process (PID=2888) to work on /opt/airflow/dags/carroll-alice-in-wonderland-illustrations.epub
[2023-12-08T00:11:48.364+0000] {processor.py:829} INFO - Processing file /opt/airflow/dags/carroll-alice-in-wonderland-illustrations.epub for tasks to queue
[2023-12-08T00:11:48.365+0000] {logging_mixin.py:151} INFO - [2023-12-08T00:11:48.365+0000] {dagbag.py:536} INFO - Filling up the DagBag from /opt/airflow/dags/carroll-alice-in-wonderland-illustrations.epub
[2023-12-08T00:11:48.370+0000] {processor.py:841} WARNING - No viable dags retrieved from /opt/airflow/dags/carroll-alice-in-wonderland-illustrations.epub
[2023-12-08T00:11:48.388+0000] {processor.py:179} INFO - Processing /opt/airflow/dags/carroll-alice-in-wonderland-illustrations.epub took 0.031 seconds
[2023-12-08T00:12:18.765+0000] {processor.py:157} INFO - Started process (PID=2946) to work on /opt/airflow/dags/carroll-alice-in-wonderland-illustrations.epub
[2023-12-08T00:12:18.767+0000] {processor.py:829} INFO - Processing file /opt/airflow/dags/carroll-alice-in-wonderland-illustrations.epub for tasks to queue
[2023-12-08T00:12:18.768+0000] {logging_mixin.py:151} INFO - [2023-12-08T00:12:18.768+0000] {dagbag.py:536} INFO - Filling up the DagBag from /opt/airflow/dags/carroll-alice-in-wonderland-illustrations.epub
[2023-12-08T00:12:18.773+0000] {processor.py:841} WARNING - No viable dags retrieved from /opt/airflow/dags/carroll-alice-in-wonderland-illustrations.epub
[2023-12-08T00:12:18.793+0000] {processor.py:179} INFO - Processing /opt/airflow/dags/carroll-alice-in-wonderland-illustrations.epub took 0.034 seconds
[2023-12-08T00:12:49.186+0000] {processor.py:157} INFO - Started process (PID=3003) to work on /opt/airflow/dags/carroll-alice-in-wonderland-illustrations.epub
[2023-12-08T00:12:49.189+0000] {processor.py:829} INFO - Processing file /opt/airflow/dags/carroll-alice-in-wonderland-illustrations.epub for tasks to queue
[2023-12-08T00:12:49.191+0000] {logging_mixin.py:151} INFO - [2023-12-08T00:12:49.191+0000] {dagbag.py:536} INFO - Filling up the DagBag from /opt/airflow/dags/carroll-alice-in-wonderland-illustrations.epub
[2023-12-08T00:12:49.196+0000] {processor.py:841} WARNING - No viable dags retrieved from /opt/airflow/dags/carroll-alice-in-wonderland-illustrations.epub
[2023-12-08T00:12:49.213+0000] {processor.py:179} INFO - Processing /opt/airflow/dags/carroll-alice-in-wonderland-illustrations.epub took 0.031 seconds
[2023-12-08T00:13:19.300+0000] {processor.py:157} INFO - Started process (PID=3061) to work on /opt/airflow/dags/carroll-alice-in-wonderland-illustrations.epub
[2023-12-08T00:13:19.302+0000] {processor.py:829} INFO - Processing file /opt/airflow/dags/carroll-alice-in-wonderland-illustrations.epub for tasks to queue
[2023-12-08T00:13:19.304+0000] {logging_mixin.py:151} INFO - [2023-12-08T00:13:19.303+0000] {dagbag.py:536} INFO - Filling up the DagBag from /opt/airflow/dags/carroll-alice-in-wonderland-illustrations.epub
[2023-12-08T00:13:19.308+0000] {processor.py:841} WARNING - No viable dags retrieved from /opt/airflow/dags/carroll-alice-in-wonderland-illustrations.epub
[2023-12-08T00:13:19.326+0000] {processor.py:179} INFO - Processing /opt/airflow/dags/carroll-alice-in-wonderland-illustrations.epub took 0.030 seconds
[2023-12-08T00:13:50.175+0000] {processor.py:157} INFO - Started process (PID=3119) to work on /opt/airflow/dags/carroll-alice-in-wonderland-illustrations.epub
[2023-12-08T00:13:50.177+0000] {processor.py:829} INFO - Processing file /opt/airflow/dags/carroll-alice-in-wonderland-illustrations.epub for tasks to queue
[2023-12-08T00:13:50.178+0000] {logging_mixin.py:151} INFO - [2023-12-08T00:13:50.178+0000] {dagbag.py:536} INFO - Filling up the DagBag from /opt/airflow/dags/carroll-alice-in-wonderland-illustrations.epub
[2023-12-08T00:13:50.183+0000] {processor.py:841} WARNING - No viable dags retrieved from /opt/airflow/dags/carroll-alice-in-wonderland-illustrations.epub
[2023-12-08T00:13:50.202+0000] {processor.py:179} INFO - Processing /opt/airflow/dags/carroll-alice-in-wonderland-illustrations.epub took 0.032 seconds
