[2023-12-08T00:00:08.521+0000] {processor.py:157} INFO - Started process (PID=1552) to work on /opt/airflow/dags/fitzgerald-great-gatsby.epub
[2023-12-08T00:00:08.523+0000] {processor.py:829} INFO - Processing file /opt/airflow/dags/fitzgerald-great-gatsby.epub for tasks to queue
[2023-12-08T00:00:08.524+0000] {logging_mixin.py:151} INFO - [2023-12-08T00:00:08.524+0000] {dagbag.py:536} INFO - Filling up the DagBag from /opt/airflow/dags/fitzgerald-great-gatsby.epub
[2023-12-08T00:00:08.528+0000] {processor.py:841} WARNING - No viable dags retrieved from /opt/airflow/dags/fitzgerald-great-gatsby.epub
[2023-12-08T00:00:08.551+0000] {processor.py:179} INFO - Processing /opt/airflow/dags/fitzgerald-great-gatsby.epub took 0.037 seconds
[2023-12-08T00:00:39.297+0000] {processor.py:157} INFO - Started process (PID=1611) to work on /opt/airflow/dags/fitzgerald-great-gatsby.epub
[2023-12-08T00:00:39.303+0000] {processor.py:829} INFO - Processing file /opt/airflow/dags/fitzgerald-great-gatsby.epub for tasks to queue
[2023-12-08T00:00:39.309+0000] {logging_mixin.py:151} INFO - [2023-12-08T00:00:39.308+0000] {dagbag.py:536} INFO - Filling up the DagBag from /opt/airflow/dags/fitzgerald-great-gatsby.epub
[2023-12-08T00:00:39.318+0000] {processor.py:841} WARNING - No viable dags retrieved from /opt/airflow/dags/fitzgerald-great-gatsby.epub
[2023-12-08T00:00:39.367+0000] {processor.py:179} INFO - Processing /opt/airflow/dags/fitzgerald-great-gatsby.epub took 0.092 seconds
[2023-12-08T00:01:09.630+0000] {processor.py:157} INFO - Started process (PID=1669) to work on /opt/airflow/dags/fitzgerald-great-gatsby.epub
[2023-12-08T00:01:09.634+0000] {processor.py:829} INFO - Processing file /opt/airflow/dags/fitzgerald-great-gatsby.epub for tasks to queue
[2023-12-08T00:01:09.636+0000] {logging_mixin.py:151} INFO - [2023-12-08T00:01:09.635+0000] {dagbag.py:536} INFO - Filling up the DagBag from /opt/airflow/dags/fitzgerald-great-gatsby.epub
[2023-12-08T00:01:09.640+0000] {processor.py:841} WARNING - No viable dags retrieved from /opt/airflow/dags/fitzgerald-great-gatsby.epub
[2023-12-08T00:01:09.662+0000] {processor.py:179} INFO - Processing /opt/airflow/dags/fitzgerald-great-gatsby.epub took 0.039 seconds
[2023-12-08T00:01:40.027+0000] {processor.py:157} INFO - Started process (PID=1727) to work on /opt/airflow/dags/fitzgerald-great-gatsby.epub
[2023-12-08T00:01:40.029+0000] {processor.py:829} INFO - Processing file /opt/airflow/dags/fitzgerald-great-gatsby.epub for tasks to queue
[2023-12-08T00:01:40.030+0000] {logging_mixin.py:151} INFO - [2023-12-08T00:01:40.030+0000] {dagbag.py:536} INFO - Filling up the DagBag from /opt/airflow/dags/fitzgerald-great-gatsby.epub
[2023-12-08T00:01:40.034+0000] {processor.py:841} WARNING - No viable dags retrieved from /opt/airflow/dags/fitzgerald-great-gatsby.epub
[2023-12-08T00:01:40.057+0000] {processor.py:179} INFO - Processing /opt/airflow/dags/fitzgerald-great-gatsby.epub took 0.035 seconds
[2023-12-08T00:02:10.474+0000] {processor.py:157} INFO - Started process (PID=1786) to work on /opt/airflow/dags/fitzgerald-great-gatsby.epub
[2023-12-08T00:02:10.479+0000] {processor.py:829} INFO - Processing file /opt/airflow/dags/fitzgerald-great-gatsby.epub for tasks to queue
[2023-12-08T00:02:10.482+0000] {logging_mixin.py:151} INFO - [2023-12-08T00:02:10.481+0000] {dagbag.py:536} INFO - Filling up the DagBag from /opt/airflow/dags/fitzgerald-great-gatsby.epub
[2023-12-08T00:02:10.489+0000] {processor.py:841} WARNING - No viable dags retrieved from /opt/airflow/dags/fitzgerald-great-gatsby.epub
[2023-12-08T00:02:10.554+0000] {processor.py:179} INFO - Processing /opt/airflow/dags/fitzgerald-great-gatsby.epub took 0.091 seconds
[2023-12-08T00:02:40.684+0000] {processor.py:157} INFO - Started process (PID=1844) to work on /opt/airflow/dags/fitzgerald-great-gatsby.epub
[2023-12-08T00:02:40.686+0000] {processor.py:829} INFO - Processing file /opt/airflow/dags/fitzgerald-great-gatsby.epub for tasks to queue
[2023-12-08T00:02:40.688+0000] {logging_mixin.py:151} INFO - [2023-12-08T00:02:40.687+0000] {dagbag.py:536} INFO - Filling up the DagBag from /opt/airflow/dags/fitzgerald-great-gatsby.epub
[2023-12-08T00:02:40.691+0000] {processor.py:841} WARNING - No viable dags retrieved from /opt/airflow/dags/fitzgerald-great-gatsby.epub
[2023-12-08T00:02:40.711+0000] {processor.py:179} INFO - Processing /opt/airflow/dags/fitzgerald-great-gatsby.epub took 0.031 seconds
[2023-12-08T00:03:11.143+0000] {processor.py:157} INFO - Started process (PID=1903) to work on /opt/airflow/dags/fitzgerald-great-gatsby.epub
[2023-12-08T00:03:11.146+0000] {processor.py:829} INFO - Processing file /opt/airflow/dags/fitzgerald-great-gatsby.epub for tasks to queue
[2023-12-08T00:03:11.148+0000] {logging_mixin.py:151} INFO - [2023-12-08T00:03:11.147+0000] {dagbag.py:536} INFO - Filling up the DagBag from /opt/airflow/dags/fitzgerald-great-gatsby.epub
[2023-12-08T00:03:11.153+0000] {processor.py:841} WARNING - No viable dags retrieved from /opt/airflow/dags/fitzgerald-great-gatsby.epub
[2023-12-08T00:03:11.195+0000] {processor.py:179} INFO - Processing /opt/airflow/dags/fitzgerald-great-gatsby.epub took 0.060 seconds
[2023-12-08T00:03:41.764+0000] {processor.py:157} INFO - Started process (PID=1960) to work on /opt/airflow/dags/fitzgerald-great-gatsby.epub
[2023-12-08T00:03:41.768+0000] {processor.py:829} INFO - Processing file /opt/airflow/dags/fitzgerald-great-gatsby.epub for tasks to queue
[2023-12-08T00:03:41.772+0000] {logging_mixin.py:151} INFO - [2023-12-08T00:03:41.770+0000] {dagbag.py:536} INFO - Filling up the DagBag from /opt/airflow/dags/fitzgerald-great-gatsby.epub
[2023-12-08T00:03:41.783+0000] {processor.py:841} WARNING - No viable dags retrieved from /opt/airflow/dags/fitzgerald-great-gatsby.epub
[2023-12-08T00:03:41.845+0000] {processor.py:179} INFO - Processing /opt/airflow/dags/fitzgerald-great-gatsby.epub took 0.090 seconds
[2023-12-08T00:04:12.460+0000] {processor.py:157} INFO - Started process (PID=2018) to work on /opt/airflow/dags/fitzgerald-great-gatsby.epub
[2023-12-08T00:04:12.462+0000] {processor.py:829} INFO - Processing file /opt/airflow/dags/fitzgerald-great-gatsby.epub for tasks to queue
[2023-12-08T00:04:12.464+0000] {logging_mixin.py:151} INFO - [2023-12-08T00:04:12.463+0000] {dagbag.py:536} INFO - Filling up the DagBag from /opt/airflow/dags/fitzgerald-great-gatsby.epub
[2023-12-08T00:04:12.468+0000] {processor.py:841} WARNING - No viable dags retrieved from /opt/airflow/dags/fitzgerald-great-gatsby.epub
[2023-12-08T00:04:12.492+0000] {processor.py:179} INFO - Processing /opt/airflow/dags/fitzgerald-great-gatsby.epub took 0.039 seconds
[2023-12-08T00:04:43.166+0000] {processor.py:157} INFO - Started process (PID=2076) to work on /opt/airflow/dags/fitzgerald-great-gatsby.epub
[2023-12-08T00:04:43.169+0000] {processor.py:829} INFO - Processing file /opt/airflow/dags/fitzgerald-great-gatsby.epub for tasks to queue
[2023-12-08T00:04:43.172+0000] {logging_mixin.py:151} INFO - [2023-12-08T00:04:43.171+0000] {dagbag.py:536} INFO - Filling up the DagBag from /opt/airflow/dags/fitzgerald-great-gatsby.epub
[2023-12-08T00:04:43.178+0000] {processor.py:841} WARNING - No viable dags retrieved from /opt/airflow/dags/fitzgerald-great-gatsby.epub
[2023-12-08T00:04:43.226+0000] {processor.py:179} INFO - Processing /opt/airflow/dags/fitzgerald-great-gatsby.epub took 0.069 seconds
[2023-12-08T00:05:13.688+0000] {processor.py:157} INFO - Started process (PID=2134) to work on /opt/airflow/dags/fitzgerald-great-gatsby.epub
[2023-12-08T00:05:13.692+0000] {processor.py:829} INFO - Processing file /opt/airflow/dags/fitzgerald-great-gatsby.epub for tasks to queue
[2023-12-08T00:05:13.695+0000] {logging_mixin.py:151} INFO - [2023-12-08T00:05:13.694+0000] {dagbag.py:536} INFO - Filling up the DagBag from /opt/airflow/dags/fitzgerald-great-gatsby.epub
[2023-12-08T00:05:13.703+0000] {processor.py:841} WARNING - No viable dags retrieved from /opt/airflow/dags/fitzgerald-great-gatsby.epub
[2023-12-08T00:05:13.745+0000] {processor.py:179} INFO - Processing /opt/airflow/dags/fitzgerald-great-gatsby.epub took 0.074 seconds
[2023-12-08T00:05:44.073+0000] {processor.py:157} INFO - Started process (PID=2192) to work on /opt/airflow/dags/fitzgerald-great-gatsby.epub
[2023-12-08T00:05:44.076+0000] {processor.py:829} INFO - Processing file /opt/airflow/dags/fitzgerald-great-gatsby.epub for tasks to queue
[2023-12-08T00:05:44.077+0000] {logging_mixin.py:151} INFO - [2023-12-08T00:05:44.077+0000] {dagbag.py:536} INFO - Filling up the DagBag from /opt/airflow/dags/fitzgerald-great-gatsby.epub
[2023-12-08T00:05:44.081+0000] {processor.py:841} WARNING - No viable dags retrieved from /opt/airflow/dags/fitzgerald-great-gatsby.epub
[2023-12-08T00:05:44.103+0000] {processor.py:179} INFO - Processing /opt/airflow/dags/fitzgerald-great-gatsby.epub took 0.034 seconds
[2023-12-08T00:06:14.397+0000] {processor.py:157} INFO - Started process (PID=2250) to work on /opt/airflow/dags/fitzgerald-great-gatsby.epub
[2023-12-08T00:06:14.399+0000] {processor.py:829} INFO - Processing file /opt/airflow/dags/fitzgerald-great-gatsby.epub for tasks to queue
[2023-12-08T00:06:14.400+0000] {logging_mixin.py:151} INFO - [2023-12-08T00:06:14.400+0000] {dagbag.py:536} INFO - Filling up the DagBag from /opt/airflow/dags/fitzgerald-great-gatsby.epub
[2023-12-08T00:06:14.404+0000] {processor.py:841} WARNING - No viable dags retrieved from /opt/airflow/dags/fitzgerald-great-gatsby.epub
[2023-12-08T00:06:14.426+0000] {processor.py:179} INFO - Processing /opt/airflow/dags/fitzgerald-great-gatsby.epub took 0.034 seconds
[2023-12-08T00:06:44.942+0000] {processor.py:157} INFO - Started process (PID=2308) to work on /opt/airflow/dags/fitzgerald-great-gatsby.epub
[2023-12-08T00:06:44.945+0000] {processor.py:829} INFO - Processing file /opt/airflow/dags/fitzgerald-great-gatsby.epub for tasks to queue
[2023-12-08T00:06:44.947+0000] {logging_mixin.py:151} INFO - [2023-12-08T00:06:44.946+0000] {dagbag.py:536} INFO - Filling up the DagBag from /opt/airflow/dags/fitzgerald-great-gatsby.epub
[2023-12-08T00:06:44.952+0000] {processor.py:841} WARNING - No viable dags retrieved from /opt/airflow/dags/fitzgerald-great-gatsby.epub
[2023-12-08T00:06:44.979+0000] {processor.py:179} INFO - Processing /opt/airflow/dags/fitzgerald-great-gatsby.epub took 0.044 seconds
[2023-12-08T00:07:15.167+0000] {processor.py:157} INFO - Started process (PID=2366) to work on /opt/airflow/dags/fitzgerald-great-gatsby.epub
[2023-12-08T00:07:15.171+0000] {processor.py:829} INFO - Processing file /opt/airflow/dags/fitzgerald-great-gatsby.epub for tasks to queue
[2023-12-08T00:07:15.174+0000] {logging_mixin.py:151} INFO - [2023-12-08T00:07:15.173+0000] {dagbag.py:536} INFO - Filling up the DagBag from /opt/airflow/dags/fitzgerald-great-gatsby.epub
[2023-12-08T00:07:15.182+0000] {processor.py:841} WARNING - No viable dags retrieved from /opt/airflow/dags/fitzgerald-great-gatsby.epub
[2023-12-08T00:07:15.227+0000] {processor.py:179} INFO - Processing /opt/airflow/dags/fitzgerald-great-gatsby.epub took 0.084 seconds
[2023-12-08T00:07:45.396+0000] {processor.py:157} INFO - Started process (PID=2424) to work on /opt/airflow/dags/fitzgerald-great-gatsby.epub
[2023-12-08T00:07:45.399+0000] {processor.py:829} INFO - Processing file /opt/airflow/dags/fitzgerald-great-gatsby.epub for tasks to queue
[2023-12-08T00:07:45.400+0000] {logging_mixin.py:151} INFO - [2023-12-08T00:07:45.400+0000] {dagbag.py:536} INFO - Filling up the DagBag from /opt/airflow/dags/fitzgerald-great-gatsby.epub
[2023-12-08T00:07:45.404+0000] {processor.py:841} WARNING - No viable dags retrieved from /opt/airflow/dags/fitzgerald-great-gatsby.epub
[2023-12-08T00:07:45.431+0000] {processor.py:179} INFO - Processing /opt/airflow/dags/fitzgerald-great-gatsby.epub took 0.040 seconds
[2023-12-08T00:08:15.901+0000] {processor.py:157} INFO - Started process (PID=2482) to work on /opt/airflow/dags/fitzgerald-great-gatsby.epub
[2023-12-08T00:08:15.905+0000] {processor.py:829} INFO - Processing file /opt/airflow/dags/fitzgerald-great-gatsby.epub for tasks to queue
[2023-12-08T00:08:15.906+0000] {logging_mixin.py:151} INFO - [2023-12-08T00:08:15.906+0000] {dagbag.py:536} INFO - Filling up the DagBag from /opt/airflow/dags/fitzgerald-great-gatsby.epub
[2023-12-08T00:08:15.911+0000] {processor.py:841} WARNING - No viable dags retrieved from /opt/airflow/dags/fitzgerald-great-gatsby.epub
[2023-12-08T00:08:15.937+0000] {processor.py:179} INFO - Processing /opt/airflow/dags/fitzgerald-great-gatsby.epub took 0.042 seconds
[2023-12-08T00:08:46.073+0000] {processor.py:157} INFO - Started process (PID=2540) to work on /opt/airflow/dags/fitzgerald-great-gatsby.epub
[2023-12-08T00:08:46.076+0000] {processor.py:829} INFO - Processing file /opt/airflow/dags/fitzgerald-great-gatsby.epub for tasks to queue
[2023-12-08T00:08:46.077+0000] {logging_mixin.py:151} INFO - [2023-12-08T00:08:46.077+0000] {dagbag.py:536} INFO - Filling up the DagBag from /opt/airflow/dags/fitzgerald-great-gatsby.epub
[2023-12-08T00:08:46.081+0000] {processor.py:841} WARNING - No viable dags retrieved from /opt/airflow/dags/fitzgerald-great-gatsby.epub
[2023-12-08T00:08:46.106+0000] {processor.py:179} INFO - Processing /opt/airflow/dags/fitzgerald-great-gatsby.epub took 0.038 seconds
[2023-12-08T00:09:16.235+0000] {processor.py:157} INFO - Started process (PID=2598) to work on /opt/airflow/dags/fitzgerald-great-gatsby.epub
[2023-12-08T00:09:16.237+0000] {processor.py:829} INFO - Processing file /opt/airflow/dags/fitzgerald-great-gatsby.epub for tasks to queue
[2023-12-08T00:09:16.239+0000] {logging_mixin.py:151} INFO - [2023-12-08T00:09:16.238+0000] {dagbag.py:536} INFO - Filling up the DagBag from /opt/airflow/dags/fitzgerald-great-gatsby.epub
[2023-12-08T00:09:16.243+0000] {processor.py:841} WARNING - No viable dags retrieved from /opt/airflow/dags/fitzgerald-great-gatsby.epub
[2023-12-08T00:09:16.270+0000] {processor.py:179} INFO - Processing /opt/airflow/dags/fitzgerald-great-gatsby.epub took 0.041 seconds
[2023-12-08T00:09:46.767+0000] {processor.py:157} INFO - Started process (PID=2656) to work on /opt/airflow/dags/fitzgerald-great-gatsby.epub
[2023-12-08T00:09:46.769+0000] {processor.py:829} INFO - Processing file /opt/airflow/dags/fitzgerald-great-gatsby.epub for tasks to queue
[2023-12-08T00:09:46.772+0000] {logging_mixin.py:151} INFO - [2023-12-08T00:09:46.771+0000] {dagbag.py:536} INFO - Filling up the DagBag from /opt/airflow/dags/fitzgerald-great-gatsby.epub
[2023-12-08T00:09:46.776+0000] {processor.py:841} WARNING - No viable dags retrieved from /opt/airflow/dags/fitzgerald-great-gatsby.epub
[2023-12-08T00:09:46.807+0000] {processor.py:179} INFO - Processing /opt/airflow/dags/fitzgerald-great-gatsby.epub took 0.047 seconds
[2023-12-08T00:10:17.122+0000] {processor.py:157} INFO - Started process (PID=2715) to work on /opt/airflow/dags/fitzgerald-great-gatsby.epub
[2023-12-08T00:10:17.128+0000] {processor.py:829} INFO - Processing file /opt/airflow/dags/fitzgerald-great-gatsby.epub for tasks to queue
[2023-12-08T00:10:17.131+0000] {logging_mixin.py:151} INFO - [2023-12-08T00:10:17.130+0000] {dagbag.py:536} INFO - Filling up the DagBag from /opt/airflow/dags/fitzgerald-great-gatsby.epub
[2023-12-08T00:10:17.146+0000] {processor.py:841} WARNING - No viable dags retrieved from /opt/airflow/dags/fitzgerald-great-gatsby.epub
[2023-12-08T00:10:17.195+0000] {processor.py:179} INFO - Processing /opt/airflow/dags/fitzgerald-great-gatsby.epub took 0.089 seconds
[2023-12-08T00:10:47.431+0000] {processor.py:157} INFO - Started process (PID=2771) to work on /opt/airflow/dags/fitzgerald-great-gatsby.epub
[2023-12-08T00:10:47.434+0000] {processor.py:829} INFO - Processing file /opt/airflow/dags/fitzgerald-great-gatsby.epub for tasks to queue
[2023-12-08T00:10:47.435+0000] {logging_mixin.py:151} INFO - [2023-12-08T00:10:47.435+0000] {dagbag.py:536} INFO - Filling up the DagBag from /opt/airflow/dags/fitzgerald-great-gatsby.epub
[2023-12-08T00:10:47.440+0000] {processor.py:841} WARNING - No viable dags retrieved from /opt/airflow/dags/fitzgerald-great-gatsby.epub
[2023-12-08T00:10:47.470+0000] {processor.py:179} INFO - Processing /opt/airflow/dags/fitzgerald-great-gatsby.epub took 0.046 seconds
[2023-12-08T00:11:17.909+0000] {processor.py:157} INFO - Started process (PID=2829) to work on /opt/airflow/dags/fitzgerald-great-gatsby.epub
[2023-12-08T00:11:17.912+0000] {processor.py:829} INFO - Processing file /opt/airflow/dags/fitzgerald-great-gatsby.epub for tasks to queue
[2023-12-08T00:11:17.915+0000] {logging_mixin.py:151} INFO - [2023-12-08T00:11:17.914+0000] {dagbag.py:536} INFO - Filling up the DagBag from /opt/airflow/dags/fitzgerald-great-gatsby.epub
[2023-12-08T00:11:17.921+0000] {processor.py:841} WARNING - No viable dags retrieved from /opt/airflow/dags/fitzgerald-great-gatsby.epub
[2023-12-08T00:11:17.949+0000] {processor.py:179} INFO - Processing /opt/airflow/dags/fitzgerald-great-gatsby.epub took 0.048 seconds
[2023-12-08T00:11:48.338+0000] {processor.py:157} INFO - Started process (PID=2887) to work on /opt/airflow/dags/fitzgerald-great-gatsby.epub
[2023-12-08T00:11:48.341+0000] {processor.py:829} INFO - Processing file /opt/airflow/dags/fitzgerald-great-gatsby.epub for tasks to queue
[2023-12-08T00:11:48.343+0000] {logging_mixin.py:151} INFO - [2023-12-08T00:11:48.342+0000] {dagbag.py:536} INFO - Filling up the DagBag from /opt/airflow/dags/fitzgerald-great-gatsby.epub
[2023-12-08T00:11:48.347+0000] {processor.py:841} WARNING - No viable dags retrieved from /opt/airflow/dags/fitzgerald-great-gatsby.epub
[2023-12-08T00:11:48.371+0000] {processor.py:179} INFO - Processing /opt/airflow/dags/fitzgerald-great-gatsby.epub took 0.040 seconds
[2023-12-08T00:12:18.739+0000] {processor.py:157} INFO - Started process (PID=2945) to work on /opt/airflow/dags/fitzgerald-great-gatsby.epub
[2023-12-08T00:12:18.741+0000] {processor.py:829} INFO - Processing file /opt/airflow/dags/fitzgerald-great-gatsby.epub for tasks to queue
[2023-12-08T00:12:18.743+0000] {logging_mixin.py:151} INFO - [2023-12-08T00:12:18.742+0000] {dagbag.py:536} INFO - Filling up the DagBag from /opt/airflow/dags/fitzgerald-great-gatsby.epub
[2023-12-08T00:12:18.747+0000] {processor.py:841} WARNING - No viable dags retrieved from /opt/airflow/dags/fitzgerald-great-gatsby.epub
[2023-12-08T00:12:18.776+0000] {processor.py:179} INFO - Processing /opt/airflow/dags/fitzgerald-great-gatsby.epub took 0.044 seconds
[2023-12-08T00:12:49.160+0000] {processor.py:157} INFO - Started process (PID=3002) to work on /opt/airflow/dags/fitzgerald-great-gatsby.epub
[2023-12-08T00:12:49.162+0000] {processor.py:829} INFO - Processing file /opt/airflow/dags/fitzgerald-great-gatsby.epub for tasks to queue
[2023-12-08T00:12:49.164+0000] {logging_mixin.py:151} INFO - [2023-12-08T00:12:49.163+0000] {dagbag.py:536} INFO - Filling up the DagBag from /opt/airflow/dags/fitzgerald-great-gatsby.epub
[2023-12-08T00:12:49.168+0000] {processor.py:841} WARNING - No viable dags retrieved from /opt/airflow/dags/fitzgerald-great-gatsby.epub
[2023-12-08T00:12:49.192+0000] {processor.py:179} INFO - Processing /opt/airflow/dags/fitzgerald-great-gatsby.epub took 0.037 seconds
[2023-12-08T00:13:19.275+0000] {processor.py:157} INFO - Started process (PID=3060) to work on /opt/airflow/dags/fitzgerald-great-gatsby.epub
[2023-12-08T00:13:19.277+0000] {processor.py:829} INFO - Processing file /opt/airflow/dags/fitzgerald-great-gatsby.epub for tasks to queue
[2023-12-08T00:13:19.279+0000] {logging_mixin.py:151} INFO - [2023-12-08T00:13:19.278+0000] {dagbag.py:536} INFO - Filling up the DagBag from /opt/airflow/dags/fitzgerald-great-gatsby.epub
[2023-12-08T00:13:19.283+0000] {processor.py:841} WARNING - No viable dags retrieved from /opt/airflow/dags/fitzgerald-great-gatsby.epub
[2023-12-08T00:13:19.306+0000] {processor.py:179} INFO - Processing /opt/airflow/dags/fitzgerald-great-gatsby.epub took 0.036 seconds
[2023-12-08T00:13:50.148+0000] {processor.py:157} INFO - Started process (PID=3118) to work on /opt/airflow/dags/fitzgerald-great-gatsby.epub
[2023-12-08T00:13:50.151+0000] {processor.py:829} INFO - Processing file /opt/airflow/dags/fitzgerald-great-gatsby.epub for tasks to queue
[2023-12-08T00:13:50.153+0000] {logging_mixin.py:151} INFO - [2023-12-08T00:13:50.152+0000] {dagbag.py:536} INFO - Filling up the DagBag from /opt/airflow/dags/fitzgerald-great-gatsby.epub
[2023-12-08T00:13:50.157+0000] {processor.py:841} WARNING - No viable dags retrieved from /opt/airflow/dags/fitzgerald-great-gatsby.epub
[2023-12-08T00:13:50.186+0000] {processor.py:179} INFO - Processing /opt/airflow/dags/fitzgerald-great-gatsby.epub took 0.043 seconds
[2023-12-08T00:14:20.781+0000] {processor.py:157} INFO - Started process (PID=3176) to work on /opt/airflow/dags/fitzgerald-great-gatsby.epub
[2023-12-08T00:14:20.783+0000] {processor.py:829} INFO - Processing file /opt/airflow/dags/fitzgerald-great-gatsby.epub for tasks to queue
[2023-12-08T00:14:20.785+0000] {logging_mixin.py:151} INFO - [2023-12-08T00:14:20.785+0000] {dagbag.py:536} INFO - Filling up the DagBag from /opt/airflow/dags/fitzgerald-great-gatsby.epub
[2023-12-08T00:14:20.790+0000] {processor.py:841} WARNING - No viable dags retrieved from /opt/airflow/dags/fitzgerald-great-gatsby.epub
[2023-12-08T00:14:20.818+0000] {processor.py:179} INFO - Processing /opt/airflow/dags/fitzgerald-great-gatsby.epub took 0.043 seconds
