[2023-12-08T00:00:08.616+0000] {processor.py:157} INFO - Started process (PID=1554) to work on /opt/airflow/dags/haggard-a-tale-of-three-lions.epub
[2023-12-08T00:00:08.619+0000] {processor.py:829} INFO - Processing file /opt/airflow/dags/haggard-a-tale-of-three-lions.epub for tasks to queue
[2023-12-08T00:00:08.621+0000] {logging_mixin.py:151} INFO - [2023-12-08T00:00:08.620+0000] {dagbag.py:536} INFO - Filling up the DagBag from /opt/airflow/dags/haggard-a-tale-of-three-lions.epub
[2023-12-08T00:00:08.625+0000] {processor.py:841} WARNING - No viable dags retrieved from /opt/airflow/dags/haggard-a-tale-of-three-lions.epub
[2023-12-08T00:00:08.650+0000] {processor.py:179} INFO - Processing /opt/airflow/dags/haggard-a-tale-of-three-lions.epub took 0.039 seconds
[2023-12-08T00:00:39.406+0000] {processor.py:157} INFO - Started process (PID=1613) to work on /opt/airflow/dags/haggard-a-tale-of-three-lions.epub
[2023-12-08T00:00:39.408+0000] {processor.py:829} INFO - Processing file /opt/airflow/dags/haggard-a-tale-of-three-lions.epub for tasks to queue
[2023-12-08T00:00:39.409+0000] {logging_mixin.py:151} INFO - [2023-12-08T00:00:39.409+0000] {dagbag.py:536} INFO - Filling up the DagBag from /opt/airflow/dags/haggard-a-tale-of-three-lions.epub
[2023-12-08T00:00:39.413+0000] {processor.py:841} WARNING - No viable dags retrieved from /opt/airflow/dags/haggard-a-tale-of-three-lions.epub
[2023-12-08T00:00:39.438+0000] {processor.py:179} INFO - Processing /opt/airflow/dags/haggard-a-tale-of-three-lions.epub took 0.035 seconds
[2023-12-08T00:01:09.700+0000] {processor.py:157} INFO - Started process (PID=1671) to work on /opt/airflow/dags/haggard-a-tale-of-three-lions.epub
[2023-12-08T00:01:09.702+0000] {processor.py:829} INFO - Processing file /opt/airflow/dags/haggard-a-tale-of-three-lions.epub for tasks to queue
[2023-12-08T00:01:09.703+0000] {logging_mixin.py:151} INFO - [2023-12-08T00:01:09.703+0000] {dagbag.py:536} INFO - Filling up the DagBag from /opt/airflow/dags/haggard-a-tale-of-three-lions.epub
[2023-12-08T00:01:09.707+0000] {processor.py:841} WARNING - No viable dags retrieved from /opt/airflow/dags/haggard-a-tale-of-three-lions.epub
[2023-12-08T00:01:09.727+0000] {processor.py:179} INFO - Processing /opt/airflow/dags/haggard-a-tale-of-three-lions.epub took 0.031 seconds
[2023-12-08T00:01:40.101+0000] {processor.py:157} INFO - Started process (PID=1729) to work on /opt/airflow/dags/haggard-a-tale-of-three-lions.epub
[2023-12-08T00:01:40.103+0000] {processor.py:829} INFO - Processing file /opt/airflow/dags/haggard-a-tale-of-three-lions.epub for tasks to queue
[2023-12-08T00:01:40.104+0000] {logging_mixin.py:151} INFO - [2023-12-08T00:01:40.104+0000] {dagbag.py:536} INFO - Filling up the DagBag from /opt/airflow/dags/haggard-a-tale-of-three-lions.epub
[2023-12-08T00:01:40.108+0000] {processor.py:841} WARNING - No viable dags retrieved from /opt/airflow/dags/haggard-a-tale-of-three-lions.epub
[2023-12-08T00:01:40.128+0000] {processor.py:179} INFO - Processing /opt/airflow/dags/haggard-a-tale-of-three-lions.epub took 0.031 seconds
[2023-12-08T00:02:10.637+0000] {processor.py:157} INFO - Started process (PID=1788) to work on /opt/airflow/dags/haggard-a-tale-of-three-lions.epub
[2023-12-08T00:02:10.642+0000] {processor.py:829} INFO - Processing file /opt/airflow/dags/haggard-a-tale-of-three-lions.epub for tasks to queue
[2023-12-08T00:02:10.646+0000] {logging_mixin.py:151} INFO - [2023-12-08T00:02:10.645+0000] {dagbag.py:536} INFO - Filling up the DagBag from /opt/airflow/dags/haggard-a-tale-of-three-lions.epub
[2023-12-08T00:02:10.653+0000] {processor.py:841} WARNING - No viable dags retrieved from /opt/airflow/dags/haggard-a-tale-of-three-lions.epub
[2023-12-08T00:02:10.684+0000] {processor.py:179} INFO - Processing /opt/airflow/dags/haggard-a-tale-of-three-lions.epub took 0.058 seconds
[2023-12-08T00:02:40.748+0000] {processor.py:157} INFO - Started process (PID=1846) to work on /opt/airflow/dags/haggard-a-tale-of-three-lions.epub
[2023-12-08T00:02:40.750+0000] {processor.py:829} INFO - Processing file /opt/airflow/dags/haggard-a-tale-of-three-lions.epub for tasks to queue
[2023-12-08T00:02:40.752+0000] {logging_mixin.py:151} INFO - [2023-12-08T00:02:40.752+0000] {dagbag.py:536} INFO - Filling up the DagBag from /opt/airflow/dags/haggard-a-tale-of-three-lions.epub
[2023-12-08T00:02:40.755+0000] {processor.py:841} WARNING - No viable dags retrieved from /opt/airflow/dags/haggard-a-tale-of-three-lions.epub
[2023-12-08T00:02:40.772+0000] {processor.py:179} INFO - Processing /opt/airflow/dags/haggard-a-tale-of-three-lions.epub took 0.028 seconds
[2023-12-08T00:03:11.311+0000] {processor.py:157} INFO - Started process (PID=1905) to work on /opt/airflow/dags/haggard-a-tale-of-three-lions.epub
[2023-12-08T00:03:11.313+0000] {processor.py:829} INFO - Processing file /opt/airflow/dags/haggard-a-tale-of-three-lions.epub for tasks to queue
[2023-12-08T00:03:11.315+0000] {logging_mixin.py:151} INFO - [2023-12-08T00:03:11.314+0000] {dagbag.py:536} INFO - Filling up the DagBag from /opt/airflow/dags/haggard-a-tale-of-three-lions.epub
[2023-12-08T00:03:11.318+0000] {processor.py:841} WARNING - No viable dags retrieved from /opt/airflow/dags/haggard-a-tale-of-three-lions.epub
[2023-12-08T00:03:11.339+0000] {processor.py:179} INFO - Processing /opt/airflow/dags/haggard-a-tale-of-three-lions.epub took 0.032 seconds
[2023-12-08T00:03:41.925+0000] {processor.py:157} INFO - Started process (PID=1962) to work on /opt/airflow/dags/haggard-a-tale-of-three-lions.epub
[2023-12-08T00:03:41.927+0000] {processor.py:829} INFO - Processing file /opt/airflow/dags/haggard-a-tale-of-three-lions.epub for tasks to queue
[2023-12-08T00:03:41.929+0000] {logging_mixin.py:151} INFO - [2023-12-08T00:03:41.929+0000] {dagbag.py:536} INFO - Filling up the DagBag from /opt/airflow/dags/haggard-a-tale-of-three-lions.epub
[2023-12-08T00:03:41.934+0000] {processor.py:841} WARNING - No viable dags retrieved from /opt/airflow/dags/haggard-a-tale-of-three-lions.epub
[2023-12-08T00:03:41.963+0000] {processor.py:179} INFO - Processing /opt/airflow/dags/haggard-a-tale-of-three-lions.epub took 0.046 seconds
[2023-12-08T00:04:12.530+0000] {processor.py:157} INFO - Started process (PID=2020) to work on /opt/airflow/dags/haggard-a-tale-of-three-lions.epub
[2023-12-08T00:04:12.531+0000] {processor.py:829} INFO - Processing file /opt/airflow/dags/haggard-a-tale-of-three-lions.epub for tasks to queue
[2023-12-08T00:04:12.533+0000] {logging_mixin.py:151} INFO - [2023-12-08T00:04:12.532+0000] {dagbag.py:536} INFO - Filling up the DagBag from /opt/airflow/dags/haggard-a-tale-of-three-lions.epub
[2023-12-08T00:04:12.536+0000] {processor.py:841} WARNING - No viable dags retrieved from /opt/airflow/dags/haggard-a-tale-of-three-lions.epub
[2023-12-08T00:04:12.553+0000] {processor.py:179} INFO - Processing /opt/airflow/dags/haggard-a-tale-of-three-lions.epub took 0.028 seconds
[2023-12-08T00:04:43.265+0000] {processor.py:157} INFO - Started process (PID=2078) to work on /opt/airflow/dags/haggard-a-tale-of-three-lions.epub
[2023-12-08T00:04:43.267+0000] {processor.py:829} INFO - Processing file /opt/airflow/dags/haggard-a-tale-of-three-lions.epub for tasks to queue
[2023-12-08T00:04:43.268+0000] {logging_mixin.py:151} INFO - [2023-12-08T00:04:43.268+0000] {dagbag.py:536} INFO - Filling up the DagBag from /opt/airflow/dags/haggard-a-tale-of-three-lions.epub
[2023-12-08T00:04:43.271+0000] {processor.py:841} WARNING - No viable dags retrieved from /opt/airflow/dags/haggard-a-tale-of-three-lions.epub
[2023-12-08T00:04:43.289+0000] {processor.py:179} INFO - Processing /opt/airflow/dags/haggard-a-tale-of-three-lions.epub took 0.029 seconds
[2023-12-08T00:05:13.781+0000] {processor.py:157} INFO - Started process (PID=2136) to work on /opt/airflow/dags/haggard-a-tale-of-three-lions.epub
[2023-12-08T00:05:13.783+0000] {processor.py:829} INFO - Processing file /opt/airflow/dags/haggard-a-tale-of-three-lions.epub for tasks to queue
[2023-12-08T00:05:13.784+0000] {logging_mixin.py:151} INFO - [2023-12-08T00:05:13.784+0000] {dagbag.py:536} INFO - Filling up the DagBag from /opt/airflow/dags/haggard-a-tale-of-three-lions.epub
[2023-12-08T00:05:13.788+0000] {processor.py:841} WARNING - No viable dags retrieved from /opt/airflow/dags/haggard-a-tale-of-three-lions.epub
[2023-12-08T00:05:13.807+0000] {processor.py:179} INFO - Processing /opt/airflow/dags/haggard-a-tale-of-three-lions.epub took 0.029 seconds
[2023-12-08T00:05:44.142+0000] {processor.py:157} INFO - Started process (PID=2194) to work on /opt/airflow/dags/haggard-a-tale-of-three-lions.epub
[2023-12-08T00:05:44.144+0000] {processor.py:829} INFO - Processing file /opt/airflow/dags/haggard-a-tale-of-three-lions.epub for tasks to queue
[2023-12-08T00:05:44.145+0000] {logging_mixin.py:151} INFO - [2023-12-08T00:05:44.145+0000] {dagbag.py:536} INFO - Filling up the DagBag from /opt/airflow/dags/haggard-a-tale-of-three-lions.epub
[2023-12-08T00:05:44.148+0000] {processor.py:841} WARNING - No viable dags retrieved from /opt/airflow/dags/haggard-a-tale-of-three-lions.epub
[2023-12-08T00:05:44.166+0000] {processor.py:179} INFO - Processing /opt/airflow/dags/haggard-a-tale-of-three-lions.epub took 0.027 seconds
[2023-12-08T00:06:14.461+0000] {processor.py:157} INFO - Started process (PID=2252) to work on /opt/airflow/dags/haggard-a-tale-of-three-lions.epub
[2023-12-08T00:06:14.463+0000] {processor.py:829} INFO - Processing file /opt/airflow/dags/haggard-a-tale-of-three-lions.epub for tasks to queue
[2023-12-08T00:06:14.464+0000] {logging_mixin.py:151} INFO - [2023-12-08T00:06:14.464+0000] {dagbag.py:536} INFO - Filling up the DagBag from /opt/airflow/dags/haggard-a-tale-of-three-lions.epub
[2023-12-08T00:06:14.467+0000] {processor.py:841} WARNING - No viable dags retrieved from /opt/airflow/dags/haggard-a-tale-of-three-lions.epub
[2023-12-08T00:06:14.485+0000] {processor.py:179} INFO - Processing /opt/airflow/dags/haggard-a-tale-of-three-lions.epub took 0.027 seconds
[2023-12-08T00:06:45.020+0000] {processor.py:157} INFO - Started process (PID=2310) to work on /opt/airflow/dags/haggard-a-tale-of-three-lions.epub
[2023-12-08T00:06:45.022+0000] {processor.py:829} INFO - Processing file /opt/airflow/dags/haggard-a-tale-of-three-lions.epub for tasks to queue
[2023-12-08T00:06:45.024+0000] {logging_mixin.py:151} INFO - [2023-12-08T00:06:45.024+0000] {dagbag.py:536} INFO - Filling up the DagBag from /opt/airflow/dags/haggard-a-tale-of-three-lions.epub
[2023-12-08T00:06:45.030+0000] {processor.py:841} WARNING - No viable dags retrieved from /opt/airflow/dags/haggard-a-tale-of-three-lions.epub
[2023-12-08T00:06:45.054+0000] {processor.py:179} INFO - Processing /opt/airflow/dags/haggard-a-tale-of-three-lions.epub took 0.040 seconds
[2023-12-08T00:07:15.275+0000] {processor.py:157} INFO - Started process (PID=2368) to work on /opt/airflow/dags/haggard-a-tale-of-three-lions.epub
[2023-12-08T00:07:15.277+0000] {processor.py:829} INFO - Processing file /opt/airflow/dags/haggard-a-tale-of-three-lions.epub for tasks to queue
[2023-12-08T00:07:15.278+0000] {logging_mixin.py:151} INFO - [2023-12-08T00:07:15.278+0000] {dagbag.py:536} INFO - Filling up the DagBag from /opt/airflow/dags/haggard-a-tale-of-three-lions.epub
[2023-12-08T00:07:15.282+0000] {processor.py:841} WARNING - No viable dags retrieved from /opt/airflow/dags/haggard-a-tale-of-three-lions.epub
[2023-12-08T00:07:15.301+0000] {processor.py:179} INFO - Processing /opt/airflow/dags/haggard-a-tale-of-three-lions.epub took 0.030 seconds
[2023-12-08T00:07:45.474+0000] {processor.py:157} INFO - Started process (PID=2426) to work on /opt/airflow/dags/haggard-a-tale-of-three-lions.epub
[2023-12-08T00:07:45.475+0000] {processor.py:829} INFO - Processing file /opt/airflow/dags/haggard-a-tale-of-three-lions.epub for tasks to queue
[2023-12-08T00:07:45.477+0000] {logging_mixin.py:151} INFO - [2023-12-08T00:07:45.476+0000] {dagbag.py:536} INFO - Filling up the DagBag from /opt/airflow/dags/haggard-a-tale-of-three-lions.epub
[2023-12-08T00:07:45.480+0000] {processor.py:841} WARNING - No viable dags retrieved from /opt/airflow/dags/haggard-a-tale-of-three-lions.epub
[2023-12-08T00:07:45.498+0000] {processor.py:179} INFO - Processing /opt/airflow/dags/haggard-a-tale-of-three-lions.epub took 0.029 seconds
[2023-12-08T00:08:15.974+0000] {processor.py:157} INFO - Started process (PID=2484) to work on /opt/airflow/dags/haggard-a-tale-of-three-lions.epub
[2023-12-08T00:08:15.976+0000] {processor.py:829} INFO - Processing file /opt/airflow/dags/haggard-a-tale-of-three-lions.epub for tasks to queue
[2023-12-08T00:08:15.977+0000] {logging_mixin.py:151} INFO - [2023-12-08T00:08:15.976+0000] {dagbag.py:536} INFO - Filling up the DagBag from /opt/airflow/dags/haggard-a-tale-of-three-lions.epub
[2023-12-08T00:08:15.980+0000] {processor.py:841} WARNING - No viable dags retrieved from /opt/airflow/dags/haggard-a-tale-of-three-lions.epub
[2023-12-08T00:08:15.998+0000] {processor.py:179} INFO - Processing /opt/airflow/dags/haggard-a-tale-of-three-lions.epub took 0.028 seconds
[2023-12-08T00:08:46.144+0000] {processor.py:157} INFO - Started process (PID=2542) to work on /opt/airflow/dags/haggard-a-tale-of-three-lions.epub
[2023-12-08T00:08:46.146+0000] {processor.py:829} INFO - Processing file /opt/airflow/dags/haggard-a-tale-of-three-lions.epub for tasks to queue
[2023-12-08T00:08:46.147+0000] {logging_mixin.py:151} INFO - [2023-12-08T00:08:46.146+0000] {dagbag.py:536} INFO - Filling up the DagBag from /opt/airflow/dags/haggard-a-tale-of-three-lions.epub
[2023-12-08T00:08:46.150+0000] {processor.py:841} WARNING - No viable dags retrieved from /opt/airflow/dags/haggard-a-tale-of-three-lions.epub
[2023-12-08T00:08:46.167+0000] {processor.py:179} INFO - Processing /opt/airflow/dags/haggard-a-tale-of-three-lions.epub took 0.026 seconds
[2023-12-08T00:09:16.315+0000] {processor.py:157} INFO - Started process (PID=2600) to work on /opt/airflow/dags/haggard-a-tale-of-three-lions.epub
[2023-12-08T00:09:16.316+0000] {processor.py:829} INFO - Processing file /opt/airflow/dags/haggard-a-tale-of-three-lions.epub for tasks to queue
[2023-12-08T00:09:16.318+0000] {logging_mixin.py:151} INFO - [2023-12-08T00:09:16.317+0000] {dagbag.py:536} INFO - Filling up the DagBag from /opt/airflow/dags/haggard-a-tale-of-three-lions.epub
[2023-12-08T00:09:16.321+0000] {processor.py:841} WARNING - No viable dags retrieved from /opt/airflow/dags/haggard-a-tale-of-three-lions.epub
[2023-12-08T00:09:16.341+0000] {processor.py:179} INFO - Processing /opt/airflow/dags/haggard-a-tale-of-three-lions.epub took 0.031 seconds
[2023-12-08T00:09:46.845+0000] {processor.py:157} INFO - Started process (PID=2658) to work on /opt/airflow/dags/haggard-a-tale-of-three-lions.epub
[2023-12-08T00:09:46.847+0000] {processor.py:829} INFO - Processing file /opt/airflow/dags/haggard-a-tale-of-three-lions.epub for tasks to queue
[2023-12-08T00:09:46.848+0000] {logging_mixin.py:151} INFO - [2023-12-08T00:09:46.847+0000] {dagbag.py:536} INFO - Filling up the DagBag from /opt/airflow/dags/haggard-a-tale-of-three-lions.epub
[2023-12-08T00:09:46.851+0000] {processor.py:841} WARNING - No viable dags retrieved from /opt/airflow/dags/haggard-a-tale-of-three-lions.epub
[2023-12-08T00:09:46.868+0000] {processor.py:179} INFO - Processing /opt/airflow/dags/haggard-a-tale-of-three-lions.epub took 0.027 seconds
[2023-12-08T00:10:17.262+0000] {processor.py:157} INFO - Started process (PID=2717) to work on /opt/airflow/dags/haggard-a-tale-of-three-lions.epub
[2023-12-08T00:10:17.271+0000] {processor.py:829} INFO - Processing file /opt/airflow/dags/haggard-a-tale-of-three-lions.epub for tasks to queue
[2023-12-08T00:10:17.275+0000] {logging_mixin.py:151} INFO - [2023-12-08T00:10:17.274+0000] {dagbag.py:536} INFO - Filling up the DagBag from /opt/airflow/dags/haggard-a-tale-of-three-lions.epub
[2023-12-08T00:10:17.291+0000] {processor.py:841} WARNING - No viable dags retrieved from /opt/airflow/dags/haggard-a-tale-of-three-lions.epub
[2023-12-08T00:10:17.324+0000] {processor.py:179} INFO - Processing /opt/airflow/dags/haggard-a-tale-of-three-lions.epub took 0.070 seconds
[2023-12-08T00:10:47.513+0000] {processor.py:157} INFO - Started process (PID=2773) to work on /opt/airflow/dags/haggard-a-tale-of-three-lions.epub
[2023-12-08T00:10:47.515+0000] {processor.py:829} INFO - Processing file /opt/airflow/dags/haggard-a-tale-of-three-lions.epub for tasks to queue
[2023-12-08T00:10:47.517+0000] {logging_mixin.py:151} INFO - [2023-12-08T00:10:47.517+0000] {dagbag.py:536} INFO - Filling up the DagBag from /opt/airflow/dags/haggard-a-tale-of-three-lions.epub
[2023-12-08T00:10:47.521+0000] {processor.py:841} WARNING - No viable dags retrieved from /opt/airflow/dags/haggard-a-tale-of-three-lions.epub
[2023-12-08T00:10:47.541+0000] {processor.py:179} INFO - Processing /opt/airflow/dags/haggard-a-tale-of-three-lions.epub took 0.033 seconds
[2023-12-08T00:11:17.982+0000] {processor.py:157} INFO - Started process (PID=2831) to work on /opt/airflow/dags/haggard-a-tale-of-three-lions.epub
[2023-12-08T00:11:17.984+0000] {processor.py:829} INFO - Processing file /opt/airflow/dags/haggard-a-tale-of-three-lions.epub for tasks to queue
[2023-12-08T00:11:17.985+0000] {logging_mixin.py:151} INFO - [2023-12-08T00:11:17.984+0000] {dagbag.py:536} INFO - Filling up the DagBag from /opt/airflow/dags/haggard-a-tale-of-three-lions.epub
[2023-12-08T00:11:17.988+0000] {processor.py:841} WARNING - No viable dags retrieved from /opt/airflow/dags/haggard-a-tale-of-three-lions.epub
[2023-12-08T00:11:18.005+0000] {processor.py:179} INFO - Processing /opt/airflow/dags/haggard-a-tale-of-three-lions.epub took 0.027 seconds
[2023-12-08T00:11:48.405+0000] {processor.py:157} INFO - Started process (PID=2889) to work on /opt/airflow/dags/haggard-a-tale-of-three-lions.epub
[2023-12-08T00:11:48.407+0000] {processor.py:829} INFO - Processing file /opt/airflow/dags/haggard-a-tale-of-three-lions.epub for tasks to queue
[2023-12-08T00:11:48.408+0000] {logging_mixin.py:151} INFO - [2023-12-08T00:11:48.408+0000] {dagbag.py:536} INFO - Filling up the DagBag from /opt/airflow/dags/haggard-a-tale-of-three-lions.epub
[2023-12-08T00:11:48.411+0000] {processor.py:841} WARNING - No viable dags retrieved from /opt/airflow/dags/haggard-a-tale-of-three-lions.epub
[2023-12-08T00:11:48.428+0000] {processor.py:179} INFO - Processing /opt/airflow/dags/haggard-a-tale-of-three-lions.epub took 0.026 seconds
[2023-12-08T00:12:18.809+0000] {processor.py:157} INFO - Started process (PID=2947) to work on /opt/airflow/dags/haggard-a-tale-of-three-lions.epub
[2023-12-08T00:12:18.811+0000] {processor.py:829} INFO - Processing file /opt/airflow/dags/haggard-a-tale-of-three-lions.epub for tasks to queue
[2023-12-08T00:12:18.813+0000] {logging_mixin.py:151} INFO - [2023-12-08T00:12:18.812+0000] {dagbag.py:536} INFO - Filling up the DagBag from /opt/airflow/dags/haggard-a-tale-of-three-lions.epub
[2023-12-08T00:12:18.816+0000] {processor.py:841} WARNING - No viable dags retrieved from /opt/airflow/dags/haggard-a-tale-of-three-lions.epub
[2023-12-08T00:12:18.834+0000] {processor.py:179} INFO - Processing /opt/airflow/dags/haggard-a-tale-of-three-lions.epub took 0.029 seconds
[2023-12-08T00:12:49.231+0000] {processor.py:157} INFO - Started process (PID=3004) to work on /opt/airflow/dags/haggard-a-tale-of-three-lions.epub
[2023-12-08T00:12:49.233+0000] {processor.py:829} INFO - Processing file /opt/airflow/dags/haggard-a-tale-of-three-lions.epub for tasks to queue
[2023-12-08T00:12:49.234+0000] {logging_mixin.py:151} INFO - [2023-12-08T00:12:49.234+0000] {dagbag.py:536} INFO - Filling up the DagBag from /opt/airflow/dags/haggard-a-tale-of-three-lions.epub
[2023-12-08T00:12:49.237+0000] {processor.py:841} WARNING - No viable dags retrieved from /opt/airflow/dags/haggard-a-tale-of-three-lions.epub
[2023-12-08T00:12:49.254+0000] {processor.py:179} INFO - Processing /opt/airflow/dags/haggard-a-tale-of-three-lions.epub took 0.028 seconds
[2023-12-08T00:13:19.340+0000] {processor.py:157} INFO - Started process (PID=3062) to work on /opt/airflow/dags/haggard-a-tale-of-three-lions.epub
[2023-12-08T00:13:19.342+0000] {processor.py:829} INFO - Processing file /opt/airflow/dags/haggard-a-tale-of-three-lions.epub for tasks to queue
[2023-12-08T00:13:19.343+0000] {logging_mixin.py:151} INFO - [2023-12-08T00:13:19.343+0000] {dagbag.py:536} INFO - Filling up the DagBag from /opt/airflow/dags/haggard-a-tale-of-three-lions.epub
[2023-12-08T00:13:19.347+0000] {processor.py:841} WARNING - No viable dags retrieved from /opt/airflow/dags/haggard-a-tale-of-three-lions.epub
[2023-12-08T00:13:19.366+0000] {processor.py:179} INFO - Processing /opt/airflow/dags/haggard-a-tale-of-three-lions.epub took 0.029 seconds
[2023-12-08T00:13:50.220+0000] {processor.py:157} INFO - Started process (PID=3120) to work on /opt/airflow/dags/haggard-a-tale-of-three-lions.epub
[2023-12-08T00:13:50.221+0000] {processor.py:829} INFO - Processing file /opt/airflow/dags/haggard-a-tale-of-three-lions.epub for tasks to queue
[2023-12-08T00:13:50.223+0000] {logging_mixin.py:151} INFO - [2023-12-08T00:13:50.222+0000] {dagbag.py:536} INFO - Filling up the DagBag from /opt/airflow/dags/haggard-a-tale-of-three-lions.epub
[2023-12-08T00:13:50.226+0000] {processor.py:841} WARNING - No viable dags retrieved from /opt/airflow/dags/haggard-a-tale-of-three-lions.epub
[2023-12-08T00:13:50.242+0000] {processor.py:179} INFO - Processing /opt/airflow/dags/haggard-a-tale-of-three-lions.epub took 0.026 seconds
[2023-12-08T00:14:20.795+0000] {processor.py:157} INFO - Started process (PID=3177) to work on /opt/airflow/dags/haggard-a-tale-of-three-lions.epub
[2023-12-08T00:14:20.797+0000] {processor.py:829} INFO - Processing file /opt/airflow/dags/haggard-a-tale-of-three-lions.epub for tasks to queue
[2023-12-08T00:14:20.799+0000] {logging_mixin.py:151} INFO - [2023-12-08T00:14:20.799+0000] {dagbag.py:536} INFO - Filling up the DagBag from /opt/airflow/dags/haggard-a-tale-of-three-lions.epub
[2023-12-08T00:14:20.803+0000] {processor.py:841} WARNING - No viable dags retrieved from /opt/airflow/dags/haggard-a-tale-of-three-lions.epub
[2023-12-08T00:14:20.823+0000] {processor.py:179} INFO - Processing /opt/airflow/dags/haggard-a-tale-of-three-lions.epub took 0.033 seconds
