[2023-12-09T21:41:15.194+0000] {processor.py:157} INFO - Started process (PID=43) to work on /opt/airflow/dags/carroll-alice-in-wonderland-illustrations.epub
[2023-12-09T21:41:15.196+0000] {processor.py:829} INFO - Processing file /opt/airflow/dags/carroll-alice-in-wonderland-illustrations.epub for tasks to queue
[2023-12-09T21:41:15.200+0000] {logging_mixin.py:151} INFO - [2023-12-09T21:41:15.200+0000] {dagbag.py:536} INFO - Filling up the DagBag from /opt/airflow/dags/carroll-alice-in-wonderland-illustrations.epub
[2023-12-09T21:41:15.205+0000] {processor.py:841} WARNING - No viable dags retrieved from /opt/airflow/dags/carroll-alice-in-wonderland-illustrations.epub
[2023-12-09T21:41:15.234+0000] {processor.py:179} INFO - Processing /opt/airflow/dags/carroll-alice-in-wonderland-illustrations.epub took 0.045 seconds
[2023-12-09T21:41:45.712+0000] {processor.py:157} INFO - Started process (PID=52) to work on /opt/airflow/dags/carroll-alice-in-wonderland-illustrations.epub
[2023-12-09T21:41:45.718+0000] {processor.py:829} INFO - Processing file /opt/airflow/dags/carroll-alice-in-wonderland-illustrations.epub for tasks to queue
[2023-12-09T21:41:45.726+0000] {logging_mixin.py:151} INFO - [2023-12-09T21:41:45.725+0000] {dagbag.py:536} INFO - Filling up the DagBag from /opt/airflow/dags/carroll-alice-in-wonderland-illustrations.epub
[2023-12-09T21:41:45.733+0000] {processor.py:841} WARNING - No viable dags retrieved from /opt/airflow/dags/carroll-alice-in-wonderland-illustrations.epub
[2023-12-09T21:41:45.766+0000] {processor.py:179} INFO - Processing /opt/airflow/dags/carroll-alice-in-wonderland-illustrations.epub took 0.066 seconds
[2023-12-09T21:42:16.186+0000] {processor.py:157} INFO - Started process (PID=61) to work on /opt/airflow/dags/carroll-alice-in-wonderland-illustrations.epub
[2023-12-09T21:42:16.188+0000] {processor.py:829} INFO - Processing file /opt/airflow/dags/carroll-alice-in-wonderland-illustrations.epub for tasks to queue
[2023-12-09T21:42:16.193+0000] {logging_mixin.py:151} INFO - [2023-12-09T21:42:16.193+0000] {dagbag.py:536} INFO - Filling up the DagBag from /opt/airflow/dags/carroll-alice-in-wonderland-illustrations.epub
[2023-12-09T21:42:16.198+0000] {processor.py:841} WARNING - No viable dags retrieved from /opt/airflow/dags/carroll-alice-in-wonderland-illustrations.epub
[2023-12-09T21:42:16.217+0000] {processor.py:179} INFO - Processing /opt/airflow/dags/carroll-alice-in-wonderland-illustrations.epub took 0.037 seconds
[2023-12-09T21:42:46.552+0000] {processor.py:157} INFO - Started process (PID=70) to work on /opt/airflow/dags/carroll-alice-in-wonderland-illustrations.epub
[2023-12-09T21:42:46.554+0000] {processor.py:829} INFO - Processing file /opt/airflow/dags/carroll-alice-in-wonderland-illustrations.epub for tasks to queue
[2023-12-09T21:42:46.560+0000] {logging_mixin.py:151} INFO - [2023-12-09T21:42:46.559+0000] {dagbag.py:536} INFO - Filling up the DagBag from /opt/airflow/dags/carroll-alice-in-wonderland-illustrations.epub
[2023-12-09T21:42:46.564+0000] {processor.py:841} WARNING - No viable dags retrieved from /opt/airflow/dags/carroll-alice-in-wonderland-illustrations.epub
[2023-12-09T21:42:46.581+0000] {processor.py:179} INFO - Processing /opt/airflow/dags/carroll-alice-in-wonderland-illustrations.epub took 0.034 seconds
[2023-12-09T21:43:16.936+0000] {processor.py:157} INFO - Started process (PID=79) to work on /opt/airflow/dags/carroll-alice-in-wonderland-illustrations.epub
[2023-12-09T21:43:16.939+0000] {processor.py:829} INFO - Processing file /opt/airflow/dags/carroll-alice-in-wonderland-illustrations.epub for tasks to queue
[2023-12-09T21:43:16.944+0000] {logging_mixin.py:151} INFO - [2023-12-09T21:43:16.943+0000] {dagbag.py:536} INFO - Filling up the DagBag from /opt/airflow/dags/carroll-alice-in-wonderland-illustrations.epub
[2023-12-09T21:43:16.949+0000] {processor.py:841} WARNING - No viable dags retrieved from /opt/airflow/dags/carroll-alice-in-wonderland-illustrations.epub
[2023-12-09T21:43:16.967+0000] {processor.py:179} INFO - Processing /opt/airflow/dags/carroll-alice-in-wonderland-illustrations.epub took 0.037 seconds
[2023-12-09T21:43:47.092+0000] {processor.py:157} INFO - Started process (PID=89) to work on /opt/airflow/dags/carroll-alice-in-wonderland-illustrations.epub
[2023-12-09T21:43:47.094+0000] {processor.py:829} INFO - Processing file /opt/airflow/dags/carroll-alice-in-wonderland-illustrations.epub for tasks to queue
[2023-12-09T21:43:47.100+0000] {logging_mixin.py:151} INFO - [2023-12-09T21:43:47.100+0000] {dagbag.py:536} INFO - Filling up the DagBag from /opt/airflow/dags/carroll-alice-in-wonderland-illustrations.epub
[2023-12-09T21:43:47.106+0000] {processor.py:841} WARNING - No viable dags retrieved from /opt/airflow/dags/carroll-alice-in-wonderland-illustrations.epub
[2023-12-09T21:43:47.132+0000] {processor.py:179} INFO - Processing /opt/airflow/dags/carroll-alice-in-wonderland-illustrations.epub took 0.065 seconds
[2023-12-09T21:44:17.570+0000] {processor.py:157} INFO - Started process (PID=98) to work on /opt/airflow/dags/carroll-alice-in-wonderland-illustrations.epub
[2023-12-09T21:44:17.574+0000] {processor.py:829} INFO - Processing file /opt/airflow/dags/carroll-alice-in-wonderland-illustrations.epub for tasks to queue
[2023-12-09T21:44:17.581+0000] {logging_mixin.py:151} INFO - [2023-12-09T21:44:17.581+0000] {dagbag.py:536} INFO - Filling up the DagBag from /opt/airflow/dags/carroll-alice-in-wonderland-illustrations.epub
[2023-12-09T21:44:17.587+0000] {processor.py:841} WARNING - No viable dags retrieved from /opt/airflow/dags/carroll-alice-in-wonderland-illustrations.epub
[2023-12-09T21:44:17.614+0000] {processor.py:179} INFO - Processing /opt/airflow/dags/carroll-alice-in-wonderland-illustrations.epub took 0.064 seconds
[2023-12-09T21:44:47.800+0000] {processor.py:157} INFO - Started process (PID=107) to work on /opt/airflow/dags/carroll-alice-in-wonderland-illustrations.epub
[2023-12-09T21:44:47.802+0000] {processor.py:829} INFO - Processing file /opt/airflow/dags/carroll-alice-in-wonderland-illustrations.epub for tasks to queue
[2023-12-09T21:44:47.808+0000] {logging_mixin.py:151} INFO - [2023-12-09T21:44:47.807+0000] {dagbag.py:536} INFO - Filling up the DagBag from /opt/airflow/dags/carroll-alice-in-wonderland-illustrations.epub
[2023-12-09T21:44:47.813+0000] {processor.py:841} WARNING - No viable dags retrieved from /opt/airflow/dags/carroll-alice-in-wonderland-illustrations.epub
[2023-12-09T21:44:47.834+0000] {processor.py:179} INFO - Processing /opt/airflow/dags/carroll-alice-in-wonderland-illustrations.epub took 0.039 seconds
[2023-12-09T21:45:17.971+0000] {processor.py:157} INFO - Started process (PID=116) to work on /opt/airflow/dags/carroll-alice-in-wonderland-illustrations.epub
[2023-12-09T21:45:17.972+0000] {processor.py:829} INFO - Processing file /opt/airflow/dags/carroll-alice-in-wonderland-illustrations.epub for tasks to queue
[2023-12-09T21:45:17.977+0000] {logging_mixin.py:151} INFO - [2023-12-09T21:45:17.976+0000] {dagbag.py:536} INFO - Filling up the DagBag from /opt/airflow/dags/carroll-alice-in-wonderland-illustrations.epub
[2023-12-09T21:45:17.981+0000] {processor.py:841} WARNING - No viable dags retrieved from /opt/airflow/dags/carroll-alice-in-wonderland-illustrations.epub
[2023-12-09T21:45:18.000+0000] {processor.py:179} INFO - Processing /opt/airflow/dags/carroll-alice-in-wonderland-illustrations.epub took 0.033 seconds
[2023-12-09T21:45:48.284+0000] {processor.py:157} INFO - Started process (PID=125) to work on /opt/airflow/dags/carroll-alice-in-wonderland-illustrations.epub
[2023-12-09T21:45:48.285+0000] {processor.py:829} INFO - Processing file /opt/airflow/dags/carroll-alice-in-wonderland-illustrations.epub for tasks to queue
[2023-12-09T21:45:48.289+0000] {logging_mixin.py:151} INFO - [2023-12-09T21:45:48.288+0000] {dagbag.py:536} INFO - Filling up the DagBag from /opt/airflow/dags/carroll-alice-in-wonderland-illustrations.epub
[2023-12-09T21:45:48.293+0000] {processor.py:841} WARNING - No viable dags retrieved from /opt/airflow/dags/carroll-alice-in-wonderland-illustrations.epub
[2023-12-09T21:45:48.314+0000] {processor.py:179} INFO - Processing /opt/airflow/dags/carroll-alice-in-wonderland-illustrations.epub took 0.037 seconds
[2023-12-09T21:46:18.856+0000] {processor.py:157} INFO - Started process (PID=135) to work on /opt/airflow/dags/carroll-alice-in-wonderland-illustrations.epub
[2023-12-09T21:46:18.858+0000] {processor.py:829} INFO - Processing file /opt/airflow/dags/carroll-alice-in-wonderland-illustrations.epub for tasks to queue
[2023-12-09T21:46:18.861+0000] {logging_mixin.py:151} INFO - [2023-12-09T21:46:18.861+0000] {dagbag.py:536} INFO - Filling up the DagBag from /opt/airflow/dags/carroll-alice-in-wonderland-illustrations.epub
[2023-12-09T21:46:18.865+0000] {processor.py:841} WARNING - No viable dags retrieved from /opt/airflow/dags/carroll-alice-in-wonderland-illustrations.epub
[2023-12-09T21:46:18.878+0000] {processor.py:179} INFO - Processing /opt/airflow/dags/carroll-alice-in-wonderland-illustrations.epub took 0.025 seconds
[2023-12-09T21:46:49.528+0000] {processor.py:157} INFO - Started process (PID=145) to work on /opt/airflow/dags/carroll-alice-in-wonderland-illustrations.epub
[2023-12-09T21:46:49.529+0000] {processor.py:829} INFO - Processing file /opt/airflow/dags/carroll-alice-in-wonderland-illustrations.epub for tasks to queue
[2023-12-09T21:46:49.533+0000] {logging_mixin.py:151} INFO - [2023-12-09T21:46:49.533+0000] {dagbag.py:536} INFO - Filling up the DagBag from /opt/airflow/dags/carroll-alice-in-wonderland-illustrations.epub
[2023-12-09T21:46:49.541+0000] {processor.py:841} WARNING - No viable dags retrieved from /opt/airflow/dags/carroll-alice-in-wonderland-illustrations.epub
[2023-12-09T21:46:49.572+0000] {processor.py:179} INFO - Processing /opt/airflow/dags/carroll-alice-in-wonderland-illustrations.epub took 0.048 seconds
[2023-12-09T21:51:16.407+0000] {processor.py:157} INFO - Started process (PID=218) to work on /opt/airflow/dags/carroll-alice-in-wonderland-illustrations.epub
[2023-12-09T21:51:16.408+0000] {processor.py:829} INFO - Processing file /opt/airflow/dags/carroll-alice-in-wonderland-illustrations.epub for tasks to queue
[2023-12-09T21:51:16.409+0000] {logging_mixin.py:151} INFO - [2023-12-09T21:51:16.409+0000] {dagbag.py:536} INFO - Filling up the DagBag from /opt/airflow/dags/carroll-alice-in-wonderland-illustrations.epub
[2023-12-09T21:51:16.413+0000] {processor.py:841} WARNING - No viable dags retrieved from /opt/airflow/dags/carroll-alice-in-wonderland-illustrations.epub
[2023-12-09T21:51:16.430+0000] {processor.py:179} INFO - Processing /opt/airflow/dags/carroll-alice-in-wonderland-illustrations.epub took 0.028 seconds
[2023-12-09T21:51:46.546+0000] {processor.py:157} INFO - Started process (PID=227) to work on /opt/airflow/dags/carroll-alice-in-wonderland-illustrations.epub
[2023-12-09T21:51:46.549+0000] {processor.py:829} INFO - Processing file /opt/airflow/dags/carroll-alice-in-wonderland-illustrations.epub for tasks to queue
[2023-12-09T21:51:46.550+0000] {logging_mixin.py:151} INFO - [2023-12-09T21:51:46.550+0000] {dagbag.py:536} INFO - Filling up the DagBag from /opt/airflow/dags/carroll-alice-in-wonderland-illustrations.epub
[2023-12-09T21:51:46.555+0000] {processor.py:841} WARNING - No viable dags retrieved from /opt/airflow/dags/carroll-alice-in-wonderland-illustrations.epub
[2023-12-09T21:51:46.582+0000] {processor.py:179} INFO - Processing /opt/airflow/dags/carroll-alice-in-wonderland-illustrations.epub took 0.041 seconds
[2023-12-09T21:52:16.980+0000] {processor.py:157} INFO - Started process (PID=236) to work on /opt/airflow/dags/carroll-alice-in-wonderland-illustrations.epub
[2023-12-09T21:52:16.982+0000] {processor.py:829} INFO - Processing file /opt/airflow/dags/carroll-alice-in-wonderland-illustrations.epub for tasks to queue
[2023-12-09T21:52:16.987+0000] {logging_mixin.py:151} INFO - [2023-12-09T21:52:16.983+0000] {dagbag.py:536} INFO - Filling up the DagBag from /opt/airflow/dags/carroll-alice-in-wonderland-illustrations.epub
[2023-12-09T21:52:17.002+0000] {processor.py:841} WARNING - No viable dags retrieved from /opt/airflow/dags/carroll-alice-in-wonderland-illustrations.epub
[2023-12-09T21:52:17.024+0000] {processor.py:179} INFO - Processing /opt/airflow/dags/carroll-alice-in-wonderland-illustrations.epub took 0.048 seconds
[2023-12-09T21:52:47.364+0000] {processor.py:157} INFO - Started process (PID=245) to work on /opt/airflow/dags/carroll-alice-in-wonderland-illustrations.epub
[2023-12-09T21:52:47.367+0000] {processor.py:829} INFO - Processing file /opt/airflow/dags/carroll-alice-in-wonderland-illustrations.epub for tasks to queue
[2023-12-09T21:52:47.368+0000] {logging_mixin.py:151} INFO - [2023-12-09T21:52:47.368+0000] {dagbag.py:536} INFO - Filling up the DagBag from /opt/airflow/dags/carroll-alice-in-wonderland-illustrations.epub
[2023-12-09T21:52:47.372+0000] {processor.py:841} WARNING - No viable dags retrieved from /opt/airflow/dags/carroll-alice-in-wonderland-illustrations.epub
[2023-12-09T21:52:47.403+0000] {processor.py:179} INFO - Processing /opt/airflow/dags/carroll-alice-in-wonderland-illustrations.epub took 0.045 seconds
[2023-12-09T21:53:17.733+0000] {processor.py:157} INFO - Started process (PID=254) to work on /opt/airflow/dags/carroll-alice-in-wonderland-illustrations.epub
[2023-12-09T21:53:17.735+0000] {processor.py:829} INFO - Processing file /opt/airflow/dags/carroll-alice-in-wonderland-illustrations.epub for tasks to queue
[2023-12-09T21:53:17.736+0000] {logging_mixin.py:151} INFO - [2023-12-09T21:53:17.736+0000] {dagbag.py:536} INFO - Filling up the DagBag from /opt/airflow/dags/carroll-alice-in-wonderland-illustrations.epub
[2023-12-09T21:53:17.740+0000] {processor.py:841} WARNING - No viable dags retrieved from /opt/airflow/dags/carroll-alice-in-wonderland-illustrations.epub
[2023-12-09T21:53:17.772+0000] {processor.py:179} INFO - Processing /opt/airflow/dags/carroll-alice-in-wonderland-illustrations.epub took 0.044 seconds
[2023-12-09T21:53:48.041+0000] {processor.py:157} INFO - Started process (PID=263) to work on /opt/airflow/dags/carroll-alice-in-wonderland-illustrations.epub
[2023-12-09T21:53:48.044+0000] {processor.py:829} INFO - Processing file /opt/airflow/dags/carroll-alice-in-wonderland-illustrations.epub for tasks to queue
[2023-12-09T21:53:48.048+0000] {logging_mixin.py:151} INFO - [2023-12-09T21:53:48.047+0000] {dagbag.py:536} INFO - Filling up the DagBag from /opt/airflow/dags/carroll-alice-in-wonderland-illustrations.epub
[2023-12-09T21:53:48.053+0000] {processor.py:841} WARNING - No viable dags retrieved from /opt/airflow/dags/carroll-alice-in-wonderland-illustrations.epub
[2023-12-09T21:53:48.073+0000] {processor.py:179} INFO - Processing /opt/airflow/dags/carroll-alice-in-wonderland-illustrations.epub took 0.039 seconds
[2023-12-09T21:54:18.479+0000] {processor.py:157} INFO - Started process (PID=272) to work on /opt/airflow/dags/carroll-alice-in-wonderland-illustrations.epub
[2023-12-09T21:54:18.482+0000] {processor.py:829} INFO - Processing file /opt/airflow/dags/carroll-alice-in-wonderland-illustrations.epub for tasks to queue
[2023-12-09T21:54:18.483+0000] {logging_mixin.py:151} INFO - [2023-12-09T21:54:18.483+0000] {dagbag.py:536} INFO - Filling up the DagBag from /opt/airflow/dags/carroll-alice-in-wonderland-illustrations.epub
[2023-12-09T21:54:18.489+0000] {processor.py:841} WARNING - No viable dags retrieved from /opt/airflow/dags/carroll-alice-in-wonderland-illustrations.epub
[2023-12-09T21:54:18.508+0000] {processor.py:179} INFO - Processing /opt/airflow/dags/carroll-alice-in-wonderland-illustrations.epub took 0.034 seconds
[2023-12-09T21:54:48.673+0000] {processor.py:157} INFO - Started process (PID=281) to work on /opt/airflow/dags/carroll-alice-in-wonderland-illustrations.epub
[2023-12-09T21:54:48.676+0000] {processor.py:829} INFO - Processing file /opt/airflow/dags/carroll-alice-in-wonderland-illustrations.epub for tasks to queue
[2023-12-09T21:54:48.677+0000] {logging_mixin.py:151} INFO - [2023-12-09T21:54:48.676+0000] {dagbag.py:536} INFO - Filling up the DagBag from /opt/airflow/dags/carroll-alice-in-wonderland-illustrations.epub
[2023-12-09T21:54:48.682+0000] {processor.py:841} WARNING - No viable dags retrieved from /opt/airflow/dags/carroll-alice-in-wonderland-illustrations.epub
[2023-12-09T21:54:48.700+0000] {processor.py:179} INFO - Processing /opt/airflow/dags/carroll-alice-in-wonderland-illustrations.epub took 0.032 seconds
[2023-12-09T21:55:18.923+0000] {processor.py:157} INFO - Started process (PID=290) to work on /opt/airflow/dags/carroll-alice-in-wonderland-illustrations.epub
[2023-12-09T21:55:18.925+0000] {processor.py:829} INFO - Processing file /opt/airflow/dags/carroll-alice-in-wonderland-illustrations.epub for tasks to queue
[2023-12-09T21:55:18.927+0000] {logging_mixin.py:151} INFO - [2023-12-09T21:55:18.926+0000] {dagbag.py:536} INFO - Filling up the DagBag from /opt/airflow/dags/carroll-alice-in-wonderland-illustrations.epub
[2023-12-09T21:55:18.931+0000] {processor.py:841} WARNING - No viable dags retrieved from /opt/airflow/dags/carroll-alice-in-wonderland-illustrations.epub
[2023-12-09T21:55:18.948+0000] {processor.py:179} INFO - Processing /opt/airflow/dags/carroll-alice-in-wonderland-illustrations.epub took 0.029 seconds
[2023-12-09T21:55:49.221+0000] {processor.py:157} INFO - Started process (PID=300) to work on /opt/airflow/dags/carroll-alice-in-wonderland-illustrations.epub
[2023-12-09T21:55:49.224+0000] {processor.py:829} INFO - Processing file /opt/airflow/dags/carroll-alice-in-wonderland-illustrations.epub for tasks to queue
[2023-12-09T21:55:49.226+0000] {logging_mixin.py:151} INFO - [2023-12-09T21:55:49.225+0000] {dagbag.py:536} INFO - Filling up the DagBag from /opt/airflow/dags/carroll-alice-in-wonderland-illustrations.epub
[2023-12-09T21:55:49.231+0000] {processor.py:841} WARNING - No viable dags retrieved from /opt/airflow/dags/carroll-alice-in-wonderland-illustrations.epub
[2023-12-09T21:55:49.250+0000] {processor.py:179} INFO - Processing /opt/airflow/dags/carroll-alice-in-wonderland-illustrations.epub took 0.049 seconds
[2023-12-09T21:56:19.877+0000] {processor.py:157} INFO - Started process (PID=309) to work on /opt/airflow/dags/carroll-alice-in-wonderland-illustrations.epub
[2023-12-09T21:56:19.879+0000] {processor.py:829} INFO - Processing file /opt/airflow/dags/carroll-alice-in-wonderland-illustrations.epub for tasks to queue
[2023-12-09T21:56:19.880+0000] {logging_mixin.py:151} INFO - [2023-12-09T21:56:19.879+0000] {dagbag.py:536} INFO - Filling up the DagBag from /opt/airflow/dags/carroll-alice-in-wonderland-illustrations.epub
[2023-12-09T21:56:19.885+0000] {processor.py:841} WARNING - No viable dags retrieved from /opt/airflow/dags/carroll-alice-in-wonderland-illustrations.epub
[2023-12-09T21:56:19.905+0000] {processor.py:179} INFO - Processing /opt/airflow/dags/carroll-alice-in-wonderland-illustrations.epub took 0.033 seconds
[2023-12-09T21:56:50.335+0000] {processor.py:157} INFO - Started process (PID=319) to work on /opt/airflow/dags/carroll-alice-in-wonderland-illustrations.epub
[2023-12-09T21:56:50.337+0000] {processor.py:829} INFO - Processing file /opt/airflow/dags/carroll-alice-in-wonderland-illustrations.epub for tasks to queue
[2023-12-09T21:56:50.339+0000] {logging_mixin.py:151} INFO - [2023-12-09T21:56:50.339+0000] {dagbag.py:536} INFO - Filling up the DagBag from /opt/airflow/dags/carroll-alice-in-wonderland-illustrations.epub
[2023-12-09T21:56:50.348+0000] {processor.py:841} WARNING - No viable dags retrieved from /opt/airflow/dags/carroll-alice-in-wonderland-illustrations.epub
[2023-12-09T21:56:50.384+0000] {processor.py:179} INFO - Processing /opt/airflow/dags/carroll-alice-in-wonderland-illustrations.epub took 0.055 seconds
[2023-12-09T21:57:20.556+0000] {processor.py:157} INFO - Started process (PID=329) to work on /opt/airflow/dags/carroll-alice-in-wonderland-illustrations.epub
[2023-12-09T21:57:20.561+0000] {processor.py:829} INFO - Processing file /opt/airflow/dags/carroll-alice-in-wonderland-illustrations.epub for tasks to queue
[2023-12-09T21:57:20.563+0000] {logging_mixin.py:151} INFO - [2023-12-09T21:57:20.562+0000] {dagbag.py:536} INFO - Filling up the DagBag from /opt/airflow/dags/carroll-alice-in-wonderland-illustrations.epub
[2023-12-09T21:57:20.568+0000] {processor.py:841} WARNING - No viable dags retrieved from /opt/airflow/dags/carroll-alice-in-wonderland-illustrations.epub
[2023-12-09T21:57:20.587+0000] {processor.py:179} INFO - Processing /opt/airflow/dags/carroll-alice-in-wonderland-illustrations.epub took 0.046 seconds
[2023-12-09T21:57:50.740+0000] {processor.py:157} INFO - Started process (PID=338) to work on /opt/airflow/dags/carroll-alice-in-wonderland-illustrations.epub
[2023-12-09T21:57:50.743+0000] {processor.py:829} INFO - Processing file /opt/airflow/dags/carroll-alice-in-wonderland-illustrations.epub for tasks to queue
[2023-12-09T21:57:50.744+0000] {logging_mixin.py:151} INFO - [2023-12-09T21:57:50.744+0000] {dagbag.py:536} INFO - Filling up the DagBag from /opt/airflow/dags/carroll-alice-in-wonderland-illustrations.epub
[2023-12-09T21:57:50.749+0000] {processor.py:841} WARNING - No viable dags retrieved from /opt/airflow/dags/carroll-alice-in-wonderland-illustrations.epub
[2023-12-09T21:57:50.764+0000] {processor.py:179} INFO - Processing /opt/airflow/dags/carroll-alice-in-wonderland-illustrations.epub took 0.030 seconds
[2023-12-09T21:58:20.876+0000] {processor.py:157} INFO - Started process (PID=347) to work on /opt/airflow/dags/carroll-alice-in-wonderland-illustrations.epub
[2023-12-09T21:58:20.878+0000] {processor.py:829} INFO - Processing file /opt/airflow/dags/carroll-alice-in-wonderland-illustrations.epub for tasks to queue
[2023-12-09T21:58:20.879+0000] {logging_mixin.py:151} INFO - [2023-12-09T21:58:20.879+0000] {dagbag.py:536} INFO - Filling up the DagBag from /opt/airflow/dags/carroll-alice-in-wonderland-illustrations.epub
[2023-12-09T21:58:20.883+0000] {processor.py:841} WARNING - No viable dags retrieved from /opt/airflow/dags/carroll-alice-in-wonderland-illustrations.epub
[2023-12-09T21:58:20.897+0000] {processor.py:179} INFO - Processing /opt/airflow/dags/carroll-alice-in-wonderland-illustrations.epub took 0.025 seconds
[2023-12-09T21:58:51.069+0000] {processor.py:157} INFO - Started process (PID=356) to work on /opt/airflow/dags/carroll-alice-in-wonderland-illustrations.epub
[2023-12-09T21:58:51.072+0000] {processor.py:829} INFO - Processing file /opt/airflow/dags/carroll-alice-in-wonderland-illustrations.epub for tasks to queue
[2023-12-09T21:58:51.073+0000] {logging_mixin.py:151} INFO - [2023-12-09T21:58:51.073+0000] {dagbag.py:536} INFO - Filling up the DagBag from /opt/airflow/dags/carroll-alice-in-wonderland-illustrations.epub
[2023-12-09T21:58:51.078+0000] {processor.py:841} WARNING - No viable dags retrieved from /opt/airflow/dags/carroll-alice-in-wonderland-illustrations.epub
[2023-12-09T21:58:51.094+0000] {processor.py:179} INFO - Processing /opt/airflow/dags/carroll-alice-in-wonderland-illustrations.epub took 0.030 seconds
[2023-12-09T21:59:21.262+0000] {processor.py:157} INFO - Started process (PID=364) to work on /opt/airflow/dags/carroll-alice-in-wonderland-illustrations.epub
[2023-12-09T21:59:21.265+0000] {processor.py:829} INFO - Processing file /opt/airflow/dags/carroll-alice-in-wonderland-illustrations.epub for tasks to queue
[2023-12-09T21:59:21.267+0000] {logging_mixin.py:151} INFO - [2023-12-09T21:59:21.266+0000] {dagbag.py:536} INFO - Filling up the DagBag from /opt/airflow/dags/carroll-alice-in-wonderland-illustrations.epub
[2023-12-09T21:59:21.271+0000] {processor.py:841} WARNING - No viable dags retrieved from /opt/airflow/dags/carroll-alice-in-wonderland-illustrations.epub
[2023-12-09T21:59:21.286+0000] {processor.py:179} INFO - Processing /opt/airflow/dags/carroll-alice-in-wonderland-illustrations.epub took 0.029 seconds
[2023-12-09T21:59:51.452+0000] {processor.py:157} INFO - Started process (PID=374) to work on /opt/airflow/dags/carroll-alice-in-wonderland-illustrations.epub
[2023-12-09T21:59:51.456+0000] {processor.py:829} INFO - Processing file /opt/airflow/dags/carroll-alice-in-wonderland-illustrations.epub for tasks to queue
[2023-12-09T21:59:51.457+0000] {logging_mixin.py:151} INFO - [2023-12-09T21:59:51.457+0000] {dagbag.py:536} INFO - Filling up the DagBag from /opt/airflow/dags/carroll-alice-in-wonderland-illustrations.epub
[2023-12-09T21:59:51.462+0000] {processor.py:841} WARNING - No viable dags retrieved from /opt/airflow/dags/carroll-alice-in-wonderland-illustrations.epub
[2023-12-09T21:59:51.478+0000] {processor.py:179} INFO - Processing /opt/airflow/dags/carroll-alice-in-wonderland-illustrations.epub took 0.032 seconds
[2023-12-09T22:00:21.604+0000] {processor.py:157} INFO - Started process (PID=383) to work on /opt/airflow/dags/carroll-alice-in-wonderland-illustrations.epub
[2023-12-09T22:00:21.607+0000] {processor.py:829} INFO - Processing file /opt/airflow/dags/carroll-alice-in-wonderland-illustrations.epub for tasks to queue
[2023-12-09T22:00:21.609+0000] {logging_mixin.py:151} INFO - [2023-12-09T22:00:21.608+0000] {dagbag.py:536} INFO - Filling up the DagBag from /opt/airflow/dags/carroll-alice-in-wonderland-illustrations.epub
[2023-12-09T22:00:21.613+0000] {processor.py:841} WARNING - No viable dags retrieved from /opt/airflow/dags/carroll-alice-in-wonderland-illustrations.epub
[2023-12-09T22:00:21.627+0000] {processor.py:179} INFO - Processing /opt/airflow/dags/carroll-alice-in-wonderland-illustrations.epub took 0.027 seconds
[2023-12-09T22:00:51.804+0000] {processor.py:157} INFO - Started process (PID=392) to work on /opt/airflow/dags/carroll-alice-in-wonderland-illustrations.epub
[2023-12-09T22:00:51.805+0000] {processor.py:829} INFO - Processing file /opt/airflow/dags/carroll-alice-in-wonderland-illustrations.epub for tasks to queue
[2023-12-09T22:00:51.806+0000] {logging_mixin.py:151} INFO - [2023-12-09T22:00:51.806+0000] {dagbag.py:536} INFO - Filling up the DagBag from /opt/airflow/dags/carroll-alice-in-wonderland-illustrations.epub
[2023-12-09T22:00:51.809+0000] {processor.py:841} WARNING - No viable dags retrieved from /opt/airflow/dags/carroll-alice-in-wonderland-illustrations.epub
[2023-12-09T22:00:51.820+0000] {processor.py:179} INFO - Processing /opt/airflow/dags/carroll-alice-in-wonderland-illustrations.epub took 0.020 seconds
[2023-12-09T22:01:22.280+0000] {processor.py:157} INFO - Started process (PID=401) to work on /opt/airflow/dags/carroll-alice-in-wonderland-illustrations.epub
[2023-12-09T22:01:22.281+0000] {processor.py:829} INFO - Processing file /opt/airflow/dags/carroll-alice-in-wonderland-illustrations.epub for tasks to queue
[2023-12-09T22:01:22.283+0000] {logging_mixin.py:151} INFO - [2023-12-09T22:01:22.282+0000] {dagbag.py:536} INFO - Filling up the DagBag from /opt/airflow/dags/carroll-alice-in-wonderland-illustrations.epub
[2023-12-09T22:01:22.286+0000] {processor.py:841} WARNING - No viable dags retrieved from /opt/airflow/dags/carroll-alice-in-wonderland-illustrations.epub
[2023-12-09T22:01:22.310+0000] {processor.py:179} INFO - Processing /opt/airflow/dags/carroll-alice-in-wonderland-illustrations.epub took 0.039 seconds
[2023-12-09T22:01:52.484+0000] {processor.py:157} INFO - Started process (PID=410) to work on /opt/airflow/dags/carroll-alice-in-wonderland-illustrations.epub
[2023-12-09T22:01:52.487+0000] {processor.py:829} INFO - Processing file /opt/airflow/dags/carroll-alice-in-wonderland-illustrations.epub for tasks to queue
[2023-12-09T22:01:52.488+0000] {logging_mixin.py:151} INFO - [2023-12-09T22:01:52.488+0000] {dagbag.py:536} INFO - Filling up the DagBag from /opt/airflow/dags/carroll-alice-in-wonderland-illustrations.epub
[2023-12-09T22:01:52.493+0000] {processor.py:841} WARNING - No viable dags retrieved from /opt/airflow/dags/carroll-alice-in-wonderland-illustrations.epub
[2023-12-09T22:01:52.537+0000] {processor.py:179} INFO - Processing /opt/airflow/dags/carroll-alice-in-wonderland-illustrations.epub took 0.058 seconds
[2023-12-09T22:02:22.845+0000] {processor.py:157} INFO - Started process (PID=419) to work on /opt/airflow/dags/carroll-alice-in-wonderland-illustrations.epub
[2023-12-09T22:02:22.852+0000] {processor.py:829} INFO - Processing file /opt/airflow/dags/carroll-alice-in-wonderland-illustrations.epub for tasks to queue
[2023-12-09T22:02:22.854+0000] {logging_mixin.py:151} INFO - [2023-12-09T22:02:22.853+0000] {dagbag.py:536} INFO - Filling up the DagBag from /opt/airflow/dags/carroll-alice-in-wonderland-illustrations.epub
[2023-12-09T22:02:22.860+0000] {processor.py:841} WARNING - No viable dags retrieved from /opt/airflow/dags/carroll-alice-in-wonderland-illustrations.epub
[2023-12-09T22:02:22.878+0000] {processor.py:179} INFO - Processing /opt/airflow/dags/carroll-alice-in-wonderland-illustrations.epub took 0.052 seconds
[2023-12-09T22:02:53.141+0000] {processor.py:157} INFO - Started process (PID=428) to work on /opt/airflow/dags/carroll-alice-in-wonderland-illustrations.epub
[2023-12-09T22:02:53.143+0000] {processor.py:829} INFO - Processing file /opt/airflow/dags/carroll-alice-in-wonderland-illustrations.epub for tasks to queue
[2023-12-09T22:02:53.144+0000] {logging_mixin.py:151} INFO - [2023-12-09T22:02:53.144+0000] {dagbag.py:536} INFO - Filling up the DagBag from /opt/airflow/dags/carroll-alice-in-wonderland-illustrations.epub
[2023-12-09T22:02:53.149+0000] {processor.py:841} WARNING - No viable dags retrieved from /opt/airflow/dags/carroll-alice-in-wonderland-illustrations.epub
[2023-12-09T22:02:53.163+0000] {processor.py:179} INFO - Processing /opt/airflow/dags/carroll-alice-in-wonderland-illustrations.epub took 0.029 seconds
[2023-12-09T22:03:23.272+0000] {processor.py:157} INFO - Started process (PID=437) to work on /opt/airflow/dags/carroll-alice-in-wonderland-illustrations.epub
[2023-12-09T22:03:23.276+0000] {processor.py:829} INFO - Processing file /opt/airflow/dags/carroll-alice-in-wonderland-illustrations.epub for tasks to queue
[2023-12-09T22:03:23.278+0000] {logging_mixin.py:151} INFO - [2023-12-09T22:03:23.277+0000] {dagbag.py:536} INFO - Filling up the DagBag from /opt/airflow/dags/carroll-alice-in-wonderland-illustrations.epub
[2023-12-09T22:03:23.284+0000] {processor.py:841} WARNING - No viable dags retrieved from /opt/airflow/dags/carroll-alice-in-wonderland-illustrations.epub
[2023-12-09T22:03:23.301+0000] {processor.py:179} INFO - Processing /opt/airflow/dags/carroll-alice-in-wonderland-illustrations.epub took 0.034 seconds
[2023-12-09T22:03:53.801+0000] {processor.py:157} INFO - Started process (PID=446) to work on /opt/airflow/dags/carroll-alice-in-wonderland-illustrations.epub
[2023-12-09T22:03:53.804+0000] {processor.py:829} INFO - Processing file /opt/airflow/dags/carroll-alice-in-wonderland-illustrations.epub for tasks to queue
[2023-12-09T22:03:53.806+0000] {logging_mixin.py:151} INFO - [2023-12-09T22:03:53.805+0000] {dagbag.py:536} INFO - Filling up the DagBag from /opt/airflow/dags/carroll-alice-in-wonderland-illustrations.epub
[2023-12-09T22:03:53.814+0000] {processor.py:841} WARNING - No viable dags retrieved from /opt/airflow/dags/carroll-alice-in-wonderland-illustrations.epub
[2023-12-09T22:03:53.834+0000] {processor.py:179} INFO - Processing /opt/airflow/dags/carroll-alice-in-wonderland-illustrations.epub took 0.039 seconds
[2023-12-09T22:04:23.960+0000] {processor.py:157} INFO - Started process (PID=455) to work on /opt/airflow/dags/carroll-alice-in-wonderland-illustrations.epub
[2023-12-09T22:04:23.963+0000] {processor.py:829} INFO - Processing file /opt/airflow/dags/carroll-alice-in-wonderland-illustrations.epub for tasks to queue
[2023-12-09T22:04:23.964+0000] {logging_mixin.py:151} INFO - [2023-12-09T22:04:23.964+0000] {dagbag.py:536} INFO - Filling up the DagBag from /opt/airflow/dags/carroll-alice-in-wonderland-illustrations.epub
[2023-12-09T22:04:23.970+0000] {processor.py:841} WARNING - No viable dags retrieved from /opt/airflow/dags/carroll-alice-in-wonderland-illustrations.epub
[2023-12-09T22:04:23.986+0000] {processor.py:179} INFO - Processing /opt/airflow/dags/carroll-alice-in-wonderland-illustrations.epub took 0.030 seconds
[2023-12-09T22:04:54.093+0000] {processor.py:157} INFO - Started process (PID=464) to work on /opt/airflow/dags/carroll-alice-in-wonderland-illustrations.epub
[2023-12-09T22:04:54.096+0000] {processor.py:829} INFO - Processing file /opt/airflow/dags/carroll-alice-in-wonderland-illustrations.epub for tasks to queue
[2023-12-09T22:04:54.098+0000] {logging_mixin.py:151} INFO - [2023-12-09T22:04:54.098+0000] {dagbag.py:536} INFO - Filling up the DagBag from /opt/airflow/dags/carroll-alice-in-wonderland-illustrations.epub
[2023-12-09T22:04:54.104+0000] {processor.py:841} WARNING - No viable dags retrieved from /opt/airflow/dags/carroll-alice-in-wonderland-illustrations.epub
[2023-12-09T22:04:54.119+0000] {processor.py:179} INFO - Processing /opt/airflow/dags/carroll-alice-in-wonderland-illustrations.epub took 0.032 seconds
[2023-12-09T22:05:24.467+0000] {processor.py:157} INFO - Started process (PID=473) to work on /opt/airflow/dags/carroll-alice-in-wonderland-illustrations.epub
[2023-12-09T22:05:24.469+0000] {processor.py:829} INFO - Processing file /opt/airflow/dags/carroll-alice-in-wonderland-illustrations.epub for tasks to queue
[2023-12-09T22:05:24.471+0000] {logging_mixin.py:151} INFO - [2023-12-09T22:05:24.471+0000] {dagbag.py:536} INFO - Filling up the DagBag from /opt/airflow/dags/carroll-alice-in-wonderland-illustrations.epub
[2023-12-09T22:05:24.477+0000] {processor.py:841} WARNING - No viable dags retrieved from /opt/airflow/dags/carroll-alice-in-wonderland-illustrations.epub
[2023-12-09T22:05:24.498+0000] {processor.py:179} INFO - Processing /opt/airflow/dags/carroll-alice-in-wonderland-illustrations.epub took 0.036 seconds
[2023-12-09T22:05:54.594+0000] {processor.py:157} INFO - Started process (PID=482) to work on /opt/airflow/dags/carroll-alice-in-wonderland-illustrations.epub
[2023-12-09T22:05:54.603+0000] {processor.py:829} INFO - Processing file /opt/airflow/dags/carroll-alice-in-wonderland-illustrations.epub for tasks to queue
[2023-12-09T22:05:54.607+0000] {logging_mixin.py:151} INFO - [2023-12-09T22:05:54.606+0000] {dagbag.py:536} INFO - Filling up the DagBag from /opt/airflow/dags/carroll-alice-in-wonderland-illustrations.epub
[2023-12-09T22:05:54.612+0000] {processor.py:841} WARNING - No viable dags retrieved from /opt/airflow/dags/carroll-alice-in-wonderland-illustrations.epub
[2023-12-09T22:05:54.637+0000] {processor.py:179} INFO - Processing /opt/airflow/dags/carroll-alice-in-wonderland-illustrations.epub took 0.056 seconds
[2023-12-09T22:06:24.858+0000] {processor.py:157} INFO - Started process (PID=491) to work on /opt/airflow/dags/carroll-alice-in-wonderland-illustrations.epub
[2023-12-09T22:06:24.861+0000] {processor.py:829} INFO - Processing file /opt/airflow/dags/carroll-alice-in-wonderland-illustrations.epub for tasks to queue
[2023-12-09T22:06:24.863+0000] {logging_mixin.py:151} INFO - [2023-12-09T22:06:24.862+0000] {dagbag.py:536} INFO - Filling up the DagBag from /opt/airflow/dags/carroll-alice-in-wonderland-illustrations.epub
[2023-12-09T22:06:24.882+0000] {processor.py:841} WARNING - No viable dags retrieved from /opt/airflow/dags/carroll-alice-in-wonderland-illustrations.epub
[2023-12-09T22:06:24.904+0000] {processor.py:179} INFO - Processing /opt/airflow/dags/carroll-alice-in-wonderland-illustrations.epub took 0.050 seconds
[2023-12-09T22:06:55.049+0000] {processor.py:157} INFO - Started process (PID=500) to work on /opt/airflow/dags/carroll-alice-in-wonderland-illustrations.epub
[2023-12-09T22:06:55.051+0000] {processor.py:829} INFO - Processing file /opt/airflow/dags/carroll-alice-in-wonderland-illustrations.epub for tasks to queue
[2023-12-09T22:06:55.052+0000] {logging_mixin.py:151} INFO - [2023-12-09T22:06:55.052+0000] {dagbag.py:536} INFO - Filling up the DagBag from /opt/airflow/dags/carroll-alice-in-wonderland-illustrations.epub
[2023-12-09T22:06:55.062+0000] {processor.py:841} WARNING - No viable dags retrieved from /opt/airflow/dags/carroll-alice-in-wonderland-illustrations.epub
[2023-12-09T22:06:55.079+0000] {processor.py:179} INFO - Processing /opt/airflow/dags/carroll-alice-in-wonderland-illustrations.epub took 0.035 seconds
[2023-12-09T22:07:25.204+0000] {processor.py:157} INFO - Started process (PID=509) to work on /opt/airflow/dags/carroll-alice-in-wonderland-illustrations.epub
[2023-12-09T22:07:25.213+0000] {processor.py:829} INFO - Processing file /opt/airflow/dags/carroll-alice-in-wonderland-illustrations.epub for tasks to queue
[2023-12-09T22:07:25.219+0000] {logging_mixin.py:151} INFO - [2023-12-09T22:07:25.216+0000] {dagbag.py:536} INFO - Filling up the DagBag from /opt/airflow/dags/carroll-alice-in-wonderland-illustrations.epub
[2023-12-09T22:07:25.230+0000] {processor.py:841} WARNING - No viable dags retrieved from /opt/airflow/dags/carroll-alice-in-wonderland-illustrations.epub
[2023-12-09T22:07:25.252+0000] {processor.py:179} INFO - Processing /opt/airflow/dags/carroll-alice-in-wonderland-illustrations.epub took 0.052 seconds
[2023-12-09T22:07:55.607+0000] {processor.py:157} INFO - Started process (PID=518) to work on /opt/airflow/dags/carroll-alice-in-wonderland-illustrations.epub
[2023-12-09T22:07:55.609+0000] {processor.py:829} INFO - Processing file /opt/airflow/dags/carroll-alice-in-wonderland-illustrations.epub for tasks to queue
[2023-12-09T22:07:55.611+0000] {logging_mixin.py:151} INFO - [2023-12-09T22:07:55.610+0000] {dagbag.py:536} INFO - Filling up the DagBag from /opt/airflow/dags/carroll-alice-in-wonderland-illustrations.epub
[2023-12-09T22:07:55.615+0000] {processor.py:841} WARNING - No viable dags retrieved from /opt/airflow/dags/carroll-alice-in-wonderland-illustrations.epub
[2023-12-09T22:07:55.631+0000] {processor.py:179} INFO - Processing /opt/airflow/dags/carroll-alice-in-wonderland-illustrations.epub took 0.030 seconds
[2023-12-09T22:08:25.840+0000] {processor.py:157} INFO - Started process (PID=527) to work on /opt/airflow/dags/carroll-alice-in-wonderland-illustrations.epub
[2023-12-09T22:08:25.842+0000] {processor.py:829} INFO - Processing file /opt/airflow/dags/carroll-alice-in-wonderland-illustrations.epub for tasks to queue
[2023-12-09T22:08:25.844+0000] {logging_mixin.py:151} INFO - [2023-12-09T22:08:25.843+0000] {dagbag.py:536} INFO - Filling up the DagBag from /opt/airflow/dags/carroll-alice-in-wonderland-illustrations.epub
[2023-12-09T22:08:25.848+0000] {processor.py:841} WARNING - No viable dags retrieved from /opt/airflow/dags/carroll-alice-in-wonderland-illustrations.epub
[2023-12-09T22:08:25.866+0000] {processor.py:179} INFO - Processing /opt/airflow/dags/carroll-alice-in-wonderland-illustrations.epub took 0.032 seconds
[2023-12-09T22:08:56.193+0000] {processor.py:157} INFO - Started process (PID=536) to work on /opt/airflow/dags/carroll-alice-in-wonderland-illustrations.epub
[2023-12-09T22:08:56.197+0000] {processor.py:829} INFO - Processing file /opt/airflow/dags/carroll-alice-in-wonderland-illustrations.epub for tasks to queue
[2023-12-09T22:08:56.199+0000] {logging_mixin.py:151} INFO - [2023-12-09T22:08:56.198+0000] {dagbag.py:536} INFO - Filling up the DagBag from /opt/airflow/dags/carroll-alice-in-wonderland-illustrations.epub
[2023-12-09T22:08:56.204+0000] {processor.py:841} WARNING - No viable dags retrieved from /opt/airflow/dags/carroll-alice-in-wonderland-illustrations.epub
[2023-12-09T22:08:56.227+0000] {processor.py:179} INFO - Processing /opt/airflow/dags/carroll-alice-in-wonderland-illustrations.epub took 0.043 seconds
[2023-12-09T22:09:26.396+0000] {processor.py:157} INFO - Started process (PID=545) to work on /opt/airflow/dags/carroll-alice-in-wonderland-illustrations.epub
[2023-12-09T22:09:26.399+0000] {processor.py:829} INFO - Processing file /opt/airflow/dags/carroll-alice-in-wonderland-illustrations.epub for tasks to queue
[2023-12-09T22:09:26.401+0000] {logging_mixin.py:151} INFO - [2023-12-09T22:09:26.400+0000] {dagbag.py:536} INFO - Filling up the DagBag from /opt/airflow/dags/carroll-alice-in-wonderland-illustrations.epub
[2023-12-09T22:09:26.407+0000] {processor.py:841} WARNING - No viable dags retrieved from /opt/airflow/dags/carroll-alice-in-wonderland-illustrations.epub
[2023-12-09T22:09:26.430+0000] {processor.py:179} INFO - Processing /opt/airflow/dags/carroll-alice-in-wonderland-illustrations.epub took 0.045 seconds
[2023-12-09T22:09:56.622+0000] {processor.py:157} INFO - Started process (PID=555) to work on /opt/airflow/dags/carroll-alice-in-wonderland-illustrations.epub
[2023-12-09T22:09:56.625+0000] {processor.py:829} INFO - Processing file /opt/airflow/dags/carroll-alice-in-wonderland-illustrations.epub for tasks to queue
[2023-12-09T22:09:56.626+0000] {logging_mixin.py:151} INFO - [2023-12-09T22:09:56.626+0000] {dagbag.py:536} INFO - Filling up the DagBag from /opt/airflow/dags/carroll-alice-in-wonderland-illustrations.epub
[2023-12-09T22:09:56.631+0000] {processor.py:841} WARNING - No viable dags retrieved from /opt/airflow/dags/carroll-alice-in-wonderland-illustrations.epub
[2023-12-09T22:09:56.645+0000] {processor.py:179} INFO - Processing /opt/airflow/dags/carroll-alice-in-wonderland-illustrations.epub took 0.028 seconds
[2023-12-09T22:10:27.030+0000] {processor.py:157} INFO - Started process (PID=564) to work on /opt/airflow/dags/carroll-alice-in-wonderland-illustrations.epub
[2023-12-09T22:10:27.033+0000] {processor.py:829} INFO - Processing file /opt/airflow/dags/carroll-alice-in-wonderland-illustrations.epub for tasks to queue
[2023-12-09T22:10:27.034+0000] {logging_mixin.py:151} INFO - [2023-12-09T22:10:27.034+0000] {dagbag.py:536} INFO - Filling up the DagBag from /opt/airflow/dags/carroll-alice-in-wonderland-illustrations.epub
[2023-12-09T22:10:27.039+0000] {processor.py:841} WARNING - No viable dags retrieved from /opt/airflow/dags/carroll-alice-in-wonderland-illustrations.epub
[2023-12-09T22:10:27.057+0000] {processor.py:179} INFO - Processing /opt/airflow/dags/carroll-alice-in-wonderland-illustrations.epub took 0.032 seconds
[2023-12-09T22:10:57.170+0000] {processor.py:157} INFO - Started process (PID=573) to work on /opt/airflow/dags/carroll-alice-in-wonderland-illustrations.epub
[2023-12-09T22:10:57.172+0000] {processor.py:829} INFO - Processing file /opt/airflow/dags/carroll-alice-in-wonderland-illustrations.epub for tasks to queue
[2023-12-09T22:10:57.174+0000] {logging_mixin.py:151} INFO - [2023-12-09T22:10:57.173+0000] {dagbag.py:536} INFO - Filling up the DagBag from /opt/airflow/dags/carroll-alice-in-wonderland-illustrations.epub
[2023-12-09T22:10:57.178+0000] {processor.py:841} WARNING - No viable dags retrieved from /opt/airflow/dags/carroll-alice-in-wonderland-illustrations.epub
[2023-12-09T22:10:57.194+0000] {processor.py:179} INFO - Processing /opt/airflow/dags/carroll-alice-in-wonderland-illustrations.epub took 0.030 seconds
[2023-12-09T22:11:27.632+0000] {processor.py:157} INFO - Started process (PID=582) to work on /opt/airflow/dags/carroll-alice-in-wonderland-illustrations.epub
[2023-12-09T22:11:27.635+0000] {processor.py:829} INFO - Processing file /opt/airflow/dags/carroll-alice-in-wonderland-illustrations.epub for tasks to queue
[2023-12-09T22:11:27.636+0000] {logging_mixin.py:151} INFO - [2023-12-09T22:11:27.636+0000] {dagbag.py:536} INFO - Filling up the DagBag from /opt/airflow/dags/carroll-alice-in-wonderland-illustrations.epub
[2023-12-09T22:11:27.640+0000] {processor.py:841} WARNING - No viable dags retrieved from /opt/airflow/dags/carroll-alice-in-wonderland-illustrations.epub
[2023-12-09T22:11:27.656+0000] {processor.py:179} INFO - Processing /opt/airflow/dags/carroll-alice-in-wonderland-illustrations.epub took 0.029 seconds
[2023-12-09T22:11:58.028+0000] {processor.py:157} INFO - Started process (PID=591) to work on /opt/airflow/dags/carroll-alice-in-wonderland-illustrations.epub
[2023-12-09T22:11:58.030+0000] {processor.py:829} INFO - Processing file /opt/airflow/dags/carroll-alice-in-wonderland-illustrations.epub for tasks to queue
[2023-12-09T22:11:58.031+0000] {logging_mixin.py:151} INFO - [2023-12-09T22:11:58.031+0000] {dagbag.py:536} INFO - Filling up the DagBag from /opt/airflow/dags/carroll-alice-in-wonderland-illustrations.epub
[2023-12-09T22:11:58.035+0000] {processor.py:841} WARNING - No viable dags retrieved from /opt/airflow/dags/carroll-alice-in-wonderland-illustrations.epub
[2023-12-09T22:11:58.049+0000] {processor.py:179} INFO - Processing /opt/airflow/dags/carroll-alice-in-wonderland-illustrations.epub took 0.025 seconds
[2023-12-09T22:12:28.497+0000] {processor.py:157} INFO - Started process (PID=600) to work on /opt/airflow/dags/carroll-alice-in-wonderland-illustrations.epub
[2023-12-09T22:12:28.499+0000] {processor.py:829} INFO - Processing file /opt/airflow/dags/carroll-alice-in-wonderland-illustrations.epub for tasks to queue
[2023-12-09T22:12:28.502+0000] {logging_mixin.py:151} INFO - [2023-12-09T22:12:28.501+0000] {dagbag.py:536} INFO - Filling up the DagBag from /opt/airflow/dags/carroll-alice-in-wonderland-illustrations.epub
[2023-12-09T22:12:28.506+0000] {processor.py:841} WARNING - No viable dags retrieved from /opt/airflow/dags/carroll-alice-in-wonderland-illustrations.epub
[2023-12-09T22:12:28.521+0000] {processor.py:179} INFO - Processing /opt/airflow/dags/carroll-alice-in-wonderland-illustrations.epub took 0.028 seconds
[2023-12-09T22:12:58.924+0000] {processor.py:157} INFO - Started process (PID=609) to work on /opt/airflow/dags/carroll-alice-in-wonderland-illustrations.epub
[2023-12-09T22:12:58.926+0000] {processor.py:829} INFO - Processing file /opt/airflow/dags/carroll-alice-in-wonderland-illustrations.epub for tasks to queue
[2023-12-09T22:12:58.928+0000] {logging_mixin.py:151} INFO - [2023-12-09T22:12:58.927+0000] {dagbag.py:536} INFO - Filling up the DagBag from /opt/airflow/dags/carroll-alice-in-wonderland-illustrations.epub
[2023-12-09T22:12:58.931+0000] {processor.py:841} WARNING - No viable dags retrieved from /opt/airflow/dags/carroll-alice-in-wonderland-illustrations.epub
[2023-12-09T22:12:58.948+0000] {processor.py:179} INFO - Processing /opt/airflow/dags/carroll-alice-in-wonderland-illustrations.epub took 0.028 seconds
[2023-12-09T22:13:29.366+0000] {processor.py:157} INFO - Started process (PID=618) to work on /opt/airflow/dags/carroll-alice-in-wonderland-illustrations.epub
[2023-12-09T22:13:29.368+0000] {processor.py:829} INFO - Processing file /opt/airflow/dags/carroll-alice-in-wonderland-illustrations.epub for tasks to queue
[2023-12-09T22:13:29.369+0000] {logging_mixin.py:151} INFO - [2023-12-09T22:13:29.369+0000] {dagbag.py:536} INFO - Filling up the DagBag from /opt/airflow/dags/carroll-alice-in-wonderland-illustrations.epub
[2023-12-09T22:13:29.375+0000] {processor.py:841} WARNING - No viable dags retrieved from /opt/airflow/dags/carroll-alice-in-wonderland-illustrations.epub
[2023-12-09T22:13:29.399+0000] {processor.py:179} INFO - Processing /opt/airflow/dags/carroll-alice-in-wonderland-illustrations.epub took 0.038 seconds
[2023-12-09T22:13:59.762+0000] {processor.py:157} INFO - Started process (PID=629) to work on /opt/airflow/dags/carroll-alice-in-wonderland-illustrations.epub
[2023-12-09T22:13:59.765+0000] {processor.py:829} INFO - Processing file /opt/airflow/dags/carroll-alice-in-wonderland-illustrations.epub for tasks to queue
[2023-12-09T22:13:59.767+0000] {logging_mixin.py:151} INFO - [2023-12-09T22:13:59.767+0000] {dagbag.py:536} INFO - Filling up the DagBag from /opt/airflow/dags/carroll-alice-in-wonderland-illustrations.epub
[2023-12-09T22:13:59.773+0000] {processor.py:841} WARNING - No viable dags retrieved from /opt/airflow/dags/carroll-alice-in-wonderland-illustrations.epub
[2023-12-09T22:13:59.803+0000] {processor.py:179} INFO - Processing /opt/airflow/dags/carroll-alice-in-wonderland-illustrations.epub took 0.048 seconds
[2023-12-09T22:14:29.909+0000] {processor.py:157} INFO - Started process (PID=638) to work on /opt/airflow/dags/carroll-alice-in-wonderland-illustrations.epub
[2023-12-09T22:14:29.912+0000] {processor.py:829} INFO - Processing file /opt/airflow/dags/carroll-alice-in-wonderland-illustrations.epub for tasks to queue
[2023-12-09T22:14:29.914+0000] {logging_mixin.py:151} INFO - [2023-12-09T22:14:29.913+0000] {dagbag.py:536} INFO - Filling up the DagBag from /opt/airflow/dags/carroll-alice-in-wonderland-illustrations.epub
[2023-12-09T22:14:29.918+0000] {processor.py:841} WARNING - No viable dags retrieved from /opt/airflow/dags/carroll-alice-in-wonderland-illustrations.epub
[2023-12-09T22:14:29.934+0000] {processor.py:179} INFO - Processing /opt/airflow/dags/carroll-alice-in-wonderland-illustrations.epub took 0.030 seconds
[2023-12-09T22:15:00.111+0000] {processor.py:157} INFO - Started process (PID=647) to work on /opt/airflow/dags/carroll-alice-in-wonderland-illustrations.epub
[2023-12-09T22:15:00.114+0000] {processor.py:829} INFO - Processing file /opt/airflow/dags/carroll-alice-in-wonderland-illustrations.epub for tasks to queue
[2023-12-09T22:15:00.116+0000] {logging_mixin.py:151} INFO - [2023-12-09T22:15:00.116+0000] {dagbag.py:536} INFO - Filling up the DagBag from /opt/airflow/dags/carroll-alice-in-wonderland-illustrations.epub
[2023-12-09T22:15:00.120+0000] {processor.py:841} WARNING - No viable dags retrieved from /opt/airflow/dags/carroll-alice-in-wonderland-illustrations.epub
[2023-12-09T22:15:00.140+0000] {processor.py:179} INFO - Processing /opt/airflow/dags/carroll-alice-in-wonderland-illustrations.epub took 0.037 seconds
[2023-12-09T22:15:30.534+0000] {processor.py:157} INFO - Started process (PID=656) to work on /opt/airflow/dags/carroll-alice-in-wonderland-illustrations.epub
[2023-12-09T22:15:30.537+0000] {processor.py:829} INFO - Processing file /opt/airflow/dags/carroll-alice-in-wonderland-illustrations.epub for tasks to queue
[2023-12-09T22:15:30.540+0000] {logging_mixin.py:151} INFO - [2023-12-09T22:15:30.539+0000] {dagbag.py:536} INFO - Filling up the DagBag from /opt/airflow/dags/carroll-alice-in-wonderland-illustrations.epub
[2023-12-09T22:15:30.544+0000] {processor.py:841} WARNING - No viable dags retrieved from /opt/airflow/dags/carroll-alice-in-wonderland-illustrations.epub
[2023-12-09T22:15:30.560+0000] {processor.py:179} INFO - Processing /opt/airflow/dags/carroll-alice-in-wonderland-illustrations.epub took 0.032 seconds
[2023-12-09T22:16:00.707+0000] {processor.py:157} INFO - Started process (PID=665) to work on /opt/airflow/dags/carroll-alice-in-wonderland-illustrations.epub
[2023-12-09T22:16:00.709+0000] {processor.py:829} INFO - Processing file /opt/airflow/dags/carroll-alice-in-wonderland-illustrations.epub for tasks to queue
[2023-12-09T22:16:00.710+0000] {logging_mixin.py:151} INFO - [2023-12-09T22:16:00.710+0000] {dagbag.py:536} INFO - Filling up the DagBag from /opt/airflow/dags/carroll-alice-in-wonderland-illustrations.epub
[2023-12-09T22:16:00.715+0000] {processor.py:841} WARNING - No viable dags retrieved from /opt/airflow/dags/carroll-alice-in-wonderland-illustrations.epub
[2023-12-09T22:16:00.731+0000] {processor.py:179} INFO - Processing /opt/airflow/dags/carroll-alice-in-wonderland-illustrations.epub took 0.030 seconds
[2023-12-09T22:16:30.969+0000] {processor.py:157} INFO - Started process (PID=674) to work on /opt/airflow/dags/carroll-alice-in-wonderland-illustrations.epub
[2023-12-09T22:16:30.971+0000] {processor.py:829} INFO - Processing file /opt/airflow/dags/carroll-alice-in-wonderland-illustrations.epub for tasks to queue
[2023-12-09T22:16:30.972+0000] {logging_mixin.py:151} INFO - [2023-12-09T22:16:30.972+0000] {dagbag.py:536} INFO - Filling up the DagBag from /opt/airflow/dags/carroll-alice-in-wonderland-illustrations.epub
[2023-12-09T22:16:30.978+0000] {processor.py:841} WARNING - No viable dags retrieved from /opt/airflow/dags/carroll-alice-in-wonderland-illustrations.epub
[2023-12-09T22:16:31.017+0000] {processor.py:179} INFO - Processing /opt/airflow/dags/carroll-alice-in-wonderland-illustrations.epub took 0.053 seconds
[2023-12-09T22:17:01.413+0000] {processor.py:157} INFO - Started process (PID=683) to work on /opt/airflow/dags/carroll-alice-in-wonderland-illustrations.epub
[2023-12-09T22:17:01.415+0000] {processor.py:829} INFO - Processing file /opt/airflow/dags/carroll-alice-in-wonderland-illustrations.epub for tasks to queue
[2023-12-09T22:17:01.416+0000] {logging_mixin.py:151} INFO - [2023-12-09T22:17:01.416+0000] {dagbag.py:536} INFO - Filling up the DagBag from /opt/airflow/dags/carroll-alice-in-wonderland-illustrations.epub
[2023-12-09T22:17:01.420+0000] {processor.py:841} WARNING - No viable dags retrieved from /opt/airflow/dags/carroll-alice-in-wonderland-illustrations.epub
[2023-12-09T22:17:01.433+0000] {processor.py:179} INFO - Processing /opt/airflow/dags/carroll-alice-in-wonderland-illustrations.epub took 0.023 seconds
[2023-12-09T22:17:31.625+0000] {processor.py:157} INFO - Started process (PID=692) to work on /opt/airflow/dags/carroll-alice-in-wonderland-illustrations.epub
[2023-12-09T22:17:31.627+0000] {processor.py:829} INFO - Processing file /opt/airflow/dags/carroll-alice-in-wonderland-illustrations.epub for tasks to queue
[2023-12-09T22:17:31.629+0000] {logging_mixin.py:151} INFO - [2023-12-09T22:17:31.628+0000] {dagbag.py:536} INFO - Filling up the DagBag from /opt/airflow/dags/carroll-alice-in-wonderland-illustrations.epub
[2023-12-09T22:17:31.633+0000] {processor.py:841} WARNING - No viable dags retrieved from /opt/airflow/dags/carroll-alice-in-wonderland-illustrations.epub
[2023-12-09T22:17:31.650+0000] {processor.py:179} INFO - Processing /opt/airflow/dags/carroll-alice-in-wonderland-illustrations.epub took 0.031 seconds
