[2023-12-09T21:41:15.235+0000] {processor.py:157} INFO - Started process (PID=44) to work on /opt/airflow/dags/sandbox.py
[2023-12-09T21:41:15.236+0000] {processor.py:829} INFO - Processing file /opt/airflow/dags/sandbox.py for tasks to queue
[2023-12-09T21:41:15.239+0000] {logging_mixin.py:151} INFO - [2023-12-09T21:41:15.239+0000] {dagbag.py:536} INFO - Filling up the DagBag from /opt/airflow/dags/sandbox.py
[2023-12-09T21:41:16.088+0000] {logging_mixin.py:151} WARNING - [nltk_data] Downloading package punkt to /home/airflow/nltk_data...
[2023-12-09T21:41:16.645+0000] {logging_mixin.py:151} WARNING - [nltk_data]   Unzipping tokenizers/punkt.zip.
[2023-12-09T21:41:17.105+0000] {processor.py:839} INFO - DAG(s) dict_keys(['sandbox']) retrieved from /opt/airflow/dags/sandbox.py
[2023-12-09T21:41:17.660+0000] {logging_mixin.py:151} INFO - [2023-12-09T21:41:17.659+0000] {dag.py:2941} INFO - Sync 1 DAGs
[2023-12-09T21:41:17.777+0000] {logging_mixin.py:151} INFO - [2023-12-09T21:41:17.777+0000] {dag.py:3722} INFO - Setting next_dagrun for sandbox to 2023-12-09T00:00:00+00:00, run_after=2023-12-10T00:00:00+00:00
[2023-12-09T21:41:17.864+0000] {processor.py:179} INFO - Processing /opt/airflow/dags/sandbox.py took 2.633 seconds
[2023-12-09T21:41:48.796+0000] {processor.py:157} INFO - Started process (PID=53) to work on /opt/airflow/dags/sandbox.py
[2023-12-09T21:41:48.800+0000] {processor.py:829} INFO - Processing file /opt/airflow/dags/sandbox.py for tasks to queue
[2023-12-09T21:41:48.807+0000] {logging_mixin.py:151} INFO - [2023-12-09T21:41:48.806+0000] {dagbag.py:536} INFO - Filling up the DagBag from /opt/airflow/dags/sandbox.py
[2023-12-09T21:41:49.609+0000] {logging_mixin.py:151} WARNING - [nltk_data] Downloading package punkt to /home/airflow/nltk_data...
[2023-12-09T21:41:49.656+0000] {logging_mixin.py:151} WARNING - [nltk_data]   Package punkt is already up-to-date!
[2023-12-09T21:41:49.668+0000] {processor.py:839} INFO - DAG(s) dict_keys(['sandbox']) retrieved from /opt/airflow/dags/sandbox.py
[2023-12-09T21:41:49.699+0000] {logging_mixin.py:151} INFO - [2023-12-09T21:41:49.699+0000] {dag.py:2941} INFO - Sync 1 DAGs
[2023-12-09T21:41:49.713+0000] {logging_mixin.py:151} INFO - [2023-12-09T21:41:49.713+0000] {dag.py:3722} INFO - Setting next_dagrun for sandbox to 2023-12-09T00:00:00+00:00, run_after=2023-12-10T00:00:00+00:00
[2023-12-09T21:41:49.724+0000] {processor.py:179} INFO - Processing /opt/airflow/dags/sandbox.py took 0.939 seconds
[2023-12-09T21:42:20.256+0000] {processor.py:157} INFO - Started process (PID=62) to work on /opt/airflow/dags/sandbox.py
[2023-12-09T21:42:20.259+0000] {processor.py:829} INFO - Processing file /opt/airflow/dags/sandbox.py for tasks to queue
[2023-12-09T21:42:20.262+0000] {logging_mixin.py:151} INFO - [2023-12-09T21:42:20.262+0000] {dagbag.py:536} INFO - Filling up the DagBag from /opt/airflow/dags/sandbox.py
[2023-12-09T21:42:20.861+0000] {logging_mixin.py:151} WARNING - [nltk_data] Downloading package punkt to /home/airflow/nltk_data...
[2023-12-09T21:42:20.902+0000] {logging_mixin.py:151} WARNING - [nltk_data]   Package punkt is already up-to-date!
[2023-12-09T21:42:20.909+0000] {processor.py:839} INFO - DAG(s) dict_keys(['sandbox']) retrieved from /opt/airflow/dags/sandbox.py
[2023-12-09T21:42:20.928+0000] {logging_mixin.py:151} INFO - [2023-12-09T21:42:20.928+0000] {dag.py:2941} INFO - Sync 1 DAGs
[2023-12-09T21:42:20.940+0000] {logging_mixin.py:151} INFO - [2023-12-09T21:42:20.939+0000] {dag.py:3722} INFO - Setting next_dagrun for sandbox to 2023-12-09T00:00:00+00:00, run_after=2023-12-10T00:00:00+00:00
[2023-12-09T21:42:20.948+0000] {processor.py:179} INFO - Processing /opt/airflow/dags/sandbox.py took 0.697 seconds
[2023-12-09T21:42:51.642+0000] {processor.py:157} INFO - Started process (PID=71) to work on /opt/airflow/dags/sandbox.py
[2023-12-09T21:42:51.646+0000] {processor.py:829} INFO - Processing file /opt/airflow/dags/sandbox.py for tasks to queue
[2023-12-09T21:42:51.651+0000] {logging_mixin.py:151} INFO - [2023-12-09T21:42:51.651+0000] {dagbag.py:536} INFO - Filling up the DagBag from /opt/airflow/dags/sandbox.py
[2023-12-09T21:42:52.199+0000] {logging_mixin.py:151} WARNING - [nltk_data] Downloading package punkt to /home/airflow/nltk_data...
[2023-12-09T21:42:52.238+0000] {logging_mixin.py:151} WARNING - [nltk_data]   Package punkt is already up-to-date!
[2023-12-09T21:42:52.246+0000] {processor.py:839} INFO - DAG(s) dict_keys(['sandbox']) retrieved from /opt/airflow/dags/sandbox.py
[2023-12-09T21:42:52.270+0000] {logging_mixin.py:151} INFO - [2023-12-09T21:42:52.270+0000] {dag.py:2941} INFO - Sync 1 DAGs
[2023-12-09T21:42:52.283+0000] {logging_mixin.py:151} INFO - [2023-12-09T21:42:52.283+0000] {dag.py:3722} INFO - Setting next_dagrun for sandbox to 2023-12-09T00:00:00+00:00, run_after=2023-12-10T00:00:00+00:00
[2023-12-09T21:42:52.293+0000] {processor.py:179} INFO - Processing /opt/airflow/dags/sandbox.py took 0.659 seconds
[2023-12-09T21:43:23.034+0000] {processor.py:157} INFO - Started process (PID=80) to work on /opt/airflow/dags/sandbox.py
[2023-12-09T21:43:23.037+0000] {processor.py:829} INFO - Processing file /opt/airflow/dags/sandbox.py for tasks to queue
[2023-12-09T21:43:23.043+0000] {logging_mixin.py:151} INFO - [2023-12-09T21:43:23.042+0000] {dagbag.py:536} INFO - Filling up the DagBag from /opt/airflow/dags/sandbox.py
[2023-12-09T21:43:23.629+0000] {logging_mixin.py:151} WARNING - [nltk_data] Downloading package punkt to /home/airflow/nltk_data...
[2023-12-09T21:43:23.670+0000] {logging_mixin.py:151} WARNING - [nltk_data]   Package punkt is already up-to-date!
[2023-12-09T21:43:23.677+0000] {processor.py:839} INFO - DAG(s) dict_keys(['sandbox']) retrieved from /opt/airflow/dags/sandbox.py
[2023-12-09T21:43:23.701+0000] {logging_mixin.py:151} INFO - [2023-12-09T21:43:23.701+0000] {dag.py:2941} INFO - Sync 1 DAGs
[2023-12-09T21:43:23.713+0000] {logging_mixin.py:151} INFO - [2023-12-09T21:43:23.713+0000] {dag.py:3722} INFO - Setting next_dagrun for sandbox to 2023-12-09T00:00:00+00:00, run_after=2023-12-10T00:00:00+00:00
[2023-12-09T21:43:23.722+0000] {processor.py:179} INFO - Processing /opt/airflow/dags/sandbox.py took 0.694 seconds
[2023-12-09T21:43:54.189+0000] {processor.py:157} INFO - Started process (PID=90) to work on /opt/airflow/dags/sandbox.py
[2023-12-09T21:43:54.192+0000] {processor.py:829} INFO - Processing file /opt/airflow/dags/sandbox.py for tasks to queue
[2023-12-09T21:43:54.196+0000] {logging_mixin.py:151} INFO - [2023-12-09T21:43:54.196+0000] {dagbag.py:536} INFO - Filling up the DagBag from /opt/airflow/dags/sandbox.py
[2023-12-09T21:43:54.782+0000] {logging_mixin.py:151} WARNING - [nltk_data] Downloading package punkt to /home/airflow/nltk_data...
[2023-12-09T21:43:54.824+0000] {logging_mixin.py:151} WARNING - [nltk_data]   Package punkt is already up-to-date!
[2023-12-09T21:43:54.831+0000] {processor.py:839} INFO - DAG(s) dict_keys(['sandbox']) retrieved from /opt/airflow/dags/sandbox.py
[2023-12-09T21:43:54.851+0000] {logging_mixin.py:151} INFO - [2023-12-09T21:43:54.851+0000] {dag.py:2941} INFO - Sync 1 DAGs
[2023-12-09T21:43:54.863+0000] {logging_mixin.py:151} INFO - [2023-12-09T21:43:54.863+0000] {dag.py:3722} INFO - Setting next_dagrun for sandbox to 2023-12-09T00:00:00+00:00, run_after=2023-12-10T00:00:00+00:00
[2023-12-09T21:43:54.872+0000] {processor.py:179} INFO - Processing /opt/airflow/dags/sandbox.py took 0.691 seconds
[2023-12-09T21:44:25.756+0000] {processor.py:157} INFO - Started process (PID=99) to work on /opt/airflow/dags/sandbox.py
[2023-12-09T21:44:25.763+0000] {processor.py:829} INFO - Processing file /opt/airflow/dags/sandbox.py for tasks to queue
[2023-12-09T21:44:25.778+0000] {logging_mixin.py:151} INFO - [2023-12-09T21:44:25.776+0000] {dagbag.py:536} INFO - Filling up the DagBag from /opt/airflow/dags/sandbox.py
[2023-12-09T21:44:26.352+0000] {logging_mixin.py:151} WARNING - [nltk_data] Downloading package punkt to /home/airflow/nltk_data...
[2023-12-09T21:44:26.391+0000] {logging_mixin.py:151} WARNING - [nltk_data]   Package punkt is already up-to-date!
[2023-12-09T21:44:26.399+0000] {processor.py:839} INFO - DAG(s) dict_keys(['sandbox']) retrieved from /opt/airflow/dags/sandbox.py
[2023-12-09T21:44:26.436+0000] {logging_mixin.py:151} INFO - [2023-12-09T21:44:26.435+0000] {dag.py:2941} INFO - Sync 1 DAGs
[2023-12-09T21:44:26.450+0000] {logging_mixin.py:151} INFO - [2023-12-09T21:44:26.450+0000] {dag.py:3722} INFO - Setting next_dagrun for sandbox to 2023-12-09T00:00:00+00:00, run_after=2023-12-10T00:00:00+00:00
[2023-12-09T21:44:26.460+0000] {processor.py:179} INFO - Processing /opt/airflow/dags/sandbox.py took 0.713 seconds
[2023-12-09T21:44:56.940+0000] {processor.py:157} INFO - Started process (PID=108) to work on /opt/airflow/dags/sandbox.py
[2023-12-09T21:44:56.942+0000] {processor.py:829} INFO - Processing file /opt/airflow/dags/sandbox.py for tasks to queue
[2023-12-09T21:44:56.947+0000] {logging_mixin.py:151} INFO - [2023-12-09T21:44:56.946+0000] {dagbag.py:536} INFO - Filling up the DagBag from /opt/airflow/dags/sandbox.py
[2023-12-09T21:44:57.557+0000] {logging_mixin.py:151} WARNING - [nltk_data] Downloading package punkt to /home/airflow/nltk_data...
[2023-12-09T21:44:57.599+0000] {logging_mixin.py:151} WARNING - [nltk_data]   Package punkt is already up-to-date!
[2023-12-09T21:44:57.608+0000] {processor.py:839} INFO - DAG(s) dict_keys(['sandbox']) retrieved from /opt/airflow/dags/sandbox.py
[2023-12-09T21:44:57.634+0000] {logging_mixin.py:151} INFO - [2023-12-09T21:44:57.634+0000] {dag.py:2941} INFO - Sync 1 DAGs
[2023-12-09T21:44:57.647+0000] {logging_mixin.py:151} INFO - [2023-12-09T21:44:57.647+0000] {dag.py:3722} INFO - Setting next_dagrun for sandbox to 2023-12-09T00:00:00+00:00, run_after=2023-12-10T00:00:00+00:00
[2023-12-09T21:44:57.657+0000] {processor.py:179} INFO - Processing /opt/airflow/dags/sandbox.py took 0.723 seconds
[2023-12-09T21:45:28.185+0000] {processor.py:157} INFO - Started process (PID=117) to work on /opt/airflow/dags/sandbox.py
[2023-12-09T21:45:28.188+0000] {processor.py:829} INFO - Processing file /opt/airflow/dags/sandbox.py for tasks to queue
[2023-12-09T21:45:28.193+0000] {logging_mixin.py:151} INFO - [2023-12-09T21:45:28.192+0000] {dagbag.py:536} INFO - Filling up the DagBag from /opt/airflow/dags/sandbox.py
[2023-12-09T21:45:28.776+0000] {logging_mixin.py:151} WARNING - [nltk_data] Downloading package punkt to /home/airflow/nltk_data...
[2023-12-09T21:45:28.817+0000] {logging_mixin.py:151} WARNING - [nltk_data]   Package punkt is already up-to-date!
[2023-12-09T21:45:28.823+0000] {processor.py:839} INFO - DAG(s) dict_keys(['sandbox']) retrieved from /opt/airflow/dags/sandbox.py
[2023-12-09T21:45:28.861+0000] {logging_mixin.py:151} INFO - [2023-12-09T21:45:28.860+0000] {dag.py:2941} INFO - Sync 1 DAGs
[2023-12-09T21:45:28.887+0000] {logging_mixin.py:151} INFO - [2023-12-09T21:45:28.887+0000] {dag.py:3722} INFO - Setting next_dagrun for sandbox to 2023-12-09T00:00:00+00:00, run_after=2023-12-10T00:00:00+00:00
[2023-12-09T21:45:28.906+0000] {processor.py:179} INFO - Processing /opt/airflow/dags/sandbox.py took 0.729 seconds
[2023-12-09T21:45:59.473+0000] {processor.py:157} INFO - Started process (PID=133) to work on /opt/airflow/dags/sandbox.py
[2023-12-09T21:45:59.475+0000] {processor.py:829} INFO - Processing file /opt/airflow/dags/sandbox.py for tasks to queue
[2023-12-09T21:45:59.479+0000] {logging_mixin.py:151} INFO - [2023-12-09T21:45:59.479+0000] {dagbag.py:536} INFO - Filling up the DagBag from /opt/airflow/dags/sandbox.py
[2023-12-09T21:45:59.992+0000] {logging_mixin.py:151} WARNING - [nltk_data] Downloading package punkt to /home/airflow/nltk_data...
[2023-12-09T21:46:00.047+0000] {logging_mixin.py:151} WARNING - [nltk_data]   Package punkt is already up-to-date!
[2023-12-09T21:46:00.053+0000] {processor.py:839} INFO - DAG(s) dict_keys(['sandbox']) retrieved from /opt/airflow/dags/sandbox.py
[2023-12-09T21:46:00.074+0000] {logging_mixin.py:151} INFO - [2023-12-09T21:46:00.073+0000] {dag.py:2941} INFO - Sync 1 DAGs
[2023-12-09T21:46:00.086+0000] {logging_mixin.py:151} INFO - [2023-12-09T21:46:00.085+0000] {dag.py:3722} INFO - Setting next_dagrun for sandbox to 2023-12-09T00:00:00+00:00, run_after=2023-12-10T00:00:00+00:00
[2023-12-09T21:46:00.095+0000] {processor.py:179} INFO - Processing /opt/airflow/dags/sandbox.py took 0.625 seconds
[2023-12-09T21:46:10.631+0000] {processor.py:157} INFO - Started process (PID=134) to work on /opt/airflow/dags/sandbox.py
[2023-12-09T21:46:10.633+0000] {processor.py:829} INFO - Processing file /opt/airflow/dags/sandbox.py for tasks to queue
[2023-12-09T21:46:10.638+0000] {logging_mixin.py:151} INFO - [2023-12-09T21:46:10.637+0000] {dagbag.py:536} INFO - Filling up the DagBag from /opt/airflow/dags/sandbox.py
[2023-12-09T21:46:11.292+0000] {logging_mixin.py:151} WARNING - [nltk_data] Downloading package punkt to /home/airflow/nltk_data...
[2023-12-09T21:46:11.333+0000] {logging_mixin.py:151} WARNING - [nltk_data]   Package punkt is already up-to-date!
[2023-12-09T21:46:11.340+0000] {processor.py:839} INFO - DAG(s) dict_keys(['sandbox']) retrieved from /opt/airflow/dags/sandbox.py
[2023-12-09T21:46:11.528+0000] {logging_mixin.py:151} INFO - [2023-12-09T21:46:11.527+0000] {dag.py:2941} INFO - Sync 1 DAGs
[2023-12-09T21:46:11.569+0000] {logging_mixin.py:151} INFO - [2023-12-09T21:46:11.569+0000] {dag.py:3722} INFO - Setting next_dagrun for sandbox to 2023-12-09T00:00:00+00:00, run_after=2023-12-10T00:00:00+00:00
[2023-12-09T21:46:11.585+0000] {processor.py:179} INFO - Processing /opt/airflow/dags/sandbox.py took 0.960 seconds
[2023-12-09T21:46:42.378+0000] {processor.py:157} INFO - Started process (PID=144) to work on /opt/airflow/dags/sandbox.py
[2023-12-09T21:46:42.380+0000] {processor.py:829} INFO - Processing file /opt/airflow/dags/sandbox.py for tasks to queue
[2023-12-09T21:46:42.384+0000] {logging_mixin.py:151} INFO - [2023-12-09T21:46:42.383+0000] {dagbag.py:536} INFO - Filling up the DagBag from /opt/airflow/dags/sandbox.py
[2023-12-09T21:46:43.158+0000] {logging_mixin.py:151} WARNING - [nltk_data] Downloading package punkt to /home/airflow/nltk_data...
[2023-12-09T21:46:43.220+0000] {logging_mixin.py:151} WARNING - [nltk_data]   Package punkt is already up-to-date!
[2023-12-09T21:46:43.238+0000] {processor.py:839} INFO - DAG(s) dict_keys(['sandbox']) retrieved from /opt/airflow/dags/sandbox.py
[2023-12-09T21:46:43.285+0000] {logging_mixin.py:151} INFO - [2023-12-09T21:46:43.284+0000] {dag.py:2941} INFO - Sync 1 DAGs
[2023-12-09T21:46:43.301+0000] {logging_mixin.py:151} INFO - [2023-12-09T21:46:43.300+0000] {dag.py:3722} INFO - Setting next_dagrun for sandbox to 2023-12-09T00:00:00+00:00, run_after=2023-12-10T00:00:00+00:00
[2023-12-09T21:46:43.311+0000] {processor.py:179} INFO - Processing /opt/airflow/dags/sandbox.py took 0.938 seconds
[2023-12-09T21:46:50.604+0000] {processor.py:157} INFO - Started process (PID=146) to work on /opt/airflow/dags/sandbox.py
[2023-12-09T21:46:50.606+0000] {processor.py:829} INFO - Processing file /opt/airflow/dags/sandbox.py for tasks to queue
[2023-12-09T21:46:50.607+0000] {logging_mixin.py:151} INFO - [2023-12-09T21:46:50.607+0000] {dagbag.py:536} INFO - Filling up the DagBag from /opt/airflow/dags/sandbox.py
[2023-12-09T21:46:51.149+0000] {logging_mixin.py:151} WARNING - [nltk_data] Downloading package punkt to /home/airflow/nltk_data...
[2023-12-09T21:46:51.204+0000] {logging_mixin.py:151} WARNING - [nltk_data]   Package punkt is already up-to-date!
[2023-12-09T21:46:51.213+0000] {processor.py:839} INFO - DAG(s) dict_keys(['sandbox']) retrieved from /opt/airflow/dags/sandbox.py
[2023-12-09T21:46:51.280+0000] {logging_mixin.py:151} INFO - [2023-12-09T21:46:51.280+0000] {dag.py:2941} INFO - Sync 1 DAGs
[2023-12-09T21:46:51.291+0000] {logging_mixin.py:151} INFO - [2023-12-09T21:46:51.291+0000] {dag.py:3722} INFO - Setting next_dagrun for sandbox to 2023-12-09T00:00:00+00:00, run_after=2023-12-10T00:00:00+00:00
[2023-12-09T21:46:51.302+0000] {processor.py:179} INFO - Processing /opt/airflow/dags/sandbox.py took 0.702 seconds
[2023-12-09T21:47:21.689+0000] {processor.py:157} INFO - Started process (PID=154) to work on /opt/airflow/dags/sandbox.py
[2023-12-09T21:47:21.691+0000] {processor.py:829} INFO - Processing file /opt/airflow/dags/sandbox.py for tasks to queue
[2023-12-09T21:47:21.694+0000] {logging_mixin.py:151} INFO - [2023-12-09T21:47:21.693+0000] {dagbag.py:536} INFO - Filling up the DagBag from /opt/airflow/dags/sandbox.py
[2023-12-09T21:47:22.157+0000] {logging_mixin.py:151} WARNING - [nltk_data] Downloading package punkt to /home/airflow/nltk_data...
[2023-12-09T21:47:22.198+0000] {logging_mixin.py:151} WARNING - [nltk_data]   Package punkt is already up-to-date!
[2023-12-09T21:47:22.205+0000] {processor.py:839} INFO - DAG(s) dict_keys(['sandbox']) retrieved from /opt/airflow/dags/sandbox.py
[2023-12-09T21:47:22.225+0000] {logging_mixin.py:151} INFO - [2023-12-09T21:47:22.225+0000] {dag.py:2941} INFO - Sync 1 DAGs
[2023-12-09T21:47:22.237+0000] {logging_mixin.py:151} INFO - [2023-12-09T21:47:22.237+0000] {dag.py:3722} INFO - Setting next_dagrun for sandbox to 2023-12-09T00:00:00+00:00, run_after=2023-12-10T00:00:00+00:00
[2023-12-09T21:47:22.246+0000] {processor.py:179} INFO - Processing /opt/airflow/dags/sandbox.py took 0.564 seconds
[2023-12-09T21:47:52.645+0000] {processor.py:157} INFO - Started process (PID=163) to work on /opt/airflow/dags/sandbox.py
[2023-12-09T21:47:52.647+0000] {processor.py:829} INFO - Processing file /opt/airflow/dags/sandbox.py for tasks to queue
[2023-12-09T21:47:52.649+0000] {logging_mixin.py:151} INFO - [2023-12-09T21:47:52.649+0000] {dagbag.py:536} INFO - Filling up the DagBag from /opt/airflow/dags/sandbox.py
[2023-12-09T21:47:53.224+0000] {logging_mixin.py:151} WARNING - [nltk_data] Downloading package punkt to /home/airflow/nltk_data...
[2023-12-09T21:47:53.266+0000] {logging_mixin.py:151} WARNING - [nltk_data]   Package punkt is already up-to-date!
[2023-12-09T21:47:53.274+0000] {processor.py:839} INFO - DAG(s) dict_keys(['sandbox']) retrieved from /opt/airflow/dags/sandbox.py
[2023-12-09T21:47:53.302+0000] {logging_mixin.py:151} INFO - [2023-12-09T21:47:53.302+0000] {dag.py:2941} INFO - Sync 1 DAGs
[2023-12-09T21:47:53.318+0000] {logging_mixin.py:151} INFO - [2023-12-09T21:47:53.318+0000] {dag.py:3722} INFO - Setting next_dagrun for sandbox to 2023-12-09T00:00:00+00:00, run_after=2023-12-10T00:00:00+00:00
[2023-12-09T21:47:53.330+0000] {processor.py:179} INFO - Processing /opt/airflow/dags/sandbox.py took 0.691 seconds
[2023-12-09T21:48:23.542+0000] {processor.py:157} INFO - Started process (PID=171) to work on /opt/airflow/dags/sandbox.py
[2023-12-09T21:48:23.547+0000] {processor.py:829} INFO - Processing file /opt/airflow/dags/sandbox.py for tasks to queue
[2023-12-09T21:48:23.551+0000] {logging_mixin.py:151} INFO - [2023-12-09T21:48:23.550+0000] {dagbag.py:536} INFO - Filling up the DagBag from /opt/airflow/dags/sandbox.py
[2023-12-09T21:48:24.076+0000] {logging_mixin.py:151} WARNING - [nltk_data] Downloading package punkt to /home/airflow/nltk_data...
[2023-12-09T21:48:24.132+0000] {logging_mixin.py:151} WARNING - [nltk_data]   Package punkt is already up-to-date!
[2023-12-09T21:48:24.142+0000] {processor.py:839} INFO - DAG(s) dict_keys(['sandbox']) retrieved from /opt/airflow/dags/sandbox.py
[2023-12-09T21:48:24.164+0000] {logging_mixin.py:151} INFO - [2023-12-09T21:48:24.164+0000] {dag.py:2941} INFO - Sync 1 DAGs
[2023-12-09T21:48:24.182+0000] {logging_mixin.py:151} INFO - [2023-12-09T21:48:24.181+0000] {dag.py:3722} INFO - Setting next_dagrun for sandbox to 2023-12-09T00:00:00+00:00, run_after=2023-12-10T00:00:00+00:00
[2023-12-09T21:48:24.195+0000] {processor.py:179} INFO - Processing /opt/airflow/dags/sandbox.py took 0.666 seconds
[2023-12-09T21:48:54.689+0000] {processor.py:157} INFO - Started process (PID=179) to work on /opt/airflow/dags/sandbox.py
[2023-12-09T21:48:54.692+0000] {processor.py:829} INFO - Processing file /opt/airflow/dags/sandbox.py for tasks to queue
[2023-12-09T21:48:54.694+0000] {logging_mixin.py:151} INFO - [2023-12-09T21:48:54.693+0000] {dagbag.py:536} INFO - Filling up the DagBag from /opt/airflow/dags/sandbox.py
[2023-12-09T21:48:55.194+0000] {logging_mixin.py:151} WARNING - [nltk_data] Downloading package punkt to /home/airflow/nltk_data...
[2023-12-09T21:48:55.234+0000] {logging_mixin.py:151} WARNING - [nltk_data]   Package punkt is already up-to-date!
[2023-12-09T21:48:55.243+0000] {processor.py:839} INFO - DAG(s) dict_keys(['sandbox']) retrieved from /opt/airflow/dags/sandbox.py
[2023-12-09T21:48:55.266+0000] {logging_mixin.py:151} INFO - [2023-12-09T21:48:55.266+0000] {dag.py:2941} INFO - Sync 1 DAGs
[2023-12-09T21:48:55.280+0000] {logging_mixin.py:151} INFO - [2023-12-09T21:48:55.280+0000] {dag.py:3722} INFO - Setting next_dagrun for sandbox to 2023-12-09T00:00:00+00:00, run_after=2023-12-10T00:00:00+00:00
[2023-12-09T21:48:55.290+0000] {processor.py:179} INFO - Processing /opt/airflow/dags/sandbox.py took 0.609 seconds
[2023-12-09T21:49:25.672+0000] {processor.py:157} INFO - Started process (PID=187) to work on /opt/airflow/dags/sandbox.py
[2023-12-09T21:49:25.675+0000] {processor.py:829} INFO - Processing file /opt/airflow/dags/sandbox.py for tasks to queue
[2023-12-09T21:49:25.677+0000] {logging_mixin.py:151} INFO - [2023-12-09T21:49:25.676+0000] {dagbag.py:536} INFO - Filling up the DagBag from /opt/airflow/dags/sandbox.py
[2023-12-09T21:49:26.167+0000] {logging_mixin.py:151} WARNING - [nltk_data] Downloading package punkt to /home/airflow/nltk_data...
[2023-12-09T21:49:26.207+0000] {logging_mixin.py:151} WARNING - [nltk_data]   Package punkt is already up-to-date!
[2023-12-09T21:49:26.215+0000] {processor.py:839} INFO - DAG(s) dict_keys(['sandbox']) retrieved from /opt/airflow/dags/sandbox.py
[2023-12-09T21:49:26.246+0000] {logging_mixin.py:151} INFO - [2023-12-09T21:49:26.246+0000] {dag.py:2941} INFO - Sync 1 DAGs
[2023-12-09T21:49:26.259+0000] {logging_mixin.py:151} INFO - [2023-12-09T21:49:26.259+0000] {dag.py:3722} INFO - Setting next_dagrun for sandbox to 2023-12-09T00:00:00+00:00, run_after=2023-12-10T00:00:00+00:00
[2023-12-09T21:49:26.268+0000] {processor.py:179} INFO - Processing /opt/airflow/dags/sandbox.py took 0.605 seconds
[2023-12-09T21:49:56.556+0000] {processor.py:157} INFO - Started process (PID=194) to work on /opt/airflow/dags/sandbox.py
[2023-12-09T21:49:56.559+0000] {processor.py:829} INFO - Processing file /opt/airflow/dags/sandbox.py for tasks to queue
[2023-12-09T21:49:56.560+0000] {logging_mixin.py:151} INFO - [2023-12-09T21:49:56.560+0000] {dagbag.py:536} INFO - Filling up the DagBag from /opt/airflow/dags/sandbox.py
[2023-12-09T21:49:57.111+0000] {logging_mixin.py:151} WARNING - [nltk_data] Downloading package punkt to /home/airflow/nltk_data...
[2023-12-09T21:49:57.154+0000] {logging_mixin.py:151} WARNING - [nltk_data]   Package punkt is already up-to-date!
[2023-12-09T21:49:57.162+0000] {processor.py:839} INFO - DAG(s) dict_keys(['sandbox']) retrieved from /opt/airflow/dags/sandbox.py
[2023-12-09T21:49:57.206+0000] {logging_mixin.py:151} INFO - [2023-12-09T21:49:57.206+0000] {dag.py:2941} INFO - Sync 1 DAGs
[2023-12-09T21:49:57.219+0000] {logging_mixin.py:151} INFO - [2023-12-09T21:49:57.219+0000] {dag.py:3722} INFO - Setting next_dagrun for sandbox to 2023-12-09T00:00:00+00:00, run_after=2023-12-10T00:00:00+00:00
[2023-12-09T21:49:57.229+0000] {processor.py:179} INFO - Processing /opt/airflow/dags/sandbox.py took 0.679 seconds
[2023-12-09T21:50:27.689+0000] {processor.py:157} INFO - Started process (PID=202) to work on /opt/airflow/dags/sandbox.py
[2023-12-09T21:50:27.693+0000] {processor.py:829} INFO - Processing file /opt/airflow/dags/sandbox.py for tasks to queue
[2023-12-09T21:50:27.695+0000] {logging_mixin.py:151} INFO - [2023-12-09T21:50:27.694+0000] {dagbag.py:536} INFO - Filling up the DagBag from /opt/airflow/dags/sandbox.py
[2023-12-09T21:50:28.199+0000] {logging_mixin.py:151} WARNING - [nltk_data] Downloading package punkt to /home/airflow/nltk_data...
[2023-12-09T21:50:28.244+0000] {logging_mixin.py:151} WARNING - [nltk_data]   Package punkt is already up-to-date!
[2023-12-09T21:50:28.252+0000] {processor.py:839} INFO - DAG(s) dict_keys(['sandbox']) retrieved from /opt/airflow/dags/sandbox.py
[2023-12-09T21:50:28.277+0000] {logging_mixin.py:151} INFO - [2023-12-09T21:50:28.276+0000] {dag.py:2941} INFO - Sync 1 DAGs
[2023-12-09T21:50:28.290+0000] {logging_mixin.py:151} INFO - [2023-12-09T21:50:28.290+0000] {dag.py:3722} INFO - Setting next_dagrun for sandbox to 2023-12-09T00:00:00+00:00, run_after=2023-12-10T00:00:00+00:00
[2023-12-09T21:50:28.301+0000] {processor.py:179} INFO - Processing /opt/airflow/dags/sandbox.py took 0.620 seconds
[2023-12-09T21:50:58.671+0000] {processor.py:157} INFO - Started process (PID=210) to work on /opt/airflow/dags/sandbox.py
[2023-12-09T21:50:58.674+0000] {processor.py:829} INFO - Processing file /opt/airflow/dags/sandbox.py for tasks to queue
[2023-12-09T21:50:58.676+0000] {logging_mixin.py:151} INFO - [2023-12-09T21:50:58.675+0000] {dagbag.py:536} INFO - Filling up the DagBag from /opt/airflow/dags/sandbox.py
[2023-12-09T21:50:59.185+0000] {logging_mixin.py:151} WARNING - [nltk_data] Downloading package punkt to /home/airflow/nltk_data...
[2023-12-09T21:50:59.240+0000] {logging_mixin.py:151} WARNING - [nltk_data]   Package punkt is already up-to-date!
[2023-12-09T21:50:59.250+0000] {processor.py:839} INFO - DAG(s) dict_keys(['sandbox']) retrieved from /opt/airflow/dags/sandbox.py
[2023-12-09T21:50:59.275+0000] {logging_mixin.py:151} INFO - [2023-12-09T21:50:59.275+0000] {dag.py:2941} INFO - Sync 1 DAGs
[2023-12-09T21:50:59.290+0000] {logging_mixin.py:151} INFO - [2023-12-09T21:50:59.290+0000] {dag.py:3722} INFO - Setting next_dagrun for sandbox to 2023-12-09T00:00:00+00:00, run_after=2023-12-10T00:00:00+00:00
[2023-12-09T21:50:59.300+0000] {processor.py:179} INFO - Processing /opt/airflow/dags/sandbox.py took 0.638 seconds
[2023-12-09T21:51:29.609+0000] {processor.py:157} INFO - Started process (PID=219) to work on /opt/airflow/dags/sandbox.py
[2023-12-09T21:51:29.613+0000] {processor.py:829} INFO - Processing file /opt/airflow/dags/sandbox.py for tasks to queue
[2023-12-09T21:51:29.615+0000] {logging_mixin.py:151} INFO - [2023-12-09T21:51:29.614+0000] {dagbag.py:536} INFO - Filling up the DagBag from /opt/airflow/dags/sandbox.py
[2023-12-09T21:51:30.143+0000] {logging_mixin.py:151} WARNING - [nltk_data] Downloading package punkt to /home/airflow/nltk_data...
[2023-12-09T21:51:30.186+0000] {logging_mixin.py:151} WARNING - [nltk_data]   Package punkt is already up-to-date!
[2023-12-09T21:51:30.194+0000] {processor.py:839} INFO - DAG(s) dict_keys(['sandbox']) retrieved from /opt/airflow/dags/sandbox.py
[2023-12-09T21:51:30.214+0000] {logging_mixin.py:151} INFO - [2023-12-09T21:51:30.214+0000] {dag.py:2941} INFO - Sync 1 DAGs
[2023-12-09T21:51:30.233+0000] {logging_mixin.py:151} INFO - [2023-12-09T21:51:30.233+0000] {dag.py:3722} INFO - Setting next_dagrun for sandbox to 2023-12-09T00:00:00+00:00, run_after=2023-12-10T00:00:00+00:00
[2023-12-09T21:51:30.248+0000] {processor.py:179} INFO - Processing /opt/airflow/dags/sandbox.py took 0.646 seconds
[2023-12-09T21:52:00.778+0000] {processor.py:157} INFO - Started process (PID=228) to work on /opt/airflow/dags/sandbox.py
[2023-12-09T21:52:00.785+0000] {processor.py:829} INFO - Processing file /opt/airflow/dags/sandbox.py for tasks to queue
[2023-12-09T21:52:00.789+0000] {logging_mixin.py:151} INFO - [2023-12-09T21:52:00.787+0000] {dagbag.py:536} INFO - Filling up the DagBag from /opt/airflow/dags/sandbox.py
[2023-12-09T21:52:02.167+0000] {logging_mixin.py:151} WARNING - [nltk_data] Downloading package punkt to /home/airflow/nltk_data...
[2023-12-09T21:52:02.209+0000] {logging_mixin.py:151} WARNING - [nltk_data]   Package punkt is already up-to-date!
[2023-12-09T21:52:02.233+0000] {processor.py:839} INFO - DAG(s) dict_keys(['sandbox']) retrieved from /opt/airflow/dags/sandbox.py
[2023-12-09T21:52:02.271+0000] {logging_mixin.py:151} INFO - [2023-12-09T21:52:02.271+0000] {dag.py:2941} INFO - Sync 1 DAGs
[2023-12-09T21:52:02.289+0000] {logging_mixin.py:151} INFO - [2023-12-09T21:52:02.289+0000] {dag.py:3722} INFO - Setting next_dagrun for sandbox to 2023-12-09T00:00:00+00:00, run_after=2023-12-10T00:00:00+00:00
[2023-12-09T21:52:02.302+0000] {processor.py:179} INFO - Processing /opt/airflow/dags/sandbox.py took 1.535 seconds
[2023-12-09T21:52:33.167+0000] {processor.py:157} INFO - Started process (PID=244) to work on /opt/airflow/dags/sandbox.py
[2023-12-09T21:52:33.170+0000] {processor.py:829} INFO - Processing file /opt/airflow/dags/sandbox.py for tasks to queue
[2023-12-09T21:52:33.172+0000] {logging_mixin.py:151} INFO - [2023-12-09T21:52:33.171+0000] {dagbag.py:536} INFO - Filling up the DagBag from /opt/airflow/dags/sandbox.py
[2023-12-09T21:52:33.750+0000] {logging_mixin.py:151} WARNING - [nltk_data] Downloading package punkt to /home/airflow/nltk_data...
[2023-12-09T21:52:33.799+0000] {logging_mixin.py:151} WARNING - [nltk_data]   Package punkt is already up-to-date!
[2023-12-09T21:52:33.805+0000] {processor.py:839} INFO - DAG(s) dict_keys(['sandbox']) retrieved from /opt/airflow/dags/sandbox.py
[2023-12-09T21:52:33.826+0000] {logging_mixin.py:151} INFO - [2023-12-09T21:52:33.826+0000] {dag.py:2941} INFO - Sync 1 DAGs
[2023-12-09T21:52:33.837+0000] {logging_mixin.py:151} INFO - [2023-12-09T21:52:33.837+0000] {dag.py:3722} INFO - Setting next_dagrun for sandbox to 2023-12-09T00:00:00+00:00, run_after=2023-12-10T00:00:00+00:00
[2023-12-09T21:52:33.846+0000] {processor.py:179} INFO - Processing /opt/airflow/dags/sandbox.py took 0.683 seconds
[2023-12-09T21:53:04.612+0000] {processor.py:157} INFO - Started process (PID=253) to work on /opt/airflow/dags/sandbox.py
[2023-12-09T21:53:04.615+0000] {processor.py:829} INFO - Processing file /opt/airflow/dags/sandbox.py for tasks to queue
[2023-12-09T21:53:04.621+0000] {logging_mixin.py:151} INFO - [2023-12-09T21:53:04.619+0000] {dagbag.py:536} INFO - Filling up the DagBag from /opt/airflow/dags/sandbox.py
[2023-12-09T21:53:05.421+0000] {logging_mixin.py:151} WARNING - [nltk_data] Downloading package punkt to /home/airflow/nltk_data...
[2023-12-09T21:53:05.461+0000] {logging_mixin.py:151} WARNING - [nltk_data]   Package punkt is already up-to-date!
[2023-12-09T21:53:05.472+0000] {processor.py:839} INFO - DAG(s) dict_keys(['sandbox']) retrieved from /opt/airflow/dags/sandbox.py
[2023-12-09T21:53:05.507+0000] {logging_mixin.py:151} INFO - [2023-12-09T21:53:05.507+0000] {dag.py:2941} INFO - Sync 1 DAGs
[2023-12-09T21:53:05.528+0000] {logging_mixin.py:151} INFO - [2023-12-09T21:53:05.528+0000] {dag.py:3722} INFO - Setting next_dagrun for sandbox to 2023-12-09T00:00:00+00:00, run_after=2023-12-10T00:00:00+00:00
[2023-12-09T21:53:05.539+0000] {processor.py:179} INFO - Processing /opt/airflow/dags/sandbox.py took 0.935 seconds
[2023-12-09T21:53:35.998+0000] {processor.py:157} INFO - Started process (PID=262) to work on /opt/airflow/dags/sandbox.py
[2023-12-09T21:53:36.002+0000] {processor.py:829} INFO - Processing file /opt/airflow/dags/sandbox.py for tasks to queue
[2023-12-09T21:53:36.008+0000] {logging_mixin.py:151} INFO - [2023-12-09T21:53:36.006+0000] {dagbag.py:536} INFO - Filling up the DagBag from /opt/airflow/dags/sandbox.py
[2023-12-09T21:53:36.620+0000] {logging_mixin.py:151} WARNING - [nltk_data] Downloading package punkt to /home/airflow/nltk_data...
[2023-12-09T21:53:36.660+0000] {logging_mixin.py:151} WARNING - [nltk_data]   Package punkt is already up-to-date!
[2023-12-09T21:53:36.668+0000] {processor.py:839} INFO - DAG(s) dict_keys(['sandbox']) retrieved from /opt/airflow/dags/sandbox.py
[2023-12-09T21:53:36.721+0000] {logging_mixin.py:151} INFO - [2023-12-09T21:53:36.721+0000] {dag.py:2941} INFO - Sync 1 DAGs
[2023-12-09T21:53:36.739+0000] {logging_mixin.py:151} INFO - [2023-12-09T21:53:36.739+0000] {dag.py:3722} INFO - Setting next_dagrun for sandbox to 2023-12-09T00:00:00+00:00, run_after=2023-12-10T00:00:00+00:00
[2023-12-09T21:53:36.768+0000] {processor.py:179} INFO - Processing /opt/airflow/dags/sandbox.py took 0.775 seconds
[2023-12-09T21:54:07.304+0000] {processor.py:157} INFO - Started process (PID=271) to work on /opt/airflow/dags/sandbox.py
[2023-12-09T21:54:07.307+0000] {processor.py:829} INFO - Processing file /opt/airflow/dags/sandbox.py for tasks to queue
[2023-12-09T21:54:07.308+0000] {logging_mixin.py:151} INFO - [2023-12-09T21:54:07.308+0000] {dagbag.py:536} INFO - Filling up the DagBag from /opt/airflow/dags/sandbox.py
[2023-12-09T21:54:07.829+0000] {logging_mixin.py:151} WARNING - [nltk_data] Downloading package punkt to /home/airflow/nltk_data...
[2023-12-09T21:54:07.869+0000] {logging_mixin.py:151} WARNING - [nltk_data]   Package punkt is already up-to-date!
[2023-12-09T21:54:07.876+0000] {processor.py:839} INFO - DAG(s) dict_keys(['sandbox']) retrieved from /opt/airflow/dags/sandbox.py
[2023-12-09T21:54:07.898+0000] {logging_mixin.py:151} INFO - [2023-12-09T21:54:07.897+0000] {dag.py:2941} INFO - Sync 1 DAGs
[2023-12-09T21:54:07.911+0000] {logging_mixin.py:151} INFO - [2023-12-09T21:54:07.910+0000] {dag.py:3722} INFO - Setting next_dagrun for sandbox to 2023-12-09T00:00:00+00:00, run_after=2023-12-10T00:00:00+00:00
[2023-12-09T21:54:07.921+0000] {processor.py:179} INFO - Processing /opt/airflow/dags/sandbox.py took 0.621 seconds
[2023-12-09T21:54:38.753+0000] {processor.py:157} INFO - Started process (PID=280) to work on /opt/airflow/dags/sandbox.py
[2023-12-09T21:54:38.755+0000] {processor.py:829} INFO - Processing file /opt/airflow/dags/sandbox.py for tasks to queue
[2023-12-09T21:54:38.757+0000] {logging_mixin.py:151} INFO - [2023-12-09T21:54:38.757+0000] {dagbag.py:536} INFO - Filling up the DagBag from /opt/airflow/dags/sandbox.py
[2023-12-09T21:54:39.372+0000] {logging_mixin.py:151} WARNING - [nltk_data] Downloading package punkt to /home/airflow/nltk_data...
[2023-12-09T21:54:39.414+0000] {logging_mixin.py:151} WARNING - [nltk_data]   Package punkt is already up-to-date!
[2023-12-09T21:54:39.423+0000] {processor.py:839} INFO - DAG(s) dict_keys(['sandbox']) retrieved from /opt/airflow/dags/sandbox.py
[2023-12-09T21:54:39.449+0000] {logging_mixin.py:151} INFO - [2023-12-09T21:54:39.449+0000] {dag.py:2941} INFO - Sync 1 DAGs
[2023-12-09T21:54:39.462+0000] {logging_mixin.py:151} INFO - [2023-12-09T21:54:39.462+0000] {dag.py:3722} INFO - Setting next_dagrun for sandbox to 2023-12-09T00:00:00+00:00, run_after=2023-12-10T00:00:00+00:00
[2023-12-09T21:54:39.473+0000] {processor.py:179} INFO - Processing /opt/airflow/dags/sandbox.py took 0.724 seconds
[2023-12-09T21:55:09.970+0000] {processor.py:157} INFO - Started process (PID=289) to work on /opt/airflow/dags/sandbox.py
[2023-12-09T21:55:09.973+0000] {processor.py:829} INFO - Processing file /opt/airflow/dags/sandbox.py for tasks to queue
[2023-12-09T21:55:09.974+0000] {logging_mixin.py:151} INFO - [2023-12-09T21:55:09.974+0000] {dagbag.py:536} INFO - Filling up the DagBag from /opt/airflow/dags/sandbox.py
[2023-12-09T21:55:10.594+0000] {logging_mixin.py:151} WARNING - [nltk_data] Downloading package punkt to /home/airflow/nltk_data...
[2023-12-09T21:55:10.653+0000] {logging_mixin.py:151} WARNING - [nltk_data]   Package punkt is already up-to-date!
[2023-12-09T21:55:10.664+0000] {processor.py:839} INFO - DAG(s) dict_keys(['sandbox']) retrieved from /opt/airflow/dags/sandbox.py
[2023-12-09T21:55:10.694+0000] {logging_mixin.py:151} INFO - [2023-12-09T21:55:10.694+0000] {dag.py:2941} INFO - Sync 1 DAGs
[2023-12-09T21:55:10.708+0000] {logging_mixin.py:151} INFO - [2023-12-09T21:55:10.708+0000] {dag.py:3722} INFO - Setting next_dagrun for sandbox to 2023-12-09T00:00:00+00:00, run_after=2023-12-10T00:00:00+00:00
[2023-12-09T21:55:10.720+0000] {processor.py:179} INFO - Processing /opt/airflow/dags/sandbox.py took 0.757 seconds
[2023-12-09T21:55:32.146+0000] {processor.py:157} INFO - Started process (PID=291) to work on /opt/airflow/dags/sandbox.py
[2023-12-09T21:55:32.151+0000] {processor.py:829} INFO - Processing file /opt/airflow/dags/sandbox.py for tasks to queue
[2023-12-09T21:55:32.159+0000] {logging_mixin.py:151} INFO - [2023-12-09T21:55:32.155+0000] {dagbag.py:536} INFO - Filling up the DagBag from /opt/airflow/dags/sandbox.py
[2023-12-09T21:55:32.790+0000] {logging_mixin.py:151} WARNING - [nltk_data] Downloading package punkt to /home/airflow/nltk_data...
[2023-12-09T21:55:32.844+0000] {logging_mixin.py:151} WARNING - [nltk_data]   Package punkt is already up-to-date!
[2023-12-09T21:55:32.852+0000] {processor.py:839} INFO - DAG(s) dict_keys(['sandbox']) retrieved from /opt/airflow/dags/sandbox.py
[2023-12-09T21:55:32.877+0000] {logging_mixin.py:151} INFO - [2023-12-09T21:55:32.877+0000] {dag.py:2941} INFO - Sync 1 DAGs
[2023-12-09T21:55:32.892+0000] {logging_mixin.py:151} INFO - [2023-12-09T21:55:32.892+0000] {dag.py:3722} INFO - Setting next_dagrun for sandbox to 2023-12-09T00:00:00+00:00, run_after=2023-12-10T00:00:00+00:00
[2023-12-09T21:55:32.903+0000] {processor.py:179} INFO - Processing /opt/airflow/dags/sandbox.py took 0.761 seconds
[2023-12-09T21:56:00.419+0000] {processor.py:157} INFO - Started process (PID=301) to work on /opt/airflow/dags/sandbox.py
[2023-12-09T21:56:00.421+0000] {processor.py:829} INFO - Processing file /opt/airflow/dags/sandbox.py for tasks to queue
[2023-12-09T21:56:00.423+0000] {logging_mixin.py:151} INFO - [2023-12-09T21:56:00.422+0000] {dagbag.py:536} INFO - Filling up the DagBag from /opt/airflow/dags/sandbox.py
[2023-12-09T21:56:01.176+0000] {logging_mixin.py:151} WARNING - [nltk_data] Downloading package punkt to /home/airflow/nltk_data...
[2023-12-09T21:56:01.252+0000] {logging_mixin.py:151} WARNING - [nltk_data]   Package punkt is already up-to-date!
[2023-12-09T21:56:01.263+0000] {processor.py:839} INFO - DAG(s) dict_keys(['sandbox']) retrieved from /opt/airflow/dags/sandbox.py
[2023-12-09T21:56:01.353+0000] {logging_mixin.py:151} INFO - [2023-12-09T21:56:01.352+0000] {dag.py:2941} INFO - Sync 1 DAGs
[2023-12-09T21:56:01.366+0000] {logging_mixin.py:151} INFO - [2023-12-09T21:56:01.366+0000] {dag.py:3722} INFO - Setting next_dagrun for sandbox to 2023-12-09T00:00:00+00:00, run_after=2023-12-10T00:00:00+00:00
[2023-12-09T21:56:01.379+0000] {processor.py:179} INFO - Processing /opt/airflow/dags/sandbox.py took 0.972 seconds
[2023-12-09T21:56:32.079+0000] {processor.py:157} INFO - Started process (PID=310) to work on /opt/airflow/dags/sandbox.py
[2023-12-09T21:56:32.081+0000] {processor.py:829} INFO - Processing file /opt/airflow/dags/sandbox.py for tasks to queue
[2023-12-09T21:56:32.082+0000] {logging_mixin.py:151} INFO - [2023-12-09T21:56:32.082+0000] {dagbag.py:536} INFO - Filling up the DagBag from /opt/airflow/dags/sandbox.py
[2023-12-09T21:56:32.708+0000] {logging_mixin.py:151} WARNING - [nltk_data] Downloading package punkt to /home/airflow/nltk_data...
[2023-12-09T21:56:32.751+0000] {logging_mixin.py:151} WARNING - [nltk_data]   Package punkt is already up-to-date!
[2023-12-09T21:56:32.758+0000] {processor.py:839} INFO - DAG(s) dict_keys(['sandbox']) retrieved from /opt/airflow/dags/sandbox.py
[2023-12-09T21:56:32.779+0000] {logging_mixin.py:151} INFO - [2023-12-09T21:56:32.779+0000] {dag.py:2941} INFO - Sync 1 DAGs
[2023-12-09T21:56:32.791+0000] {logging_mixin.py:151} INFO - [2023-12-09T21:56:32.791+0000] {dag.py:3722} INFO - Setting next_dagrun for sandbox to 2023-12-09T00:00:00+00:00, run_after=2023-12-10T00:00:00+00:00
[2023-12-09T21:56:32.800+0000] {processor.py:179} INFO - Processing /opt/airflow/dags/sandbox.py took 0.726 seconds
[2023-12-09T21:56:40.935+0000] {processor.py:157} INFO - Started process (PID=318) to work on /opt/airflow/dags/sandbox.py
[2023-12-09T21:56:40.937+0000] {processor.py:829} INFO - Processing file /opt/airflow/dags/sandbox.py for tasks to queue
[2023-12-09T21:56:40.939+0000] {logging_mixin.py:151} INFO - [2023-12-09T21:56:40.938+0000] {dagbag.py:536} INFO - Filling up the DagBag from /opt/airflow/dags/sandbox.py
[2023-12-09T21:56:41.603+0000] {logging_mixin.py:151} WARNING - [nltk_data] Downloading package punkt to /home/airflow/nltk_data...
[2023-12-09T21:56:41.643+0000] {logging_mixin.py:151} WARNING - [nltk_data]   Package punkt is already up-to-date!
[2023-12-09T21:56:41.651+0000] {processor.py:839} INFO - DAG(s) dict_keys(['sandbox']) retrieved from /opt/airflow/dags/sandbox.py
[2023-12-09T21:56:41.692+0000] {logging_mixin.py:151} INFO - [2023-12-09T21:56:41.692+0000] {dag.py:2941} INFO - Sync 1 DAGs
[2023-12-09T21:56:41.709+0000] {logging_mixin.py:151} INFO - [2023-12-09T21:56:41.709+0000] {dag.py:3722} INFO - Setting next_dagrun for sandbox to 2023-12-09T00:00:00+00:00, run_after=2023-12-10T00:00:00+00:00
[2023-12-09T21:56:41.724+0000] {processor.py:179} INFO - Processing /opt/airflow/dags/sandbox.py took 0.794 seconds
[2023-12-09T21:57:12.607+0000] {processor.py:157} INFO - Started process (PID=328) to work on /opt/airflow/dags/sandbox.py
[2023-12-09T21:57:12.613+0000] {processor.py:829} INFO - Processing file /opt/airflow/dags/sandbox.py for tasks to queue
[2023-12-09T21:57:12.615+0000] {logging_mixin.py:151} INFO - [2023-12-09T21:57:12.614+0000] {dagbag.py:536} INFO - Filling up the DagBag from /opt/airflow/dags/sandbox.py
[2023-12-09T21:57:13.275+0000] {logging_mixin.py:151} WARNING - [nltk_data] Downloading package punkt to /home/airflow/nltk_data...
[2023-12-09T21:57:13.318+0000] {logging_mixin.py:151} WARNING - [nltk_data]   Package punkt is already up-to-date!
[2023-12-09T21:57:13.326+0000] {processor.py:839} INFO - DAG(s) dict_keys(['sandbox']) retrieved from /opt/airflow/dags/sandbox.py
[2023-12-09T21:57:13.351+0000] {logging_mixin.py:151} INFO - [2023-12-09T21:57:13.351+0000] {dag.py:2941} INFO - Sync 1 DAGs
[2023-12-09T21:57:13.370+0000] {logging_mixin.py:151} INFO - [2023-12-09T21:57:13.369+0000] {dag.py:3722} INFO - Setting next_dagrun for sandbox to 2023-12-09T00:00:00+00:00, run_after=2023-12-10T00:00:00+00:00
[2023-12-09T21:57:13.385+0000] {processor.py:179} INFO - Processing /opt/airflow/dags/sandbox.py took 0.783 seconds
[2023-12-09T21:57:43.893+0000] {processor.py:157} INFO - Started process (PID=337) to work on /opt/airflow/dags/sandbox.py
[2023-12-09T21:57:43.897+0000] {processor.py:829} INFO - Processing file /opt/airflow/dags/sandbox.py for tasks to queue
[2023-12-09T21:57:43.898+0000] {logging_mixin.py:151} INFO - [2023-12-09T21:57:43.897+0000] {dagbag.py:536} INFO - Filling up the DagBag from /opt/airflow/dags/sandbox.py
[2023-12-09T21:57:44.485+0000] {logging_mixin.py:151} WARNING - [nltk_data] Downloading package punkt to /home/airflow/nltk_data...
[2023-12-09T21:57:44.527+0000] {logging_mixin.py:151} WARNING - [nltk_data]   Package punkt is already up-to-date!
[2023-12-09T21:57:44.535+0000] {processor.py:839} INFO - DAG(s) dict_keys(['sandbox']) retrieved from /opt/airflow/dags/sandbox.py
[2023-12-09T21:57:44.559+0000] {logging_mixin.py:151} INFO - [2023-12-09T21:57:44.559+0000] {dag.py:2941} INFO - Sync 1 DAGs
[2023-12-09T21:57:44.571+0000] {logging_mixin.py:151} INFO - [2023-12-09T21:57:44.571+0000] {dag.py:3722} INFO - Setting next_dagrun for sandbox to 2023-12-09T00:00:00+00:00, run_after=2023-12-10T00:00:00+00:00
[2023-12-09T21:57:44.581+0000] {processor.py:179} INFO - Processing /opt/airflow/dags/sandbox.py took 0.702 seconds
[2023-12-09T21:58:15.052+0000] {processor.py:157} INFO - Started process (PID=346) to work on /opt/airflow/dags/sandbox.py
[2023-12-09T21:58:15.055+0000] {processor.py:829} INFO - Processing file /opt/airflow/dags/sandbox.py for tasks to queue
[2023-12-09T21:58:15.056+0000] {logging_mixin.py:151} INFO - [2023-12-09T21:58:15.056+0000] {dagbag.py:536} INFO - Filling up the DagBag from /opt/airflow/dags/sandbox.py
[2023-12-09T21:58:15.658+0000] {logging_mixin.py:151} WARNING - [nltk_data] Downloading package punkt to /home/airflow/nltk_data...
[2023-12-09T21:58:15.700+0000] {logging_mixin.py:151} WARNING - [nltk_data]   Package punkt is already up-to-date!
[2023-12-09T21:58:15.707+0000] {processor.py:839} INFO - DAG(s) dict_keys(['sandbox']) retrieved from /opt/airflow/dags/sandbox.py
[2023-12-09T21:58:15.730+0000] {logging_mixin.py:151} INFO - [2023-12-09T21:58:15.730+0000] {dag.py:2941} INFO - Sync 1 DAGs
[2023-12-09T21:58:15.743+0000] {logging_mixin.py:151} INFO - [2023-12-09T21:58:15.743+0000] {dag.py:3722} INFO - Setting next_dagrun for sandbox to 2023-12-09T00:00:00+00:00, run_after=2023-12-10T00:00:00+00:00
[2023-12-09T21:58:15.754+0000] {processor.py:179} INFO - Processing /opt/airflow/dags/sandbox.py took 0.706 seconds
[2023-12-09T21:58:46.191+0000] {processor.py:157} INFO - Started process (PID=355) to work on /opt/airflow/dags/sandbox.py
[2023-12-09T21:58:46.193+0000] {processor.py:829} INFO - Processing file /opt/airflow/dags/sandbox.py for tasks to queue
[2023-12-09T21:58:46.195+0000] {logging_mixin.py:151} INFO - [2023-12-09T21:58:46.194+0000] {dagbag.py:536} INFO - Filling up the DagBag from /opt/airflow/dags/sandbox.py
[2023-12-09T21:58:46.796+0000] {logging_mixin.py:151} WARNING - [nltk_data] Downloading package punkt to /home/airflow/nltk_data...
[2023-12-09T21:58:46.850+0000] {logging_mixin.py:151} WARNING - [nltk_data]   Package punkt is already up-to-date!
[2023-12-09T21:58:46.858+0000] {processor.py:839} INFO - DAG(s) dict_keys(['sandbox']) retrieved from /opt/airflow/dags/sandbox.py
[2023-12-09T21:58:46.886+0000] {logging_mixin.py:151} INFO - [2023-12-09T21:58:46.886+0000] {dag.py:2941} INFO - Sync 1 DAGs
[2023-12-09T21:58:46.900+0000] {logging_mixin.py:151} INFO - [2023-12-09T21:58:46.900+0000] {dag.py:3722} INFO - Setting next_dagrun for sandbox to 2023-12-09T00:00:00+00:00, run_after=2023-12-10T00:00:00+00:00
[2023-12-09T21:58:46.911+0000] {processor.py:179} INFO - Processing /opt/airflow/dags/sandbox.py took 0.724 seconds
[2023-12-09T21:59:17.418+0000] {processor.py:157} INFO - Started process (PID=363) to work on /opt/airflow/dags/sandbox.py
[2023-12-09T21:59:17.421+0000] {processor.py:829} INFO - Processing file /opt/airflow/dags/sandbox.py for tasks to queue
[2023-12-09T21:59:17.423+0000] {logging_mixin.py:151} INFO - [2023-12-09T21:59:17.422+0000] {dagbag.py:536} INFO - Filling up the DagBag from /opt/airflow/dags/sandbox.py
[2023-12-09T21:59:18.018+0000] {logging_mixin.py:151} WARNING - [nltk_data] Downloading package punkt to /home/airflow/nltk_data...
[2023-12-09T21:59:18.074+0000] {logging_mixin.py:151} WARNING - [nltk_data]   Package punkt is already up-to-date!
[2023-12-09T21:59:18.084+0000] {processor.py:839} INFO - DAG(s) dict_keys(['sandbox']) retrieved from /opt/airflow/dags/sandbox.py
[2023-12-09T21:59:18.106+0000] {logging_mixin.py:151} INFO - [2023-12-09T21:59:18.106+0000] {dag.py:2941} INFO - Sync 1 DAGs
[2023-12-09T21:59:18.119+0000] {logging_mixin.py:151} INFO - [2023-12-09T21:59:18.119+0000] {dag.py:3722} INFO - Setting next_dagrun for sandbox to 2023-12-09T00:00:00+00:00, run_after=2023-12-10T00:00:00+00:00
[2023-12-09T21:59:18.128+0000] {processor.py:179} INFO - Processing /opt/airflow/dags/sandbox.py took 0.715 seconds
[2023-12-09T21:59:48.631+0000] {processor.py:157} INFO - Started process (PID=373) to work on /opt/airflow/dags/sandbox.py
[2023-12-09T21:59:48.634+0000] {processor.py:829} INFO - Processing file /opt/airflow/dags/sandbox.py for tasks to queue
[2023-12-09T21:59:48.636+0000] {logging_mixin.py:151} INFO - [2023-12-09T21:59:48.635+0000] {dagbag.py:536} INFO - Filling up the DagBag from /opt/airflow/dags/sandbox.py
[2023-12-09T21:59:49.253+0000] {logging_mixin.py:151} WARNING - [nltk_data] Downloading package punkt to /home/airflow/nltk_data...
[2023-12-09T21:59:49.294+0000] {logging_mixin.py:151} WARNING - [nltk_data]   Package punkt is already up-to-date!
[2023-12-09T21:59:49.301+0000] {processor.py:839} INFO - DAG(s) dict_keys(['sandbox']) retrieved from /opt/airflow/dags/sandbox.py
[2023-12-09T21:59:49.324+0000] {logging_mixin.py:151} INFO - [2023-12-09T21:59:49.324+0000] {dag.py:2941} INFO - Sync 1 DAGs
[2023-12-09T21:59:49.337+0000] {logging_mixin.py:151} INFO - [2023-12-09T21:59:49.337+0000] {dag.py:3722} INFO - Setting next_dagrun for sandbox to 2023-12-09T00:00:00+00:00, run_after=2023-12-10T00:00:00+00:00
[2023-12-09T21:59:49.348+0000] {processor.py:179} INFO - Processing /opt/airflow/dags/sandbox.py took 0.722 seconds
[2023-12-09T22:00:19.820+0000] {processor.py:157} INFO - Started process (PID=382) to work on /opt/airflow/dags/sandbox.py
[2023-12-09T22:00:19.823+0000] {processor.py:829} INFO - Processing file /opt/airflow/dags/sandbox.py for tasks to queue
[2023-12-09T22:00:19.825+0000] {logging_mixin.py:151} INFO - [2023-12-09T22:00:19.824+0000] {dagbag.py:536} INFO - Filling up the DagBag from /opt/airflow/dags/sandbox.py
[2023-12-09T22:00:20.400+0000] {logging_mixin.py:151} WARNING - [nltk_data] Downloading package punkt to /home/airflow/nltk_data...
[2023-12-09T22:00:20.440+0000] {logging_mixin.py:151} WARNING - [nltk_data]   Package punkt is already up-to-date!
[2023-12-09T22:00:20.447+0000] {processor.py:839} INFO - DAG(s) dict_keys(['sandbox']) retrieved from /opt/airflow/dags/sandbox.py
[2023-12-09T22:00:20.485+0000] {logging_mixin.py:151} INFO - [2023-12-09T22:00:20.485+0000] {dag.py:2941} INFO - Sync 1 DAGs
[2023-12-09T22:00:20.498+0000] {logging_mixin.py:151} INFO - [2023-12-09T22:00:20.498+0000] {dag.py:3722} INFO - Setting next_dagrun for sandbox to 2023-12-09T00:00:00+00:00, run_after=2023-12-10T00:00:00+00:00
[2023-12-09T22:00:20.511+0000] {processor.py:179} INFO - Processing /opt/airflow/dags/sandbox.py took 0.697 seconds
[2023-12-09T22:00:51.007+0000] {processor.py:157} INFO - Started process (PID=391) to work on /opt/airflow/dags/sandbox.py
[2023-12-09T22:00:51.009+0000] {processor.py:829} INFO - Processing file /opt/airflow/dags/sandbox.py for tasks to queue
[2023-12-09T22:00:51.011+0000] {logging_mixin.py:151} INFO - [2023-12-09T22:00:51.010+0000] {dagbag.py:536} INFO - Filling up the DagBag from /opt/airflow/dags/sandbox.py
[2023-12-09T22:00:51.654+0000] {logging_mixin.py:151} WARNING - [nltk_data] Downloading package punkt to /home/airflow/nltk_data...
[2023-12-09T22:00:51.694+0000] {logging_mixin.py:151} WARNING - [nltk_data]   Package punkt is already up-to-date!
[2023-12-09T22:00:51.701+0000] {processor.py:839} INFO - DAG(s) dict_keys(['sandbox']) retrieved from /opt/airflow/dags/sandbox.py
[2023-12-09T22:00:51.724+0000] {logging_mixin.py:151} INFO - [2023-12-09T22:00:51.724+0000] {dag.py:2941} INFO - Sync 1 DAGs
[2023-12-09T22:00:51.737+0000] {logging_mixin.py:151} INFO - [2023-12-09T22:00:51.736+0000] {dag.py:3722} INFO - Setting next_dagrun for sandbox to 2023-12-09T00:00:00+00:00, run_after=2023-12-10T00:00:00+00:00
[2023-12-09T22:00:51.749+0000] {processor.py:179} INFO - Processing /opt/airflow/dags/sandbox.py took 0.746 seconds
[2023-12-09T22:01:22.253+0000] {processor.py:157} INFO - Started process (PID=400) to work on /opt/airflow/dags/sandbox.py
[2023-12-09T22:01:22.256+0000] {processor.py:829} INFO - Processing file /opt/airflow/dags/sandbox.py for tasks to queue
[2023-12-09T22:01:22.258+0000] {logging_mixin.py:151} INFO - [2023-12-09T22:01:22.257+0000] {dagbag.py:536} INFO - Filling up the DagBag from /opt/airflow/dags/sandbox.py
[2023-12-09T22:01:22.903+0000] {logging_mixin.py:151} WARNING - [nltk_data] Downloading package punkt to /home/airflow/nltk_data...
[2023-12-09T22:01:22.943+0000] {logging_mixin.py:151} WARNING - [nltk_data]   Package punkt is already up-to-date!
[2023-12-09T22:01:22.951+0000] {processor.py:839} INFO - DAG(s) dict_keys(['sandbox']) retrieved from /opt/airflow/dags/sandbox.py
[2023-12-09T22:01:22.983+0000] {logging_mixin.py:151} INFO - [2023-12-09T22:01:22.983+0000] {dag.py:2941} INFO - Sync 1 DAGs
[2023-12-09T22:01:22.995+0000] {logging_mixin.py:151} INFO - [2023-12-09T22:01:22.995+0000] {dag.py:3722} INFO - Setting next_dagrun for sandbox to 2023-12-09T00:00:00+00:00, run_after=2023-12-10T00:00:00+00:00
[2023-12-09T22:01:23.005+0000] {processor.py:179} INFO - Processing /opt/airflow/dags/sandbox.py took 0.760 seconds
[2023-12-09T22:01:53.502+0000] {processor.py:157} INFO - Started process (PID=411) to work on /opt/airflow/dags/sandbox.py
[2023-12-09T22:01:53.503+0000] {processor.py:829} INFO - Processing file /opt/airflow/dags/sandbox.py for tasks to queue
[2023-12-09T22:01:53.505+0000] {logging_mixin.py:151} INFO - [2023-12-09T22:01:53.504+0000] {dagbag.py:536} INFO - Filling up the DagBag from /opt/airflow/dags/sandbox.py
[2023-12-09T22:01:54.193+0000] {logging_mixin.py:151} WARNING - [nltk_data] Downloading package punkt to /home/airflow/nltk_data...
[2023-12-09T22:01:54.247+0000] {logging_mixin.py:151} WARNING - [nltk_data]   Package punkt is already up-to-date!
[2023-12-09T22:01:54.256+0000] {processor.py:839} INFO - DAG(s) dict_keys(['sandbox']) retrieved from /opt/airflow/dags/sandbox.py
[2023-12-09T22:01:54.285+0000] {logging_mixin.py:151} INFO - [2023-12-09T22:01:54.285+0000] {dag.py:2941} INFO - Sync 1 DAGs
[2023-12-09T22:01:54.310+0000] {logging_mixin.py:151} INFO - [2023-12-09T22:01:54.309+0000] {dag.py:3722} INFO - Setting next_dagrun for sandbox to 2023-12-09T00:00:00+00:00, run_after=2023-12-10T00:00:00+00:00
[2023-12-09T22:01:54.329+0000] {processor.py:179} INFO - Processing /opt/airflow/dags/sandbox.py took 0.831 seconds
[2023-12-09T22:02:24.949+0000] {processor.py:157} INFO - Started process (PID=420) to work on /opt/airflow/dags/sandbox.py
[2023-12-09T22:02:24.951+0000] {processor.py:829} INFO - Processing file /opt/airflow/dags/sandbox.py for tasks to queue
[2023-12-09T22:02:24.952+0000] {logging_mixin.py:151} INFO - [2023-12-09T22:02:24.952+0000] {dagbag.py:536} INFO - Filling up the DagBag from /opt/airflow/dags/sandbox.py
[2023-12-09T22:02:25.578+0000] {logging_mixin.py:151} WARNING - [nltk_data] Downloading package punkt to /home/airflow/nltk_data...
[2023-12-09T22:02:25.621+0000] {logging_mixin.py:151} WARNING - [nltk_data]   Package punkt is already up-to-date!
[2023-12-09T22:02:25.629+0000] {processor.py:839} INFO - DAG(s) dict_keys(['sandbox']) retrieved from /opt/airflow/dags/sandbox.py
[2023-12-09T22:02:25.655+0000] {logging_mixin.py:151} INFO - [2023-12-09T22:02:25.655+0000] {dag.py:2941} INFO - Sync 1 DAGs
[2023-12-09T22:02:25.670+0000] {logging_mixin.py:151} INFO - [2023-12-09T22:02:25.669+0000] {dag.py:3722} INFO - Setting next_dagrun for sandbox to 2023-12-09T00:00:00+00:00, run_after=2023-12-10T00:00:00+00:00
[2023-12-09T22:02:25.680+0000] {processor.py:179} INFO - Processing /opt/airflow/dags/sandbox.py took 0.737 seconds
[2023-12-09T22:02:56.212+0000] {processor.py:157} INFO - Started process (PID=429) to work on /opt/airflow/dags/sandbox.py
[2023-12-09T22:02:56.214+0000] {processor.py:829} INFO - Processing file /opt/airflow/dags/sandbox.py for tasks to queue
[2023-12-09T22:02:56.215+0000] {logging_mixin.py:151} INFO - [2023-12-09T22:02:56.215+0000] {dagbag.py:536} INFO - Filling up the DagBag from /opt/airflow/dags/sandbox.py
[2023-12-09T22:02:56.775+0000] {logging_mixin.py:151} WARNING - [nltk_data] Downloading package punkt to /home/airflow/nltk_data...
[2023-12-09T22:02:56.834+0000] {logging_mixin.py:151} WARNING - [nltk_data]   Package punkt is already up-to-date!
[2023-12-09T22:02:56.842+0000] {processor.py:839} INFO - DAG(s) dict_keys(['sandbox']) retrieved from /opt/airflow/dags/sandbox.py
[2023-12-09T22:02:56.865+0000] {logging_mixin.py:151} INFO - [2023-12-09T22:02:56.865+0000] {dag.py:2941} INFO - Sync 1 DAGs
[2023-12-09T22:02:56.880+0000] {logging_mixin.py:151} INFO - [2023-12-09T22:02:56.880+0000] {dag.py:3722} INFO - Setting next_dagrun for sandbox to 2023-12-09T00:00:00+00:00, run_after=2023-12-10T00:00:00+00:00
[2023-12-09T22:02:56.891+0000] {processor.py:179} INFO - Processing /opt/airflow/dags/sandbox.py took 0.685 seconds
[2023-12-09T22:03:27.430+0000] {processor.py:157} INFO - Started process (PID=438) to work on /opt/airflow/dags/sandbox.py
[2023-12-09T22:03:27.432+0000] {processor.py:829} INFO - Processing file /opt/airflow/dags/sandbox.py for tasks to queue
[2023-12-09T22:03:27.433+0000] {logging_mixin.py:151} INFO - [2023-12-09T22:03:27.433+0000] {dagbag.py:536} INFO - Filling up the DagBag from /opt/airflow/dags/sandbox.py
[2023-12-09T22:03:28.234+0000] {logging_mixin.py:151} WARNING - [nltk_data] Downloading package punkt to /home/airflow/nltk_data...
[2023-12-09T22:03:28.282+0000] {logging_mixin.py:151} WARNING - [nltk_data]   Package punkt is already up-to-date!
[2023-12-09T22:03:28.294+0000] {processor.py:839} INFO - DAG(s) dict_keys(['sandbox']) retrieved from /opt/airflow/dags/sandbox.py
[2023-12-09T22:03:28.358+0000] {logging_mixin.py:151} INFO - [2023-12-09T22:03:28.358+0000] {dag.py:2941} INFO - Sync 1 DAGs
[2023-12-09T22:03:28.378+0000] {logging_mixin.py:151} INFO - [2023-12-09T22:03:28.378+0000] {dag.py:3722} INFO - Setting next_dagrun for sandbox to 2023-12-09T00:00:00+00:00, run_after=2023-12-10T00:00:00+00:00
[2023-12-09T22:03:28.392+0000] {processor.py:179} INFO - Processing /opt/airflow/dags/sandbox.py took 0.968 seconds
[2023-12-09T22:03:58.891+0000] {processor.py:157} INFO - Started process (PID=447) to work on /opt/airflow/dags/sandbox.py
[2023-12-09T22:03:58.895+0000] {processor.py:829} INFO - Processing file /opt/airflow/dags/sandbox.py for tasks to queue
[2023-12-09T22:03:58.896+0000] {logging_mixin.py:151} INFO - [2023-12-09T22:03:58.896+0000] {dagbag.py:536} INFO - Filling up the DagBag from /opt/airflow/dags/sandbox.py
[2023-12-09T22:03:59.482+0000] {logging_mixin.py:151} WARNING - [nltk_data] Downloading package punkt to /home/airflow/nltk_data...
[2023-12-09T22:03:59.522+0000] {logging_mixin.py:151} WARNING - [nltk_data]   Package punkt is already up-to-date!
[2023-12-09T22:03:59.531+0000] {processor.py:839} INFO - DAG(s) dict_keys(['sandbox']) retrieved from /opt/airflow/dags/sandbox.py
[2023-12-09T22:03:59.570+0000] {logging_mixin.py:151} INFO - [2023-12-09T22:03:59.569+0000] {dag.py:2941} INFO - Sync 1 DAGs
[2023-12-09T22:03:59.585+0000] {logging_mixin.py:151} INFO - [2023-12-09T22:03:59.585+0000] {dag.py:3722} INFO - Setting next_dagrun for sandbox to 2023-12-09T00:00:00+00:00, run_after=2023-12-10T00:00:00+00:00
[2023-12-09T22:03:59.595+0000] {processor.py:179} INFO - Processing /opt/airflow/dags/sandbox.py took 0.711 seconds
[2023-12-09T22:04:30.070+0000] {processor.py:157} INFO - Started process (PID=456) to work on /opt/airflow/dags/sandbox.py
[2023-12-09T22:04:30.073+0000] {processor.py:829} INFO - Processing file /opt/airflow/dags/sandbox.py for tasks to queue
[2023-12-09T22:04:30.075+0000] {logging_mixin.py:151} INFO - [2023-12-09T22:04:30.074+0000] {dagbag.py:536} INFO - Filling up the DagBag from /opt/airflow/dags/sandbox.py
[2023-12-09T22:04:30.665+0000] {logging_mixin.py:151} WARNING - [nltk_data] Downloading package punkt to /home/airflow/nltk_data...
[2023-12-09T22:04:30.715+0000] {logging_mixin.py:151} WARNING - [nltk_data]   Package punkt is already up-to-date!
[2023-12-09T22:04:30.723+0000] {processor.py:839} INFO - DAG(s) dict_keys(['sandbox']) retrieved from /opt/airflow/dags/sandbox.py
[2023-12-09T22:04:30.746+0000] {logging_mixin.py:151} INFO - [2023-12-09T22:04:30.746+0000] {dag.py:2941} INFO - Sync 1 DAGs
[2023-12-09T22:04:30.759+0000] {logging_mixin.py:151} INFO - [2023-12-09T22:04:30.759+0000] {dag.py:3722} INFO - Setting next_dagrun for sandbox to 2023-12-09T00:00:00+00:00, run_after=2023-12-10T00:00:00+00:00
[2023-12-09T22:04:30.769+0000] {processor.py:179} INFO - Processing /opt/airflow/dags/sandbox.py took 0.704 seconds
[2023-12-09T22:05:01.206+0000] {processor.py:157} INFO - Started process (PID=465) to work on /opt/airflow/dags/sandbox.py
[2023-12-09T22:05:01.208+0000] {processor.py:829} INFO - Processing file /opt/airflow/dags/sandbox.py for tasks to queue
[2023-12-09T22:05:01.210+0000] {logging_mixin.py:151} INFO - [2023-12-09T22:05:01.209+0000] {dagbag.py:536} INFO - Filling up the DagBag from /opt/airflow/dags/sandbox.py
[2023-12-09T22:05:01.742+0000] {logging_mixin.py:151} WARNING - [nltk_data] Downloading package punkt to /home/airflow/nltk_data...
[2023-12-09T22:05:01.782+0000] {logging_mixin.py:151} WARNING - [nltk_data]   Package punkt is already up-to-date!
[2023-12-09T22:05:01.790+0000] {processor.py:839} INFO - DAG(s) dict_keys(['sandbox']) retrieved from /opt/airflow/dags/sandbox.py
[2023-12-09T22:05:01.811+0000] {logging_mixin.py:151} INFO - [2023-12-09T22:05:01.811+0000] {dag.py:2941} INFO - Sync 1 DAGs
[2023-12-09T22:05:01.822+0000] {logging_mixin.py:151} INFO - [2023-12-09T22:05:01.822+0000] {dag.py:3722} INFO - Setting next_dagrun for sandbox to 2023-12-09T00:00:00+00:00, run_after=2023-12-10T00:00:00+00:00
[2023-12-09T22:05:01.831+0000] {processor.py:179} INFO - Processing /opt/airflow/dags/sandbox.py took 0.630 seconds
[2023-12-09T22:05:32.589+0000] {processor.py:157} INFO - Started process (PID=474) to work on /opt/airflow/dags/sandbox.py
[2023-12-09T22:05:32.592+0000] {processor.py:829} INFO - Processing file /opt/airflow/dags/sandbox.py for tasks to queue
[2023-12-09T22:05:32.593+0000] {logging_mixin.py:151} INFO - [2023-12-09T22:05:32.592+0000] {dagbag.py:536} INFO - Filling up the DagBag from /opt/airflow/dags/sandbox.py
[2023-12-09T22:05:33.137+0000] {logging_mixin.py:151} WARNING - [nltk_data] Downloading package punkt to /home/airflow/nltk_data...
[2023-12-09T22:05:33.196+0000] {logging_mixin.py:151} WARNING - [nltk_data]   Package punkt is already up-to-date!
[2023-12-09T22:05:33.204+0000] {processor.py:839} INFO - DAG(s) dict_keys(['sandbox']) retrieved from /opt/airflow/dags/sandbox.py
[2023-12-09T22:05:33.227+0000] {logging_mixin.py:151} INFO - [2023-12-09T22:05:33.227+0000] {dag.py:2941} INFO - Sync 1 DAGs
[2023-12-09T22:05:33.241+0000] {logging_mixin.py:151} INFO - [2023-12-09T22:05:33.241+0000] {dag.py:3722} INFO - Setting next_dagrun for sandbox to 2023-12-09T00:00:00+00:00, run_after=2023-12-10T00:00:00+00:00
[2023-12-09T22:05:33.251+0000] {processor.py:179} INFO - Processing /opt/airflow/dags/sandbox.py took 0.666 seconds
[2023-12-09T22:06:03.726+0000] {processor.py:157} INFO - Started process (PID=483) to work on /opt/airflow/dags/sandbox.py
[2023-12-09T22:06:03.730+0000] {processor.py:829} INFO - Processing file /opt/airflow/dags/sandbox.py for tasks to queue
[2023-12-09T22:06:03.731+0000] {logging_mixin.py:151} INFO - [2023-12-09T22:06:03.731+0000] {dagbag.py:536} INFO - Filling up the DagBag from /opt/airflow/dags/sandbox.py
[2023-12-09T22:06:04.318+0000] {logging_mixin.py:151} WARNING - [nltk_data] Downloading package punkt to /home/airflow/nltk_data...
[2023-12-09T22:06:04.359+0000] {logging_mixin.py:151} WARNING - [nltk_data]   Package punkt is already up-to-date!
[2023-12-09T22:06:04.367+0000] {processor.py:839} INFO - DAG(s) dict_keys(['sandbox']) retrieved from /opt/airflow/dags/sandbox.py
[2023-12-09T22:06:04.403+0000] {logging_mixin.py:151} INFO - [2023-12-09T22:06:04.402+0000] {dag.py:2941} INFO - Sync 1 DAGs
[2023-12-09T22:06:04.418+0000] {logging_mixin.py:151} INFO - [2023-12-09T22:06:04.418+0000] {dag.py:3722} INFO - Setting next_dagrun for sandbox to 2023-12-09T00:00:00+00:00, run_after=2023-12-10T00:00:00+00:00
[2023-12-09T22:06:04.430+0000] {processor.py:179} INFO - Processing /opt/airflow/dags/sandbox.py took 0.708 seconds
[2023-12-09T22:06:35.052+0000] {processor.py:157} INFO - Started process (PID=499) to work on /opt/airflow/dags/sandbox.py
[2023-12-09T22:06:35.054+0000] {processor.py:829} INFO - Processing file /opt/airflow/dags/sandbox.py for tasks to queue
[2023-12-09T22:06:35.056+0000] {logging_mixin.py:151} INFO - [2023-12-09T22:06:35.055+0000] {dagbag.py:536} INFO - Filling up the DagBag from /opt/airflow/dags/sandbox.py
[2023-12-09T22:06:35.642+0000] {logging_mixin.py:151} WARNING - [nltk_data] Downloading package punkt to /home/airflow/nltk_data...
[2023-12-09T22:06:35.701+0000] {logging_mixin.py:151} WARNING - [nltk_data]   Package punkt is already up-to-date!
[2023-12-09T22:06:35.709+0000] {processor.py:839} INFO - DAG(s) dict_keys(['sandbox']) retrieved from /opt/airflow/dags/sandbox.py
[2023-12-09T22:06:35.733+0000] {logging_mixin.py:151} INFO - [2023-12-09T22:06:35.733+0000] {dag.py:2941} INFO - Sync 1 DAGs
[2023-12-09T22:06:35.745+0000] {logging_mixin.py:151} INFO - [2023-12-09T22:06:35.745+0000] {dag.py:3722} INFO - Setting next_dagrun for sandbox to 2023-12-09T00:00:00+00:00, run_after=2023-12-10T00:00:00+00:00
[2023-12-09T22:06:35.755+0000] {processor.py:179} INFO - Processing /opt/airflow/dags/sandbox.py took 0.707 seconds
[2023-12-09T22:07:06.237+0000] {processor.py:157} INFO - Started process (PID=508) to work on /opt/airflow/dags/sandbox.py
[2023-12-09T22:07:06.240+0000] {processor.py:829} INFO - Processing file /opt/airflow/dags/sandbox.py for tasks to queue
[2023-12-09T22:07:06.242+0000] {logging_mixin.py:151} INFO - [2023-12-09T22:07:06.241+0000] {dagbag.py:536} INFO - Filling up the DagBag from /opt/airflow/dags/sandbox.py
[2023-12-09T22:07:06.824+0000] {logging_mixin.py:151} WARNING - [nltk_data] Downloading package punkt to /home/airflow/nltk_data...
[2023-12-09T22:07:06.864+0000] {logging_mixin.py:151} WARNING - [nltk_data]   Package punkt is already up-to-date!
[2023-12-09T22:07:06.871+0000] {processor.py:839} INFO - DAG(s) dict_keys(['sandbox']) retrieved from /opt/airflow/dags/sandbox.py
[2023-12-09T22:07:06.895+0000] {logging_mixin.py:151} INFO - [2023-12-09T22:07:06.895+0000] {dag.py:2941} INFO - Sync 1 DAGs
[2023-12-09T22:07:06.920+0000] {logging_mixin.py:151} INFO - [2023-12-09T22:07:06.920+0000] {dag.py:3722} INFO - Setting next_dagrun for sandbox to 2023-12-09T00:00:00+00:00, run_after=2023-12-10T00:00:00+00:00
[2023-12-09T22:07:06.930+0000] {processor.py:179} INFO - Processing /opt/airflow/dags/sandbox.py took 0.696 seconds
[2023-12-09T22:07:37.378+0000] {processor.py:157} INFO - Started process (PID=517) to work on /opt/airflow/dags/sandbox.py
[2023-12-09T22:07:37.380+0000] {processor.py:829} INFO - Processing file /opt/airflow/dags/sandbox.py for tasks to queue
[2023-12-09T22:07:37.382+0000] {logging_mixin.py:151} INFO - [2023-12-09T22:07:37.382+0000] {dagbag.py:536} INFO - Filling up the DagBag from /opt/airflow/dags/sandbox.py
[2023-12-09T22:07:37.946+0000] {logging_mixin.py:151} WARNING - [nltk_data] Downloading package punkt to /home/airflow/nltk_data...
[2023-12-09T22:07:37.998+0000] {logging_mixin.py:151} WARNING - [nltk_data]   Package punkt is already up-to-date!
[2023-12-09T22:07:38.007+0000] {processor.py:839} INFO - DAG(s) dict_keys(['sandbox']) retrieved from /opt/airflow/dags/sandbox.py
[2023-12-09T22:07:38.031+0000] {logging_mixin.py:151} INFO - [2023-12-09T22:07:38.031+0000] {dag.py:2941} INFO - Sync 1 DAGs
[2023-12-09T22:07:38.049+0000] {logging_mixin.py:151} INFO - [2023-12-09T22:07:38.049+0000] {dag.py:3722} INFO - Setting next_dagrun for sandbox to 2023-12-09T00:00:00+00:00, run_after=2023-12-10T00:00:00+00:00
[2023-12-09T22:07:38.059+0000] {processor.py:179} INFO - Processing /opt/airflow/dags/sandbox.py took 0.686 seconds
[2023-12-09T22:08:08.812+0000] {processor.py:157} INFO - Started process (PID=526) to work on /opt/airflow/dags/sandbox.py
[2023-12-09T22:08:08.814+0000] {processor.py:829} INFO - Processing file /opt/airflow/dags/sandbox.py for tasks to queue
[2023-12-09T22:08:08.816+0000] {logging_mixin.py:151} INFO - [2023-12-09T22:08:08.815+0000] {dagbag.py:536} INFO - Filling up the DagBag from /opt/airflow/dags/sandbox.py
[2023-12-09T22:08:09.408+0000] {logging_mixin.py:151} WARNING - [nltk_data] Downloading package punkt to /home/airflow/nltk_data...
[2023-12-09T22:08:09.451+0000] {logging_mixin.py:151} WARNING - [nltk_data]   Package punkt is already up-to-date!
[2023-12-09T22:08:09.459+0000] {processor.py:839} INFO - DAG(s) dict_keys(['sandbox']) retrieved from /opt/airflow/dags/sandbox.py
[2023-12-09T22:08:09.482+0000] {logging_mixin.py:151} INFO - [2023-12-09T22:08:09.482+0000] {dag.py:2941} INFO - Sync 1 DAGs
[2023-12-09T22:08:09.494+0000] {logging_mixin.py:151} INFO - [2023-12-09T22:08:09.494+0000] {dag.py:3722} INFO - Setting next_dagrun for sandbox to 2023-12-09T00:00:00+00:00, run_after=2023-12-10T00:00:00+00:00
[2023-12-09T22:08:09.504+0000] {processor.py:179} INFO - Processing /opt/airflow/dags/sandbox.py took 0.697 seconds
[2023-12-09T22:08:40.151+0000] {processor.py:157} INFO - Started process (PID=535) to work on /opt/airflow/dags/sandbox.py
[2023-12-09T22:08:40.154+0000] {processor.py:829} INFO - Processing file /opt/airflow/dags/sandbox.py for tasks to queue
[2023-12-09T22:08:40.157+0000] {logging_mixin.py:151} INFO - [2023-12-09T22:08:40.156+0000] {dagbag.py:536} INFO - Filling up the DagBag from /opt/airflow/dags/sandbox.py
[2023-12-09T22:08:40.819+0000] {logging_mixin.py:151} WARNING - [nltk_data] Downloading package punkt to /home/airflow/nltk_data...
[2023-12-09T22:08:40.859+0000] {logging_mixin.py:151} WARNING - [nltk_data]   Package punkt is already up-to-date!
[2023-12-09T22:08:40.868+0000] {processor.py:839} INFO - DAG(s) dict_keys(['sandbox']) retrieved from /opt/airflow/dags/sandbox.py
[2023-12-09T22:08:40.893+0000] {logging_mixin.py:151} INFO - [2023-12-09T22:08:40.893+0000] {dag.py:2941} INFO - Sync 1 DAGs
[2023-12-09T22:08:40.907+0000] {logging_mixin.py:151} INFO - [2023-12-09T22:08:40.907+0000] {dag.py:3722} INFO - Setting next_dagrun for sandbox to 2023-12-09T00:00:00+00:00, run_after=2023-12-10T00:00:00+00:00
[2023-12-09T22:08:40.918+0000] {processor.py:179} INFO - Processing /opt/airflow/dags/sandbox.py took 0.777 seconds
[2023-12-09T22:09:11.413+0000] {processor.py:157} INFO - Started process (PID=544) to work on /opt/airflow/dags/sandbox.py
[2023-12-09T22:09:11.415+0000] {processor.py:829} INFO - Processing file /opt/airflow/dags/sandbox.py for tasks to queue
[2023-12-09T22:09:11.416+0000] {logging_mixin.py:151} INFO - [2023-12-09T22:09:11.416+0000] {dagbag.py:536} INFO - Filling up the DagBag from /opt/airflow/dags/sandbox.py
[2023-12-09T22:09:12.004+0000] {logging_mixin.py:151} WARNING - [nltk_data] Downloading package punkt to /home/airflow/nltk_data...
[2023-12-09T22:09:12.058+0000] {logging_mixin.py:151} WARNING - [nltk_data]   Package punkt is already up-to-date!
[2023-12-09T22:09:12.065+0000] {processor.py:839} INFO - DAG(s) dict_keys(['sandbox']) retrieved from /opt/airflow/dags/sandbox.py
[2023-12-09T22:09:12.089+0000] {logging_mixin.py:151} INFO - [2023-12-09T22:09:12.089+0000] {dag.py:2941} INFO - Sync 1 DAGs
[2023-12-09T22:09:12.101+0000] {logging_mixin.py:151} INFO - [2023-12-09T22:09:12.101+0000] {dag.py:3722} INFO - Setting next_dagrun for sandbox to 2023-12-09T00:00:00+00:00, run_after=2023-12-10T00:00:00+00:00
[2023-12-09T22:09:12.111+0000] {processor.py:179} INFO - Processing /opt/airflow/dags/sandbox.py took 0.703 seconds
[2023-12-09T22:09:42.662+0000] {processor.py:157} INFO - Started process (PID=554) to work on /opt/airflow/dags/sandbox.py
[2023-12-09T22:09:42.664+0000] {processor.py:829} INFO - Processing file /opt/airflow/dags/sandbox.py for tasks to queue
[2023-12-09T22:09:42.666+0000] {logging_mixin.py:151} INFO - [2023-12-09T22:09:42.665+0000] {dagbag.py:536} INFO - Filling up the DagBag from /opt/airflow/dags/sandbox.py
[2023-12-09T22:09:43.286+0000] {logging_mixin.py:151} WARNING - [nltk_data] Downloading package punkt to /home/airflow/nltk_data...
[2023-12-09T22:09:43.327+0000] {logging_mixin.py:151} WARNING - [nltk_data]   Package punkt is already up-to-date!
[2023-12-09T22:09:43.340+0000] {processor.py:839} INFO - DAG(s) dict_keys(['sandbox']) retrieved from /opt/airflow/dags/sandbox.py
[2023-12-09T22:09:43.380+0000] {logging_mixin.py:151} INFO - [2023-12-09T22:09:43.380+0000] {dag.py:2941} INFO - Sync 1 DAGs
[2023-12-09T22:09:43.393+0000] {logging_mixin.py:151} INFO - [2023-12-09T22:09:43.393+0000] {dag.py:3722} INFO - Setting next_dagrun for sandbox to 2023-12-09T00:00:00+00:00, run_after=2023-12-10T00:00:00+00:00
[2023-12-09T22:09:43.404+0000] {processor.py:179} INFO - Processing /opt/airflow/dags/sandbox.py took 0.748 seconds
[2023-12-09T22:10:13.883+0000] {processor.py:157} INFO - Started process (PID=562) to work on /opt/airflow/dags/sandbox.py
[2023-12-09T22:10:13.886+0000] {processor.py:829} INFO - Processing file /opt/airflow/dags/sandbox.py for tasks to queue
[2023-12-09T22:10:13.888+0000] {logging_mixin.py:151} INFO - [2023-12-09T22:10:13.887+0000] {dagbag.py:536} INFO - Filling up the DagBag from /opt/airflow/dags/sandbox.py
[2023-12-09T22:10:14.521+0000] {logging_mixin.py:151} WARNING - [nltk_data] Downloading package punkt to /home/airflow/nltk_data...
[2023-12-09T22:10:14.561+0000] {logging_mixin.py:151} WARNING - [nltk_data]   Package punkt is already up-to-date!
[2023-12-09T22:10:14.568+0000] {processor.py:839} INFO - DAG(s) dict_keys(['sandbox']) retrieved from /opt/airflow/dags/sandbox.py
[2023-12-09T22:10:14.610+0000] {logging_mixin.py:151} INFO - [2023-12-09T22:10:14.609+0000] {dag.py:2941} INFO - Sync 1 DAGs
[2023-12-09T22:10:14.637+0000] {logging_mixin.py:151} INFO - [2023-12-09T22:10:14.636+0000] {dag.py:3722} INFO - Setting next_dagrun for sandbox to 2023-12-09T00:00:00+00:00, run_after=2023-12-10T00:00:00+00:00
[2023-12-09T22:10:14.650+0000] {processor.py:179} INFO - Processing /opt/airflow/dags/sandbox.py took 0.773 seconds
[2023-12-09T22:10:16.768+0000] {processor.py:157} INFO - Started process (PID=563) to work on /opt/airflow/dags/sandbox.py
[2023-12-09T22:10:16.771+0000] {processor.py:829} INFO - Processing file /opt/airflow/dags/sandbox.py for tasks to queue
[2023-12-09T22:10:16.773+0000] {logging_mixin.py:151} INFO - [2023-12-09T22:10:16.772+0000] {dagbag.py:536} INFO - Filling up the DagBag from /opt/airflow/dags/sandbox.py
[2023-12-09T22:10:17.302+0000] {logging_mixin.py:151} WARNING - [nltk_data] Downloading package punkt to /home/airflow/nltk_data...
[2023-12-09T22:10:17.362+0000] {logging_mixin.py:151} WARNING - [nltk_data]   Package punkt is already up-to-date!
[2023-12-09T22:10:17.372+0000] {processor.py:839} INFO - DAG(s) dict_keys(['sandbox']) retrieved from /opt/airflow/dags/sandbox.py
[2023-12-09T22:10:17.396+0000] {logging_mixin.py:151} INFO - [2023-12-09T22:10:17.396+0000] {dag.py:2941} INFO - Sync 1 DAGs
[2023-12-09T22:10:17.409+0000] {logging_mixin.py:151} INFO - [2023-12-09T22:10:17.409+0000] {dag.py:3722} INFO - Setting next_dagrun for sandbox to 2023-12-09T00:00:00+00:00, run_after=2023-12-10T00:00:00+00:00
[2023-12-09T22:10:17.421+0000] {processor.py:179} INFO - Processing /opt/airflow/dags/sandbox.py took 0.660 seconds
[2023-12-09T22:10:48.387+0000] {processor.py:157} INFO - Started process (PID=572) to work on /opt/airflow/dags/sandbox.py
[2023-12-09T22:10:48.390+0000] {processor.py:829} INFO - Processing file /opt/airflow/dags/sandbox.py for tasks to queue
[2023-12-09T22:10:48.392+0000] {logging_mixin.py:151} INFO - [2023-12-09T22:10:48.391+0000] {dagbag.py:536} INFO - Filling up the DagBag from /opt/airflow/dags/sandbox.py
[2023-12-09T22:10:48.889+0000] {logging_mixin.py:151} WARNING - [nltk_data] Downloading package punkt to /home/airflow/nltk_data...
[2023-12-09T22:10:48.936+0000] {logging_mixin.py:151} WARNING - [nltk_data]   Package punkt is already up-to-date!
[2023-12-09T22:10:48.945+0000] {processor.py:839} INFO - DAG(s) dict_keys(['sandbox']) retrieved from /opt/airflow/dags/sandbox.py
[2023-12-09T22:10:48.971+0000] {logging_mixin.py:151} INFO - [2023-12-09T22:10:48.971+0000] {dag.py:2941} INFO - Sync 1 DAGs
[2023-12-09T22:10:48.984+0000] {logging_mixin.py:151} INFO - [2023-12-09T22:10:48.984+0000] {dag.py:3722} INFO - Setting next_dagrun for sandbox to 2023-12-09T00:00:00+00:00, run_after=2023-12-10T00:00:00+00:00
[2023-12-09T22:10:48.994+0000] {processor.py:179} INFO - Processing /opt/airflow/dags/sandbox.py took 0.615 seconds
[2023-12-09T22:11:19.503+0000] {processor.py:157} INFO - Started process (PID=581) to work on /opt/airflow/dags/sandbox.py
[2023-12-09T22:11:19.506+0000] {processor.py:829} INFO - Processing file /opt/airflow/dags/sandbox.py for tasks to queue
[2023-12-09T22:11:19.508+0000] {logging_mixin.py:151} INFO - [2023-12-09T22:11:19.507+0000] {dagbag.py:536} INFO - Filling up the DagBag from /opt/airflow/dags/sandbox.py
[2023-12-09T22:11:19.972+0000] {logging_mixin.py:151} WARNING - [nltk_data] Downloading package punkt to /home/airflow/nltk_data...
[2023-12-09T22:11:20.024+0000] {logging_mixin.py:151} WARNING - [nltk_data]   Package punkt is already up-to-date!
[2023-12-09T22:11:20.032+0000] {processor.py:839} INFO - DAG(s) dict_keys(['sandbox']) retrieved from /opt/airflow/dags/sandbox.py
[2023-12-09T22:11:20.057+0000] {logging_mixin.py:151} INFO - [2023-12-09T22:11:20.057+0000] {dag.py:2941} INFO - Sync 1 DAGs
[2023-12-09T22:11:20.068+0000] {logging_mixin.py:151} INFO - [2023-12-09T22:11:20.068+0000] {dag.py:3722} INFO - Setting next_dagrun for sandbox to 2023-12-09T00:00:00+00:00, run_after=2023-12-10T00:00:00+00:00
[2023-12-09T22:11:20.078+0000] {processor.py:179} INFO - Processing /opt/airflow/dags/sandbox.py took 0.580 seconds
[2023-12-09T22:11:50.944+0000] {processor.py:157} INFO - Started process (PID=590) to work on /opt/airflow/dags/sandbox.py
[2023-12-09T22:11:50.947+0000] {processor.py:829} INFO - Processing file /opt/airflow/dags/sandbox.py for tasks to queue
[2023-12-09T22:11:50.949+0000] {logging_mixin.py:151} INFO - [2023-12-09T22:11:50.948+0000] {dagbag.py:536} INFO - Filling up the DagBag from /opt/airflow/dags/sandbox.py
[2023-12-09T22:11:51.430+0000] {logging_mixin.py:151} WARNING - [nltk_data] Downloading package punkt to /home/airflow/nltk_data...
[2023-12-09T22:11:51.469+0000] {logging_mixin.py:151} WARNING - [nltk_data]   Package punkt is already up-to-date!
[2023-12-09T22:11:51.476+0000] {processor.py:839} INFO - DAG(s) dict_keys(['sandbox']) retrieved from /opt/airflow/dags/sandbox.py
[2023-12-09T22:11:51.500+0000] {logging_mixin.py:151} INFO - [2023-12-09T22:11:51.500+0000] {dag.py:2941} INFO - Sync 1 DAGs
[2023-12-09T22:11:51.513+0000] {logging_mixin.py:151} INFO - [2023-12-09T22:11:51.513+0000] {dag.py:3722} INFO - Setting next_dagrun for sandbox to 2023-12-09T00:00:00+00:00, run_after=2023-12-10T00:00:00+00:00
[2023-12-09T22:11:51.521+0000] {processor.py:179} INFO - Processing /opt/airflow/dags/sandbox.py took 0.585 seconds
[2023-12-09T22:12:22.377+0000] {processor.py:157} INFO - Started process (PID=599) to work on /opt/airflow/dags/sandbox.py
[2023-12-09T22:12:22.380+0000] {processor.py:829} INFO - Processing file /opt/airflow/dags/sandbox.py for tasks to queue
[2023-12-09T22:12:22.382+0000] {logging_mixin.py:151} INFO - [2023-12-09T22:12:22.381+0000] {dagbag.py:536} INFO - Filling up the DagBag from /opt/airflow/dags/sandbox.py
[2023-12-09T22:12:22.874+0000] {logging_mixin.py:151} WARNING - [nltk_data] Downloading package punkt to /home/airflow/nltk_data...
[2023-12-09T22:12:22.932+0000] {logging_mixin.py:151} WARNING - [nltk_data]   Package punkt is already up-to-date!
[2023-12-09T22:12:22.940+0000] {processor.py:839} INFO - DAG(s) dict_keys(['sandbox']) retrieved from /opt/airflow/dags/sandbox.py
[2023-12-09T22:12:22.963+0000] {logging_mixin.py:151} INFO - [2023-12-09T22:12:22.963+0000] {dag.py:2941} INFO - Sync 1 DAGs
[2023-12-09T22:12:22.975+0000] {logging_mixin.py:151} INFO - [2023-12-09T22:12:22.975+0000] {dag.py:3722} INFO - Setting next_dagrun for sandbox to 2023-12-09T00:00:00+00:00, run_after=2023-12-10T00:00:00+00:00
[2023-12-09T22:12:22.984+0000] {processor.py:179} INFO - Processing /opt/airflow/dags/sandbox.py took 0.613 seconds
[2023-12-09T22:12:53.820+0000] {processor.py:157} INFO - Started process (PID=608) to work on /opt/airflow/dags/sandbox.py
[2023-12-09T22:12:53.823+0000] {processor.py:829} INFO - Processing file /opt/airflow/dags/sandbox.py for tasks to queue
[2023-12-09T22:12:53.824+0000] {logging_mixin.py:151} INFO - [2023-12-09T22:12:53.824+0000] {dagbag.py:536} INFO - Filling up the DagBag from /opt/airflow/dags/sandbox.py
[2023-12-09T22:12:54.314+0000] {logging_mixin.py:151} WARNING - [nltk_data] Downloading package punkt to /home/airflow/nltk_data...
[2023-12-09T22:12:54.374+0000] {logging_mixin.py:151} WARNING - [nltk_data]   Package punkt is already up-to-date!
[2023-12-09T22:12:54.383+0000] {processor.py:839} INFO - DAG(s) dict_keys(['sandbox']) retrieved from /opt/airflow/dags/sandbox.py
[2023-12-09T22:12:54.410+0000] {logging_mixin.py:151} INFO - [2023-12-09T22:12:54.410+0000] {dag.py:2941} INFO - Sync 1 DAGs
[2023-12-09T22:12:54.422+0000] {logging_mixin.py:151} INFO - [2023-12-09T22:12:54.422+0000] {dag.py:3722} INFO - Setting next_dagrun for sandbox to 2023-12-09T00:00:00+00:00, run_after=2023-12-10T00:00:00+00:00
[2023-12-09T22:12:54.433+0000] {processor.py:179} INFO - Processing /opt/airflow/dags/sandbox.py took 0.620 seconds
[2023-12-09T22:13:25.289+0000] {processor.py:157} INFO - Started process (PID=616) to work on /opt/airflow/dags/sandbox.py
[2023-12-09T22:13:25.293+0000] {processor.py:829} INFO - Processing file /opt/airflow/dags/sandbox.py for tasks to queue
[2023-12-09T22:13:25.296+0000] {logging_mixin.py:151} INFO - [2023-12-09T22:13:25.295+0000] {dagbag.py:536} INFO - Filling up the DagBag from /opt/airflow/dags/sandbox.py
[2023-12-09T22:13:25.875+0000] {logging_mixin.py:151} WARNING - [nltk_data] Downloading package punkt to /home/airflow/nltk_data...
[2023-12-09T22:13:25.926+0000] {logging_mixin.py:151} WARNING - [nltk_data]   Package punkt is already up-to-date!
[2023-12-09T22:13:25.941+0000] {processor.py:839} INFO - DAG(s) dict_keys(['sandbox']) retrieved from /opt/airflow/dags/sandbox.py
[2023-12-09T22:13:25.967+0000] {logging_mixin.py:151} INFO - [2023-12-09T22:13:25.967+0000] {dag.py:2941} INFO - Sync 1 DAGs
[2023-12-09T22:13:25.979+0000] {logging_mixin.py:151} INFO - [2023-12-09T22:13:25.979+0000] {dag.py:3722} INFO - Setting next_dagrun for sandbox to 2023-12-09T00:00:00+00:00, run_after=2023-12-10T00:00:00+00:00
[2023-12-09T22:13:25.989+0000] {processor.py:179} INFO - Processing /opt/airflow/dags/sandbox.py took 0.715 seconds
[2023-12-09T22:13:28.105+0000] {processor.py:157} INFO - Started process (PID=617) to work on /opt/airflow/dags/sandbox.py
[2023-12-09T22:13:28.108+0000] {processor.py:829} INFO - Processing file /opt/airflow/dags/sandbox.py for tasks to queue
[2023-12-09T22:13:28.110+0000] {logging_mixin.py:151} INFO - [2023-12-09T22:13:28.110+0000] {dagbag.py:536} INFO - Filling up the DagBag from /opt/airflow/dags/sandbox.py
[2023-12-09T22:13:28.527+0000] {logging_mixin.py:151} WARNING - [nltk_data] Downloading package punkt to /home/airflow/nltk_data...
[2023-12-09T22:13:28.561+0000] {logging_mixin.py:151} WARNING - [nltk_data]   Package punkt is already up-to-date!
[2023-12-09T22:13:28.567+0000] {processor.py:839} INFO - DAG(s) dict_keys(['sandbox']) retrieved from /opt/airflow/dags/sandbox.py
[2023-12-09T22:13:28.586+0000] {logging_mixin.py:151} INFO - [2023-12-09T22:13:28.586+0000] {dag.py:2941} INFO - Sync 1 DAGs
[2023-12-09T22:13:28.597+0000] {logging_mixin.py:151} INFO - [2023-12-09T22:13:28.597+0000] {dag.py:3722} INFO - Setting next_dagrun for sandbox to 2023-12-09T00:00:00+00:00, run_after=2023-12-10T00:00:00+00:00
[2023-12-09T22:13:28.608+0000] {processor.py:179} INFO - Processing /opt/airflow/dags/sandbox.py took 0.514 seconds
[2023-12-09T22:13:38.506+0000] {processor.py:157} INFO - Started process (PID=627) to work on /opt/airflow/dags/sandbox.py
[2023-12-09T22:13:38.508+0000] {processor.py:829} INFO - Processing file /opt/airflow/dags/sandbox.py for tasks to queue
[2023-12-09T22:13:38.510+0000] {logging_mixin.py:151} INFO - [2023-12-09T22:13:38.509+0000] {dagbag.py:536} INFO - Filling up the DagBag from /opt/airflow/dags/sandbox.py
[2023-12-09T22:13:39.078+0000] {logging_mixin.py:151} WARNING - [nltk_data] Downloading package punkt to /home/airflow/nltk_data...
[2023-12-09T22:13:39.127+0000] {logging_mixin.py:151} WARNING - [nltk_data]   Package punkt is already up-to-date!
[2023-12-09T22:13:39.135+0000] {processor.py:839} INFO - DAG(s) dict_keys(['sandbox']) retrieved from /opt/airflow/dags/sandbox.py
[2023-12-09T22:13:39.161+0000] {logging_mixin.py:151} INFO - [2023-12-09T22:13:39.161+0000] {dag.py:2941} INFO - Sync 1 DAGs
[2023-12-09T22:13:39.173+0000] {logging_mixin.py:151} INFO - [2023-12-09T22:13:39.173+0000] {dag.py:3722} INFO - Setting next_dagrun for sandbox to 2023-12-09T00:00:00+00:00, run_after=2023-12-10T00:00:00+00:00
[2023-12-09T22:13:39.185+0000] {processor.py:179} INFO - Processing /opt/airflow/dags/sandbox.py took 0.687 seconds
[2023-12-09T22:13:44.353+0000] {processor.py:157} INFO - Started process (PID=628) to work on /opt/airflow/dags/sandbox.py
[2023-12-09T22:13:44.360+0000] {processor.py:829} INFO - Processing file /opt/airflow/dags/sandbox.py for tasks to queue
[2023-12-09T22:13:44.373+0000] {logging_mixin.py:151} INFO - [2023-12-09T22:13:44.364+0000] {dagbag.py:536} INFO - Filling up the DagBag from /opt/airflow/dags/sandbox.py
[2023-12-09T22:13:44.957+0000] {logging_mixin.py:151} WARNING - [nltk_data] Downloading package punkt to /home/airflow/nltk_data...
[2023-12-09T22:13:44.998+0000] {logging_mixin.py:151} WARNING - [nltk_data]   Package punkt is already up-to-date!
[2023-12-09T22:13:45.006+0000] {processor.py:839} INFO - DAG(s) dict_keys(['sandbox']) retrieved from /opt/airflow/dags/sandbox.py
[2023-12-09T22:13:45.053+0000] {logging_mixin.py:151} INFO - [2023-12-09T22:13:45.053+0000] {dag.py:2941} INFO - Sync 1 DAGs
[2023-12-09T22:13:45.065+0000] {logging_mixin.py:151} INFO - [2023-12-09T22:13:45.065+0000] {dag.py:3722} INFO - Setting next_dagrun for sandbox to 2023-12-09T00:00:00+00:00, run_after=2023-12-10T00:00:00+00:00
[2023-12-09T22:13:45.077+0000] {processor.py:179} INFO - Processing /opt/airflow/dags/sandbox.py took 0.733 seconds
[2023-12-09T22:14:16.093+0000] {processor.py:157} INFO - Started process (PID=637) to work on /opt/airflow/dags/sandbox.py
[2023-12-09T22:14:16.096+0000] {processor.py:829} INFO - Processing file /opt/airflow/dags/sandbox.py for tasks to queue
[2023-12-09T22:14:16.098+0000] {logging_mixin.py:151} INFO - [2023-12-09T22:14:16.098+0000] {dagbag.py:536} INFO - Filling up the DagBag from /opt/airflow/dags/sandbox.py
[2023-12-09T22:14:16.599+0000] {logging_mixin.py:151} WARNING - [nltk_data] Downloading package punkt to /home/airflow/nltk_data...
[2023-12-09T22:14:16.640+0000] {logging_mixin.py:151} WARNING - [nltk_data]   Package punkt is already up-to-date!
[2023-12-09T22:14:16.648+0000] {processor.py:839} INFO - DAG(s) dict_keys(['sandbox']) retrieved from /opt/airflow/dags/sandbox.py
[2023-12-09T22:14:16.672+0000] {logging_mixin.py:151} INFO - [2023-12-09T22:14:16.672+0000] {dag.py:2941} INFO - Sync 1 DAGs
[2023-12-09T22:14:16.683+0000] {logging_mixin.py:151} INFO - [2023-12-09T22:14:16.683+0000] {dag.py:3722} INFO - Setting next_dagrun for sandbox to 2023-12-09T00:00:00+00:00, run_after=2023-12-10T00:00:00+00:00
[2023-12-09T22:14:16.692+0000] {processor.py:179} INFO - Processing /opt/airflow/dags/sandbox.py took 0.606 seconds
[2023-12-09T22:14:47.213+0000] {processor.py:157} INFO - Started process (PID=646) to work on /opt/airflow/dags/sandbox.py
[2023-12-09T22:14:47.216+0000] {processor.py:829} INFO - Processing file /opt/airflow/dags/sandbox.py for tasks to queue
[2023-12-09T22:14:47.218+0000] {logging_mixin.py:151} INFO - [2023-12-09T22:14:47.217+0000] {dagbag.py:536} INFO - Filling up the DagBag from /opt/airflow/dags/sandbox.py
[2023-12-09T22:14:47.759+0000] {logging_mixin.py:151} WARNING - [nltk_data] Downloading package punkt to /home/airflow/nltk_data...
[2023-12-09T22:14:47.799+0000] {logging_mixin.py:151} WARNING - [nltk_data]   Package punkt is already up-to-date!
[2023-12-09T22:14:47.806+0000] {processor.py:839} INFO - DAG(s) dict_keys(['sandbox']) retrieved from /opt/airflow/dags/sandbox.py
[2023-12-09T22:14:47.826+0000] {logging_mixin.py:151} INFO - [2023-12-09T22:14:47.826+0000] {dag.py:2941} INFO - Sync 1 DAGs
[2023-12-09T22:14:47.838+0000] {logging_mixin.py:151} INFO - [2023-12-09T22:14:47.838+0000] {dag.py:3722} INFO - Setting next_dagrun for sandbox to 2023-12-09T00:00:00+00:00, run_after=2023-12-10T00:00:00+00:00
[2023-12-09T22:14:47.847+0000] {processor.py:179} INFO - Processing /opt/airflow/dags/sandbox.py took 0.639 seconds
[2023-12-09T22:15:18.360+0000] {processor.py:157} INFO - Started process (PID=655) to work on /opt/airflow/dags/sandbox.py
[2023-12-09T22:15:18.362+0000] {processor.py:829} INFO - Processing file /opt/airflow/dags/sandbox.py for tasks to queue
[2023-12-09T22:15:18.364+0000] {logging_mixin.py:151} INFO - [2023-12-09T22:15:18.363+0000] {dagbag.py:536} INFO - Filling up the DagBag from /opt/airflow/dags/sandbox.py
[2023-12-09T22:15:18.865+0000] {logging_mixin.py:151} WARNING - [nltk_data] Downloading package punkt to /home/airflow/nltk_data...
[2023-12-09T22:15:18.924+0000] {logging_mixin.py:151} WARNING - [nltk_data]   Package punkt is already up-to-date!
[2023-12-09T22:15:18.932+0000] {processor.py:839} INFO - DAG(s) dict_keys(['sandbox']) retrieved from /opt/airflow/dags/sandbox.py
[2023-12-09T22:15:18.955+0000] {logging_mixin.py:151} INFO - [2023-12-09T22:15:18.955+0000] {dag.py:2941} INFO - Sync 1 DAGs
[2023-12-09T22:15:18.966+0000] {logging_mixin.py:151} INFO - [2023-12-09T22:15:18.966+0000] {dag.py:3722} INFO - Setting next_dagrun for sandbox to 2023-12-09T00:00:00+00:00, run_after=2023-12-10T00:00:00+00:00
[2023-12-09T22:15:18.975+0000] {processor.py:179} INFO - Processing /opt/airflow/dags/sandbox.py took 0.622 seconds
[2023-12-09T22:15:49.849+0000] {processor.py:157} INFO - Started process (PID=664) to work on /opt/airflow/dags/sandbox.py
[2023-12-09T22:15:49.851+0000] {processor.py:829} INFO - Processing file /opt/airflow/dags/sandbox.py for tasks to queue
[2023-12-09T22:15:49.853+0000] {logging_mixin.py:151} INFO - [2023-12-09T22:15:49.852+0000] {dagbag.py:536} INFO - Filling up the DagBag from /opt/airflow/dags/sandbox.py
[2023-12-09T22:15:50.407+0000] {logging_mixin.py:151} WARNING - [nltk_data] Downloading package punkt to /home/airflow/nltk_data...
[2023-12-09T22:15:50.449+0000] {logging_mixin.py:151} WARNING - [nltk_data]   Package punkt is already up-to-date!
[2023-12-09T22:15:50.457+0000] {processor.py:839} INFO - DAG(s) dict_keys(['sandbox']) retrieved from /opt/airflow/dags/sandbox.py
[2023-12-09T22:15:50.479+0000] {logging_mixin.py:151} INFO - [2023-12-09T22:15:50.479+0000] {dag.py:2941} INFO - Sync 1 DAGs
[2023-12-09T22:15:50.491+0000] {logging_mixin.py:151} INFO - [2023-12-09T22:15:50.491+0000] {dag.py:3722} INFO - Setting next_dagrun for sandbox to 2023-12-09T00:00:00+00:00, run_after=2023-12-10T00:00:00+00:00
[2023-12-09T22:15:50.501+0000] {processor.py:179} INFO - Processing /opt/airflow/dags/sandbox.py took 0.659 seconds
[2023-12-09T22:16:21.088+0000] {processor.py:157} INFO - Started process (PID=673) to work on /opt/airflow/dags/sandbox.py
[2023-12-09T22:16:21.091+0000] {processor.py:829} INFO - Processing file /opt/airflow/dags/sandbox.py for tasks to queue
[2023-12-09T22:16:21.095+0000] {logging_mixin.py:151} INFO - [2023-12-09T22:16:21.094+0000] {dagbag.py:536} INFO - Filling up the DagBag from /opt/airflow/dags/sandbox.py
[2023-12-09T22:16:21.674+0000] {logging_mixin.py:151} WARNING - [nltk_data] Downloading package punkt to /home/airflow/nltk_data...
[2023-12-09T22:16:21.730+0000] {logging_mixin.py:151} WARNING - [nltk_data]   Package punkt is already up-to-date!
[2023-12-09T22:16:21.739+0000] {processor.py:839} INFO - DAG(s) dict_keys(['sandbox']) retrieved from /opt/airflow/dags/sandbox.py
[2023-12-09T22:16:21.764+0000] {logging_mixin.py:151} INFO - [2023-12-09T22:16:21.764+0000] {dag.py:2941} INFO - Sync 1 DAGs
[2023-12-09T22:16:21.776+0000] {logging_mixin.py:151} INFO - [2023-12-09T22:16:21.776+0000] {dag.py:3722} INFO - Setting next_dagrun for sandbox to 2023-12-09T00:00:00+00:00, run_after=2023-12-10T00:00:00+00:00
[2023-12-09T22:16:21.786+0000] {processor.py:179} INFO - Processing /opt/airflow/dags/sandbox.py took 0.710 seconds
[2023-12-09T22:16:52.305+0000] {processor.py:157} INFO - Started process (PID=682) to work on /opt/airflow/dags/sandbox.py
[2023-12-09T22:16:52.308+0000] {processor.py:829} INFO - Processing file /opt/airflow/dags/sandbox.py for tasks to queue
[2023-12-09T22:16:52.310+0000] {logging_mixin.py:151} INFO - [2023-12-09T22:16:52.309+0000] {dagbag.py:536} INFO - Filling up the DagBag from /opt/airflow/dags/sandbox.py
[2023-12-09T22:16:52.820+0000] {logging_mixin.py:151} WARNING - [nltk_data] Downloading package punkt to /home/airflow/nltk_data...
[2023-12-09T22:16:52.862+0000] {logging_mixin.py:151} WARNING - [nltk_data]   Package punkt is already up-to-date!
[2023-12-09T22:16:52.869+0000] {processor.py:839} INFO - DAG(s) dict_keys(['sandbox']) retrieved from /opt/airflow/dags/sandbox.py
[2023-12-09T22:16:52.893+0000] {logging_mixin.py:151} INFO - [2023-12-09T22:16:52.893+0000] {dag.py:2941} INFO - Sync 1 DAGs
[2023-12-09T22:16:52.905+0000] {logging_mixin.py:151} INFO - [2023-12-09T22:16:52.905+0000] {dag.py:3722} INFO - Setting next_dagrun for sandbox to 2023-12-09T00:00:00+00:00, run_after=2023-12-10T00:00:00+00:00
[2023-12-09T22:16:52.914+0000] {processor.py:179} INFO - Processing /opt/airflow/dags/sandbox.py took 0.617 seconds
[2023-12-09T22:17:23.767+0000] {processor.py:157} INFO - Started process (PID=691) to work on /opt/airflow/dags/sandbox.py
[2023-12-09T22:17:23.770+0000] {processor.py:829} INFO - Processing file /opt/airflow/dags/sandbox.py for tasks to queue
[2023-12-09T22:17:23.772+0000] {logging_mixin.py:151} INFO - [2023-12-09T22:17:23.771+0000] {dagbag.py:536} INFO - Filling up the DagBag from /opt/airflow/dags/sandbox.py
[2023-12-09T22:17:24.307+0000] {logging_mixin.py:151} WARNING - [nltk_data] Downloading package punkt to /home/airflow/nltk_data...
[2023-12-09T22:17:24.349+0000] {logging_mixin.py:151} WARNING - [nltk_data]   Package punkt is already up-to-date!
[2023-12-09T22:17:24.357+0000] {processor.py:839} INFO - DAG(s) dict_keys(['sandbox']) retrieved from /opt/airflow/dags/sandbox.py
[2023-12-09T22:17:24.401+0000] {logging_mixin.py:151} INFO - [2023-12-09T22:17:24.401+0000] {dag.py:2941} INFO - Sync 1 DAGs
[2023-12-09T22:17:24.417+0000] {logging_mixin.py:151} INFO - [2023-12-09T22:17:24.417+0000] {dag.py:3722} INFO - Setting next_dagrun for sandbox to 2023-12-09T00:00:00+00:00, run_after=2023-12-10T00:00:00+00:00
[2023-12-09T22:17:24.427+0000] {processor.py:179} INFO - Processing /opt/airflow/dags/sandbox.py took 0.666 seconds
[2023-12-09T22:17:54.956+0000] {processor.py:157} INFO - Started process (PID=700) to work on /opt/airflow/dags/sandbox.py
[2023-12-09T22:17:54.958+0000] {processor.py:829} INFO - Processing file /opt/airflow/dags/sandbox.py for tasks to queue
[2023-12-09T22:17:54.960+0000] {logging_mixin.py:151} INFO - [2023-12-09T22:17:54.959+0000] {dagbag.py:536} INFO - Filling up the DagBag from /opt/airflow/dags/sandbox.py
[2023-12-09T22:17:55.803+0000] {logging_mixin.py:151} WARNING - [nltk_data] Downloading package punkt to /home/airflow/nltk_data...
[2023-12-09T22:17:55.922+0000] {logging_mixin.py:151} WARNING - [nltk_data]   Package punkt is already up-to-date!
[2023-12-09T22:17:55.975+0000] {processor.py:839} INFO - DAG(s) dict_keys(['sandbox']) retrieved from /opt/airflow/dags/sandbox.py
[2023-12-09T22:17:56.034+0000] {logging_mixin.py:151} INFO - [2023-12-09T22:17:56.033+0000] {dag.py:2941} INFO - Sync 1 DAGs
[2023-12-09T22:17:56.068+0000] {logging_mixin.py:151} INFO - [2023-12-09T22:17:56.068+0000] {dag.py:3722} INFO - Setting next_dagrun for sandbox to 2023-12-09T00:00:00+00:00, run_after=2023-12-10T00:00:00+00:00
[2023-12-09T22:17:56.088+0000] {processor.py:179} INFO - Processing /opt/airflow/dags/sandbox.py took 1.137 seconds
