[2023-11-08T00:51:38.295+0000] {processor.py:157} INFO - Started process (PID=98) to work on /home/airflow/.local/lib/python3.8/site-packages/airflow/example_dags/example_dynamic_task_mapping_with_no_taskflow_operators.py
[2023-11-08T00:51:38.298+0000] {processor.py:829} INFO - Processing file /home/airflow/.local/lib/python3.8/site-packages/airflow/example_dags/example_dynamic_task_mapping_with_no_taskflow_operators.py for tasks to queue
[2023-11-08T00:51:38.304+0000] {logging_mixin.py:151} INFO - [2023-11-08T00:51:38.303+0000] {dagbag.py:536} INFO - Filling up the DagBag from /home/airflow/.local/lib/python3.8/site-packages/airflow/example_dags/example_dynamic_task_mapping_with_no_taskflow_operators.py
[2023-11-08T00:51:38.323+0000] {processor.py:839} INFO - DAG(s) dict_keys(['example_dynamic_task_mapping_with_no_taskflow_operators']) retrieved from /home/airflow/.local/lib/python3.8/site-packages/airflow/example_dags/example_dynamic_task_mapping_with_no_taskflow_operators.py
[2023-11-08T00:51:38.613+0000] {logging_mixin.py:151} INFO - [2023-11-08T00:51:38.613+0000] {manager.py:499} INFO - Created Permission View: %s
[2023-11-08T00:51:38.633+0000] {logging_mixin.py:151} INFO - [2023-11-08T00:51:38.633+0000] {manager.py:499} INFO - Created Permission View: %s
[2023-11-08T00:51:38.644+0000] {logging_mixin.py:151} INFO - [2023-11-08T00:51:38.644+0000] {manager.py:499} INFO - Created Permission View: %s
[2023-11-08T00:51:38.645+0000] {logging_mixin.py:151} INFO - [2023-11-08T00:51:38.645+0000] {dag.py:2941} INFO - Sync 1 DAGs
[2023-11-08T00:51:38.665+0000] {logging_mixin.py:151} INFO - [2023-11-08T00:51:38.665+0000] {dag.py:2963} INFO - Creating ORM DAG for example_dynamic_task_mapping_with_no_taskflow_operators
[2023-11-08T00:51:38.681+0000] {logging_mixin.py:151} INFO - [2023-11-08T00:51:38.681+0000] {dag.py:3722} INFO - Setting next_dagrun for example_dynamic_task_mapping_with_no_taskflow_operators to 2023-11-07T00:51:38.680854+00:00, run_after=2023-11-08T00:51:38.680854+00:00
[2023-11-08T00:51:38.704+0000] {processor.py:179} INFO - Processing /home/airflow/.local/lib/python3.8/site-packages/airflow/example_dags/example_dynamic_task_mapping_with_no_taskflow_operators.py took 0.417 seconds
[2023-11-08T00:52:09.332+0000] {processor.py:157} INFO - Started process (PID=153) to work on /home/airflow/.local/lib/python3.8/site-packages/airflow/example_dags/example_dynamic_task_mapping_with_no_taskflow_operators.py
[2023-11-08T00:52:09.335+0000] {processor.py:829} INFO - Processing file /home/airflow/.local/lib/python3.8/site-packages/airflow/example_dags/example_dynamic_task_mapping_with_no_taskflow_operators.py for tasks to queue
[2023-11-08T00:52:09.340+0000] {logging_mixin.py:151} INFO - [2023-11-08T00:52:09.340+0000] {dagbag.py:536} INFO - Filling up the DagBag from /home/airflow/.local/lib/python3.8/site-packages/airflow/example_dags/example_dynamic_task_mapping_with_no_taskflow_operators.py
[2023-11-08T00:52:09.356+0000] {processor.py:839} INFO - DAG(s) dict_keys(['example_dynamic_task_mapping_with_no_taskflow_operators']) retrieved from /home/airflow/.local/lib/python3.8/site-packages/airflow/example_dags/example_dynamic_task_mapping_with_no_taskflow_operators.py
[2023-11-08T00:52:09.416+0000] {logging_mixin.py:151} INFO - [2023-11-08T00:52:09.416+0000] {dag.py:2941} INFO - Sync 1 DAGs
[2023-11-08T00:52:09.451+0000] {logging_mixin.py:151} INFO - [2023-11-08T00:52:09.451+0000] {dag.py:3722} INFO - Setting next_dagrun for example_dynamic_task_mapping_with_no_taskflow_operators to 2023-11-07T00:52:09.450448+00:00, run_after=2023-11-08T00:52:09.450448+00:00
[2023-11-08T00:52:09.490+0000] {processor.py:179} INFO - Processing /home/airflow/.local/lib/python3.8/site-packages/airflow/example_dags/example_dynamic_task_mapping_with_no_taskflow_operators.py took 0.164 seconds
[2023-11-08T00:52:39.748+0000] {processor.py:157} INFO - Started process (PID=216) to work on /home/airflow/.local/lib/python3.8/site-packages/airflow/example_dags/example_dynamic_task_mapping_with_no_taskflow_operators.py
[2023-11-08T00:52:39.750+0000] {processor.py:829} INFO - Processing file /home/airflow/.local/lib/python3.8/site-packages/airflow/example_dags/example_dynamic_task_mapping_with_no_taskflow_operators.py for tasks to queue
[2023-11-08T00:52:39.755+0000] {logging_mixin.py:151} INFO - [2023-11-08T00:52:39.755+0000] {dagbag.py:536} INFO - Filling up the DagBag from /home/airflow/.local/lib/python3.8/site-packages/airflow/example_dags/example_dynamic_task_mapping_with_no_taskflow_operators.py
[2023-11-08T00:52:39.764+0000] {processor.py:839} INFO - DAG(s) dict_keys(['example_dynamic_task_mapping_with_no_taskflow_operators']) retrieved from /home/airflow/.local/lib/python3.8/site-packages/airflow/example_dags/example_dynamic_task_mapping_with_no_taskflow_operators.py
[2023-11-08T00:52:39.786+0000] {logging_mixin.py:151} INFO - [2023-11-08T00:52:39.786+0000] {dag.py:2941} INFO - Sync 1 DAGs
[2023-11-08T00:52:39.805+0000] {logging_mixin.py:151} INFO - [2023-11-08T00:52:39.804+0000] {dag.py:3722} INFO - Setting next_dagrun for example_dynamic_task_mapping_with_no_taskflow_operators to 2023-11-07T00:52:39.804722+00:00, run_after=2023-11-08T00:52:39.804722+00:00
[2023-11-08T00:52:39.817+0000] {processor.py:179} INFO - Processing /home/airflow/.local/lib/python3.8/site-packages/airflow/example_dags/example_dynamic_task_mapping_with_no_taskflow_operators.py took 0.075 seconds
[2023-11-08T00:53:10.593+0000] {processor.py:157} INFO - Started process (PID=279) to work on /home/airflow/.local/lib/python3.8/site-packages/airflow/example_dags/example_dynamic_task_mapping_with_no_taskflow_operators.py
[2023-11-08T00:53:10.595+0000] {processor.py:829} INFO - Processing file /home/airflow/.local/lib/python3.8/site-packages/airflow/example_dags/example_dynamic_task_mapping_with_no_taskflow_operators.py for tasks to queue
[2023-11-08T00:53:10.603+0000] {logging_mixin.py:151} INFO - [2023-11-08T00:53:10.602+0000] {dagbag.py:536} INFO - Filling up the DagBag from /home/airflow/.local/lib/python3.8/site-packages/airflow/example_dags/example_dynamic_task_mapping_with_no_taskflow_operators.py
[2023-11-08T00:53:10.649+0000] {processor.py:839} INFO - DAG(s) dict_keys(['example_dynamic_task_mapping_with_no_taskflow_operators']) retrieved from /home/airflow/.local/lib/python3.8/site-packages/airflow/example_dags/example_dynamic_task_mapping_with_no_taskflow_operators.py
[2023-11-08T00:53:10.742+0000] {logging_mixin.py:151} INFO - [2023-11-08T00:53:10.742+0000] {dag.py:2941} INFO - Sync 1 DAGs
[2023-11-08T00:53:10.844+0000] {logging_mixin.py:151} INFO - [2023-11-08T00:53:10.843+0000] {dag.py:3722} INFO - Setting next_dagrun for example_dynamic_task_mapping_with_no_taskflow_operators to 2023-11-07T00:53:10.842686+00:00, run_after=2023-11-08T00:53:10.842686+00:00
[2023-11-08T00:53:10.874+0000] {processor.py:179} INFO - Processing /home/airflow/.local/lib/python3.8/site-packages/airflow/example_dags/example_dynamic_task_mapping_with_no_taskflow_operators.py took 0.291 seconds
[2023-11-08T00:53:43.107+0000] {processor.py:157} INFO - Started process (PID=336) to work on /home/airflow/.local/lib/python3.8/site-packages/airflow/example_dags/example_dynamic_task_mapping_with_no_taskflow_operators.py
[2023-11-08T00:53:43.111+0000] {processor.py:829} INFO - Processing file /home/airflow/.local/lib/python3.8/site-packages/airflow/example_dags/example_dynamic_task_mapping_with_no_taskflow_operators.py for tasks to queue
[2023-11-08T00:53:43.133+0000] {logging_mixin.py:151} INFO - [2023-11-08T00:53:43.132+0000] {dagbag.py:536} INFO - Filling up the DagBag from /home/airflow/.local/lib/python3.8/site-packages/airflow/example_dags/example_dynamic_task_mapping_with_no_taskflow_operators.py
[2023-11-08T00:53:43.159+0000] {processor.py:839} INFO - DAG(s) dict_keys(['example_dynamic_task_mapping_with_no_taskflow_operators']) retrieved from /home/airflow/.local/lib/python3.8/site-packages/airflow/example_dags/example_dynamic_task_mapping_with_no_taskflow_operators.py
[2023-11-08T00:53:43.242+0000] {logging_mixin.py:151} INFO - [2023-11-08T00:53:43.241+0000] {dag.py:2941} INFO - Sync 1 DAGs
[2023-11-08T00:53:43.282+0000] {logging_mixin.py:151} INFO - [2023-11-08T00:53:43.282+0000] {dag.py:3722} INFO - Setting next_dagrun for example_dynamic_task_mapping_with_no_taskflow_operators to 2023-11-07T00:53:43.282098+00:00, run_after=2023-11-08T00:53:43.282098+00:00
[2023-11-08T00:53:43.307+0000] {processor.py:179} INFO - Processing /home/airflow/.local/lib/python3.8/site-packages/airflow/example_dags/example_dynamic_task_mapping_with_no_taskflow_operators.py took 0.211 seconds
[2023-11-08T00:54:14.993+0000] {processor.py:157} INFO - Started process (PID=397) to work on /home/airflow/.local/lib/python3.8/site-packages/airflow/example_dags/example_dynamic_task_mapping_with_no_taskflow_operators.py
[2023-11-08T00:54:14.997+0000] {processor.py:829} INFO - Processing file /home/airflow/.local/lib/python3.8/site-packages/airflow/example_dags/example_dynamic_task_mapping_with_no_taskflow_operators.py for tasks to queue
[2023-11-08T00:54:15.008+0000] {logging_mixin.py:151} INFO - [2023-11-08T00:54:15.007+0000] {dagbag.py:536} INFO - Filling up the DagBag from /home/airflow/.local/lib/python3.8/site-packages/airflow/example_dags/example_dynamic_task_mapping_with_no_taskflow_operators.py
[2023-11-08T00:54:15.046+0000] {processor.py:839} INFO - DAG(s) dict_keys(['example_dynamic_task_mapping_with_no_taskflow_operators']) retrieved from /home/airflow/.local/lib/python3.8/site-packages/airflow/example_dags/example_dynamic_task_mapping_with_no_taskflow_operators.py
[2023-11-08T00:54:15.141+0000] {logging_mixin.py:151} INFO - [2023-11-08T00:54:15.141+0000] {dag.py:2941} INFO - Sync 1 DAGs
[2023-11-08T00:54:15.239+0000] {logging_mixin.py:151} INFO - [2023-11-08T00:54:15.239+0000] {dag.py:3722} INFO - Setting next_dagrun for example_dynamic_task_mapping_with_no_taskflow_operators to 2023-11-07T00:54:15.238463+00:00, run_after=2023-11-08T00:54:15.238463+00:00
[2023-11-08T00:54:15.296+0000] {processor.py:179} INFO - Processing /home/airflow/.local/lib/python3.8/site-packages/airflow/example_dags/example_dynamic_task_mapping_with_no_taskflow_operators.py took 0.317 seconds
[2023-11-08T00:55:08.829+0000] {processor.py:157} INFO - Started process (PID=467) to work on /home/airflow/.local/lib/python3.8/site-packages/airflow/example_dags/example_dynamic_task_mapping_with_no_taskflow_operators.py
[2023-11-08T00:55:08.847+0000] {processor.py:829} INFO - Processing file /home/airflow/.local/lib/python3.8/site-packages/airflow/example_dags/example_dynamic_task_mapping_with_no_taskflow_operators.py for tasks to queue
[2023-11-08T00:55:08.914+0000] {logging_mixin.py:151} INFO - [2023-11-08T00:55:08.906+0000] {dagbag.py:536} INFO - Filling up the DagBag from /home/airflow/.local/lib/python3.8/site-packages/airflow/example_dags/example_dynamic_task_mapping_with_no_taskflow_operators.py
[2023-11-08T00:55:09.164+0000] {processor.py:839} INFO - DAG(s) dict_keys(['example_dynamic_task_mapping_with_no_taskflow_operators']) retrieved from /home/airflow/.local/lib/python3.8/site-packages/airflow/example_dags/example_dynamic_task_mapping_with_no_taskflow_operators.py
[2023-11-08T00:55:15.789+0000] {logging_mixin.py:151} INFO - [2023-11-08T00:55:15.725+0000] {dag.py:2941} INFO - Sync 1 DAGs
[2023-11-08T00:55:16.652+0000] {logging_mixin.py:151} INFO - [2023-11-08T00:55:16.585+0000] {dag.py:3722} INFO - Setting next_dagrun for example_dynamic_task_mapping_with_no_taskflow_operators to 2023-11-07T00:55:16.578297+00:00, run_after=2023-11-08T00:55:16.578297+00:00
[2023-11-08T00:55:17.329+0000] {processor.py:179} INFO - Processing /home/airflow/.local/lib/python3.8/site-packages/airflow/example_dags/example_dynamic_task_mapping_with_no_taskflow_operators.py took 8.543 seconds
[2023-11-08T00:56:49.444+0000] {processor.py:157} INFO - Started process (PID=498) to work on /home/airflow/.local/lib/python3.8/site-packages/airflow/example_dags/example_dynamic_task_mapping_with_no_taskflow_operators.py
[2023-11-08T00:56:49.513+0000] {processor.py:829} INFO - Processing file /home/airflow/.local/lib/python3.8/site-packages/airflow/example_dags/example_dynamic_task_mapping_with_no_taskflow_operators.py for tasks to queue
[2023-11-08T00:56:49.545+0000] {logging_mixin.py:151} INFO - [2023-11-08T00:56:49.536+0000] {dagbag.py:536} INFO - Filling up the DagBag from /home/airflow/.local/lib/python3.8/site-packages/airflow/example_dags/example_dynamic_task_mapping_with_no_taskflow_operators.py
[2023-11-08T00:56:50.250+0000] {processor.py:839} INFO - DAG(s) dict_keys(['example_dynamic_task_mapping_with_no_taskflow_operators']) retrieved from /home/airflow/.local/lib/python3.8/site-packages/airflow/example_dags/example_dynamic_task_mapping_with_no_taskflow_operators.py
[2023-11-08T00:56:56.317+0000] {logging_mixin.py:151} INFO - [2023-11-08T00:56:56.304+0000] {dag.py:2941} INFO - Sync 1 DAGs
[2023-11-08T00:56:56.860+0000] {logging_mixin.py:151} INFO - [2023-11-08T00:56:56.858+0000] {dag.py:3722} INFO - Setting next_dagrun for example_dynamic_task_mapping_with_no_taskflow_operators to 2023-11-07T00:56:56.847704+00:00, run_after=2023-11-08T00:56:56.847704+00:00
[2023-11-08T00:56:57.460+0000] {processor.py:179} INFO - Processing /home/airflow/.local/lib/python3.8/site-packages/airflow/example_dags/example_dynamic_task_mapping_with_no_taskflow_operators.py took 8.150 seconds
[2023-11-08T00:59:11.894+0000] {processor.py:157} INFO - Started process (PID=559) to work on /home/airflow/.local/lib/python3.8/site-packages/airflow/example_dags/example_dynamic_task_mapping_with_no_taskflow_operators.py
[2023-11-08T00:59:11.902+0000] {processor.py:829} INFO - Processing file /home/airflow/.local/lib/python3.8/site-packages/airflow/example_dags/example_dynamic_task_mapping_with_no_taskflow_operators.py for tasks to queue
[2023-11-08T00:59:11.906+0000] {logging_mixin.py:151} INFO - [2023-11-08T00:59:11.906+0000] {dagbag.py:536} INFO - Filling up the DagBag from /home/airflow/.local/lib/python3.8/site-packages/airflow/example_dags/example_dynamic_task_mapping_with_no_taskflow_operators.py
[2023-11-08T00:59:12.056+0000] {processor.py:839} INFO - DAG(s) dict_keys(['example_dynamic_task_mapping_with_no_taskflow_operators']) retrieved from /home/airflow/.local/lib/python3.8/site-packages/airflow/example_dags/example_dynamic_task_mapping_with_no_taskflow_operators.py
[2023-11-08T00:59:12.252+0000] {logging_mixin.py:151} INFO - [2023-11-08T00:59:12.251+0000] {dag.py:2941} INFO - Sync 1 DAGs
[2023-11-08T00:59:12.420+0000] {logging_mixin.py:151} INFO - [2023-11-08T00:59:12.415+0000] {dag.py:3722} INFO - Setting next_dagrun for example_dynamic_task_mapping_with_no_taskflow_operators to 2023-11-07T00:59:12.413130+00:00, run_after=2023-11-08T00:59:12.413130+00:00
[2023-11-08T00:59:12.563+0000] {processor.py:179} INFO - Processing /home/airflow/.local/lib/python3.8/site-packages/airflow/example_dags/example_dynamic_task_mapping_with_no_taskflow_operators.py took 0.726 seconds
[2023-11-08T01:01:12.020+0000] {processor.py:157} INFO - Started process (PID=594) to work on /home/airflow/.local/lib/python3.8/site-packages/airflow/example_dags/example_dynamic_task_mapping_with_no_taskflow_operators.py
[2023-11-08T01:01:12.106+0000] {processor.py:829} INFO - Processing file /home/airflow/.local/lib/python3.8/site-packages/airflow/example_dags/example_dynamic_task_mapping_with_no_taskflow_operators.py for tasks to queue
[2023-11-08T01:01:12.137+0000] {logging_mixin.py:151} INFO - [2023-11-08T01:01:12.129+0000] {dagbag.py:536} INFO - Filling up the DagBag from /home/airflow/.local/lib/python3.8/site-packages/airflow/example_dags/example_dynamic_task_mapping_with_no_taskflow_operators.py
[2023-11-08T01:01:13.017+0000] {processor.py:839} INFO - DAG(s) dict_keys(['example_dynamic_task_mapping_with_no_taskflow_operators']) retrieved from /home/airflow/.local/lib/python3.8/site-packages/airflow/example_dags/example_dynamic_task_mapping_with_no_taskflow_operators.py
[2023-11-08T01:01:16.131+0000] {logging_mixin.py:151} INFO - [2023-11-08T01:01:16.092+0000] {dag.py:2941} INFO - Sync 1 DAGs
[2023-11-08T01:01:16.977+0000] {logging_mixin.py:151} INFO - [2023-11-08T01:01:16.913+0000] {dag.py:3722} INFO - Setting next_dagrun for example_dynamic_task_mapping_with_no_taskflow_operators to 2023-11-07T01:01:16.857679+00:00, run_after=2023-11-08T01:01:16.857679+00:00
[2023-11-08T01:01:18.745+0000] {processor.py:179} INFO - Processing /home/airflow/.local/lib/python3.8/site-packages/airflow/example_dags/example_dynamic_task_mapping_with_no_taskflow_operators.py took 6.924 seconds
[2023-11-08T01:03:57.505+0000] {processor.py:157} INFO - Started process (PID=652) to work on /home/airflow/.local/lib/python3.8/site-packages/airflow/example_dags/example_dynamic_task_mapping_with_no_taskflow_operators.py
[2023-11-08T01:03:57.515+0000] {processor.py:829} INFO - Processing file /home/airflow/.local/lib/python3.8/site-packages/airflow/example_dags/example_dynamic_task_mapping_with_no_taskflow_operators.py for tasks to queue
[2023-11-08T01:03:57.530+0000] {logging_mixin.py:151} INFO - [2023-11-08T01:03:57.523+0000] {dagbag.py:536} INFO - Filling up the DagBag from /home/airflow/.local/lib/python3.8/site-packages/airflow/example_dags/example_dynamic_task_mapping_with_no_taskflow_operators.py
[2023-11-08T01:03:57.683+0000] {processor.py:839} INFO - DAG(s) dict_keys(['example_dynamic_task_mapping_with_no_taskflow_operators']) retrieved from /home/airflow/.local/lib/python3.8/site-packages/airflow/example_dags/example_dynamic_task_mapping_with_no_taskflow_operators.py
[2023-11-08T01:03:57.888+0000] {logging_mixin.py:151} INFO - [2023-11-08T01:03:57.887+0000] {dag.py:2941} INFO - Sync 1 DAGs
[2023-11-08T01:03:58.169+0000] {logging_mixin.py:151} INFO - [2023-11-08T01:03:58.164+0000] {dag.py:3722} INFO - Setting next_dagrun for example_dynamic_task_mapping_with_no_taskflow_operators to 2023-11-07T01:03:58.158708+00:00, run_after=2023-11-08T01:03:58.158708+00:00
[2023-11-08T01:03:58.632+0000] {processor.py:179} INFO - Processing /home/airflow/.local/lib/python3.8/site-packages/airflow/example_dags/example_dynamic_task_mapping_with_no_taskflow_operators.py took 1.197 seconds
[2023-11-08T01:06:40.945+0000] {processor.py:157} INFO - Started process (PID=701) to work on /home/airflow/.local/lib/python3.8/site-packages/airflow/example_dags/example_dynamic_task_mapping_with_no_taskflow_operators.py
[2023-11-08T01:06:41.002+0000] {processor.py:829} INFO - Processing file /home/airflow/.local/lib/python3.8/site-packages/airflow/example_dags/example_dynamic_task_mapping_with_no_taskflow_operators.py for tasks to queue
[2023-11-08T01:06:41.042+0000] {logging_mixin.py:151} INFO - [2023-11-08T01:06:41.039+0000] {dagbag.py:536} INFO - Filling up the DagBag from /home/airflow/.local/lib/python3.8/site-packages/airflow/example_dags/example_dynamic_task_mapping_with_no_taskflow_operators.py
[2023-11-08T01:06:41.396+0000] {processor.py:839} INFO - DAG(s) dict_keys(['example_dynamic_task_mapping_with_no_taskflow_operators']) retrieved from /home/airflow/.local/lib/python3.8/site-packages/airflow/example_dags/example_dynamic_task_mapping_with_no_taskflow_operators.py
[2023-11-08T01:06:42.909+0000] {logging_mixin.py:151} INFO - [2023-11-08T01:06:42.899+0000] {dag.py:2941} INFO - Sync 1 DAGs
[2023-11-08T01:06:43.860+0000] {logging_mixin.py:151} INFO - [2023-11-08T01:06:43.783+0000] {dag.py:3722} INFO - Setting next_dagrun for example_dynamic_task_mapping_with_no_taskflow_operators to 2023-11-07T01:06:43.610392+00:00, run_after=2023-11-08T01:06:43.610392+00:00
[2023-11-08T01:06:44.719+0000] {processor.py:179} INFO - Processing /home/airflow/.local/lib/python3.8/site-packages/airflow/example_dags/example_dynamic_task_mapping_with_no_taskflow_operators.py took 3.813 seconds
[2023-11-08T01:08:25.539+0000] {processor.py:157} INFO - Started process (PID=753) to work on /home/airflow/.local/lib/python3.8/site-packages/airflow/example_dags/example_dynamic_task_mapping_with_no_taskflow_operators.py
[2023-11-08T01:08:25.547+0000] {processor.py:829} INFO - Processing file /home/airflow/.local/lib/python3.8/site-packages/airflow/example_dags/example_dynamic_task_mapping_with_no_taskflow_operators.py for tasks to queue
[2023-11-08T01:08:25.554+0000] {logging_mixin.py:151} INFO - [2023-11-08T01:08:25.552+0000] {dagbag.py:536} INFO - Filling up the DagBag from /home/airflow/.local/lib/python3.8/site-packages/airflow/example_dags/example_dynamic_task_mapping_with_no_taskflow_operators.py
[2023-11-08T01:08:25.651+0000] {processor.py:839} INFO - DAG(s) dict_keys(['example_dynamic_task_mapping_with_no_taskflow_operators']) retrieved from /home/airflow/.local/lib/python3.8/site-packages/airflow/example_dags/example_dynamic_task_mapping_with_no_taskflow_operators.py
[2023-11-08T01:08:25.836+0000] {logging_mixin.py:151} INFO - [2023-11-08T01:08:25.833+0000] {dag.py:2941} INFO - Sync 1 DAGs
[2023-11-08T01:08:26.023+0000] {logging_mixin.py:151} INFO - [2023-11-08T01:08:26.022+0000] {dag.py:3722} INFO - Setting next_dagrun for example_dynamic_task_mapping_with_no_taskflow_operators to 2023-11-07T01:08:26.012456+00:00, run_after=2023-11-08T01:08:26.012456+00:00
[2023-11-08T01:08:26.268+0000] {processor.py:179} INFO - Processing /home/airflow/.local/lib/python3.8/site-packages/airflow/example_dags/example_dynamic_task_mapping_with_no_taskflow_operators.py took 0.784 seconds
[2023-11-08T01:10:32.618+0000] {processor.py:157} INFO - Started process (PID=802) to work on /home/airflow/.local/lib/python3.8/site-packages/airflow/example_dags/example_dynamic_task_mapping_with_no_taskflow_operators.py
[2023-11-08T01:10:32.649+0000] {processor.py:829} INFO - Processing file /home/airflow/.local/lib/python3.8/site-packages/airflow/example_dags/example_dynamic_task_mapping_with_no_taskflow_operators.py for tasks to queue
[2023-11-08T01:10:32.661+0000] {logging_mixin.py:151} INFO - [2023-11-08T01:10:32.653+0000] {dagbag.py:536} INFO - Filling up the DagBag from /home/airflow/.local/lib/python3.8/site-packages/airflow/example_dags/example_dynamic_task_mapping_with_no_taskflow_operators.py
[2023-11-08T01:10:32.834+0000] {processor.py:839} INFO - DAG(s) dict_keys(['example_dynamic_task_mapping_with_no_taskflow_operators']) retrieved from /home/airflow/.local/lib/python3.8/site-packages/airflow/example_dags/example_dynamic_task_mapping_with_no_taskflow_operators.py
[2023-11-08T01:10:33.570+0000] {logging_mixin.py:151} INFO - [2023-11-08T01:10:33.549+0000] {dag.py:2941} INFO - Sync 1 DAGs
[2023-11-08T01:10:33.910+0000] {logging_mixin.py:151} INFO - [2023-11-08T01:10:33.909+0000] {dag.py:3722} INFO - Setting next_dagrun for example_dynamic_task_mapping_with_no_taskflow_operators to 2023-11-07T01:10:33.860817+00:00, run_after=2023-11-08T01:10:33.860817+00:00
[2023-11-08T01:10:34.034+0000] {processor.py:179} INFO - Processing /home/airflow/.local/lib/python3.8/site-packages/airflow/example_dags/example_dynamic_task_mapping_with_no_taskflow_operators.py took 1.545 seconds
[2023-11-08T01:15:12.856+0000] {processor.py:157} INFO - Started process (PID=875) to work on /home/airflow/.local/lib/python3.8/site-packages/airflow/example_dags/example_dynamic_task_mapping_with_no_taskflow_operators.py
[2023-11-08T01:15:12.879+0000] {processor.py:829} INFO - Processing file /home/airflow/.local/lib/python3.8/site-packages/airflow/example_dags/example_dynamic_task_mapping_with_no_taskflow_operators.py for tasks to queue
[2023-11-08T01:15:12.895+0000] {logging_mixin.py:151} INFO - [2023-11-08T01:15:12.891+0000] {dagbag.py:536} INFO - Filling up the DagBag from /home/airflow/.local/lib/python3.8/site-packages/airflow/example_dags/example_dynamic_task_mapping_with_no_taskflow_operators.py
[2023-11-08T01:15:15.214+0000] {processor.py:839} INFO - DAG(s) dict_keys(['example_dynamic_task_mapping_with_no_taskflow_operators']) retrieved from /home/airflow/.local/lib/python3.8/site-packages/airflow/example_dags/example_dynamic_task_mapping_with_no_taskflow_operators.py
[2023-11-08T01:15:45.687+0000] {logging_mixin.py:151} INFO - [2023-11-08T01:15:45.625+0000] {dag.py:2941} INFO - Sync 1 DAGs
[2023-11-08T01:15:47.733+0000] {logging_mixin.py:151} INFO - [2023-11-08T01:15:47.633+0000] {dag.py:3722} INFO - Setting next_dagrun for example_dynamic_task_mapping_with_no_taskflow_operators to 2023-11-07T01:15:47.582884+00:00, run_after=2023-11-08T01:15:47.582884+00:00
[2023-11-08T01:15:49.450+0000] {processor.py:179} INFO - Processing /home/airflow/.local/lib/python3.8/site-packages/airflow/example_dags/example_dynamic_task_mapping_with_no_taskflow_operators.py took 36.796 seconds
