[2023-11-08T00:51:32.392+0000] {processor.py:157} INFO - Started process (PID=83) to work on /home/airflow/.local/lib/python3.8/site-packages/airflow/example_dags/example_kubernetes_executor.py
[2023-11-08T00:51:32.403+0000] {processor.py:829} INFO - Processing file /home/airflow/.local/lib/python3.8/site-packages/airflow/example_dags/example_kubernetes_executor.py for tasks to queue
[2023-11-08T00:51:32.422+0000] {logging_mixin.py:151} INFO - [2023-11-08T00:51:32.418+0000] {dagbag.py:536} INFO - Filling up the DagBag from /home/airflow/.local/lib/python3.8/site-packages/airflow/example_dags/example_kubernetes_executor.py
[2023-11-08T00:51:32.537+0000] {processor.py:839} INFO - DAG(s) dict_keys(['example_kubernetes_executor']) retrieved from /home/airflow/.local/lib/python3.8/site-packages/airflow/example_dags/example_kubernetes_executor.py
[2023-11-08T00:51:33.124+0000] {logging_mixin.py:151} INFO - [2023-11-08T00:51:33.120+0000] {manager.py:499} INFO - Created Permission View: %s
[2023-11-08T00:51:33.169+0000] {logging_mixin.py:151} INFO - [2023-11-08T00:51:33.168+0000] {manager.py:499} INFO - Created Permission View: %s
[2023-11-08T00:51:33.195+0000] {logging_mixin.py:151} INFO - [2023-11-08T00:51:33.195+0000] {manager.py:499} INFO - Created Permission View: %s
[2023-11-08T00:51:33.197+0000] {logging_mixin.py:151} INFO - [2023-11-08T00:51:33.196+0000] {dag.py:2941} INFO - Sync 1 DAGs
[2023-11-08T00:51:33.241+0000] {logging_mixin.py:151} INFO - [2023-11-08T00:51:33.239+0000] {dag.py:2963} INFO - Creating ORM DAG for example_kubernetes_executor
[2023-11-08T00:51:33.246+0000] {logging_mixin.py:151} INFO - [2023-11-08T00:51:33.246+0000] {dag.py:3722} INFO - Setting next_dagrun for example_kubernetes_executor to None, run_after=None
[2023-11-08T00:51:33.291+0000] {processor.py:179} INFO - Processing /home/airflow/.local/lib/python3.8/site-packages/airflow/example_dags/example_kubernetes_executor.py took 0.918 seconds
[2023-11-08T00:52:03.720+0000] {processor.py:157} INFO - Started process (PID=145) to work on /home/airflow/.local/lib/python3.8/site-packages/airflow/example_dags/example_kubernetes_executor.py
[2023-11-08T00:52:03.721+0000] {processor.py:829} INFO - Processing file /home/airflow/.local/lib/python3.8/site-packages/airflow/example_dags/example_kubernetes_executor.py for tasks to queue
[2023-11-08T00:52:03.724+0000] {logging_mixin.py:151} INFO - [2023-11-08T00:52:03.724+0000] {dagbag.py:536} INFO - Filling up the DagBag from /home/airflow/.local/lib/python3.8/site-packages/airflow/example_dags/example_kubernetes_executor.py
[2023-11-08T00:52:03.745+0000] {processor.py:839} INFO - DAG(s) dict_keys(['example_kubernetes_executor']) retrieved from /home/airflow/.local/lib/python3.8/site-packages/airflow/example_dags/example_kubernetes_executor.py
[2023-11-08T00:52:03.793+0000] {logging_mixin.py:151} INFO - [2023-11-08T00:52:03.793+0000] {dag.py:2941} INFO - Sync 1 DAGs
[2023-11-08T00:52:03.819+0000] {logging_mixin.py:151} INFO - [2023-11-08T00:52:03.818+0000] {dag.py:3722} INFO - Setting next_dagrun for example_kubernetes_executor to None, run_after=None
[2023-11-08T00:52:03.857+0000] {processor.py:179} INFO - Processing /home/airflow/.local/lib/python3.8/site-packages/airflow/example_dags/example_kubernetes_executor.py took 0.143 seconds
[2023-11-08T00:52:34.395+0000] {processor.py:157} INFO - Started process (PID=208) to work on /home/airflow/.local/lib/python3.8/site-packages/airflow/example_dags/example_kubernetes_executor.py
[2023-11-08T00:52:34.397+0000] {processor.py:829} INFO - Processing file /home/airflow/.local/lib/python3.8/site-packages/airflow/example_dags/example_kubernetes_executor.py for tasks to queue
[2023-11-08T00:52:34.403+0000] {logging_mixin.py:151} INFO - [2023-11-08T00:52:34.402+0000] {dagbag.py:536} INFO - Filling up the DagBag from /home/airflow/.local/lib/python3.8/site-packages/airflow/example_dags/example_kubernetes_executor.py
[2023-11-08T00:52:34.468+0000] {processor.py:839} INFO - DAG(s) dict_keys(['example_kubernetes_executor']) retrieved from /home/airflow/.local/lib/python3.8/site-packages/airflow/example_dags/example_kubernetes_executor.py
[2023-11-08T00:52:34.594+0000] {logging_mixin.py:151} INFO - [2023-11-08T00:52:34.593+0000] {dag.py:2941} INFO - Sync 1 DAGs
[2023-11-08T00:52:34.620+0000] {logging_mixin.py:151} INFO - [2023-11-08T00:52:34.620+0000] {dag.py:3722} INFO - Setting next_dagrun for example_kubernetes_executor to None, run_after=None
[2023-11-08T00:52:34.643+0000] {processor.py:179} INFO - Processing /home/airflow/.local/lib/python3.8/site-packages/airflow/example_dags/example_kubernetes_executor.py took 0.254 seconds
[2023-11-08T00:53:04.911+0000] {processor.py:157} INFO - Started process (PID=271) to work on /home/airflow/.local/lib/python3.8/site-packages/airflow/example_dags/example_kubernetes_executor.py
[2023-11-08T00:53:04.915+0000] {processor.py:829} INFO - Processing file /home/airflow/.local/lib/python3.8/site-packages/airflow/example_dags/example_kubernetes_executor.py for tasks to queue
[2023-11-08T00:53:04.922+0000] {logging_mixin.py:151} INFO - [2023-11-08T00:53:04.922+0000] {dagbag.py:536} INFO - Filling up the DagBag from /home/airflow/.local/lib/python3.8/site-packages/airflow/example_dags/example_kubernetes_executor.py
[2023-11-08T00:53:04.966+0000] {processor.py:839} INFO - DAG(s) dict_keys(['example_kubernetes_executor']) retrieved from /home/airflow/.local/lib/python3.8/site-packages/airflow/example_dags/example_kubernetes_executor.py
[2023-11-08T00:53:05.064+0000] {logging_mixin.py:151} INFO - [2023-11-08T00:53:05.064+0000] {dag.py:2941} INFO - Sync 1 DAGs
[2023-11-08T00:53:05.130+0000] {logging_mixin.py:151} INFO - [2023-11-08T00:53:05.129+0000] {dag.py:3722} INFO - Setting next_dagrun for example_kubernetes_executor to None, run_after=None
[2023-11-08T00:53:05.180+0000] {processor.py:179} INFO - Processing /home/airflow/.local/lib/python3.8/site-packages/airflow/example_dags/example_kubernetes_executor.py took 0.283 seconds
[2023-11-08T00:53:35.436+0000] {processor.py:157} INFO - Started process (PID=326) to work on /home/airflow/.local/lib/python3.8/site-packages/airflow/example_dags/example_kubernetes_executor.py
[2023-11-08T00:53:35.443+0000] {processor.py:829} INFO - Processing file /home/airflow/.local/lib/python3.8/site-packages/airflow/example_dags/example_kubernetes_executor.py for tasks to queue
[2023-11-08T00:53:35.475+0000] {logging_mixin.py:151} INFO - [2023-11-08T00:53:35.469+0000] {dagbag.py:536} INFO - Filling up the DagBag from /home/airflow/.local/lib/python3.8/site-packages/airflow/example_dags/example_kubernetes_executor.py
[2023-11-08T00:53:35.581+0000] {processor.py:839} INFO - DAG(s) dict_keys(['example_kubernetes_executor']) retrieved from /home/airflow/.local/lib/python3.8/site-packages/airflow/example_dags/example_kubernetes_executor.py
[2023-11-08T00:53:35.822+0000] {logging_mixin.py:151} INFO - [2023-11-08T00:53:35.821+0000] {dag.py:2941} INFO - Sync 1 DAGs
[2023-11-08T00:53:35.878+0000] {logging_mixin.py:151} INFO - [2023-11-08T00:53:35.877+0000] {dag.py:3722} INFO - Setting next_dagrun for example_kubernetes_executor to None, run_after=None
[2023-11-08T00:53:35.955+0000] {processor.py:179} INFO - Processing /home/airflow/.local/lib/python3.8/site-packages/airflow/example_dags/example_kubernetes_executor.py took 0.571 seconds
[2023-11-08T00:54:07.816+0000] {processor.py:157} INFO - Started process (PID=389) to work on /home/airflow/.local/lib/python3.8/site-packages/airflow/example_dags/example_kubernetes_executor.py
[2023-11-08T00:54:07.837+0000] {processor.py:829} INFO - Processing file /home/airflow/.local/lib/python3.8/site-packages/airflow/example_dags/example_kubernetes_executor.py for tasks to queue
[2023-11-08T00:54:07.885+0000] {logging_mixin.py:151} INFO - [2023-11-08T00:54:07.880+0000] {dagbag.py:536} INFO - Filling up the DagBag from /home/airflow/.local/lib/python3.8/site-packages/airflow/example_dags/example_kubernetes_executor.py
[2023-11-08T00:54:08.096+0000] {processor.py:839} INFO - DAG(s) dict_keys(['example_kubernetes_executor']) retrieved from /home/airflow/.local/lib/python3.8/site-packages/airflow/example_dags/example_kubernetes_executor.py
[2023-11-08T00:54:08.478+0000] {logging_mixin.py:151} INFO - [2023-11-08T00:54:08.465+0000] {dag.py:2941} INFO - Sync 1 DAGs
[2023-11-08T00:54:08.633+0000] {logging_mixin.py:151} INFO - [2023-11-08T00:54:08.629+0000] {dag.py:3722} INFO - Setting next_dagrun for example_kubernetes_executor to None, run_after=None
[2023-11-08T00:54:08.879+0000] {processor.py:179} INFO - Processing /home/airflow/.local/lib/python3.8/site-packages/airflow/example_dags/example_kubernetes_executor.py took 1.142 seconds
[2023-11-08T00:54:43.853+0000] {processor.py:157} INFO - Started process (PID=450) to work on /home/airflow/.local/lib/python3.8/site-packages/airflow/example_dags/example_kubernetes_executor.py
[2023-11-08T00:54:43.874+0000] {processor.py:829} INFO - Processing file /home/airflow/.local/lib/python3.8/site-packages/airflow/example_dags/example_kubernetes_executor.py for tasks to queue
[2023-11-08T00:54:43.916+0000] {logging_mixin.py:151} INFO - [2023-11-08T00:54:43.900+0000] {dagbag.py:536} INFO - Filling up the DagBag from /home/airflow/.local/lib/python3.8/site-packages/airflow/example_dags/example_kubernetes_executor.py
[2023-11-08T00:54:44.140+0000] {processor.py:839} INFO - DAG(s) dict_keys(['example_kubernetes_executor']) retrieved from /home/airflow/.local/lib/python3.8/site-packages/airflow/example_dags/example_kubernetes_executor.py
[2023-11-08T00:54:45.928+0000] {logging_mixin.py:151} INFO - [2023-11-08T00:54:45.910+0000] {dag.py:2941} INFO - Sync 1 DAGs
[2023-11-08T00:54:46.757+0000] {logging_mixin.py:151} INFO - [2023-11-08T00:54:46.754+0000] {dag.py:3722} INFO - Setting next_dagrun for example_kubernetes_executor to None, run_after=None
[2023-11-08T00:54:47.069+0000] {processor.py:179} INFO - Processing /home/airflow/.local/lib/python3.8/site-packages/airflow/example_dags/example_kubernetes_executor.py took 3.266 seconds
[2023-11-08T00:56:11.437+0000] {processor.py:157} INFO - Started process (PID=490) to work on /home/airflow/.local/lib/python3.8/site-packages/airflow/example_dags/example_kubernetes_executor.py
[2023-11-08T00:56:11.513+0000] {processor.py:829} INFO - Processing file /home/airflow/.local/lib/python3.8/site-packages/airflow/example_dags/example_kubernetes_executor.py for tasks to queue
[2023-11-08T00:56:12.209+0000] {logging_mixin.py:151} INFO - [2023-11-08T00:56:12.204+0000] {dagbag.py:536} INFO - Filling up the DagBag from /home/airflow/.local/lib/python3.8/site-packages/airflow/example_dags/example_kubernetes_executor.py
[2023-11-08T00:56:12.803+0000] {processor.py:839} INFO - DAG(s) dict_keys(['example_kubernetes_executor']) retrieved from /home/airflow/.local/lib/python3.8/site-packages/airflow/example_dags/example_kubernetes_executor.py
[2023-11-08T00:56:22.934+0000] {logging_mixin.py:151} INFO - [2023-11-08T00:56:22.917+0000] {dag.py:2941} INFO - Sync 1 DAGs
[2023-11-08T00:56:23.054+0000] {logging_mixin.py:151} INFO - [2023-11-08T00:56:23.054+0000] {dag.py:3722} INFO - Setting next_dagrun for example_kubernetes_executor to None, run_after=None
[2023-11-08T00:56:23.324+0000] {processor.py:179} INFO - Processing /home/airflow/.local/lib/python3.8/site-packages/airflow/example_dags/example_kubernetes_executor.py took 11.947 seconds
[2023-11-08T00:59:06.600+0000] {processor.py:157} INFO - Started process (PID=544) to work on /home/airflow/.local/lib/python3.8/site-packages/airflow/example_dags/example_kubernetes_executor.py
[2023-11-08T00:59:06.619+0000] {processor.py:829} INFO - Processing file /home/airflow/.local/lib/python3.8/site-packages/airflow/example_dags/example_kubernetes_executor.py for tasks to queue
[2023-11-08T00:59:06.631+0000] {logging_mixin.py:151} INFO - [2023-11-08T00:59:06.627+0000] {dagbag.py:536} INFO - Filling up the DagBag from /home/airflow/.local/lib/python3.8/site-packages/airflow/example_dags/example_kubernetes_executor.py
[2023-11-08T00:59:07.703+0000] {processor.py:839} INFO - DAG(s) dict_keys(['example_kubernetes_executor']) retrieved from /home/airflow/.local/lib/python3.8/site-packages/airflow/example_dags/example_kubernetes_executor.py
[2023-11-08T00:59:08.826+0000] {logging_mixin.py:151} INFO - [2023-11-08T00:59:08.824+0000] {dag.py:2941} INFO - Sync 1 DAGs
[2023-11-08T00:59:09.092+0000] {logging_mixin.py:151} INFO - [2023-11-08T00:59:09.090+0000] {dag.py:3722} INFO - Setting next_dagrun for example_kubernetes_executor to None, run_after=None
[2023-11-08T00:59:09.251+0000] {processor.py:179} INFO - Processing /home/airflow/.local/lib/python3.8/site-packages/airflow/example_dags/example_kubernetes_executor.py took 2.771 seconds
[2023-11-08T01:00:26.988+0000] {processor.py:157} INFO - Started process (PID=586) to work on /home/airflow/.local/lib/python3.8/site-packages/airflow/example_dags/example_kubernetes_executor.py
[2023-11-08T01:00:27.010+0000] {processor.py:829} INFO - Processing file /home/airflow/.local/lib/python3.8/site-packages/airflow/example_dags/example_kubernetes_executor.py for tasks to queue
[2023-11-08T01:00:27.019+0000] {logging_mixin.py:151} INFO - [2023-11-08T01:00:27.017+0000] {dagbag.py:536} INFO - Filling up the DagBag from /home/airflow/.local/lib/python3.8/site-packages/airflow/example_dags/example_kubernetes_executor.py
[2023-11-08T01:00:27.655+0000] {processor.py:839} INFO - DAG(s) dict_keys(['example_kubernetes_executor']) retrieved from /home/airflow/.local/lib/python3.8/site-packages/airflow/example_dags/example_kubernetes_executor.py
[2023-11-08T01:00:38.656+0000] {logging_mixin.py:151} INFO - [2023-11-08T01:00:38.647+0000] {dag.py:2941} INFO - Sync 1 DAGs
[2023-11-08T01:00:39.275+0000] {logging_mixin.py:151} INFO - [2023-11-08T01:00:39.242+0000] {dag.py:3722} INFO - Setting next_dagrun for example_kubernetes_executor to None, run_after=None
[2023-11-08T01:00:40.554+0000] {processor.py:179} INFO - Processing /home/airflow/.local/lib/python3.8/site-packages/airflow/example_dags/example_kubernetes_executor.py took 13.695 seconds
[2023-11-08T01:03:49.016+0000] {processor.py:157} INFO - Started process (PID=644) to work on /home/airflow/.local/lib/python3.8/site-packages/airflow/example_dags/example_kubernetes_executor.py
[2023-11-08T01:03:49.036+0000] {processor.py:829} INFO - Processing file /home/airflow/.local/lib/python3.8/site-packages/airflow/example_dags/example_kubernetes_executor.py for tasks to queue
[2023-11-08T01:03:49.072+0000] {logging_mixin.py:151} INFO - [2023-11-08T01:03:49.058+0000] {dagbag.py:536} INFO - Filling up the DagBag from /home/airflow/.local/lib/python3.8/site-packages/airflow/example_dags/example_kubernetes_executor.py
[2023-11-08T01:03:49.940+0000] {processor.py:839} INFO - DAG(s) dict_keys(['example_kubernetes_executor']) retrieved from /home/airflow/.local/lib/python3.8/site-packages/airflow/example_dags/example_kubernetes_executor.py
[2023-11-08T01:03:51.915+0000] {logging_mixin.py:151} INFO - [2023-11-08T01:03:51.908+0000] {dag.py:2941} INFO - Sync 1 DAGs
[2023-11-08T01:03:52.430+0000] {logging_mixin.py:151} INFO - [2023-11-08T01:03:52.402+0000] {dag.py:3722} INFO - Setting next_dagrun for example_kubernetes_executor to None, run_after=None
[2023-11-08T01:03:53.102+0000] {processor.py:179} INFO - Processing /home/airflow/.local/lib/python3.8/site-packages/airflow/example_dags/example_kubernetes_executor.py took 4.214 seconds
[2023-11-08T01:05:53.766+0000] {processor.py:157} INFO - Started process (PID=686) to work on /home/airflow/.local/lib/python3.8/site-packages/airflow/example_dags/example_kubernetes_executor.py
[2023-11-08T01:05:53.806+0000] {processor.py:829} INFO - Processing file /home/airflow/.local/lib/python3.8/site-packages/airflow/example_dags/example_kubernetes_executor.py for tasks to queue
[2023-11-08T01:05:53.891+0000] {logging_mixin.py:151} INFO - [2023-11-08T01:05:53.853+0000] {dagbag.py:536} INFO - Filling up the DagBag from /home/airflow/.local/lib/python3.8/site-packages/airflow/example_dags/example_kubernetes_executor.py
[2023-11-08T01:05:54.904+0000] {processor.py:839} INFO - DAG(s) dict_keys(['example_kubernetes_executor']) retrieved from /home/airflow/.local/lib/python3.8/site-packages/airflow/example_dags/example_kubernetes_executor.py
[2023-11-08T01:06:00.693+0000] {logging_mixin.py:151} INFO - [2023-11-08T01:06:00.689+0000] {dag.py:2941} INFO - Sync 1 DAGs
[2023-11-08T01:06:00.857+0000] {logging_mixin.py:151} INFO - [2023-11-08T01:06:00.839+0000] {dag.py:3722} INFO - Setting next_dagrun for example_kubernetes_executor to None, run_after=None
[2023-11-08T01:06:06.504+0000] {processor.py:179} INFO - Processing /home/airflow/.local/lib/python3.8/site-packages/airflow/example_dags/example_kubernetes_executor.py took 12.949 seconds
[2023-11-08T01:08:18.787+0000] {processor.py:157} INFO - Started process (PID=745) to work on /home/airflow/.local/lib/python3.8/site-packages/airflow/example_dags/example_kubernetes_executor.py
[2023-11-08T01:08:18.798+0000] {processor.py:829} INFO - Processing file /home/airflow/.local/lib/python3.8/site-packages/airflow/example_dags/example_kubernetes_executor.py for tasks to queue
[2023-11-08T01:08:18.802+0000] {logging_mixin.py:151} INFO - [2023-11-08T01:08:18.801+0000] {dagbag.py:536} INFO - Filling up the DagBag from /home/airflow/.local/lib/python3.8/site-packages/airflow/example_dags/example_kubernetes_executor.py
[2023-11-08T01:08:19.152+0000] {processor.py:839} INFO - DAG(s) dict_keys(['example_kubernetes_executor']) retrieved from /home/airflow/.local/lib/python3.8/site-packages/airflow/example_dags/example_kubernetes_executor.py
[2023-11-08T01:08:19.720+0000] {logging_mixin.py:151} INFO - [2023-11-08T01:08:19.705+0000] {dag.py:2941} INFO - Sync 1 DAGs
[2023-11-08T01:08:19.846+0000] {logging_mixin.py:151} INFO - [2023-11-08T01:08:19.846+0000] {dag.py:3722} INFO - Setting next_dagrun for example_kubernetes_executor to None, run_after=None
[2023-11-08T01:08:20.236+0000] {processor.py:179} INFO - Processing /home/airflow/.local/lib/python3.8/site-packages/airflow/example_dags/example_kubernetes_executor.py took 1.517 seconds
[2023-11-08T01:10:14.952+0000] {processor.py:157} INFO - Started process (PID=787) to work on /home/airflow/.local/lib/python3.8/site-packages/airflow/example_dags/example_kubernetes_executor.py
[2023-11-08T01:10:14.984+0000] {processor.py:829} INFO - Processing file /home/airflow/.local/lib/python3.8/site-packages/airflow/example_dags/example_kubernetes_executor.py for tasks to queue
[2023-11-08T01:10:15.064+0000] {logging_mixin.py:151} INFO - [2023-11-08T01:10:15.031+0000] {dagbag.py:536} INFO - Filling up the DagBag from /home/airflow/.local/lib/python3.8/site-packages/airflow/example_dags/example_kubernetes_executor.py
[2023-11-08T01:10:18.436+0000] {processor.py:839} INFO - DAG(s) dict_keys(['example_kubernetes_executor']) retrieved from /home/airflow/.local/lib/python3.8/site-packages/airflow/example_dags/example_kubernetes_executor.py
[2023-11-08T01:10:23.682+0000] {logging_mixin.py:151} INFO - [2023-11-08T01:10:23.651+0000] {dag.py:2941} INFO - Sync 1 DAGs
[2023-11-08T01:10:24.247+0000] {logging_mixin.py:151} INFO - [2023-11-08T01:10:24.241+0000] {dag.py:3722} INFO - Setting next_dagrun for example_kubernetes_executor to None, run_after=None
[2023-11-08T01:10:24.535+0000] {processor.py:179} INFO - Processing /home/airflow/.local/lib/python3.8/site-packages/airflow/example_dags/example_kubernetes_executor.py took 9.672 seconds
[2023-11-08T01:13:53.504+0000] {processor.py:157} INFO - Started process (PID=861) to work on /home/airflow/.local/lib/python3.8/site-packages/airflow/example_dags/example_kubernetes_executor.py
[2023-11-08T01:13:53.509+0000] {processor.py:829} INFO - Processing file /home/airflow/.local/lib/python3.8/site-packages/airflow/example_dags/example_kubernetes_executor.py for tasks to queue
[2023-11-08T01:13:53.517+0000] {logging_mixin.py:151} INFO - [2023-11-08T01:13:53.516+0000] {dagbag.py:536} INFO - Filling up the DagBag from /home/airflow/.local/lib/python3.8/site-packages/airflow/example_dags/example_kubernetes_executor.py
[2023-11-08T01:13:54.737+0000] {processor.py:839} INFO - DAG(s) dict_keys(['example_kubernetes_executor']) retrieved from /home/airflow/.local/lib/python3.8/site-packages/airflow/example_dags/example_kubernetes_executor.py
[2023-11-08T01:13:58.080+0000] {logging_mixin.py:151} INFO - [2023-11-08T01:13:58.073+0000] {dag.py:2941} INFO - Sync 1 DAGs
[2023-11-08T01:13:59.122+0000] {logging_mixin.py:151} INFO - [2023-11-08T01:13:59.051+0000] {dag.py:3722} INFO - Setting next_dagrun for example_kubernetes_executor to None, run_after=None
[2023-11-08T01:14:01.869+0000] {processor.py:179} INFO - Processing /home/airflow/.local/lib/python3.8/site-packages/airflow/example_dags/example_kubernetes_executor.py took 8.352 seconds
