[2023-11-08T00:51:53.163+0000] {processor.py:157} INFO - Started process (PID=126) to work on /home/airflow/.local/lib/python3.8/site-packages/airflow/example_dags/example_params_ui_tutorial.py
[2023-11-08T00:51:53.165+0000] {processor.py:829} INFO - Processing file /home/airflow/.local/lib/python3.8/site-packages/airflow/example_dags/example_params_ui_tutorial.py for tasks to queue
[2023-11-08T00:51:53.170+0000] {logging_mixin.py:151} INFO - [2023-11-08T00:51:53.169+0000] {dagbag.py:536} INFO - Filling up the DagBag from /home/airflow/.local/lib/python3.8/site-packages/airflow/example_dags/example_params_ui_tutorial.py
[2023-11-08T00:51:53.269+0000] {processor.py:839} INFO - DAG(s) dict_keys(['example_params_ui_tutorial']) retrieved from /home/airflow/.local/lib/python3.8/site-packages/airflow/example_dags/example_params_ui_tutorial.py
[2023-11-08T00:51:53.581+0000] {logging_mixin.py:151} INFO - [2023-11-08T00:51:53.581+0000] {manager.py:499} INFO - Created Permission View: %s
[2023-11-08T00:51:53.594+0000] {logging_mixin.py:151} INFO - [2023-11-08T00:51:53.593+0000] {manager.py:499} INFO - Created Permission View: %s
[2023-11-08T00:51:53.601+0000] {logging_mixin.py:151} INFO - [2023-11-08T00:51:53.601+0000] {manager.py:499} INFO - Created Permission View: %s
[2023-11-08T00:51:53.602+0000] {logging_mixin.py:151} INFO - [2023-11-08T00:51:53.601+0000] {dag.py:2941} INFO - Sync 1 DAGs
[2023-11-08T00:51:53.632+0000] {logging_mixin.py:151} INFO - [2023-11-08T00:51:53.632+0000] {dag.py:2963} INFO - Creating ORM DAG for example_params_ui_tutorial
[2023-11-08T00:51:53.634+0000] {logging_mixin.py:151} INFO - [2023-11-08T00:51:53.634+0000] {dag.py:3722} INFO - Setting next_dagrun for example_params_ui_tutorial to None, run_after=None
[2023-11-08T00:51:53.672+0000] {processor.py:179} INFO - Processing /home/airflow/.local/lib/python3.8/site-packages/airflow/example_dags/example_params_ui_tutorial.py took 0.516 seconds
[2023-11-08T00:52:23.865+0000] {processor.py:157} INFO - Started process (PID=189) to work on /home/airflow/.local/lib/python3.8/site-packages/airflow/example_dags/example_params_ui_tutorial.py
[2023-11-08T00:52:23.868+0000] {processor.py:829} INFO - Processing file /home/airflow/.local/lib/python3.8/site-packages/airflow/example_dags/example_params_ui_tutorial.py for tasks to queue
[2023-11-08T00:52:23.873+0000] {logging_mixin.py:151} INFO - [2023-11-08T00:52:23.873+0000] {dagbag.py:536} INFO - Filling up the DagBag from /home/airflow/.local/lib/python3.8/site-packages/airflow/example_dags/example_params_ui_tutorial.py
[2023-11-08T00:52:23.953+0000] {processor.py:839} INFO - DAG(s) dict_keys(['example_params_ui_tutorial']) retrieved from /home/airflow/.local/lib/python3.8/site-packages/airflow/example_dags/example_params_ui_tutorial.py
[2023-11-08T00:52:24.043+0000] {logging_mixin.py:151} INFO - [2023-11-08T00:52:24.043+0000] {dag.py:2941} INFO - Sync 1 DAGs
[2023-11-08T00:52:24.075+0000] {logging_mixin.py:151} INFO - [2023-11-08T00:52:24.075+0000] {dag.py:3722} INFO - Setting next_dagrun for example_params_ui_tutorial to None, run_after=None
[2023-11-08T00:52:24.130+0000] {processor.py:179} INFO - Processing /home/airflow/.local/lib/python3.8/site-packages/airflow/example_dags/example_params_ui_tutorial.py took 0.273 seconds
[2023-11-08T00:52:54.567+0000] {processor.py:157} INFO - Started process (PID=243) to work on /home/airflow/.local/lib/python3.8/site-packages/airflow/example_dags/example_params_ui_tutorial.py
[2023-11-08T00:52:54.568+0000] {processor.py:829} INFO - Processing file /home/airflow/.local/lib/python3.8/site-packages/airflow/example_dags/example_params_ui_tutorial.py for tasks to queue
[2023-11-08T00:52:54.570+0000] {logging_mixin.py:151} INFO - [2023-11-08T00:52:54.570+0000] {dagbag.py:536} INFO - Filling up the DagBag from /home/airflow/.local/lib/python3.8/site-packages/airflow/example_dags/example_params_ui_tutorial.py
[2023-11-08T00:52:54.643+0000] {processor.py:839} INFO - DAG(s) dict_keys(['example_params_ui_tutorial']) retrieved from /home/airflow/.local/lib/python3.8/site-packages/airflow/example_dags/example_params_ui_tutorial.py
[2023-11-08T00:52:54.714+0000] {logging_mixin.py:151} INFO - [2023-11-08T00:52:54.714+0000] {dag.py:2941} INFO - Sync 1 DAGs
[2023-11-08T00:52:54.736+0000] {logging_mixin.py:151} INFO - [2023-11-08T00:52:54.735+0000] {dag.py:3722} INFO - Setting next_dagrun for example_params_ui_tutorial to None, run_after=None
[2023-11-08T00:52:54.773+0000] {processor.py:179} INFO - Processing /home/airflow/.local/lib/python3.8/site-packages/airflow/example_dags/example_params_ui_tutorial.py took 0.209 seconds
[2023-11-08T00:53:25.518+0000] {processor.py:157} INFO - Started process (PID=307) to work on /home/airflow/.local/lib/python3.8/site-packages/airflow/example_dags/example_params_ui_tutorial.py
[2023-11-08T00:53:25.521+0000] {processor.py:829} INFO - Processing file /home/airflow/.local/lib/python3.8/site-packages/airflow/example_dags/example_params_ui_tutorial.py for tasks to queue
[2023-11-08T00:53:25.526+0000] {logging_mixin.py:151} INFO - [2023-11-08T00:53:25.526+0000] {dagbag.py:536} INFO - Filling up the DagBag from /home/airflow/.local/lib/python3.8/site-packages/airflow/example_dags/example_params_ui_tutorial.py
[2023-11-08T00:53:25.603+0000] {processor.py:839} INFO - DAG(s) dict_keys(['example_params_ui_tutorial']) retrieved from /home/airflow/.local/lib/python3.8/site-packages/airflow/example_dags/example_params_ui_tutorial.py
[2023-11-08T00:53:25.686+0000] {logging_mixin.py:151} INFO - [2023-11-08T00:53:25.686+0000] {dag.py:2941} INFO - Sync 1 DAGs
[2023-11-08T00:53:25.703+0000] {logging_mixin.py:151} INFO - [2023-11-08T00:53:25.702+0000] {dag.py:3722} INFO - Setting next_dagrun for example_params_ui_tutorial to None, run_after=None
[2023-11-08T00:53:25.721+0000] {processor.py:179} INFO - Processing /home/airflow/.local/lib/python3.8/site-packages/airflow/example_dags/example_params_ui_tutorial.py took 0.212 seconds
[2023-11-08T00:53:58.035+0000] {processor.py:157} INFO - Started process (PID=370) to work on /home/airflow/.local/lib/python3.8/site-packages/airflow/example_dags/example_params_ui_tutorial.py
[2023-11-08T00:53:58.063+0000] {processor.py:829} INFO - Processing file /home/airflow/.local/lib/python3.8/site-packages/airflow/example_dags/example_params_ui_tutorial.py for tasks to queue
[2023-11-08T00:53:58.091+0000] {logging_mixin.py:151} INFO - [2023-11-08T00:53:58.089+0000] {dagbag.py:536} INFO - Filling up the DagBag from /home/airflow/.local/lib/python3.8/site-packages/airflow/example_dags/example_params_ui_tutorial.py
[2023-11-08T00:53:58.513+0000] {processor.py:839} INFO - DAG(s) dict_keys(['example_params_ui_tutorial']) retrieved from /home/airflow/.local/lib/python3.8/site-packages/airflow/example_dags/example_params_ui_tutorial.py
[2023-11-08T00:53:58.899+0000] {logging_mixin.py:151} INFO - [2023-11-08T00:53:58.897+0000] {dag.py:2941} INFO - Sync 1 DAGs
[2023-11-08T00:53:58.998+0000] {logging_mixin.py:151} INFO - [2023-11-08T00:53:58.997+0000] {dag.py:3722} INFO - Setting next_dagrun for example_params_ui_tutorial to None, run_after=None
[2023-11-08T00:53:59.083+0000] {processor.py:179} INFO - Processing /home/airflow/.local/lib/python3.8/site-packages/airflow/example_dags/example_params_ui_tutorial.py took 1.126 seconds
[2023-11-08T00:54:30.596+0000] {processor.py:157} INFO - Started process (PID=433) to work on /home/airflow/.local/lib/python3.8/site-packages/airflow/example_dags/example_params_ui_tutorial.py
[2023-11-08T00:54:30.604+0000] {processor.py:829} INFO - Processing file /home/airflow/.local/lib/python3.8/site-packages/airflow/example_dags/example_params_ui_tutorial.py for tasks to queue
[2023-11-08T00:54:30.622+0000] {logging_mixin.py:151} INFO - [2023-11-08T00:54:30.621+0000] {dagbag.py:536} INFO - Filling up the DagBag from /home/airflow/.local/lib/python3.8/site-packages/airflow/example_dags/example_params_ui_tutorial.py
[2023-11-08T00:54:30.945+0000] {processor.py:839} INFO - DAG(s) dict_keys(['example_params_ui_tutorial']) retrieved from /home/airflow/.local/lib/python3.8/site-packages/airflow/example_dags/example_params_ui_tutorial.py
[2023-11-08T00:54:31.314+0000] {logging_mixin.py:151} INFO - [2023-11-08T00:54:31.312+0000] {dag.py:2941} INFO - Sync 1 DAGs
[2023-11-08T00:54:31.424+0000] {logging_mixin.py:151} INFO - [2023-11-08T00:54:31.424+0000] {dag.py:3722} INFO - Setting next_dagrun for example_params_ui_tutorial to None, run_after=None
[2023-11-08T00:54:31.555+0000] {processor.py:179} INFO - Processing /home/airflow/.local/lib/python3.8/site-packages/airflow/example_dags/example_params_ui_tutorial.py took 1.002 seconds
[2023-11-08T00:58:19.704+0000] {processor.py:157} INFO - Started process (PID=524) to work on /home/airflow/.local/lib/python3.8/site-packages/airflow/example_dags/example_params_ui_tutorial.py
[2023-11-08T00:58:19.721+0000] {processor.py:829} INFO - Processing file /home/airflow/.local/lib/python3.8/site-packages/airflow/example_dags/example_params_ui_tutorial.py for tasks to queue
[2023-11-08T00:58:19.730+0000] {logging_mixin.py:151} INFO - [2023-11-08T00:58:19.726+0000] {dagbag.py:536} INFO - Filling up the DagBag from /home/airflow/.local/lib/python3.8/site-packages/airflow/example_dags/example_params_ui_tutorial.py
[2023-11-08T00:58:21.018+0000] {processor.py:839} INFO - DAG(s) dict_keys(['example_params_ui_tutorial']) retrieved from /home/airflow/.local/lib/python3.8/site-packages/airflow/example_dags/example_params_ui_tutorial.py
[2023-11-08T00:58:21.768+0000] {logging_mixin.py:151} INFO - [2023-11-08T00:58:21.764+0000] {dag.py:2941} INFO - Sync 1 DAGs
[2023-11-08T00:58:21.937+0000] {logging_mixin.py:151} INFO - [2023-11-08T00:58:21.937+0000] {dag.py:3722} INFO - Setting next_dagrun for example_params_ui_tutorial to None, run_after=None
[2023-11-08T00:58:22.095+0000] {processor.py:179} INFO - Processing /home/airflow/.local/lib/python3.8/site-packages/airflow/example_dags/example_params_ui_tutorial.py took 2.431 seconds
[2023-11-08T01:01:53.306+0000] {processor.py:157} INFO - Started process (PID=611) to work on /home/airflow/.local/lib/python3.8/site-packages/airflow/example_dags/example_params_ui_tutorial.py
[2023-11-08T01:01:53.331+0000] {processor.py:829} INFO - Processing file /home/airflow/.local/lib/python3.8/site-packages/airflow/example_dags/example_params_ui_tutorial.py for tasks to queue
[2023-11-08T01:01:53.345+0000] {logging_mixin.py:151} INFO - [2023-11-08T01:01:53.344+0000] {dagbag.py:536} INFO - Filling up the DagBag from /home/airflow/.local/lib/python3.8/site-packages/airflow/example_dags/example_params_ui_tutorial.py
[2023-11-08T01:01:55.385+0000] {processor.py:839} INFO - DAG(s) dict_keys(['example_params_ui_tutorial']) retrieved from /home/airflow/.local/lib/python3.8/site-packages/airflow/example_dags/example_params_ui_tutorial.py
[2023-11-08T01:02:11.056+0000] {logging_mixin.py:151} INFO - [2023-11-08T01:02:11.037+0000] {dag.py:2941} INFO - Sync 1 DAGs
[2023-11-08T01:02:13.366+0000] {logging_mixin.py:151} INFO - [2023-11-08T01:02:13.359+0000] {dag.py:3722} INFO - Setting next_dagrun for example_params_ui_tutorial to None, run_after=None
[2023-11-08T01:02:13.645+0000] {processor.py:179} INFO - Processing /home/airflow/.local/lib/python3.8/site-packages/airflow/example_dags/example_params_ui_tutorial.py took 20.386 seconds
[2023-11-08T01:05:13.274+0000] {processor.py:157} INFO - Started process (PID=678) to work on /home/airflow/.local/lib/python3.8/site-packages/airflow/example_dags/example_params_ui_tutorial.py
[2023-11-08T01:05:13.282+0000] {processor.py:829} INFO - Processing file /home/airflow/.local/lib/python3.8/site-packages/airflow/example_dags/example_params_ui_tutorial.py for tasks to queue
[2023-11-08T01:05:13.295+0000] {logging_mixin.py:151} INFO - [2023-11-08T01:05:13.290+0000] {dagbag.py:536} INFO - Filling up the DagBag from /home/airflow/.local/lib/python3.8/site-packages/airflow/example_dags/example_params_ui_tutorial.py
[2023-11-08T01:05:14.053+0000] {processor.py:839} INFO - DAG(s) dict_keys(['example_params_ui_tutorial']) retrieved from /home/airflow/.local/lib/python3.8/site-packages/airflow/example_dags/example_params_ui_tutorial.py
[2023-11-08T01:05:23.685+0000] {logging_mixin.py:151} INFO - [2023-11-08T01:05:23.450+0000] {dag.py:2941} INFO - Sync 1 DAGs
[2023-11-08T01:05:24.620+0000] {logging_mixin.py:151} INFO - [2023-11-08T01:05:24.614+0000] {dag.py:3722} INFO - Setting next_dagrun for example_params_ui_tutorial to None, run_after=None
[2023-11-08T01:05:25.367+0000] {processor.py:179} INFO - Processing /home/airflow/.local/lib/python3.8/site-packages/airflow/example_dags/example_params_ui_tutorial.py took 12.230 seconds
[2023-11-08T01:09:04.560+0000] {processor.py:157} INFO - Started process (PID=772) to work on /home/airflow/.local/lib/python3.8/site-packages/airflow/example_dags/example_params_ui_tutorial.py
[2023-11-08T01:09:04.586+0000] {processor.py:829} INFO - Processing file /home/airflow/.local/lib/python3.8/site-packages/airflow/example_dags/example_params_ui_tutorial.py for tasks to queue
[2023-11-08T01:09:04.616+0000] {logging_mixin.py:151} INFO - [2023-11-08T01:09:04.604+0000] {dagbag.py:536} INFO - Filling up the DagBag from /home/airflow/.local/lib/python3.8/site-packages/airflow/example_dags/example_params_ui_tutorial.py
[2023-11-08T01:09:06.339+0000] {processor.py:839} INFO - DAG(s) dict_keys(['example_params_ui_tutorial']) retrieved from /home/airflow/.local/lib/python3.8/site-packages/airflow/example_dags/example_params_ui_tutorial.py
[2023-11-08T01:09:07.884+0000] {logging_mixin.py:151} INFO - [2023-11-08T01:09:07.852+0000] {dag.py:2941} INFO - Sync 1 DAGs
[2023-11-08T01:09:08.833+0000] {logging_mixin.py:151} INFO - [2023-11-08T01:09:08.770+0000] {dag.py:3722} INFO - Setting next_dagrun for example_params_ui_tutorial to None, run_after=None
[2023-11-08T01:09:09.570+0000] {processor.py:179} INFO - Processing /home/airflow/.local/lib/python3.8/site-packages/airflow/example_dags/example_params_ui_tutorial.py took 5.229 seconds
