[2023-11-08T00:51:33.386+0000] {processor.py:157} INFO - Started process (PID=84) to work on /home/airflow/.local/lib/python3.8/site-packages/airflow/example_dags/example_complex.py
[2023-11-08T00:51:33.391+0000] {processor.py:829} INFO - Processing file /home/airflow/.local/lib/python3.8/site-packages/airflow/example_dags/example_complex.py for tasks to queue
[2023-11-08T00:51:33.405+0000] {logging_mixin.py:151} INFO - [2023-11-08T00:51:33.404+0000] {dagbag.py:536} INFO - Filling up the DagBag from /home/airflow/.local/lib/python3.8/site-packages/airflow/example_dags/example_complex.py
[2023-11-08T00:51:33.460+0000] {processor.py:839} INFO - DAG(s) dict_keys(['example_complex']) retrieved from /home/airflow/.local/lib/python3.8/site-packages/airflow/example_dags/example_complex.py
[2023-11-08T00:51:33.985+0000] {logging_mixin.py:151} INFO - [2023-11-08T00:51:33.984+0000] {manager.py:499} INFO - Created Permission View: %s
[2023-11-08T00:51:34.031+0000] {logging_mixin.py:151} INFO - [2023-11-08T00:51:34.030+0000] {manager.py:499} INFO - Created Permission View: %s
[2023-11-08T00:51:34.069+0000] {logging_mixin.py:151} INFO - [2023-11-08T00:51:34.068+0000] {manager.py:499} INFO - Created Permission View: %s
[2023-11-08T00:51:34.073+0000] {logging_mixin.py:151} INFO - [2023-11-08T00:51:34.072+0000] {dag.py:2941} INFO - Sync 1 DAGs
[2023-11-08T00:51:34.130+0000] {logging_mixin.py:151} INFO - [2023-11-08T00:51:34.130+0000] {dag.py:2963} INFO - Creating ORM DAG for example_complex
[2023-11-08T00:51:34.133+0000] {logging_mixin.py:151} INFO - [2023-11-08T00:51:34.132+0000] {dag.py:3722} INFO - Setting next_dagrun for example_complex to None, run_after=None
[2023-11-08T00:51:34.207+0000] {processor.py:179} INFO - Processing /home/airflow/.local/lib/python3.8/site-packages/airflow/example_dags/example_complex.py took 0.838 seconds
[2023-11-08T00:52:04.818+0000] {processor.py:157} INFO - Started process (PID=146) to work on /home/airflow/.local/lib/python3.8/site-packages/airflow/example_dags/example_complex.py
[2023-11-08T00:52:04.820+0000] {processor.py:829} INFO - Processing file /home/airflow/.local/lib/python3.8/site-packages/airflow/example_dags/example_complex.py for tasks to queue
[2023-11-08T00:52:04.823+0000] {logging_mixin.py:151} INFO - [2023-11-08T00:52:04.823+0000] {dagbag.py:536} INFO - Filling up the DagBag from /home/airflow/.local/lib/python3.8/site-packages/airflow/example_dags/example_complex.py
[2023-11-08T00:52:04.836+0000] {processor.py:839} INFO - DAG(s) dict_keys(['example_complex']) retrieved from /home/airflow/.local/lib/python3.8/site-packages/airflow/example_dags/example_complex.py
[2023-11-08T00:52:04.865+0000] {logging_mixin.py:151} INFO - [2023-11-08T00:52:04.865+0000] {dag.py:2941} INFO - Sync 1 DAGs
[2023-11-08T00:52:04.877+0000] {logging_mixin.py:151} INFO - [2023-11-08T00:52:04.877+0000] {dag.py:3722} INFO - Setting next_dagrun for example_complex to None, run_after=None
[2023-11-08T00:52:04.890+0000] {processor.py:179} INFO - Processing /home/airflow/.local/lib/python3.8/site-packages/airflow/example_dags/example_complex.py took 0.076 seconds
[2023-11-08T00:52:35.417+0000] {processor.py:157} INFO - Started process (PID=209) to work on /home/airflow/.local/lib/python3.8/site-packages/airflow/example_dags/example_complex.py
[2023-11-08T00:52:35.420+0000] {processor.py:829} INFO - Processing file /home/airflow/.local/lib/python3.8/site-packages/airflow/example_dags/example_complex.py for tasks to queue
[2023-11-08T00:52:35.424+0000] {logging_mixin.py:151} INFO - [2023-11-08T00:52:35.424+0000] {dagbag.py:536} INFO - Filling up the DagBag from /home/airflow/.local/lib/python3.8/site-packages/airflow/example_dags/example_complex.py
[2023-11-08T00:52:35.439+0000] {processor.py:839} INFO - DAG(s) dict_keys(['example_complex']) retrieved from /home/airflow/.local/lib/python3.8/site-packages/airflow/example_dags/example_complex.py
[2023-11-08T00:52:35.477+0000] {logging_mixin.py:151} INFO - [2023-11-08T00:52:35.477+0000] {dag.py:2941} INFO - Sync 1 DAGs
[2023-11-08T00:52:35.504+0000] {logging_mixin.py:151} INFO - [2023-11-08T00:52:35.504+0000] {dag.py:3722} INFO - Setting next_dagrun for example_complex to None, run_after=None
[2023-11-08T00:52:35.527+0000] {processor.py:179} INFO - Processing /home/airflow/.local/lib/python3.8/site-packages/airflow/example_dags/example_complex.py took 0.117 seconds
[2023-11-08T00:53:05.952+0000] {processor.py:157} INFO - Started process (PID=272) to work on /home/airflow/.local/lib/python3.8/site-packages/airflow/example_dags/example_complex.py
[2023-11-08T00:53:05.956+0000] {processor.py:829} INFO - Processing file /home/airflow/.local/lib/python3.8/site-packages/airflow/example_dags/example_complex.py for tasks to queue
[2023-11-08T00:53:05.977+0000] {logging_mixin.py:151} INFO - [2023-11-08T00:53:05.976+0000] {dagbag.py:536} INFO - Filling up the DagBag from /home/airflow/.local/lib/python3.8/site-packages/airflow/example_dags/example_complex.py
[2023-11-08T00:53:06.006+0000] {processor.py:839} INFO - DAG(s) dict_keys(['example_complex']) retrieved from /home/airflow/.local/lib/python3.8/site-packages/airflow/example_dags/example_complex.py
[2023-11-08T00:53:06.095+0000] {logging_mixin.py:151} INFO - [2023-11-08T00:53:06.095+0000] {dag.py:2941} INFO - Sync 1 DAGs
[2023-11-08T00:53:06.124+0000] {logging_mixin.py:151} INFO - [2023-11-08T00:53:06.124+0000] {dag.py:3722} INFO - Setting next_dagrun for example_complex to None, run_after=None
[2023-11-08T00:53:06.163+0000] {processor.py:179} INFO - Processing /home/airflow/.local/lib/python3.8/site-packages/airflow/example_dags/example_complex.py took 0.221 seconds
[2023-11-08T00:53:36.970+0000] {processor.py:157} INFO - Started process (PID=327) to work on /home/airflow/.local/lib/python3.8/site-packages/airflow/example_dags/example_complex.py
[2023-11-08T00:53:36.975+0000] {processor.py:829} INFO - Processing file /home/airflow/.local/lib/python3.8/site-packages/airflow/example_dags/example_complex.py for tasks to queue
[2023-11-08T00:53:37.029+0000] {logging_mixin.py:151} INFO - [2023-11-08T00:53:37.024+0000] {dagbag.py:536} INFO - Filling up the DagBag from /home/airflow/.local/lib/python3.8/site-packages/airflow/example_dags/example_complex.py
[2023-11-08T00:53:37.085+0000] {processor.py:839} INFO - DAG(s) dict_keys(['example_complex']) retrieved from /home/airflow/.local/lib/python3.8/site-packages/airflow/example_dags/example_complex.py
[2023-11-08T00:53:37.264+0000] {logging_mixin.py:151} INFO - [2023-11-08T00:53:37.263+0000] {dag.py:2941} INFO - Sync 1 DAGs
[2023-11-08T00:53:37.327+0000] {logging_mixin.py:151} INFO - [2023-11-08T00:53:37.326+0000] {dag.py:3722} INFO - Setting next_dagrun for example_complex to None, run_after=None
[2023-11-08T00:53:37.455+0000] {processor.py:179} INFO - Processing /home/airflow/.local/lib/python3.8/site-packages/airflow/example_dags/example_complex.py took 0.517 seconds
[2023-11-08T00:54:09.300+0000] {processor.py:157} INFO - Started process (PID=390) to work on /home/airflow/.local/lib/python3.8/site-packages/airflow/example_dags/example_complex.py
[2023-11-08T00:54:09.308+0000] {processor.py:829} INFO - Processing file /home/airflow/.local/lib/python3.8/site-packages/airflow/example_dags/example_complex.py for tasks to queue
[2023-11-08T00:54:09.361+0000] {logging_mixin.py:151} INFO - [2023-11-08T00:54:09.359+0000] {dagbag.py:536} INFO - Filling up the DagBag from /home/airflow/.local/lib/python3.8/site-packages/airflow/example_dags/example_complex.py
[2023-11-08T00:54:09.478+0000] {processor.py:839} INFO - DAG(s) dict_keys(['example_complex']) retrieved from /home/airflow/.local/lib/python3.8/site-packages/airflow/example_dags/example_complex.py
[2023-11-08T00:54:09.744+0000] {logging_mixin.py:151} INFO - [2023-11-08T00:54:09.742+0000] {dag.py:2941} INFO - Sync 1 DAGs
[2023-11-08T00:54:09.872+0000] {logging_mixin.py:151} INFO - [2023-11-08T00:54:09.871+0000] {dag.py:3722} INFO - Setting next_dagrun for example_complex to None, run_after=None
[2023-11-08T00:54:10.012+0000] {processor.py:179} INFO - Processing /home/airflow/.local/lib/python3.8/site-packages/airflow/example_dags/example_complex.py took 0.740 seconds
[2023-11-08T00:54:44.666+0000] {processor.py:157} INFO - Started process (PID=451) to work on /home/airflow/.local/lib/python3.8/site-packages/airflow/example_dags/example_complex.py
[2023-11-08T00:54:44.700+0000] {processor.py:829} INFO - Processing file /home/airflow/.local/lib/python3.8/site-packages/airflow/example_dags/example_complex.py for tasks to queue
[2023-11-08T00:54:44.796+0000] {logging_mixin.py:151} INFO - [2023-11-08T00:54:44.763+0000] {dagbag.py:536} INFO - Filling up the DagBag from /home/airflow/.local/lib/python3.8/site-packages/airflow/example_dags/example_complex.py
[2023-11-08T00:54:45.402+0000] {processor.py:839} INFO - DAG(s) dict_keys(['example_complex']) retrieved from /home/airflow/.local/lib/python3.8/site-packages/airflow/example_dags/example_complex.py
[2023-11-08T00:54:46.383+0000] {logging_mixin.py:151} INFO - [2023-11-08T00:54:46.377+0000] {dag.py:2941} INFO - Sync 1 DAGs
[2023-11-08T00:54:46.691+0000] {logging_mixin.py:151} INFO - [2023-11-08T00:54:46.687+0000] {dag.py:3722} INFO - Setting next_dagrun for example_complex to None, run_after=None
[2023-11-08T00:54:47.088+0000] {processor.py:179} INFO - Processing /home/airflow/.local/lib/python3.8/site-packages/airflow/example_dags/example_complex.py took 2.519 seconds
[2023-11-08T00:56:12.837+0000] {processor.py:157} INFO - Started process (PID=491) to work on /home/airflow/.local/lib/python3.8/site-packages/airflow/example_dags/example_complex.py
[2023-11-08T00:56:12.846+0000] {processor.py:829} INFO - Processing file /home/airflow/.local/lib/python3.8/site-packages/airflow/example_dags/example_complex.py for tasks to queue
[2023-11-08T00:56:12.884+0000] {logging_mixin.py:151} INFO - [2023-11-08T00:56:12.883+0000] {dagbag.py:536} INFO - Filling up the DagBag from /home/airflow/.local/lib/python3.8/site-packages/airflow/example_dags/example_complex.py
[2023-11-08T00:56:12.937+0000] {processor.py:839} INFO - DAG(s) dict_keys(['example_complex']) retrieved from /home/airflow/.local/lib/python3.8/site-packages/airflow/example_dags/example_complex.py
[2023-11-08T00:56:16.198+0000] {logging_mixin.py:151} INFO - [2023-11-08T00:56:16.171+0000] {dag.py:2941} INFO - Sync 1 DAGs
[2023-11-08T00:56:18.663+0000] {logging_mixin.py:151} INFO - [2023-11-08T00:56:18.657+0000] {dag.py:3722} INFO - Setting next_dagrun for example_complex to None, run_after=None
[2023-11-08T00:56:18.831+0000] {processor.py:179} INFO - Processing /home/airflow/.local/lib/python3.8/site-packages/airflow/example_dags/example_complex.py took 6.016 seconds
[2023-11-08T00:59:06.607+0000] {processor.py:157} INFO - Started process (PID=545) to work on /home/airflow/.local/lib/python3.8/site-packages/airflow/example_dags/example_complex.py
[2023-11-08T00:59:06.616+0000] {processor.py:829} INFO - Processing file /home/airflow/.local/lib/python3.8/site-packages/airflow/example_dags/example_complex.py for tasks to queue
[2023-11-08T00:59:06.636+0000] {logging_mixin.py:151} INFO - [2023-11-08T00:59:06.634+0000] {dagbag.py:536} INFO - Filling up the DagBag from /home/airflow/.local/lib/python3.8/site-packages/airflow/example_dags/example_complex.py
[2023-11-08T00:59:07.020+0000] {processor.py:839} INFO - DAG(s) dict_keys(['example_complex']) retrieved from /home/airflow/.local/lib/python3.8/site-packages/airflow/example_dags/example_complex.py
[2023-11-08T00:59:07.863+0000] {logging_mixin.py:151} INFO - [2023-11-08T00:59:07.859+0000] {dag.py:2941} INFO - Sync 1 DAGs
[2023-11-08T00:59:08.078+0000] {logging_mixin.py:151} INFO - [2023-11-08T00:59:08.077+0000] {dag.py:3722} INFO - Setting next_dagrun for example_complex to None, run_after=None
[2023-11-08T00:59:08.308+0000] {processor.py:179} INFO - Processing /home/airflow/.local/lib/python3.8/site-packages/airflow/example_dags/example_complex.py took 1.764 seconds
[2023-11-08T01:00:40.905+0000] {processor.py:157} INFO - Started process (PID=587) to work on /home/airflow/.local/lib/python3.8/site-packages/airflow/example_dags/example_complex.py
[2023-11-08T01:00:40.920+0000] {processor.py:829} INFO - Processing file /home/airflow/.local/lib/python3.8/site-packages/airflow/example_dags/example_complex.py for tasks to queue
[2023-11-08T01:00:40.936+0000] {logging_mixin.py:151} INFO - [2023-11-08T01:00:40.931+0000] {dagbag.py:536} INFO - Filling up the DagBag from /home/airflow/.local/lib/python3.8/site-packages/airflow/example_dags/example_complex.py
[2023-11-08T01:00:41.196+0000] {processor.py:839} INFO - DAG(s) dict_keys(['example_complex']) retrieved from /home/airflow/.local/lib/python3.8/site-packages/airflow/example_dags/example_complex.py
[2023-11-08T01:00:43.241+0000] {logging_mixin.py:151} INFO - [2023-11-08T01:00:43.225+0000] {dag.py:2941} INFO - Sync 1 DAGs
[2023-11-08T01:00:43.363+0000] {logging_mixin.py:151} INFO - [2023-11-08T01:00:43.362+0000] {dag.py:3722} INFO - Setting next_dagrun for example_complex to None, run_after=None
[2023-11-08T01:00:43.478+0000] {processor.py:179} INFO - Processing /home/airflow/.local/lib/python3.8/site-packages/airflow/example_dags/example_complex.py took 2.655 seconds
[2023-11-08T01:03:49.016+0000] {processor.py:157} INFO - Started process (PID=645) to work on /home/airflow/.local/lib/python3.8/site-packages/airflow/example_dags/example_complex.py
[2023-11-08T01:03:49.055+0000] {processor.py:829} INFO - Processing file /home/airflow/.local/lib/python3.8/site-packages/airflow/example_dags/example_complex.py for tasks to queue
[2023-11-08T01:03:49.071+0000] {logging_mixin.py:151} INFO - [2023-11-08T01:03:49.062+0000] {dagbag.py:536} INFO - Filling up the DagBag from /home/airflow/.local/lib/python3.8/site-packages/airflow/example_dags/example_complex.py
[2023-11-08T01:03:49.262+0000] {processor.py:839} INFO - DAG(s) dict_keys(['example_complex']) retrieved from /home/airflow/.local/lib/python3.8/site-packages/airflow/example_dags/example_complex.py
[2023-11-08T01:03:50.828+0000] {logging_mixin.py:151} INFO - [2023-11-08T01:03:50.804+0000] {dag.py:2941} INFO - Sync 1 DAGs
[2023-11-08T01:03:51.272+0000] {logging_mixin.py:151} INFO - [2023-11-08T01:03:51.270+0000] {dag.py:3722} INFO - Setting next_dagrun for example_complex to None, run_after=None
[2023-11-08T01:03:51.733+0000] {processor.py:179} INFO - Processing /home/airflow/.local/lib/python3.8/site-packages/airflow/example_dags/example_complex.py took 2.738 seconds
[2023-11-08T01:05:57.614+0000] {processor.py:157} INFO - Started process (PID=693) to work on /home/airflow/.local/lib/python3.8/site-packages/airflow/example_dags/example_complex.py
[2023-11-08T01:05:57.638+0000] {processor.py:829} INFO - Processing file /home/airflow/.local/lib/python3.8/site-packages/airflow/example_dags/example_complex.py for tasks to queue
[2023-11-08T01:05:57.673+0000] {logging_mixin.py:151} INFO - [2023-11-08T01:05:57.659+0000] {dagbag.py:536} INFO - Filling up the DagBag from /home/airflow/.local/lib/python3.8/site-packages/airflow/example_dags/example_complex.py
[2023-11-08T01:05:58.011+0000] {processor.py:839} INFO - DAG(s) dict_keys(['example_complex']) retrieved from /home/airflow/.local/lib/python3.8/site-packages/airflow/example_dags/example_complex.py
[2023-11-08T01:06:00.261+0000] {logging_mixin.py:151} INFO - [2023-11-08T01:06:00.254+0000] {dag.py:2941} INFO - Sync 1 DAGs
[2023-11-08T01:06:00.627+0000] {logging_mixin.py:151} INFO - [2023-11-08T01:06:00.624+0000] {dag.py:3722} INFO - Setting next_dagrun for example_complex to None, run_after=None
[2023-11-08T01:06:06.295+0000] {processor.py:179} INFO - Processing /home/airflow/.local/lib/python3.8/site-packages/airflow/example_dags/example_complex.py took 8.832 seconds
[2023-11-08T01:08:19.771+0000] {processor.py:157} INFO - Started process (PID=746) to work on /home/airflow/.local/lib/python3.8/site-packages/airflow/example_dags/example_complex.py
[2023-11-08T01:08:19.782+0000] {processor.py:829} INFO - Processing file /home/airflow/.local/lib/python3.8/site-packages/airflow/example_dags/example_complex.py for tasks to queue
[2023-11-08T01:08:19.822+0000] {logging_mixin.py:151} INFO - [2023-11-08T01:08:19.812+0000] {dagbag.py:536} INFO - Filling up the DagBag from /home/airflow/.local/lib/python3.8/site-packages/airflow/example_dags/example_complex.py
[2023-11-08T01:08:20.088+0000] {processor.py:839} INFO - DAG(s) dict_keys(['example_complex']) retrieved from /home/airflow/.local/lib/python3.8/site-packages/airflow/example_dags/example_complex.py
[2023-11-08T01:08:20.374+0000] {logging_mixin.py:151} INFO - [2023-11-08T01:08:20.373+0000] {dag.py:2941} INFO - Sync 1 DAGs
[2023-11-08T01:08:20.479+0000] {logging_mixin.py:151} INFO - [2023-11-08T01:08:20.478+0000] {dag.py:3722} INFO - Setting next_dagrun for example_complex to None, run_after=None
[2023-11-08T01:08:20.749+0000] {processor.py:179} INFO - Processing /home/airflow/.local/lib/python3.8/site-packages/airflow/example_dags/example_complex.py took 1.002 seconds
[2023-11-08T01:10:16.354+0000] {processor.py:157} INFO - Started process (PID=794) to work on /home/airflow/.local/lib/python3.8/site-packages/airflow/example_dags/example_complex.py
[2023-11-08T01:10:16.421+0000] {processor.py:829} INFO - Processing file /home/airflow/.local/lib/python3.8/site-packages/airflow/example_dags/example_complex.py for tasks to queue
[2023-11-08T01:10:16.615+0000] {logging_mixin.py:151} INFO - [2023-11-08T01:10:16.506+0000] {dagbag.py:536} INFO - Filling up the DagBag from /home/airflow/.local/lib/python3.8/site-packages/airflow/example_dags/example_complex.py
[2023-11-08T01:10:18.178+0000] {processor.py:839} INFO - DAG(s) dict_keys(['example_complex']) retrieved from /home/airflow/.local/lib/python3.8/site-packages/airflow/example_dags/example_complex.py
[2023-11-08T01:10:19.799+0000] {logging_mixin.py:151} INFO - [2023-11-08T01:10:19.757+0000] {dag.py:2941} INFO - Sync 1 DAGs
[2023-11-08T01:10:20.245+0000] {logging_mixin.py:151} INFO - [2023-11-08T01:10:20.242+0000] {dag.py:3722} INFO - Setting next_dagrun for example_complex to None, run_after=None
[2023-11-08T01:10:23.835+0000] {processor.py:179} INFO - Processing /home/airflow/.local/lib/python3.8/site-packages/airflow/example_dags/example_complex.py took 7.813 seconds
[2023-11-08T01:14:03.234+0000] {processor.py:157} INFO - Started process (PID=862) to work on /home/airflow/.local/lib/python3.8/site-packages/airflow/example_dags/example_complex.py
[2023-11-08T01:14:03.395+0000] {processor.py:829} INFO - Processing file /home/airflow/.local/lib/python3.8/site-packages/airflow/example_dags/example_complex.py for tasks to queue
[2023-11-08T01:14:03.662+0000] {logging_mixin.py:151} INFO - [2023-11-08T01:14:03.540+0000] {dagbag.py:536} INFO - Filling up the DagBag from /home/airflow/.local/lib/python3.8/site-packages/airflow/example_dags/example_complex.py
[2023-11-08T01:14:04.480+0000] {processor.py:839} INFO - DAG(s) dict_keys(['example_complex']) retrieved from /home/airflow/.local/lib/python3.8/site-packages/airflow/example_dags/example_complex.py
[2023-11-08T01:14:18.226+0000] {logging_mixin.py:151} INFO - [2023-11-08T01:14:17.904+0000] {dag.py:2941} INFO - Sync 1 DAGs
[2023-11-08T01:14:19.739+0000] {logging_mixin.py:151} INFO - [2023-11-08T01:14:19.490+0000] {dag.py:3722} INFO - Setting next_dagrun for example_complex to None, run_after=None
[2023-11-08T01:14:21.513+0000] {processor.py:179} INFO - Processing /home/airflow/.local/lib/python3.8/site-packages/airflow/example_dags/example_complex.py took 18.751 seconds
