[2023-11-08T00:51:52.524+0000] {processor.py:157} INFO - Started process (PID=123) to work on /home/airflow/.local/lib/python3.8/site-packages/airflow/example_dags/example_trigger_target_dag.py
[2023-11-08T00:51:52.527+0000] {processor.py:829} INFO - Processing file /home/airflow/.local/lib/python3.8/site-packages/airflow/example_dags/example_trigger_target_dag.py for tasks to queue
[2023-11-08T00:51:52.532+0000] {logging_mixin.py:151} INFO - [2023-11-08T00:51:52.532+0000] {dagbag.py:536} INFO - Filling up the DagBag from /home/airflow/.local/lib/python3.8/site-packages/airflow/example_dags/example_trigger_target_dag.py
[2023-11-08T00:51:52.546+0000] {processor.py:839} INFO - DAG(s) dict_keys(['example_trigger_target_dag']) retrieved from /home/airflow/.local/lib/python3.8/site-packages/airflow/example_dags/example_trigger_target_dag.py
[2023-11-08T00:51:52.733+0000] {logging_mixin.py:151} INFO - [2023-11-08T00:51:52.733+0000] {manager.py:499} INFO - Created Permission View: %s
[2023-11-08T00:51:52.747+0000] {logging_mixin.py:151} INFO - [2023-11-08T00:51:52.746+0000] {manager.py:499} INFO - Created Permission View: %s
[2023-11-08T00:51:52.757+0000] {logging_mixin.py:151} INFO - [2023-11-08T00:51:52.756+0000] {manager.py:499} INFO - Created Permission View: %s
[2023-11-08T00:51:52.757+0000] {logging_mixin.py:151} INFO - [2023-11-08T00:51:52.757+0000] {dag.py:2941} INFO - Sync 1 DAGs
[2023-11-08T00:51:52.773+0000] {logging_mixin.py:151} INFO - [2023-11-08T00:51:52.773+0000] {dag.py:2963} INFO - Creating ORM DAG for example_trigger_target_dag
[2023-11-08T00:51:52.774+0000] {logging_mixin.py:151} INFO - [2023-11-08T00:51:52.774+0000] {dag.py:3722} INFO - Setting next_dagrun for example_trigger_target_dag to None, run_after=None
[2023-11-08T00:51:52.796+0000] {processor.py:179} INFO - Processing /home/airflow/.local/lib/python3.8/site-packages/airflow/example_dags/example_trigger_target_dag.py took 0.281 seconds
[2023-11-08T00:52:23.011+0000] {processor.py:157} INFO - Started process (PID=186) to work on /home/airflow/.local/lib/python3.8/site-packages/airflow/example_dags/example_trigger_target_dag.py
[2023-11-08T00:52:23.013+0000] {processor.py:829} INFO - Processing file /home/airflow/.local/lib/python3.8/site-packages/airflow/example_dags/example_trigger_target_dag.py for tasks to queue
[2023-11-08T00:52:23.017+0000] {logging_mixin.py:151} INFO - [2023-11-08T00:52:23.016+0000] {dagbag.py:536} INFO - Filling up the DagBag from /home/airflow/.local/lib/python3.8/site-packages/airflow/example_dags/example_trigger_target_dag.py
[2023-11-08T00:52:23.027+0000] {processor.py:839} INFO - DAG(s) dict_keys(['example_trigger_target_dag']) retrieved from /home/airflow/.local/lib/python3.8/site-packages/airflow/example_dags/example_trigger_target_dag.py
[2023-11-08T00:52:23.052+0000] {logging_mixin.py:151} INFO - [2023-11-08T00:52:23.052+0000] {dag.py:2941} INFO - Sync 1 DAGs
[2023-11-08T00:52:23.089+0000] {logging_mixin.py:151} INFO - [2023-11-08T00:52:23.088+0000] {dag.py:3722} INFO - Setting next_dagrun for example_trigger_target_dag to None, run_after=None
[2023-11-08T00:52:23.146+0000] {processor.py:179} INFO - Processing /home/airflow/.local/lib/python3.8/site-packages/airflow/example_dags/example_trigger_target_dag.py took 0.142 seconds
[2023-11-08T00:52:53.251+0000] {processor.py:157} INFO - Started process (PID=240) to work on /home/airflow/.local/lib/python3.8/site-packages/airflow/example_dags/example_trigger_target_dag.py
[2023-11-08T00:52:53.252+0000] {processor.py:829} INFO - Processing file /home/airflow/.local/lib/python3.8/site-packages/airflow/example_dags/example_trigger_target_dag.py for tasks to queue
[2023-11-08T00:52:53.254+0000] {logging_mixin.py:151} INFO - [2023-11-08T00:52:53.254+0000] {dagbag.py:536} INFO - Filling up the DagBag from /home/airflow/.local/lib/python3.8/site-packages/airflow/example_dags/example_trigger_target_dag.py
[2023-11-08T00:52:53.261+0000] {processor.py:839} INFO - DAG(s) dict_keys(['example_trigger_target_dag']) retrieved from /home/airflow/.local/lib/python3.8/site-packages/airflow/example_dags/example_trigger_target_dag.py
[2023-11-08T00:52:53.296+0000] {logging_mixin.py:151} INFO - [2023-11-08T00:52:53.296+0000] {dag.py:2941} INFO - Sync 1 DAGs
[2023-11-08T00:52:53.310+0000] {logging_mixin.py:151} INFO - [2023-11-08T00:52:53.310+0000] {dag.py:3722} INFO - Setting next_dagrun for example_trigger_target_dag to None, run_after=None
[2023-11-08T00:52:53.326+0000] {processor.py:179} INFO - Processing /home/airflow/.local/lib/python3.8/site-packages/airflow/example_dags/example_trigger_target_dag.py took 0.079 seconds
[2023-11-08T00:53:24.182+0000] {processor.py:157} INFO - Started process (PID=304) to work on /home/airflow/.local/lib/python3.8/site-packages/airflow/example_dags/example_trigger_target_dag.py
[2023-11-08T00:53:24.186+0000] {processor.py:829} INFO - Processing file /home/airflow/.local/lib/python3.8/site-packages/airflow/example_dags/example_trigger_target_dag.py for tasks to queue
[2023-11-08T00:53:24.190+0000] {logging_mixin.py:151} INFO - [2023-11-08T00:53:24.190+0000] {dagbag.py:536} INFO - Filling up the DagBag from /home/airflow/.local/lib/python3.8/site-packages/airflow/example_dags/example_trigger_target_dag.py
[2023-11-08T00:53:24.200+0000] {processor.py:839} INFO - DAG(s) dict_keys(['example_trigger_target_dag']) retrieved from /home/airflow/.local/lib/python3.8/site-packages/airflow/example_dags/example_trigger_target_dag.py
[2023-11-08T00:53:24.250+0000] {logging_mixin.py:151} INFO - [2023-11-08T00:53:24.249+0000] {dag.py:2941} INFO - Sync 1 DAGs
[2023-11-08T00:53:24.281+0000] {logging_mixin.py:151} INFO - [2023-11-08T00:53:24.280+0000] {dag.py:3722} INFO - Setting next_dagrun for example_trigger_target_dag to None, run_after=None
[2023-11-08T00:53:24.351+0000] {processor.py:179} INFO - Processing /home/airflow/.local/lib/python3.8/site-packages/airflow/example_dags/example_trigger_target_dag.py took 0.175 seconds
[2023-11-08T00:53:56.247+0000] {processor.py:157} INFO - Started process (PID=367) to work on /home/airflow/.local/lib/python3.8/site-packages/airflow/example_dags/example_trigger_target_dag.py
[2023-11-08T00:53:56.261+0000] {processor.py:829} INFO - Processing file /home/airflow/.local/lib/python3.8/site-packages/airflow/example_dags/example_trigger_target_dag.py for tasks to queue
[2023-11-08T00:53:56.292+0000] {logging_mixin.py:151} INFO - [2023-11-08T00:53:56.291+0000] {dagbag.py:536} INFO - Filling up the DagBag from /home/airflow/.local/lib/python3.8/site-packages/airflow/example_dags/example_trigger_target_dag.py
[2023-11-08T00:53:56.451+0000] {processor.py:839} INFO - DAG(s) dict_keys(['example_trigger_target_dag']) retrieved from /home/airflow/.local/lib/python3.8/site-packages/airflow/example_dags/example_trigger_target_dag.py
[2023-11-08T00:53:56.714+0000] {logging_mixin.py:151} INFO - [2023-11-08T00:53:56.713+0000] {dag.py:2941} INFO - Sync 1 DAGs
[2023-11-08T00:53:56.868+0000] {logging_mixin.py:151} INFO - [2023-11-08T00:53:56.867+0000] {dag.py:3722} INFO - Setting next_dagrun for example_trigger_target_dag to None, run_after=None
[2023-11-08T00:53:57.058+0000] {processor.py:179} INFO - Processing /home/airflow/.local/lib/python3.8/site-packages/airflow/example_dags/example_trigger_target_dag.py took 0.871 seconds
[2023-11-08T00:54:28.965+0000] {processor.py:157} INFO - Started process (PID=430) to work on /home/airflow/.local/lib/python3.8/site-packages/airflow/example_dags/example_trigger_target_dag.py
[2023-11-08T00:54:28.973+0000] {processor.py:829} INFO - Processing file /home/airflow/.local/lib/python3.8/site-packages/airflow/example_dags/example_trigger_target_dag.py for tasks to queue
[2023-11-08T00:54:29.010+0000] {logging_mixin.py:151} INFO - [2023-11-08T00:54:29.002+0000] {dagbag.py:536} INFO - Filling up the DagBag from /home/airflow/.local/lib/python3.8/site-packages/airflow/example_dags/example_trigger_target_dag.py
[2023-11-08T00:54:29.131+0000] {processor.py:839} INFO - DAG(s) dict_keys(['example_trigger_target_dag']) retrieved from /home/airflow/.local/lib/python3.8/site-packages/airflow/example_dags/example_trigger_target_dag.py
[2023-11-08T00:54:29.431+0000] {logging_mixin.py:151} INFO - [2023-11-08T00:54:29.431+0000] {dag.py:2941} INFO - Sync 1 DAGs
[2023-11-08T00:54:29.529+0000] {logging_mixin.py:151} INFO - [2023-11-08T00:54:29.528+0000] {dag.py:3722} INFO - Setting next_dagrun for example_trigger_target_dag to None, run_after=None
[2023-11-08T00:54:29.718+0000] {processor.py:179} INFO - Processing /home/airflow/.local/lib/python3.8/site-packages/airflow/example_dags/example_trigger_target_dag.py took 0.776 seconds
[2023-11-08T00:58:15.082+0000] {processor.py:157} INFO - Started process (PID=521) to work on /home/airflow/.local/lib/python3.8/site-packages/airflow/example_dags/example_trigger_target_dag.py
[2023-11-08T00:58:15.106+0000] {processor.py:829} INFO - Processing file /home/airflow/.local/lib/python3.8/site-packages/airflow/example_dags/example_trigger_target_dag.py for tasks to queue
[2023-11-08T00:58:15.180+0000] {logging_mixin.py:151} INFO - [2023-11-08T00:58:15.133+0000] {dagbag.py:536} INFO - Filling up the DagBag from /home/airflow/.local/lib/python3.8/site-packages/airflow/example_dags/example_trigger_target_dag.py
[2023-11-08T00:58:15.861+0000] {processor.py:839} INFO - DAG(s) dict_keys(['example_trigger_target_dag']) retrieved from /home/airflow/.local/lib/python3.8/site-packages/airflow/example_dags/example_trigger_target_dag.py
[2023-11-08T00:58:16.859+0000] {logging_mixin.py:151} INFO - [2023-11-08T00:58:16.850+0000] {dag.py:2941} INFO - Sync 1 DAGs
[2023-11-08T00:58:17.641+0000] {logging_mixin.py:151} INFO - [2023-11-08T00:58:17.598+0000] {dag.py:3722} INFO - Setting next_dagrun for example_trigger_target_dag to None, run_after=None
[2023-11-08T00:58:18.501+0000] {processor.py:179} INFO - Processing /home/airflow/.local/lib/python3.8/site-packages/airflow/example_dags/example_trigger_target_dag.py took 3.594 seconds
[2023-11-08T01:01:44.958+0000] {processor.py:157} INFO - Started process (PID=608) to work on /home/airflow/.local/lib/python3.8/site-packages/airflow/example_dags/example_trigger_target_dag.py
[2023-11-08T01:01:45.064+0000] {processor.py:829} INFO - Processing file /home/airflow/.local/lib/python3.8/site-packages/airflow/example_dags/example_trigger_target_dag.py for tasks to queue
[2023-11-08T01:01:45.129+0000] {logging_mixin.py:151} INFO - [2023-11-08T01:01:45.118+0000] {dagbag.py:536} INFO - Filling up the DagBag from /home/airflow/.local/lib/python3.8/site-packages/airflow/example_dags/example_trigger_target_dag.py
[2023-11-08T01:01:46.094+0000] {processor.py:839} INFO - DAG(s) dict_keys(['example_trigger_target_dag']) retrieved from /home/airflow/.local/lib/python3.8/site-packages/airflow/example_dags/example_trigger_target_dag.py
[2023-11-08T01:01:51.824+0000] {logging_mixin.py:151} INFO - [2023-11-08T01:01:51.793+0000] {dag.py:2941} INFO - Sync 1 DAGs
[2023-11-08T01:01:52.026+0000] {logging_mixin.py:151} INFO - [2023-11-08T01:01:52.024+0000] {dag.py:3722} INFO - Setting next_dagrun for example_trigger_target_dag to None, run_after=None
[2023-11-08T01:01:52.486+0000] {processor.py:179} INFO - Processing /home/airflow/.local/lib/python3.8/site-packages/airflow/example_dags/example_trigger_target_dag.py took 8.047 seconds
[2023-11-08T01:05:01.933+0000] {processor.py:157} INFO - Started process (PID=675) to work on /home/airflow/.local/lib/python3.8/site-packages/airflow/example_dags/example_trigger_target_dag.py
[2023-11-08T01:05:01.985+0000] {processor.py:829} INFO - Processing file /home/airflow/.local/lib/python3.8/site-packages/airflow/example_dags/example_trigger_target_dag.py for tasks to queue
[2023-11-08T01:05:02.022+0000] {logging_mixin.py:151} INFO - [2023-11-08T01:05:01.997+0000] {dagbag.py:536} INFO - Filling up the DagBag from /home/airflow/.local/lib/python3.8/site-packages/airflow/example_dags/example_trigger_target_dag.py
[2023-11-08T01:05:02.637+0000] {processor.py:839} INFO - DAG(s) dict_keys(['example_trigger_target_dag']) retrieved from /home/airflow/.local/lib/python3.8/site-packages/airflow/example_dags/example_trigger_target_dag.py
[2023-11-08T01:05:10.433+0000] {logging_mixin.py:151} INFO - [2023-11-08T01:05:10.420+0000] {dag.py:2941} INFO - Sync 1 DAGs
[2023-11-08T01:05:10.736+0000] {logging_mixin.py:151} INFO - [2023-11-08T01:05:10.735+0000] {dag.py:3722} INFO - Setting next_dagrun for example_trigger_target_dag to None, run_after=None
[2023-11-08T01:05:11.438+0000] {processor.py:179} INFO - Processing /home/airflow/.local/lib/python3.8/site-packages/airflow/example_dags/example_trigger_target_dag.py took 10.060 seconds
[2023-11-08T01:08:57.553+0000] {processor.py:157} INFO - Started process (PID=762) to work on /home/airflow/.local/lib/python3.8/site-packages/airflow/example_dags/example_trigger_target_dag.py
[2023-11-08T01:08:57.599+0000] {processor.py:829} INFO - Processing file /home/airflow/.local/lib/python3.8/site-packages/airflow/example_dags/example_trigger_target_dag.py for tasks to queue
[2023-11-08T01:08:57.613+0000] {logging_mixin.py:151} INFO - [2023-11-08T01:08:57.608+0000] {dagbag.py:536} INFO - Filling up the DagBag from /home/airflow/.local/lib/python3.8/site-packages/airflow/example_dags/example_trigger_target_dag.py
[2023-11-08T01:08:57.929+0000] {processor.py:839} INFO - DAG(s) dict_keys(['example_trigger_target_dag']) retrieved from /home/airflow/.local/lib/python3.8/site-packages/airflow/example_dags/example_trigger_target_dag.py
[2023-11-08T01:09:00.686+0000] {logging_mixin.py:151} INFO - [2023-11-08T01:09:00.624+0000] {dag.py:2941} INFO - Sync 1 DAGs
[2023-11-08T01:09:01.048+0000] {logging_mixin.py:151} INFO - [2023-11-08T01:09:01.046+0000] {dag.py:3722} INFO - Setting next_dagrun for example_trigger_target_dag to None, run_after=None
[2023-11-08T01:09:01.342+0000] {processor.py:179} INFO - Processing /home/airflow/.local/lib/python3.8/site-packages/airflow/example_dags/example_trigger_target_dag.py took 3.944 seconds
