[2023-11-08T00:51:49.932+0000] {processor.py:157} INFO - Started process (PID=119) to work on /home/airflow/.local/lib/python3.8/site-packages/airflow/example_dags/example_latest_only.py
[2023-11-08T00:51:49.940+0000] {processor.py:829} INFO - Processing file /home/airflow/.local/lib/python3.8/site-packages/airflow/example_dags/example_latest_only.py for tasks to queue
[2023-11-08T00:51:49.963+0000] {logging_mixin.py:151} INFO - [2023-11-08T00:51:49.962+0000] {dagbag.py:536} INFO - Filling up the DagBag from /home/airflow/.local/lib/python3.8/site-packages/airflow/example_dags/example_latest_only.py
[2023-11-08T00:51:49.996+0000] {processor.py:839} INFO - DAG(s) dict_keys(['latest_only']) retrieved from /home/airflow/.local/lib/python3.8/site-packages/airflow/example_dags/example_latest_only.py
[2023-11-08T00:51:50.831+0000] {logging_mixin.py:151} INFO - [2023-11-08T00:51:50.830+0000] {manager.py:499} INFO - Created Permission View: %s
[2023-11-08T00:51:50.895+0000] {logging_mixin.py:151} INFO - [2023-11-08T00:51:50.894+0000] {manager.py:499} INFO - Created Permission View: %s
[2023-11-08T00:51:50.947+0000] {logging_mixin.py:151} INFO - [2023-11-08T00:51:50.947+0000] {manager.py:499} INFO - Created Permission View: %s
[2023-11-08T00:51:50.953+0000] {logging_mixin.py:151} INFO - [2023-11-08T00:51:50.952+0000] {dag.py:2941} INFO - Sync 1 DAGs
[2023-11-08T00:51:51.048+0000] {logging_mixin.py:151} INFO - [2023-11-08T00:51:51.046+0000] {dag.py:2963} INFO - Creating ORM DAG for latest_only
[2023-11-08T00:51:51.132+0000] {logging_mixin.py:151} INFO - [2023-11-08T00:51:51.131+0000] {dag.py:3722} INFO - Setting next_dagrun for latest_only to 2023-11-07T20:51:51.128652+00:00, run_after=2023-11-08T00:51:51.128652+00:00
[2023-11-08T00:51:51.238+0000] {processor.py:179} INFO - Processing /home/airflow/.local/lib/python3.8/site-packages/airflow/example_dags/example_latest_only.py took 1.334 seconds
[2023-11-08T00:52:21.943+0000] {processor.py:157} INFO - Started process (PID=182) to work on /home/airflow/.local/lib/python3.8/site-packages/airflow/example_dags/example_latest_only.py
[2023-11-08T00:52:21.944+0000] {processor.py:829} INFO - Processing file /home/airflow/.local/lib/python3.8/site-packages/airflow/example_dags/example_latest_only.py for tasks to queue
[2023-11-08T00:52:21.949+0000] {logging_mixin.py:151} INFO - [2023-11-08T00:52:21.948+0000] {dagbag.py:536} INFO - Filling up the DagBag from /home/airflow/.local/lib/python3.8/site-packages/airflow/example_dags/example_latest_only.py
[2023-11-08T00:52:21.962+0000] {processor.py:839} INFO - DAG(s) dict_keys(['latest_only']) retrieved from /home/airflow/.local/lib/python3.8/site-packages/airflow/example_dags/example_latest_only.py
[2023-11-08T00:52:22.005+0000] {logging_mixin.py:151} INFO - [2023-11-08T00:52:22.005+0000] {dag.py:2941} INFO - Sync 1 DAGs
[2023-11-08T00:52:22.031+0000] {logging_mixin.py:151} INFO - [2023-11-08T00:52:22.031+0000] {dag.py:3722} INFO - Setting next_dagrun for latest_only to 2023-11-07T20:52:22.031345+00:00, run_after=2023-11-08T00:52:22.031345+00:00
[2023-11-08T00:52:22.052+0000] {processor.py:179} INFO - Processing /home/airflow/.local/lib/python3.8/site-packages/airflow/example_dags/example_latest_only.py took 0.115 seconds
[2023-11-08T00:52:52.919+0000] {processor.py:157} INFO - Started process (PID=236) to work on /home/airflow/.local/lib/python3.8/site-packages/airflow/example_dags/example_latest_only.py
[2023-11-08T00:52:52.921+0000] {processor.py:829} INFO - Processing file /home/airflow/.local/lib/python3.8/site-packages/airflow/example_dags/example_latest_only.py for tasks to queue
[2023-11-08T00:52:52.924+0000] {logging_mixin.py:151} INFO - [2023-11-08T00:52:52.924+0000] {dagbag.py:536} INFO - Filling up the DagBag from /home/airflow/.local/lib/python3.8/site-packages/airflow/example_dags/example_latest_only.py
[2023-11-08T00:52:52.939+0000] {processor.py:839} INFO - DAG(s) dict_keys(['latest_only']) retrieved from /home/airflow/.local/lib/python3.8/site-packages/airflow/example_dags/example_latest_only.py
[2023-11-08T00:52:52.976+0000] {logging_mixin.py:151} INFO - [2023-11-08T00:52:52.976+0000] {dag.py:2941} INFO - Sync 1 DAGs
[2023-11-08T00:52:53.020+0000] {logging_mixin.py:151} INFO - [2023-11-08T00:52:53.020+0000] {dag.py:3722} INFO - Setting next_dagrun for latest_only to 2023-11-07T20:52:53.019861+00:00, run_after=2023-11-08T00:52:53.019861+00:00
[2023-11-08T00:52:53.042+0000] {processor.py:179} INFO - Processing /home/airflow/.local/lib/python3.8/site-packages/airflow/example_dags/example_latest_only.py took 0.128 seconds
[2023-11-08T00:53:23.666+0000] {processor.py:157} INFO - Started process (PID=300) to work on /home/airflow/.local/lib/python3.8/site-packages/airflow/example_dags/example_latest_only.py
[2023-11-08T00:53:23.671+0000] {processor.py:829} INFO - Processing file /home/airflow/.local/lib/python3.8/site-packages/airflow/example_dags/example_latest_only.py for tasks to queue
[2023-11-08T00:53:23.678+0000] {logging_mixin.py:151} INFO - [2023-11-08T00:53:23.677+0000] {dagbag.py:536} INFO - Filling up the DagBag from /home/airflow/.local/lib/python3.8/site-packages/airflow/example_dags/example_latest_only.py
[2023-11-08T00:53:23.696+0000] {processor.py:839} INFO - DAG(s) dict_keys(['latest_only']) retrieved from /home/airflow/.local/lib/python3.8/site-packages/airflow/example_dags/example_latest_only.py
[2023-11-08T00:53:23.784+0000] {logging_mixin.py:151} INFO - [2023-11-08T00:53:23.784+0000] {dag.py:2941} INFO - Sync 1 DAGs
[2023-11-08T00:53:23.837+0000] {logging_mixin.py:151} INFO - [2023-11-08T00:53:23.837+0000] {dag.py:3722} INFO - Setting next_dagrun for latest_only to 2023-11-07T20:53:23.836828+00:00, run_after=2023-11-08T00:53:23.836828+00:00
[2023-11-08T00:53:23.890+0000] {processor.py:179} INFO - Processing /home/airflow/.local/lib/python3.8/site-packages/airflow/example_dags/example_latest_only.py took 0.234 seconds
[2023-11-08T00:53:54.351+0000] {processor.py:157} INFO - Started process (PID=363) to work on /home/airflow/.local/lib/python3.8/site-packages/airflow/example_dags/example_latest_only.py
[2023-11-08T00:53:54.357+0000] {processor.py:829} INFO - Processing file /home/airflow/.local/lib/python3.8/site-packages/airflow/example_dags/example_latest_only.py for tasks to queue
[2023-11-08T00:53:54.404+0000] {logging_mixin.py:151} INFO - [2023-11-08T00:53:54.402+0000] {dagbag.py:536} INFO - Filling up the DagBag from /home/airflow/.local/lib/python3.8/site-packages/airflow/example_dags/example_latest_only.py
[2023-11-08T00:53:54.472+0000] {processor.py:839} INFO - DAG(s) dict_keys(['latest_only']) retrieved from /home/airflow/.local/lib/python3.8/site-packages/airflow/example_dags/example_latest_only.py
[2023-11-08T00:53:54.686+0000] {logging_mixin.py:151} INFO - [2023-11-08T00:53:54.686+0000] {dag.py:2941} INFO - Sync 1 DAGs
[2023-11-08T00:53:54.887+0000] {logging_mixin.py:151} INFO - [2023-11-08T00:53:54.886+0000] {dag.py:3722} INFO - Setting next_dagrun for latest_only to 2023-11-07T20:53:54.884694+00:00, run_after=2023-11-08T00:53:54.884694+00:00
[2023-11-08T00:53:55.104+0000] {processor.py:179} INFO - Processing /home/airflow/.local/lib/python3.8/site-packages/airflow/example_dags/example_latest_only.py took 0.812 seconds
[2023-11-08T00:54:25.538+0000] {processor.py:157} INFO - Started process (PID=426) to work on /home/airflow/.local/lib/python3.8/site-packages/airflow/example_dags/example_latest_only.py
[2023-11-08T00:54:25.541+0000] {processor.py:829} INFO - Processing file /home/airflow/.local/lib/python3.8/site-packages/airflow/example_dags/example_latest_only.py for tasks to queue
[2023-11-08T00:54:25.550+0000] {logging_mixin.py:151} INFO - [2023-11-08T00:54:25.549+0000] {dagbag.py:536} INFO - Filling up the DagBag from /home/airflow/.local/lib/python3.8/site-packages/airflow/example_dags/example_latest_only.py
[2023-11-08T00:54:25.562+0000] {processor.py:839} INFO - DAG(s) dict_keys(['latest_only']) retrieved from /home/airflow/.local/lib/python3.8/site-packages/airflow/example_dags/example_latest_only.py
[2023-11-08T00:54:25.635+0000] {logging_mixin.py:151} INFO - [2023-11-08T00:54:25.635+0000] {dag.py:2941} INFO - Sync 1 DAGs
[2023-11-08T00:54:25.668+0000] {logging_mixin.py:151} INFO - [2023-11-08T00:54:25.667+0000] {dag.py:3722} INFO - Setting next_dagrun for latest_only to 2023-11-07T20:54:25.667546+00:00, run_after=2023-11-08T00:54:25.667546+00:00
[2023-11-08T00:54:25.716+0000] {processor.py:179} INFO - Processing /home/airflow/.local/lib/python3.8/site-packages/airflow/example_dags/example_latest_only.py took 0.208 seconds
[2023-11-08T00:57:35.249+0000] {processor.py:157} INFO - Started process (PID=511) to work on /home/airflow/.local/lib/python3.8/site-packages/airflow/example_dags/example_latest_only.py
[2023-11-08T00:57:35.265+0000] {processor.py:829} INFO - Processing file /home/airflow/.local/lib/python3.8/site-packages/airflow/example_dags/example_latest_only.py for tasks to queue
[2023-11-08T00:57:35.297+0000] {logging_mixin.py:151} INFO - [2023-11-08T00:57:35.280+0000] {dagbag.py:536} INFO - Filling up the DagBag from /home/airflow/.local/lib/python3.8/site-packages/airflow/example_dags/example_latest_only.py
[2023-11-08T00:57:35.616+0000] {processor.py:839} INFO - DAG(s) dict_keys(['latest_only']) retrieved from /home/airflow/.local/lib/python3.8/site-packages/airflow/example_dags/example_latest_only.py
[2023-11-08T00:58:04.940+0000] {logging_mixin.py:151} INFO - [2023-11-08T00:58:04.740+0000] {dag.py:2941} INFO - Sync 1 DAGs
[2023-11-08T00:58:08.469+0000] {logging_mixin.py:151} INFO - [2023-11-08T00:58:08.398+0000] {dag.py:3722} INFO - Setting next_dagrun for latest_only to 2023-11-07T20:58:08.368228+00:00, run_after=2023-11-08T00:58:08.368228+00:00
[2023-11-08T00:58:09.466+0000] {processor.py:179} INFO - Processing /home/airflow/.local/lib/python3.8/site-packages/airflow/example_dags/example_latest_only.py took 34.376 seconds
[2023-11-08T01:01:37.017+0000] {processor.py:157} INFO - Started process (PID=604) to work on /home/airflow/.local/lib/python3.8/site-packages/airflow/example_dags/example_latest_only.py
[2023-11-08T01:01:37.025+0000] {processor.py:829} INFO - Processing file /home/airflow/.local/lib/python3.8/site-packages/airflow/example_dags/example_latest_only.py for tasks to queue
[2023-11-08T01:01:37.040+0000] {logging_mixin.py:151} INFO - [2023-11-08T01:01:37.030+0000] {dagbag.py:536} INFO - Filling up the DagBag from /home/airflow/.local/lib/python3.8/site-packages/airflow/example_dags/example_latest_only.py
[2023-11-08T01:01:37.272+0000] {processor.py:839} INFO - DAG(s) dict_keys(['latest_only']) retrieved from /home/airflow/.local/lib/python3.8/site-packages/airflow/example_dags/example_latest_only.py
[2023-11-08T01:01:37.981+0000] {logging_mixin.py:151} INFO - [2023-11-08T01:01:37.979+0000] {dag.py:2941} INFO - Sync 1 DAGs
[2023-11-08T01:01:38.211+0000] {logging_mixin.py:151} INFO - [2023-11-08T01:01:38.209+0000] {dag.py:3722} INFO - Setting next_dagrun for latest_only to 2023-11-07T21:01:38.207845+00:00, run_after=2023-11-08T01:01:38.207845+00:00
[2023-11-08T01:01:38.489+0000] {processor.py:179} INFO - Processing /home/airflow/.local/lib/python3.8/site-packages/airflow/example_dags/example_latest_only.py took 1.591 seconds
[2023-11-08T01:04:33.800+0000] {processor.py:157} INFO - Started process (PID=671) to work on /home/airflow/.local/lib/python3.8/site-packages/airflow/example_dags/example_latest_only.py
[2023-11-08T01:04:35.272+0000] {processor.py:829} INFO - Processing file /home/airflow/.local/lib/python3.8/site-packages/airflow/example_dags/example_latest_only.py for tasks to queue
[2023-11-08T01:04:35.347+0000] {logging_mixin.py:151} INFO - [2023-11-08T01:04:35.331+0000] {dagbag.py:536} INFO - Filling up the DagBag from /home/airflow/.local/lib/python3.8/site-packages/airflow/example_dags/example_latest_only.py
[2023-11-08T01:04:36.577+0000] {processor.py:839} INFO - DAG(s) dict_keys(['latest_only']) retrieved from /home/airflow/.local/lib/python3.8/site-packages/airflow/example_dags/example_latest_only.py
[2023-11-08T01:04:48.445+0000] {logging_mixin.py:151} INFO - [2023-11-08T01:04:48.419+0000] {dag.py:2941} INFO - Sync 1 DAGs
[2023-11-08T01:04:48.774+0000] {logging_mixin.py:151} INFO - [2023-11-08T01:04:48.770+0000] {dag.py:3722} INFO - Setting next_dagrun for latest_only to 2023-11-07T21:04:48.757887+00:00, run_after=2023-11-08T01:04:48.757887+00:00
[2023-11-08T01:04:49.056+0000] {processor.py:179} INFO - Processing /home/airflow/.local/lib/python3.8/site-packages/airflow/example_dags/example_latest_only.py took 15.286 seconds
[2023-11-08T01:08:30.808+0000] {processor.py:157} INFO - Started process (PID=758) to work on /home/airflow/.local/lib/python3.8/site-packages/airflow/example_dags/example_latest_only.py
[2023-11-08T01:08:30.815+0000] {processor.py:829} INFO - Processing file /home/airflow/.local/lib/python3.8/site-packages/airflow/example_dags/example_latest_only.py for tasks to queue
[2023-11-08T01:08:30.824+0000] {logging_mixin.py:151} INFO - [2023-11-08T01:08:30.818+0000] {dagbag.py:536} INFO - Filling up the DagBag from /home/airflow/.local/lib/python3.8/site-packages/airflow/example_dags/example_latest_only.py
[2023-11-08T01:08:30.942+0000] {processor.py:839} INFO - DAG(s) dict_keys(['latest_only']) retrieved from /home/airflow/.local/lib/python3.8/site-packages/airflow/example_dags/example_latest_only.py
[2023-11-08T01:08:31.938+0000] {logging_mixin.py:151} INFO - [2023-11-08T01:08:31.916+0000] {dag.py:2941} INFO - Sync 1 DAGs
[2023-11-08T01:08:32.353+0000] {logging_mixin.py:151} INFO - [2023-11-08T01:08:32.339+0000] {dag.py:3722} INFO - Setting next_dagrun for latest_only to 2023-11-07T21:08:32.324911+00:00, run_after=2023-11-08T01:08:32.324911+00:00
[2023-11-08T01:08:33.123+0000] {processor.py:179} INFO - Processing /home/airflow/.local/lib/python3.8/site-packages/airflow/example_dags/example_latest_only.py took 2.343 seconds
[2023-11-08T01:11:43.617+0000] {processor.py:157} INFO - Started process (PID=821) to work on /home/airflow/.local/lib/python3.8/site-packages/airflow/example_dags/example_latest_only.py
[2023-11-08T01:11:43.630+0000] {processor.py:829} INFO - Processing file /home/airflow/.local/lib/python3.8/site-packages/airflow/example_dags/example_latest_only.py for tasks to queue
[2023-11-08T01:11:43.664+0000] {logging_mixin.py:151} INFO - [2023-11-08T01:11:43.635+0000] {dagbag.py:536} INFO - Filling up the DagBag from /home/airflow/.local/lib/python3.8/site-packages/airflow/example_dags/example_latest_only.py
[2023-11-08T01:11:43.844+0000] {processor.py:839} INFO - DAG(s) dict_keys(['latest_only']) retrieved from /home/airflow/.local/lib/python3.8/site-packages/airflow/example_dags/example_latest_only.py
[2023-11-08T01:12:03.722+0000] {logging_mixin.py:151} INFO - [2023-11-08T01:12:03.544+0000] {dag.py:2941} INFO - Sync 1 DAGs
[2023-11-08T01:12:09.781+0000] {logging_mixin.py:151} INFO - [2023-11-08T01:12:09.572+0000] {dag.py:3722} INFO - Setting next_dagrun for latest_only to 2023-11-07T21:12:09.408615+00:00, run_after=2023-11-08T01:12:09.408615+00:00
[2023-11-08T01:12:12.942+0000] {processor.py:179} INFO - Processing /home/airflow/.local/lib/python3.8/site-packages/airflow/example_dags/example_latest_only.py took 29.384 seconds
[2023-11-08T01:17:11.472+0000] {processor.py:157} INFO - Started process (PID=901) to work on /home/airflow/.local/lib/python3.8/site-packages/airflow/example_dags/example_latest_only.py
[2023-11-08T01:17:11.482+0000] {processor.py:829} INFO - Processing file /home/airflow/.local/lib/python3.8/site-packages/airflow/example_dags/example_latest_only.py for tasks to queue
[2023-11-08T01:17:11.503+0000] {logging_mixin.py:151} INFO - [2023-11-08T01:17:11.492+0000] {dagbag.py:536} INFO - Filling up the DagBag from /home/airflow/.local/lib/python3.8/site-packages/airflow/example_dags/example_latest_only.py
[2023-11-08T01:17:12.749+0000] {processor.py:839} INFO - DAG(s) dict_keys(['latest_only']) retrieved from /home/airflow/.local/lib/python3.8/site-packages/airflow/example_dags/example_latest_only.py
[2023-11-08T01:17:24.037+0000] {logging_mixin.py:151} INFO - [2023-11-08T01:17:23.871+0000] {dag.py:2941} INFO - Sync 1 DAGs
