[2023-11-08T00:51:48.827+0000] {processor.py:157} INFO - Started process (PID=116) to work on /home/airflow/.local/lib/python3.8/site-packages/airflow/example_dags/example_task_group.py
[2023-11-08T00:51:48.832+0000] {processor.py:829} INFO - Processing file /home/airflow/.local/lib/python3.8/site-packages/airflow/example_dags/example_task_group.py for tasks to queue
[2023-11-08T00:51:48.850+0000] {logging_mixin.py:151} INFO - [2023-11-08T00:51:48.849+0000] {dagbag.py:536} INFO - Filling up the DagBag from /home/airflow/.local/lib/python3.8/site-packages/airflow/example_dags/example_task_group.py
[2023-11-08T00:51:48.878+0000] {processor.py:839} INFO - DAG(s) dict_keys(['example_task_group']) retrieved from /home/airflow/.local/lib/python3.8/site-packages/airflow/example_dags/example_task_group.py
[2023-11-08T00:51:49.226+0000] {logging_mixin.py:151} INFO - [2023-11-08T00:51:49.225+0000] {manager.py:499} INFO - Created Permission View: %s
[2023-11-08T00:51:49.246+0000] {logging_mixin.py:151} INFO - [2023-11-08T00:51:49.245+0000] {manager.py:499} INFO - Created Permission View: %s
[2023-11-08T00:51:49.258+0000] {logging_mixin.py:151} INFO - [2023-11-08T00:51:49.258+0000] {manager.py:499} INFO - Created Permission View: %s
[2023-11-08T00:51:49.260+0000] {logging_mixin.py:151} INFO - [2023-11-08T00:51:49.259+0000] {dag.py:2941} INFO - Sync 1 DAGs
[2023-11-08T00:51:49.300+0000] {logging_mixin.py:151} INFO - [2023-11-08T00:51:49.299+0000] {dag.py:2963} INFO - Creating ORM DAG for example_task_group
[2023-11-08T00:51:49.334+0000] {logging_mixin.py:151} INFO - [2023-11-08T00:51:49.334+0000] {dag.py:3722} INFO - Setting next_dagrun for example_task_group to 2023-11-07T00:51:49.333328+00:00, run_after=2023-11-08T00:51:49.333328+00:00
[2023-11-08T00:51:49.410+0000] {processor.py:179} INFO - Processing /home/airflow/.local/lib/python3.8/site-packages/airflow/example_dags/example_task_group.py took 0.595 seconds
[2023-11-08T00:52:19.693+0000] {processor.py:157} INFO - Started process (PID=171) to work on /home/airflow/.local/lib/python3.8/site-packages/airflow/example_dags/example_task_group.py
[2023-11-08T00:52:19.694+0000] {processor.py:829} INFO - Processing file /home/airflow/.local/lib/python3.8/site-packages/airflow/example_dags/example_task_group.py for tasks to queue
[2023-11-08T00:52:19.697+0000] {logging_mixin.py:151} INFO - [2023-11-08T00:52:19.696+0000] {dagbag.py:536} INFO - Filling up the DagBag from /home/airflow/.local/lib/python3.8/site-packages/airflow/example_dags/example_task_group.py
[2023-11-08T00:52:19.705+0000] {processor.py:839} INFO - DAG(s) dict_keys(['example_task_group']) retrieved from /home/airflow/.local/lib/python3.8/site-packages/airflow/example_dags/example_task_group.py
[2023-11-08T00:52:19.739+0000] {logging_mixin.py:151} INFO - [2023-11-08T00:52:19.739+0000] {dag.py:2941} INFO - Sync 1 DAGs
[2023-11-08T00:52:19.764+0000] {logging_mixin.py:151} INFO - [2023-11-08T00:52:19.764+0000] {dag.py:3722} INFO - Setting next_dagrun for example_task_group to 2023-11-07T00:52:19.763906+00:00, run_after=2023-11-08T00:52:19.763906+00:00
[2023-11-08T00:52:19.780+0000] {processor.py:179} INFO - Processing /home/airflow/.local/lib/python3.8/site-packages/airflow/example_dags/example_task_group.py took 0.091 seconds
[2023-11-08T00:52:50.588+0000] {processor.py:157} INFO - Started process (PID=233) to work on /home/airflow/.local/lib/python3.8/site-packages/airflow/example_dags/example_task_group.py
[2023-11-08T00:52:50.589+0000] {processor.py:829} INFO - Processing file /home/airflow/.local/lib/python3.8/site-packages/airflow/example_dags/example_task_group.py for tasks to queue
[2023-11-08T00:52:50.592+0000] {logging_mixin.py:151} INFO - [2023-11-08T00:52:50.592+0000] {dagbag.py:536} INFO - Filling up the DagBag from /home/airflow/.local/lib/python3.8/site-packages/airflow/example_dags/example_task_group.py
[2023-11-08T00:52:50.603+0000] {processor.py:839} INFO - DAG(s) dict_keys(['example_task_group']) retrieved from /home/airflow/.local/lib/python3.8/site-packages/airflow/example_dags/example_task_group.py
[2023-11-08T00:52:50.648+0000] {logging_mixin.py:151} INFO - [2023-11-08T00:52:50.648+0000] {dag.py:2941} INFO - Sync 1 DAGs
[2023-11-08T00:52:50.686+0000] {logging_mixin.py:151} INFO - [2023-11-08T00:52:50.686+0000] {dag.py:3722} INFO - Setting next_dagrun for example_task_group to 2023-11-07T00:52:50.685441+00:00, run_after=2023-11-08T00:52:50.685441+00:00
[2023-11-08T00:52:50.705+0000] {processor.py:179} INFO - Processing /home/airflow/.local/lib/python3.8/site-packages/airflow/example_dags/example_task_group.py took 0.121 seconds
[2023-11-08T00:53:21.809+0000] {processor.py:157} INFO - Started process (PID=297) to work on /home/airflow/.local/lib/python3.8/site-packages/airflow/example_dags/example_task_group.py
[2023-11-08T00:53:21.812+0000] {processor.py:829} INFO - Processing file /home/airflow/.local/lib/python3.8/site-packages/airflow/example_dags/example_task_group.py for tasks to queue
[2023-11-08T00:53:21.816+0000] {logging_mixin.py:151} INFO - [2023-11-08T00:53:21.816+0000] {dagbag.py:536} INFO - Filling up the DagBag from /home/airflow/.local/lib/python3.8/site-packages/airflow/example_dags/example_task_group.py
[2023-11-08T00:53:21.834+0000] {processor.py:839} INFO - DAG(s) dict_keys(['example_task_group']) retrieved from /home/airflow/.local/lib/python3.8/site-packages/airflow/example_dags/example_task_group.py
[2023-11-08T00:53:21.888+0000] {logging_mixin.py:151} INFO - [2023-11-08T00:53:21.887+0000] {dag.py:2941} INFO - Sync 1 DAGs
[2023-11-08T00:53:21.955+0000] {logging_mixin.py:151} INFO - [2023-11-08T00:53:21.955+0000] {dag.py:3722} INFO - Setting next_dagrun for example_task_group to 2023-11-07T00:53:21.954302+00:00, run_after=2023-11-08T00:53:21.954302+00:00
[2023-11-08T00:53:21.988+0000] {processor.py:179} INFO - Processing /home/airflow/.local/lib/python3.8/site-packages/airflow/example_dags/example_task_group.py took 0.185 seconds
[2023-11-08T00:53:52.796+0000] {processor.py:157} INFO - Started process (PID=359) to work on /home/airflow/.local/lib/python3.8/site-packages/airflow/example_dags/example_task_group.py
[2023-11-08T00:53:52.798+0000] {processor.py:829} INFO - Processing file /home/airflow/.local/lib/python3.8/site-packages/airflow/example_dags/example_task_group.py for tasks to queue
[2023-11-08T00:53:52.801+0000] {logging_mixin.py:151} INFO - [2023-11-08T00:53:52.801+0000] {dagbag.py:536} INFO - Filling up the DagBag from /home/airflow/.local/lib/python3.8/site-packages/airflow/example_dags/example_task_group.py
[2023-11-08T00:53:52.814+0000] {processor.py:839} INFO - DAG(s) dict_keys(['example_task_group']) retrieved from /home/airflow/.local/lib/python3.8/site-packages/airflow/example_dags/example_task_group.py
[2023-11-08T00:53:52.915+0000] {logging_mixin.py:151} INFO - [2023-11-08T00:53:52.915+0000] {dag.py:2941} INFO - Sync 1 DAGs
[2023-11-08T00:53:52.957+0000] {logging_mixin.py:151} INFO - [2023-11-08T00:53:52.957+0000] {dag.py:3722} INFO - Setting next_dagrun for example_task_group to 2023-11-07T00:53:52.956858+00:00, run_after=2023-11-08T00:53:52.956858+00:00
[2023-11-08T00:53:52.988+0000] {processor.py:179} INFO - Processing /home/airflow/.local/lib/python3.8/site-packages/airflow/example_dags/example_task_group.py took 0.200 seconds
[2023-11-08T00:54:23.953+0000] {processor.py:157} INFO - Started process (PID=423) to work on /home/airflow/.local/lib/python3.8/site-packages/airflow/example_dags/example_task_group.py
[2023-11-08T00:54:23.956+0000] {processor.py:829} INFO - Processing file /home/airflow/.local/lib/python3.8/site-packages/airflow/example_dags/example_task_group.py for tasks to queue
[2023-11-08T00:54:23.962+0000] {logging_mixin.py:151} INFO - [2023-11-08T00:54:23.961+0000] {dagbag.py:536} INFO - Filling up the DagBag from /home/airflow/.local/lib/python3.8/site-packages/airflow/example_dags/example_task_group.py
[2023-11-08T00:54:23.976+0000] {processor.py:839} INFO - DAG(s) dict_keys(['example_task_group']) retrieved from /home/airflow/.local/lib/python3.8/site-packages/airflow/example_dags/example_task_group.py
[2023-11-08T00:54:24.016+0000] {logging_mixin.py:151} INFO - [2023-11-08T00:54:24.016+0000] {dag.py:2941} INFO - Sync 1 DAGs
[2023-11-08T00:54:24.079+0000] {logging_mixin.py:151} INFO - [2023-11-08T00:54:24.079+0000] {dag.py:3722} INFO - Setting next_dagrun for example_task_group to 2023-11-07T00:54:24.078670+00:00, run_after=2023-11-08T00:54:24.078670+00:00
[2023-11-08T00:54:24.129+0000] {processor.py:179} INFO - Processing /home/airflow/.local/lib/python3.8/site-packages/airflow/example_dags/example_task_group.py took 0.191 seconds
[2023-11-08T00:56:58.941+0000] {processor.py:157} INFO - Started process (PID=501) to work on /home/airflow/.local/lib/python3.8/site-packages/airflow/example_dags/example_task_group.py
[2023-11-08T00:56:58.955+0000] {processor.py:829} INFO - Processing file /home/airflow/.local/lib/python3.8/site-packages/airflow/example_dags/example_task_group.py for tasks to queue
[2023-11-08T00:56:58.968+0000] {logging_mixin.py:151} INFO - [2023-11-08T00:56:58.963+0000] {dagbag.py:536} INFO - Filling up the DagBag from /home/airflow/.local/lib/python3.8/site-packages/airflow/example_dags/example_task_group.py
[2023-11-08T00:56:59.052+0000] {processor.py:839} INFO - DAG(s) dict_keys(['example_task_group']) retrieved from /home/airflow/.local/lib/python3.8/site-packages/airflow/example_dags/example_task_group.py
[2023-11-08T00:56:59.883+0000] {logging_mixin.py:151} INFO - [2023-11-08T00:56:59.879+0000] {dag.py:2941} INFO - Sync 1 DAGs
[2023-11-08T00:57:00.137+0000] {logging_mixin.py:151} INFO - [2023-11-08T00:57:00.135+0000] {dag.py:3722} INFO - Setting next_dagrun for example_task_group to 2023-11-07T00:57:00.134709+00:00, run_after=2023-11-08T00:57:00.134709+00:00
[2023-11-08T00:57:00.292+0000] {processor.py:179} INFO - Processing /home/airflow/.local/lib/python3.8/site-packages/airflow/example_dags/example_task_group.py took 1.413 seconds
[2023-11-08T00:59:27.972+0000] {processor.py:157} INFO - Started process (PID=569) to work on /home/airflow/.local/lib/python3.8/site-packages/airflow/example_dags/example_task_group.py
[2023-11-08T00:59:27.980+0000] {processor.py:829} INFO - Processing file /home/airflow/.local/lib/python3.8/site-packages/airflow/example_dags/example_task_group.py for tasks to queue
[2023-11-08T00:59:27.996+0000] {logging_mixin.py:151} INFO - [2023-11-08T00:59:27.990+0000] {dagbag.py:536} INFO - Filling up the DagBag from /home/airflow/.local/lib/python3.8/site-packages/airflow/example_dags/example_task_group.py
[2023-11-08T00:59:28.175+0000] {processor.py:839} INFO - DAG(s) dict_keys(['example_task_group']) retrieved from /home/airflow/.local/lib/python3.8/site-packages/airflow/example_dags/example_task_group.py
[2023-11-08T00:59:33.232+0000] {logging_mixin.py:151} INFO - [2023-11-08T00:59:33.219+0000] {dag.py:2941} INFO - Sync 1 DAGs
[2023-11-08T00:59:34.817+0000] {logging_mixin.py:151} INFO - [2023-11-08T00:59:34.787+0000] {dag.py:3722} INFO - Setting next_dagrun for example_task_group to 2023-11-07T00:59:34.485025+00:00, run_after=2023-11-08T00:59:34.485025+00:00
[2023-11-08T00:59:35.424+0000] {processor.py:179} INFO - Processing /home/airflow/.local/lib/python3.8/site-packages/airflow/example_dags/example_task_group.py took 7.386 seconds
[2023-11-08T01:01:36.053+0000] {processor.py:157} INFO - Started process (PID=603) to work on /home/airflow/.local/lib/python3.8/site-packages/airflow/example_dags/example_task_group.py
[2023-11-08T01:01:36.064+0000] {processor.py:829} INFO - Processing file /home/airflow/.local/lib/python3.8/site-packages/airflow/example_dags/example_task_group.py for tasks to queue
[2023-11-08T01:01:36.075+0000] {logging_mixin.py:151} INFO - [2023-11-08T01:01:36.071+0000] {dagbag.py:536} INFO - Filling up the DagBag from /home/airflow/.local/lib/python3.8/site-packages/airflow/example_dags/example_task_group.py
[2023-11-08T01:01:36.235+0000] {processor.py:839} INFO - DAG(s) dict_keys(['example_task_group']) retrieved from /home/airflow/.local/lib/python3.8/site-packages/airflow/example_dags/example_task_group.py
[2023-11-08T01:01:36.474+0000] {logging_mixin.py:151} INFO - [2023-11-08T01:01:36.470+0000] {dag.py:2941} INFO - Sync 1 DAGs
[2023-11-08T01:01:36.647+0000] {logging_mixin.py:151} INFO - [2023-11-08T01:01:36.646+0000] {dag.py:3722} INFO - Setting next_dagrun for example_task_group to 2023-11-07T01:01:36.645638+00:00, run_after=2023-11-08T01:01:36.645638+00:00
[2023-11-08T01:01:36.930+0000] {processor.py:179} INFO - Processing /home/airflow/.local/lib/python3.8/site-packages/airflow/example_dags/example_task_group.py took 0.915 seconds
[2023-11-08T01:04:18.942+0000] {processor.py:157} INFO - Started process (PID=668) to work on /home/airflow/.local/lib/python3.8/site-packages/airflow/example_dags/example_task_group.py
[2023-11-08T01:04:18.999+0000] {processor.py:829} INFO - Processing file /home/airflow/.local/lib/python3.8/site-packages/airflow/example_dags/example_task_group.py for tasks to queue
[2023-11-08T01:04:19.031+0000] {logging_mixin.py:151} INFO - [2023-11-08T01:04:19.012+0000] {dagbag.py:536} INFO - Filling up the DagBag from /home/airflow/.local/lib/python3.8/site-packages/airflow/example_dags/example_task_group.py
[2023-11-08T01:04:19.411+0000] {processor.py:839} INFO - DAG(s) dict_keys(['example_task_group']) retrieved from /home/airflow/.local/lib/python3.8/site-packages/airflow/example_dags/example_task_group.py
[2023-11-08T01:04:20.245+0000] {logging_mixin.py:151} INFO - [2023-11-08T01:04:20.241+0000] {dag.py:2941} INFO - Sync 1 DAGs
[2023-11-08T01:04:21.314+0000] {logging_mixin.py:151} INFO - [2023-11-08T01:04:21.311+0000] {dag.py:3722} INFO - Setting next_dagrun for example_task_group to 2023-11-07T01:04:21.297546+00:00, run_after=2023-11-08T01:04:21.297546+00:00
[2023-11-08T01:04:21.760+0000] {processor.py:179} INFO - Processing /home/airflow/.local/lib/python3.8/site-packages/airflow/example_dags/example_task_group.py took 2.985 seconds
[2023-11-08T01:07:07.457+0000] {processor.py:157} INFO - Started process (PID=716) to work on /home/airflow/.local/lib/python3.8/site-packages/airflow/example_dags/example_task_group.py
[2023-11-08T01:07:07.471+0000] {processor.py:829} INFO - Processing file /home/airflow/.local/lib/python3.8/site-packages/airflow/example_dags/example_task_group.py for tasks to queue
[2023-11-08T01:07:07.483+0000] {logging_mixin.py:151} INFO - [2023-11-08T01:07:07.480+0000] {dagbag.py:536} INFO - Filling up the DagBag from /home/airflow/.local/lib/python3.8/site-packages/airflow/example_dags/example_task_group.py
[2023-11-08T01:07:07.720+0000] {processor.py:839} INFO - DAG(s) dict_keys(['example_task_group']) retrieved from /home/airflow/.local/lib/python3.8/site-packages/airflow/example_dags/example_task_group.py
[2023-11-08T01:07:07.911+0000] {logging_mixin.py:151} INFO - [2023-11-08T01:07:07.910+0000] {dag.py:2941} INFO - Sync 1 DAGs
[2023-11-08T01:07:08.010+0000] {logging_mixin.py:151} INFO - [2023-11-08T01:07:08.009+0000] {dag.py:3722} INFO - Setting next_dagrun for example_task_group to 2023-11-07T01:07:08.008629+00:00, run_after=2023-11-08T01:07:08.008629+00:00
[2023-11-08T01:07:08.090+0000] {processor.py:179} INFO - Processing /home/airflow/.local/lib/python3.8/site-packages/airflow/example_dags/example_task_group.py took 0.723 seconds
[2023-11-08T01:11:35.472+0000] {processor.py:157} INFO - Started process (PID=818) to work on /home/airflow/.local/lib/python3.8/site-packages/airflow/example_dags/example_task_group.py
[2023-11-08T01:11:35.502+0000] {processor.py:829} INFO - Processing file /home/airflow/.local/lib/python3.8/site-packages/airflow/example_dags/example_task_group.py for tasks to queue
[2023-11-08T01:11:35.531+0000] {logging_mixin.py:151} INFO - [2023-11-08T01:11:35.526+0000] {dagbag.py:536} INFO - Filling up the DagBag from /home/airflow/.local/lib/python3.8/site-packages/airflow/example_dags/example_task_group.py
[2023-11-08T01:11:36.009+0000] {processor.py:839} INFO - DAG(s) dict_keys(['example_task_group']) retrieved from /home/airflow/.local/lib/python3.8/site-packages/airflow/example_dags/example_task_group.py
[2023-11-08T01:11:36.825+0000] {logging_mixin.py:151} INFO - [2023-11-08T01:11:36.819+0000] {dag.py:2941} INFO - Sync 1 DAGs
[2023-11-08T01:11:37.442+0000] {logging_mixin.py:151} INFO - [2023-11-08T01:11:37.437+0000] {dag.py:3722} INFO - Setting next_dagrun for example_task_group to 2023-11-07T01:11:37.429161+00:00, run_after=2023-11-08T01:11:37.429161+00:00
[2023-11-08T01:11:37.821+0000] {processor.py:179} INFO - Processing /home/airflow/.local/lib/python3.8/site-packages/airflow/example_dags/example_task_group.py took 2.538 seconds
[2023-11-08T01:16:34.700+0000] {processor.py:157} INFO - Started process (PID=898) to work on /home/airflow/.local/lib/python3.8/site-packages/airflow/example_dags/example_task_group.py
[2023-11-08T01:16:34.801+0000] {processor.py:829} INFO - Processing file /home/airflow/.local/lib/python3.8/site-packages/airflow/example_dags/example_task_group.py for tasks to queue
[2023-11-08T01:16:34.914+0000] {logging_mixin.py:151} INFO - [2023-11-08T01:16:34.832+0000] {dagbag.py:536} INFO - Filling up the DagBag from /home/airflow/.local/lib/python3.8/site-packages/airflow/example_dags/example_task_group.py
[2023-11-08T01:16:36.716+0000] {processor.py:839} INFO - DAG(s) dict_keys(['example_task_group']) retrieved from /home/airflow/.local/lib/python3.8/site-packages/airflow/example_dags/example_task_group.py
[2023-11-08T01:16:39.244+0000] {logging_mixin.py:151} INFO - [2023-11-08T01:16:39.186+0000] {dag.py:2941} INFO - Sync 1 DAGs
[2023-11-08T01:16:40.389+0000] {logging_mixin.py:151} INFO - [2023-11-08T01:16:40.350+0000] {dag.py:3722} INFO - Setting next_dagrun for example_task_group to 2023-11-07T01:16:40.313356+00:00, run_after=2023-11-08T01:16:40.313356+00:00
[2023-11-08T01:16:41.274+0000] {processor.py:179} INFO - Processing /home/airflow/.local/lib/python3.8/site-packages/airflow/example_dags/example_task_group.py took 7.418 seconds
