[2023-11-08T00:51:45.939+0000] {processor.py:157} INFO - Started process (PID=105) to work on /home/airflow/.local/lib/python3.8/site-packages/airflow/example_dags/example_trigger_controller_dag.py
[2023-11-08T00:51:45.946+0000] {processor.py:829} INFO - Processing file /home/airflow/.local/lib/python3.8/site-packages/airflow/example_dags/example_trigger_controller_dag.py for tasks to queue
[2023-11-08T00:51:45.998+0000] {logging_mixin.py:151} INFO - [2023-11-08T00:51:45.997+0000] {dagbag.py:536} INFO - Filling up the DagBag from /home/airflow/.local/lib/python3.8/site-packages/airflow/example_dags/example_trigger_controller_dag.py
[2023-11-08T00:51:46.105+0000] {processor.py:839} INFO - DAG(s) dict_keys(['example_trigger_controller_dag']) retrieved from /home/airflow/.local/lib/python3.8/site-packages/airflow/example_dags/example_trigger_controller_dag.py
[2023-11-08T00:51:46.732+0000] {logging_mixin.py:151} INFO - [2023-11-08T00:51:46.730+0000] {manager.py:499} INFO - Created Permission View: %s
[2023-11-08T00:51:46.765+0000] {logging_mixin.py:151} INFO - [2023-11-08T00:51:46.764+0000] {manager.py:499} INFO - Created Permission View: %s
[2023-11-08T00:51:46.786+0000] {logging_mixin.py:151} INFO - [2023-11-08T00:51:46.785+0000] {manager.py:499} INFO - Created Permission View: %s
[2023-11-08T00:51:46.788+0000] {logging_mixin.py:151} INFO - [2023-11-08T00:51:46.788+0000] {dag.py:2941} INFO - Sync 1 DAGs
[2023-11-08T00:51:46.825+0000] {logging_mixin.py:151} INFO - [2023-11-08T00:51:46.825+0000] {dag.py:2963} INFO - Creating ORM DAG for example_trigger_controller_dag
[2023-11-08T00:51:46.857+0000] {logging_mixin.py:151} INFO - [2023-11-08T00:51:46.856+0000] {dag.py:3722} INFO - Setting next_dagrun for example_trigger_controller_dag to 2021-01-01T00:00:00+00:00, run_after=2021-01-01T00:00:00+00:00
[2023-11-08T00:51:46.931+0000] {processor.py:179} INFO - Processing /home/airflow/.local/lib/python3.8/site-packages/airflow/example_dags/example_trigger_controller_dag.py took 1.015 seconds
[2023-11-08T00:52:17.013+0000] {processor.py:157} INFO - Started process (PID=160) to work on /home/airflow/.local/lib/python3.8/site-packages/airflow/example_dags/example_trigger_controller_dag.py
[2023-11-08T00:52:17.014+0000] {processor.py:829} INFO - Processing file /home/airflow/.local/lib/python3.8/site-packages/airflow/example_dags/example_trigger_controller_dag.py for tasks to queue
[2023-11-08T00:52:17.017+0000] {logging_mixin.py:151} INFO - [2023-11-08T00:52:17.017+0000] {dagbag.py:536} INFO - Filling up the DagBag from /home/airflow/.local/lib/python3.8/site-packages/airflow/example_dags/example_trigger_controller_dag.py
[2023-11-08T00:52:17.022+0000] {processor.py:839} INFO - DAG(s) dict_keys(['example_trigger_controller_dag']) retrieved from /home/airflow/.local/lib/python3.8/site-packages/airflow/example_dags/example_trigger_controller_dag.py
[2023-11-08T00:52:17.049+0000] {logging_mixin.py:151} INFO - [2023-11-08T00:52:17.049+0000] {dag.py:2941} INFO - Sync 1 DAGs
[2023-11-08T00:52:17.072+0000] {logging_mixin.py:151} INFO - [2023-11-08T00:52:17.071+0000] {dag.py:3722} INFO - Setting next_dagrun for example_trigger_controller_dag to 2021-01-01T00:00:00+00:00, run_after=2021-01-01T00:00:00+00:00
[2023-11-08T00:52:17.086+0000] {processor.py:179} INFO - Processing /home/airflow/.local/lib/python3.8/site-packages/airflow/example_dags/example_trigger_controller_dag.py took 0.077 seconds
[2023-11-08T00:52:47.283+0000] {processor.py:157} INFO - Started process (PID=223) to work on /home/airflow/.local/lib/python3.8/site-packages/airflow/example_dags/example_trigger_controller_dag.py
[2023-11-08T00:52:47.285+0000] {processor.py:829} INFO - Processing file /home/airflow/.local/lib/python3.8/site-packages/airflow/example_dags/example_trigger_controller_dag.py for tasks to queue
[2023-11-08T00:52:47.287+0000] {logging_mixin.py:151} INFO - [2023-11-08T00:52:47.287+0000] {dagbag.py:536} INFO - Filling up the DagBag from /home/airflow/.local/lib/python3.8/site-packages/airflow/example_dags/example_trigger_controller_dag.py
[2023-11-08T00:52:47.292+0000] {processor.py:839} INFO - DAG(s) dict_keys(['example_trigger_controller_dag']) retrieved from /home/airflow/.local/lib/python3.8/site-packages/airflow/example_dags/example_trigger_controller_dag.py
[2023-11-08T00:52:47.315+0000] {logging_mixin.py:151} INFO - [2023-11-08T00:52:47.315+0000] {dag.py:2941} INFO - Sync 1 DAGs
[2023-11-08T00:52:47.334+0000] {logging_mixin.py:151} INFO - [2023-11-08T00:52:47.334+0000] {dag.py:3722} INFO - Setting next_dagrun for example_trigger_controller_dag to 2021-01-01T00:00:00+00:00, run_after=2021-01-01T00:00:00+00:00
[2023-11-08T00:52:47.350+0000] {processor.py:179} INFO - Processing /home/airflow/.local/lib/python3.8/site-packages/airflow/example_dags/example_trigger_controller_dag.py took 0.070 seconds
[2023-11-08T00:53:17.392+0000] {processor.py:157} INFO - Started process (PID=286) to work on /home/airflow/.local/lib/python3.8/site-packages/airflow/example_dags/example_trigger_controller_dag.py
[2023-11-08T00:53:17.397+0000] {processor.py:829} INFO - Processing file /home/airflow/.local/lib/python3.8/site-packages/airflow/example_dags/example_trigger_controller_dag.py for tasks to queue
[2023-11-08T00:53:17.406+0000] {logging_mixin.py:151} INFO - [2023-11-08T00:53:17.405+0000] {dagbag.py:536} INFO - Filling up the DagBag from /home/airflow/.local/lib/python3.8/site-packages/airflow/example_dags/example_trigger_controller_dag.py
[2023-11-08T00:53:17.413+0000] {processor.py:839} INFO - DAG(s) dict_keys(['example_trigger_controller_dag']) retrieved from /home/airflow/.local/lib/python3.8/site-packages/airflow/example_dags/example_trigger_controller_dag.py
[2023-11-08T00:53:17.441+0000] {logging_mixin.py:151} INFO - [2023-11-08T00:53:17.441+0000] {dag.py:2941} INFO - Sync 1 DAGs
[2023-11-08T00:53:17.468+0000] {logging_mixin.py:151} INFO - [2023-11-08T00:53:17.468+0000] {dag.py:3722} INFO - Setting next_dagrun for example_trigger_controller_dag to 2021-01-01T00:00:00+00:00, run_after=2021-01-01T00:00:00+00:00
[2023-11-08T00:53:17.487+0000] {processor.py:179} INFO - Processing /home/airflow/.local/lib/python3.8/site-packages/airflow/example_dags/example_trigger_controller_dag.py took 0.103 seconds
[2023-11-08T00:53:47.572+0000] {processor.py:157} INFO - Started process (PID=350) to work on /home/airflow/.local/lib/python3.8/site-packages/airflow/example_dags/example_trigger_controller_dag.py
[2023-11-08T00:53:47.574+0000] {processor.py:829} INFO - Processing file /home/airflow/.local/lib/python3.8/site-packages/airflow/example_dags/example_trigger_controller_dag.py for tasks to queue
[2023-11-08T00:53:47.578+0000] {logging_mixin.py:151} INFO - [2023-11-08T00:53:47.578+0000] {dagbag.py:536} INFO - Filling up the DagBag from /home/airflow/.local/lib/python3.8/site-packages/airflow/example_dags/example_trigger_controller_dag.py
[2023-11-08T00:53:47.586+0000] {processor.py:839} INFO - DAG(s) dict_keys(['example_trigger_controller_dag']) retrieved from /home/airflow/.local/lib/python3.8/site-packages/airflow/example_dags/example_trigger_controller_dag.py
[2023-11-08T00:53:47.618+0000] {logging_mixin.py:151} INFO - [2023-11-08T00:53:47.618+0000] {dag.py:2941} INFO - Sync 1 DAGs
[2023-11-08T00:53:47.638+0000] {logging_mixin.py:151} INFO - [2023-11-08T00:53:47.638+0000] {dag.py:3722} INFO - Setting next_dagrun for example_trigger_controller_dag to 2021-01-01T00:00:00+00:00, run_after=2021-01-01T00:00:00+00:00
[2023-11-08T00:53:47.651+0000] {processor.py:179} INFO - Processing /home/airflow/.local/lib/python3.8/site-packages/airflow/example_dags/example_trigger_controller_dag.py took 0.084 seconds
[2023-11-08T00:54:18.524+0000] {processor.py:157} INFO - Started process (PID=412) to work on /home/airflow/.local/lib/python3.8/site-packages/airflow/example_dags/example_trigger_controller_dag.py
[2023-11-08T00:54:18.527+0000] {processor.py:829} INFO - Processing file /home/airflow/.local/lib/python3.8/site-packages/airflow/example_dags/example_trigger_controller_dag.py for tasks to queue
[2023-11-08T00:54:18.532+0000] {logging_mixin.py:151} INFO - [2023-11-08T00:54:18.531+0000] {dagbag.py:536} INFO - Filling up the DagBag from /home/airflow/.local/lib/python3.8/site-packages/airflow/example_dags/example_trigger_controller_dag.py
[2023-11-08T00:54:18.542+0000] {processor.py:839} INFO - DAG(s) dict_keys(['example_trigger_controller_dag']) retrieved from /home/airflow/.local/lib/python3.8/site-packages/airflow/example_dags/example_trigger_controller_dag.py
[2023-11-08T00:54:18.606+0000] {logging_mixin.py:151} INFO - [2023-11-08T00:54:18.606+0000] {dag.py:2941} INFO - Sync 1 DAGs
[2023-11-08T00:54:18.641+0000] {logging_mixin.py:151} INFO - [2023-11-08T00:54:18.641+0000] {dag.py:3722} INFO - Setting next_dagrun for example_trigger_controller_dag to 2021-01-01T00:00:00+00:00, run_after=2021-01-01T00:00:00+00:00
[2023-11-08T00:54:18.713+0000] {processor.py:179} INFO - Processing /home/airflow/.local/lib/python3.8/site-packages/airflow/example_dags/example_trigger_controller_dag.py took 0.201 seconds
[2023-11-08T00:55:50.126+0000] {processor.py:157} INFO - Started process (PID=482) to work on /home/airflow/.local/lib/python3.8/site-packages/airflow/example_dags/example_trigger_controller_dag.py
[2023-11-08T00:55:50.150+0000] {processor.py:829} INFO - Processing file /home/airflow/.local/lib/python3.8/site-packages/airflow/example_dags/example_trigger_controller_dag.py for tasks to queue
[2023-11-08T00:55:50.232+0000] {logging_mixin.py:151} INFO - [2023-11-08T00:55:50.229+0000] {dagbag.py:536} INFO - Filling up the DagBag from /home/airflow/.local/lib/python3.8/site-packages/airflow/example_dags/example_trigger_controller_dag.py
[2023-11-08T00:55:50.321+0000] {processor.py:839} INFO - DAG(s) dict_keys(['example_trigger_controller_dag']) retrieved from /home/airflow/.local/lib/python3.8/site-packages/airflow/example_dags/example_trigger_controller_dag.py
[2023-11-08T00:55:50.656+0000] {logging_mixin.py:151} INFO - [2023-11-08T00:55:50.654+0000] {dag.py:2941} INFO - Sync 1 DAGs
[2023-11-08T00:55:50.790+0000] {logging_mixin.py:151} INFO - [2023-11-08T00:55:50.789+0000] {dag.py:3722} INFO - Setting next_dagrun for example_trigger_controller_dag to 2021-01-01T00:00:00+00:00, run_after=2021-01-01T00:00:00+00:00
[2023-11-08T00:55:50.875+0000] {processor.py:179} INFO - Processing /home/airflow/.local/lib/python3.8/site-packages/airflow/example_dags/example_trigger_controller_dag.py took 0.803 seconds
[2023-11-08T00:59:19.848+0000] {processor.py:157} INFO - Started process (PID=566) to work on /home/airflow/.local/lib/python3.8/site-packages/airflow/example_dags/example_trigger_controller_dag.py
[2023-11-08T00:59:19.868+0000] {processor.py:829} INFO - Processing file /home/airflow/.local/lib/python3.8/site-packages/airflow/example_dags/example_trigger_controller_dag.py for tasks to queue
[2023-11-08T00:59:19.874+0000] {logging_mixin.py:151} INFO - [2023-11-08T00:59:19.873+0000] {dagbag.py:536} INFO - Filling up the DagBag from /home/airflow/.local/lib/python3.8/site-packages/airflow/example_dags/example_trigger_controller_dag.py
[2023-11-08T00:59:19.988+0000] {processor.py:839} INFO - DAG(s) dict_keys(['example_trigger_controller_dag']) retrieved from /home/airflow/.local/lib/python3.8/site-packages/airflow/example_dags/example_trigger_controller_dag.py
[2023-11-08T00:59:23.115+0000] {logging_mixin.py:151} INFO - [2023-11-08T00:59:23.106+0000] {dag.py:2941} INFO - Sync 1 DAGs
[2023-11-08T00:59:23.648+0000] {logging_mixin.py:151} INFO - [2023-11-08T00:59:23.595+0000] {dag.py:3722} INFO - Setting next_dagrun for example_trigger_controller_dag to 2021-01-01T00:00:00+00:00, run_after=2021-01-01T00:00:00+00:00
[2023-11-08T00:59:25.484+0000] {processor.py:179} INFO - Processing /home/airflow/.local/lib/python3.8/site-packages/airflow/example_dags/example_trigger_controller_dag.py took 5.689 seconds
[2023-11-08T01:01:34.705+0000] {processor.py:157} INFO - Started process (PID=601) to work on /home/airflow/.local/lib/python3.8/site-packages/airflow/example_dags/example_trigger_controller_dag.py
[2023-11-08T01:01:34.738+0000] {processor.py:829} INFO - Processing file /home/airflow/.local/lib/python3.8/site-packages/airflow/example_dags/example_trigger_controller_dag.py for tasks to queue
[2023-11-08T01:01:34.742+0000] {logging_mixin.py:151} INFO - [2023-11-08T01:01:34.741+0000] {dagbag.py:536} INFO - Filling up the DagBag from /home/airflow/.local/lib/python3.8/site-packages/airflow/example_dags/example_trigger_controller_dag.py
[2023-11-08T01:01:34.817+0000] {processor.py:839} INFO - DAG(s) dict_keys(['example_trigger_controller_dag']) retrieved from /home/airflow/.local/lib/python3.8/site-packages/airflow/example_dags/example_trigger_controller_dag.py
[2023-11-08T01:01:35.311+0000] {logging_mixin.py:151} INFO - [2023-11-08T01:01:35.308+0000] {dag.py:2941} INFO - Sync 1 DAGs
[2023-11-08T01:01:35.527+0000] {logging_mixin.py:151} INFO - [2023-11-08T01:01:35.526+0000] {dag.py:3722} INFO - Setting next_dagrun for example_trigger_controller_dag to 2021-01-01T00:00:00+00:00, run_after=2021-01-01T00:00:00+00:00
[2023-11-08T01:01:35.713+0000] {processor.py:179} INFO - Processing /home/airflow/.local/lib/python3.8/site-packages/airflow/example_dags/example_trigger_controller_dag.py took 1.046 seconds
[2023-11-08T01:04:11.019+0000] {processor.py:157} INFO - Started process (PID=659) to work on /home/airflow/.local/lib/python3.8/site-packages/airflow/example_dags/example_trigger_controller_dag.py
[2023-11-08T01:04:11.122+0000] {processor.py:829} INFO - Processing file /home/airflow/.local/lib/python3.8/site-packages/airflow/example_dags/example_trigger_controller_dag.py for tasks to queue
[2023-11-08T01:04:11.158+0000] {logging_mixin.py:151} INFO - [2023-11-08T01:04:11.139+0000] {dagbag.py:536} INFO - Filling up the DagBag from /home/airflow/.local/lib/python3.8/site-packages/airflow/example_dags/example_trigger_controller_dag.py
[2023-11-08T01:04:11.781+0000] {processor.py:839} INFO - DAG(s) dict_keys(['example_trigger_controller_dag']) retrieved from /home/airflow/.local/lib/python3.8/site-packages/airflow/example_dags/example_trigger_controller_dag.py
[2023-11-08T01:04:14.463+0000] {logging_mixin.py:151} INFO - [2023-11-08T01:04:14.426+0000] {dag.py:2941} INFO - Sync 1 DAGs
[2023-11-08T01:04:16.260+0000] {logging_mixin.py:151} INFO - [2023-11-08T01:04:16.253+0000] {dag.py:3722} INFO - Setting next_dagrun for example_trigger_controller_dag to 2021-01-01T00:00:00+00:00, run_after=2021-01-01T00:00:00+00:00
[2023-11-08T01:04:16.445+0000] {processor.py:179} INFO - Processing /home/airflow/.local/lib/python3.8/site-packages/airflow/example_dags/example_trigger_controller_dag.py took 5.769 seconds
[2023-11-08T01:07:00.653+0000] {processor.py:157} INFO - Started process (PID=708) to work on /home/airflow/.local/lib/python3.8/site-packages/airflow/example_dags/example_trigger_controller_dag.py
[2023-11-08T01:07:00.706+0000] {processor.py:829} INFO - Processing file /home/airflow/.local/lib/python3.8/site-packages/airflow/example_dags/example_trigger_controller_dag.py for tasks to queue
[2023-11-08T01:07:00.887+0000] {logging_mixin.py:151} INFO - [2023-11-08T01:07:00.746+0000] {dagbag.py:536} INFO - Filling up the DagBag from /home/airflow/.local/lib/python3.8/site-packages/airflow/example_dags/example_trigger_controller_dag.py
[2023-11-08T01:07:02.101+0000] {processor.py:839} INFO - DAG(s) dict_keys(['example_trigger_controller_dag']) retrieved from /home/airflow/.local/lib/python3.8/site-packages/airflow/example_dags/example_trigger_controller_dag.py
[2023-11-08T01:07:04.541+0000] {logging_mixin.py:151} INFO - [2023-11-08T01:07:04.422+0000] {dag.py:2941} INFO - Sync 1 DAGs
[2023-11-08T01:07:05.303+0000] {logging_mixin.py:151} INFO - [2023-11-08T01:07:05.249+0000] {dag.py:3722} INFO - Setting next_dagrun for example_trigger_controller_dag to 2021-01-01T00:00:00+00:00, run_after=2021-01-01T00:00:00+00:00
[2023-11-08T01:07:06.354+0000] {processor.py:179} INFO - Processing /home/airflow/.local/lib/python3.8/site-packages/airflow/example_dags/example_trigger_controller_dag.py took 6.077 seconds
[2023-11-08T01:11:06.199+0000] {processor.py:157} INFO - Started process (PID=809) to work on /home/airflow/.local/lib/python3.8/site-packages/airflow/example_dags/example_trigger_controller_dag.py
[2023-11-08T01:11:07.317+0000] {processor.py:829} INFO - Processing file /home/airflow/.local/lib/python3.8/site-packages/airflow/example_dags/example_trigger_controller_dag.py for tasks to queue
[2023-11-08T01:11:07.399+0000] {logging_mixin.py:151} INFO - [2023-11-08T01:11:07.333+0000] {dagbag.py:536} INFO - Filling up the DagBag from /home/airflow/.local/lib/python3.8/site-packages/airflow/example_dags/example_trigger_controller_dag.py
[2023-11-08T01:11:07.837+0000] {processor.py:839} INFO - DAG(s) dict_keys(['example_trigger_controller_dag']) retrieved from /home/airflow/.local/lib/python3.8/site-packages/airflow/example_dags/example_trigger_controller_dag.py
[2023-11-08T01:11:18.345+0000] {logging_mixin.py:151} INFO - [2023-11-08T01:11:18.312+0000] {dag.py:2941} INFO - Sync 1 DAGs
[2023-11-08T01:11:23.484+0000] {logging_mixin.py:151} INFO - [2023-11-08T01:11:22.496+0000] {dag.py:3722} INFO - Setting next_dagrun for example_trigger_controller_dag to 2021-01-01T00:00:00+00:00, run_after=2021-01-01T00:00:00+00:00
[2023-11-08T01:11:27.785+0000] {processor.py:179} INFO - Processing /home/airflow/.local/lib/python3.8/site-packages/airflow/example_dags/example_trigger_controller_dag.py took 21.886 seconds
[2023-11-08T01:16:05.278+0000] {processor.py:157} INFO - Started process (PID=889) to work on /home/airflow/.local/lib/python3.8/site-packages/airflow/example_dags/example_trigger_controller_dag.py
[2023-11-08T01:16:05.844+0000] {processor.py:829} INFO - Processing file /home/airflow/.local/lib/python3.8/site-packages/airflow/example_dags/example_trigger_controller_dag.py for tasks to queue
[2023-11-08T01:16:06.406+0000] {logging_mixin.py:151} INFO - [2023-11-08T01:16:06.165+0000] {dagbag.py:536} INFO - Filling up the DagBag from /home/airflow/.local/lib/python3.8/site-packages/airflow/example_dags/example_trigger_controller_dag.py
[2023-11-08T01:16:07.073+0000] {processor.py:839} INFO - DAG(s) dict_keys(['example_trigger_controller_dag']) retrieved from /home/airflow/.local/lib/python3.8/site-packages/airflow/example_dags/example_trigger_controller_dag.py
[2023-11-08T01:16:15.780+0000] {logging_mixin.py:151} INFO - [2023-11-08T01:16:15.754+0000] {dag.py:2941} INFO - Sync 1 DAGs
[2023-11-08T01:16:17.479+0000] {logging_mixin.py:151} INFO - [2023-11-08T01:16:17.390+0000] {dag.py:3722} INFO - Setting next_dagrun for example_trigger_controller_dag to 2021-01-01T00:00:00+00:00, run_after=2021-01-01T00:00:00+00:00
[2023-11-08T01:16:18.418+0000] {processor.py:179} INFO - Processing /home/airflow/.local/lib/python3.8/site-packages/airflow/example_dags/example_trigger_controller_dag.py took 13.927 seconds
