[2023-11-08T00:51:24.819+0000] {processor.py:157} INFO - Started process (PID=76) to work on /home/airflow/.local/lib/python3.8/site-packages/airflow/example_dags/example_branch_labels.py
[2023-11-08T00:51:24.832+0000] {processor.py:829} INFO - Processing file /home/airflow/.local/lib/python3.8/site-packages/airflow/example_dags/example_branch_labels.py for tasks to queue
[2023-11-08T00:51:24.851+0000] {logging_mixin.py:151} INFO - [2023-11-08T00:51:24.850+0000] {dagbag.py:536} INFO - Filling up the DagBag from /home/airflow/.local/lib/python3.8/site-packages/airflow/example_dags/example_branch_labels.py
[2023-11-08T00:51:24.964+0000] {processor.py:839} INFO - DAG(s) dict_keys(['example_branch_labels']) retrieved from /home/airflow/.local/lib/python3.8/site-packages/airflow/example_dags/example_branch_labels.py
[2023-11-08T00:51:26.294+0000] {logging_mixin.py:151} INFO - [2023-11-08T00:51:26.292+0000] {manager.py:499} INFO - Created Permission View: %s
[2023-11-08T00:51:26.320+0000] {logging_mixin.py:151} INFO - [2023-11-08T00:51:26.320+0000] {manager.py:499} INFO - Created Permission View: %s
[2023-11-08T00:51:26.333+0000] {logging_mixin.py:151} INFO - [2023-11-08T00:51:26.332+0000] {manager.py:499} INFO - Created Permission View: %s
[2023-11-08T00:51:26.335+0000] {logging_mixin.py:151} INFO - [2023-11-08T00:51:26.335+0000] {dag.py:2941} INFO - Sync 1 DAGs
[2023-11-08T00:51:26.410+0000] {logging_mixin.py:151} INFO - [2023-11-08T00:51:26.409+0000] {dag.py:2963} INFO - Creating ORM DAG for example_branch_labels
[2023-11-08T00:51:26.486+0000] {logging_mixin.py:151} INFO - [2023-11-08T00:51:26.485+0000] {dag.py:3722} INFO - Setting next_dagrun for example_branch_labels to 2023-11-07T00:00:00+00:00, run_after=2023-11-08T00:00:00+00:00
[2023-11-08T00:51:26.547+0000] {processor.py:179} INFO - Processing /home/airflow/.local/lib/python3.8/site-packages/airflow/example_dags/example_branch_labels.py took 1.742 seconds
[2023-11-08T00:51:57.296+0000] {processor.py:157} INFO - Started process (PID=139) to work on /home/airflow/.local/lib/python3.8/site-packages/airflow/example_dags/example_branch_labels.py
[2023-11-08T00:51:57.304+0000] {processor.py:829} INFO - Processing file /home/airflow/.local/lib/python3.8/site-packages/airflow/example_dags/example_branch_labels.py for tasks to queue
[2023-11-08T00:51:57.313+0000] {logging_mixin.py:151} INFO - [2023-11-08T00:51:57.312+0000] {dagbag.py:536} INFO - Filling up the DagBag from /home/airflow/.local/lib/python3.8/site-packages/airflow/example_dags/example_branch_labels.py
[2023-11-08T00:51:57.340+0000] {processor.py:839} INFO - DAG(s) dict_keys(['example_branch_labels']) retrieved from /home/airflow/.local/lib/python3.8/site-packages/airflow/example_dags/example_branch_labels.py
[2023-11-08T00:51:57.378+0000] {logging_mixin.py:151} INFO - [2023-11-08T00:51:57.378+0000] {dag.py:2941} INFO - Sync 1 DAGs
[2023-11-08T00:51:57.409+0000] {logging_mixin.py:151} INFO - [2023-11-08T00:51:57.409+0000] {dag.py:3722} INFO - Setting next_dagrun for example_branch_labels to 2023-11-07T00:00:00+00:00, run_after=2023-11-08T00:00:00+00:00
[2023-11-08T00:51:57.434+0000] {processor.py:179} INFO - Processing /home/airflow/.local/lib/python3.8/site-packages/airflow/example_dags/example_branch_labels.py took 0.152 seconds
[2023-11-08T00:52:27.572+0000] {processor.py:157} INFO - Started process (PID=202) to work on /home/airflow/.local/lib/python3.8/site-packages/airflow/example_dags/example_branch_labels.py
[2023-11-08T00:52:27.575+0000] {processor.py:829} INFO - Processing file /home/airflow/.local/lib/python3.8/site-packages/airflow/example_dags/example_branch_labels.py for tasks to queue
[2023-11-08T00:52:27.581+0000] {logging_mixin.py:151} INFO - [2023-11-08T00:52:27.580+0000] {dagbag.py:536} INFO - Filling up the DagBag from /home/airflow/.local/lib/python3.8/site-packages/airflow/example_dags/example_branch_labels.py
[2023-11-08T00:52:27.625+0000] {processor.py:839} INFO - DAG(s) dict_keys(['example_branch_labels']) retrieved from /home/airflow/.local/lib/python3.8/site-packages/airflow/example_dags/example_branch_labels.py
[2023-11-08T00:52:27.672+0000] {logging_mixin.py:151} INFO - [2023-11-08T00:52:27.672+0000] {dag.py:2941} INFO - Sync 1 DAGs
[2023-11-08T00:52:27.720+0000] {logging_mixin.py:151} INFO - [2023-11-08T00:52:27.720+0000] {dag.py:3722} INFO - Setting next_dagrun for example_branch_labels to 2023-11-07T00:00:00+00:00, run_after=2023-11-08T00:00:00+00:00
[2023-11-08T00:52:27.746+0000] {processor.py:179} INFO - Processing /home/airflow/.local/lib/python3.8/site-packages/airflow/example_dags/example_branch_labels.py took 0.184 seconds
[2023-11-08T00:52:58.718+0000] {processor.py:157} INFO - Started process (PID=255) to work on /home/airflow/.local/lib/python3.8/site-packages/airflow/example_dags/example_branch_labels.py
[2023-11-08T00:52:58.741+0000] {processor.py:829} INFO - Processing file /home/airflow/.local/lib/python3.8/site-packages/airflow/example_dags/example_branch_labels.py for tasks to queue
[2023-11-08T00:52:58.756+0000] {logging_mixin.py:151} INFO - [2023-11-08T00:52:58.755+0000] {dagbag.py:536} INFO - Filling up the DagBag from /home/airflow/.local/lib/python3.8/site-packages/airflow/example_dags/example_branch_labels.py
[2023-11-08T00:52:58.786+0000] {processor.py:839} INFO - DAG(s) dict_keys(['example_branch_labels']) retrieved from /home/airflow/.local/lib/python3.8/site-packages/airflow/example_dags/example_branch_labels.py
[2023-11-08T00:52:58.843+0000] {logging_mixin.py:151} INFO - [2023-11-08T00:52:58.843+0000] {dag.py:2941} INFO - Sync 1 DAGs
[2023-11-08T00:52:58.905+0000] {logging_mixin.py:151} INFO - [2023-11-08T00:52:58.904+0000] {dag.py:3722} INFO - Setting next_dagrun for example_branch_labels to 2023-11-07T00:00:00+00:00, run_after=2023-11-08T00:00:00+00:00
[2023-11-08T00:52:58.949+0000] {processor.py:179} INFO - Processing /home/airflow/.local/lib/python3.8/site-packages/airflow/example_dags/example_branch_labels.py took 0.250 seconds
[2023-11-08T00:53:30.090+0000] {processor.py:157} INFO - Started process (PID=318) to work on /home/airflow/.local/lib/python3.8/site-packages/airflow/example_dags/example_branch_labels.py
[2023-11-08T00:53:30.113+0000] {processor.py:829} INFO - Processing file /home/airflow/.local/lib/python3.8/site-packages/airflow/example_dags/example_branch_labels.py for tasks to queue
[2023-11-08T00:53:30.124+0000] {logging_mixin.py:151} INFO - [2023-11-08T00:53:30.123+0000] {dagbag.py:536} INFO - Filling up the DagBag from /home/airflow/.local/lib/python3.8/site-packages/airflow/example_dags/example_branch_labels.py
[2023-11-08T00:53:30.161+0000] {processor.py:839} INFO - DAG(s) dict_keys(['example_branch_labels']) retrieved from /home/airflow/.local/lib/python3.8/site-packages/airflow/example_dags/example_branch_labels.py
[2023-11-08T00:53:30.254+0000] {logging_mixin.py:151} INFO - [2023-11-08T00:53:30.253+0000] {dag.py:2941} INFO - Sync 1 DAGs
[2023-11-08T00:53:30.377+0000] {logging_mixin.py:151} INFO - [2023-11-08T00:53:30.376+0000] {dag.py:3722} INFO - Setting next_dagrun for example_branch_labels to 2023-11-07T00:00:00+00:00, run_after=2023-11-08T00:00:00+00:00
[2023-11-08T00:53:30.456+0000] {processor.py:179} INFO - Processing /home/airflow/.local/lib/python3.8/site-packages/airflow/example_dags/example_branch_labels.py took 0.402 seconds
[2023-11-08T00:54:01.923+0000] {processor.py:157} INFO - Started process (PID=381) to work on /home/airflow/.local/lib/python3.8/site-packages/airflow/example_dags/example_branch_labels.py
[2023-11-08T00:54:01.926+0000] {processor.py:829} INFO - Processing file /home/airflow/.local/lib/python3.8/site-packages/airflow/example_dags/example_branch_labels.py for tasks to queue
[2023-11-08T00:54:01.934+0000] {logging_mixin.py:151} INFO - [2023-11-08T00:54:01.933+0000] {dagbag.py:536} INFO - Filling up the DagBag from /home/airflow/.local/lib/python3.8/site-packages/airflow/example_dags/example_branch_labels.py
[2023-11-08T00:54:01.973+0000] {processor.py:839} INFO - DAG(s) dict_keys(['example_branch_labels']) retrieved from /home/airflow/.local/lib/python3.8/site-packages/airflow/example_dags/example_branch_labels.py
[2023-11-08T00:54:02.065+0000] {logging_mixin.py:151} INFO - [2023-11-08T00:54:02.064+0000] {dag.py:2941} INFO - Sync 1 DAGs
[2023-11-08T00:54:02.154+0000] {logging_mixin.py:151} INFO - [2023-11-08T00:54:02.153+0000] {dag.py:3722} INFO - Setting next_dagrun for example_branch_labels to 2023-11-07T00:00:00+00:00, run_after=2023-11-08T00:00:00+00:00
[2023-11-08T00:54:02.190+0000] {processor.py:179} INFO - Processing /home/airflow/.local/lib/python3.8/site-packages/airflow/example_dags/example_branch_labels.py took 0.275 seconds
[2023-11-08T00:54:32.481+0000] {processor.py:157} INFO - Started process (PID=436) to work on /home/airflow/.local/lib/python3.8/site-packages/airflow/example_dags/example_branch_labels.py
[2023-11-08T00:54:32.492+0000] {processor.py:829} INFO - Processing file /home/airflow/.local/lib/python3.8/site-packages/airflow/example_dags/example_branch_labels.py for tasks to queue
[2023-11-08T00:54:32.528+0000] {logging_mixin.py:151} INFO - [2023-11-08T00:54:32.523+0000] {dagbag.py:536} INFO - Filling up the DagBag from /home/airflow/.local/lib/python3.8/site-packages/airflow/example_dags/example_branch_labels.py
[2023-11-08T00:54:32.589+0000] {processor.py:839} INFO - DAG(s) dict_keys(['example_branch_labels']) retrieved from /home/airflow/.local/lib/python3.8/site-packages/airflow/example_dags/example_branch_labels.py
[2023-11-08T00:54:32.843+0000] {logging_mixin.py:151} INFO - [2023-11-08T00:54:32.842+0000] {dag.py:2941} INFO - Sync 1 DAGs
[2023-11-08T00:54:33.040+0000] {logging_mixin.py:151} INFO - [2023-11-08T00:54:33.038+0000] {dag.py:3722} INFO - Setting next_dagrun for example_branch_labels to 2023-11-07T00:00:00+00:00, run_after=2023-11-08T00:00:00+00:00
[2023-11-08T00:54:33.101+0000] {processor.py:179} INFO - Processing /home/airflow/.local/lib/python3.8/site-packages/airflow/example_dags/example_branch_labels.py took 0.646 seconds
[2023-11-08T00:55:51.211+0000] {processor.py:157} INFO - Started process (PID=484) to work on /home/airflow/.local/lib/python3.8/site-packages/airflow/example_dags/example_branch_labels.py
[2023-11-08T00:55:51.226+0000] {processor.py:829} INFO - Processing file /home/airflow/.local/lib/python3.8/site-packages/airflow/example_dags/example_branch_labels.py for tasks to queue
[2023-11-08T00:55:51.243+0000] {logging_mixin.py:151} INFO - [2023-11-08T00:55:51.242+0000] {dagbag.py:536} INFO - Filling up the DagBag from /home/airflow/.local/lib/python3.8/site-packages/airflow/example_dags/example_branch_labels.py
[2023-11-08T00:55:51.313+0000] {processor.py:839} INFO - DAG(s) dict_keys(['example_branch_labels']) retrieved from /home/airflow/.local/lib/python3.8/site-packages/airflow/example_dags/example_branch_labels.py
[2023-11-08T00:55:52.061+0000] {logging_mixin.py:151} INFO - [2023-11-08T00:55:52.051+0000] {dag.py:2941} INFO - Sync 1 DAGs
[2023-11-08T00:55:54.193+0000] {logging_mixin.py:151} INFO - [2023-11-08T00:55:54.155+0000] {dag.py:3722} INFO - Setting next_dagrun for example_branch_labels to 2023-11-07T00:00:00+00:00, run_after=2023-11-08T00:00:00+00:00
[2023-11-08T00:55:54.445+0000] {processor.py:179} INFO - Processing /home/airflow/.local/lib/python3.8/site-packages/airflow/example_dags/example_branch_labels.py took 3.272 seconds
[2023-11-08T00:58:41.716+0000] {processor.py:157} INFO - Started process (PID=538) to work on /home/airflow/.local/lib/python3.8/site-packages/airflow/example_dags/example_branch_labels.py
[2023-11-08T00:58:41.725+0000] {processor.py:829} INFO - Processing file /home/airflow/.local/lib/python3.8/site-packages/airflow/example_dags/example_branch_labels.py for tasks to queue
[2023-11-08T00:58:41.733+0000] {logging_mixin.py:151} INFO - [2023-11-08T00:58:41.730+0000] {dagbag.py:536} INFO - Filling up the DagBag from /home/airflow/.local/lib/python3.8/site-packages/airflow/example_dags/example_branch_labels.py
[2023-11-08T00:58:41.873+0000] {processor.py:839} INFO - DAG(s) dict_keys(['example_branch_labels']) retrieved from /home/airflow/.local/lib/python3.8/site-packages/airflow/example_dags/example_branch_labels.py
[2023-11-08T00:58:53.786+0000] {logging_mixin.py:151} INFO - [2023-11-08T00:58:53.739+0000] {dag.py:2941} INFO - Sync 1 DAGs
[2023-11-08T00:58:54.181+0000] {logging_mixin.py:151} INFO - [2023-11-08T00:58:54.175+0000] {dag.py:3722} INFO - Setting next_dagrun for example_branch_labels to 2023-11-07T00:00:00+00:00, run_after=2023-11-08T00:00:00+00:00
[2023-11-08T00:58:55.061+0000] {processor.py:179} INFO - Processing /home/airflow/.local/lib/python3.8/site-packages/airflow/example_dags/example_branch_labels.py took 13.362 seconds
[2023-11-08T01:00:14.592+0000] {processor.py:157} INFO - Started process (PID=580) to work on /home/airflow/.local/lib/python3.8/site-packages/airflow/example_dags/example_branch_labels.py
[2023-11-08T01:00:14.597+0000] {processor.py:829} INFO - Processing file /home/airflow/.local/lib/python3.8/site-packages/airflow/example_dags/example_branch_labels.py for tasks to queue
[2023-11-08T01:00:14.600+0000] {logging_mixin.py:151} INFO - [2023-11-08T01:00:14.599+0000] {dagbag.py:536} INFO - Filling up the DagBag from /home/airflow/.local/lib/python3.8/site-packages/airflow/example_dags/example_branch_labels.py
[2023-11-08T01:00:14.656+0000] {processor.py:839} INFO - DAG(s) dict_keys(['example_branch_labels']) retrieved from /home/airflow/.local/lib/python3.8/site-packages/airflow/example_dags/example_branch_labels.py
[2023-11-08T01:00:15.073+0000] {logging_mixin.py:151} INFO - [2023-11-08T01:00:15.071+0000] {dag.py:2941} INFO - Sync 1 DAGs
[2023-11-08T01:00:15.315+0000] {logging_mixin.py:151} INFO - [2023-11-08T01:00:15.314+0000] {dag.py:3722} INFO - Setting next_dagrun for example_branch_labels to 2023-11-07T00:00:00+00:00, run_after=2023-11-08T00:00:00+00:00
[2023-11-08T01:00:15.573+0000] {processor.py:179} INFO - Processing /home/airflow/.local/lib/python3.8/site-packages/airflow/example_dags/example_branch_labels.py took 1.034 seconds
[2023-11-08T01:03:23.317+0000] {processor.py:157} INFO - Started process (PID=631) to work on /home/airflow/.local/lib/python3.8/site-packages/airflow/example_dags/example_branch_labels.py
[2023-11-08T01:03:23.357+0000] {processor.py:829} INFO - Processing file /home/airflow/.local/lib/python3.8/site-packages/airflow/example_dags/example_branch_labels.py for tasks to queue
[2023-11-08T01:03:23.405+0000] {logging_mixin.py:151} INFO - [2023-11-08T01:03:23.377+0000] {dagbag.py:536} INFO - Filling up the DagBag from /home/airflow/.local/lib/python3.8/site-packages/airflow/example_dags/example_branch_labels.py
[2023-11-08T01:03:25.226+0000] {processor.py:839} INFO - DAG(s) dict_keys(['example_branch_labels']) retrieved from /home/airflow/.local/lib/python3.8/site-packages/airflow/example_dags/example_branch_labels.py
[2023-11-08T01:03:40.648+0000] {logging_mixin.py:151} INFO - [2023-11-08T01:03:40.587+0000] {dag.py:2941} INFO - Sync 1 DAGs
[2023-11-08T01:03:41.949+0000] {logging_mixin.py:151} INFO - [2023-11-08T01:03:41.933+0000] {dag.py:3722} INFO - Setting next_dagrun for example_branch_labels to 2023-11-07T00:00:00+00:00, run_after=2023-11-08T00:00:00+00:00
[2023-11-08T01:03:42.507+0000] {processor.py:179} INFO - Processing /home/airflow/.local/lib/python3.8/site-packages/airflow/example_dags/example_branch_labels.py took 19.442 seconds
[2023-11-08T01:05:26.142+0000] {processor.py:157} INFO - Started process (PID=680) to work on /home/airflow/.local/lib/python3.8/site-packages/airflow/example_dags/example_branch_labels.py
[2023-11-08T01:05:26.151+0000] {processor.py:829} INFO - Processing file /home/airflow/.local/lib/python3.8/site-packages/airflow/example_dags/example_branch_labels.py for tasks to queue
[2023-11-08T01:05:26.162+0000] {logging_mixin.py:151} INFO - [2023-11-08T01:05:26.161+0000] {dagbag.py:536} INFO - Filling up the DagBag from /home/airflow/.local/lib/python3.8/site-packages/airflow/example_dags/example_branch_labels.py
[2023-11-08T01:05:26.604+0000] {processor.py:839} INFO - DAG(s) dict_keys(['example_branch_labels']) retrieved from /home/airflow/.local/lib/python3.8/site-packages/airflow/example_dags/example_branch_labels.py
[2023-11-08T01:05:27.251+0000] {logging_mixin.py:151} INFO - [2023-11-08T01:05:27.242+0000] {dag.py:2941} INFO - Sync 1 DAGs
[2023-11-08T01:05:27.948+0000] {logging_mixin.py:151} INFO - [2023-11-08T01:05:27.924+0000] {dag.py:3722} INFO - Setting next_dagrun for example_branch_labels to 2023-11-07T00:00:00+00:00, run_after=2023-11-08T00:00:00+00:00
[2023-11-08T01:05:28.713+0000] {processor.py:179} INFO - Processing /home/airflow/.local/lib/python3.8/site-packages/airflow/example_dags/example_branch_labels.py took 2.612 seconds
[2023-11-08T01:08:11.983+0000] {processor.py:157} INFO - Started process (PID=738) to work on /home/airflow/.local/lib/python3.8/site-packages/airflow/example_dags/example_branch_labels.py
[2023-11-08T01:08:12.045+0000] {processor.py:829} INFO - Processing file /home/airflow/.local/lib/python3.8/site-packages/airflow/example_dags/example_branch_labels.py for tasks to queue
[2023-11-08T01:08:12.093+0000] {logging_mixin.py:151} INFO - [2023-11-08T01:08:12.075+0000] {dagbag.py:536} INFO - Filling up the DagBag from /home/airflow/.local/lib/python3.8/site-packages/airflow/example_dags/example_branch_labels.py
[2023-11-08T01:08:13.714+0000] {processor.py:839} INFO - DAG(s) dict_keys(['example_branch_labels']) retrieved from /home/airflow/.local/lib/python3.8/site-packages/airflow/example_dags/example_branch_labels.py
[2023-11-08T01:08:14.724+0000] {logging_mixin.py:151} INFO - [2023-11-08T01:08:14.712+0000] {dag.py:2941} INFO - Sync 1 DAGs
[2023-11-08T01:08:15.131+0000] {logging_mixin.py:151} INFO - [2023-11-08T01:08:15.128+0000] {dag.py:3722} INFO - Setting next_dagrun for example_branch_labels to 2023-11-07T00:00:00+00:00, run_after=2023-11-08T00:00:00+00:00
[2023-11-08T01:08:15.805+0000] {processor.py:179} INFO - Processing /home/airflow/.local/lib/python3.8/site-packages/airflow/example_dags/example_branch_labels.py took 4.503 seconds
[2023-11-08T01:09:10.797+0000] {processor.py:157} INFO - Started process (PID=774) to work on /home/airflow/.local/lib/python3.8/site-packages/airflow/example_dags/example_branch_labels.py
[2023-11-08T01:09:10.891+0000] {processor.py:829} INFO - Processing file /home/airflow/.local/lib/python3.8/site-packages/airflow/example_dags/example_branch_labels.py for tasks to queue
[2023-11-08T01:09:10.915+0000] {logging_mixin.py:151} INFO - [2023-11-08T01:09:10.902+0000] {dagbag.py:536} INFO - Filling up the DagBag from /home/airflow/.local/lib/python3.8/site-packages/airflow/example_dags/example_branch_labels.py
[2023-11-08T01:09:11.178+0000] {processor.py:839} INFO - DAG(s) dict_keys(['example_branch_labels']) retrieved from /home/airflow/.local/lib/python3.8/site-packages/airflow/example_dags/example_branch_labels.py
[2023-11-08T01:09:12.127+0000] {logging_mixin.py:151} INFO - [2023-11-08T01:09:12.125+0000] {dag.py:2941} INFO - Sync 1 DAGs
[2023-11-08T01:09:12.428+0000] {logging_mixin.py:151} INFO - [2023-11-08T01:09:12.427+0000] {dag.py:3722} INFO - Setting next_dagrun for example_branch_labels to 2023-11-07T00:00:00+00:00, run_after=2023-11-08T00:00:00+00:00
[2023-11-08T01:09:12.634+0000] {processor.py:179} INFO - Processing /home/airflow/.local/lib/python3.8/site-packages/airflow/example_dags/example_branch_labels.py took 1.928 seconds
[2023-11-08T01:12:58.988+0000] {processor.py:157} INFO - Started process (PID=848) to work on /home/airflow/.local/lib/python3.8/site-packages/airflow/example_dags/example_branch_labels.py
[2023-11-08T01:12:59.020+0000] {processor.py:829} INFO - Processing file /home/airflow/.local/lib/python3.8/site-packages/airflow/example_dags/example_branch_labels.py for tasks to queue
[2023-11-08T01:12:59.052+0000] {logging_mixin.py:151} INFO - [2023-11-08T01:12:59.044+0000] {dagbag.py:536} INFO - Filling up the DagBag from /home/airflow/.local/lib/python3.8/site-packages/airflow/example_dags/example_branch_labels.py
[2023-11-08T01:12:59.581+0000] {processor.py:839} INFO - DAG(s) dict_keys(['example_branch_labels']) retrieved from /home/airflow/.local/lib/python3.8/site-packages/airflow/example_dags/example_branch_labels.py
[2023-11-08T01:13:02.338+0000] {logging_mixin.py:151} INFO - [2023-11-08T01:13:02.242+0000] {dag.py:2941} INFO - Sync 1 DAGs
[2023-11-08T01:13:04.221+0000] {logging_mixin.py:151} INFO - [2023-11-08T01:13:04.192+0000] {dag.py:3722} INFO - Setting next_dagrun for example_branch_labels to 2023-11-07T00:00:00+00:00, run_after=2023-11-08T00:00:00+00:00
[2023-11-08T01:13:06.192+0000] {processor.py:179} INFO - Processing /home/airflow/.local/lib/python3.8/site-packages/airflow/example_dags/example_branch_labels.py took 7.312 seconds
