[2023-11-08T00:51:47.113+0000] {processor.py:157} INFO - Started process (PID=114) to work on /home/airflow/.local/lib/python3.8/site-packages/airflow/example_dags/example_dag_decorator.py
[2023-11-08T00:51:47.117+0000] {processor.py:829} INFO - Processing file /home/airflow/.local/lib/python3.8/site-packages/airflow/example_dags/example_dag_decorator.py for tasks to queue
[2023-11-08T00:51:47.126+0000] {logging_mixin.py:151} INFO - [2023-11-08T00:51:47.125+0000] {dagbag.py:536} INFO - Filling up the DagBag from /home/airflow/.local/lib/python3.8/site-packages/airflow/example_dags/example_dag_decorator.py
[2023-11-08T00:51:47.564+0000] {processor.py:839} INFO - DAG(s) dict_keys(['example_dag_decorator']) retrieved from /home/airflow/.local/lib/python3.8/site-packages/airflow/example_dags/example_dag_decorator.py
[2023-11-08T00:51:48.046+0000] {logging_mixin.py:151} INFO - [2023-11-08T00:51:48.044+0000] {manager.py:499} INFO - Created Permission View: %s
[2023-11-08T00:51:48.071+0000] {logging_mixin.py:151} INFO - [2023-11-08T00:51:48.071+0000] {manager.py:499} INFO - Created Permission View: %s
[2023-11-08T00:51:48.084+0000] {logging_mixin.py:151} INFO - [2023-11-08T00:51:48.084+0000] {manager.py:499} INFO - Created Permission View: %s
[2023-11-08T00:51:48.085+0000] {logging_mixin.py:151} INFO - [2023-11-08T00:51:48.085+0000] {dag.py:2941} INFO - Sync 1 DAGs
[2023-11-08T00:51:48.120+0000] {logging_mixin.py:151} INFO - [2023-11-08T00:51:48.120+0000] {dag.py:2963} INFO - Creating ORM DAG for example_dag_decorator
[2023-11-08T00:51:48.124+0000] {logging_mixin.py:151} INFO - [2023-11-08T00:51:48.124+0000] {dag.py:3722} INFO - Setting next_dagrun for example_dag_decorator to None, run_after=None
[2023-11-08T00:51:48.193+0000] {processor.py:179} INFO - Processing /home/airflow/.local/lib/python3.8/site-packages/airflow/example_dags/example_dag_decorator.py took 1.104 seconds
[2023-11-08T00:52:19.137+0000] {processor.py:157} INFO - Started process (PID=169) to work on /home/airflow/.local/lib/python3.8/site-packages/airflow/example_dags/example_dag_decorator.py
[2023-11-08T00:52:19.140+0000] {processor.py:829} INFO - Processing file /home/airflow/.local/lib/python3.8/site-packages/airflow/example_dags/example_dag_decorator.py for tasks to queue
[2023-11-08T00:52:19.150+0000] {logging_mixin.py:151} INFO - [2023-11-08T00:52:19.148+0000] {dagbag.py:536} INFO - Filling up the DagBag from /home/airflow/.local/lib/python3.8/site-packages/airflow/example_dags/example_dag_decorator.py
[2023-11-08T00:52:19.264+0000] {processor.py:839} INFO - DAG(s) dict_keys(['example_dag_decorator']) retrieved from /home/airflow/.local/lib/python3.8/site-packages/airflow/example_dags/example_dag_decorator.py
[2023-11-08T00:52:19.455+0000] {logging_mixin.py:151} INFO - [2023-11-08T00:52:19.455+0000] {dag.py:2941} INFO - Sync 1 DAGs
[2023-11-08T00:52:19.468+0000] {logging_mixin.py:151} INFO - [2023-11-08T00:52:19.468+0000] {dag.py:3722} INFO - Setting next_dagrun for example_dag_decorator to None, run_after=None
[2023-11-08T00:52:19.502+0000] {processor.py:179} INFO - Processing /home/airflow/.local/lib/python3.8/site-packages/airflow/example_dags/example_dag_decorator.py took 0.369 seconds
[2023-11-08T00:52:50.378+0000] {processor.py:157} INFO - Started process (PID=231) to work on /home/airflow/.local/lib/python3.8/site-packages/airflow/example_dags/example_dag_decorator.py
[2023-11-08T00:52:50.381+0000] {processor.py:829} INFO - Processing file /home/airflow/.local/lib/python3.8/site-packages/airflow/example_dags/example_dag_decorator.py for tasks to queue
[2023-11-08T00:52:50.391+0000] {logging_mixin.py:151} INFO - [2023-11-08T00:52:50.389+0000] {dagbag.py:536} INFO - Filling up the DagBag from /home/airflow/.local/lib/python3.8/site-packages/airflow/example_dags/example_dag_decorator.py
[2023-11-08T00:52:50.570+0000] {processor.py:839} INFO - DAG(s) dict_keys(['example_dag_decorator']) retrieved from /home/airflow/.local/lib/python3.8/site-packages/airflow/example_dags/example_dag_decorator.py
[2023-11-08T00:52:50.766+0000] {logging_mixin.py:151} INFO - [2023-11-08T00:52:50.766+0000] {dag.py:2941} INFO - Sync 1 DAGs
[2023-11-08T00:52:50.776+0000] {logging_mixin.py:151} INFO - [2023-11-08T00:52:50.776+0000] {dag.py:3722} INFO - Setting next_dagrun for example_dag_decorator to None, run_after=None
[2023-11-08T00:52:50.802+0000] {processor.py:179} INFO - Processing /home/airflow/.local/lib/python3.8/site-packages/airflow/example_dags/example_dag_decorator.py took 0.434 seconds
[2023-11-08T00:53:21.551+0000] {processor.py:157} INFO - Started process (PID=295) to work on /home/airflow/.local/lib/python3.8/site-packages/airflow/example_dags/example_dag_decorator.py
[2023-11-08T00:53:21.554+0000] {processor.py:829} INFO - Processing file /home/airflow/.local/lib/python3.8/site-packages/airflow/example_dags/example_dag_decorator.py for tasks to queue
[2023-11-08T00:53:21.562+0000] {logging_mixin.py:151} INFO - [2023-11-08T00:53:21.561+0000] {dagbag.py:536} INFO - Filling up the DagBag from /home/airflow/.local/lib/python3.8/site-packages/airflow/example_dags/example_dag_decorator.py
[2023-11-08T00:53:21.785+0000] {processor.py:839} INFO - DAG(s) dict_keys(['example_dag_decorator']) retrieved from /home/airflow/.local/lib/python3.8/site-packages/airflow/example_dags/example_dag_decorator.py
[2023-11-08T00:53:22.053+0000] {logging_mixin.py:151} INFO - [2023-11-08T00:53:22.052+0000] {dag.py:2941} INFO - Sync 1 DAGs
[2023-11-08T00:53:22.072+0000] {logging_mixin.py:151} INFO - [2023-11-08T00:53:22.072+0000] {dag.py:3722} INFO - Setting next_dagrun for example_dag_decorator to None, run_after=None
[2023-11-08T00:53:22.800+0000] {processor.py:179} INFO - Processing /home/airflow/.local/lib/python3.8/site-packages/airflow/example_dags/example_dag_decorator.py took 1.267 seconds
[2023-11-08T00:53:53.141+0000] {processor.py:157} INFO - Started process (PID=362) to work on /home/airflow/.local/lib/python3.8/site-packages/airflow/example_dags/example_dag_decorator.py
[2023-11-08T00:53:53.142+0000] {processor.py:829} INFO - Processing file /home/airflow/.local/lib/python3.8/site-packages/airflow/example_dags/example_dag_decorator.py for tasks to queue
[2023-11-08T00:53:53.144+0000] {logging_mixin.py:151} INFO - [2023-11-08T00:53:53.144+0000] {dagbag.py:536} INFO - Filling up the DagBag from /home/airflow/.local/lib/python3.8/site-packages/airflow/example_dags/example_dag_decorator.py
[2023-11-08T00:53:53.302+0000] {processor.py:839} INFO - DAG(s) dict_keys(['example_dag_decorator']) retrieved from /home/airflow/.local/lib/python3.8/site-packages/airflow/example_dags/example_dag_decorator.py
[2023-11-08T00:53:53.461+0000] {logging_mixin.py:151} INFO - [2023-11-08T00:53:53.461+0000] {dag.py:2941} INFO - Sync 1 DAGs
[2023-11-08T00:53:53.478+0000] {logging_mixin.py:151} INFO - [2023-11-08T00:53:53.478+0000] {dag.py:3722} INFO - Setting next_dagrun for example_dag_decorator to None, run_after=None
[2023-11-08T00:53:53.497+0000] {processor.py:179} INFO - Processing /home/airflow/.local/lib/python3.8/site-packages/airflow/example_dags/example_dag_decorator.py took 0.360 seconds
[2023-11-08T00:54:23.675+0000] {processor.py:157} INFO - Started process (PID=421) to work on /home/airflow/.local/lib/python3.8/site-packages/airflow/example_dags/example_dag_decorator.py
[2023-11-08T00:54:23.678+0000] {processor.py:829} INFO - Processing file /home/airflow/.local/lib/python3.8/site-packages/airflow/example_dags/example_dag_decorator.py for tasks to queue
[2023-11-08T00:54:23.687+0000] {logging_mixin.py:151} INFO - [2023-11-08T00:54:23.686+0000] {dagbag.py:536} INFO - Filling up the DagBag from /home/airflow/.local/lib/python3.8/site-packages/airflow/example_dags/example_dag_decorator.py
[2023-11-08T00:54:23.883+0000] {processor.py:839} INFO - DAG(s) dict_keys(['example_dag_decorator']) retrieved from /home/airflow/.local/lib/python3.8/site-packages/airflow/example_dags/example_dag_decorator.py
[2023-11-08T00:54:24.162+0000] {logging_mixin.py:151} INFO - [2023-11-08T00:54:24.162+0000] {dag.py:2941} INFO - Sync 1 DAGs
[2023-11-08T00:54:24.209+0000] {logging_mixin.py:151} INFO - [2023-11-08T00:54:24.208+0000] {dag.py:3722} INFO - Setting next_dagrun for example_dag_decorator to None, run_after=None
[2023-11-08T00:54:24.261+0000] {processor.py:179} INFO - Processing /home/airflow/.local/lib/python3.8/site-packages/airflow/example_dags/example_dag_decorator.py took 0.601 seconds
[2023-11-08T00:56:55.384+0000] {processor.py:157} INFO - Started process (PID=499) to work on /home/airflow/.local/lib/python3.8/site-packages/airflow/example_dags/example_dag_decorator.py
[2023-11-08T00:56:55.390+0000] {processor.py:829} INFO - Processing file /home/airflow/.local/lib/python3.8/site-packages/airflow/example_dags/example_dag_decorator.py for tasks to queue
[2023-11-08T00:56:55.394+0000] {logging_mixin.py:151} INFO - [2023-11-08T00:56:55.393+0000] {dagbag.py:536} INFO - Filling up the DagBag from /home/airflow/.local/lib/python3.8/site-packages/airflow/example_dags/example_dag_decorator.py
[2023-11-08T00:56:57.178+0000] {processor.py:839} INFO - DAG(s) dict_keys(['example_dag_decorator']) retrieved from /home/airflow/.local/lib/python3.8/site-packages/airflow/example_dags/example_dag_decorator.py
[2023-11-08T00:56:59.713+0000] {logging_mixin.py:151} INFO - [2023-11-08T00:56:59.708+0000] {dag.py:2941} INFO - Sync 1 DAGs
[2023-11-08T00:56:59.811+0000] {logging_mixin.py:151} INFO - [2023-11-08T00:56:59.810+0000] {dag.py:3722} INFO - Setting next_dagrun for example_dag_decorator to None, run_after=None
[2023-11-08T00:57:25.052+0000] {processor.py:179} INFO - Processing /home/airflow/.local/lib/python3.8/site-packages/airflow/example_dags/example_dag_decorator.py took 29.793 seconds
[2023-11-08T00:59:20.470+0000] {processor.py:157} INFO - Started process (PID=567) to work on /home/airflow/.local/lib/python3.8/site-packages/airflow/example_dags/example_dag_decorator.py
[2023-11-08T00:59:20.493+0000] {processor.py:829} INFO - Processing file /home/airflow/.local/lib/python3.8/site-packages/airflow/example_dags/example_dag_decorator.py for tasks to queue
[2023-11-08T00:59:20.508+0000] {logging_mixin.py:151} INFO - [2023-11-08T00:59:20.500+0000] {dagbag.py:536} INFO - Filling up the DagBag from /home/airflow/.local/lib/python3.8/site-packages/airflow/example_dags/example_dag_decorator.py
[2023-11-08T00:59:25.208+0000] {processor.py:839} INFO - DAG(s) dict_keys(['example_dag_decorator']) retrieved from /home/airflow/.local/lib/python3.8/site-packages/airflow/example_dags/example_dag_decorator.py
[2023-11-08T00:59:30.889+0000] {logging_mixin.py:151} INFO - [2023-11-08T00:59:30.884+0000] {dag.py:2941} INFO - Sync 1 DAGs
[2023-11-08T01:00:05.103+0000] {logging_mixin.py:151} INFO - [2023-11-08T01:00:05.070+0000] {dag.py:3722} INFO - Setting next_dagrun for example_dag_decorator to None, run_after=None
[2023-11-08T01:00:05.712+0000] {processor.py:179} INFO - Processing /home/airflow/.local/lib/python3.8/site-packages/airflow/example_dags/example_dag_decorator.py took 45.289 seconds
[2023-11-08T01:04:11.103+0000] {processor.py:157} INFO - Started process (PID=660) to work on /home/airflow/.local/lib/python3.8/site-packages/airflow/example_dags/example_dag_decorator.py
[2023-11-08T01:04:11.140+0000] {processor.py:829} INFO - Processing file /home/airflow/.local/lib/python3.8/site-packages/airflow/example_dags/example_dag_decorator.py for tasks to queue
[2023-11-08T01:04:11.161+0000] {logging_mixin.py:151} INFO - [2023-11-08T01:04:11.158+0000] {dagbag.py:536} INFO - Filling up the DagBag from /home/airflow/.local/lib/python3.8/site-packages/airflow/example_dags/example_dag_decorator.py
[2023-11-08T01:04:17.258+0000] {processor.py:839} INFO - DAG(s) dict_keys(['example_dag_decorator']) retrieved from /home/airflow/.local/lib/python3.8/site-packages/airflow/example_dags/example_dag_decorator.py
[2023-11-08T01:04:21.754+0000] {logging_mixin.py:151} INFO - [2023-11-08T01:04:21.734+0000] {dag.py:2941} INFO - Sync 1 DAGs
[2023-11-08T01:04:22.090+0000] {logging_mixin.py:151} INFO - [2023-11-08T01:04:22.081+0000] {dag.py:3722} INFO - Setting next_dagrun for example_dag_decorator to None, run_after=None
[2023-11-08T01:04:56.720+0000] {processor.py:179} INFO - Processing /home/airflow/.local/lib/python3.8/site-packages/airflow/example_dags/example_dag_decorator.py took 45.158 seconds
[2023-11-08T01:08:27.733+0000] {processor.py:157} INFO - Started process (PID=757) to work on /home/airflow/.local/lib/python3.8/site-packages/airflow/example_dags/example_dag_decorator.py
[2023-11-08T01:08:27.771+0000] {processor.py:829} INFO - Processing file /home/airflow/.local/lib/python3.8/site-packages/airflow/example_dags/example_dag_decorator.py for tasks to queue
[2023-11-08T01:08:27.813+0000] {logging_mixin.py:151} INFO - [2023-11-08T01:08:27.810+0000] {dagbag.py:536} INFO - Filling up the DagBag from /home/airflow/.local/lib/python3.8/site-packages/airflow/example_dags/example_dag_decorator.py
[2023-11-08T01:08:31.046+0000] {processor.py:839} INFO - DAG(s) dict_keys(['example_dag_decorator']) retrieved from /home/airflow/.local/lib/python3.8/site-packages/airflow/example_dags/example_dag_decorator.py
[2023-11-08T01:08:35.358+0000] {logging_mixin.py:151} INFO - [2023-11-08T01:08:35.347+0000] {dag.py:2941} INFO - Sync 1 DAGs
[2023-11-08T01:08:35.789+0000] {logging_mixin.py:151} INFO - [2023-11-08T01:08:35.751+0000] {dag.py:3722} INFO - Setting next_dagrun for example_dag_decorator to None, run_after=None
[2023-11-08T01:09:02.697+0000] {processor.py:179} INFO - Processing /home/airflow/.local/lib/python3.8/site-packages/airflow/example_dags/example_dag_decorator.py took 35.006 seconds
[2023-11-08T01:16:15.601+0000] {processor.py:157} INFO - Started process (PID=890) to work on /home/airflow/.local/lib/python3.8/site-packages/airflow/example_dags/example_dag_decorator.py
[2023-11-08T01:16:15.736+0000] {processor.py:829} INFO - Processing file /home/airflow/.local/lib/python3.8/site-packages/airflow/example_dags/example_dag_decorator.py for tasks to queue
[2023-11-08T01:16:15.783+0000] {logging_mixin.py:151} INFO - [2023-11-08T01:16:15.768+0000] {dagbag.py:536} INFO - Filling up the DagBag from /home/airflow/.local/lib/python3.8/site-packages/airflow/example_dags/example_dag_decorator.py
[2023-11-08T01:16:23.309+0000] {processor.py:839} INFO - DAG(s) dict_keys(['example_dag_decorator']) retrieved from /home/airflow/.local/lib/python3.8/site-packages/airflow/example_dags/example_dag_decorator.py
