[2023-11-08T00:51:37.793+0000] {processor.py:157} INFO - Started process (PID=97) to work on /home/airflow/.local/lib/python3.8/site-packages/airflow/example_dags/example_branch_operator.py
[2023-11-08T00:51:37.799+0000] {processor.py:829} INFO - Processing file /home/airflow/.local/lib/python3.8/site-packages/airflow/example_dags/example_branch_operator.py for tasks to queue
[2023-11-08T00:51:37.804+0000] {logging_mixin.py:151} INFO - [2023-11-08T00:51:37.804+0000] {dagbag.py:536} INFO - Filling up the DagBag from /home/airflow/.local/lib/python3.8/site-packages/airflow/example_dags/example_branch_operator.py
[2023-11-08T00:51:37.827+0000] {processor.py:839} INFO - DAG(s) dict_keys(['example_branch_operator']) retrieved from /home/airflow/.local/lib/python3.8/site-packages/airflow/example_dags/example_branch_operator.py
[2023-11-08T00:51:38.106+0000] {logging_mixin.py:151} INFO - [2023-11-08T00:51:38.105+0000] {manager.py:499} INFO - Created Permission View: %s
[2023-11-08T00:51:38.121+0000] {logging_mixin.py:151} INFO - [2023-11-08T00:51:38.120+0000] {manager.py:499} INFO - Created Permission View: %s
[2023-11-08T00:51:38.132+0000] {logging_mixin.py:151} INFO - [2023-11-08T00:51:38.132+0000] {manager.py:499} INFO - Created Permission View: %s
[2023-11-08T00:51:38.134+0000] {logging_mixin.py:151} INFO - [2023-11-08T00:51:38.133+0000] {dag.py:2941} INFO - Sync 1 DAGs
[2023-11-08T00:51:38.168+0000] {logging_mixin.py:151} INFO - [2023-11-08T00:51:38.168+0000] {dag.py:2963} INFO - Creating ORM DAG for example_branch_operator
[2023-11-08T00:51:38.204+0000] {logging_mixin.py:151} INFO - [2023-11-08T00:51:38.203+0000] {dag.py:3722} INFO - Setting next_dagrun for example_branch_operator to 2023-11-07T00:00:00+00:00, run_after=2023-11-08T00:00:00+00:00
[2023-11-08T00:51:38.234+0000] {processor.py:179} INFO - Processing /home/airflow/.local/lib/python3.8/site-packages/airflow/example_dags/example_branch_operator.py took 0.449 seconds
[2023-11-08T00:52:08.281+0000] {processor.py:157} INFO - Started process (PID=152) to work on /home/airflow/.local/lib/python3.8/site-packages/airflow/example_dags/example_branch_operator.py
[2023-11-08T00:52:08.286+0000] {processor.py:829} INFO - Processing file /home/airflow/.local/lib/python3.8/site-packages/airflow/example_dags/example_branch_operator.py for tasks to queue
[2023-11-08T00:52:08.291+0000] {logging_mixin.py:151} INFO - [2023-11-08T00:52:08.291+0000] {dagbag.py:536} INFO - Filling up the DagBag from /home/airflow/.local/lib/python3.8/site-packages/airflow/example_dags/example_branch_operator.py
[2023-11-08T00:52:08.304+0000] {processor.py:839} INFO - DAG(s) dict_keys(['example_branch_operator']) retrieved from /home/airflow/.local/lib/python3.8/site-packages/airflow/example_dags/example_branch_operator.py
[2023-11-08T00:52:08.342+0000] {logging_mixin.py:151} INFO - [2023-11-08T00:52:08.341+0000] {dag.py:2941} INFO - Sync 1 DAGs
[2023-11-08T00:52:08.365+0000] {logging_mixin.py:151} INFO - [2023-11-08T00:52:08.365+0000] {dag.py:3722} INFO - Setting next_dagrun for example_branch_operator to 2023-11-07T00:00:00+00:00, run_after=2023-11-08T00:00:00+00:00
[2023-11-08T00:52:08.381+0000] {processor.py:179} INFO - Processing /home/airflow/.local/lib/python3.8/site-packages/airflow/example_dags/example_branch_operator.py took 0.109 seconds
[2023-11-08T00:52:38.722+0000] {processor.py:157} INFO - Started process (PID=215) to work on /home/airflow/.local/lib/python3.8/site-packages/airflow/example_dags/example_branch_operator.py
[2023-11-08T00:52:38.724+0000] {processor.py:829} INFO - Processing file /home/airflow/.local/lib/python3.8/site-packages/airflow/example_dags/example_branch_operator.py for tasks to queue
[2023-11-08T00:52:38.728+0000] {logging_mixin.py:151} INFO - [2023-11-08T00:52:38.728+0000] {dagbag.py:536} INFO - Filling up the DagBag from /home/airflow/.local/lib/python3.8/site-packages/airflow/example_dags/example_branch_operator.py
[2023-11-08T00:52:38.737+0000] {processor.py:839} INFO - DAG(s) dict_keys(['example_branch_operator']) retrieved from /home/airflow/.local/lib/python3.8/site-packages/airflow/example_dags/example_branch_operator.py
[2023-11-08T00:52:38.757+0000] {logging_mixin.py:151} INFO - [2023-11-08T00:52:38.757+0000] {dag.py:2941} INFO - Sync 1 DAGs
[2023-11-08T00:52:38.781+0000] {logging_mixin.py:151} INFO - [2023-11-08T00:52:38.781+0000] {dag.py:3722} INFO - Setting next_dagrun for example_branch_operator to 2023-11-07T00:00:00+00:00, run_after=2023-11-08T00:00:00+00:00
[2023-11-08T00:52:38.804+0000] {processor.py:179} INFO - Processing /home/airflow/.local/lib/python3.8/site-packages/airflow/example_dags/example_branch_operator.py took 0.089 seconds
[2023-11-08T00:53:09.533+0000] {processor.py:157} INFO - Started process (PID=278) to work on /home/airflow/.local/lib/python3.8/site-packages/airflow/example_dags/example_branch_operator.py
[2023-11-08T00:53:09.534+0000] {processor.py:829} INFO - Processing file /home/airflow/.local/lib/python3.8/site-packages/airflow/example_dags/example_branch_operator.py for tasks to queue
[2023-11-08T00:53:09.539+0000] {logging_mixin.py:151} INFO - [2023-11-08T00:53:09.538+0000] {dagbag.py:536} INFO - Filling up the DagBag from /home/airflow/.local/lib/python3.8/site-packages/airflow/example_dags/example_branch_operator.py
[2023-11-08T00:53:09.573+0000] {processor.py:839} INFO - DAG(s) dict_keys(['example_branch_operator']) retrieved from /home/airflow/.local/lib/python3.8/site-packages/airflow/example_dags/example_branch_operator.py
[2023-11-08T00:53:09.633+0000] {logging_mixin.py:151} INFO - [2023-11-08T00:53:09.633+0000] {dag.py:2941} INFO - Sync 1 DAGs
[2023-11-08T00:53:09.702+0000] {logging_mixin.py:151} INFO - [2023-11-08T00:53:09.702+0000] {dag.py:3722} INFO - Setting next_dagrun for example_branch_operator to 2023-11-07T00:00:00+00:00, run_after=2023-11-08T00:00:00+00:00
[2023-11-08T00:53:09.744+0000] {processor.py:179} INFO - Processing /home/airflow/.local/lib/python3.8/site-packages/airflow/example_dags/example_branch_operator.py took 0.217 seconds
[2023-11-08T00:53:42.051+0000] {processor.py:157} INFO - Started process (PID=334) to work on /home/airflow/.local/lib/python3.8/site-packages/airflow/example_dags/example_branch_operator.py
[2023-11-08T00:53:42.055+0000] {processor.py:829} INFO - Processing file /home/airflow/.local/lib/python3.8/site-packages/airflow/example_dags/example_branch_operator.py for tasks to queue
[2023-11-08T00:53:42.062+0000] {logging_mixin.py:151} INFO - [2023-11-08T00:53:42.061+0000] {dagbag.py:536} INFO - Filling up the DagBag from /home/airflow/.local/lib/python3.8/site-packages/airflow/example_dags/example_branch_operator.py
[2023-11-08T00:53:42.109+0000] {processor.py:839} INFO - DAG(s) dict_keys(['example_branch_operator']) retrieved from /home/airflow/.local/lib/python3.8/site-packages/airflow/example_dags/example_branch_operator.py
[2023-11-08T00:53:42.157+0000] {logging_mixin.py:151} INFO - [2023-11-08T00:53:42.157+0000] {dag.py:2941} INFO - Sync 1 DAGs
[2023-11-08T00:53:42.226+0000] {logging_mixin.py:151} INFO - [2023-11-08T00:53:42.226+0000] {dag.py:3722} INFO - Setting next_dagrun for example_branch_operator to 2023-11-07T00:00:00+00:00, run_after=2023-11-08T00:00:00+00:00
[2023-11-08T00:53:42.312+0000] {processor.py:179} INFO - Processing /home/airflow/.local/lib/python3.8/site-packages/airflow/example_dags/example_branch_operator.py took 0.275 seconds
[2023-11-08T00:54:14.479+0000] {processor.py:157} INFO - Started process (PID=396) to work on /home/airflow/.local/lib/python3.8/site-packages/airflow/example_dags/example_branch_operator.py
[2023-11-08T00:54:14.482+0000] {processor.py:829} INFO - Processing file /home/airflow/.local/lib/python3.8/site-packages/airflow/example_dags/example_branch_operator.py for tasks to queue
[2023-11-08T00:54:14.503+0000] {logging_mixin.py:151} INFO - [2023-11-08T00:54:14.501+0000] {dagbag.py:536} INFO - Filling up the DagBag from /home/airflow/.local/lib/python3.8/site-packages/airflow/example_dags/example_branch_operator.py
[2023-11-08T00:54:14.574+0000] {processor.py:839} INFO - DAG(s) dict_keys(['example_branch_operator']) retrieved from /home/airflow/.local/lib/python3.8/site-packages/airflow/example_dags/example_branch_operator.py
[2023-11-08T00:54:14.689+0000] {logging_mixin.py:151} INFO - [2023-11-08T00:54:14.688+0000] {dag.py:2941} INFO - Sync 1 DAGs
[2023-11-08T00:54:14.793+0000] {logging_mixin.py:151} INFO - [2023-11-08T00:54:14.792+0000] {dag.py:3722} INFO - Setting next_dagrun for example_branch_operator to 2023-11-07T00:00:00+00:00, run_after=2023-11-08T00:00:00+00:00
[2023-11-08T00:54:14.851+0000] {processor.py:179} INFO - Processing /home/airflow/.local/lib/python3.8/site-packages/airflow/example_dags/example_branch_operator.py took 0.383 seconds
[2023-11-08T00:55:02.919+0000] {processor.py:157} INFO - Started process (PID=466) to work on /home/airflow/.local/lib/python3.8/site-packages/airflow/example_dags/example_branch_operator.py
[2023-11-08T00:55:02.931+0000] {processor.py:829} INFO - Processing file /home/airflow/.local/lib/python3.8/site-packages/airflow/example_dags/example_branch_operator.py for tasks to queue
[2023-11-08T00:55:03.203+0000] {logging_mixin.py:151} INFO - [2023-11-08T00:55:03.153+0000] {dagbag.py:536} INFO - Filling up the DagBag from /home/airflow/.local/lib/python3.8/site-packages/airflow/example_dags/example_branch_operator.py
[2023-11-08T00:55:03.763+0000] {processor.py:839} INFO - DAG(s) dict_keys(['example_branch_operator']) retrieved from /home/airflow/.local/lib/python3.8/site-packages/airflow/example_dags/example_branch_operator.py
[2023-11-08T00:55:15.801+0000] {logging_mixin.py:151} INFO - [2023-11-08T00:55:15.723+0000] {dag.py:2941} INFO - Sync 1 DAGs
[2023-11-08T00:55:16.663+0000] {logging_mixin.py:151} INFO - [2023-11-08T00:55:16.660+0000] {dag.py:3722} INFO - Setting next_dagrun for example_branch_operator to 2023-11-07T00:00:00+00:00, run_after=2023-11-08T00:00:00+00:00
[2023-11-08T00:55:17.407+0000] {processor.py:179} INFO - Processing /home/airflow/.local/lib/python3.8/site-packages/airflow/example_dags/example_branch_operator.py took 14.502 seconds
[2023-11-08T00:56:47.670+0000] {processor.py:157} INFO - Started process (PID=497) to work on /home/airflow/.local/lib/python3.8/site-packages/airflow/example_dags/example_branch_operator.py
[2023-11-08T00:56:47.700+0000] {processor.py:829} INFO - Processing file /home/airflow/.local/lib/python3.8/site-packages/airflow/example_dags/example_branch_operator.py for tasks to queue
[2023-11-08T00:56:47.738+0000] {logging_mixin.py:151} INFO - [2023-11-08T00:56:47.714+0000] {dagbag.py:536} INFO - Filling up the DagBag from /home/airflow/.local/lib/python3.8/site-packages/airflow/example_dags/example_branch_operator.py
[2023-11-08T00:56:47.893+0000] {processor.py:839} INFO - DAG(s) dict_keys(['example_branch_operator']) retrieved from /home/airflow/.local/lib/python3.8/site-packages/airflow/example_dags/example_branch_operator.py
[2023-11-08T00:56:49.613+0000] {logging_mixin.py:151} INFO - [2023-11-08T00:56:49.607+0000] {dag.py:2941} INFO - Sync 1 DAGs
[2023-11-08T00:56:55.005+0000] {logging_mixin.py:151} INFO - [2023-11-08T00:56:54.996+0000] {dag.py:3722} INFO - Setting next_dagrun for example_branch_operator to 2023-11-07T00:00:00+00:00, run_after=2023-11-08T00:00:00+00:00
[2023-11-08T00:56:55.175+0000] {processor.py:179} INFO - Processing /home/airflow/.local/lib/python3.8/site-packages/airflow/example_dags/example_branch_operator.py took 7.618 seconds
[2023-11-08T00:59:11.560+0000] {processor.py:157} INFO - Started process (PID=558) to work on /home/airflow/.local/lib/python3.8/site-packages/airflow/example_dags/example_branch_operator.py
[2023-11-08T00:59:11.574+0000] {processor.py:829} INFO - Processing file /home/airflow/.local/lib/python3.8/site-packages/airflow/example_dags/example_branch_operator.py for tasks to queue
[2023-11-08T00:59:11.584+0000] {logging_mixin.py:151} INFO - [2023-11-08T00:59:11.582+0000] {dagbag.py:536} INFO - Filling up the DagBag from /home/airflow/.local/lib/python3.8/site-packages/airflow/example_dags/example_branch_operator.py
[2023-11-08T00:59:11.654+0000] {processor.py:839} INFO - DAG(s) dict_keys(['example_branch_operator']) retrieved from /home/airflow/.local/lib/python3.8/site-packages/airflow/example_dags/example_branch_operator.py
[2023-11-08T00:59:11.890+0000] {logging_mixin.py:151} INFO - [2023-11-08T00:59:11.890+0000] {dag.py:2941} INFO - Sync 1 DAGs
[2023-11-08T00:59:12.118+0000] {logging_mixin.py:151} INFO - [2023-11-08T00:59:12.117+0000] {dag.py:3722} INFO - Setting next_dagrun for example_branch_operator to 2023-11-07T00:00:00+00:00, run_after=2023-11-08T00:00:00+00:00
[2023-11-08T00:59:12.254+0000] {processor.py:179} INFO - Processing /home/airflow/.local/lib/python3.8/site-packages/airflow/example_dags/example_branch_operator.py took 0.711 seconds
[2023-11-08T01:01:12.050+0000] {processor.py:157} INFO - Started process (PID=593) to work on /home/airflow/.local/lib/python3.8/site-packages/airflow/example_dags/example_branch_operator.py
[2023-11-08T01:01:12.108+0000] {processor.py:829} INFO - Processing file /home/airflow/.local/lib/python3.8/site-packages/airflow/example_dags/example_branch_operator.py for tasks to queue
[2023-11-08T01:01:12.133+0000] {logging_mixin.py:151} INFO - [2023-11-08T01:01:12.119+0000] {dagbag.py:536} INFO - Filling up the DagBag from /home/airflow/.local/lib/python3.8/site-packages/airflow/example_dags/example_branch_operator.py
[2023-11-08T01:01:12.815+0000] {processor.py:839} INFO - DAG(s) dict_keys(['example_branch_operator']) retrieved from /home/airflow/.local/lib/python3.8/site-packages/airflow/example_dags/example_branch_operator.py
[2023-11-08T01:01:16.086+0000] {logging_mixin.py:151} INFO - [2023-11-08T01:01:16.042+0000] {dag.py:2941} INFO - Sync 1 DAGs
[2023-11-08T01:01:17.122+0000] {logging_mixin.py:151} INFO - [2023-11-08T01:01:17.091+0000] {dag.py:3722} INFO - Setting next_dagrun for example_branch_operator to 2023-11-07T00:00:00+00:00, run_after=2023-11-08T00:00:00+00:00
[2023-11-08T01:01:18.751+0000] {processor.py:179} INFO - Processing /home/airflow/.local/lib/python3.8/site-packages/airflow/example_dags/example_branch_operator.py took 6.926 seconds
[2023-11-08T01:03:56.596+0000] {processor.py:157} INFO - Started process (PID=651) to work on /home/airflow/.local/lib/python3.8/site-packages/airflow/example_dags/example_branch_operator.py
[2023-11-08T01:03:56.602+0000] {processor.py:829} INFO - Processing file /home/airflow/.local/lib/python3.8/site-packages/airflow/example_dags/example_branch_operator.py for tasks to queue
[2023-11-08T01:03:56.609+0000] {logging_mixin.py:151} INFO - [2023-11-08T01:03:56.607+0000] {dagbag.py:536} INFO - Filling up the DagBag from /home/airflow/.local/lib/python3.8/site-packages/airflow/example_dags/example_branch_operator.py
[2023-11-08T01:03:56.721+0000] {processor.py:839} INFO - DAG(s) dict_keys(['example_branch_operator']) retrieved from /home/airflow/.local/lib/python3.8/site-packages/airflow/example_dags/example_branch_operator.py
[2023-11-08T01:03:56.873+0000] {logging_mixin.py:151} INFO - [2023-11-08T01:03:56.872+0000] {dag.py:2941} INFO - Sync 1 DAGs
[2023-11-08T01:03:57.118+0000] {logging_mixin.py:151} INFO - [2023-11-08T01:03:57.096+0000] {dag.py:3722} INFO - Setting next_dagrun for example_branch_operator to 2023-11-07T00:00:00+00:00, run_after=2023-11-08T00:00:00+00:00
[2023-11-08T01:03:57.397+0000] {processor.py:179} INFO - Processing /home/airflow/.local/lib/python3.8/site-packages/airflow/example_dags/example_branch_operator.py took 0.851 seconds
[2023-11-08T01:06:37.548+0000] {processor.py:157} INFO - Started process (PID=700) to work on /home/airflow/.local/lib/python3.8/site-packages/airflow/example_dags/example_branch_operator.py
[2023-11-08T01:06:37.562+0000] {processor.py:829} INFO - Processing file /home/airflow/.local/lib/python3.8/site-packages/airflow/example_dags/example_branch_operator.py for tasks to queue
[2023-11-08T01:06:37.570+0000] {logging_mixin.py:151} INFO - [2023-11-08T01:06:37.567+0000] {dagbag.py:536} INFO - Filling up the DagBag from /home/airflow/.local/lib/python3.8/site-packages/airflow/example_dags/example_branch_operator.py
[2023-11-08T01:06:38.149+0000] {processor.py:839} INFO - DAG(s) dict_keys(['example_branch_operator']) retrieved from /home/airflow/.local/lib/python3.8/site-packages/airflow/example_dags/example_branch_operator.py
[2023-11-08T01:06:39.250+0000] {logging_mixin.py:151} INFO - [2023-11-08T01:06:39.246+0000] {dag.py:2941} INFO - Sync 1 DAGs
[2023-11-08T01:06:39.695+0000] {logging_mixin.py:151} INFO - [2023-11-08T01:06:39.691+0000] {dag.py:3722} INFO - Setting next_dagrun for example_branch_operator to 2023-11-07T00:00:00+00:00, run_after=2023-11-08T00:00:00+00:00
[2023-11-08T01:06:39.991+0000] {processor.py:179} INFO - Processing /home/airflow/.local/lib/python3.8/site-packages/airflow/example_dags/example_branch_operator.py took 2.564 seconds
[2023-11-08T01:08:25.021+0000] {processor.py:157} INFO - Started process (PID=752) to work on /home/airflow/.local/lib/python3.8/site-packages/airflow/example_dags/example_branch_operator.py
[2023-11-08T01:08:25.048+0000] {processor.py:829} INFO - Processing file /home/airflow/.local/lib/python3.8/site-packages/airflow/example_dags/example_branch_operator.py for tasks to queue
[2023-11-08T01:08:25.061+0000] {logging_mixin.py:151} INFO - [2023-11-08T01:08:25.058+0000] {dagbag.py:536} INFO - Filling up the DagBag from /home/airflow/.local/lib/python3.8/site-packages/airflow/example_dags/example_branch_operator.py
[2023-11-08T01:08:25.192+0000] {processor.py:839} INFO - DAG(s) dict_keys(['example_branch_operator']) retrieved from /home/airflow/.local/lib/python3.8/site-packages/airflow/example_dags/example_branch_operator.py
[2023-11-08T01:08:25.482+0000] {logging_mixin.py:151} INFO - [2023-11-08T01:08:25.481+0000] {dag.py:2941} INFO - Sync 1 DAGs
[2023-11-08T01:08:25.624+0000] {logging_mixin.py:151} INFO - [2023-11-08T01:08:25.622+0000] {dag.py:3722} INFO - Setting next_dagrun for example_branch_operator to 2023-11-07T00:00:00+00:00, run_after=2023-11-08T00:00:00+00:00
[2023-11-08T01:08:25.807+0000] {processor.py:179} INFO - Processing /home/airflow/.local/lib/python3.8/site-packages/airflow/example_dags/example_branch_operator.py took 0.808 seconds
[2023-11-08T01:10:29.475+0000] {processor.py:157} INFO - Started process (PID=801) to work on /home/airflow/.local/lib/python3.8/site-packages/airflow/example_dags/example_branch_operator.py
[2023-11-08T01:10:29.483+0000] {processor.py:829} INFO - Processing file /home/airflow/.local/lib/python3.8/site-packages/airflow/example_dags/example_branch_operator.py for tasks to queue
[2023-11-08T01:10:29.510+0000] {logging_mixin.py:151} INFO - [2023-11-08T01:10:29.503+0000] {dagbag.py:536} INFO - Filling up the DagBag from /home/airflow/.local/lib/python3.8/site-packages/airflow/example_dags/example_branch_operator.py
[2023-11-08T01:10:29.690+0000] {processor.py:839} INFO - DAG(s) dict_keys(['example_branch_operator']) retrieved from /home/airflow/.local/lib/python3.8/site-packages/airflow/example_dags/example_branch_operator.py
[2023-11-08T01:10:30.361+0000] {logging_mixin.py:151} INFO - [2023-11-08T01:10:30.355+0000] {dag.py:2941} INFO - Sync 1 DAGs
[2023-11-08T01:10:30.868+0000] {logging_mixin.py:151} INFO - [2023-11-08T01:10:30.864+0000] {dag.py:3722} INFO - Setting next_dagrun for example_branch_operator to 2023-11-07T00:00:00+00:00, run_after=2023-11-08T00:00:00+00:00
[2023-11-08T01:10:31.132+0000] {processor.py:179} INFO - Processing /home/airflow/.local/lib/python3.8/site-packages/airflow/example_dags/example_branch_operator.py took 1.801 seconds
[2023-11-08T01:15:09.867+0000] {processor.py:157} INFO - Started process (PID=874) to work on /home/airflow/.local/lib/python3.8/site-packages/airflow/example_dags/example_branch_operator.py
[2023-11-08T01:15:10.021+0000] {processor.py:829} INFO - Processing file /home/airflow/.local/lib/python3.8/site-packages/airflow/example_dags/example_branch_operator.py for tasks to queue
[2023-11-08T01:15:10.141+0000] {logging_mixin.py:151} INFO - [2023-11-08T01:15:10.137+0000] {dagbag.py:536} INFO - Filling up the DagBag from /home/airflow/.local/lib/python3.8/site-packages/airflow/example_dags/example_branch_operator.py
[2023-11-08T01:15:11.556+0000] {processor.py:839} INFO - DAG(s) dict_keys(['example_branch_operator']) retrieved from /home/airflow/.local/lib/python3.8/site-packages/airflow/example_dags/example_branch_operator.py
[2023-11-08T01:15:13.232+0000] {logging_mixin.py:151} INFO - [2023-11-08T01:15:13.177+0000] {dag.py:2941} INFO - Sync 1 DAGs
[2023-11-08T01:15:16.372+0000] {logging_mixin.py:151} INFO - [2023-11-08T01:15:16.266+0000] {dag.py:3722} INFO - Setting next_dagrun for example_branch_operator to 2023-11-07T00:00:00+00:00, run_after=2023-11-08T00:00:00+00:00
[2023-11-08T01:15:22.495+0000] {processor.py:179} INFO - Processing /home/airflow/.local/lib/python3.8/site-packages/airflow/example_dags/example_branch_operator.py took 12.814 seconds
