[2023-11-08T00:51:53.734+0000] {processor.py:157} INFO - Started process (PID=129) to work on /home/airflow/.local/lib/python3.8/site-packages/airflow/example_dags/example_params_trigger_ui.py
[2023-11-08T00:51:53.737+0000] {processor.py:829} INFO - Processing file /home/airflow/.local/lib/python3.8/site-packages/airflow/example_dags/example_params_trigger_ui.py for tasks to queue
[2023-11-08T00:51:53.742+0000] {logging_mixin.py:151} INFO - [2023-11-08T00:51:53.741+0000] {dagbag.py:536} INFO - Filling up the DagBag from /home/airflow/.local/lib/python3.8/site-packages/airflow/example_dags/example_params_trigger_ui.py
[2023-11-08T00:51:53.802+0000] {processor.py:839} INFO - DAG(s) dict_keys(['example_params_trigger_ui']) retrieved from /home/airflow/.local/lib/python3.8/site-packages/airflow/example_dags/example_params_trigger_ui.py
[2023-11-08T00:51:54.141+0000] {logging_mixin.py:151} INFO - [2023-11-08T00:51:54.140+0000] {manager.py:499} INFO - Created Permission View: %s
[2023-11-08T00:51:54.156+0000] {logging_mixin.py:151} INFO - [2023-11-08T00:51:54.156+0000] {manager.py:499} INFO - Created Permission View: %s
[2023-11-08T00:51:54.170+0000] {logging_mixin.py:151} INFO - [2023-11-08T00:51:54.169+0000] {manager.py:499} INFO - Created Permission View: %s
[2023-11-08T00:51:54.171+0000] {logging_mixin.py:151} INFO - [2023-11-08T00:51:54.171+0000] {dag.py:2941} INFO - Sync 1 DAGs
[2023-11-08T00:51:54.200+0000] {logging_mixin.py:151} INFO - [2023-11-08T00:51:54.200+0000] {dag.py:2963} INFO - Creating ORM DAG for example_params_trigger_ui
[2023-11-08T00:51:54.202+0000] {logging_mixin.py:151} INFO - [2023-11-08T00:51:54.201+0000] {dag.py:3722} INFO - Setting next_dagrun for example_params_trigger_ui to None, run_after=None
[2023-11-08T00:51:54.229+0000] {processor.py:179} INFO - Processing /home/airflow/.local/lib/python3.8/site-packages/airflow/example_dags/example_params_trigger_ui.py took 0.503 seconds
[2023-11-08T00:52:24.766+0000] {processor.py:157} INFO - Started process (PID=192) to work on /home/airflow/.local/lib/python3.8/site-packages/airflow/example_dags/example_params_trigger_ui.py
[2023-11-08T00:52:24.773+0000] {processor.py:829} INFO - Processing file /home/airflow/.local/lib/python3.8/site-packages/airflow/example_dags/example_params_trigger_ui.py for tasks to queue
[2023-11-08T00:52:24.783+0000] {logging_mixin.py:151} INFO - [2023-11-08T00:52:24.782+0000] {dagbag.py:536} INFO - Filling up the DagBag from /home/airflow/.local/lib/python3.8/site-packages/airflow/example_dags/example_params_trigger_ui.py
[2023-11-08T00:52:24.820+0000] {processor.py:839} INFO - DAG(s) dict_keys(['example_params_trigger_ui']) retrieved from /home/airflow/.local/lib/python3.8/site-packages/airflow/example_dags/example_params_trigger_ui.py
[2023-11-08T00:52:24.957+0000] {logging_mixin.py:151} INFO - [2023-11-08T00:52:24.956+0000] {dag.py:2941} INFO - Sync 1 DAGs
[2023-11-08T00:52:24.987+0000] {logging_mixin.py:151} INFO - [2023-11-08T00:52:24.987+0000] {dag.py:3722} INFO - Setting next_dagrun for example_params_trigger_ui to None, run_after=None
[2023-11-08T00:52:25.041+0000] {processor.py:179} INFO - Processing /home/airflow/.local/lib/python3.8/site-packages/airflow/example_dags/example_params_trigger_ui.py took 0.285 seconds
[2023-11-08T00:52:55.894+0000] {processor.py:157} INFO - Started process (PID=246) to work on /home/airflow/.local/lib/python3.8/site-packages/airflow/example_dags/example_params_trigger_ui.py
[2023-11-08T00:52:55.899+0000] {processor.py:829} INFO - Processing file /home/airflow/.local/lib/python3.8/site-packages/airflow/example_dags/example_params_trigger_ui.py for tasks to queue
[2023-11-08T00:52:55.918+0000] {logging_mixin.py:151} INFO - [2023-11-08T00:52:55.914+0000] {dagbag.py:536} INFO - Filling up the DagBag from /home/airflow/.local/lib/python3.8/site-packages/airflow/example_dags/example_params_trigger_ui.py
[2023-11-08T00:52:55.975+0000] {processor.py:839} INFO - DAG(s) dict_keys(['example_params_trigger_ui']) retrieved from /home/airflow/.local/lib/python3.8/site-packages/airflow/example_dags/example_params_trigger_ui.py
[2023-11-08T00:52:56.094+0000] {logging_mixin.py:151} INFO - [2023-11-08T00:52:56.093+0000] {dag.py:2941} INFO - Sync 1 DAGs
[2023-11-08T00:52:56.110+0000] {logging_mixin.py:151} INFO - [2023-11-08T00:52:56.110+0000] {dag.py:3722} INFO - Setting next_dagrun for example_params_trigger_ui to None, run_after=None
[2023-11-08T00:52:56.134+0000] {processor.py:179} INFO - Processing /home/airflow/.local/lib/python3.8/site-packages/airflow/example_dags/example_params_trigger_ui.py took 0.249 seconds
[2023-11-08T00:53:26.806+0000] {processor.py:157} INFO - Started process (PID=310) to work on /home/airflow/.local/lib/python3.8/site-packages/airflow/example_dags/example_params_trigger_ui.py
[2023-11-08T00:53:26.811+0000] {processor.py:829} INFO - Processing file /home/airflow/.local/lib/python3.8/site-packages/airflow/example_dags/example_params_trigger_ui.py for tasks to queue
[2023-11-08T00:53:26.817+0000] {logging_mixin.py:151} INFO - [2023-11-08T00:53:26.816+0000] {dagbag.py:536} INFO - Filling up the DagBag from /home/airflow/.local/lib/python3.8/site-packages/airflow/example_dags/example_params_trigger_ui.py
[2023-11-08T00:53:26.882+0000] {processor.py:839} INFO - DAG(s) dict_keys(['example_params_trigger_ui']) retrieved from /home/airflow/.local/lib/python3.8/site-packages/airflow/example_dags/example_params_trigger_ui.py
[2023-11-08T00:53:26.949+0000] {logging_mixin.py:151} INFO - [2023-11-08T00:53:26.949+0000] {dag.py:2941} INFO - Sync 1 DAGs
[2023-11-08T00:53:26.966+0000] {logging_mixin.py:151} INFO - [2023-11-08T00:53:26.966+0000] {dag.py:3722} INFO - Setting next_dagrun for example_params_trigger_ui to None, run_after=None
[2023-11-08T00:53:26.985+0000] {processor.py:179} INFO - Processing /home/airflow/.local/lib/python3.8/site-packages/airflow/example_dags/example_params_trigger_ui.py took 0.190 seconds
[2023-11-08T00:54:00.092+0000] {processor.py:157} INFO - Started process (PID=373) to work on /home/airflow/.local/lib/python3.8/site-packages/airflow/example_dags/example_params_trigger_ui.py
[2023-11-08T00:54:00.102+0000] {processor.py:829} INFO - Processing file /home/airflow/.local/lib/python3.8/site-packages/airflow/example_dags/example_params_trigger_ui.py for tasks to queue
[2023-11-08T00:54:00.120+0000] {logging_mixin.py:151} INFO - [2023-11-08T00:54:00.116+0000] {dagbag.py:536} INFO - Filling up the DagBag from /home/airflow/.local/lib/python3.8/site-packages/airflow/example_dags/example_params_trigger_ui.py
[2023-11-08T00:54:00.200+0000] {processor.py:839} INFO - DAG(s) dict_keys(['example_params_trigger_ui']) retrieved from /home/airflow/.local/lib/python3.8/site-packages/airflow/example_dags/example_params_trigger_ui.py
[2023-11-08T00:54:00.376+0000] {logging_mixin.py:151} INFO - [2023-11-08T00:54:00.375+0000] {dag.py:2941} INFO - Sync 1 DAGs
[2023-11-08T00:54:00.422+0000] {logging_mixin.py:151} INFO - [2023-11-08T00:54:00.421+0000] {dag.py:3722} INFO - Setting next_dagrun for example_params_trigger_ui to None, run_after=None
[2023-11-08T00:54:00.478+0000] {processor.py:179} INFO - Processing /home/airflow/.local/lib/python3.8/site-packages/airflow/example_dags/example_params_trigger_ui.py took 0.401 seconds
[2023-11-08T00:54:33.129+0000] {processor.py:157} INFO - Started process (PID=437) to work on /home/airflow/.local/lib/python3.8/site-packages/airflow/example_dags/example_params_trigger_ui.py
[2023-11-08T00:54:33.139+0000] {processor.py:829} INFO - Processing file /home/airflow/.local/lib/python3.8/site-packages/airflow/example_dags/example_params_trigger_ui.py for tasks to queue
[2023-11-08T00:54:33.149+0000] {logging_mixin.py:151} INFO - [2023-11-08T00:54:33.148+0000] {dagbag.py:536} INFO - Filling up the DagBag from /home/airflow/.local/lib/python3.8/site-packages/airflow/example_dags/example_params_trigger_ui.py
[2023-11-08T00:54:33.334+0000] {processor.py:839} INFO - DAG(s) dict_keys(['example_params_trigger_ui']) retrieved from /home/airflow/.local/lib/python3.8/site-packages/airflow/example_dags/example_params_trigger_ui.py
[2023-11-08T00:54:33.595+0000] {logging_mixin.py:151} INFO - [2023-11-08T00:54:33.593+0000] {dag.py:2941} INFO - Sync 1 DAGs
[2023-11-08T00:54:33.655+0000] {logging_mixin.py:151} INFO - [2023-11-08T00:54:33.654+0000] {dag.py:3722} INFO - Setting next_dagrun for example_params_trigger_ui to None, run_after=None
[2023-11-08T00:54:33.778+0000] {processor.py:179} INFO - Processing /home/airflow/.local/lib/python3.8/site-packages/airflow/example_dags/example_params_trigger_ui.py took 0.674 seconds
[2023-11-08T00:58:23.825+0000] {processor.py:157} INFO - Started process (PID=527) to work on /home/airflow/.local/lib/python3.8/site-packages/airflow/example_dags/example_params_trigger_ui.py
[2023-11-08T00:58:23.830+0000] {processor.py:829} INFO - Processing file /home/airflow/.local/lib/python3.8/site-packages/airflow/example_dags/example_params_trigger_ui.py for tasks to queue
[2023-11-08T00:58:23.833+0000] {logging_mixin.py:151} INFO - [2023-11-08T00:58:23.832+0000] {dagbag.py:536} INFO - Filling up the DagBag from /home/airflow/.local/lib/python3.8/site-packages/airflow/example_dags/example_params_trigger_ui.py
[2023-11-08T00:58:24.031+0000] {processor.py:839} INFO - DAG(s) dict_keys(['example_params_trigger_ui']) retrieved from /home/airflow/.local/lib/python3.8/site-packages/airflow/example_dags/example_params_trigger_ui.py
[2023-11-08T00:58:24.461+0000] {logging_mixin.py:151} INFO - [2023-11-08T00:58:24.457+0000] {dag.py:2941} INFO - Sync 1 DAGs
[2023-11-08T00:58:24.513+0000] {logging_mixin.py:151} INFO - [2023-11-08T00:58:24.512+0000] {dag.py:3722} INFO - Setting next_dagrun for example_params_trigger_ui to None, run_after=None
[2023-11-08T00:58:24.644+0000] {processor.py:179} INFO - Processing /home/airflow/.local/lib/python3.8/site-packages/airflow/example_dags/example_params_trigger_ui.py took 0.835 seconds
[2023-11-08T01:02:30.909+0000] {processor.py:157} INFO - Started process (PID=614) to work on /home/airflow/.local/lib/python3.8/site-packages/airflow/example_dags/example_params_trigger_ui.py
[2023-11-08T01:02:30.967+0000] {processor.py:829} INFO - Processing file /home/airflow/.local/lib/python3.8/site-packages/airflow/example_dags/example_params_trigger_ui.py for tasks to queue
[2023-11-08T01:02:30.987+0000] {logging_mixin.py:151} INFO - [2023-11-08T01:02:30.979+0000] {dagbag.py:536} INFO - Filling up the DagBag from /home/airflow/.local/lib/python3.8/site-packages/airflow/example_dags/example_params_trigger_ui.py
[2023-11-08T01:02:32.358+0000] {processor.py:839} INFO - DAG(s) dict_keys(['example_params_trigger_ui']) retrieved from /home/airflow/.local/lib/python3.8/site-packages/airflow/example_dags/example_params_trigger_ui.py
[2023-11-08T01:02:35.818+0000] {logging_mixin.py:151} INFO - [2023-11-08T01:02:35.810+0000] {dag.py:2941} INFO - Sync 1 DAGs
[2023-11-08T01:02:37.038+0000] {logging_mixin.py:151} INFO - [2023-11-08T01:02:37.019+0000] {dag.py:3722} INFO - Setting next_dagrun for example_params_trigger_ui to None, run_after=None
[2023-11-08T01:02:37.799+0000] {processor.py:179} INFO - Processing /home/airflow/.local/lib/python3.8/site-packages/airflow/example_dags/example_params_trigger_ui.py took 6.988 seconds
[2023-11-08T01:07:11.034+0000] {processor.py:157} INFO - Started process (PID=721) to work on /home/airflow/.local/lib/python3.8/site-packages/airflow/example_dags/example_params_trigger_ui.py
[2023-11-08T01:07:11.043+0000] {processor.py:829} INFO - Processing file /home/airflow/.local/lib/python3.8/site-packages/airflow/example_dags/example_params_trigger_ui.py for tasks to queue
[2023-11-08T01:07:11.049+0000] {logging_mixin.py:151} INFO - [2023-11-08T01:07:11.047+0000] {dagbag.py:536} INFO - Filling up the DagBag from /home/airflow/.local/lib/python3.8/site-packages/airflow/example_dags/example_params_trigger_ui.py
[2023-11-08T01:07:11.385+0000] {processor.py:839} INFO - DAG(s) dict_keys(['example_params_trigger_ui']) retrieved from /home/airflow/.local/lib/python3.8/site-packages/airflow/example_dags/example_params_trigger_ui.py
[2023-11-08T01:07:11.764+0000] {logging_mixin.py:151} INFO - [2023-11-08T01:07:11.762+0000] {dag.py:2941} INFO - Sync 1 DAGs
[2023-11-08T01:07:12.173+0000] {logging_mixin.py:151} INFO - [2023-11-08T01:07:12.135+0000] {dag.py:3722} INFO - Setting next_dagrun for example_params_trigger_ui to None, run_after=None
[2023-11-08T01:07:12.554+0000] {processor.py:179} INFO - Processing /home/airflow/.local/lib/python3.8/site-packages/airflow/example_dags/example_params_trigger_ui.py took 1.546 seconds
[2023-11-08T01:12:13.751+0000] {processor.py:157} INFO - Started process (PID=824) to work on /home/airflow/.local/lib/python3.8/site-packages/airflow/example_dags/example_params_trigger_ui.py
[2023-11-08T01:12:13.800+0000] {processor.py:829} INFO - Processing file /home/airflow/.local/lib/python3.8/site-packages/airflow/example_dags/example_params_trigger_ui.py for tasks to queue
[2023-11-08T01:12:13.885+0000] {logging_mixin.py:151} INFO - [2023-11-08T01:12:13.853+0000] {dagbag.py:536} INFO - Filling up the DagBag from /home/airflow/.local/lib/python3.8/site-packages/airflow/example_dags/example_params_trigger_ui.py
[2023-11-08T01:12:15.841+0000] {processor.py:839} INFO - DAG(s) dict_keys(['example_params_trigger_ui']) retrieved from /home/airflow/.local/lib/python3.8/site-packages/airflow/example_dags/example_params_trigger_ui.py
[2023-11-08T01:12:20.544+0000] {logging_mixin.py:151} INFO - [2023-11-08T01:12:20.130+0000] {dag.py:2941} INFO - Sync 1 DAGs
[2023-11-08T01:12:21.817+0000] {logging_mixin.py:151} INFO - [2023-11-08T01:12:21.713+0000] {dag.py:3722} INFO - Setting next_dagrun for example_params_trigger_ui to None, run_after=None
[2023-11-08T01:12:23.958+0000] {processor.py:179} INFO - Processing /home/airflow/.local/lib/python3.8/site-packages/airflow/example_dags/example_params_trigger_ui.py took 10.302 seconds
