[2023-11-08T00:51:41.347+0000] {processor.py:157} INFO - Started process (PID=102) to work on /home/airflow/.local/lib/python3.8/site-packages/airflow/example_dags/example_latest_only_with_trigger.py
[2023-11-08T00:51:41.351+0000] {processor.py:829} INFO - Processing file /home/airflow/.local/lib/python3.8/site-packages/airflow/example_dags/example_latest_only_with_trigger.py for tasks to queue
[2023-11-08T00:51:41.361+0000] {logging_mixin.py:151} INFO - [2023-11-08T00:51:41.360+0000] {dagbag.py:536} INFO - Filling up the DagBag from /home/airflow/.local/lib/python3.8/site-packages/airflow/example_dags/example_latest_only_with_trigger.py
[2023-11-08T00:51:41.404+0000] {processor.py:839} INFO - DAG(s) dict_keys(['latest_only_with_trigger']) retrieved from /home/airflow/.local/lib/python3.8/site-packages/airflow/example_dags/example_latest_only_with_trigger.py
[2023-11-08T00:51:42.230+0000] {logging_mixin.py:151} INFO - [2023-11-08T00:51:42.228+0000] {manager.py:499} INFO - Created Permission View: %s
[2023-11-08T00:51:42.264+0000] {logging_mixin.py:151} INFO - [2023-11-08T00:51:42.264+0000] {manager.py:499} INFO - Created Permission View: %s
[2023-11-08T00:51:42.279+0000] {logging_mixin.py:151} INFO - [2023-11-08T00:51:42.279+0000] {manager.py:499} INFO - Created Permission View: %s
[2023-11-08T00:51:42.282+0000] {logging_mixin.py:151} INFO - [2023-11-08T00:51:42.281+0000] {dag.py:2941} INFO - Sync 1 DAGs
[2023-11-08T00:51:42.365+0000] {logging_mixin.py:151} INFO - [2023-11-08T00:51:42.365+0000] {dag.py:2963} INFO - Creating ORM DAG for latest_only_with_trigger
[2023-11-08T00:51:42.654+0000] {logging_mixin.py:151} INFO - [2023-11-08T00:51:42.650+0000] {dag.py:3722} INFO - Setting next_dagrun for latest_only_with_trigger to 2023-11-07T20:51:42.641797+00:00, run_after=2023-11-08T00:51:42.641797+00:00
[2023-11-08T00:51:42.870+0000] {processor.py:179} INFO - Processing /home/airflow/.local/lib/python3.8/site-packages/airflow/example_dags/example_latest_only_with_trigger.py took 1.579 seconds
[2023-11-08T00:52:13.750+0000] {processor.py:157} INFO - Started process (PID=157) to work on /home/airflow/.local/lib/python3.8/site-packages/airflow/example_dags/example_latest_only_with_trigger.py
[2023-11-08T00:52:13.752+0000] {processor.py:829} INFO - Processing file /home/airflow/.local/lib/python3.8/site-packages/airflow/example_dags/example_latest_only_with_trigger.py for tasks to queue
[2023-11-08T00:52:13.754+0000] {logging_mixin.py:151} INFO - [2023-11-08T00:52:13.753+0000] {dagbag.py:536} INFO - Filling up the DagBag from /home/airflow/.local/lib/python3.8/site-packages/airflow/example_dags/example_latest_only_with_trigger.py
[2023-11-08T00:52:13.759+0000] {processor.py:839} INFO - DAG(s) dict_keys(['latest_only_with_trigger']) retrieved from /home/airflow/.local/lib/python3.8/site-packages/airflow/example_dags/example_latest_only_with_trigger.py
[2023-11-08T00:52:13.779+0000] {logging_mixin.py:151} INFO - [2023-11-08T00:52:13.779+0000] {dag.py:2941} INFO - Sync 1 DAGs
[2023-11-08T00:52:13.795+0000] {logging_mixin.py:151} INFO - [2023-11-08T00:52:13.795+0000] {dag.py:3722} INFO - Setting next_dagrun for latest_only_with_trigger to 2023-11-07T20:52:13.795216+00:00, run_after=2023-11-08T00:52:13.795216+00:00
[2023-11-08T00:52:13.808+0000] {processor.py:179} INFO - Processing /home/airflow/.local/lib/python3.8/site-packages/airflow/example_dags/example_latest_only_with_trigger.py took 0.061 seconds
[2023-11-08T00:52:43.998+0000] {processor.py:157} INFO - Started process (PID=220) to work on /home/airflow/.local/lib/python3.8/site-packages/airflow/example_dags/example_latest_only_with_trigger.py
[2023-11-08T00:52:44.000+0000] {processor.py:829} INFO - Processing file /home/airflow/.local/lib/python3.8/site-packages/airflow/example_dags/example_latest_only_with_trigger.py for tasks to queue
[2023-11-08T00:52:44.010+0000] {logging_mixin.py:151} INFO - [2023-11-08T00:52:44.009+0000] {dagbag.py:536} INFO - Filling up the DagBag from /home/airflow/.local/lib/python3.8/site-packages/airflow/example_dags/example_latest_only_with_trigger.py
[2023-11-08T00:52:44.034+0000] {processor.py:839} INFO - DAG(s) dict_keys(['latest_only_with_trigger']) retrieved from /home/airflow/.local/lib/python3.8/site-packages/airflow/example_dags/example_latest_only_with_trigger.py
[2023-11-08T00:52:44.065+0000] {logging_mixin.py:151} INFO - [2023-11-08T00:52:44.065+0000] {dag.py:2941} INFO - Sync 1 DAGs
[2023-11-08T00:52:44.089+0000] {logging_mixin.py:151} INFO - [2023-11-08T00:52:44.089+0000] {dag.py:3722} INFO - Setting next_dagrun for latest_only_with_trigger to 2023-11-07T20:52:44.088621+00:00, run_after=2023-11-08T00:52:44.088621+00:00
[2023-11-08T00:52:44.116+0000] {processor.py:179} INFO - Processing /home/airflow/.local/lib/python3.8/site-packages/airflow/example_dags/example_latest_only_with_trigger.py took 0.123 seconds
[2023-11-08T00:53:14.498+0000] {processor.py:157} INFO - Started process (PID=283) to work on /home/airflow/.local/lib/python3.8/site-packages/airflow/example_dags/example_latest_only_with_trigger.py
[2023-11-08T00:53:14.506+0000] {processor.py:829} INFO - Processing file /home/airflow/.local/lib/python3.8/site-packages/airflow/example_dags/example_latest_only_with_trigger.py for tasks to queue
[2023-11-08T00:53:14.527+0000] {logging_mixin.py:151} INFO - [2023-11-08T00:53:14.526+0000] {dagbag.py:536} INFO - Filling up the DagBag from /home/airflow/.local/lib/python3.8/site-packages/airflow/example_dags/example_latest_only_with_trigger.py
[2023-11-08T00:53:14.599+0000] {processor.py:839} INFO - DAG(s) dict_keys(['latest_only_with_trigger']) retrieved from /home/airflow/.local/lib/python3.8/site-packages/airflow/example_dags/example_latest_only_with_trigger.py
[2023-11-08T00:53:14.787+0000] {logging_mixin.py:151} INFO - [2023-11-08T00:53:14.786+0000] {dag.py:2941} INFO - Sync 1 DAGs
[2023-11-08T00:53:14.912+0000] {logging_mixin.py:151} INFO - [2023-11-08T00:53:14.910+0000] {dag.py:3722} INFO - Setting next_dagrun for latest_only_with_trigger to 2023-11-07T20:53:14.906774+00:00, run_after=2023-11-08T00:53:14.906774+00:00
[2023-11-08T00:53:14.952+0000] {processor.py:179} INFO - Processing /home/airflow/.local/lib/python3.8/site-packages/airflow/example_dags/example_latest_only_with_trigger.py took 0.469 seconds
[2023-11-08T00:53:45.316+0000] {processor.py:157} INFO - Started process (PID=347) to work on /home/airflow/.local/lib/python3.8/site-packages/airflow/example_dags/example_latest_only_with_trigger.py
[2023-11-08T00:53:45.323+0000] {processor.py:829} INFO - Processing file /home/airflow/.local/lib/python3.8/site-packages/airflow/example_dags/example_latest_only_with_trigger.py for tasks to queue
[2023-11-08T00:53:45.350+0000] {logging_mixin.py:151} INFO - [2023-11-08T00:53:45.347+0000] {dagbag.py:536} INFO - Filling up the DagBag from /home/airflow/.local/lib/python3.8/site-packages/airflow/example_dags/example_latest_only_with_trigger.py
[2023-11-08T00:53:45.367+0000] {processor.py:839} INFO - DAG(s) dict_keys(['latest_only_with_trigger']) retrieved from /home/airflow/.local/lib/python3.8/site-packages/airflow/example_dags/example_latest_only_with_trigger.py
[2023-11-08T00:53:45.447+0000] {logging_mixin.py:151} INFO - [2023-11-08T00:53:45.446+0000] {dag.py:2941} INFO - Sync 1 DAGs
[2023-11-08T00:53:45.520+0000] {logging_mixin.py:151} INFO - [2023-11-08T00:53:45.520+0000] {dag.py:3722} INFO - Setting next_dagrun for latest_only_with_trigger to 2023-11-07T20:53:45.519698+00:00, run_after=2023-11-08T00:53:45.519698+00:00
[2023-11-08T00:53:45.580+0000] {processor.py:179} INFO - Processing /home/airflow/.local/lib/python3.8/site-packages/airflow/example_dags/example_latest_only_with_trigger.py took 0.292 seconds
[2023-11-08T00:54:16.666+0000] {processor.py:157} INFO - Started process (PID=401) to work on /home/airflow/.local/lib/python3.8/site-packages/airflow/example_dags/example_latest_only_with_trigger.py
[2023-11-08T00:54:16.669+0000] {processor.py:829} INFO - Processing file /home/airflow/.local/lib/python3.8/site-packages/airflow/example_dags/example_latest_only_with_trigger.py for tasks to queue
[2023-11-08T00:54:16.686+0000] {logging_mixin.py:151} INFO - [2023-11-08T00:54:16.685+0000] {dagbag.py:536} INFO - Filling up the DagBag from /home/airflow/.local/lib/python3.8/site-packages/airflow/example_dags/example_latest_only_with_trigger.py
[2023-11-08T00:54:16.709+0000] {processor.py:839} INFO - DAG(s) dict_keys(['latest_only_with_trigger']) retrieved from /home/airflow/.local/lib/python3.8/site-packages/airflow/example_dags/example_latest_only_with_trigger.py
[2023-11-08T00:54:16.781+0000] {logging_mixin.py:151} INFO - [2023-11-08T00:54:16.780+0000] {dag.py:2941} INFO - Sync 1 DAGs
[2023-11-08T00:54:16.894+0000] {logging_mixin.py:151} INFO - [2023-11-08T00:54:16.894+0000] {dag.py:3722} INFO - Setting next_dagrun for latest_only_with_trigger to 2023-11-07T20:54:16.893388+00:00, run_after=2023-11-08T00:54:16.893388+00:00
[2023-11-08T00:54:16.965+0000] {processor.py:179} INFO - Processing /home/airflow/.local/lib/python3.8/site-packages/airflow/example_dags/example_latest_only_with_trigger.py took 0.308 seconds
[2023-11-08T00:55:25.325+0000] {processor.py:157} INFO - Started process (PID=471) to work on /home/airflow/.local/lib/python3.8/site-packages/airflow/example_dags/example_latest_only_with_trigger.py
[2023-11-08T00:55:25.343+0000] {processor.py:829} INFO - Processing file /home/airflow/.local/lib/python3.8/site-packages/airflow/example_dags/example_latest_only_with_trigger.py for tasks to queue
[2023-11-08T00:55:25.505+0000] {logging_mixin.py:151} INFO - [2023-11-08T00:55:25.455+0000] {dagbag.py:536} INFO - Filling up the DagBag from /home/airflow/.local/lib/python3.8/site-packages/airflow/example_dags/example_latest_only_with_trigger.py
[2023-11-08T00:55:25.950+0000] {processor.py:839} INFO - DAG(s) dict_keys(['latest_only_with_trigger']) retrieved from /home/airflow/.local/lib/python3.8/site-packages/airflow/example_dags/example_latest_only_with_trigger.py
[2023-11-08T00:55:45.800+0000] {logging_mixin.py:151} INFO - [2023-11-08T00:55:45.721+0000] {dag.py:2941} INFO - Sync 1 DAGs
[2023-11-08T00:55:47.099+0000] {logging_mixin.py:151} INFO - [2023-11-08T00:55:47.082+0000] {dag.py:3722} INFO - Setting next_dagrun for latest_only_with_trigger to 2023-11-07T20:55:47.048001+00:00, run_after=2023-11-08T00:55:47.048001+00:00
[2023-11-08T00:55:48.043+0000] {processor.py:179} INFO - Processing /home/airflow/.local/lib/python3.8/site-packages/airflow/example_dags/example_latest_only_with_trigger.py took 22.865 seconds
[2023-11-08T00:59:13.908+0000] {processor.py:157} INFO - Started process (PID=563) to work on /home/airflow/.local/lib/python3.8/site-packages/airflow/example_dags/example_latest_only_with_trigger.py
[2023-11-08T00:59:13.913+0000] {processor.py:829} INFO - Processing file /home/airflow/.local/lib/python3.8/site-packages/airflow/example_dags/example_latest_only_with_trigger.py for tasks to queue
[2023-11-08T00:59:13.927+0000] {logging_mixin.py:151} INFO - [2023-11-08T00:59:13.923+0000] {dagbag.py:536} INFO - Filling up the DagBag from /home/airflow/.local/lib/python3.8/site-packages/airflow/example_dags/example_latest_only_with_trigger.py
[2023-11-08T00:59:14.043+0000] {processor.py:839} INFO - DAG(s) dict_keys(['latest_only_with_trigger']) retrieved from /home/airflow/.local/lib/python3.8/site-packages/airflow/example_dags/example_latest_only_with_trigger.py
[2023-11-08T00:59:14.210+0000] {logging_mixin.py:151} INFO - [2023-11-08T00:59:14.209+0000] {dag.py:2941} INFO - Sync 1 DAGs
[2023-11-08T00:59:14.461+0000] {logging_mixin.py:151} INFO - [2023-11-08T00:59:14.457+0000] {dag.py:3722} INFO - Setting next_dagrun for latest_only_with_trigger to 2023-11-07T20:59:14.451861+00:00, run_after=2023-11-08T00:59:14.451861+00:00
[2023-11-08T00:59:14.806+0000] {processor.py:179} INFO - Processing /home/airflow/.local/lib/python3.8/site-packages/airflow/example_dags/example_latest_only_with_trigger.py took 0.931 seconds
[2023-11-08T01:01:28.476+0000] {processor.py:157} INFO - Started process (PID=598) to work on /home/airflow/.local/lib/python3.8/site-packages/airflow/example_dags/example_latest_only_with_trigger.py
[2023-11-08T01:01:28.545+0000] {processor.py:829} INFO - Processing file /home/airflow/.local/lib/python3.8/site-packages/airflow/example_dags/example_latest_only_with_trigger.py for tasks to queue
[2023-11-08T01:01:28.640+0000] {logging_mixin.py:151} INFO - [2023-11-08T01:01:28.605+0000] {dagbag.py:536} INFO - Filling up the DagBag from /home/airflow/.local/lib/python3.8/site-packages/airflow/example_dags/example_latest_only_with_trigger.py
[2023-11-08T01:01:29.243+0000] {processor.py:839} INFO - DAG(s) dict_keys(['latest_only_with_trigger']) retrieved from /home/airflow/.local/lib/python3.8/site-packages/airflow/example_dags/example_latest_only_with_trigger.py
[2023-11-08T01:01:30.491+0000] {logging_mixin.py:151} INFO - [2023-11-08T01:01:30.435+0000] {dag.py:2941} INFO - Sync 1 DAGs
[2023-11-08T01:01:31.183+0000] {logging_mixin.py:151} INFO - [2023-11-08T01:01:31.131+0000] {dag.py:3722} INFO - Setting next_dagrun for latest_only_with_trigger to 2023-11-07T21:01:31.107940+00:00, run_after=2023-11-08T01:01:31.107940+00:00
[2023-11-08T01:01:31.839+0000] {processor.py:179} INFO - Processing /home/airflow/.local/lib/python3.8/site-packages/airflow/example_dags/example_latest_only_with_trigger.py took 3.729 seconds
[2023-11-08T01:04:03.624+0000] {processor.py:157} INFO - Started process (PID=656) to work on /home/airflow/.local/lib/python3.8/site-packages/airflow/example_dags/example_latest_only_with_trigger.py
[2023-11-08T01:04:03.656+0000] {processor.py:829} INFO - Processing file /home/airflow/.local/lib/python3.8/site-packages/airflow/example_dags/example_latest_only_with_trigger.py for tasks to queue
[2023-11-08T01:04:03.677+0000] {logging_mixin.py:151} INFO - [2023-11-08T01:04:03.674+0000] {dagbag.py:536} INFO - Filling up the DagBag from /home/airflow/.local/lib/python3.8/site-packages/airflow/example_dags/example_latest_only_with_trigger.py
[2023-11-08T01:04:04.127+0000] {processor.py:839} INFO - DAG(s) dict_keys(['latest_only_with_trigger']) retrieved from /home/airflow/.local/lib/python3.8/site-packages/airflow/example_dags/example_latest_only_with_trigger.py
[2023-11-08T01:04:04.953+0000] {logging_mixin.py:151} INFO - [2023-11-08T01:04:04.923+0000] {dag.py:2941} INFO - Sync 1 DAGs
[2023-11-08T01:04:05.905+0000] {logging_mixin.py:151} INFO - [2023-11-08T01:04:05.870+0000] {dag.py:3722} INFO - Setting next_dagrun for latest_only_with_trigger to 2023-11-07T21:04:05.832977+00:00, run_after=2023-11-08T01:04:05.832977+00:00
[2023-11-08T01:04:06.422+0000] {processor.py:179} INFO - Processing /home/airflow/.local/lib/python3.8/site-packages/airflow/example_dags/example_latest_only_with_trigger.py took 2.896 seconds
[2023-11-08T01:06:49.715+0000] {processor.py:157} INFO - Started process (PID=705) to work on /home/airflow/.local/lib/python3.8/site-packages/airflow/example_dags/example_latest_only_with_trigger.py
[2023-11-08T01:06:49.824+0000] {processor.py:829} INFO - Processing file /home/airflow/.local/lib/python3.8/site-packages/airflow/example_dags/example_latest_only_with_trigger.py for tasks to queue
[2023-11-08T01:06:49.924+0000] {logging_mixin.py:151} INFO - [2023-11-08T01:06:49.861+0000] {dagbag.py:536} INFO - Filling up the DagBag from /home/airflow/.local/lib/python3.8/site-packages/airflow/example_dags/example_latest_only_with_trigger.py
[2023-11-08T01:06:51.268+0000] {processor.py:839} INFO - DAG(s) dict_keys(['latest_only_with_trigger']) retrieved from /home/airflow/.local/lib/python3.8/site-packages/airflow/example_dags/example_latest_only_with_trigger.py
[2023-11-08T01:06:53.185+0000] {logging_mixin.py:151} INFO - [2023-11-08T01:06:53.180+0000] {dag.py:2941} INFO - Sync 1 DAGs
[2023-11-08T01:06:53.886+0000] {logging_mixin.py:151} INFO - [2023-11-08T01:06:53.852+0000] {dag.py:3722} INFO - Setting next_dagrun for latest_only_with_trigger to 2023-11-07T21:06:53.825944+00:00, run_after=2023-11-08T01:06:53.825944+00:00
[2023-11-08T01:06:54.968+0000] {processor.py:179} INFO - Processing /home/airflow/.local/lib/python3.8/site-packages/airflow/example_dags/example_latest_only_with_trigger.py took 5.578 seconds
[2023-11-08T01:10:45.833+0000] {processor.py:157} INFO - Started process (PID=806) to work on /home/airflow/.local/lib/python3.8/site-packages/airflow/example_dags/example_latest_only_with_trigger.py
[2023-11-08T01:10:45.972+0000] {processor.py:829} INFO - Processing file /home/airflow/.local/lib/python3.8/site-packages/airflow/example_dags/example_latest_only_with_trigger.py for tasks to queue
[2023-11-08T01:10:46.066+0000] {logging_mixin.py:151} INFO - [2023-11-08T01:10:46.016+0000] {dagbag.py:536} INFO - Filling up the DagBag from /home/airflow/.local/lib/python3.8/site-packages/airflow/example_dags/example_latest_only_with_trigger.py
[2023-11-08T01:10:46.466+0000] {processor.py:839} INFO - DAG(s) dict_keys(['latest_only_with_trigger']) retrieved from /home/airflow/.local/lib/python3.8/site-packages/airflow/example_dags/example_latest_only_with_trigger.py
[2023-11-08T01:11:03.020+0000] {logging_mixin.py:151} INFO - [2023-11-08T01:11:03.005+0000] {dag.py:2941} INFO - Sync 1 DAGs
[2023-11-08T01:11:04.112+0000] {logging_mixin.py:151} INFO - [2023-11-08T01:11:04.053+0000] {dag.py:3722} INFO - Setting next_dagrun for latest_only_with_trigger to 2023-11-07T21:11:04.015406+00:00, run_after=2023-11-08T01:11:04.015406+00:00
[2023-11-08T01:11:05.026+0000] {processor.py:179} INFO - Processing /home/airflow/.local/lib/python3.8/site-packages/airflow/example_dags/example_latest_only_with_trigger.py took 19.392 seconds
[2023-11-08T01:15:53.888+0000] {processor.py:157} INFO - Started process (PID=886) to work on /home/airflow/.local/lib/python3.8/site-packages/airflow/example_dags/example_latest_only_with_trigger.py
[2023-11-08T01:15:53.945+0000] {processor.py:829} INFO - Processing file /home/airflow/.local/lib/python3.8/site-packages/airflow/example_dags/example_latest_only_with_trigger.py for tasks to queue
[2023-11-08T01:15:53.963+0000] {logging_mixin.py:151} INFO - [2023-11-08T01:15:53.961+0000] {dagbag.py:536} INFO - Filling up the DagBag from /home/airflow/.local/lib/python3.8/site-packages/airflow/example_dags/example_latest_only_with_trigger.py
[2023-11-08T01:15:54.531+0000] {processor.py:839} INFO - DAG(s) dict_keys(['latest_only_with_trigger']) retrieved from /home/airflow/.local/lib/python3.8/site-packages/airflow/example_dags/example_latest_only_with_trigger.py
[2023-11-08T01:15:56.731+0000] {logging_mixin.py:151} INFO - [2023-11-08T01:15:56.726+0000] {dag.py:2941} INFO - Sync 1 DAGs
[2023-11-08T01:15:57.771+0000] {logging_mixin.py:151} INFO - [2023-11-08T01:15:57.766+0000] {dag.py:3722} INFO - Setting next_dagrun for latest_only_with_trigger to 2023-11-07T21:15:57.762579+00:00, run_after=2023-11-08T01:15:57.762579+00:00
[2023-11-08T01:16:00.297+0000] {processor.py:179} INFO - Processing /home/airflow/.local/lib/python3.8/site-packages/airflow/example_dags/example_latest_only_with_trigger.py took 6.574 seconds
