[2023-11-08T00:51:54.739+0000] {processor.py:157} INFO - Started process (PID=133) to work on /home/airflow/.local/lib/python3.8/site-packages/airflow/example_dags/example_sensors.py
[2023-11-08T00:51:54.741+0000] {processor.py:829} INFO - Processing file /home/airflow/.local/lib/python3.8/site-packages/airflow/example_dags/example_sensors.py for tasks to queue
[2023-11-08T00:51:54.746+0000] {logging_mixin.py:151} INFO - [2023-11-08T00:51:54.746+0000] {dagbag.py:536} INFO - Filling up the DagBag from /home/airflow/.local/lib/python3.8/site-packages/airflow/example_dags/example_sensors.py
[2023-11-08T00:51:54.774+0000] {processor.py:839} INFO - DAG(s) dict_keys(['example_sensors']) retrieved from /home/airflow/.local/lib/python3.8/site-packages/airflow/example_dags/example_sensors.py
[2023-11-08T00:51:54.969+0000] {logging_mixin.py:151} INFO - [2023-11-08T00:51:54.969+0000] {manager.py:499} INFO - Created Permission View: %s
[2023-11-08T00:51:54.981+0000] {logging_mixin.py:151} INFO - [2023-11-08T00:51:54.981+0000] {manager.py:499} INFO - Created Permission View: %s
[2023-11-08T00:51:54.998+0000] {logging_mixin.py:151} INFO - [2023-11-08T00:51:54.997+0000] {manager.py:499} INFO - Created Permission View: %s
[2023-11-08T00:51:54.999+0000] {logging_mixin.py:151} INFO - [2023-11-08T00:51:54.999+0000] {dag.py:2941} INFO - Sync 1 DAGs
[2023-11-08T00:51:55.042+0000] {logging_mixin.py:151} INFO - [2023-11-08T00:51:55.041+0000] {dag.py:2963} INFO - Creating ORM DAG for example_sensors
[2023-11-08T00:51:55.046+0000] {logging_mixin.py:151} INFO - [2023-11-08T00:51:55.045+0000] {dag.py:3722} INFO - Setting next_dagrun for example_sensors to None, run_after=None
[2023-11-08T00:51:55.076+0000] {processor.py:179} INFO - Processing /home/airflow/.local/lib/python3.8/site-packages/airflow/example_dags/example_sensors.py took 0.346 seconds
[2023-11-08T00:52:26.128+0000] {processor.py:157} INFO - Started process (PID=196) to work on /home/airflow/.local/lib/python3.8/site-packages/airflow/example_dags/example_sensors.py
[2023-11-08T00:52:26.130+0000] {processor.py:829} INFO - Processing file /home/airflow/.local/lib/python3.8/site-packages/airflow/example_dags/example_sensors.py for tasks to queue
[2023-11-08T00:52:26.134+0000] {logging_mixin.py:151} INFO - [2023-11-08T00:52:26.133+0000] {dagbag.py:536} INFO - Filling up the DagBag from /home/airflow/.local/lib/python3.8/site-packages/airflow/example_dags/example_sensors.py
[2023-11-08T00:52:26.148+0000] {processor.py:839} INFO - DAG(s) dict_keys(['example_sensors']) retrieved from /home/airflow/.local/lib/python3.8/site-packages/airflow/example_dags/example_sensors.py
[2023-11-08T00:52:26.187+0000] {logging_mixin.py:151} INFO - [2023-11-08T00:52:26.186+0000] {dag.py:2941} INFO - Sync 1 DAGs
[2023-11-08T00:52:26.210+0000] {logging_mixin.py:151} INFO - [2023-11-08T00:52:26.210+0000] {dag.py:3722} INFO - Setting next_dagrun for example_sensors to None, run_after=None
[2023-11-08T00:52:26.250+0000] {processor.py:179} INFO - Processing /home/airflow/.local/lib/python3.8/site-packages/airflow/example_dags/example_sensors.py took 0.133 seconds
[2023-11-08T00:52:56.304+0000] {processor.py:157} INFO - Started process (PID=250) to work on /home/airflow/.local/lib/python3.8/site-packages/airflow/example_dags/example_sensors.py
[2023-11-08T00:52:56.306+0000] {processor.py:829} INFO - Processing file /home/airflow/.local/lib/python3.8/site-packages/airflow/example_dags/example_sensors.py for tasks to queue
[2023-11-08T00:52:56.308+0000] {logging_mixin.py:151} INFO - [2023-11-08T00:52:56.308+0000] {dagbag.py:536} INFO - Filling up the DagBag from /home/airflow/.local/lib/python3.8/site-packages/airflow/example_dags/example_sensors.py
[2023-11-08T00:52:56.318+0000] {processor.py:839} INFO - DAG(s) dict_keys(['example_sensors']) retrieved from /home/airflow/.local/lib/python3.8/site-packages/airflow/example_dags/example_sensors.py
[2023-11-08T00:52:56.345+0000] {logging_mixin.py:151} INFO - [2023-11-08T00:52:56.344+0000] {dag.py:2941} INFO - Sync 1 DAGs
[2023-11-08T00:52:56.356+0000] {logging_mixin.py:151} INFO - [2023-11-08T00:52:56.356+0000] {dag.py:3722} INFO - Setting next_dagrun for example_sensors to None, run_after=None
[2023-11-08T00:52:56.371+0000] {processor.py:179} INFO - Processing /home/airflow/.local/lib/python3.8/site-packages/airflow/example_dags/example_sensors.py took 0.071 seconds
[2023-11-08T00:53:27.209+0000] {processor.py:157} INFO - Started process (PID=314) to work on /home/airflow/.local/lib/python3.8/site-packages/airflow/example_dags/example_sensors.py
[2023-11-08T00:53:27.213+0000] {processor.py:829} INFO - Processing file /home/airflow/.local/lib/python3.8/site-packages/airflow/example_dags/example_sensors.py for tasks to queue
[2023-11-08T00:53:27.223+0000] {logging_mixin.py:151} INFO - [2023-11-08T00:53:27.222+0000] {dagbag.py:536} INFO - Filling up the DagBag from /home/airflow/.local/lib/python3.8/site-packages/airflow/example_dags/example_sensors.py
[2023-11-08T00:53:27.247+0000] {processor.py:839} INFO - DAG(s) dict_keys(['example_sensors']) retrieved from /home/airflow/.local/lib/python3.8/site-packages/airflow/example_dags/example_sensors.py
[2023-11-08T00:53:27.290+0000] {logging_mixin.py:151} INFO - [2023-11-08T00:53:27.290+0000] {dag.py:2941} INFO - Sync 1 DAGs
[2023-11-08T00:53:27.357+0000] {logging_mixin.py:151} INFO - [2023-11-08T00:53:27.356+0000] {dag.py:3722} INFO - Setting next_dagrun for example_sensors to None, run_after=None
[2023-11-08T00:53:27.403+0000] {processor.py:179} INFO - Processing /home/airflow/.local/lib/python3.8/site-packages/airflow/example_dags/example_sensors.py took 0.202 seconds
[2023-11-08T00:54:01.307+0000] {processor.py:157} INFO - Started process (PID=377) to work on /home/airflow/.local/lib/python3.8/site-packages/airflow/example_dags/example_sensors.py
[2023-11-08T00:54:01.312+0000] {processor.py:829} INFO - Processing file /home/airflow/.local/lib/python3.8/site-packages/airflow/example_dags/example_sensors.py for tasks to queue
[2023-11-08T00:54:01.343+0000] {logging_mixin.py:151} INFO - [2023-11-08T00:54:01.341+0000] {dagbag.py:536} INFO - Filling up the DagBag from /home/airflow/.local/lib/python3.8/site-packages/airflow/example_dags/example_sensors.py
[2023-11-08T00:54:01.393+0000] {processor.py:839} INFO - DAG(s) dict_keys(['example_sensors']) retrieved from /home/airflow/.local/lib/python3.8/site-packages/airflow/example_dags/example_sensors.py
[2023-11-08T00:54:01.459+0000] {logging_mixin.py:151} INFO - [2023-11-08T00:54:01.459+0000] {dag.py:2941} INFO - Sync 1 DAGs
[2023-11-08T00:54:01.511+0000] {logging_mixin.py:151} INFO - [2023-11-08T00:54:01.510+0000] {dag.py:3722} INFO - Setting next_dagrun for example_sensors to None, run_after=None
[2023-11-08T00:54:01.553+0000] {processor.py:179} INFO - Processing /home/airflow/.local/lib/python3.8/site-packages/airflow/example_dags/example_sensors.py took 0.268 seconds
[2023-11-08T00:54:36.233+0000] {processor.py:157} INFO - Started process (PID=441) to work on /home/airflow/.local/lib/python3.8/site-packages/airflow/example_dags/example_sensors.py
[2023-11-08T00:54:36.241+0000] {processor.py:829} INFO - Processing file /home/airflow/.local/lib/python3.8/site-packages/airflow/example_dags/example_sensors.py for tasks to queue
[2023-11-08T00:54:36.283+0000] {logging_mixin.py:151} INFO - [2023-11-08T00:54:36.279+0000] {dagbag.py:536} INFO - Filling up the DagBag from /home/airflow/.local/lib/python3.8/site-packages/airflow/example_dags/example_sensors.py
[2023-11-08T00:54:36.404+0000] {processor.py:839} INFO - DAG(s) dict_keys(['example_sensors']) retrieved from /home/airflow/.local/lib/python3.8/site-packages/airflow/example_dags/example_sensors.py
[2023-11-08T00:54:36.585+0000] {logging_mixin.py:151} INFO - [2023-11-08T00:54:36.584+0000] {dag.py:2941} INFO - Sync 1 DAGs
[2023-11-08T00:54:36.989+0000] {logging_mixin.py:151} INFO - [2023-11-08T00:54:36.985+0000] {dag.py:3722} INFO - Setting next_dagrun for example_sensors to None, run_after=None
[2023-11-08T00:54:37.451+0000] {processor.py:179} INFO - Processing /home/airflow/.local/lib/python3.8/site-packages/airflow/example_dags/example_sensors.py took 1.245 seconds
[2023-11-08T00:58:25.733+0000] {processor.py:157} INFO - Started process (PID=531) to work on /home/airflow/.local/lib/python3.8/site-packages/airflow/example_dags/example_sensors.py
[2023-11-08T00:58:25.739+0000] {processor.py:829} INFO - Processing file /home/airflow/.local/lib/python3.8/site-packages/airflow/example_dags/example_sensors.py for tasks to queue
[2023-11-08T00:58:25.743+0000] {logging_mixin.py:151} INFO - [2023-11-08T00:58:25.742+0000] {dagbag.py:536} INFO - Filling up the DagBag from /home/airflow/.local/lib/python3.8/site-packages/airflow/example_dags/example_sensors.py
[2023-11-08T00:58:25.799+0000] {processor.py:839} INFO - DAG(s) dict_keys(['example_sensors']) retrieved from /home/airflow/.local/lib/python3.8/site-packages/airflow/example_dags/example_sensors.py
[2023-11-08T00:58:26.074+0000] {logging_mixin.py:151} INFO - [2023-11-08T00:58:26.066+0000] {dag.py:2941} INFO - Sync 1 DAGs
[2023-11-08T00:58:26.274+0000] {logging_mixin.py:151} INFO - [2023-11-08T00:58:26.274+0000] {dag.py:3722} INFO - Setting next_dagrun for example_sensors to None, run_after=None
[2023-11-08T00:58:27.291+0000] {processor.py:179} INFO - Processing /home/airflow/.local/lib/python3.8/site-packages/airflow/example_dags/example_sensors.py took 1.595 seconds
[2023-11-08T01:02:46.039+0000] {processor.py:157} INFO - Started process (PID=618) to work on /home/airflow/.local/lib/python3.8/site-packages/airflow/example_dags/example_sensors.py
[2023-11-08T01:02:46.092+0000] {processor.py:829} INFO - Processing file /home/airflow/.local/lib/python3.8/site-packages/airflow/example_dags/example_sensors.py for tasks to queue
[2023-11-08T01:02:46.138+0000] {logging_mixin.py:151} INFO - [2023-11-08T01:02:46.114+0000] {dagbag.py:536} INFO - Filling up the DagBag from /home/airflow/.local/lib/python3.8/site-packages/airflow/example_dags/example_sensors.py
[2023-11-08T01:02:46.853+0000] {processor.py:839} INFO - DAG(s) dict_keys(['example_sensors']) retrieved from /home/airflow/.local/lib/python3.8/site-packages/airflow/example_dags/example_sensors.py
[2023-11-08T01:02:47.448+0000] {logging_mixin.py:151} INFO - [2023-11-08T01:02:47.440+0000] {dag.py:2941} INFO - Sync 1 DAGs
[2023-11-08T01:02:47.598+0000] {logging_mixin.py:151} INFO - [2023-11-08T01:02:47.597+0000] {dag.py:3722} INFO - Setting next_dagrun for example_sensors to None, run_after=None
[2023-11-08T01:02:47.764+0000] {processor.py:179} INFO - Processing /home/airflow/.local/lib/python3.8/site-packages/airflow/example_dags/example_sensors.py took 1.919 seconds
[2023-11-08T01:07:16.727+0000] {processor.py:157} INFO - Started process (PID=725) to work on /home/airflow/.local/lib/python3.8/site-packages/airflow/example_dags/example_sensors.py
[2023-11-08T01:07:16.755+0000] {processor.py:829} INFO - Processing file /home/airflow/.local/lib/python3.8/site-packages/airflow/example_dags/example_sensors.py for tasks to queue
[2023-11-08T01:07:16.761+0000] {logging_mixin.py:151} INFO - [2023-11-08T01:07:16.758+0000] {dagbag.py:536} INFO - Filling up the DagBag from /home/airflow/.local/lib/python3.8/site-packages/airflow/example_dags/example_sensors.py
[2023-11-08T01:07:17.252+0000] {processor.py:839} INFO - DAG(s) dict_keys(['example_sensors']) retrieved from /home/airflow/.local/lib/python3.8/site-packages/airflow/example_dags/example_sensors.py
[2023-11-08T01:07:20.459+0000] {logging_mixin.py:151} INFO - [2023-11-08T01:07:20.446+0000] {dag.py:2941} INFO - Sync 1 DAGs
[2023-11-08T01:07:20.706+0000] {logging_mixin.py:151} INFO - [2023-11-08T01:07:20.694+0000] {dag.py:3722} INFO - Setting next_dagrun for example_sensors to None, run_after=None
[2023-11-08T01:07:21.077+0000] {processor.py:179} INFO - Processing /home/airflow/.local/lib/python3.8/site-packages/airflow/example_dags/example_sensors.py took 4.469 seconds
[2023-11-08T01:12:33.527+0000] {processor.py:157} INFO - Started process (PID=834) to work on /home/airflow/.local/lib/python3.8/site-packages/airflow/example_dags/example_sensors.py
[2023-11-08T01:12:33.555+0000] {processor.py:829} INFO - Processing file /home/airflow/.local/lib/python3.8/site-packages/airflow/example_dags/example_sensors.py for tasks to queue
[2023-11-08T01:12:33.577+0000] {logging_mixin.py:151} INFO - [2023-11-08T01:12:33.565+0000] {dagbag.py:536} INFO - Filling up the DagBag from /home/airflow/.local/lib/python3.8/site-packages/airflow/example_dags/example_sensors.py
[2023-11-08T01:12:34.041+0000] {processor.py:839} INFO - DAG(s) dict_keys(['example_sensors']) retrieved from /home/airflow/.local/lib/python3.8/site-packages/airflow/example_dags/example_sensors.py
[2023-11-08T01:12:42.161+0000] {logging_mixin.py:151} INFO - [2023-11-08T01:12:42.038+0000] {dag.py:2941} INFO - Sync 1 DAGs
[2023-11-08T01:12:42.873+0000] {logging_mixin.py:151} INFO - [2023-11-08T01:12:42.784+0000] {dag.py:3722} INFO - Setting next_dagrun for example_sensors to None, run_after=None
[2023-11-08T01:12:45.061+0000] {processor.py:179} INFO - Processing /home/airflow/.local/lib/python3.8/site-packages/airflow/example_dags/example_sensors.py took 11.606 seconds
