[2023-11-08T00:51:34.456+0000] {processor.py:157} INFO - Started process (PID=92) to work on /home/airflow/.local/lib/python3.8/site-packages/airflow/example_dags/example_time_delta_sensor_async.py
[2023-11-08T00:51:34.464+0000] {processor.py:829} INFO - Processing file /home/airflow/.local/lib/python3.8/site-packages/airflow/example_dags/example_time_delta_sensor_async.py for tasks to queue
[2023-11-08T00:51:34.475+0000] {logging_mixin.py:151} INFO - [2023-11-08T00:51:34.474+0000] {dagbag.py:536} INFO - Filling up the DagBag from /home/airflow/.local/lib/python3.8/site-packages/airflow/example_dags/example_time_delta_sensor_async.py
[2023-11-08T00:51:34.500+0000] {processor.py:839} INFO - DAG(s) dict_keys(['example_time_delta_sensor_async']) retrieved from /home/airflow/.local/lib/python3.8/site-packages/airflow/example_dags/example_time_delta_sensor_async.py
[2023-11-08T00:51:34.945+0000] {logging_mixin.py:151} INFO - [2023-11-08T00:51:34.943+0000] {manager.py:499} INFO - Created Permission View: %s
[2023-11-08T00:51:34.962+0000] {logging_mixin.py:151} INFO - [2023-11-08T00:51:34.962+0000] {manager.py:499} INFO - Created Permission View: %s
[2023-11-08T00:51:34.984+0000] {logging_mixin.py:151} INFO - [2023-11-08T00:51:34.983+0000] {manager.py:499} INFO - Created Permission View: %s
[2023-11-08T00:51:34.986+0000] {logging_mixin.py:151} INFO - [2023-11-08T00:51:34.986+0000] {dag.py:2941} INFO - Sync 1 DAGs
[2023-11-08T00:51:35.026+0000] {logging_mixin.py:151} INFO - [2023-11-08T00:51:35.025+0000] {dag.py:2963} INFO - Creating ORM DAG for example_time_delta_sensor_async
[2023-11-08T00:51:35.027+0000] {logging_mixin.py:151} INFO - [2023-11-08T00:51:35.027+0000] {dag.py:3722} INFO - Setting next_dagrun for example_time_delta_sensor_async to None, run_after=None
[2023-11-08T00:51:35.088+0000] {processor.py:179} INFO - Processing /home/airflow/.local/lib/python3.8/site-packages/airflow/example_dags/example_time_delta_sensor_async.py took 0.671 seconds
[2023-11-08T00:52:05.917+0000] {processor.py:157} INFO - Started process (PID=147) to work on /home/airflow/.local/lib/python3.8/site-packages/airflow/example_dags/example_time_delta_sensor_async.py
[2023-11-08T00:52:05.920+0000] {processor.py:829} INFO - Processing file /home/airflow/.local/lib/python3.8/site-packages/airflow/example_dags/example_time_delta_sensor_async.py for tasks to queue
[2023-11-08T00:52:05.924+0000] {logging_mixin.py:151} INFO - [2023-11-08T00:52:05.923+0000] {dagbag.py:536} INFO - Filling up the DagBag from /home/airflow/.local/lib/python3.8/site-packages/airflow/example_dags/example_time_delta_sensor_async.py
[2023-11-08T00:52:05.932+0000] {processor.py:839} INFO - DAG(s) dict_keys(['example_time_delta_sensor_async']) retrieved from /home/airflow/.local/lib/python3.8/site-packages/airflow/example_dags/example_time_delta_sensor_async.py
[2023-11-08T00:52:05.962+0000] {logging_mixin.py:151} INFO - [2023-11-08T00:52:05.962+0000] {dag.py:2941} INFO - Sync 1 DAGs
[2023-11-08T00:52:05.976+0000] {logging_mixin.py:151} INFO - [2023-11-08T00:52:05.976+0000] {dag.py:3722} INFO - Setting next_dagrun for example_time_delta_sensor_async to None, run_after=None
[2023-11-08T00:52:05.989+0000] {processor.py:179} INFO - Processing /home/airflow/.local/lib/python3.8/site-packages/airflow/example_dags/example_time_delta_sensor_async.py took 0.078 seconds
[2023-11-08T00:52:36.440+0000] {processor.py:157} INFO - Started process (PID=210) to work on /home/airflow/.local/lib/python3.8/site-packages/airflow/example_dags/example_time_delta_sensor_async.py
[2023-11-08T00:52:36.442+0000] {processor.py:829} INFO - Processing file /home/airflow/.local/lib/python3.8/site-packages/airflow/example_dags/example_time_delta_sensor_async.py for tasks to queue
[2023-11-08T00:52:36.447+0000] {logging_mixin.py:151} INFO - [2023-11-08T00:52:36.446+0000] {dagbag.py:536} INFO - Filling up the DagBag from /home/airflow/.local/lib/python3.8/site-packages/airflow/example_dags/example_time_delta_sensor_async.py
[2023-11-08T00:52:36.455+0000] {processor.py:839} INFO - DAG(s) dict_keys(['example_time_delta_sensor_async']) retrieved from /home/airflow/.local/lib/python3.8/site-packages/airflow/example_dags/example_time_delta_sensor_async.py
[2023-11-08T00:52:36.479+0000] {logging_mixin.py:151} INFO - [2023-11-08T00:52:36.479+0000] {dag.py:2941} INFO - Sync 1 DAGs
[2023-11-08T00:52:36.490+0000] {logging_mixin.py:151} INFO - [2023-11-08T00:52:36.490+0000] {dag.py:3722} INFO - Setting next_dagrun for example_time_delta_sensor_async to None, run_after=None
[2023-11-08T00:52:36.502+0000] {processor.py:179} INFO - Processing /home/airflow/.local/lib/python3.8/site-packages/airflow/example_dags/example_time_delta_sensor_async.py took 0.071 seconds
[2023-11-08T00:53:07.021+0000] {processor.py:157} INFO - Started process (PID=273) to work on /home/airflow/.local/lib/python3.8/site-packages/airflow/example_dags/example_time_delta_sensor_async.py
[2023-11-08T00:53:07.025+0000] {processor.py:829} INFO - Processing file /home/airflow/.local/lib/python3.8/site-packages/airflow/example_dags/example_time_delta_sensor_async.py for tasks to queue
[2023-11-08T00:53:07.032+0000] {logging_mixin.py:151} INFO - [2023-11-08T00:53:07.032+0000] {dagbag.py:536} INFO - Filling up the DagBag from /home/airflow/.local/lib/python3.8/site-packages/airflow/example_dags/example_time_delta_sensor_async.py
[2023-11-08T00:53:07.062+0000] {processor.py:839} INFO - DAG(s) dict_keys(['example_time_delta_sensor_async']) retrieved from /home/airflow/.local/lib/python3.8/site-packages/airflow/example_dags/example_time_delta_sensor_async.py
[2023-11-08T00:53:07.210+0000] {logging_mixin.py:151} INFO - [2023-11-08T00:53:07.210+0000] {dag.py:2941} INFO - Sync 1 DAGs
[2023-11-08T00:53:07.266+0000] {logging_mixin.py:151} INFO - [2023-11-08T00:53:07.265+0000] {dag.py:3722} INFO - Setting next_dagrun for example_time_delta_sensor_async to None, run_after=None
[2023-11-08T00:53:07.362+0000] {processor.py:179} INFO - Processing /home/airflow/.local/lib/python3.8/site-packages/airflow/example_dags/example_time_delta_sensor_async.py took 0.366 seconds
[2023-11-08T00:53:37.609+0000] {processor.py:157} INFO - Started process (PID=328) to work on /home/airflow/.local/lib/python3.8/site-packages/airflow/example_dags/example_time_delta_sensor_async.py
[2023-11-08T00:53:37.613+0000] {processor.py:829} INFO - Processing file /home/airflow/.local/lib/python3.8/site-packages/airflow/example_dags/example_time_delta_sensor_async.py for tasks to queue
[2023-11-08T00:53:37.620+0000] {logging_mixin.py:151} INFO - [2023-11-08T00:53:37.620+0000] {dagbag.py:536} INFO - Filling up the DagBag from /home/airflow/.local/lib/python3.8/site-packages/airflow/example_dags/example_time_delta_sensor_async.py
[2023-11-08T00:53:37.632+0000] {processor.py:839} INFO - DAG(s) dict_keys(['example_time_delta_sensor_async']) retrieved from /home/airflow/.local/lib/python3.8/site-packages/airflow/example_dags/example_time_delta_sensor_async.py
[2023-11-08T00:53:37.700+0000] {logging_mixin.py:151} INFO - [2023-11-08T00:53:37.700+0000] {dag.py:2941} INFO - Sync 1 DAGs
[2023-11-08T00:53:37.723+0000] {logging_mixin.py:151} INFO - [2023-11-08T00:53:37.723+0000] {dag.py:3722} INFO - Setting next_dagrun for example_time_delta_sensor_async to None, run_after=None
[2023-11-08T00:53:37.744+0000] {processor.py:179} INFO - Processing /home/airflow/.local/lib/python3.8/site-packages/airflow/example_dags/example_time_delta_sensor_async.py took 0.149 seconds
[2023-11-08T00:54:10.307+0000] {processor.py:157} INFO - Started process (PID=391) to work on /home/airflow/.local/lib/python3.8/site-packages/airflow/example_dags/example_time_delta_sensor_async.py
[2023-11-08T00:54:10.325+0000] {processor.py:829} INFO - Processing file /home/airflow/.local/lib/python3.8/site-packages/airflow/example_dags/example_time_delta_sensor_async.py for tasks to queue
[2023-11-08T00:54:10.391+0000] {logging_mixin.py:151} INFO - [2023-11-08T00:54:10.383+0000] {dagbag.py:536} INFO - Filling up the DagBag from /home/airflow/.local/lib/python3.8/site-packages/airflow/example_dags/example_time_delta_sensor_async.py
[2023-11-08T00:54:10.509+0000] {processor.py:839} INFO - DAG(s) dict_keys(['example_time_delta_sensor_async']) retrieved from /home/airflow/.local/lib/python3.8/site-packages/airflow/example_dags/example_time_delta_sensor_async.py
[2023-11-08T00:54:10.812+0000] {logging_mixin.py:151} INFO - [2023-11-08T00:54:10.810+0000] {dag.py:2941} INFO - Sync 1 DAGs
[2023-11-08T00:54:10.909+0000] {logging_mixin.py:151} INFO - [2023-11-08T00:54:10.908+0000] {dag.py:3722} INFO - Setting next_dagrun for example_time_delta_sensor_async to None, run_after=None
[2023-11-08T00:54:11.004+0000] {processor.py:179} INFO - Processing /home/airflow/.local/lib/python3.8/site-packages/airflow/example_dags/example_time_delta_sensor_async.py took 0.761 seconds
[2023-11-08T00:54:47.470+0000] {processor.py:157} INFO - Started process (PID=452) to work on /home/airflow/.local/lib/python3.8/site-packages/airflow/example_dags/example_time_delta_sensor_async.py
[2023-11-08T00:54:47.542+0000] {processor.py:829} INFO - Processing file /home/airflow/.local/lib/python3.8/site-packages/airflow/example_dags/example_time_delta_sensor_async.py for tasks to queue
[2023-11-08T00:54:47.965+0000] {logging_mixin.py:151} INFO - [2023-11-08T00:54:47.963+0000] {dagbag.py:536} INFO - Filling up the DagBag from /home/airflow/.local/lib/python3.8/site-packages/airflow/example_dags/example_time_delta_sensor_async.py
[2023-11-08T00:54:48.520+0000] {processor.py:839} INFO - DAG(s) dict_keys(['example_time_delta_sensor_async']) retrieved from /home/airflow/.local/lib/python3.8/site-packages/airflow/example_dags/example_time_delta_sensor_async.py
[2023-11-08T00:54:49.090+0000] {logging_mixin.py:151} INFO - [2023-11-08T00:54:49.085+0000] {dag.py:2941} INFO - Sync 1 DAGs
[2023-11-08T00:54:49.248+0000] {logging_mixin.py:151} INFO - [2023-11-08T00:54:49.247+0000] {dag.py:3722} INFO - Setting next_dagrun for example_time_delta_sensor_async to None, run_after=None
[2023-11-08T00:54:49.697+0000] {processor.py:179} INFO - Processing /home/airflow/.local/lib/python3.8/site-packages/airflow/example_dags/example_time_delta_sensor_async.py took 2.318 seconds
[2023-11-08T00:56:18.996+0000] {processor.py:157} INFO - Started process (PID=492) to work on /home/airflow/.local/lib/python3.8/site-packages/airflow/example_dags/example_time_delta_sensor_async.py
[2023-11-08T00:56:19.003+0000] {processor.py:829} INFO - Processing file /home/airflow/.local/lib/python3.8/site-packages/airflow/example_dags/example_time_delta_sensor_async.py for tasks to queue
[2023-11-08T00:56:19.039+0000] {logging_mixin.py:151} INFO - [2023-11-08T00:56:19.036+0000] {dagbag.py:536} INFO - Filling up the DagBag from /home/airflow/.local/lib/python3.8/site-packages/airflow/example_dags/example_time_delta_sensor_async.py
[2023-11-08T00:56:19.124+0000] {processor.py:839} INFO - DAG(s) dict_keys(['example_time_delta_sensor_async']) retrieved from /home/airflow/.local/lib/python3.8/site-packages/airflow/example_dags/example_time_delta_sensor_async.py
[2023-11-08T00:56:22.273+0000] {logging_mixin.py:151} INFO - [2023-11-08T00:56:22.264+0000] {dag.py:2941} INFO - Sync 1 DAGs
[2023-11-08T00:56:22.462+0000] {logging_mixin.py:151} INFO - [2023-11-08T00:56:22.462+0000] {dag.py:3722} INFO - Setting next_dagrun for example_time_delta_sensor_async to None, run_after=None
[2023-11-08T00:56:22.663+0000] {processor.py:179} INFO - Processing /home/airflow/.local/lib/python3.8/site-packages/airflow/example_dags/example_time_delta_sensor_async.py took 3.704 seconds
[2023-11-08T00:59:08.774+0000] {processor.py:157} INFO - Started process (PID=553) to work on /home/airflow/.local/lib/python3.8/site-packages/airflow/example_dags/example_time_delta_sensor_async.py
[2023-11-08T00:59:08.787+0000] {processor.py:829} INFO - Processing file /home/airflow/.local/lib/python3.8/site-packages/airflow/example_dags/example_time_delta_sensor_async.py for tasks to queue
[2023-11-08T00:59:08.803+0000] {logging_mixin.py:151} INFO - [2023-11-08T00:59:08.799+0000] {dagbag.py:536} INFO - Filling up the DagBag from /home/airflow/.local/lib/python3.8/site-packages/airflow/example_dags/example_time_delta_sensor_async.py
[2023-11-08T00:59:08.926+0000] {processor.py:839} INFO - DAG(s) dict_keys(['example_time_delta_sensor_async']) retrieved from /home/airflow/.local/lib/python3.8/site-packages/airflow/example_dags/example_time_delta_sensor_async.py
[2023-11-08T00:59:09.243+0000] {logging_mixin.py:151} INFO - [2023-11-08T00:59:09.242+0000] {dag.py:2941} INFO - Sync 1 DAGs
[2023-11-08T00:59:09.348+0000] {logging_mixin.py:151} INFO - [2023-11-08T00:59:09.347+0000] {dag.py:3722} INFO - Setting next_dagrun for example_time_delta_sensor_async to None, run_after=None
[2023-11-08T00:59:09.448+0000] {processor.py:179} INFO - Processing /home/airflow/.local/lib/python3.8/site-packages/airflow/example_dags/example_time_delta_sensor_async.py took 0.806 seconds
[2023-11-08T01:00:41.872+0000] {processor.py:157} INFO - Started process (PID=588) to work on /home/airflow/.local/lib/python3.8/site-packages/airflow/example_dags/example_time_delta_sensor_async.py
[2023-11-08T01:00:41.912+0000] {processor.py:829} INFO - Processing file /home/airflow/.local/lib/python3.8/site-packages/airflow/example_dags/example_time_delta_sensor_async.py for tasks to queue
[2023-11-08T01:00:41.941+0000] {logging_mixin.py:151} INFO - [2023-11-08T01:00:41.935+0000] {dagbag.py:536} INFO - Filling up the DagBag from /home/airflow/.local/lib/python3.8/site-packages/airflow/example_dags/example_time_delta_sensor_async.py
[2023-11-08T01:00:42.139+0000] {processor.py:839} INFO - DAG(s) dict_keys(['example_time_delta_sensor_async']) retrieved from /home/airflow/.local/lib/python3.8/site-packages/airflow/example_dags/example_time_delta_sensor_async.py
[2023-11-08T01:00:43.238+0000] {logging_mixin.py:151} INFO - [2023-11-08T01:00:43.222+0000] {dag.py:2941} INFO - Sync 1 DAGs
[2023-11-08T01:00:43.363+0000] {logging_mixin.py:151} INFO - [2023-11-08T01:00:43.362+0000] {dag.py:3722} INFO - Setting next_dagrun for example_time_delta_sensor_async to None, run_after=None
[2023-11-08T01:00:43.465+0000] {processor.py:179} INFO - Processing /home/airflow/.local/lib/python3.8/site-packages/airflow/example_dags/example_time_delta_sensor_async.py took 1.664 seconds
[2023-11-08T01:03:53.001+0000] {processor.py:157} INFO - Started process (PID=646) to work on /home/airflow/.local/lib/python3.8/site-packages/airflow/example_dags/example_time_delta_sensor_async.py
[2023-11-08T01:03:53.032+0000] {processor.py:829} INFO - Processing file /home/airflow/.local/lib/python3.8/site-packages/airflow/example_dags/example_time_delta_sensor_async.py for tasks to queue
[2023-11-08T01:03:53.082+0000] {logging_mixin.py:151} INFO - [2023-11-08T01:03:53.048+0000] {dagbag.py:536} INFO - Filling up the DagBag from /home/airflow/.local/lib/python3.8/site-packages/airflow/example_dags/example_time_delta_sensor_async.py
[2023-11-08T01:03:53.224+0000] {processor.py:839} INFO - DAG(s) dict_keys(['example_time_delta_sensor_async']) retrieved from /home/airflow/.local/lib/python3.8/site-packages/airflow/example_dags/example_time_delta_sensor_async.py
[2023-11-08T01:03:54.307+0000] {logging_mixin.py:151} INFO - [2023-11-08T01:03:54.275+0000] {dag.py:2941} INFO - Sync 1 DAGs
[2023-11-08T01:03:54.483+0000] {logging_mixin.py:151} INFO - [2023-11-08T01:03:54.481+0000] {dag.py:3722} INFO - Setting next_dagrun for example_time_delta_sensor_async to None, run_after=None
[2023-11-08T01:03:54.736+0000] {processor.py:179} INFO - Processing /home/airflow/.local/lib/python3.8/site-packages/airflow/example_dags/example_time_delta_sensor_async.py took 1.963 seconds
[2023-11-08T01:06:06.534+0000] {processor.py:157} INFO - Started process (PID=695) to work on /home/airflow/.local/lib/python3.8/site-packages/airflow/example_dags/example_time_delta_sensor_async.py
[2023-11-08T01:06:06.550+0000] {processor.py:829} INFO - Processing file /home/airflow/.local/lib/python3.8/site-packages/airflow/example_dags/example_time_delta_sensor_async.py for tasks to queue
[2023-11-08T01:06:06.591+0000] {logging_mixin.py:151} INFO - [2023-11-08T01:06:06.586+0000] {dagbag.py:536} INFO - Filling up the DagBag from /home/airflow/.local/lib/python3.8/site-packages/airflow/example_dags/example_time_delta_sensor_async.py
[2023-11-08T01:06:06.856+0000] {processor.py:839} INFO - DAG(s) dict_keys(['example_time_delta_sensor_async']) retrieved from /home/airflow/.local/lib/python3.8/site-packages/airflow/example_dags/example_time_delta_sensor_async.py
[2023-11-08T01:06:34.536+0000] {logging_mixin.py:151} INFO - [2023-11-08T01:06:34.470+0000] {dag.py:2941} INFO - Sync 1 DAGs
[2023-11-08T01:06:35.929+0000] {logging_mixin.py:151} INFO - [2023-11-08T01:06:35.925+0000] {dag.py:3722} INFO - Setting next_dagrun for example_time_delta_sensor_async to None, run_after=None
[2023-11-08T01:06:36.329+0000] {processor.py:179} INFO - Processing /home/airflow/.local/lib/python3.8/site-packages/airflow/example_dags/example_time_delta_sensor_async.py took 29.883 seconds
[2023-11-08T01:08:20.567+0000] {processor.py:157} INFO - Started process (PID=747) to work on /home/airflow/.local/lib/python3.8/site-packages/airflow/example_dags/example_time_delta_sensor_async.py
[2023-11-08T01:08:20.629+0000] {processor.py:829} INFO - Processing file /home/airflow/.local/lib/python3.8/site-packages/airflow/example_dags/example_time_delta_sensor_async.py for tasks to queue
[2023-11-08T01:08:20.635+0000] {logging_mixin.py:151} INFO - [2023-11-08T01:08:20.633+0000] {dagbag.py:536} INFO - Filling up the DagBag from /home/airflow/.local/lib/python3.8/site-packages/airflow/example_dags/example_time_delta_sensor_async.py
[2023-11-08T01:08:20.723+0000] {processor.py:839} INFO - DAG(s) dict_keys(['example_time_delta_sensor_async']) retrieved from /home/airflow/.local/lib/python3.8/site-packages/airflow/example_dags/example_time_delta_sensor_async.py
[2023-11-08T01:08:20.903+0000] {logging_mixin.py:151} INFO - [2023-11-08T01:08:20.902+0000] {dag.py:2941} INFO - Sync 1 DAGs
[2023-11-08T01:08:21.083+0000] {logging_mixin.py:151} INFO - [2023-11-08T01:08:21.083+0000] {dag.py:3722} INFO - Setting next_dagrun for example_time_delta_sensor_async to None, run_after=None
[2023-11-08T01:08:21.290+0000] {processor.py:179} INFO - Processing /home/airflow/.local/lib/python3.8/site-packages/airflow/example_dags/example_time_delta_sensor_async.py took 0.837 seconds
[2023-11-08T01:10:24.411+0000] {processor.py:157} INFO - Started process (PID=796) to work on /home/airflow/.local/lib/python3.8/site-packages/airflow/example_dags/example_time_delta_sensor_async.py
[2023-11-08T01:10:24.440+0000] {processor.py:829} INFO - Processing file /home/airflow/.local/lib/python3.8/site-packages/airflow/example_dags/example_time_delta_sensor_async.py for tasks to queue
[2023-11-08T01:10:24.451+0000] {logging_mixin.py:151} INFO - [2023-11-08T01:10:24.449+0000] {dagbag.py:536} INFO - Filling up the DagBag from /home/airflow/.local/lib/python3.8/site-packages/airflow/example_dags/example_time_delta_sensor_async.py
[2023-11-08T01:10:24.644+0000] {processor.py:839} INFO - DAG(s) dict_keys(['example_time_delta_sensor_async']) retrieved from /home/airflow/.local/lib/python3.8/site-packages/airflow/example_dags/example_time_delta_sensor_async.py
[2023-11-08T01:10:26.531+0000] {logging_mixin.py:151} INFO - [2023-11-08T01:10:26.519+0000] {dag.py:2941} INFO - Sync 1 DAGs
[2023-11-08T01:10:27.257+0000] {logging_mixin.py:151} INFO - [2023-11-08T01:10:27.251+0000] {dag.py:3722} INFO - Setting next_dagrun for example_time_delta_sensor_async to None, run_after=None
[2023-11-08T01:10:27.433+0000] {processor.py:179} INFO - Processing /home/airflow/.local/lib/python3.8/site-packages/airflow/example_dags/example_time_delta_sensor_async.py took 3.139 seconds
[2023-11-08T01:14:03.652+0000] {processor.py:157} INFO - Started process (PID=863) to work on /home/airflow/.local/lib/python3.8/site-packages/airflow/example_dags/example_time_delta_sensor_async.py
[2023-11-08T01:14:03.727+0000] {processor.py:829} INFO - Processing file /home/airflow/.local/lib/python3.8/site-packages/airflow/example_dags/example_time_delta_sensor_async.py for tasks to queue
[2023-11-08T01:14:03.745+0000] {logging_mixin.py:151} INFO - [2023-11-08T01:14:03.741+0000] {dagbag.py:536} INFO - Filling up the DagBag from /home/airflow/.local/lib/python3.8/site-packages/airflow/example_dags/example_time_delta_sensor_async.py
[2023-11-08T01:14:04.356+0000] {processor.py:839} INFO - DAG(s) dict_keys(['example_time_delta_sensor_async']) retrieved from /home/airflow/.local/lib/python3.8/site-packages/airflow/example_dags/example_time_delta_sensor_async.py
[2023-11-08T01:14:18.265+0000] {logging_mixin.py:151} INFO - [2023-11-08T01:14:18.097+0000] {dag.py:2941} INFO - Sync 1 DAGs
[2023-11-08T01:14:19.346+0000] {logging_mixin.py:151} INFO - [2023-11-08T01:14:19.312+0000] {dag.py:3722} INFO - Setting next_dagrun for example_time_delta_sensor_async to None, run_after=None
[2023-11-08T01:14:21.570+0000] {processor.py:179} INFO - Processing /home/airflow/.local/lib/python3.8/site-packages/airflow/example_dags/example_time_delta_sensor_async.py took 18.103 seconds
