[2023-11-08T00:51:54.253+0000] {processor.py:157} INFO - Started process (PID=130) to work on /home/airflow/.local/lib/python3.8/site-packages/airflow/example_dags/example_skip_dag.py
[2023-11-08T00:51:54.261+0000] {processor.py:829} INFO - Processing file /home/airflow/.local/lib/python3.8/site-packages/airflow/example_dags/example_skip_dag.py for tasks to queue
[2023-11-08T00:51:54.277+0000] {logging_mixin.py:151} INFO - [2023-11-08T00:51:54.276+0000] {dagbag.py:536} INFO - Filling up the DagBag from /home/airflow/.local/lib/python3.8/site-packages/airflow/example_dags/example_skip_dag.py
[2023-11-08T00:51:54.303+0000] {processor.py:839} INFO - DAG(s) dict_keys(['example_skip_dag']) retrieved from /home/airflow/.local/lib/python3.8/site-packages/airflow/example_dags/example_skip_dag.py
[2023-11-08T00:51:54.547+0000] {logging_mixin.py:151} INFO - [2023-11-08T00:51:54.547+0000] {manager.py:499} INFO - Created Permission View: %s
[2023-11-08T00:51:54.558+0000] {logging_mixin.py:151} INFO - [2023-11-08T00:51:54.558+0000] {manager.py:499} INFO - Created Permission View: %s
[2023-11-08T00:51:54.567+0000] {logging_mixin.py:151} INFO - [2023-11-08T00:51:54.567+0000] {manager.py:499} INFO - Created Permission View: %s
[2023-11-08T00:51:54.568+0000] {logging_mixin.py:151} INFO - [2023-11-08T00:51:54.568+0000] {dag.py:2941} INFO - Sync 1 DAGs
[2023-11-08T00:51:54.585+0000] {logging_mixin.py:151} INFO - [2023-11-08T00:51:54.584+0000] {dag.py:2963} INFO - Creating ORM DAG for example_skip_dag
[2023-11-08T00:51:54.600+0000] {logging_mixin.py:151} INFO - [2023-11-08T00:51:54.600+0000] {dag.py:3722} INFO - Setting next_dagrun for example_skip_dag to 2023-11-07T00:51:54.599606+00:00, run_after=2023-11-08T00:51:54.599606+00:00
[2023-11-08T00:51:54.626+0000] {processor.py:179} INFO - Processing /home/airflow/.local/lib/python3.8/site-packages/airflow/example_dags/example_skip_dag.py took 0.395 seconds
[2023-11-08T00:52:25.137+0000] {processor.py:157} INFO - Started process (PID=193) to work on /home/airflow/.local/lib/python3.8/site-packages/airflow/example_dags/example_skip_dag.py
[2023-11-08T00:52:25.140+0000] {processor.py:829} INFO - Processing file /home/airflow/.local/lib/python3.8/site-packages/airflow/example_dags/example_skip_dag.py for tasks to queue
[2023-11-08T00:52:25.157+0000] {logging_mixin.py:151} INFO - [2023-11-08T00:52:25.155+0000] {dagbag.py:536} INFO - Filling up the DagBag from /home/airflow/.local/lib/python3.8/site-packages/airflow/example_dags/example_skip_dag.py
[2023-11-08T00:52:25.196+0000] {processor.py:839} INFO - DAG(s) dict_keys(['example_skip_dag']) retrieved from /home/airflow/.local/lib/python3.8/site-packages/airflow/example_dags/example_skip_dag.py
[2023-11-08T00:52:25.292+0000] {logging_mixin.py:151} INFO - [2023-11-08T00:52:25.291+0000] {dag.py:2941} INFO - Sync 1 DAGs
[2023-11-08T00:52:25.363+0000] {logging_mixin.py:151} INFO - [2023-11-08T00:52:25.363+0000] {dag.py:3722} INFO - Setting next_dagrun for example_skip_dag to 2023-11-07T00:52:25.361883+00:00, run_after=2023-11-08T00:52:25.361883+00:00
[2023-11-08T00:52:25.421+0000] {processor.py:179} INFO - Processing /home/airflow/.local/lib/python3.8/site-packages/airflow/example_dags/example_skip_dag.py took 0.298 seconds
[2023-11-08T00:52:55.900+0000] {processor.py:157} INFO - Started process (PID=247) to work on /home/airflow/.local/lib/python3.8/site-packages/airflow/example_dags/example_skip_dag.py
[2023-11-08T00:52:55.901+0000] {processor.py:829} INFO - Processing file /home/airflow/.local/lib/python3.8/site-packages/airflow/example_dags/example_skip_dag.py for tasks to queue
[2023-11-08T00:52:55.918+0000] {logging_mixin.py:151} INFO - [2023-11-08T00:52:55.915+0000] {dagbag.py:536} INFO - Filling up the DagBag from /home/airflow/.local/lib/python3.8/site-packages/airflow/example_dags/example_skip_dag.py
[2023-11-08T00:52:55.950+0000] {processor.py:839} INFO - DAG(s) dict_keys(['example_skip_dag']) retrieved from /home/airflow/.local/lib/python3.8/site-packages/airflow/example_dags/example_skip_dag.py
[2023-11-08T00:52:56.013+0000] {logging_mixin.py:151} INFO - [2023-11-08T00:52:56.013+0000] {dag.py:2941} INFO - Sync 1 DAGs
[2023-11-08T00:52:56.082+0000] {logging_mixin.py:151} INFO - [2023-11-08T00:52:56.081+0000] {dag.py:3722} INFO - Setting next_dagrun for example_skip_dag to 2023-11-07T00:52:56.081071+00:00, run_after=2023-11-08T00:52:56.081071+00:00
[2023-11-08T00:52:56.111+0000] {processor.py:179} INFO - Processing /home/airflow/.local/lib/python3.8/site-packages/airflow/example_dags/example_skip_dag.py took 0.218 seconds
[2023-11-08T00:53:26.813+0000] {processor.py:157} INFO - Started process (PID=311) to work on /home/airflow/.local/lib/python3.8/site-packages/airflow/example_dags/example_skip_dag.py
[2023-11-08T00:53:26.815+0000] {processor.py:829} INFO - Processing file /home/airflow/.local/lib/python3.8/site-packages/airflow/example_dags/example_skip_dag.py for tasks to queue
[2023-11-08T00:53:26.818+0000] {logging_mixin.py:151} INFO - [2023-11-08T00:53:26.818+0000] {dagbag.py:536} INFO - Filling up the DagBag from /home/airflow/.local/lib/python3.8/site-packages/airflow/example_dags/example_skip_dag.py
[2023-11-08T00:53:26.860+0000] {processor.py:839} INFO - DAG(s) dict_keys(['example_skip_dag']) retrieved from /home/airflow/.local/lib/python3.8/site-packages/airflow/example_dags/example_skip_dag.py
[2023-11-08T00:53:26.898+0000] {logging_mixin.py:151} INFO - [2023-11-08T00:53:26.898+0000] {dag.py:2941} INFO - Sync 1 DAGs
[2023-11-08T00:53:26.942+0000] {logging_mixin.py:151} INFO - [2023-11-08T00:53:26.942+0000] {dag.py:3722} INFO - Setting next_dagrun for example_skip_dag to 2023-11-07T00:53:26.941975+00:00, run_after=2023-11-08T00:53:26.941975+00:00
[2023-11-08T00:53:26.970+0000] {processor.py:179} INFO - Processing /home/airflow/.local/lib/python3.8/site-packages/airflow/example_dags/example_skip_dag.py took 0.164 seconds
[2023-11-08T00:54:00.291+0000] {processor.py:157} INFO - Started process (PID=374) to work on /home/airflow/.local/lib/python3.8/site-packages/airflow/example_dags/example_skip_dag.py
[2023-11-08T00:54:00.293+0000] {processor.py:829} INFO - Processing file /home/airflow/.local/lib/python3.8/site-packages/airflow/example_dags/example_skip_dag.py for tasks to queue
[2023-11-08T00:54:00.300+0000] {logging_mixin.py:151} INFO - [2023-11-08T00:54:00.299+0000] {dagbag.py:536} INFO - Filling up the DagBag from /home/airflow/.local/lib/python3.8/site-packages/airflow/example_dags/example_skip_dag.py
[2023-11-08T00:54:00.315+0000] {processor.py:839} INFO - DAG(s) dict_keys(['example_skip_dag']) retrieved from /home/airflow/.local/lib/python3.8/site-packages/airflow/example_dags/example_skip_dag.py
[2023-11-08T00:54:00.391+0000] {logging_mixin.py:151} INFO - [2023-11-08T00:54:00.390+0000] {dag.py:2941} INFO - Sync 1 DAGs
[2023-11-08T00:54:00.463+0000] {logging_mixin.py:151} INFO - [2023-11-08T00:54:00.462+0000] {dag.py:3722} INFO - Setting next_dagrun for example_skip_dag to 2023-11-07T00:54:00.460824+00:00, run_after=2023-11-08T00:54:00.460824+00:00
[2023-11-08T00:54:00.562+0000] {processor.py:179} INFO - Processing /home/airflow/.local/lib/python3.8/site-packages/airflow/example_dags/example_skip_dag.py took 0.284 seconds
[2023-11-08T00:54:33.204+0000] {processor.py:157} INFO - Started process (PID=438) to work on /home/airflow/.local/lib/python3.8/site-packages/airflow/example_dags/example_skip_dag.py
[2023-11-08T00:54:33.207+0000] {processor.py:829} INFO - Processing file /home/airflow/.local/lib/python3.8/site-packages/airflow/example_dags/example_skip_dag.py for tasks to queue
[2023-11-08T00:54:33.223+0000] {logging_mixin.py:151} INFO - [2023-11-08T00:54:33.216+0000] {dagbag.py:536} INFO - Filling up the DagBag from /home/airflow/.local/lib/python3.8/site-packages/airflow/example_dags/example_skip_dag.py
[2023-11-08T00:54:33.305+0000] {processor.py:839} INFO - DAG(s) dict_keys(['example_skip_dag']) retrieved from /home/airflow/.local/lib/python3.8/site-packages/airflow/example_dags/example_skip_dag.py
[2023-11-08T00:54:33.492+0000] {logging_mixin.py:151} INFO - [2023-11-08T00:54:33.490+0000] {dag.py:2941} INFO - Sync 1 DAGs
[2023-11-08T00:54:33.633+0000] {logging_mixin.py:151} INFO - [2023-11-08T00:54:33.632+0000] {dag.py:3722} INFO - Setting next_dagrun for example_skip_dag to 2023-11-07T00:54:33.629682+00:00, run_after=2023-11-08T00:54:33.629682+00:00
[2023-11-08T00:54:33.740+0000] {processor.py:179} INFO - Processing /home/airflow/.local/lib/python3.8/site-packages/airflow/example_dags/example_skip_dag.py took 0.546 seconds
[2023-11-08T00:58:23.920+0000] {processor.py:157} INFO - Started process (PID=528) to work on /home/airflow/.local/lib/python3.8/site-packages/airflow/example_dags/example_skip_dag.py
[2023-11-08T00:58:23.926+0000] {processor.py:829} INFO - Processing file /home/airflow/.local/lib/python3.8/site-packages/airflow/example_dags/example_skip_dag.py for tasks to queue
[2023-11-08T00:58:23.930+0000] {logging_mixin.py:151} INFO - [2023-11-08T00:58:23.928+0000] {dagbag.py:536} INFO - Filling up the DagBag from /home/airflow/.local/lib/python3.8/site-packages/airflow/example_dags/example_skip_dag.py
[2023-11-08T00:58:24.036+0000] {processor.py:839} INFO - DAG(s) dict_keys(['example_skip_dag']) retrieved from /home/airflow/.local/lib/python3.8/site-packages/airflow/example_dags/example_skip_dag.py
[2023-11-08T00:58:24.327+0000] {logging_mixin.py:151} INFO - [2023-11-08T00:58:24.325+0000] {dag.py:2941} INFO - Sync 1 DAGs
[2023-11-08T00:58:24.439+0000] {logging_mixin.py:151} INFO - [2023-11-08T00:58:24.438+0000] {dag.py:3722} INFO - Setting next_dagrun for example_skip_dag to 2023-11-07T00:58:24.437831+00:00, run_after=2023-11-08T00:58:24.437831+00:00
[2023-11-08T00:58:24.508+0000] {processor.py:179} INFO - Processing /home/airflow/.local/lib/python3.8/site-packages/airflow/example_dags/example_skip_dag.py took 0.608 seconds
[2023-11-08T01:02:32.149+0000] {processor.py:157} INFO - Started process (PID=615) to work on /home/airflow/.local/lib/python3.8/site-packages/airflow/example_dags/example_skip_dag.py
[2023-11-08T01:02:32.214+0000] {processor.py:829} INFO - Processing file /home/airflow/.local/lib/python3.8/site-packages/airflow/example_dags/example_skip_dag.py for tasks to queue
[2023-11-08T01:02:32.260+0000] {logging_mixin.py:151} INFO - [2023-11-08T01:02:32.240+0000] {dagbag.py:536} INFO - Filling up the DagBag from /home/airflow/.local/lib/python3.8/site-packages/airflow/example_dags/example_skip_dag.py
[2023-11-08T01:02:33.423+0000] {processor.py:839} INFO - DAG(s) dict_keys(['example_skip_dag']) retrieved from /home/airflow/.local/lib/python3.8/site-packages/airflow/example_dags/example_skip_dag.py
[2023-11-08T01:02:35.557+0000] {logging_mixin.py:151} INFO - [2023-11-08T01:02:35.542+0000] {dag.py:2941} INFO - Sync 1 DAGs
[2023-11-08T01:02:37.176+0000] {logging_mixin.py:151} INFO - [2023-11-08T01:02:37.172+0000] {dag.py:3722} INFO - Setting next_dagrun for example_skip_dag to 2023-11-07T01:02:37.167418+00:00, run_after=2023-11-08T01:02:37.167418+00:00
[2023-11-08T01:02:37.805+0000] {processor.py:179} INFO - Processing /home/airflow/.local/lib/python3.8/site-packages/airflow/example_dags/example_skip_dag.py took 5.892 seconds
[2023-11-08T01:07:11.195+0000] {processor.py:157} INFO - Started process (PID=722) to work on /home/airflow/.local/lib/python3.8/site-packages/airflow/example_dags/example_skip_dag.py
[2023-11-08T01:07:11.222+0000] {processor.py:829} INFO - Processing file /home/airflow/.local/lib/python3.8/site-packages/airflow/example_dags/example_skip_dag.py for tasks to queue
[2023-11-08T01:07:11.242+0000] {logging_mixin.py:151} INFO - [2023-11-08T01:07:11.237+0000] {dagbag.py:536} INFO - Filling up the DagBag from /home/airflow/.local/lib/python3.8/site-packages/airflow/example_dags/example_skip_dag.py
[2023-11-08T01:07:11.428+0000] {processor.py:839} INFO - DAG(s) dict_keys(['example_skip_dag']) retrieved from /home/airflow/.local/lib/python3.8/site-packages/airflow/example_dags/example_skip_dag.py
[2023-11-08T01:07:11.614+0000] {logging_mixin.py:151} INFO - [2023-11-08T01:07:11.613+0000] {dag.py:2941} INFO - Sync 1 DAGs
[2023-11-08T01:07:11.786+0000] {logging_mixin.py:151} INFO - [2023-11-08T01:07:11.785+0000] {dag.py:3722} INFO - Setting next_dagrun for example_skip_dag to 2023-11-07T01:07:11.783635+00:00, run_after=2023-11-08T01:07:11.783635+00:00
[2023-11-08T01:07:12.234+0000] {processor.py:179} INFO - Processing /home/airflow/.local/lib/python3.8/site-packages/airflow/example_dags/example_skip_dag.py took 1.076 seconds
[2023-11-08T01:12:23.710+0000] {processor.py:157} INFO - Started process (PID=831) to work on /home/airflow/.local/lib/python3.8/site-packages/airflow/example_dags/example_skip_dag.py
[2023-11-08T01:12:23.776+0000] {processor.py:829} INFO - Processing file /home/airflow/.local/lib/python3.8/site-packages/airflow/example_dags/example_skip_dag.py for tasks to queue
[2023-11-08T01:12:23.793+0000] {logging_mixin.py:151} INFO - [2023-11-08T01:12:23.789+0000] {dagbag.py:536} INFO - Filling up the DagBag from /home/airflow/.local/lib/python3.8/site-packages/airflow/example_dags/example_skip_dag.py
[2023-11-08T01:12:25.160+0000] {processor.py:839} INFO - DAG(s) dict_keys(['example_skip_dag']) retrieved from /home/airflow/.local/lib/python3.8/site-packages/airflow/example_dags/example_skip_dag.py
[2023-11-08T01:12:28.208+0000] {logging_mixin.py:151} INFO - [2023-11-08T01:12:28.140+0000] {dag.py:2941} INFO - Sync 1 DAGs
[2023-11-08T01:12:29.211+0000] {logging_mixin.py:151} INFO - [2023-11-08T01:12:29.184+0000] {dag.py:3722} INFO - Setting next_dagrun for example_skip_dag to 2023-11-07T01:12:29.164139+00:00, run_after=2023-11-08T01:12:29.164139+00:00
[2023-11-08T01:12:31.023+0000] {processor.py:179} INFO - Processing /home/airflow/.local/lib/python3.8/site-packages/airflow/example_dags/example_skip_dag.py took 7.475 seconds
