[2023-11-08T00:51:53.171+0000] {processor.py:157} INFO - Started process (PID=127) to work on /home/airflow/.local/lib/python3.8/site-packages/airflow/example_dags/example_local_kubernetes_executor.py
[2023-11-08T00:51:53.172+0000] {processor.py:829} INFO - Processing file /home/airflow/.local/lib/python3.8/site-packages/airflow/example_dags/example_local_kubernetes_executor.py for tasks to queue
[2023-11-08T00:51:53.186+0000] {logging_mixin.py:151} INFO - [2023-11-08T00:51:53.185+0000] {dagbag.py:536} INFO - Filling up the DagBag from /home/airflow/.local/lib/python3.8/site-packages/airflow/example_dags/example_local_kubernetes_executor.py
[2023-11-08T00:51:53.229+0000] {processor.py:839} INFO - DAG(s) dict_keys(['example_local_kubernetes_executor']) retrieved from /home/airflow/.local/lib/python3.8/site-packages/airflow/example_dags/example_local_kubernetes_executor.py
[2023-11-08T00:51:53.548+0000] {logging_mixin.py:151} INFO - [2023-11-08T00:51:53.548+0000] {manager.py:499} INFO - Created Permission View: %s
[2023-11-08T00:51:53.558+0000] {logging_mixin.py:151} INFO - [2023-11-08T00:51:53.557+0000] {manager.py:499} INFO - Created Permission View: %s
[2023-11-08T00:51:53.567+0000] {logging_mixin.py:151} INFO - [2023-11-08T00:51:53.567+0000] {manager.py:499} INFO - Created Permission View: %s
[2023-11-08T00:51:53.568+0000] {logging_mixin.py:151} INFO - [2023-11-08T00:51:53.568+0000] {dag.py:2941} INFO - Sync 1 DAGs
[2023-11-08T00:51:53.584+0000] {logging_mixin.py:151} INFO - [2023-11-08T00:51:53.584+0000] {dag.py:2963} INFO - Creating ORM DAG for example_local_kubernetes_executor
[2023-11-08T00:51:53.586+0000] {logging_mixin.py:151} INFO - [2023-11-08T00:51:53.585+0000] {dag.py:3722} INFO - Setting next_dagrun for example_local_kubernetes_executor to None, run_after=None
[2023-11-08T00:51:53.622+0000] {processor.py:179} INFO - Processing /home/airflow/.local/lib/python3.8/site-packages/airflow/example_dags/example_local_kubernetes_executor.py took 0.457 seconds
[2023-11-08T00:52:24.210+0000] {processor.py:157} INFO - Started process (PID=190) to work on /home/airflow/.local/lib/python3.8/site-packages/airflow/example_dags/example_local_kubernetes_executor.py
[2023-11-08T00:52:24.213+0000] {processor.py:829} INFO - Processing file /home/airflow/.local/lib/python3.8/site-packages/airflow/example_dags/example_local_kubernetes_executor.py for tasks to queue
[2023-11-08T00:52:24.226+0000] {logging_mixin.py:151} INFO - [2023-11-08T00:52:24.225+0000] {dagbag.py:536} INFO - Filling up the DagBag from /home/airflow/.local/lib/python3.8/site-packages/airflow/example_dags/example_local_kubernetes_executor.py
[2023-11-08T00:52:24.257+0000] {processor.py:839} INFO - DAG(s) dict_keys(['example_local_kubernetes_executor']) retrieved from /home/airflow/.local/lib/python3.8/site-packages/airflow/example_dags/example_local_kubernetes_executor.py
[2023-11-08T00:52:24.394+0000] {logging_mixin.py:151} INFO - [2023-11-08T00:52:24.392+0000] {dag.py:2941} INFO - Sync 1 DAGs
[2023-11-08T00:52:24.423+0000] {logging_mixin.py:151} INFO - [2023-11-08T00:52:24.423+0000] {dag.py:3722} INFO - Setting next_dagrun for example_local_kubernetes_executor to None, run_after=None
[2023-11-08T00:52:24.473+0000] {processor.py:179} INFO - Processing /home/airflow/.local/lib/python3.8/site-packages/airflow/example_dags/example_local_kubernetes_executor.py took 0.272 seconds
[2023-11-08T00:52:54.819+0000] {processor.py:157} INFO - Started process (PID=244) to work on /home/airflow/.local/lib/python3.8/site-packages/airflow/example_dags/example_local_kubernetes_executor.py
[2023-11-08T00:52:54.821+0000] {processor.py:829} INFO - Processing file /home/airflow/.local/lib/python3.8/site-packages/airflow/example_dags/example_local_kubernetes_executor.py for tasks to queue
[2023-11-08T00:52:54.825+0000] {logging_mixin.py:151} INFO - [2023-11-08T00:52:54.825+0000] {dagbag.py:536} INFO - Filling up the DagBag from /home/airflow/.local/lib/python3.8/site-packages/airflow/example_dags/example_local_kubernetes_executor.py
[2023-11-08T00:52:54.840+0000] {processor.py:839} INFO - DAG(s) dict_keys(['example_local_kubernetes_executor']) retrieved from /home/airflow/.local/lib/python3.8/site-packages/airflow/example_dags/example_local_kubernetes_executor.py
[2023-11-08T00:52:54.962+0000] {logging_mixin.py:151} INFO - [2023-11-08T00:52:54.961+0000] {dag.py:2941} INFO - Sync 1 DAGs
[2023-11-08T00:52:54.980+0000] {logging_mixin.py:151} INFO - [2023-11-08T00:52:54.979+0000] {dag.py:3722} INFO - Setting next_dagrun for example_local_kubernetes_executor to None, run_after=None
[2023-11-08T00:52:55.005+0000] {processor.py:179} INFO - Processing /home/airflow/.local/lib/python3.8/site-packages/airflow/example_dags/example_local_kubernetes_executor.py took 0.192 seconds
[2023-11-08T00:53:25.751+0000] {processor.py:157} INFO - Started process (PID=308) to work on /home/airflow/.local/lib/python3.8/site-packages/airflow/example_dags/example_local_kubernetes_executor.py
[2023-11-08T00:53:25.753+0000] {processor.py:829} INFO - Processing file /home/airflow/.local/lib/python3.8/site-packages/airflow/example_dags/example_local_kubernetes_executor.py for tasks to queue
[2023-11-08T00:53:25.757+0000] {logging_mixin.py:151} INFO - [2023-11-08T00:53:25.756+0000] {dagbag.py:536} INFO - Filling up the DagBag from /home/airflow/.local/lib/python3.8/site-packages/airflow/example_dags/example_local_kubernetes_executor.py
[2023-11-08T00:53:25.792+0000] {processor.py:839} INFO - DAG(s) dict_keys(['example_local_kubernetes_executor']) retrieved from /home/airflow/.local/lib/python3.8/site-packages/airflow/example_dags/example_local_kubernetes_executor.py
[2023-11-08T00:53:25.849+0000] {logging_mixin.py:151} INFO - [2023-11-08T00:53:25.848+0000] {dag.py:2941} INFO - Sync 1 DAGs
[2023-11-08T00:53:25.887+0000] {logging_mixin.py:151} INFO - [2023-11-08T00:53:25.887+0000] {dag.py:3722} INFO - Setting next_dagrun for example_local_kubernetes_executor to None, run_after=None
[2023-11-08T00:53:25.917+0000] {processor.py:179} INFO - Processing /home/airflow/.local/lib/python3.8/site-packages/airflow/example_dags/example_local_kubernetes_executor.py took 0.171 seconds
[2023-11-08T00:53:58.420+0000] {processor.py:157} INFO - Started process (PID=371) to work on /home/airflow/.local/lib/python3.8/site-packages/airflow/example_dags/example_local_kubernetes_executor.py
[2023-11-08T00:53:58.444+0000] {processor.py:829} INFO - Processing file /home/airflow/.local/lib/python3.8/site-packages/airflow/example_dags/example_local_kubernetes_executor.py for tasks to queue
[2023-11-08T00:53:58.488+0000] {logging_mixin.py:151} INFO - [2023-11-08T00:53:58.479+0000] {dagbag.py:536} INFO - Filling up the DagBag from /home/airflow/.local/lib/python3.8/site-packages/airflow/example_dags/example_local_kubernetes_executor.py
[2023-11-08T00:53:58.702+0000] {processor.py:839} INFO - DAG(s) dict_keys(['example_local_kubernetes_executor']) retrieved from /home/airflow/.local/lib/python3.8/site-packages/airflow/example_dags/example_local_kubernetes_executor.py
[2023-11-08T00:53:58.958+0000] {logging_mixin.py:151} INFO - [2023-11-08T00:53:58.958+0000] {dag.py:2941} INFO - Sync 1 DAGs
[2023-11-08T00:53:59.022+0000] {logging_mixin.py:151} INFO - [2023-11-08T00:53:59.021+0000] {dag.py:3722} INFO - Setting next_dagrun for example_local_kubernetes_executor to None, run_after=None
[2023-11-08T00:53:59.083+0000] {processor.py:179} INFO - Processing /home/airflow/.local/lib/python3.8/site-packages/airflow/example_dags/example_local_kubernetes_executor.py took 0.698 seconds
[2023-11-08T00:54:31.209+0000] {processor.py:157} INFO - Started process (PID=434) to work on /home/airflow/.local/lib/python3.8/site-packages/airflow/example_dags/example_local_kubernetes_executor.py
[2023-11-08T00:54:31.214+0000] {processor.py:829} INFO - Processing file /home/airflow/.local/lib/python3.8/site-packages/airflow/example_dags/example_local_kubernetes_executor.py for tasks to queue
[2023-11-08T00:54:31.224+0000] {logging_mixin.py:151} INFO - [2023-11-08T00:54:31.224+0000] {dagbag.py:536} INFO - Filling up the DagBag from /home/airflow/.local/lib/python3.8/site-packages/airflow/example_dags/example_local_kubernetes_executor.py
[2023-11-08T00:54:31.354+0000] {processor.py:839} INFO - DAG(s) dict_keys(['example_local_kubernetes_executor']) retrieved from /home/airflow/.local/lib/python3.8/site-packages/airflow/example_dags/example_local_kubernetes_executor.py
[2023-11-08T00:54:31.679+0000] {logging_mixin.py:151} INFO - [2023-11-08T00:54:31.675+0000] {dag.py:2941} INFO - Sync 1 DAGs
[2023-11-08T00:54:31.759+0000] {logging_mixin.py:151} INFO - [2023-11-08T00:54:31.758+0000] {dag.py:3722} INFO - Setting next_dagrun for example_local_kubernetes_executor to None, run_after=None
[2023-11-08T00:54:32.095+0000] {processor.py:179} INFO - Processing /home/airflow/.local/lib/python3.8/site-packages/airflow/example_dags/example_local_kubernetes_executor.py took 0.899 seconds
[2023-11-08T00:58:21.016+0000] {processor.py:157} INFO - Started process (PID=525) to work on /home/airflow/.local/lib/python3.8/site-packages/airflow/example_dags/example_local_kubernetes_executor.py
[2023-11-08T00:58:21.030+0000] {processor.py:829} INFO - Processing file /home/airflow/.local/lib/python3.8/site-packages/airflow/example_dags/example_local_kubernetes_executor.py for tasks to queue
[2023-11-08T00:58:21.038+0000] {logging_mixin.py:151} INFO - [2023-11-08T00:58:21.036+0000] {dagbag.py:536} INFO - Filling up the DagBag from /home/airflow/.local/lib/python3.8/site-packages/airflow/example_dags/example_local_kubernetes_executor.py
[2023-11-08T00:58:21.575+0000] {processor.py:839} INFO - DAG(s) dict_keys(['example_local_kubernetes_executor']) retrieved from /home/airflow/.local/lib/python3.8/site-packages/airflow/example_dags/example_local_kubernetes_executor.py
[2023-11-08T00:58:23.299+0000] {logging_mixin.py:151} INFO - [2023-11-08T00:58:23.297+0000] {dag.py:2941} INFO - Sync 1 DAGs
[2023-11-08T00:58:23.388+0000] {logging_mixin.py:151} INFO - [2023-11-08T00:58:23.387+0000] {dag.py:3722} INFO - Setting next_dagrun for example_local_kubernetes_executor to None, run_after=None
[2023-11-08T00:58:23.578+0000] {processor.py:179} INFO - Processing /home/airflow/.local/lib/python3.8/site-packages/airflow/example_dags/example_local_kubernetes_executor.py took 2.625 seconds
[2023-11-08T01:02:14.088+0000] {processor.py:157} INFO - Started process (PID=612) to work on /home/airflow/.local/lib/python3.8/site-packages/airflow/example_dags/example_local_kubernetes_executor.py
[2023-11-08T01:02:14.122+0000] {processor.py:829} INFO - Processing file /home/airflow/.local/lib/python3.8/site-packages/airflow/example_dags/example_local_kubernetes_executor.py for tasks to queue
[2023-11-08T01:02:14.144+0000] {logging_mixin.py:151} INFO - [2023-11-08T01:02:14.130+0000] {dagbag.py:536} INFO - Filling up the DagBag from /home/airflow/.local/lib/python3.8/site-packages/airflow/example_dags/example_local_kubernetes_executor.py
[2023-11-08T01:02:14.743+0000] {processor.py:839} INFO - DAG(s) dict_keys(['example_local_kubernetes_executor']) retrieved from /home/airflow/.local/lib/python3.8/site-packages/airflow/example_dags/example_local_kubernetes_executor.py
[2023-11-08T01:02:29.647+0000] {logging_mixin.py:151} INFO - [2023-11-08T01:02:29.641+0000] {dag.py:2941} INFO - Sync 1 DAGs
[2023-11-08T01:02:29.810+0000] {logging_mixin.py:151} INFO - [2023-11-08T01:02:29.809+0000] {dag.py:3722} INFO - Setting next_dagrun for example_local_kubernetes_executor to None, run_after=None
[2023-11-08T01:02:29.961+0000] {processor.py:179} INFO - Processing /home/airflow/.local/lib/python3.8/site-packages/airflow/example_dags/example_local_kubernetes_executor.py took 16.095 seconds
[2023-11-08T01:07:09.357+0000] {processor.py:157} INFO - Started process (PID=719) to work on /home/airflow/.local/lib/python3.8/site-packages/airflow/example_dags/example_local_kubernetes_executor.py
[2023-11-08T01:07:09.374+0000] {processor.py:829} INFO - Processing file /home/airflow/.local/lib/python3.8/site-packages/airflow/example_dags/example_local_kubernetes_executor.py for tasks to queue
[2023-11-08T01:07:09.387+0000] {logging_mixin.py:151} INFO - [2023-11-08T01:07:09.382+0000] {dagbag.py:536} INFO - Filling up the DagBag from /home/airflow/.local/lib/python3.8/site-packages/airflow/example_dags/example_local_kubernetes_executor.py
[2023-11-08T01:07:09.605+0000] {processor.py:839} INFO - DAG(s) dict_keys(['example_local_kubernetes_executor']) retrieved from /home/airflow/.local/lib/python3.8/site-packages/airflow/example_dags/example_local_kubernetes_executor.py
[2023-11-08T01:07:10.238+0000] {logging_mixin.py:151} INFO - [2023-11-08T01:07:10.211+0000] {dag.py:2941} INFO - Sync 1 DAGs
[2023-11-08T01:07:10.502+0000] {logging_mixin.py:151} INFO - [2023-11-08T01:07:10.501+0000] {dag.py:3722} INFO - Setting next_dagrun for example_local_kubernetes_executor to None, run_after=None
[2023-11-08T01:07:10.663+0000] {processor.py:179} INFO - Processing /home/airflow/.local/lib/python3.8/site-packages/airflow/example_dags/example_local_kubernetes_executor.py took 1.338 seconds
[2023-11-08T01:11:46.351+0000] {processor.py:157} INFO - Started process (PID=822) to work on /home/airflow/.local/lib/python3.8/site-packages/airflow/example_dags/example_local_kubernetes_executor.py
[2023-11-08T01:11:46.357+0000] {processor.py:829} INFO - Processing file /home/airflow/.local/lib/python3.8/site-packages/airflow/example_dags/example_local_kubernetes_executor.py for tasks to queue
[2023-11-08T01:11:46.367+0000] {logging_mixin.py:151} INFO - [2023-11-08T01:11:46.361+0000] {dagbag.py:536} INFO - Filling up the DagBag from /home/airflow/.local/lib/python3.8/site-packages/airflow/example_dags/example_local_kubernetes_executor.py
[2023-11-08T01:11:46.577+0000] {processor.py:839} INFO - DAG(s) dict_keys(['example_local_kubernetes_executor']) retrieved from /home/airflow/.local/lib/python3.8/site-packages/airflow/example_dags/example_local_kubernetes_executor.py
