[2023-11-08T00:51:54.311+0000] {processor.py:157} INFO - Started process (PID=131) to work on /home/airflow/.local/lib/python3.8/site-packages/airflow/example_dags/example_bash_operator.py
[2023-11-08T00:51:54.313+0000] {processor.py:829} INFO - Processing file /home/airflow/.local/lib/python3.8/site-packages/airflow/example_dags/example_bash_operator.py for tasks to queue
[2023-11-08T00:51:54.319+0000] {logging_mixin.py:151} INFO - [2023-11-08T00:51:54.319+0000] {dagbag.py:536} INFO - Filling up the DagBag from /home/airflow/.local/lib/python3.8/site-packages/airflow/example_dags/example_bash_operator.py
[2023-11-08T00:51:54.367+0000] {processor.py:839} INFO - DAG(s) dict_keys(['example_bash_operator']) retrieved from /home/airflow/.local/lib/python3.8/site-packages/airflow/example_dags/example_bash_operator.py
[2023-11-08T00:51:54.577+0000] {logging_mixin.py:151} INFO - [2023-11-08T00:51:54.577+0000] {manager.py:499} INFO - Created Permission View: %s
[2023-11-08T00:51:54.589+0000] {logging_mixin.py:151} INFO - [2023-11-08T00:51:54.589+0000] {manager.py:499} INFO - Created Permission View: %s
[2023-11-08T00:51:54.599+0000] {logging_mixin.py:151} INFO - [2023-11-08T00:51:54.599+0000] {manager.py:499} INFO - Created Permission View: %s
[2023-11-08T00:51:54.600+0000] {logging_mixin.py:151} INFO - [2023-11-08T00:51:54.600+0000] {dag.py:2941} INFO - Sync 1 DAGs
[2023-11-08T00:51:54.617+0000] {logging_mixin.py:151} INFO - [2023-11-08T00:51:54.617+0000] {dag.py:2963} INFO - Creating ORM DAG for example_bash_operator
[2023-11-08T00:51:54.639+0000] {logging_mixin.py:151} INFO - [2023-11-08T00:51:54.638+0000] {dag.py:3722} INFO - Setting next_dagrun for example_bash_operator to 2023-11-07T00:00:00+00:00, run_after=2023-11-08T00:00:00+00:00
[2023-11-08T00:51:54.668+0000] {processor.py:179} INFO - Processing /home/airflow/.local/lib/python3.8/site-packages/airflow/example_dags/example_bash_operator.py took 0.366 seconds
[2023-11-08T00:52:25.504+0000] {processor.py:157} INFO - Started process (PID=194) to work on /home/airflow/.local/lib/python3.8/site-packages/airflow/example_dags/example_bash_operator.py
[2023-11-08T00:52:25.506+0000] {processor.py:829} INFO - Processing file /home/airflow/.local/lib/python3.8/site-packages/airflow/example_dags/example_bash_operator.py for tasks to queue
[2023-11-08T00:52:25.515+0000] {logging_mixin.py:151} INFO - [2023-11-08T00:52:25.513+0000] {dagbag.py:536} INFO - Filling up the DagBag from /home/airflow/.local/lib/python3.8/site-packages/airflow/example_dags/example_bash_operator.py
[2023-11-08T00:52:25.550+0000] {processor.py:839} INFO - DAG(s) dict_keys(['example_bash_operator']) retrieved from /home/airflow/.local/lib/python3.8/site-packages/airflow/example_dags/example_bash_operator.py
[2023-11-08T00:52:25.652+0000] {logging_mixin.py:151} INFO - [2023-11-08T00:52:25.651+0000] {dag.py:2941} INFO - Sync 1 DAGs
[2023-11-08T00:52:25.744+0000] {logging_mixin.py:151} INFO - [2023-11-08T00:52:25.743+0000] {dag.py:3722} INFO - Setting next_dagrun for example_bash_operator to 2023-11-07T00:00:00+00:00, run_after=2023-11-08T00:00:00+00:00
[2023-11-08T00:52:25.806+0000] {processor.py:179} INFO - Processing /home/airflow/.local/lib/python3.8/site-packages/airflow/example_dags/example_bash_operator.py took 0.312 seconds
[2023-11-08T00:52:56.140+0000] {processor.py:157} INFO - Started process (PID=248) to work on /home/airflow/.local/lib/python3.8/site-packages/airflow/example_dags/example_bash_operator.py
[2023-11-08T00:52:56.141+0000] {processor.py:829} INFO - Processing file /home/airflow/.local/lib/python3.8/site-packages/airflow/example_dags/example_bash_operator.py for tasks to queue
[2023-11-08T00:52:56.145+0000] {logging_mixin.py:151} INFO - [2023-11-08T00:52:56.144+0000] {dagbag.py:536} INFO - Filling up the DagBag from /home/airflow/.local/lib/python3.8/site-packages/airflow/example_dags/example_bash_operator.py
[2023-11-08T00:52:56.159+0000] {processor.py:839} INFO - DAG(s) dict_keys(['example_bash_operator']) retrieved from /home/airflow/.local/lib/python3.8/site-packages/airflow/example_dags/example_bash_operator.py
[2023-11-08T00:52:56.196+0000] {logging_mixin.py:151} INFO - [2023-11-08T00:52:56.196+0000] {dag.py:2941} INFO - Sync 1 DAGs
[2023-11-08T00:52:56.235+0000] {logging_mixin.py:151} INFO - [2023-11-08T00:52:56.234+0000] {dag.py:3722} INFO - Setting next_dagrun for example_bash_operator to 2023-11-07T00:00:00+00:00, run_after=2023-11-08T00:00:00+00:00
[2023-11-08T00:52:56.258+0000] {processor.py:179} INFO - Processing /home/airflow/.local/lib/python3.8/site-packages/airflow/example_dags/example_bash_operator.py took 0.122 seconds
[2023-11-08T00:53:26.996+0000] {processor.py:157} INFO - Started process (PID=312) to work on /home/airflow/.local/lib/python3.8/site-packages/airflow/example_dags/example_bash_operator.py
[2023-11-08T00:53:26.997+0000] {processor.py:829} INFO - Processing file /home/airflow/.local/lib/python3.8/site-packages/airflow/example_dags/example_bash_operator.py for tasks to queue
[2023-11-08T00:53:27.000+0000] {logging_mixin.py:151} INFO - [2023-11-08T00:53:26.999+0000] {dagbag.py:536} INFO - Filling up the DagBag from /home/airflow/.local/lib/python3.8/site-packages/airflow/example_dags/example_bash_operator.py
[2023-11-08T00:53:27.026+0000] {processor.py:839} INFO - DAG(s) dict_keys(['example_bash_operator']) retrieved from /home/airflow/.local/lib/python3.8/site-packages/airflow/example_dags/example_bash_operator.py
[2023-11-08T00:53:27.083+0000] {logging_mixin.py:151} INFO - [2023-11-08T00:53:27.083+0000] {dag.py:2941} INFO - Sync 1 DAGs
[2023-11-08T00:53:27.108+0000] {logging_mixin.py:151} INFO - [2023-11-08T00:53:27.108+0000] {dag.py:3722} INFO - Setting next_dagrun for example_bash_operator to 2023-11-07T00:00:00+00:00, run_after=2023-11-08T00:00:00+00:00
[2023-11-08T00:53:27.151+0000] {processor.py:179} INFO - Processing /home/airflow/.local/lib/python3.8/site-packages/airflow/example_dags/example_bash_operator.py took 0.160 seconds
[2023-11-08T00:54:00.601+0000] {processor.py:157} INFO - Started process (PID=375) to work on /home/airflow/.local/lib/python3.8/site-packages/airflow/example_dags/example_bash_operator.py
[2023-11-08T00:54:00.604+0000] {processor.py:829} INFO - Processing file /home/airflow/.local/lib/python3.8/site-packages/airflow/example_dags/example_bash_operator.py for tasks to queue
[2023-11-08T00:54:00.615+0000] {logging_mixin.py:151} INFO - [2023-11-08T00:54:00.612+0000] {dagbag.py:536} INFO - Filling up the DagBag from /home/airflow/.local/lib/python3.8/site-packages/airflow/example_dags/example_bash_operator.py
[2023-11-08T00:54:00.792+0000] {processor.py:839} INFO - DAG(s) dict_keys(['example_bash_operator']) retrieved from /home/airflow/.local/lib/python3.8/site-packages/airflow/example_dags/example_bash_operator.py
[2023-11-08T00:54:00.947+0000] {logging_mixin.py:151} INFO - [2023-11-08T00:54:00.947+0000] {dag.py:2941} INFO - Sync 1 DAGs
[2023-11-08T00:54:01.028+0000] {logging_mixin.py:151} INFO - [2023-11-08T00:54:01.027+0000] {dag.py:3722} INFO - Setting next_dagrun for example_bash_operator to 2023-11-07T00:00:00+00:00, run_after=2023-11-08T00:00:00+00:00
[2023-11-08T00:54:01.072+0000] {processor.py:179} INFO - Processing /home/airflow/.local/lib/python3.8/site-packages/airflow/example_dags/example_bash_operator.py took 0.479 seconds
[2023-11-08T00:54:34.464+0000] {processor.py:157} INFO - Started process (PID=439) to work on /home/airflow/.local/lib/python3.8/site-packages/airflow/example_dags/example_bash_operator.py
[2023-11-08T00:54:34.474+0000] {processor.py:829} INFO - Processing file /home/airflow/.local/lib/python3.8/site-packages/airflow/example_dags/example_bash_operator.py for tasks to queue
[2023-11-08T00:54:34.542+0000] {logging_mixin.py:151} INFO - [2023-11-08T00:54:34.538+0000] {dagbag.py:536} INFO - Filling up the DagBag from /home/airflow/.local/lib/python3.8/site-packages/airflow/example_dags/example_bash_operator.py
[2023-11-08T00:54:34.819+0000] {processor.py:839} INFO - DAG(s) dict_keys(['example_bash_operator']) retrieved from /home/airflow/.local/lib/python3.8/site-packages/airflow/example_dags/example_bash_operator.py
[2023-11-08T00:54:35.210+0000] {logging_mixin.py:151} INFO - [2023-11-08T00:54:35.192+0000] {dag.py:2941} INFO - Sync 1 DAGs
[2023-11-08T00:54:35.601+0000] {logging_mixin.py:151} INFO - [2023-11-08T00:54:35.599+0000] {dag.py:3722} INFO - Setting next_dagrun for example_bash_operator to 2023-11-07T00:00:00+00:00, run_after=2023-11-08T00:00:00+00:00
[2023-11-08T00:54:35.958+0000] {processor.py:179} INFO - Processing /home/airflow/.local/lib/python3.8/site-packages/airflow/example_dags/example_bash_operator.py took 1.644 seconds
[2023-11-08T00:58:24.803+0000] {processor.py:157} INFO - Started process (PID=529) to work on /home/airflow/.local/lib/python3.8/site-packages/airflow/example_dags/example_bash_operator.py
[2023-11-08T00:58:24.813+0000] {processor.py:829} INFO - Processing file /home/airflow/.local/lib/python3.8/site-packages/airflow/example_dags/example_bash_operator.py for tasks to queue
[2023-11-08T00:58:24.817+0000] {logging_mixin.py:151} INFO - [2023-11-08T00:58:24.816+0000] {dagbag.py:536} INFO - Filling up the DagBag from /home/airflow/.local/lib/python3.8/site-packages/airflow/example_dags/example_bash_operator.py
[2023-11-08T00:58:24.926+0000] {processor.py:839} INFO - DAG(s) dict_keys(['example_bash_operator']) retrieved from /home/airflow/.local/lib/python3.8/site-packages/airflow/example_dags/example_bash_operator.py
[2023-11-08T00:58:25.212+0000] {logging_mixin.py:151} INFO - [2023-11-08T00:58:25.208+0000] {dag.py:2941} INFO - Sync 1 DAGs
[2023-11-08T00:58:25.357+0000] {logging_mixin.py:151} INFO - [2023-11-08T00:58:25.356+0000] {dag.py:3722} INFO - Setting next_dagrun for example_bash_operator to 2023-11-07T00:00:00+00:00, run_after=2023-11-08T00:00:00+00:00
[2023-11-08T00:58:25.488+0000] {processor.py:179} INFO - Processing /home/airflow/.local/lib/python3.8/site-packages/airflow/example_dags/example_bash_operator.py took 0.734 seconds
[2023-11-08T01:02:39.321+0000] {processor.py:157} INFO - Started process (PID=616) to work on /home/airflow/.local/lib/python3.8/site-packages/airflow/example_dags/example_bash_operator.py
[2023-11-08T01:02:39.390+0000] {processor.py:829} INFO - Processing file /home/airflow/.local/lib/python3.8/site-packages/airflow/example_dags/example_bash_operator.py for tasks to queue
[2023-11-08T01:02:39.469+0000] {logging_mixin.py:151} INFO - [2023-11-08T01:02:39.431+0000] {dagbag.py:536} INFO - Filling up the DagBag from /home/airflow/.local/lib/python3.8/site-packages/airflow/example_dags/example_bash_operator.py
[2023-11-08T01:02:40.560+0000] {processor.py:839} INFO - DAG(s) dict_keys(['example_bash_operator']) retrieved from /home/airflow/.local/lib/python3.8/site-packages/airflow/example_dags/example_bash_operator.py
[2023-11-08T01:02:42.181+0000] {logging_mixin.py:151} INFO - [2023-11-08T01:02:42.117+0000] {dag.py:2941} INFO - Sync 1 DAGs
[2023-11-08T01:02:44.901+0000] {logging_mixin.py:151} INFO - [2023-11-08T01:02:44.861+0000] {dag.py:3722} INFO - Setting next_dagrun for example_bash_operator to 2023-11-07T00:00:00+00:00, run_after=2023-11-08T00:00:00+00:00
[2023-11-08T01:02:45.660+0000] {processor.py:179} INFO - Processing /home/airflow/.local/lib/python3.8/site-packages/airflow/example_dags/example_bash_operator.py took 6.628 seconds
[2023-11-08T01:07:12.778+0000] {processor.py:157} INFO - Started process (PID=723) to work on /home/airflow/.local/lib/python3.8/site-packages/airflow/example_dags/example_bash_operator.py
[2023-11-08T01:07:12.810+0000] {processor.py:829} INFO - Processing file /home/airflow/.local/lib/python3.8/site-packages/airflow/example_dags/example_bash_operator.py for tasks to queue
[2023-11-08T01:07:12.836+0000] {logging_mixin.py:151} INFO - [2023-11-08T01:07:12.828+0000] {dagbag.py:536} INFO - Filling up the DagBag from /home/airflow/.local/lib/python3.8/site-packages/airflow/example_dags/example_bash_operator.py
[2023-11-08T01:07:13.135+0000] {processor.py:839} INFO - DAG(s) dict_keys(['example_bash_operator']) retrieved from /home/airflow/.local/lib/python3.8/site-packages/airflow/example_dags/example_bash_operator.py
[2023-11-08T01:07:14.037+0000] {logging_mixin.py:151} INFO - [2023-11-08T01:07:14.030+0000] {dag.py:2941} INFO - Sync 1 DAGs
[2023-11-08T01:07:14.508+0000] {logging_mixin.py:151} INFO - [2023-11-08T01:07:14.498+0000] {dag.py:3722} INFO - Setting next_dagrun for example_bash_operator to 2023-11-07T00:00:00+00:00, run_after=2023-11-08T00:00:00+00:00
[2023-11-08T01:07:15.975+0000] {processor.py:179} INFO - Processing /home/airflow/.local/lib/python3.8/site-packages/airflow/example_dags/example_bash_operator.py took 3.323 seconds
[2023-11-08T01:12:25.883+0000] {processor.py:157} INFO - Started process (PID=832) to work on /home/airflow/.local/lib/python3.8/site-packages/airflow/example_dags/example_bash_operator.py
[2023-11-08T01:12:26.124+0000] {processor.py:829} INFO - Processing file /home/airflow/.local/lib/python3.8/site-packages/airflow/example_dags/example_bash_operator.py for tasks to queue
[2023-11-08T01:12:26.211+0000] {logging_mixin.py:151} INFO - [2023-11-08T01:12:26.188+0000] {dagbag.py:536} INFO - Filling up the DagBag from /home/airflow/.local/lib/python3.8/site-packages/airflow/example_dags/example_bash_operator.py
[2023-11-08T01:12:27.612+0000] {processor.py:839} INFO - DAG(s) dict_keys(['example_bash_operator']) retrieved from /home/airflow/.local/lib/python3.8/site-packages/airflow/example_dags/example_bash_operator.py
[2023-11-08T01:12:31.591+0000] {logging_mixin.py:151} INFO - [2023-11-08T01:12:31.521+0000] {dag.py:2941} INFO - Sync 1 DAGs
[2023-11-08T01:12:32.571+0000] {logging_mixin.py:151} INFO - [2023-11-08T01:12:32.550+0000] {dag.py:3722} INFO - Setting next_dagrun for example_bash_operator to 2023-11-07T00:00:00+00:00, run_after=2023-11-08T00:00:00+00:00
[2023-11-08T01:12:33.079+0000] {processor.py:179} INFO - Processing /home/airflow/.local/lib/python3.8/site-packages/airflow/example_dags/example_bash_operator.py took 7.416 seconds
