[2023-11-08T00:51:27.902+0000] {processor.py:157} INFO - Started process (PID=78) to work on /home/airflow/.local/lib/python3.8/site-packages/airflow/example_dags/example_sla_dag.py
[2023-11-08T00:51:27.907+0000] {processor.py:829} INFO - Processing file /home/airflow/.local/lib/python3.8/site-packages/airflow/example_dags/example_sla_dag.py for tasks to queue
[2023-11-08T00:51:27.928+0000] {logging_mixin.py:151} INFO - [2023-11-08T00:51:27.925+0000] {dagbag.py:536} INFO - Filling up the DagBag from /home/airflow/.local/lib/python3.8/site-packages/airflow/example_dags/example_sla_dag.py
[2023-11-08T00:51:28.017+0000] {processor.py:839} INFO - DAG(s) dict_keys(['example_sla_dag']) retrieved from /home/airflow/.local/lib/python3.8/site-packages/airflow/example_dags/example_sla_dag.py
[2023-11-08T00:51:28.609+0000] {logging_mixin.py:151} INFO - [2023-11-08T00:51:28.606+0000] {manager.py:499} INFO - Created Permission View: %s
[2023-11-08T00:51:28.653+0000] {logging_mixin.py:151} INFO - [2023-11-08T00:51:28.651+0000] {manager.py:499} INFO - Created Permission View: %s
[2023-11-08T00:51:28.676+0000] {logging_mixin.py:151} INFO - [2023-11-08T00:51:28.676+0000] {manager.py:499} INFO - Created Permission View: %s
[2023-11-08T00:51:28.677+0000] {logging_mixin.py:151} INFO - [2023-11-08T00:51:28.677+0000] {dag.py:2941} INFO - Sync 1 DAGs
[2023-11-08T00:51:28.717+0000] {logging_mixin.py:151} INFO - [2023-11-08T00:51:28.716+0000] {dag.py:2963} INFO - Creating ORM DAG for example_sla_dag
[2023-11-08T00:51:28.773+0000] {logging_mixin.py:151} INFO - [2023-11-08T00:51:28.772+0000] {dag.py:3722} INFO - Setting next_dagrun for example_sla_dag to 2023-11-08T00:48:00+00:00, run_after=2023-11-08T00:50:00+00:00
[2023-11-08T00:51:28.829+0000] {processor.py:179} INFO - Processing /home/airflow/.local/lib/python3.8/site-packages/airflow/example_dags/example_sla_dag.py took 0.946 seconds
[2023-11-08T00:51:59.359+0000] {processor.py:157} INFO - Started process (PID=141) to work on /home/airflow/.local/lib/python3.8/site-packages/airflow/example_dags/example_sla_dag.py
[2023-11-08T00:51:59.361+0000] {processor.py:829} INFO - Processing file /home/airflow/.local/lib/python3.8/site-packages/airflow/example_dags/example_sla_dag.py for tasks to queue
[2023-11-08T00:51:59.376+0000] {logging_mixin.py:151} INFO - [2023-11-08T00:51:59.371+0000] {dagbag.py:536} INFO - Filling up the DagBag from /home/airflow/.local/lib/python3.8/site-packages/airflow/example_dags/example_sla_dag.py
[2023-11-08T00:51:59.405+0000] {processor.py:839} INFO - DAG(s) dict_keys(['example_sla_dag']) retrieved from /home/airflow/.local/lib/python3.8/site-packages/airflow/example_dags/example_sla_dag.py
[2023-11-08T00:51:59.464+0000] {logging_mixin.py:151} INFO - [2023-11-08T00:51:59.463+0000] {dag.py:2941} INFO - Sync 1 DAGs
[2023-11-08T00:51:59.502+0000] {logging_mixin.py:151} INFO - [2023-11-08T00:51:59.502+0000] {dag.py:3722} INFO - Setting next_dagrun for example_sla_dag to 2023-11-08T00:48:00+00:00, run_after=2023-11-08T00:50:00+00:00
[2023-11-08T00:51:59.519+0000] {processor.py:179} INFO - Processing /home/airflow/.local/lib/python3.8/site-packages/airflow/example_dags/example_sla_dag.py took 0.167 seconds
[2023-11-08T00:52:29.967+0000] {processor.py:157} INFO - Started process (PID=204) to work on /home/airflow/.local/lib/python3.8/site-packages/airflow/example_dags/example_sla_dag.py
[2023-11-08T00:52:29.968+0000] {processor.py:829} INFO - Processing file /home/airflow/.local/lib/python3.8/site-packages/airflow/example_dags/example_sla_dag.py for tasks to queue
[2023-11-08T00:52:29.973+0000] {logging_mixin.py:151} INFO - [2023-11-08T00:52:29.973+0000] {dagbag.py:536} INFO - Filling up the DagBag from /home/airflow/.local/lib/python3.8/site-packages/airflow/example_dags/example_sla_dag.py
[2023-11-08T00:52:29.985+0000] {processor.py:839} INFO - DAG(s) dict_keys(['example_sla_dag']) retrieved from /home/airflow/.local/lib/python3.8/site-packages/airflow/example_dags/example_sla_dag.py
[2023-11-08T00:52:30.018+0000] {logging_mixin.py:151} INFO - [2023-11-08T00:52:30.018+0000] {dag.py:2941} INFO - Sync 1 DAGs
[2023-11-08T00:52:30.042+0000] {logging_mixin.py:151} INFO - [2023-11-08T00:52:30.042+0000] {dag.py:3722} INFO - Setting next_dagrun for example_sla_dag to 2023-11-08T00:50:00+00:00, run_after=2023-11-08T00:52:00+00:00
[2023-11-08T00:52:30.058+0000] {processor.py:179} INFO - Processing /home/airflow/.local/lib/python3.8/site-packages/airflow/example_dags/example_sla_dag.py took 0.097 seconds
[2023-11-08T00:53:01.391+0000] {processor.py:157} INFO - Started process (PID=267) to work on /home/airflow/.local/lib/python3.8/site-packages/airflow/example_dags/example_sla_dag.py
[2023-11-08T00:53:01.393+0000] {processor.py:829} INFO - Processing file /home/airflow/.local/lib/python3.8/site-packages/airflow/example_dags/example_sla_dag.py for tasks to queue
[2023-11-08T00:53:01.396+0000] {logging_mixin.py:151} INFO - [2023-11-08T00:53:01.396+0000] {dagbag.py:536} INFO - Filling up the DagBag from /home/airflow/.local/lib/python3.8/site-packages/airflow/example_dags/example_sla_dag.py
[2023-11-08T00:53:01.424+0000] {processor.py:839} INFO - DAG(s) dict_keys(['example_sla_dag']) retrieved from /home/airflow/.local/lib/python3.8/site-packages/airflow/example_dags/example_sla_dag.py
[2023-11-08T00:53:01.461+0000] {logging_mixin.py:151} INFO - [2023-11-08T00:53:01.460+0000] {dag.py:2941} INFO - Sync 1 DAGs
[2023-11-08T00:53:01.497+0000] {logging_mixin.py:151} INFO - [2023-11-08T00:53:01.497+0000] {dag.py:3722} INFO - Setting next_dagrun for example_sla_dag to 2023-11-08T00:50:00+00:00, run_after=2023-11-08T00:52:00+00:00
[2023-11-08T00:53:01.535+0000] {processor.py:179} INFO - Processing /home/airflow/.local/lib/python3.8/site-packages/airflow/example_dags/example_sla_dag.py took 0.150 seconds
[2023-11-08T00:53:32.693+0000] {processor.py:157} INFO - Started process (PID=322) to work on /home/airflow/.local/lib/python3.8/site-packages/airflow/example_dags/example_sla_dag.py
[2023-11-08T00:53:32.699+0000] {processor.py:829} INFO - Processing file /home/airflow/.local/lib/python3.8/site-packages/airflow/example_dags/example_sla_dag.py for tasks to queue
[2023-11-08T00:53:32.711+0000] {logging_mixin.py:151} INFO - [2023-11-08T00:53:32.710+0000] {dagbag.py:536} INFO - Filling up the DagBag from /home/airflow/.local/lib/python3.8/site-packages/airflow/example_dags/example_sla_dag.py
[2023-11-08T00:53:32.768+0000] {processor.py:839} INFO - DAG(s) dict_keys(['example_sla_dag']) retrieved from /home/airflow/.local/lib/python3.8/site-packages/airflow/example_dags/example_sla_dag.py
[2023-11-08T00:53:32.923+0000] {logging_mixin.py:151} INFO - [2023-11-08T00:53:32.919+0000] {dag.py:2941} INFO - Sync 1 DAGs
[2023-11-08T00:53:33.049+0000] {logging_mixin.py:151} INFO - [2023-11-08T00:53:33.048+0000] {dag.py:3722} INFO - Setting next_dagrun for example_sla_dag to 2023-11-08T00:50:00+00:00, run_after=2023-11-08T00:52:00+00:00
[2023-11-08T00:53:33.083+0000] {processor.py:179} INFO - Processing /home/airflow/.local/lib/python3.8/site-packages/airflow/example_dags/example_sla_dag.py took 0.437 seconds
[2023-11-08T00:54:03.332+0000] {processor.py:157} INFO - Started process (PID=383) to work on /home/airflow/.local/lib/python3.8/site-packages/airflow/example_dags/example_sla_dag.py
[2023-11-08T00:54:03.345+0000] {processor.py:829} INFO - Processing file /home/airflow/.local/lib/python3.8/site-packages/airflow/example_dags/example_sla_dag.py for tasks to queue
[2023-11-08T00:54:03.409+0000] {logging_mixin.py:151} INFO - [2023-11-08T00:54:03.407+0000] {dagbag.py:536} INFO - Filling up the DagBag from /home/airflow/.local/lib/python3.8/site-packages/airflow/example_dags/example_sla_dag.py
[2023-11-08T00:54:03.626+0000] {processor.py:839} INFO - DAG(s) dict_keys(['example_sla_dag']) retrieved from /home/airflow/.local/lib/python3.8/site-packages/airflow/example_dags/example_sla_dag.py
[2023-11-08T00:54:03.939+0000] {logging_mixin.py:151} INFO - [2023-11-08T00:54:03.937+0000] {dag.py:2941} INFO - Sync 1 DAGs
[2023-11-08T00:54:04.063+0000] {logging_mixin.py:151} INFO - [2023-11-08T00:54:04.063+0000] {dag.py:3722} INFO - Setting next_dagrun for example_sla_dag to 2023-11-08T00:52:00+00:00, run_after=2023-11-08T00:54:00+00:00
[2023-11-08T00:54:04.155+0000] {processor.py:179} INFO - Processing /home/airflow/.local/lib/python3.8/site-packages/airflow/example_dags/example_sla_dag.py took 0.846 seconds
[2023-11-08T00:54:40.208+0000] {processor.py:157} INFO - Started process (PID=446) to work on /home/airflow/.local/lib/python3.8/site-packages/airflow/example_dags/example_sla_dag.py
[2023-11-08T00:54:40.214+0000] {processor.py:829} INFO - Processing file /home/airflow/.local/lib/python3.8/site-packages/airflow/example_dags/example_sla_dag.py for tasks to queue
[2023-11-08T00:54:40.226+0000] {logging_mixin.py:151} INFO - [2023-11-08T00:54:40.225+0000] {dagbag.py:536} INFO - Filling up the DagBag from /home/airflow/.local/lib/python3.8/site-packages/airflow/example_dags/example_sla_dag.py
[2023-11-08T00:54:40.553+0000] {processor.py:839} INFO - DAG(s) dict_keys(['example_sla_dag']) retrieved from /home/airflow/.local/lib/python3.8/site-packages/airflow/example_dags/example_sla_dag.py
[2023-11-08T00:54:41.159+0000] {logging_mixin.py:151} INFO - [2023-11-08T00:54:41.158+0000] {dag.py:2941} INFO - Sync 1 DAGs
[2023-11-08T00:54:41.384+0000] {logging_mixin.py:151} INFO - [2023-11-08T00:54:41.383+0000] {dag.py:3722} INFO - Setting next_dagrun for example_sla_dag to 2023-11-08T00:52:00+00:00, run_after=2023-11-08T00:54:00+00:00
[2023-11-08T00:54:41.544+0000] {processor.py:179} INFO - Processing /home/airflow/.local/lib/python3.8/site-packages/airflow/example_dags/example_sla_dag.py took 1.355 seconds
[2023-11-08T00:55:55.738+0000] {processor.py:157} INFO - Started process (PID=486) to work on /home/airflow/.local/lib/python3.8/site-packages/airflow/example_dags/example_sla_dag.py
[2023-11-08T00:55:55.748+0000] {processor.py:829} INFO - Processing file /home/airflow/.local/lib/python3.8/site-packages/airflow/example_dags/example_sla_dag.py for tasks to queue
[2023-11-08T00:55:55.788+0000] {logging_mixin.py:151} INFO - [2023-11-08T00:55:55.776+0000] {dagbag.py:536} INFO - Filling up the DagBag from /home/airflow/.local/lib/python3.8/site-packages/airflow/example_dags/example_sla_dag.py
[2023-11-08T00:55:57.267+0000] {processor.py:839} INFO - DAG(s) dict_keys(['example_sla_dag']) retrieved from /home/airflow/.local/lib/python3.8/site-packages/airflow/example_dags/example_sla_dag.py
[2023-11-08T00:56:04.332+0000] {logging_mixin.py:151} INFO - [2023-11-08T00:56:04.326+0000] {dag.py:2941} INFO - Sync 1 DAGs
[2023-11-08T00:56:06.053+0000] {logging_mixin.py:151} INFO - [2023-11-08T00:56:06.045+0000] {dag.py:3722} INFO - Setting next_dagrun for example_sla_dag to 2023-11-08T00:54:00+00:00, run_after=2023-11-08T00:56:00+00:00
[2023-11-08T00:56:07.257+0000] {processor.py:179} INFO - Processing /home/airflow/.local/lib/python3.8/site-packages/airflow/example_dags/example_sla_dag.py took 11.559 seconds
[2023-11-08T00:58:55.737+0000] {processor.py:157} INFO - Started process (PID=540) to work on /home/airflow/.local/lib/python3.8/site-packages/airflow/example_dags/example_sla_dag.py
[2023-11-08T00:58:55.749+0000] {processor.py:829} INFO - Processing file /home/airflow/.local/lib/python3.8/site-packages/airflow/example_dags/example_sla_dag.py for tasks to queue
[2023-11-08T00:58:55.761+0000] {logging_mixin.py:151} INFO - [2023-11-08T00:58:55.757+0000] {dagbag.py:536} INFO - Filling up the DagBag from /home/airflow/.local/lib/python3.8/site-packages/airflow/example_dags/example_sla_dag.py
[2023-11-08T00:58:55.909+0000] {processor.py:839} INFO - DAG(s) dict_keys(['example_sla_dag']) retrieved from /home/airflow/.local/lib/python3.8/site-packages/airflow/example_dags/example_sla_dag.py
[2023-11-08T00:59:01.025+0000] {logging_mixin.py:151} INFO - [2023-11-08T00:59:01.014+0000] {dag.py:2941} INFO - Sync 1 DAGs
[2023-11-08T00:59:01.266+0000] {logging_mixin.py:151} INFO - [2023-11-08T00:59:01.264+0000] {dag.py:3722} INFO - Setting next_dagrun for example_sla_dag to 2023-11-08T00:56:00+00:00, run_after=2023-11-08T00:58:00+00:00
[2023-11-08T00:59:01.441+0000] {processor.py:179} INFO - Processing /home/airflow/.local/lib/python3.8/site-packages/airflow/example_dags/example_sla_dag.py took 5.771 seconds
[2023-11-08T01:00:18.089+0000] {processor.py:157} INFO - Started process (PID=582) to work on /home/airflow/.local/lib/python3.8/site-packages/airflow/example_dags/example_sla_dag.py
[2023-11-08T01:00:18.121+0000] {processor.py:829} INFO - Processing file /home/airflow/.local/lib/python3.8/site-packages/airflow/example_dags/example_sla_dag.py for tasks to queue
[2023-11-08T01:00:18.129+0000] {logging_mixin.py:151} INFO - [2023-11-08T01:00:18.126+0000] {dagbag.py:536} INFO - Filling up the DagBag from /home/airflow/.local/lib/python3.8/site-packages/airflow/example_dags/example_sla_dag.py
[2023-11-08T01:00:18.435+0000] {processor.py:839} INFO - DAG(s) dict_keys(['example_sla_dag']) retrieved from /home/airflow/.local/lib/python3.8/site-packages/airflow/example_dags/example_sla_dag.py
[2023-11-08T01:00:19.284+0000] {logging_mixin.py:151} INFO - [2023-11-08T01:00:19.273+0000] {dag.py:2941} INFO - Sync 1 DAGs
[2023-11-08T01:00:19.633+0000] {logging_mixin.py:151} INFO - [2023-11-08T01:00:19.632+0000] {dag.py:3722} INFO - Setting next_dagrun for example_sla_dag to 2023-11-08T00:58:00+00:00, run_after=2023-11-08T01:00:00+00:00
[2023-11-08T01:00:19.763+0000] {processor.py:179} INFO - Processing /home/airflow/.local/lib/python3.8/site-packages/airflow/example_dags/example_sla_dag.py took 1.921 seconds
[2023-11-08T01:03:42.850+0000] {processor.py:157} INFO - Started process (PID=640) to work on /home/airflow/.local/lib/python3.8/site-packages/airflow/example_dags/example_sla_dag.py
[2023-11-08T01:03:42.871+0000] {processor.py:829} INFO - Processing file /home/airflow/.local/lib/python3.8/site-packages/airflow/example_dags/example_sla_dag.py for tasks to queue
[2023-11-08T01:03:42.902+0000] {logging_mixin.py:151} INFO - [2023-11-08T01:03:42.895+0000] {dagbag.py:536} INFO - Filling up the DagBag from /home/airflow/.local/lib/python3.8/site-packages/airflow/example_dags/example_sla_dag.py
[2023-11-08T01:03:43.303+0000] {processor.py:839} INFO - DAG(s) dict_keys(['example_sla_dag']) retrieved from /home/airflow/.local/lib/python3.8/site-packages/airflow/example_dags/example_sla_dag.py
[2023-11-08T01:03:44.681+0000] {logging_mixin.py:151} INFO - [2023-11-08T01:03:44.662+0000] {dag.py:2941} INFO - Sync 1 DAGs
[2023-11-08T01:03:45.073+0000] {logging_mixin.py:151} INFO - [2023-11-08T01:03:45.072+0000] {dag.py:3722} INFO - Setting next_dagrun for example_sla_dag to 2023-11-08T01:00:00+00:00, run_after=2023-11-08T01:02:00+00:00
[2023-11-08T01:03:45.582+0000] {processor.py:179} INFO - Processing /home/airflow/.local/lib/python3.8/site-packages/airflow/example_dags/example_sla_dag.py took 2.805 seconds
[2023-11-08T01:05:35.699+0000] {processor.py:157} INFO - Started process (PID=682) to work on /home/airflow/.local/lib/python3.8/site-packages/airflow/example_dags/example_sla_dag.py
[2023-11-08T01:05:35.731+0000] {processor.py:829} INFO - Processing file /home/airflow/.local/lib/python3.8/site-packages/airflow/example_dags/example_sla_dag.py for tasks to queue
[2023-11-08T01:05:35.757+0000] {logging_mixin.py:151} INFO - [2023-11-08T01:05:35.752+0000] {dagbag.py:536} INFO - Filling up the DagBag from /home/airflow/.local/lib/python3.8/site-packages/airflow/example_dags/example_sla_dag.py
[2023-11-08T01:05:36.255+0000] {processor.py:839} INFO - DAG(s) dict_keys(['example_sla_dag']) retrieved from /home/airflow/.local/lib/python3.8/site-packages/airflow/example_dags/example_sla_dag.py
[2023-11-08T01:05:37.575+0000] {logging_mixin.py:151} INFO - [2023-11-08T01:05:37.558+0000] {dag.py:2941} INFO - Sync 1 DAGs
[2023-11-08T01:05:44.157+0000] {logging_mixin.py:151} INFO - [2023-11-08T01:05:44.107+0000] {dag.py:3722} INFO - Setting next_dagrun for example_sla_dag to 2023-11-08T01:02:00+00:00, run_after=2023-11-08T01:04:00+00:00
[2023-11-08T01:05:44.764+0000] {processor.py:179} INFO - Processing /home/airflow/.local/lib/python3.8/site-packages/airflow/example_dags/example_sla_dag.py took 9.354 seconds
[2023-11-08T01:08:16.844+0000] {processor.py:157} INFO - Started process (PID=741) to work on /home/airflow/.local/lib/python3.8/site-packages/airflow/example_dags/example_sla_dag.py
[2023-11-08T01:08:16.863+0000] {processor.py:829} INFO - Processing file /home/airflow/.local/lib/python3.8/site-packages/airflow/example_dags/example_sla_dag.py for tasks to queue
[2023-11-08T01:08:16.879+0000] {logging_mixin.py:151} INFO - [2023-11-08T01:08:16.874+0000] {dagbag.py:536} INFO - Filling up the DagBag from /home/airflow/.local/lib/python3.8/site-packages/airflow/example_dags/example_sla_dag.py
[2023-11-08T01:08:16.982+0000] {processor.py:839} INFO - DAG(s) dict_keys(['example_sla_dag']) retrieved from /home/airflow/.local/lib/python3.8/site-packages/airflow/example_dags/example_sla_dag.py
[2023-11-08T01:08:17.231+0000] {logging_mixin.py:151} INFO - [2023-11-08T01:08:17.230+0000] {dag.py:2941} INFO - Sync 1 DAGs
[2023-11-08T01:08:17.330+0000] {logging_mixin.py:151} INFO - [2023-11-08T01:08:17.330+0000] {dag.py:3722} INFO - Setting next_dagrun for example_sla_dag to 2023-11-08T01:06:00+00:00, run_after=2023-11-08T01:08:00+00:00
[2023-11-08T01:08:17.405+0000] {processor.py:179} INFO - Processing /home/airflow/.local/lib/python3.8/site-packages/airflow/example_dags/example_sla_dag.py took 0.641 seconds
[2023-11-08T01:09:27.452+0000] {processor.py:157} INFO - Started process (PID=776) to work on /home/airflow/.local/lib/python3.8/site-packages/airflow/example_dags/example_sla_dag.py
[2023-11-08T01:09:27.529+0000] {processor.py:829} INFO - Processing file /home/airflow/.local/lib/python3.8/site-packages/airflow/example_dags/example_sla_dag.py for tasks to queue
[2023-11-08T01:09:27.631+0000] {logging_mixin.py:151} INFO - [2023-11-08T01:09:27.548+0000] {dagbag.py:536} INFO - Filling up the DagBag from /home/airflow/.local/lib/python3.8/site-packages/airflow/example_dags/example_sla_dag.py
[2023-11-08T01:09:29.167+0000] {processor.py:839} INFO - DAG(s) dict_keys(['example_sla_dag']) retrieved from /home/airflow/.local/lib/python3.8/site-packages/airflow/example_dags/example_sla_dag.py
[2023-11-08T01:09:31.300+0000] {logging_mixin.py:151} INFO - [2023-11-08T01:09:31.290+0000] {dag.py:2941} INFO - Sync 1 DAGs
[2023-11-08T01:09:31.771+0000] {logging_mixin.py:151} INFO - [2023-11-08T01:09:31.770+0000] {dag.py:3722} INFO - Setting next_dagrun for example_sla_dag to 2023-11-08T01:06:00+00:00, run_after=2023-11-08T01:08:00+00:00
[2023-11-08T01:09:32.000+0000] {processor.py:179} INFO - Processing /home/airflow/.local/lib/python3.8/site-packages/airflow/example_dags/example_sla_dag.py took 4.818 seconds
[2023-11-08T01:13:42.275+0000] {processor.py:157} INFO - Started process (PID=850) to work on /home/airflow/.local/lib/python3.8/site-packages/airflow/example_dags/example_sla_dag.py
[2023-11-08T01:13:42.302+0000] {processor.py:829} INFO - Processing file /home/airflow/.local/lib/python3.8/site-packages/airflow/example_dags/example_sla_dag.py for tasks to queue
[2023-11-08T01:13:42.387+0000] {logging_mixin.py:151} INFO - [2023-11-08T01:13:42.358+0000] {dagbag.py:536} INFO - Filling up the DagBag from /home/airflow/.local/lib/python3.8/site-packages/airflow/example_dags/example_sla_dag.py
[2023-11-08T01:13:43.815+0000] {processor.py:839} INFO - DAG(s) dict_keys(['example_sla_dag']) retrieved from /home/airflow/.local/lib/python3.8/site-packages/airflow/example_dags/example_sla_dag.py
[2023-11-08T01:13:46.565+0000] {logging_mixin.py:151} INFO - [2023-11-08T01:13:46.537+0000] {dag.py:2941} INFO - Sync 1 DAGs
[2023-11-08T01:13:47.818+0000] {logging_mixin.py:151} INFO - [2023-11-08T01:13:47.795+0000] {dag.py:3722} INFO - Setting next_dagrun for example_sla_dag to 2023-11-08T01:10:00+00:00, run_after=2023-11-08T01:12:00+00:00
[2023-11-08T01:13:48.413+0000] {processor.py:179} INFO - Processing /home/airflow/.local/lib/python3.8/site-packages/airflow/example_dags/example_sla_dag.py took 6.862 seconds
