[2023-11-08T00:51:26.769+0000] {processor.py:157} INFO - Started process (PID=77) to work on /home/airflow/.local/lib/python3.8/site-packages/airflow/example_dags/example_short_circuit_decorator.py
[2023-11-08T00:51:26.774+0000] {processor.py:829} INFO - Processing file /home/airflow/.local/lib/python3.8/site-packages/airflow/example_dags/example_short_circuit_decorator.py for tasks to queue
[2023-11-08T00:51:26.794+0000] {logging_mixin.py:151} INFO - [2023-11-08T00:51:26.791+0000] {dagbag.py:536} INFO - Filling up the DagBag from /home/airflow/.local/lib/python3.8/site-packages/airflow/example_dags/example_short_circuit_decorator.py
[2023-11-08T00:51:26.867+0000] {processor.py:839} INFO - DAG(s) dict_keys(['example_short_circuit_decorator']) retrieved from /home/airflow/.local/lib/python3.8/site-packages/airflow/example_dags/example_short_circuit_decorator.py
[2023-11-08T00:51:27.530+0000] {logging_mixin.py:151} INFO - [2023-11-08T00:51:27.528+0000] {manager.py:499} INFO - Created Permission View: %s
[2023-11-08T00:51:27.583+0000] {logging_mixin.py:151} INFO - [2023-11-08T00:51:27.574+0000] {manager.py:499} INFO - Created Permission View: %s
[2023-11-08T00:51:27.631+0000] {logging_mixin.py:151} INFO - [2023-11-08T00:51:27.630+0000] {manager.py:499} INFO - Created Permission View: %s
[2023-11-08T00:51:27.638+0000] {logging_mixin.py:151} INFO - [2023-11-08T00:51:27.637+0000] {dag.py:2941} INFO - Sync 1 DAGs
[2023-11-08T00:51:27.684+0000] {logging_mixin.py:151} INFO - [2023-11-08T00:51:27.683+0000] {dag.py:2963} INFO - Creating ORM DAG for example_short_circuit_decorator
[2023-11-08T00:51:27.715+0000] {logging_mixin.py:151} INFO - [2023-11-08T00:51:27.714+0000] {dag.py:3722} INFO - Setting next_dagrun for example_short_circuit_decorator to 2023-11-07T00:51:27.713701+00:00, run_after=2023-11-08T00:51:27.713701+00:00
[2023-11-08T00:51:27.773+0000] {processor.py:179} INFO - Processing /home/airflow/.local/lib/python3.8/site-packages/airflow/example_dags/example_short_circuit_decorator.py took 1.029 seconds
[2023-11-08T00:51:58.325+0000] {processor.py:157} INFO - Started process (PID=140) to work on /home/airflow/.local/lib/python3.8/site-packages/airflow/example_dags/example_short_circuit_decorator.py
[2023-11-08T00:51:58.327+0000] {processor.py:829} INFO - Processing file /home/airflow/.local/lib/python3.8/site-packages/airflow/example_dags/example_short_circuit_decorator.py for tasks to queue
[2023-11-08T00:51:58.332+0000] {logging_mixin.py:151} INFO - [2023-11-08T00:51:58.332+0000] {dagbag.py:536} INFO - Filling up the DagBag from /home/airflow/.local/lib/python3.8/site-packages/airflow/example_dags/example_short_circuit_decorator.py
[2023-11-08T00:51:58.349+0000] {processor.py:839} INFO - DAG(s) dict_keys(['example_short_circuit_decorator']) retrieved from /home/airflow/.local/lib/python3.8/site-packages/airflow/example_dags/example_short_circuit_decorator.py
[2023-11-08T00:51:58.386+0000] {logging_mixin.py:151} INFO - [2023-11-08T00:51:58.386+0000] {dag.py:2941} INFO - Sync 1 DAGs
[2023-11-08T00:51:58.411+0000] {logging_mixin.py:151} INFO - [2023-11-08T00:51:58.411+0000] {dag.py:3722} INFO - Setting next_dagrun for example_short_circuit_decorator to 2023-11-07T00:51:58.410921+00:00, run_after=2023-11-08T00:51:58.410921+00:00
[2023-11-08T00:51:58.426+0000] {processor.py:179} INFO - Processing /home/airflow/.local/lib/python3.8/site-packages/airflow/example_dags/example_short_circuit_decorator.py took 0.109 seconds
[2023-11-08T00:52:28.817+0000] {processor.py:157} INFO - Started process (PID=203) to work on /home/airflow/.local/lib/python3.8/site-packages/airflow/example_dags/example_short_circuit_decorator.py
[2023-11-08T00:52:28.820+0000] {processor.py:829} INFO - Processing file /home/airflow/.local/lib/python3.8/site-packages/airflow/example_dags/example_short_circuit_decorator.py for tasks to queue
[2023-11-08T00:52:28.828+0000] {logging_mixin.py:151} INFO - [2023-11-08T00:52:28.827+0000] {dagbag.py:536} INFO - Filling up the DagBag from /home/airflow/.local/lib/python3.8/site-packages/airflow/example_dags/example_short_circuit_decorator.py
[2023-11-08T00:52:28.845+0000] {processor.py:839} INFO - DAG(s) dict_keys(['example_short_circuit_decorator']) retrieved from /home/airflow/.local/lib/python3.8/site-packages/airflow/example_dags/example_short_circuit_decorator.py
[2023-11-08T00:52:28.898+0000] {logging_mixin.py:151} INFO - [2023-11-08T00:52:28.897+0000] {dag.py:2941} INFO - Sync 1 DAGs
[2023-11-08T00:52:28.968+0000] {logging_mixin.py:151} INFO - [2023-11-08T00:52:28.968+0000] {dag.py:3722} INFO - Setting next_dagrun for example_short_circuit_decorator to 2023-11-07T00:52:28.967806+00:00, run_after=2023-11-08T00:52:28.967806+00:00
[2023-11-08T00:52:29.002+0000] {processor.py:179} INFO - Processing /home/airflow/.local/lib/python3.8/site-packages/airflow/example_dags/example_short_circuit_decorator.py took 0.192 seconds
[2023-11-08T00:53:01.119+0000] {processor.py:157} INFO - Started process (PID=266) to work on /home/airflow/.local/lib/python3.8/site-packages/airflow/example_dags/example_short_circuit_decorator.py
[2023-11-08T00:53:01.123+0000] {processor.py:829} INFO - Processing file /home/airflow/.local/lib/python3.8/site-packages/airflow/example_dags/example_short_circuit_decorator.py for tasks to queue
[2023-11-08T00:53:01.132+0000] {logging_mixin.py:151} INFO - [2023-11-08T00:53:01.131+0000] {dagbag.py:536} INFO - Filling up the DagBag from /home/airflow/.local/lib/python3.8/site-packages/airflow/example_dags/example_short_circuit_decorator.py
[2023-11-08T00:53:01.181+0000] {processor.py:839} INFO - DAG(s) dict_keys(['example_short_circuit_decorator']) retrieved from /home/airflow/.local/lib/python3.8/site-packages/airflow/example_dags/example_short_circuit_decorator.py
[2023-11-08T00:53:01.261+0000] {logging_mixin.py:151} INFO - [2023-11-08T00:53:01.261+0000] {dag.py:2941} INFO - Sync 1 DAGs
[2023-11-08T00:53:01.290+0000] {logging_mixin.py:151} INFO - [2023-11-08T00:53:01.289+0000] {dag.py:3722} INFO - Setting next_dagrun for example_short_circuit_decorator to 2023-11-07T00:53:01.289468+00:00, run_after=2023-11-08T00:53:01.289468+00:00
[2023-11-08T00:53:01.345+0000] {processor.py:179} INFO - Processing /home/airflow/.local/lib/python3.8/site-packages/airflow/example_dags/example_short_circuit_decorator.py took 0.244 seconds
[2023-11-08T00:53:31.893+0000] {processor.py:157} INFO - Started process (PID=321) to work on /home/airflow/.local/lib/python3.8/site-packages/airflow/example_dags/example_short_circuit_decorator.py
[2023-11-08T00:53:31.899+0000] {processor.py:829} INFO - Processing file /home/airflow/.local/lib/python3.8/site-packages/airflow/example_dags/example_short_circuit_decorator.py for tasks to queue
[2023-11-08T00:53:31.913+0000] {logging_mixin.py:151} INFO - [2023-11-08T00:53:31.912+0000] {dagbag.py:536} INFO - Filling up the DagBag from /home/airflow/.local/lib/python3.8/site-packages/airflow/example_dags/example_short_circuit_decorator.py
[2023-11-08T00:53:31.987+0000] {processor.py:839} INFO - DAG(s) dict_keys(['example_short_circuit_decorator']) retrieved from /home/airflow/.local/lib/python3.8/site-packages/airflow/example_dags/example_short_circuit_decorator.py
[2023-11-08T00:53:32.185+0000] {logging_mixin.py:151} INFO - [2023-11-08T00:53:32.184+0000] {dag.py:2941} INFO - Sync 1 DAGs
[2023-11-08T00:53:32.333+0000] {logging_mixin.py:151} INFO - [2023-11-08T00:53:32.331+0000] {dag.py:3722} INFO - Setting next_dagrun for example_short_circuit_decorator to 2023-11-07T00:53:32.328006+00:00, run_after=2023-11-08T00:53:32.328006+00:00
[2023-11-08T00:53:32.497+0000] {processor.py:179} INFO - Processing /home/airflow/.local/lib/python3.8/site-packages/airflow/example_dags/example_short_circuit_decorator.py took 0.672 seconds
[2023-11-08T00:54:03.332+0000] {processor.py:157} INFO - Started process (PID=382) to work on /home/airflow/.local/lib/python3.8/site-packages/airflow/example_dags/example_short_circuit_decorator.py
[2023-11-08T00:54:03.339+0000] {processor.py:829} INFO - Processing file /home/airflow/.local/lib/python3.8/site-packages/airflow/example_dags/example_short_circuit_decorator.py for tasks to queue
[2023-11-08T00:54:03.408+0000] {logging_mixin.py:151} INFO - [2023-11-08T00:54:03.405+0000] {dagbag.py:536} INFO - Filling up the DagBag from /home/airflow/.local/lib/python3.8/site-packages/airflow/example_dags/example_short_circuit_decorator.py
[2023-11-08T00:54:03.648+0000] {processor.py:839} INFO - DAG(s) dict_keys(['example_short_circuit_decorator']) retrieved from /home/airflow/.local/lib/python3.8/site-packages/airflow/example_dags/example_short_circuit_decorator.py
[2023-11-08T00:54:03.933+0000] {logging_mixin.py:151} INFO - [2023-11-08T00:54:03.931+0000] {dag.py:2941} INFO - Sync 1 DAGs
[2023-11-08T00:54:04.050+0000] {logging_mixin.py:151} INFO - [2023-11-08T00:54:04.049+0000] {dag.py:3722} INFO - Setting next_dagrun for example_short_circuit_decorator to 2023-11-07T00:54:04.048957+00:00, run_after=2023-11-08T00:54:04.048957+00:00
[2023-11-08T00:54:04.150+0000] {processor.py:179} INFO - Processing /home/airflow/.local/lib/python3.8/site-packages/airflow/example_dags/example_short_circuit_decorator.py took 0.893 seconds
[2023-11-08T00:54:40.126+0000] {processor.py:157} INFO - Started process (PID=445) to work on /home/airflow/.local/lib/python3.8/site-packages/airflow/example_dags/example_short_circuit_decorator.py
[2023-11-08T00:54:40.132+0000] {processor.py:829} INFO - Processing file /home/airflow/.local/lib/python3.8/site-packages/airflow/example_dags/example_short_circuit_decorator.py for tasks to queue
[2023-11-08T00:54:40.143+0000] {logging_mixin.py:151} INFO - [2023-11-08T00:54:40.142+0000] {dagbag.py:536} INFO - Filling up the DagBag from /home/airflow/.local/lib/python3.8/site-packages/airflow/example_dags/example_short_circuit_decorator.py
[2023-11-08T00:54:40.240+0000] {processor.py:839} INFO - DAG(s) dict_keys(['example_short_circuit_decorator']) retrieved from /home/airflow/.local/lib/python3.8/site-packages/airflow/example_dags/example_short_circuit_decorator.py
[2023-11-08T00:54:40.577+0000] {logging_mixin.py:151} INFO - [2023-11-08T00:54:40.576+0000] {dag.py:2941} INFO - Sync 1 DAGs
[2023-11-08T00:54:41.113+0000] {logging_mixin.py:151} INFO - [2023-11-08T00:54:41.108+0000] {dag.py:3722} INFO - Setting next_dagrun for example_short_circuit_decorator to 2023-11-07T00:54:41.104897+00:00, run_after=2023-11-08T00:54:41.104897+00:00
[2023-11-08T00:54:41.310+0000] {processor.py:179} INFO - Processing /home/airflow/.local/lib/python3.8/site-packages/airflow/example_dags/example_short_circuit_decorator.py took 1.224 seconds
[2023-11-08T00:55:54.732+0000] {processor.py:157} INFO - Started process (PID=485) to work on /home/airflow/.local/lib/python3.8/site-packages/airflow/example_dags/example_short_circuit_decorator.py
[2023-11-08T00:55:54.740+0000] {processor.py:829} INFO - Processing file /home/airflow/.local/lib/python3.8/site-packages/airflow/example_dags/example_short_circuit_decorator.py for tasks to queue
[2023-11-08T00:55:54.794+0000] {logging_mixin.py:151} INFO - [2023-11-08T00:55:54.789+0000] {dagbag.py:536} INFO - Filling up the DagBag from /home/airflow/.local/lib/python3.8/site-packages/airflow/example_dags/example_short_circuit_decorator.py
[2023-11-08T00:55:55.062+0000] {processor.py:839} INFO - DAG(s) dict_keys(['example_short_circuit_decorator']) retrieved from /home/airflow/.local/lib/python3.8/site-packages/airflow/example_dags/example_short_circuit_decorator.py
[2023-11-08T00:56:04.335+0000] {logging_mixin.py:151} INFO - [2023-11-08T00:56:04.324+0000] {dag.py:2941} INFO - Sync 1 DAGs
[2023-11-08T00:56:06.000+0000] {logging_mixin.py:151} INFO - [2023-11-08T00:56:05.976+0000] {dag.py:3722} INFO - Setting next_dagrun for example_short_circuit_decorator to 2023-11-07T00:56:05.921235+00:00, run_after=2023-11-08T00:56:05.921235+00:00
[2023-11-08T00:56:07.256+0000] {processor.py:179} INFO - Processing /home/airflow/.local/lib/python3.8/site-packages/airflow/example_dags/example_short_circuit_decorator.py took 12.582 seconds
[2023-11-08T00:58:45.019+0000] {processor.py:157} INFO - Started process (PID=539) to work on /home/airflow/.local/lib/python3.8/site-packages/airflow/example_dags/example_short_circuit_decorator.py
[2023-11-08T00:58:45.034+0000] {processor.py:829} INFO - Processing file /home/airflow/.local/lib/python3.8/site-packages/airflow/example_dags/example_short_circuit_decorator.py for tasks to queue
[2023-11-08T00:58:45.042+0000] {logging_mixin.py:151} INFO - [2023-11-08T00:58:45.036+0000] {dagbag.py:536} INFO - Filling up the DagBag from /home/airflow/.local/lib/python3.8/site-packages/airflow/example_dags/example_short_circuit_decorator.py
[2023-11-08T00:58:45.227+0000] {processor.py:839} INFO - DAG(s) dict_keys(['example_short_circuit_decorator']) retrieved from /home/airflow/.local/lib/python3.8/site-packages/airflow/example_dags/example_short_circuit_decorator.py
[2023-11-08T00:58:53.804+0000] {logging_mixin.py:151} INFO - [2023-11-08T00:58:53.750+0000] {dag.py:2941} INFO - Sync 1 DAGs
[2023-11-08T00:58:54.172+0000] {logging_mixin.py:151} INFO - [2023-11-08T00:58:54.155+0000] {dag.py:3722} INFO - Setting next_dagrun for example_short_circuit_decorator to 2023-11-07T00:58:54.146300+00:00, run_after=2023-11-08T00:58:54.146300+00:00
[2023-11-08T00:58:55.060+0000] {processor.py:179} INFO - Processing /home/airflow/.local/lib/python3.8/site-packages/airflow/example_dags/example_short_circuit_decorator.py took 10.076 seconds
[2023-11-08T01:00:15.873+0000] {processor.py:157} INFO - Started process (PID=581) to work on /home/airflow/.local/lib/python3.8/site-packages/airflow/example_dags/example_short_circuit_decorator.py
[2023-11-08T01:00:15.890+0000] {processor.py:829} INFO - Processing file /home/airflow/.local/lib/python3.8/site-packages/airflow/example_dags/example_short_circuit_decorator.py for tasks to queue
[2023-11-08T01:00:15.944+0000] {logging_mixin.py:151} INFO - [2023-11-08T01:00:15.926+0000] {dagbag.py:536} INFO - Filling up the DagBag from /home/airflow/.local/lib/python3.8/site-packages/airflow/example_dags/example_short_circuit_decorator.py
[2023-11-08T01:00:16.169+0000] {processor.py:839} INFO - DAG(s) dict_keys(['example_short_circuit_decorator']) retrieved from /home/airflow/.local/lib/python3.8/site-packages/airflow/example_dags/example_short_circuit_decorator.py
[2023-11-08T01:00:16.549+0000] {logging_mixin.py:151} INFO - [2023-11-08T01:00:16.548+0000] {dag.py:2941} INFO - Sync 1 DAGs
[2023-11-08T01:00:16.856+0000] {logging_mixin.py:151} INFO - [2023-11-08T01:00:16.854+0000] {dag.py:3722} INFO - Setting next_dagrun for example_short_circuit_decorator to 2023-11-07T01:00:16.851863+00:00, run_after=2023-11-08T01:00:16.851863+00:00
[2023-11-08T01:00:17.156+0000] {processor.py:179} INFO - Processing /home/airflow/.local/lib/python3.8/site-packages/airflow/example_dags/example_short_circuit_decorator.py took 1.340 seconds
[2023-11-08T01:03:25.504+0000] {processor.py:157} INFO - Started process (PID=632) to work on /home/airflow/.local/lib/python3.8/site-packages/airflow/example_dags/example_short_circuit_decorator.py
[2023-11-08T01:03:25.512+0000] {processor.py:829} INFO - Processing file /home/airflow/.local/lib/python3.8/site-packages/airflow/example_dags/example_short_circuit_decorator.py for tasks to queue
[2023-11-08T01:03:25.531+0000] {logging_mixin.py:151} INFO - [2023-11-08T01:03:25.523+0000] {dagbag.py:536} INFO - Filling up the DagBag from /home/airflow/.local/lib/python3.8/site-packages/airflow/example_dags/example_short_circuit_decorator.py
[2023-11-08T01:03:25.772+0000] {processor.py:839} INFO - DAG(s) dict_keys(['example_short_circuit_decorator']) retrieved from /home/airflow/.local/lib/python3.8/site-packages/airflow/example_dags/example_short_circuit_decorator.py
[2023-11-08T01:03:40.603+0000] {logging_mixin.py:151} INFO - [2023-11-08T01:03:40.540+0000] {dag.py:2941} INFO - Sync 1 DAGs
[2023-11-08T01:03:41.899+0000] {logging_mixin.py:151} INFO - [2023-11-08T01:03:41.882+0000] {dag.py:3722} INFO - Setting next_dagrun for example_short_circuit_decorator to 2023-11-07T01:03:41.874240+00:00, run_after=2023-11-08T01:03:41.874240+00:00
[2023-11-08T01:03:42.496+0000] {processor.py:179} INFO - Processing /home/airflow/.local/lib/python3.8/site-packages/airflow/example_dags/example_short_circuit_decorator.py took 16.995 seconds
[2023-11-08T01:05:29.981+0000] {processor.py:157} INFO - Started process (PID=681) to work on /home/airflow/.local/lib/python3.8/site-packages/airflow/example_dags/example_short_circuit_decorator.py
[2023-11-08T01:05:30.022+0000] {processor.py:829} INFO - Processing file /home/airflow/.local/lib/python3.8/site-packages/airflow/example_dags/example_short_circuit_decorator.py for tasks to queue
[2023-11-08T01:05:30.079+0000] {logging_mixin.py:151} INFO - [2023-11-08T01:05:30.054+0000] {dagbag.py:536} INFO - Filling up the DagBag from /home/airflow/.local/lib/python3.8/site-packages/airflow/example_dags/example_short_circuit_decorator.py
[2023-11-08T01:05:30.908+0000] {processor.py:839} INFO - DAG(s) dict_keys(['example_short_circuit_decorator']) retrieved from /home/airflow/.local/lib/python3.8/site-packages/airflow/example_dags/example_short_circuit_decorator.py
[2023-11-08T01:05:32.255+0000] {logging_mixin.py:151} INFO - [2023-11-08T01:05:32.238+0000] {dag.py:2941} INFO - Sync 1 DAGs
[2023-11-08T01:05:34.254+0000] {logging_mixin.py:151} INFO - [2023-11-08T01:05:34.192+0000] {dag.py:3722} INFO - Setting next_dagrun for example_short_circuit_decorator to 2023-11-07T01:05:34.106771+00:00, run_after=2023-11-08T01:05:34.106771+00:00
[2023-11-08T01:05:34.906+0000] {processor.py:179} INFO - Processing /home/airflow/.local/lib/python3.8/site-packages/airflow/example_dags/example_short_circuit_decorator.py took 5.064 seconds
[2023-11-08T01:08:16.280+0000] {processor.py:157} INFO - Started process (PID=740) to work on /home/airflow/.local/lib/python3.8/site-packages/airflow/example_dags/example_short_circuit_decorator.py
[2023-11-08T01:08:16.338+0000] {processor.py:829} INFO - Processing file /home/airflow/.local/lib/python3.8/site-packages/airflow/example_dags/example_short_circuit_decorator.py for tasks to queue
[2023-11-08T01:08:16.391+0000] {logging_mixin.py:151} INFO - [2023-11-08T01:08:16.348+0000] {dagbag.py:536} INFO - Filling up the DagBag from /home/airflow/.local/lib/python3.8/site-packages/airflow/example_dags/example_short_circuit_decorator.py
[2023-11-08T01:08:16.686+0000] {processor.py:839} INFO - DAG(s) dict_keys(['example_short_circuit_decorator']) retrieved from /home/airflow/.local/lib/python3.8/site-packages/airflow/example_dags/example_short_circuit_decorator.py
[2023-11-08T01:08:16.981+0000] {logging_mixin.py:151} INFO - [2023-11-08T01:08:16.980+0000] {dag.py:2941} INFO - Sync 1 DAGs
[2023-11-08T01:08:17.233+0000] {logging_mixin.py:151} INFO - [2023-11-08T01:08:17.232+0000] {dag.py:3722} INFO - Setting next_dagrun for example_short_circuit_decorator to 2023-11-07T01:08:17.230972+00:00, run_after=2023-11-08T01:08:17.230972+00:00
[2023-11-08T01:08:17.308+0000] {processor.py:179} INFO - Processing /home/airflow/.local/lib/python3.8/site-packages/airflow/example_dags/example_short_circuit_decorator.py took 1.286 seconds
[2023-11-08T01:09:13.751+0000] {processor.py:157} INFO - Started process (PID=775) to work on /home/airflow/.local/lib/python3.8/site-packages/airflow/example_dags/example_short_circuit_decorator.py
[2023-11-08T01:09:13.993+0000] {processor.py:829} INFO - Processing file /home/airflow/.local/lib/python3.8/site-packages/airflow/example_dags/example_short_circuit_decorator.py for tasks to queue
[2023-11-08T01:09:14.101+0000] {logging_mixin.py:151} INFO - [2023-11-08T01:09:14.081+0000] {dagbag.py:536} INFO - Filling up the DagBag from /home/airflow/.local/lib/python3.8/site-packages/airflow/example_dags/example_short_circuit_decorator.py
[2023-11-08T01:09:16.969+0000] {processor.py:839} INFO - DAG(s) dict_keys(['example_short_circuit_decorator']) retrieved from /home/airflow/.local/lib/python3.8/site-packages/airflow/example_dags/example_short_circuit_decorator.py
[2023-11-08T01:09:22.851+0000] {logging_mixin.py:151} INFO - [2023-11-08T01:09:22.770+0000] {dag.py:2941} INFO - Sync 1 DAGs
[2023-11-08T01:09:24.982+0000] {logging_mixin.py:151} INFO - [2023-11-08T01:09:24.975+0000] {dag.py:3722} INFO - Setting next_dagrun for example_short_circuit_decorator to 2023-11-07T01:09:24.944231+00:00, run_after=2023-11-08T01:09:24.944231+00:00
[2023-11-08T01:09:25.984+0000] {processor.py:179} INFO - Processing /home/airflow/.local/lib/python3.8/site-packages/airflow/example_dags/example_short_circuit_decorator.py took 12.592 seconds
[2023-11-08T01:13:08.672+0000] {processor.py:157} INFO - Started process (PID=849) to work on /home/airflow/.local/lib/python3.8/site-packages/airflow/example_dags/example_short_circuit_decorator.py
[2023-11-08T01:13:08.706+0000] {processor.py:829} INFO - Processing file /home/airflow/.local/lib/python3.8/site-packages/airflow/example_dags/example_short_circuit_decorator.py for tasks to queue
[2023-11-08T01:13:08.741+0000] {logging_mixin.py:151} INFO - [2023-11-08T01:13:08.731+0000] {dagbag.py:536} INFO - Filling up the DagBag from /home/airflow/.local/lib/python3.8/site-packages/airflow/example_dags/example_short_circuit_decorator.py
[2023-11-08T01:13:11.078+0000] {processor.py:839} INFO - DAG(s) dict_keys(['example_short_circuit_decorator']) retrieved from /home/airflow/.local/lib/python3.8/site-packages/airflow/example_dags/example_short_circuit_decorator.py
[2023-11-08T01:13:44.915+0000] {logging_mixin.py:151} INFO - [2023-11-08T01:13:44.891+0000] {dag.py:2941} INFO - Sync 1 DAGs
[2023-11-08T01:13:46.109+0000] {logging_mixin.py:151} INFO - [2023-11-08T01:13:46.086+0000] {dag.py:3722} INFO - Setting next_dagrun for example_short_circuit_decorator to 2023-11-07T01:13:46.039596+00:00, run_after=2023-11-08T01:13:46.039596+00:00
[2023-11-08T01:13:47.274+0000] {processor.py:179} INFO - Processing /home/airflow/.local/lib/python3.8/site-packages/airflow/example_dags/example_short_circuit_decorator.py took 38.789 seconds
