[2023-11-08T00:51:52.856+0000] {processor.py:157} INFO - Started process (PID=125) to work on /home/airflow/.local/lib/python3.8/site-packages/airflow/example_dags/example_dynamic_task_mapping.py
[2023-11-08T00:51:52.859+0000] {processor.py:829} INFO - Processing file /home/airflow/.local/lib/python3.8/site-packages/airflow/example_dags/example_dynamic_task_mapping.py for tasks to queue
[2023-11-08T00:51:52.867+0000] {logging_mixin.py:151} INFO - [2023-11-08T00:51:52.866+0000] {dagbag.py:536} INFO - Filling up the DagBag from /home/airflow/.local/lib/python3.8/site-packages/airflow/example_dags/example_dynamic_task_mapping.py
[2023-11-08T00:51:52.883+0000] {processor.py:839} INFO - DAG(s) dict_keys(['example_dynamic_task_mapping']) retrieved from /home/airflow/.local/lib/python3.8/site-packages/airflow/example_dags/example_dynamic_task_mapping.py
[2023-11-08T00:51:53.036+0000] {logging_mixin.py:151} INFO - [2023-11-08T00:51:53.036+0000] {manager.py:499} INFO - Created Permission View: %s
[2023-11-08T00:51:53.047+0000] {logging_mixin.py:151} INFO - [2023-11-08T00:51:53.047+0000] {manager.py:499} INFO - Created Permission View: %s
[2023-11-08T00:51:53.055+0000] {logging_mixin.py:151} INFO - [2023-11-08T00:51:53.055+0000] {manager.py:499} INFO - Created Permission View: %s
[2023-11-08T00:51:53.056+0000] {logging_mixin.py:151} INFO - [2023-11-08T00:51:53.056+0000] {dag.py:2941} INFO - Sync 1 DAGs
[2023-11-08T00:51:53.086+0000] {logging_mixin.py:151} INFO - [2023-11-08T00:51:53.086+0000] {dag.py:2963} INFO - Creating ORM DAG for example_dynamic_task_mapping
[2023-11-08T00:51:53.101+0000] {logging_mixin.py:151} INFO - [2023-11-08T00:51:53.100+0000] {dag.py:3722} INFO - Setting next_dagrun for example_dynamic_task_mapping to 2022-03-04T00:00:00+00:00, run_after=2022-03-05T00:00:00+00:00
[2023-11-08T00:51:53.120+0000] {processor.py:179} INFO - Processing /home/airflow/.local/lib/python3.8/site-packages/airflow/example_dags/example_dynamic_task_mapping.py took 0.272 seconds
[2023-11-08T00:52:23.566+0000] {processor.py:157} INFO - Started process (PID=188) to work on /home/airflow/.local/lib/python3.8/site-packages/airflow/example_dags/example_dynamic_task_mapping.py
[2023-11-08T00:52:23.568+0000] {processor.py:829} INFO - Processing file /home/airflow/.local/lib/python3.8/site-packages/airflow/example_dags/example_dynamic_task_mapping.py for tasks to queue
[2023-11-08T00:52:23.574+0000] {logging_mixin.py:151} INFO - [2023-11-08T00:52:23.573+0000] {dagbag.py:536} INFO - Filling up the DagBag from /home/airflow/.local/lib/python3.8/site-packages/airflow/example_dags/example_dynamic_task_mapping.py
[2023-11-08T00:52:23.590+0000] {processor.py:839} INFO - DAG(s) dict_keys(['example_dynamic_task_mapping']) retrieved from /home/airflow/.local/lib/python3.8/site-packages/airflow/example_dags/example_dynamic_task_mapping.py
[2023-11-08T00:52:23.686+0000] {logging_mixin.py:151} INFO - [2023-11-08T00:52:23.685+0000] {dag.py:2941} INFO - Sync 1 DAGs
[2023-11-08T00:52:23.740+0000] {logging_mixin.py:151} INFO - [2023-11-08T00:52:23.739+0000] {dag.py:3722} INFO - Setting next_dagrun for example_dynamic_task_mapping to 2022-03-04T00:00:00+00:00, run_after=2022-03-05T00:00:00+00:00
[2023-11-08T00:52:23.799+0000] {processor.py:179} INFO - Processing /home/airflow/.local/lib/python3.8/site-packages/airflow/example_dags/example_dynamic_task_mapping.py took 0.242 seconds
[2023-11-08T00:52:54.370+0000] {processor.py:157} INFO - Started process (PID=242) to work on /home/airflow/.local/lib/python3.8/site-packages/airflow/example_dags/example_dynamic_task_mapping.py
[2023-11-08T00:52:54.373+0000] {processor.py:829} INFO - Processing file /home/airflow/.local/lib/python3.8/site-packages/airflow/example_dags/example_dynamic_task_mapping.py for tasks to queue
[2023-11-08T00:52:54.381+0000] {logging_mixin.py:151} INFO - [2023-11-08T00:52:54.380+0000] {dagbag.py:536} INFO - Filling up the DagBag from /home/airflow/.local/lib/python3.8/site-packages/airflow/example_dags/example_dynamic_task_mapping.py
[2023-11-08T00:52:54.426+0000] {processor.py:839} INFO - DAG(s) dict_keys(['example_dynamic_task_mapping']) retrieved from /home/airflow/.local/lib/python3.8/site-packages/airflow/example_dags/example_dynamic_task_mapping.py
[2023-11-08T00:52:54.479+0000] {logging_mixin.py:151} INFO - [2023-11-08T00:52:54.478+0000] {dag.py:2941} INFO - Sync 1 DAGs
[2023-11-08T00:52:54.511+0000] {logging_mixin.py:151} INFO - [2023-11-08T00:52:54.511+0000] {dag.py:3722} INFO - Setting next_dagrun for example_dynamic_task_mapping to 2022-03-04T00:00:00+00:00, run_after=2022-03-05T00:00:00+00:00
[2023-11-08T00:52:54.548+0000] {processor.py:179} INFO - Processing /home/airflow/.local/lib/python3.8/site-packages/airflow/example_dags/example_dynamic_task_mapping.py took 0.186 seconds
[2023-11-08T00:53:25.258+0000] {processor.py:157} INFO - Started process (PID=306) to work on /home/airflow/.local/lib/python3.8/site-packages/airflow/example_dags/example_dynamic_task_mapping.py
[2023-11-08T00:53:25.260+0000] {processor.py:829} INFO - Processing file /home/airflow/.local/lib/python3.8/site-packages/airflow/example_dags/example_dynamic_task_mapping.py for tasks to queue
[2023-11-08T00:53:25.265+0000] {logging_mixin.py:151} INFO - [2023-11-08T00:53:25.265+0000] {dagbag.py:536} INFO - Filling up the DagBag from /home/airflow/.local/lib/python3.8/site-packages/airflow/example_dags/example_dynamic_task_mapping.py
[2023-11-08T00:53:25.289+0000] {processor.py:839} INFO - DAG(s) dict_keys(['example_dynamic_task_mapping']) retrieved from /home/airflow/.local/lib/python3.8/site-packages/airflow/example_dags/example_dynamic_task_mapping.py
[2023-11-08T00:53:25.374+0000] {logging_mixin.py:151} INFO - [2023-11-08T00:53:25.374+0000] {dag.py:2941} INFO - Sync 1 DAGs
[2023-11-08T00:53:25.431+0000] {logging_mixin.py:151} INFO - [2023-11-08T00:53:25.431+0000] {dag.py:3722} INFO - Setting next_dagrun for example_dynamic_task_mapping to 2022-03-04T00:00:00+00:00, run_after=2022-03-05T00:00:00+00:00
[2023-11-08T00:53:25.474+0000] {processor.py:179} INFO - Processing /home/airflow/.local/lib/python3.8/site-packages/airflow/example_dags/example_dynamic_task_mapping.py took 0.226 seconds
[2023-11-08T00:53:57.184+0000] {processor.py:157} INFO - Started process (PID=369) to work on /home/airflow/.local/lib/python3.8/site-packages/airflow/example_dags/example_dynamic_task_mapping.py
[2023-11-08T00:53:57.194+0000] {processor.py:829} INFO - Processing file /home/airflow/.local/lib/python3.8/site-packages/airflow/example_dags/example_dynamic_task_mapping.py for tasks to queue
[2023-11-08T00:53:57.217+0000] {logging_mixin.py:151} INFO - [2023-11-08T00:53:57.216+0000] {dagbag.py:536} INFO - Filling up the DagBag from /home/airflow/.local/lib/python3.8/site-packages/airflow/example_dags/example_dynamic_task_mapping.py
[2023-11-08T00:53:57.273+0000] {processor.py:839} INFO - DAG(s) dict_keys(['example_dynamic_task_mapping']) retrieved from /home/airflow/.local/lib/python3.8/site-packages/airflow/example_dags/example_dynamic_task_mapping.py
[2023-11-08T00:53:57.382+0000] {logging_mixin.py:151} INFO - [2023-11-08T00:53:57.381+0000] {dag.py:2941} INFO - Sync 1 DAGs
[2023-11-08T00:53:57.535+0000] {logging_mixin.py:151} INFO - [2023-11-08T00:53:57.534+0000] {dag.py:3722} INFO - Setting next_dagrun for example_dynamic_task_mapping to 2022-03-04T00:00:00+00:00, run_after=2022-03-05T00:00:00+00:00
[2023-11-08T00:53:57.663+0000] {processor.py:179} INFO - Processing /home/airflow/.local/lib/python3.8/site-packages/airflow/example_dags/example_dynamic_task_mapping.py took 0.520 seconds
[2023-11-08T00:54:30.042+0000] {processor.py:157} INFO - Started process (PID=432) to work on /home/airflow/.local/lib/python3.8/site-packages/airflow/example_dags/example_dynamic_task_mapping.py
[2023-11-08T00:54:30.049+0000] {processor.py:829} INFO - Processing file /home/airflow/.local/lib/python3.8/site-packages/airflow/example_dags/example_dynamic_task_mapping.py for tasks to queue
[2023-11-08T00:54:30.065+0000] {logging_mixin.py:151} INFO - [2023-11-08T00:54:30.063+0000] {dagbag.py:536} INFO - Filling up the DagBag from /home/airflow/.local/lib/python3.8/site-packages/airflow/example_dags/example_dynamic_task_mapping.py
[2023-11-08T00:54:30.105+0000] {processor.py:839} INFO - DAG(s) dict_keys(['example_dynamic_task_mapping']) retrieved from /home/airflow/.local/lib/python3.8/site-packages/airflow/example_dags/example_dynamic_task_mapping.py
[2023-11-08T00:54:30.215+0000] {logging_mixin.py:151} INFO - [2023-11-08T00:54:30.214+0000] {dag.py:2941} INFO - Sync 1 DAGs
[2023-11-08T00:54:30.363+0000] {logging_mixin.py:151} INFO - [2023-11-08T00:54:30.362+0000] {dag.py:3722} INFO - Setting next_dagrun for example_dynamic_task_mapping to 2022-03-04T00:00:00+00:00, run_after=2022-03-05T00:00:00+00:00
[2023-11-08T00:54:30.474+0000] {processor.py:179} INFO - Processing /home/airflow/.local/lib/python3.8/site-packages/airflow/example_dags/example_dynamic_task_mapping.py took 0.445 seconds
[2023-11-08T00:58:19.140+0000] {processor.py:157} INFO - Started process (PID=523) to work on /home/airflow/.local/lib/python3.8/site-packages/airflow/example_dags/example_dynamic_task_mapping.py
[2023-11-08T00:58:19.180+0000] {processor.py:829} INFO - Processing file /home/airflow/.local/lib/python3.8/site-packages/airflow/example_dags/example_dynamic_task_mapping.py for tasks to queue
[2023-11-08T00:58:19.192+0000] {logging_mixin.py:151} INFO - [2023-11-08T00:58:19.189+0000] {dagbag.py:536} INFO - Filling up the DagBag from /home/airflow/.local/lib/python3.8/site-packages/airflow/example_dags/example_dynamic_task_mapping.py
[2023-11-08T00:58:19.536+0000] {processor.py:839} INFO - DAG(s) dict_keys(['example_dynamic_task_mapping']) retrieved from /home/airflow/.local/lib/python3.8/site-packages/airflow/example_dags/example_dynamic_task_mapping.py
[2023-11-08T00:58:19.902+0000] {logging_mixin.py:151} INFO - [2023-11-08T00:58:19.896+0000] {dag.py:2941} INFO - Sync 1 DAGs
[2023-11-08T00:58:20.613+0000] {logging_mixin.py:151} INFO - [2023-11-08T00:58:20.596+0000] {dag.py:3722} INFO - Setting next_dagrun for example_dynamic_task_mapping to 2022-03-04T00:00:00+00:00, run_after=2022-03-05T00:00:00+00:00
[2023-11-08T00:58:20.781+0000] {processor.py:179} INFO - Processing /home/airflow/.local/lib/python3.8/site-packages/airflow/example_dags/example_dynamic_task_mapping.py took 1.805 seconds
[2023-11-08T01:01:53.153+0000] {processor.py:157} INFO - Started process (PID=610) to work on /home/airflow/.local/lib/python3.8/site-packages/airflow/example_dags/example_dynamic_task_mapping.py
[2023-11-08T01:01:53.163+0000] {processor.py:829} INFO - Processing file /home/airflow/.local/lib/python3.8/site-packages/airflow/example_dags/example_dynamic_task_mapping.py for tasks to queue
[2023-11-08T01:01:53.181+0000] {logging_mixin.py:151} INFO - [2023-11-08T01:01:53.170+0000] {dagbag.py:536} INFO - Filling up the DagBag from /home/airflow/.local/lib/python3.8/site-packages/airflow/example_dags/example_dynamic_task_mapping.py
[2023-11-08T01:01:53.372+0000] {processor.py:839} INFO - DAG(s) dict_keys(['example_dynamic_task_mapping']) retrieved from /home/airflow/.local/lib/python3.8/site-packages/airflow/example_dags/example_dynamic_task_mapping.py
[2023-11-08T01:02:10.607+0000] {logging_mixin.py:151} INFO - [2023-11-08T01:02:10.558+0000] {dag.py:2941} INFO - Sync 1 DAGs
[2023-11-08T01:02:11.005+0000] {logging_mixin.py:151} INFO - [2023-11-08T01:02:10.934+0000] {dag.py:3722} INFO - Setting next_dagrun for example_dynamic_task_mapping to 2022-03-04T00:00:00+00:00, run_after=2022-03-05T00:00:00+00:00
[2023-11-08T01:02:13.427+0000] {processor.py:179} INFO - Processing /home/airflow/.local/lib/python3.8/site-packages/airflow/example_dags/example_dynamic_task_mapping.py took 20.307 seconds
[2023-11-08T01:05:12.144+0000] {processor.py:157} INFO - Started process (PID=677) to work on /home/airflow/.local/lib/python3.8/site-packages/airflow/example_dags/example_dynamic_task_mapping.py
[2023-11-08T01:05:12.215+0000] {processor.py:829} INFO - Processing file /home/airflow/.local/lib/python3.8/site-packages/airflow/example_dags/example_dynamic_task_mapping.py for tasks to queue
[2023-11-08T01:05:12.258+0000] {logging_mixin.py:151} INFO - [2023-11-08T01:05:12.231+0000] {dagbag.py:536} INFO - Filling up the DagBag from /home/airflow/.local/lib/python3.8/site-packages/airflow/example_dags/example_dynamic_task_mapping.py
[2023-11-08T01:05:13.422+0000] {processor.py:839} INFO - DAG(s) dict_keys(['example_dynamic_task_mapping']) retrieved from /home/airflow/.local/lib/python3.8/site-packages/airflow/example_dags/example_dynamic_task_mapping.py
[2023-11-08T01:05:22.344+0000] {logging_mixin.py:151} INFO - [2023-11-08T01:05:22.305+0000] {dag.py:2941} INFO - Sync 1 DAGs
[2023-11-08T01:05:25.296+0000] {logging_mixin.py:151} INFO - [2023-11-08T01:05:25.278+0000] {dag.py:3722} INFO - Setting next_dagrun for example_dynamic_task_mapping to 2022-03-04T00:00:00+00:00, run_after=2022-03-05T00:00:00+00:00
[2023-11-08T01:05:25.617+0000] {processor.py:179} INFO - Processing /home/airflow/.local/lib/python3.8/site-packages/airflow/example_dags/example_dynamic_task_mapping.py took 13.645 seconds
[2023-11-08T01:09:04.057+0000] {processor.py:157} INFO - Started process (PID=771) to work on /home/airflow/.local/lib/python3.8/site-packages/airflow/example_dags/example_dynamic_task_mapping.py
[2023-11-08T01:09:04.111+0000] {processor.py:829} INFO - Processing file /home/airflow/.local/lib/python3.8/site-packages/airflow/example_dags/example_dynamic_task_mapping.py for tasks to queue
[2023-11-08T01:09:04.167+0000] {logging_mixin.py:151} INFO - [2023-11-08T01:09:04.135+0000] {dagbag.py:536} INFO - Filling up the DagBag from /home/airflow/.local/lib/python3.8/site-packages/airflow/example_dags/example_dynamic_task_mapping.py
[2023-11-08T01:09:04.445+0000] {processor.py:839} INFO - DAG(s) dict_keys(['example_dynamic_task_mapping']) retrieved from /home/airflow/.local/lib/python3.8/site-packages/airflow/example_dags/example_dynamic_task_mapping.py
[2023-11-08T01:09:05.482+0000] {logging_mixin.py:151} INFO - [2023-11-08T01:09:05.473+0000] {dag.py:2941} INFO - Sync 1 DAGs
[2023-11-08T01:09:06.231+0000] {logging_mixin.py:151} INFO - [2023-11-08T01:09:06.117+0000] {dag.py:3722} INFO - Setting next_dagrun for example_dynamic_task_mapping to 2022-03-04T00:00:00+00:00, run_after=2022-03-05T00:00:00+00:00
[2023-11-08T01:09:06.693+0000] {processor.py:179} INFO - Processing /home/airflow/.local/lib/python3.8/site-packages/airflow/example_dags/example_dynamic_task_mapping.py took 2.779 seconds
