[2023-11-08T00:51:53.689+0000] {processor.py:157} INFO - Started process (PID=128) to work on /home/airflow/.local/lib/python3.8/site-packages/airflow/example_dags/example_branch_python_dop_operator_3.py
[2023-11-08T00:51:53.690+0000] {processor.py:829} INFO - Processing file /home/airflow/.local/lib/python3.8/site-packages/airflow/example_dags/example_branch_python_dop_operator_3.py for tasks to queue
[2023-11-08T00:51:53.696+0000] {logging_mixin.py:151} INFO - [2023-11-08T00:51:53.695+0000] {dagbag.py:536} INFO - Filling up the DagBag from /home/airflow/.local/lib/python3.8/site-packages/airflow/example_dags/example_branch_python_dop_operator_3.py
[2023-11-08T00:51:53.725+0000] {processor.py:839} INFO - DAG(s) dict_keys(['example_branch_dop_operator_v3']) retrieved from /home/airflow/.local/lib/python3.8/site-packages/airflow/example_dags/example_branch_python_dop_operator_3.py
[2023-11-08T00:51:53.992+0000] {logging_mixin.py:151} INFO - [2023-11-08T00:51:53.992+0000] {manager.py:499} INFO - Created Permission View: %s
[2023-11-08T00:51:54.019+0000] {logging_mixin.py:151} INFO - [2023-11-08T00:51:54.018+0000] {manager.py:499} INFO - Created Permission View: %s
[2023-11-08T00:51:54.069+0000] {logging_mixin.py:151} INFO - [2023-11-08T00:51:54.068+0000] {manager.py:499} INFO - Created Permission View: %s
[2023-11-08T00:51:54.070+0000] {logging_mixin.py:151} INFO - [2023-11-08T00:51:54.070+0000] {dag.py:2941} INFO - Sync 1 DAGs
[2023-11-08T00:51:54.104+0000] {logging_mixin.py:151} INFO - [2023-11-08T00:51:54.103+0000] {dag.py:2963} INFO - Creating ORM DAG for example_branch_dop_operator_v3
[2023-11-08T00:51:54.135+0000] {logging_mixin.py:151} INFO - [2023-11-08T00:51:54.135+0000] {dag.py:3722} INFO - Setting next_dagrun for example_branch_dop_operator_v3 to 2023-11-08T00:50:00+00:00, run_after=2023-11-08T00:51:00+00:00
[2023-11-08T00:51:54.182+0000] {processor.py:179} INFO - Processing /home/airflow/.local/lib/python3.8/site-packages/airflow/example_dags/example_branch_python_dop_operator_3.py took 0.500 seconds
[2023-11-08T00:52:24.529+0000] {processor.py:157} INFO - Started process (PID=191) to work on /home/airflow/.local/lib/python3.8/site-packages/airflow/example_dags/example_branch_python_dop_operator_3.py
[2023-11-08T00:52:24.531+0000] {processor.py:829} INFO - Processing file /home/airflow/.local/lib/python3.8/site-packages/airflow/example_dags/example_branch_python_dop_operator_3.py for tasks to queue
[2023-11-08T00:52:24.536+0000] {logging_mixin.py:151} INFO - [2023-11-08T00:52:24.535+0000] {dagbag.py:536} INFO - Filling up the DagBag from /home/airflow/.local/lib/python3.8/site-packages/airflow/example_dags/example_branch_python_dop_operator_3.py
[2023-11-08T00:52:24.550+0000] {processor.py:839} INFO - DAG(s) dict_keys(['example_branch_dop_operator_v3']) retrieved from /home/airflow/.local/lib/python3.8/site-packages/airflow/example_dags/example_branch_python_dop_operator_3.py
[2023-11-08T00:52:24.608+0000] {logging_mixin.py:151} INFO - [2023-11-08T00:52:24.608+0000] {dag.py:2941} INFO - Sync 1 DAGs
[2023-11-08T00:52:24.675+0000] {logging_mixin.py:151} INFO - [2023-11-08T00:52:24.674+0000] {dag.py:3722} INFO - Setting next_dagrun for example_branch_dop_operator_v3 to 2023-11-08T00:51:00+00:00, run_after=2023-11-08T00:52:00+00:00
[2023-11-08T00:52:24.707+0000] {processor.py:179} INFO - Processing /home/airflow/.local/lib/python3.8/site-packages/airflow/example_dags/example_branch_python_dop_operator_3.py took 0.183 seconds
[2023-11-08T00:52:54.828+0000] {processor.py:157} INFO - Started process (PID=245) to work on /home/airflow/.local/lib/python3.8/site-packages/airflow/example_dags/example_branch_python_dop_operator_3.py
[2023-11-08T00:52:54.830+0000] {processor.py:829} INFO - Processing file /home/airflow/.local/lib/python3.8/site-packages/airflow/example_dags/example_branch_python_dop_operator_3.py for tasks to queue
[2023-11-08T00:52:54.834+0000] {logging_mixin.py:151} INFO - [2023-11-08T00:52:54.833+0000] {dagbag.py:536} INFO - Filling up the DagBag from /home/airflow/.local/lib/python3.8/site-packages/airflow/example_dags/example_branch_python_dop_operator_3.py
[2023-11-08T00:52:54.850+0000] {processor.py:839} INFO - DAG(s) dict_keys(['example_branch_dop_operator_v3']) retrieved from /home/airflow/.local/lib/python3.8/site-packages/airflow/example_dags/example_branch_python_dop_operator_3.py
[2023-11-08T00:52:54.926+0000] {logging_mixin.py:151} INFO - [2023-11-08T00:52:54.924+0000] {dag.py:2941} INFO - Sync 1 DAGs
[2023-11-08T00:52:54.977+0000] {logging_mixin.py:151} INFO - [2023-11-08T00:52:54.977+0000] {dag.py:3722} INFO - Setting next_dagrun for example_branch_dop_operator_v3 to 2023-11-08T00:51:00+00:00, run_after=2023-11-08T00:52:00+00:00
[2023-11-08T00:52:55.004+0000] {processor.py:179} INFO - Processing /home/airflow/.local/lib/python3.8/site-packages/airflow/example_dags/example_branch_python_dop_operator_3.py took 0.181 seconds
[2023-11-08T00:53:25.764+0000] {processor.py:157} INFO - Started process (PID=309) to work on /home/airflow/.local/lib/python3.8/site-packages/airflow/example_dags/example_branch_python_dop_operator_3.py
[2023-11-08T00:53:25.767+0000] {processor.py:829} INFO - Processing file /home/airflow/.local/lib/python3.8/site-packages/airflow/example_dags/example_branch_python_dop_operator_3.py for tasks to queue
[2023-11-08T00:53:25.778+0000] {logging_mixin.py:151} INFO - [2023-11-08T00:53:25.776+0000] {dagbag.py:536} INFO - Filling up the DagBag from /home/airflow/.local/lib/python3.8/site-packages/airflow/example_dags/example_branch_python_dop_operator_3.py
[2023-11-08T00:53:25.800+0000] {processor.py:839} INFO - DAG(s) dict_keys(['example_branch_dop_operator_v3']) retrieved from /home/airflow/.local/lib/python3.8/site-packages/airflow/example_dags/example_branch_python_dop_operator_3.py
[2023-11-08T00:53:25.828+0000] {logging_mixin.py:151} INFO - [2023-11-08T00:53:25.827+0000] {dag.py:2941} INFO - Sync 1 DAGs
[2023-11-08T00:53:25.880+0000] {logging_mixin.py:151} INFO - [2023-11-08T00:53:25.879+0000] {dag.py:3722} INFO - Setting next_dagrun for example_branch_dop_operator_v3 to 2023-11-08T00:52:00+00:00, run_after=2023-11-08T00:53:00+00:00
[2023-11-08T00:53:25.909+0000] {processor.py:179} INFO - Processing /home/airflow/.local/lib/python3.8/site-packages/airflow/example_dags/example_branch_python_dop_operator_3.py took 0.154 seconds
[2023-11-08T00:53:59.687+0000] {processor.py:157} INFO - Started process (PID=372) to work on /home/airflow/.local/lib/python3.8/site-packages/airflow/example_dags/example_branch_python_dop_operator_3.py
[2023-11-08T00:53:59.695+0000] {processor.py:829} INFO - Processing file /home/airflow/.local/lib/python3.8/site-packages/airflow/example_dags/example_branch_python_dop_operator_3.py for tasks to queue
[2023-11-08T00:53:59.735+0000] {logging_mixin.py:151} INFO - [2023-11-08T00:53:59.716+0000] {dagbag.py:536} INFO - Filling up the DagBag from /home/airflow/.local/lib/python3.8/site-packages/airflow/example_dags/example_branch_python_dop_operator_3.py
[2023-11-08T00:53:59.809+0000] {processor.py:839} INFO - DAG(s) dict_keys(['example_branch_dop_operator_v3']) retrieved from /home/airflow/.local/lib/python3.8/site-packages/airflow/example_dags/example_branch_python_dop_operator_3.py
[2023-11-08T00:53:59.947+0000] {logging_mixin.py:151} INFO - [2023-11-08T00:53:59.947+0000] {dag.py:2941} INFO - Sync 1 DAGs
[2023-11-08T00:54:00.107+0000] {logging_mixin.py:151} INFO - [2023-11-08T00:54:00.106+0000] {dag.py:3722} INFO - Setting next_dagrun for example_branch_dop_operator_v3 to 2023-11-08T00:53:00+00:00, run_after=2023-11-08T00:54:00+00:00
[2023-11-08T00:54:00.181+0000] {processor.py:179} INFO - Processing /home/airflow/.local/lib/python3.8/site-packages/airflow/example_dags/example_branch_python_dop_operator_3.py took 0.559 seconds
[2023-11-08T00:54:31.741+0000] {processor.py:157} INFO - Started process (PID=435) to work on /home/airflow/.local/lib/python3.8/site-packages/airflow/example_dags/example_branch_python_dop_operator_3.py
[2023-11-08T00:54:31.766+0000] {processor.py:829} INFO - Processing file /home/airflow/.local/lib/python3.8/site-packages/airflow/example_dags/example_branch_python_dop_operator_3.py for tasks to queue
[2023-11-08T00:54:31.865+0000] {logging_mixin.py:151} INFO - [2023-11-08T00:54:31.860+0000] {dagbag.py:536} INFO - Filling up the DagBag from /home/airflow/.local/lib/python3.8/site-packages/airflow/example_dags/example_branch_python_dop_operator_3.py
[2023-11-08T00:54:32.289+0000] {processor.py:839} INFO - DAG(s) dict_keys(['example_branch_dop_operator_v3']) retrieved from /home/airflow/.local/lib/python3.8/site-packages/airflow/example_dags/example_branch_python_dop_operator_3.py
[2023-11-08T00:54:32.533+0000] {logging_mixin.py:151} INFO - [2023-11-08T00:54:32.531+0000] {dag.py:2941} INFO - Sync 1 DAGs
[2023-11-08T00:54:32.792+0000] {logging_mixin.py:151} INFO - [2023-11-08T00:54:32.790+0000] {dag.py:3722} INFO - Setting next_dagrun for example_branch_dop_operator_v3 to 2023-11-08T00:53:00+00:00, run_after=2023-11-08T00:54:00+00:00
[2023-11-08T00:54:32.934+0000] {processor.py:179} INFO - Processing /home/airflow/.local/lib/python3.8/site-packages/airflow/example_dags/example_branch_python_dop_operator_3.py took 1.228 seconds
[2023-11-08T00:58:23.034+0000] {processor.py:157} INFO - Started process (PID=526) to work on /home/airflow/.local/lib/python3.8/site-packages/airflow/example_dags/example_branch_python_dop_operator_3.py
[2023-11-08T00:58:23.067+0000] {processor.py:829} INFO - Processing file /home/airflow/.local/lib/python3.8/site-packages/airflow/example_dags/example_branch_python_dop_operator_3.py for tasks to queue
[2023-11-08T00:58:23.087+0000] {logging_mixin.py:151} INFO - [2023-11-08T00:58:23.084+0000] {dagbag.py:536} INFO - Filling up the DagBag from /home/airflow/.local/lib/python3.8/site-packages/airflow/example_dags/example_branch_python_dop_operator_3.py
[2023-11-08T00:58:23.244+0000] {processor.py:839} INFO - DAG(s) dict_keys(['example_branch_dop_operator_v3']) retrieved from /home/airflow/.local/lib/python3.8/site-packages/airflow/example_dags/example_branch_python_dop_operator_3.py
[2023-11-08T00:58:23.452+0000] {logging_mixin.py:151} INFO - [2023-11-08T00:58:23.449+0000] {dag.py:2941} INFO - Sync 1 DAGs
[2023-11-08T00:58:23.669+0000] {logging_mixin.py:151} INFO - [2023-11-08T00:58:23.666+0000] {dag.py:3722} INFO - Setting next_dagrun for example_branch_dop_operator_v3 to 2023-11-08T00:57:00+00:00, run_after=2023-11-08T00:58:00+00:00
[2023-11-08T00:58:23.792+0000] {processor.py:179} INFO - Processing /home/airflow/.local/lib/python3.8/site-packages/airflow/example_dags/example_branch_python_dop_operator_3.py took 0.814 seconds
[2023-11-08T01:02:14.109+0000] {processor.py:157} INFO - Started process (PID=613) to work on /home/airflow/.local/lib/python3.8/site-packages/airflow/example_dags/example_branch_python_dop_operator_3.py
[2023-11-08T01:02:14.147+0000] {processor.py:829} INFO - Processing file /home/airflow/.local/lib/python3.8/site-packages/airflow/example_dags/example_branch_python_dop_operator_3.py for tasks to queue
[2023-11-08T01:02:14.162+0000] {logging_mixin.py:151} INFO - [2023-11-08T01:02:14.161+0000] {dagbag.py:536} INFO - Filling up the DagBag from /home/airflow/.local/lib/python3.8/site-packages/airflow/example_dags/example_branch_python_dop_operator_3.py
[2023-11-08T01:02:14.573+0000] {processor.py:839} INFO - DAG(s) dict_keys(['example_branch_dop_operator_v3']) retrieved from /home/airflow/.local/lib/python3.8/site-packages/airflow/example_dags/example_branch_python_dop_operator_3.py
[2023-11-08T01:02:28.882+0000] {logging_mixin.py:151} INFO - [2023-11-08T01:02:28.831+0000] {dag.py:2941} INFO - Sync 1 DAGs
[2023-11-08T01:02:29.804+0000] {logging_mixin.py:151} INFO - [2023-11-08T01:02:29.801+0000] {dag.py:3722} INFO - Setting next_dagrun for example_branch_dop_operator_v3 to 2023-11-08T01:01:00+00:00, run_after=2023-11-08T01:02:00+00:00
[2023-11-08T01:02:29.967+0000] {processor.py:179} INFO - Processing /home/airflow/.local/lib/python3.8/site-packages/airflow/example_dags/example_branch_python_dop_operator_3.py took 15.930 seconds
[2023-11-08T01:07:10.246+0000] {processor.py:157} INFO - Started process (PID=720) to work on /home/airflow/.local/lib/python3.8/site-packages/airflow/example_dags/example_branch_python_dop_operator_3.py
[2023-11-08T01:07:10.255+0000] {processor.py:829} INFO - Processing file /home/airflow/.local/lib/python3.8/site-packages/airflow/example_dags/example_branch_python_dop_operator_3.py for tasks to queue
[2023-11-08T01:07:10.266+0000] {logging_mixin.py:151} INFO - [2023-11-08T01:07:10.263+0000] {dagbag.py:536} INFO - Filling up the DagBag from /home/airflow/.local/lib/python3.8/site-packages/airflow/example_dags/example_branch_python_dop_operator_3.py
[2023-11-08T01:07:10.426+0000] {processor.py:839} INFO - DAG(s) dict_keys(['example_branch_dop_operator_v3']) retrieved from /home/airflow/.local/lib/python3.8/site-packages/airflow/example_dags/example_branch_python_dop_operator_3.py
[2023-11-08T01:07:10.639+0000] {logging_mixin.py:151} INFO - [2023-11-08T01:07:10.637+0000] {dag.py:2941} INFO - Sync 1 DAGs
[2023-11-08T01:07:10.799+0000] {logging_mixin.py:151} INFO - [2023-11-08T01:07:10.798+0000] {dag.py:3722} INFO - Setting next_dagrun for example_branch_dop_operator_v3 to 2023-11-08T01:06:00+00:00, run_after=2023-11-08T01:07:00+00:00
[2023-11-08T01:07:10.931+0000] {processor.py:179} INFO - Processing /home/airflow/.local/lib/python3.8/site-packages/airflow/example_dags/example_branch_python_dop_operator_3.py took 0.729 seconds
[2023-11-08T01:12:09.257+0000] {processor.py:157} INFO - Started process (PID=823) to work on /home/airflow/.local/lib/python3.8/site-packages/airflow/example_dags/example_branch_python_dop_operator_3.py
[2023-11-08T01:12:09.272+0000] {processor.py:829} INFO - Processing file /home/airflow/.local/lib/python3.8/site-packages/airflow/example_dags/example_branch_python_dop_operator_3.py for tasks to queue
[2023-11-08T01:12:09.354+0000] {logging_mixin.py:151} INFO - [2023-11-08T01:12:09.277+0000] {dagbag.py:536} INFO - Filling up the DagBag from /home/airflow/.local/lib/python3.8/site-packages/airflow/example_dags/example_branch_python_dop_operator_3.py
[2023-11-08T01:12:10.863+0000] {processor.py:839} INFO - DAG(s) dict_keys(['example_branch_dop_operator_v3']) retrieved from /home/airflow/.local/lib/python3.8/site-packages/airflow/example_dags/example_branch_python_dop_operator_3.py
[2023-11-08T01:12:16.344+0000] {logging_mixin.py:151} INFO - [2023-11-08T01:12:16.317+0000] {dag.py:2941} INFO - Sync 1 DAGs
[2023-11-08T01:12:19.674+0000] {logging_mixin.py:151} INFO - [2023-11-08T01:12:19.591+0000] {dag.py:3722} INFO - Setting next_dagrun for example_branch_dop_operator_v3 to 2023-11-08T01:11:00+00:00, run_after=2023-11-08T01:12:00+00:00
[2023-11-08T01:12:22.109+0000] {processor.py:179} INFO - Processing /home/airflow/.local/lib/python3.8/site-packages/airflow/example_dags/example_branch_python_dop_operator_3.py took 13.075 seconds
