[2023-11-08T00:51:38.762+0000] {processor.py:157} INFO - Started process (PID=99) to work on /home/airflow/.local/lib/python3.8/site-packages/airflow/example_dags/example_xcomargs.py
[2023-11-08T00:51:38.768+0000] {processor.py:829} INFO - Processing file /home/airflow/.local/lib/python3.8/site-packages/airflow/example_dags/example_xcomargs.py for tasks to queue
[2023-11-08T00:51:38.775+0000] {logging_mixin.py:151} INFO - [2023-11-08T00:51:38.774+0000] {dagbag.py:536} INFO - Filling up the DagBag from /home/airflow/.local/lib/python3.8/site-packages/airflow/example_dags/example_xcomargs.py
[2023-11-08T00:51:38.795+0000] {processor.py:839} INFO - DAG(s) dict_keys(['example_xcom_args', 'example_xcom_args_with_operators']) retrieved from /home/airflow/.local/lib/python3.8/site-packages/airflow/example_dags/example_xcomargs.py
[2023-11-08T00:51:39.125+0000] {logging_mixin.py:151} INFO - [2023-11-08T00:51:39.125+0000] {manager.py:499} INFO - Created Permission View: %s
[2023-11-08T00:51:39.163+0000] {logging_mixin.py:151} INFO - [2023-11-08T00:51:39.162+0000] {manager.py:499} INFO - Created Permission View: %s
[2023-11-08T00:51:39.178+0000] {logging_mixin.py:151} INFO - [2023-11-08T00:51:39.178+0000] {manager.py:499} INFO - Created Permission View: %s
[2023-11-08T00:51:39.210+0000] {logging_mixin.py:151} INFO - [2023-11-08T00:51:39.209+0000] {manager.py:499} INFO - Created Permission View: %s
[2023-11-08T00:51:39.237+0000] {logging_mixin.py:151} INFO - [2023-11-08T00:51:39.237+0000] {manager.py:499} INFO - Created Permission View: %s
[2023-11-08T00:51:39.253+0000] {logging_mixin.py:151} INFO - [2023-11-08T00:51:39.252+0000] {manager.py:499} INFO - Created Permission View: %s
[2023-11-08T00:51:39.254+0000] {logging_mixin.py:151} INFO - [2023-11-08T00:51:39.253+0000] {dag.py:2941} INFO - Sync 2 DAGs
[2023-11-08T00:51:39.296+0000] {logging_mixin.py:151} INFO - [2023-11-08T00:51:39.296+0000] {dag.py:2963} INFO - Creating ORM DAG for example_xcom_args
[2023-11-08T00:51:39.300+0000] {logging_mixin.py:151} INFO - [2023-11-08T00:51:39.299+0000] {dag.py:2963} INFO - Creating ORM DAG for example_xcom_args_with_operators
[2023-11-08T00:51:39.302+0000] {logging_mixin.py:151} INFO - [2023-11-08T00:51:39.302+0000] {dag.py:3722} INFO - Setting next_dagrun for example_xcom_args to None, run_after=None
[2023-11-08T00:51:39.305+0000] {logging_mixin.py:151} INFO - [2023-11-08T00:51:39.305+0000] {dag.py:3722} INFO - Setting next_dagrun for example_xcom_args_with_operators to None, run_after=None
[2023-11-08T00:51:39.343+0000] {processor.py:179} INFO - Processing /home/airflow/.local/lib/python3.8/site-packages/airflow/example_dags/example_xcomargs.py took 0.592 seconds
[2023-11-08T00:52:09.432+0000] {processor.py:157} INFO - Started process (PID=154) to work on /home/airflow/.local/lib/python3.8/site-packages/airflow/example_dags/example_xcomargs.py
[2023-11-08T00:52:09.434+0000] {processor.py:829} INFO - Processing file /home/airflow/.local/lib/python3.8/site-packages/airflow/example_dags/example_xcomargs.py for tasks to queue
[2023-11-08T00:52:09.440+0000] {logging_mixin.py:151} INFO - [2023-11-08T00:52:09.440+0000] {dagbag.py:536} INFO - Filling up the DagBag from /home/airflow/.local/lib/python3.8/site-packages/airflow/example_dags/example_xcomargs.py
[2023-11-08T00:52:09.455+0000] {processor.py:839} INFO - DAG(s) dict_keys(['example_xcom_args', 'example_xcom_args_with_operators']) retrieved from /home/airflow/.local/lib/python3.8/site-packages/airflow/example_dags/example_xcomargs.py
[2023-11-08T00:52:09.507+0000] {logging_mixin.py:151} INFO - [2023-11-08T00:52:09.507+0000] {dag.py:2941} INFO - Sync 2 DAGs
[2023-11-08T00:52:09.519+0000] {logging_mixin.py:151} INFO - [2023-11-08T00:52:09.519+0000] {dag.py:3722} INFO - Setting next_dagrun for example_xcom_args to None, run_after=None
[2023-11-08T00:52:09.521+0000] {logging_mixin.py:151} INFO - [2023-11-08T00:52:09.521+0000] {dag.py:3722} INFO - Setting next_dagrun for example_xcom_args_with_operators to None, run_after=None
[2023-11-08T00:52:09.532+0000] {processor.py:179} INFO - Processing /home/airflow/.local/lib/python3.8/site-packages/airflow/example_dags/example_xcomargs.py took 0.108 seconds
[2023-11-08T00:52:39.752+0000] {processor.py:157} INFO - Started process (PID=217) to work on /home/airflow/.local/lib/python3.8/site-packages/airflow/example_dags/example_xcomargs.py
[2023-11-08T00:52:39.753+0000] {processor.py:829} INFO - Processing file /home/airflow/.local/lib/python3.8/site-packages/airflow/example_dags/example_xcomargs.py for tasks to queue
[2023-11-08T00:52:39.756+0000] {logging_mixin.py:151} INFO - [2023-11-08T00:52:39.756+0000] {dagbag.py:536} INFO - Filling up the DagBag from /home/airflow/.local/lib/python3.8/site-packages/airflow/example_dags/example_xcomargs.py
[2023-11-08T00:52:39.767+0000] {processor.py:839} INFO - DAG(s) dict_keys(['example_xcom_args_with_operators', 'example_xcom_args']) retrieved from /home/airflow/.local/lib/python3.8/site-packages/airflow/example_dags/example_xcomargs.py
[2023-11-08T00:52:39.789+0000] {logging_mixin.py:151} INFO - [2023-11-08T00:52:39.789+0000] {dag.py:2941} INFO - Sync 2 DAGs
[2023-11-08T00:52:39.800+0000] {logging_mixin.py:151} INFO - [2023-11-08T00:52:39.800+0000] {dag.py:3722} INFO - Setting next_dagrun for example_xcom_args to None, run_after=None
[2023-11-08T00:52:39.803+0000] {logging_mixin.py:151} INFO - [2023-11-08T00:52:39.803+0000] {dag.py:3722} INFO - Setting next_dagrun for example_xcom_args_with_operators to None, run_after=None
[2023-11-08T00:52:39.814+0000] {processor.py:179} INFO - Processing /home/airflow/.local/lib/python3.8/site-packages/airflow/example_dags/example_xcomargs.py took 0.067 seconds
[2023-11-08T00:53:10.596+0000] {processor.py:157} INFO - Started process (PID=280) to work on /home/airflow/.local/lib/python3.8/site-packages/airflow/example_dags/example_xcomargs.py
[2023-11-08T00:53:10.598+0000] {processor.py:829} INFO - Processing file /home/airflow/.local/lib/python3.8/site-packages/airflow/example_dags/example_xcomargs.py for tasks to queue
[2023-11-08T00:53:10.603+0000] {logging_mixin.py:151} INFO - [2023-11-08T00:53:10.602+0000] {dagbag.py:536} INFO - Filling up the DagBag from /home/airflow/.local/lib/python3.8/site-packages/airflow/example_dags/example_xcomargs.py
[2023-11-08T00:53:10.654+0000] {processor.py:839} INFO - DAG(s) dict_keys(['example_xcom_args', 'example_xcom_args_with_operators']) retrieved from /home/airflow/.local/lib/python3.8/site-packages/airflow/example_dags/example_xcomargs.py
[2023-11-08T00:53:10.759+0000] {logging_mixin.py:151} INFO - [2023-11-08T00:53:10.758+0000] {dag.py:2941} INFO - Sync 2 DAGs
[2023-11-08T00:53:10.816+0000] {logging_mixin.py:151} INFO - [2023-11-08T00:53:10.815+0000] {dag.py:3722} INFO - Setting next_dagrun for example_xcom_args to None, run_after=None
[2023-11-08T00:53:10.829+0000] {logging_mixin.py:151} INFO - [2023-11-08T00:53:10.828+0000] {dag.py:3722} INFO - Setting next_dagrun for example_xcom_args_with_operators to None, run_after=None
[2023-11-08T00:53:10.862+0000] {processor.py:179} INFO - Processing /home/airflow/.local/lib/python3.8/site-packages/airflow/example_dags/example_xcomargs.py took 0.271 seconds
[2023-11-08T00:53:43.362+0000] {processor.py:157} INFO - Started process (PID=337) to work on /home/airflow/.local/lib/python3.8/site-packages/airflow/example_dags/example_xcomargs.py
[2023-11-08T00:53:43.364+0000] {processor.py:829} INFO - Processing file /home/airflow/.local/lib/python3.8/site-packages/airflow/example_dags/example_xcomargs.py for tasks to queue
[2023-11-08T00:53:43.369+0000] {logging_mixin.py:151} INFO - [2023-11-08T00:53:43.368+0000] {dagbag.py:536} INFO - Filling up the DagBag from /home/airflow/.local/lib/python3.8/site-packages/airflow/example_dags/example_xcomargs.py
[2023-11-08T00:53:43.384+0000] {processor.py:839} INFO - DAG(s) dict_keys(['example_xcom_args', 'example_xcom_args_with_operators']) retrieved from /home/airflow/.local/lib/python3.8/site-packages/airflow/example_dags/example_xcomargs.py
[2023-11-08T00:53:43.458+0000] {logging_mixin.py:151} INFO - [2023-11-08T00:53:43.457+0000] {dag.py:2941} INFO - Sync 2 DAGs
[2023-11-08T00:53:43.490+0000] {logging_mixin.py:151} INFO - [2023-11-08T00:53:43.489+0000] {dag.py:3722} INFO - Setting next_dagrun for example_xcom_args to None, run_after=None
[2023-11-08T00:53:43.502+0000] {logging_mixin.py:151} INFO - [2023-11-08T00:53:43.502+0000] {dag.py:3722} INFO - Setting next_dagrun for example_xcom_args_with_operators to None, run_after=None
[2023-11-08T00:53:43.533+0000] {processor.py:179} INFO - Processing /home/airflow/.local/lib/python3.8/site-packages/airflow/example_dags/example_xcomargs.py took 0.176 seconds
[2023-11-08T00:54:15.615+0000] {processor.py:157} INFO - Started process (PID=398) to work on /home/airflow/.local/lib/python3.8/site-packages/airflow/example_dags/example_xcomargs.py
[2023-11-08T00:54:15.623+0000] {processor.py:829} INFO - Processing file /home/airflow/.local/lib/python3.8/site-packages/airflow/example_dags/example_xcomargs.py for tasks to queue
[2023-11-08T00:54:15.649+0000] {logging_mixin.py:151} INFO - [2023-11-08T00:54:15.646+0000] {dagbag.py:536} INFO - Filling up the DagBag from /home/airflow/.local/lib/python3.8/site-packages/airflow/example_dags/example_xcomargs.py
[2023-11-08T00:54:15.783+0000] {processor.py:839} INFO - DAG(s) dict_keys(['example_xcom_args', 'example_xcom_args_with_operators']) retrieved from /home/airflow/.local/lib/python3.8/site-packages/airflow/example_dags/example_xcomargs.py
[2023-11-08T00:54:15.951+0000] {logging_mixin.py:151} INFO - [2023-11-08T00:54:15.950+0000] {dag.py:2941} INFO - Sync 2 DAGs
[2023-11-08T00:54:15.999+0000] {logging_mixin.py:151} INFO - [2023-11-08T00:54:15.998+0000] {dag.py:3722} INFO - Setting next_dagrun for example_xcom_args to None, run_after=None
[2023-11-08T00:54:16.017+0000] {logging_mixin.py:151} INFO - [2023-11-08T00:54:16.016+0000] {dag.py:3722} INFO - Setting next_dagrun for example_xcom_args_with_operators to None, run_after=None
[2023-11-08T00:54:16.067+0000] {processor.py:179} INFO - Processing /home/airflow/.local/lib/python3.8/site-packages/airflow/example_dags/example_xcomargs.py took 0.509 seconds
[2023-11-08T00:55:18.060+0000] {processor.py:157} INFO - Started process (PID=468) to work on /home/airflow/.local/lib/python3.8/site-packages/airflow/example_dags/example_xcomargs.py
[2023-11-08T00:55:18.106+0000] {processor.py:829} INFO - Processing file /home/airflow/.local/lib/python3.8/site-packages/airflow/example_dags/example_xcomargs.py for tasks to queue
[2023-11-08T00:55:18.260+0000] {logging_mixin.py:151} INFO - [2023-11-08T00:55:18.209+0000] {dagbag.py:536} INFO - Filling up the DagBag from /home/airflow/.local/lib/python3.8/site-packages/airflow/example_dags/example_xcomargs.py
[2023-11-08T00:55:18.870+0000] {processor.py:839} INFO - DAG(s) dict_keys(['example_xcom_args', 'example_xcom_args_with_operators']) retrieved from /home/airflow/.local/lib/python3.8/site-packages/airflow/example_dags/example_xcomargs.py
[2023-11-08T00:55:22.188+0000] {logging_mixin.py:151} INFO - [2023-11-08T00:55:22.179+0000] {dag.py:2941} INFO - Sync 2 DAGs
[2023-11-08T00:55:22.570+0000] {logging_mixin.py:151} INFO - [2023-11-08T00:55:22.569+0000] {dag.py:3722} INFO - Setting next_dagrun for example_xcom_args to None, run_after=None
[2023-11-08T00:55:22.610+0000] {logging_mixin.py:151} INFO - [2023-11-08T00:55:22.609+0000] {dag.py:3722} INFO - Setting next_dagrun for example_xcom_args_with_operators to None, run_after=None
[2023-11-08T00:55:23.628+0000] {processor.py:179} INFO - Processing /home/airflow/.local/lib/python3.8/site-packages/airflow/example_dags/example_xcomargs.py took 5.642 seconds
[2023-11-08T00:59:12.528+0000] {processor.py:157} INFO - Started process (PID=560) to work on /home/airflow/.local/lib/python3.8/site-packages/airflow/example_dags/example_xcomargs.py
[2023-11-08T00:59:12.541+0000] {processor.py:829} INFO - Processing file /home/airflow/.local/lib/python3.8/site-packages/airflow/example_dags/example_xcomargs.py for tasks to queue
[2023-11-08T00:59:12.557+0000] {logging_mixin.py:151} INFO - [2023-11-08T00:59:12.554+0000] {dagbag.py:536} INFO - Filling up the DagBag from /home/airflow/.local/lib/python3.8/site-packages/airflow/example_dags/example_xcomargs.py
[2023-11-08T00:59:12.634+0000] {processor.py:839} INFO - DAG(s) dict_keys(['example_xcom_args', 'example_xcom_args_with_operators']) retrieved from /home/airflow/.local/lib/python3.8/site-packages/airflow/example_dags/example_xcomargs.py
[2023-11-08T00:59:12.966+0000] {logging_mixin.py:151} INFO - [2023-11-08T00:59:12.965+0000] {dag.py:2941} INFO - Sync 2 DAGs
[2023-11-08T00:59:13.060+0000] {logging_mixin.py:151} INFO - [2023-11-08T00:59:13.060+0000] {dag.py:3722} INFO - Setting next_dagrun for example_xcom_args to None, run_after=None
[2023-11-08T00:59:13.115+0000] {logging_mixin.py:151} INFO - [2023-11-08T00:59:13.108+0000] {dag.py:3722} INFO - Setting next_dagrun for example_xcom_args_with_operators to None, run_after=None
[2023-11-08T00:59:13.431+0000] {processor.py:179} INFO - Processing /home/airflow/.local/lib/python3.8/site-packages/airflow/example_dags/example_xcomargs.py took 0.934 seconds
[2023-11-08T01:01:19.515+0000] {processor.py:157} INFO - Started process (PID=595) to work on /home/airflow/.local/lib/python3.8/site-packages/airflow/example_dags/example_xcomargs.py
[2023-11-08T01:01:19.561+0000] {processor.py:829} INFO - Processing file /home/airflow/.local/lib/python3.8/site-packages/airflow/example_dags/example_xcomargs.py for tasks to queue
[2023-11-08T01:01:19.652+0000] {logging_mixin.py:151} INFO - [2023-11-08T01:01:19.597+0000] {dagbag.py:536} INFO - Filling up the DagBag from /home/airflow/.local/lib/python3.8/site-packages/airflow/example_dags/example_xcomargs.py
[2023-11-08T01:01:20.289+0000] {processor.py:839} INFO - DAG(s) dict_keys(['example_xcom_args_with_operators', 'example_xcom_args']) retrieved from /home/airflow/.local/lib/python3.8/site-packages/airflow/example_dags/example_xcomargs.py
[2023-11-08T01:01:22.902+0000] {logging_mixin.py:151} INFO - [2023-11-08T01:01:22.896+0000] {dag.py:2941} INFO - Sync 2 DAGs
[2023-11-08T01:01:24.052+0000] {logging_mixin.py:151} INFO - [2023-11-08T01:01:24.009+0000] {dag.py:3722} INFO - Setting next_dagrun for example_xcom_args to None, run_after=None
[2023-11-08T01:01:24.446+0000] {logging_mixin.py:151} INFO - [2023-11-08T01:01:24.423+0000] {dag.py:3722} INFO - Setting next_dagrun for example_xcom_args_with_operators to None, run_after=None
[2023-11-08T01:01:25.906+0000] {processor.py:179} INFO - Processing /home/airflow/.local/lib/python3.8/site-packages/airflow/example_dags/example_xcomargs.py took 6.627 seconds
[2023-11-08T01:03:57.664+0000] {processor.py:157} INFO - Started process (PID=653) to work on /home/airflow/.local/lib/python3.8/site-packages/airflow/example_dags/example_xcomargs.py
[2023-11-08T01:03:57.679+0000] {processor.py:829} INFO - Processing file /home/airflow/.local/lib/python3.8/site-packages/airflow/example_dags/example_xcomargs.py for tasks to queue
[2023-11-08T01:03:57.685+0000] {logging_mixin.py:151} INFO - [2023-11-08T01:03:57.681+0000] {dagbag.py:536} INFO - Filling up the DagBag from /home/airflow/.local/lib/python3.8/site-packages/airflow/example_dags/example_xcomargs.py
[2023-11-08T01:03:57.758+0000] {processor.py:839} INFO - DAG(s) dict_keys(['example_xcom_args', 'example_xcom_args_with_operators']) retrieved from /home/airflow/.local/lib/python3.8/site-packages/airflow/example_dags/example_xcomargs.py
[2023-11-08T01:03:58.010+0000] {logging_mixin.py:151} INFO - [2023-11-08T01:03:58.007+0000] {dag.py:2941} INFO - Sync 2 DAGs
[2023-11-08T01:03:58.172+0000] {logging_mixin.py:151} INFO - [2023-11-08T01:03:58.171+0000] {dag.py:3722} INFO - Setting next_dagrun for example_xcom_args to None, run_after=None
[2023-11-08T01:03:58.204+0000] {logging_mixin.py:151} INFO - [2023-11-08T01:03:58.203+0000] {dag.py:3722} INFO - Setting next_dagrun for example_xcom_args_with_operators to None, run_after=None
[2023-11-08T01:03:58.577+0000] {processor.py:179} INFO - Processing /home/airflow/.local/lib/python3.8/site-packages/airflow/example_dags/example_xcomargs.py took 0.940 seconds
[2023-11-08T01:06:41.233+0000] {processor.py:157} INFO - Started process (PID=702) to work on /home/airflow/.local/lib/python3.8/site-packages/airflow/example_dags/example_xcomargs.py
[2023-11-08T01:06:41.272+0000] {processor.py:829} INFO - Processing file /home/airflow/.local/lib/python3.8/site-packages/airflow/example_dags/example_xcomargs.py for tasks to queue
[2023-11-08T01:06:41.300+0000] {logging_mixin.py:151} INFO - [2023-11-08T01:06:41.285+0000] {dagbag.py:536} INFO - Filling up the DagBag from /home/airflow/.local/lib/python3.8/site-packages/airflow/example_dags/example_xcomargs.py
[2023-11-08T01:06:41.611+0000] {processor.py:839} INFO - DAG(s) dict_keys(['example_xcom_args_with_operators', 'example_xcom_args']) retrieved from /home/airflow/.local/lib/python3.8/site-packages/airflow/example_dags/example_xcomargs.py
[2023-11-08T01:06:42.693+0000] {logging_mixin.py:151} INFO - [2023-11-08T01:06:42.674+0000] {dag.py:2941} INFO - Sync 2 DAGs
[2023-11-08T01:06:43.574+0000] {logging_mixin.py:151} INFO - [2023-11-08T01:06:43.515+0000] {dag.py:3722} INFO - Setting next_dagrun for example_xcom_args to None, run_after=None
[2023-11-08T01:06:43.926+0000] {logging_mixin.py:151} INFO - [2023-11-08T01:06:43.922+0000] {dag.py:3722} INFO - Setting next_dagrun for example_xcom_args_with_operators to None, run_after=None
[2023-11-08T01:06:44.335+0000] {processor.py:179} INFO - Processing /home/airflow/.local/lib/python3.8/site-packages/airflow/example_dags/example_xcomargs.py took 3.086 seconds
[2023-11-08T01:08:26.105+0000] {processor.py:157} INFO - Started process (PID=754) to work on /home/airflow/.local/lib/python3.8/site-packages/airflow/example_dags/example_xcomargs.py
[2023-11-08T01:08:26.121+0000] {processor.py:829} INFO - Processing file /home/airflow/.local/lib/python3.8/site-packages/airflow/example_dags/example_xcomargs.py for tasks to queue
[2023-11-08T01:08:26.126+0000] {logging_mixin.py:151} INFO - [2023-11-08T01:08:26.125+0000] {dagbag.py:536} INFO - Filling up the DagBag from /home/airflow/.local/lib/python3.8/site-packages/airflow/example_dags/example_xcomargs.py
[2023-11-08T01:08:26.209+0000] {processor.py:839} INFO - DAG(s) dict_keys(['example_xcom_args', 'example_xcom_args_with_operators']) retrieved from /home/airflow/.local/lib/python3.8/site-packages/airflow/example_dags/example_xcomargs.py
[2023-11-08T01:08:26.448+0000] {logging_mixin.py:151} INFO - [2023-11-08T01:08:26.447+0000] {dag.py:2941} INFO - Sync 2 DAGs
[2023-11-08T01:08:26.513+0000] {logging_mixin.py:151} INFO - [2023-11-08T01:08:26.512+0000] {dag.py:3722} INFO - Setting next_dagrun for example_xcom_args to None, run_after=None
[2023-11-08T01:08:26.566+0000] {logging_mixin.py:151} INFO - [2023-11-08T01:08:26.565+0000] {dag.py:3722} INFO - Setting next_dagrun for example_xcom_args_with_operators to None, run_after=None
[2023-11-08T01:08:26.742+0000] {processor.py:179} INFO - Processing /home/airflow/.local/lib/python3.8/site-packages/airflow/example_dags/example_xcomargs.py took 0.688 seconds
[2023-11-08T01:10:32.622+0000] {processor.py:157} INFO - Started process (PID=803) to work on /home/airflow/.local/lib/python3.8/site-packages/airflow/example_dags/example_xcomargs.py
[2023-11-08T01:10:32.637+0000] {processor.py:829} INFO - Processing file /home/airflow/.local/lib/python3.8/site-packages/airflow/example_dags/example_xcomargs.py for tasks to queue
[2023-11-08T01:10:32.664+0000] {logging_mixin.py:151} INFO - [2023-11-08T01:10:32.658+0000] {dagbag.py:536} INFO - Filling up the DagBag from /home/airflow/.local/lib/python3.8/site-packages/airflow/example_dags/example_xcomargs.py
[2023-11-08T01:10:32.814+0000] {processor.py:839} INFO - DAG(s) dict_keys(['example_xcom_args_with_operators', 'example_xcom_args']) retrieved from /home/airflow/.local/lib/python3.8/site-packages/airflow/example_dags/example_xcomargs.py
[2023-11-08T01:10:33.614+0000] {logging_mixin.py:151} INFO - [2023-11-08T01:10:33.599+0000] {dag.py:2941} INFO - Sync 2 DAGs
[2023-11-08T01:10:33.778+0000] {logging_mixin.py:151} INFO - [2023-11-08T01:10:33.777+0000] {dag.py:3722} INFO - Setting next_dagrun for example_xcom_args to None, run_after=None
[2023-11-08T01:10:33.805+0000] {logging_mixin.py:151} INFO - [2023-11-08T01:10:33.804+0000] {dag.py:3722} INFO - Setting next_dagrun for example_xcom_args_with_operators to None, run_after=None
[2023-11-08T01:10:33.956+0000] {processor.py:179} INFO - Processing /home/airflow/.local/lib/python3.8/site-packages/airflow/example_dags/example_xcomargs.py took 1.409 seconds
[2023-11-08T01:15:30.165+0000] {processor.py:157} INFO - Started process (PID=876) to work on /home/airflow/.local/lib/python3.8/site-packages/airflow/example_dags/example_xcomargs.py
[2023-11-08T01:15:30.344+0000] {processor.py:829} INFO - Processing file /home/airflow/.local/lib/python3.8/site-packages/airflow/example_dags/example_xcomargs.py for tasks to queue
[2023-11-08T01:15:30.496+0000] {logging_mixin.py:151} INFO - [2023-11-08T01:15:30.381+0000] {dagbag.py:536} INFO - Filling up the DagBag from /home/airflow/.local/lib/python3.8/site-packages/airflow/example_dags/example_xcomargs.py
[2023-11-08T01:15:32.144+0000] {processor.py:839} INFO - DAG(s) dict_keys(['example_xcom_args', 'example_xcom_args_with_operators']) retrieved from /home/airflow/.local/lib/python3.8/site-packages/airflow/example_dags/example_xcomargs.py
[2023-11-08T01:15:46.117+0000] {logging_mixin.py:151} INFO - [2023-11-08T01:15:46.085+0000] {dag.py:2941} INFO - Sync 2 DAGs
[2023-11-08T01:15:47.286+0000] {logging_mixin.py:151} INFO - [2023-11-08T01:15:47.280+0000] {dag.py:3722} INFO - Setting next_dagrun for example_xcom_args to None, run_after=None
[2023-11-08T01:15:47.380+0000] {logging_mixin.py:151} INFO - [2023-11-08T01:15:47.379+0000] {dag.py:3722} INFO - Setting next_dagrun for example_xcom_args_with_operators to None, run_after=None
[2023-11-08T01:15:48.957+0000] {processor.py:179} INFO - Processing /home/airflow/.local/lib/python3.8/site-packages/airflow/example_dags/example_xcomargs.py took 19.264 seconds
