[2023-11-08T00:51:51.385+0000] {processor.py:157} INFO - Started process (PID=121) to work on /home/airflow/.local/lib/python3.8/site-packages/airflow/example_dags/example_xcom.py
[2023-11-08T00:51:51.389+0000] {processor.py:829} INFO - Processing file /home/airflow/.local/lib/python3.8/site-packages/airflow/example_dags/example_xcom.py for tasks to queue
[2023-11-08T00:51:51.397+0000] {logging_mixin.py:151} INFO - [2023-11-08T00:51:51.396+0000] {dagbag.py:536} INFO - Filling up the DagBag from /home/airflow/.local/lib/python3.8/site-packages/airflow/example_dags/example_xcom.py
[2023-11-08T00:51:51.422+0000] {processor.py:839} INFO - DAG(s) dict_keys(['example_xcom']) retrieved from /home/airflow/.local/lib/python3.8/site-packages/airflow/example_dags/example_xcom.py
[2023-11-08T00:51:51.749+0000] {logging_mixin.py:151} INFO - [2023-11-08T00:51:51.748+0000] {manager.py:499} INFO - Created Permission View: %s
[2023-11-08T00:51:51.776+0000] {logging_mixin.py:151} INFO - [2023-11-08T00:51:51.776+0000] {manager.py:499} INFO - Created Permission View: %s
[2023-11-08T00:51:51.792+0000] {logging_mixin.py:151} INFO - [2023-11-08T00:51:51.791+0000] {manager.py:499} INFO - Created Permission View: %s
[2023-11-08T00:51:51.794+0000] {logging_mixin.py:151} INFO - [2023-11-08T00:51:51.793+0000] {dag.py:2941} INFO - Sync 1 DAGs
[2023-11-08T00:51:51.847+0000] {logging_mixin.py:151} INFO - [2023-11-08T00:51:51.847+0000] {dag.py:2963} INFO - Creating ORM DAG for example_xcom
[2023-11-08T00:51:51.870+0000] {logging_mixin.py:151} INFO - [2023-11-08T00:51:51.870+0000] {dag.py:3722} INFO - Setting next_dagrun for example_xcom to 2021-01-01T00:00:00+00:00, run_after=2021-01-01T00:00:00+00:00
[2023-11-08T00:51:51.924+0000] {processor.py:179} INFO - Processing /home/airflow/.local/lib/python3.8/site-packages/airflow/example_dags/example_xcom.py took 0.555 seconds
[2023-11-08T00:52:22.480+0000] {processor.py:157} INFO - Started process (PID=184) to work on /home/airflow/.local/lib/python3.8/site-packages/airflow/example_dags/example_xcom.py
[2023-11-08T00:52:22.483+0000] {processor.py:829} INFO - Processing file /home/airflow/.local/lib/python3.8/site-packages/airflow/example_dags/example_xcom.py for tasks to queue
[2023-11-08T00:52:22.489+0000] {logging_mixin.py:151} INFO - [2023-11-08T00:52:22.488+0000] {dagbag.py:536} INFO - Filling up the DagBag from /home/airflow/.local/lib/python3.8/site-packages/airflow/example_dags/example_xcom.py
[2023-11-08T00:52:22.500+0000] {processor.py:839} INFO - DAG(s) dict_keys(['example_xcom']) retrieved from /home/airflow/.local/lib/python3.8/site-packages/airflow/example_dags/example_xcom.py
[2023-11-08T00:52:22.544+0000] {logging_mixin.py:151} INFO - [2023-11-08T00:52:22.544+0000] {dag.py:2941} INFO - Sync 1 DAGs
[2023-11-08T00:52:22.615+0000] {logging_mixin.py:151} INFO - [2023-11-08T00:52:22.614+0000] {dag.py:3722} INFO - Setting next_dagrun for example_xcom to 2021-01-01T00:00:00+00:00, run_after=2021-01-01T00:00:00+00:00
[2023-11-08T00:52:22.662+0000] {processor.py:179} INFO - Processing /home/airflow/.local/lib/python3.8/site-packages/airflow/example_dags/example_xcom.py took 0.188 seconds
[2023-11-08T00:52:53.099+0000] {processor.py:157} INFO - Started process (PID=238) to work on /home/airflow/.local/lib/python3.8/site-packages/airflow/example_dags/example_xcom.py
[2023-11-08T00:52:53.100+0000] {processor.py:829} INFO - Processing file /home/airflow/.local/lib/python3.8/site-packages/airflow/example_dags/example_xcom.py for tasks to queue
[2023-11-08T00:52:53.105+0000] {logging_mixin.py:151} INFO - [2023-11-08T00:52:53.105+0000] {dagbag.py:536} INFO - Filling up the DagBag from /home/airflow/.local/lib/python3.8/site-packages/airflow/example_dags/example_xcom.py
[2023-11-08T00:52:53.118+0000] {processor.py:839} INFO - DAG(s) dict_keys(['example_xcom']) retrieved from /home/airflow/.local/lib/python3.8/site-packages/airflow/example_dags/example_xcom.py
[2023-11-08T00:52:53.157+0000] {logging_mixin.py:151} INFO - [2023-11-08T00:52:53.157+0000] {dag.py:2941} INFO - Sync 1 DAGs
[2023-11-08T00:52:53.201+0000] {logging_mixin.py:151} INFO - [2023-11-08T00:52:53.201+0000] {dag.py:3722} INFO - Setting next_dagrun for example_xcom to 2021-01-01T00:00:00+00:00, run_after=2021-01-01T00:00:00+00:00
[2023-11-08T00:52:53.222+0000] {processor.py:179} INFO - Processing /home/airflow/.local/lib/python3.8/site-packages/airflow/example_dags/example_xcom.py took 0.130 seconds
[2023-11-08T00:53:23.937+0000] {processor.py:157} INFO - Started process (PID=302) to work on /home/airflow/.local/lib/python3.8/site-packages/airflow/example_dags/example_xcom.py
[2023-11-08T00:53:23.941+0000] {processor.py:829} INFO - Processing file /home/airflow/.local/lib/python3.8/site-packages/airflow/example_dags/example_xcom.py for tasks to queue
[2023-11-08T00:53:23.952+0000] {logging_mixin.py:151} INFO - [2023-11-08T00:53:23.950+0000] {dagbag.py:536} INFO - Filling up the DagBag from /home/airflow/.local/lib/python3.8/site-packages/airflow/example_dags/example_xcom.py
[2023-11-08T00:53:23.978+0000] {processor.py:839} INFO - DAG(s) dict_keys(['example_xcom']) retrieved from /home/airflow/.local/lib/python3.8/site-packages/airflow/example_dags/example_xcom.py
[2023-11-08T00:53:24.054+0000] {logging_mixin.py:151} INFO - [2023-11-08T00:53:24.054+0000] {dag.py:2941} INFO - Sync 1 DAGs
[2023-11-08T00:53:24.108+0000] {logging_mixin.py:151} INFO - [2023-11-08T00:53:24.107+0000] {dag.py:3722} INFO - Setting next_dagrun for example_xcom to 2021-01-01T00:00:00+00:00, run_after=2021-01-01T00:00:00+00:00
[2023-11-08T00:53:24.131+0000] {processor.py:179} INFO - Processing /home/airflow/.local/lib/python3.8/site-packages/airflow/example_dags/example_xcom.py took 0.205 seconds
[2023-11-08T00:53:55.213+0000] {processor.py:157} INFO - Started process (PID=365) to work on /home/airflow/.local/lib/python3.8/site-packages/airflow/example_dags/example_xcom.py
[2023-11-08T00:53:55.217+0000] {processor.py:829} INFO - Processing file /home/airflow/.local/lib/python3.8/site-packages/airflow/example_dags/example_xcom.py for tasks to queue
[2023-11-08T00:53:55.235+0000] {logging_mixin.py:151} INFO - [2023-11-08T00:53:55.233+0000] {dagbag.py:536} INFO - Filling up the DagBag from /home/airflow/.local/lib/python3.8/site-packages/airflow/example_dags/example_xcom.py
[2023-11-08T00:53:55.287+0000] {processor.py:839} INFO - DAG(s) dict_keys(['example_xcom']) retrieved from /home/airflow/.local/lib/python3.8/site-packages/airflow/example_dags/example_xcom.py
[2023-11-08T00:53:55.411+0000] {logging_mixin.py:151} INFO - [2023-11-08T00:53:55.411+0000] {dag.py:2941} INFO - Sync 1 DAGs
[2023-11-08T00:53:55.524+0000] {logging_mixin.py:151} INFO - [2023-11-08T00:53:55.523+0000] {dag.py:3722} INFO - Setting next_dagrun for example_xcom to 2021-01-01T00:00:00+00:00, run_after=2021-01-01T00:00:00+00:00
[2023-11-08T00:53:55.589+0000] {processor.py:179} INFO - Processing /home/airflow/.local/lib/python3.8/site-packages/airflow/example_dags/example_xcom.py took 0.391 seconds
[2023-11-08T00:54:25.772+0000] {processor.py:157} INFO - Started process (PID=428) to work on /home/airflow/.local/lib/python3.8/site-packages/airflow/example_dags/example_xcom.py
[2023-11-08T00:54:25.775+0000] {processor.py:829} INFO - Processing file /home/airflow/.local/lib/python3.8/site-packages/airflow/example_dags/example_xcom.py for tasks to queue
[2023-11-08T00:54:25.783+0000] {logging_mixin.py:151} INFO - [2023-11-08T00:54:25.782+0000] {dagbag.py:536} INFO - Filling up the DagBag from /home/airflow/.local/lib/python3.8/site-packages/airflow/example_dags/example_xcom.py
[2023-11-08T00:54:25.799+0000] {processor.py:839} INFO - DAG(s) dict_keys(['example_xcom']) retrieved from /home/airflow/.local/lib/python3.8/site-packages/airflow/example_dags/example_xcom.py
[2023-11-08T00:54:25.837+0000] {logging_mixin.py:151} INFO - [2023-11-08T00:54:25.837+0000] {dag.py:2941} INFO - Sync 1 DAGs
[2023-11-08T00:54:25.902+0000] {logging_mixin.py:151} INFO - [2023-11-08T00:54:25.901+0000] {dag.py:3722} INFO - Setting next_dagrun for example_xcom to 2021-01-01T00:00:00+00:00, run_after=2021-01-01T00:00:00+00:00
[2023-11-08T00:54:25.932+0000] {processor.py:179} INFO - Processing /home/airflow/.local/lib/python3.8/site-packages/airflow/example_dags/example_xcom.py took 0.171 seconds
[2023-11-08T00:58:10.318+0000] {processor.py:157} INFO - Started process (PID=519) to work on /home/airflow/.local/lib/python3.8/site-packages/airflow/example_dags/example_xcom.py
[2023-11-08T00:58:10.397+0000] {processor.py:829} INFO - Processing file /home/airflow/.local/lib/python3.8/site-packages/airflow/example_dags/example_xcom.py for tasks to queue
[2023-11-08T00:58:10.430+0000] {logging_mixin.py:151} INFO - [2023-11-08T00:58:10.418+0000] {dagbag.py:536} INFO - Filling up the DagBag from /home/airflow/.local/lib/python3.8/site-packages/airflow/example_dags/example_xcom.py
[2023-11-08T00:58:10.983+0000] {processor.py:839} INFO - DAG(s) dict_keys(['example_xcom']) retrieved from /home/airflow/.local/lib/python3.8/site-packages/airflow/example_dags/example_xcom.py
[2023-11-08T00:58:12.864+0000] {logging_mixin.py:151} INFO - [2023-11-08T00:58:12.827+0000] {dag.py:2941} INFO - Sync 1 DAGs
[2023-11-08T00:58:13.307+0000] {logging_mixin.py:151} INFO - [2023-11-08T00:58:13.303+0000] {dag.py:3722} INFO - Setting next_dagrun for example_xcom to 2021-01-01T00:00:00+00:00, run_after=2021-01-01T00:00:00+00:00
[2023-11-08T00:58:14.288+0000] {processor.py:179} INFO - Processing /home/airflow/.local/lib/python3.8/site-packages/airflow/example_dags/example_xcom.py took 4.114 seconds
[2023-11-08T01:01:39.287+0000] {processor.py:157} INFO - Started process (PID=606) to work on /home/airflow/.local/lib/python3.8/site-packages/airflow/example_dags/example_xcom.py
[2023-11-08T01:01:39.329+0000] {processor.py:829} INFO - Processing file /home/airflow/.local/lib/python3.8/site-packages/airflow/example_dags/example_xcom.py for tasks to queue
[2023-11-08T01:01:39.363+0000] {logging_mixin.py:151} INFO - [2023-11-08T01:01:39.357+0000] {dagbag.py:536} INFO - Filling up the DagBag from /home/airflow/.local/lib/python3.8/site-packages/airflow/example_dags/example_xcom.py
[2023-11-08T01:01:39.611+0000] {processor.py:839} INFO - DAG(s) dict_keys(['example_xcom']) retrieved from /home/airflow/.local/lib/python3.8/site-packages/airflow/example_dags/example_xcom.py
[2023-11-08T01:01:41.623+0000] {logging_mixin.py:151} INFO - [2023-11-08T01:01:41.581+0000] {dag.py:2941} INFO - Sync 1 DAGs
[2023-11-08T01:01:42.772+0000] {logging_mixin.py:151} INFO - [2023-11-08T01:01:42.755+0000] {dag.py:3722} INFO - Setting next_dagrun for example_xcom to 2021-01-01T00:00:00+00:00, run_after=2021-01-01T00:00:00+00:00
[2023-11-08T01:01:43.147+0000] {processor.py:179} INFO - Processing /home/airflow/.local/lib/python3.8/site-packages/airflow/example_dags/example_xcom.py took 3.946 seconds
[2023-11-08T01:04:55.402+0000] {processor.py:157} INFO - Started process (PID=673) to work on /home/airflow/.local/lib/python3.8/site-packages/airflow/example_dags/example_xcom.py
[2023-11-08T01:04:55.468+0000] {processor.py:829} INFO - Processing file /home/airflow/.local/lib/python3.8/site-packages/airflow/example_dags/example_xcom.py for tasks to queue
[2023-11-08T01:04:55.553+0000] {logging_mixin.py:151} INFO - [2023-11-08T01:04:55.485+0000] {dagbag.py:536} INFO - Filling up the DagBag from /home/airflow/.local/lib/python3.8/site-packages/airflow/example_dags/example_xcom.py
[2023-11-08T01:04:57.169+0000] {processor.py:839} INFO - DAG(s) dict_keys(['example_xcom']) retrieved from /home/airflow/.local/lib/python3.8/site-packages/airflow/example_dags/example_xcom.py
[2023-11-08T01:04:59.088+0000] {logging_mixin.py:151} INFO - [2023-11-08T01:04:59.059+0000] {dag.py:2941} INFO - Sync 1 DAGs
[2023-11-08T01:04:59.553+0000] {logging_mixin.py:151} INFO - [2023-11-08T01:04:59.541+0000] {dag.py:3722} INFO - Setting next_dagrun for example_xcom to 2021-01-01T00:00:00+00:00, run_after=2021-01-01T00:00:00+00:00
[2023-11-08T01:05:00.318+0000] {processor.py:179} INFO - Processing /home/airflow/.local/lib/python3.8/site-packages/airflow/example_dags/example_xcom.py took 5.274 seconds
[2023-11-08T01:08:47.954+0000] {processor.py:157} INFO - Started process (PID=760) to work on /home/airflow/.local/lib/python3.8/site-packages/airflow/example_dags/example_xcom.py
[2023-11-08T01:08:47.980+0000] {processor.py:829} INFO - Processing file /home/airflow/.local/lib/python3.8/site-packages/airflow/example_dags/example_xcom.py for tasks to queue
[2023-11-08T01:08:48.000+0000] {logging_mixin.py:151} INFO - [2023-11-08T01:08:47.995+0000] {dagbag.py:536} INFO - Filling up the DagBag from /home/airflow/.local/lib/python3.8/site-packages/airflow/example_dags/example_xcom.py
[2023-11-08T01:08:48.394+0000] {processor.py:839} INFO - DAG(s) dict_keys(['example_xcom']) retrieved from /home/airflow/.local/lib/python3.8/site-packages/airflow/example_dags/example_xcom.py
[2023-11-08T01:08:53.523+0000] {logging_mixin.py:151} INFO - [2023-11-08T01:08:53.515+0000] {dag.py:2941} INFO - Sync 1 DAGs
[2023-11-08T01:08:54.017+0000] {logging_mixin.py:151} INFO - [2023-11-08T01:08:53.971+0000] {dag.py:3722} INFO - Setting next_dagrun for example_xcom to 2021-01-01T00:00:00+00:00, run_after=2021-01-01T00:00:00+00:00
[2023-11-08T01:08:54.352+0000] {processor.py:179} INFO - Processing /home/airflow/.local/lib/python3.8/site-packages/airflow/example_dags/example_xcom.py took 6.513 seconds
