[2023-11-08T00:51:37.290+0000] {processor.py:157} INFO - Started process (PID=96) to work on /home/airflow/.local/lib/python3.8/site-packages/airflow/example_dags/example_task_group_decorator.py
[2023-11-08T00:51:37.293+0000] {processor.py:829} INFO - Processing file /home/airflow/.local/lib/python3.8/site-packages/airflow/example_dags/example_task_group_decorator.py for tasks to queue
[2023-11-08T00:51:37.301+0000] {logging_mixin.py:151} INFO - [2023-11-08T00:51:37.300+0000] {dagbag.py:536} INFO - Filling up the DagBag from /home/airflow/.local/lib/python3.8/site-packages/airflow/example_dags/example_task_group_decorator.py
[2023-11-08T00:51:37.332+0000] {processor.py:839} INFO - DAG(s) dict_keys(['example_task_group_decorator']) retrieved from /home/airflow/.local/lib/python3.8/site-packages/airflow/example_dags/example_task_group_decorator.py
[2023-11-08T00:51:37.616+0000] {logging_mixin.py:151} INFO - [2023-11-08T00:51:37.615+0000] {manager.py:499} INFO - Created Permission View: %s
[2023-11-08T00:51:37.638+0000] {logging_mixin.py:151} INFO - [2023-11-08T00:51:37.637+0000] {manager.py:499} INFO - Created Permission View: %s
[2023-11-08T00:51:37.653+0000] {logging_mixin.py:151} INFO - [2023-11-08T00:51:37.653+0000] {manager.py:499} INFO - Created Permission View: %s
[2023-11-08T00:51:37.654+0000] {logging_mixin.py:151} INFO - [2023-11-08T00:51:37.654+0000] {dag.py:2941} INFO - Sync 1 DAGs
[2023-11-08T00:51:37.679+0000] {logging_mixin.py:151} INFO - [2023-11-08T00:51:37.678+0000] {dag.py:2963} INFO - Creating ORM DAG for example_task_group_decorator
[2023-11-08T00:51:37.702+0000] {logging_mixin.py:151} INFO - [2023-11-08T00:51:37.702+0000] {dag.py:3722} INFO - Setting next_dagrun for example_task_group_decorator to 2023-11-07T00:51:37.701476+00:00, run_after=2023-11-08T00:51:37.701476+00:00
[2023-11-08T00:51:37.739+0000] {processor.py:179} INFO - Processing /home/airflow/.local/lib/python3.8/site-packages/airflow/example_dags/example_task_group_decorator.py took 0.474 seconds
[2023-11-08T00:52:08.144+0000] {processor.py:157} INFO - Started process (PID=151) to work on /home/airflow/.local/lib/python3.8/site-packages/airflow/example_dags/example_task_group_decorator.py
[2023-11-08T00:52:08.147+0000] {processor.py:829} INFO - Processing file /home/airflow/.local/lib/python3.8/site-packages/airflow/example_dags/example_task_group_decorator.py for tasks to queue
[2023-11-08T00:52:08.149+0000] {logging_mixin.py:151} INFO - [2023-11-08T00:52:08.149+0000] {dagbag.py:536} INFO - Filling up the DagBag from /home/airflow/.local/lib/python3.8/site-packages/airflow/example_dags/example_task_group_decorator.py
[2023-11-08T00:52:08.167+0000] {processor.py:839} INFO - DAG(s) dict_keys(['example_task_group_decorator']) retrieved from /home/airflow/.local/lib/python3.8/site-packages/airflow/example_dags/example_task_group_decorator.py
[2023-11-08T00:52:08.198+0000] {logging_mixin.py:151} INFO - [2023-11-08T00:52:08.198+0000] {dag.py:2941} INFO - Sync 1 DAGs
[2023-11-08T00:52:08.238+0000] {logging_mixin.py:151} INFO - [2023-11-08T00:52:08.237+0000] {dag.py:3722} INFO - Setting next_dagrun for example_task_group_decorator to 2023-11-07T00:52:08.237550+00:00, run_after=2023-11-08T00:52:08.237550+00:00
[2023-11-08T00:52:08.255+0000] {processor.py:179} INFO - Processing /home/airflow/.local/lib/python3.8/site-packages/airflow/example_dags/example_task_group_decorator.py took 0.117 seconds
[2023-11-08T00:52:38.587+0000] {processor.py:157} INFO - Started process (PID=214) to work on /home/airflow/.local/lib/python3.8/site-packages/airflow/example_dags/example_task_group_decorator.py
[2023-11-08T00:52:38.591+0000] {processor.py:829} INFO - Processing file /home/airflow/.local/lib/python3.8/site-packages/airflow/example_dags/example_task_group_decorator.py for tasks to queue
[2023-11-08T00:52:38.600+0000] {logging_mixin.py:151} INFO - [2023-11-08T00:52:38.599+0000] {dagbag.py:536} INFO - Filling up the DagBag from /home/airflow/.local/lib/python3.8/site-packages/airflow/example_dags/example_task_group_decorator.py
[2023-11-08T00:52:38.627+0000] {processor.py:839} INFO - DAG(s) dict_keys(['example_task_group_decorator']) retrieved from /home/airflow/.local/lib/python3.8/site-packages/airflow/example_dags/example_task_group_decorator.py
[2023-11-08T00:52:38.662+0000] {logging_mixin.py:151} INFO - [2023-11-08T00:52:38.662+0000] {dag.py:2941} INFO - Sync 1 DAGs
[2023-11-08T00:52:38.689+0000] {logging_mixin.py:151} INFO - [2023-11-08T00:52:38.689+0000] {dag.py:3722} INFO - Setting next_dagrun for example_task_group_decorator to 2023-11-07T00:52:38.689003+00:00, run_after=2023-11-08T00:52:38.689003+00:00
[2023-11-08T00:52:38.706+0000] {processor.py:179} INFO - Processing /home/airflow/.local/lib/python3.8/site-packages/airflow/example_dags/example_task_group_decorator.py took 0.133 seconds
[2023-11-08T00:53:09.356+0000] {processor.py:157} INFO - Started process (PID=277) to work on /home/airflow/.local/lib/python3.8/site-packages/airflow/example_dags/example_task_group_decorator.py
[2023-11-08T00:53:09.359+0000] {processor.py:829} INFO - Processing file /home/airflow/.local/lib/python3.8/site-packages/airflow/example_dags/example_task_group_decorator.py for tasks to queue
[2023-11-08T00:53:09.365+0000] {logging_mixin.py:151} INFO - [2023-11-08T00:53:09.364+0000] {dagbag.py:536} INFO - Filling up the DagBag from /home/airflow/.local/lib/python3.8/site-packages/airflow/example_dags/example_task_group_decorator.py
[2023-11-08T00:53:09.394+0000] {processor.py:839} INFO - DAG(s) dict_keys(['example_task_group_decorator']) retrieved from /home/airflow/.local/lib/python3.8/site-packages/airflow/example_dags/example_task_group_decorator.py
[2023-11-08T00:53:09.435+0000] {logging_mixin.py:151} INFO - [2023-11-08T00:53:09.435+0000] {dag.py:2941} INFO - Sync 1 DAGs
[2023-11-08T00:53:09.477+0000] {logging_mixin.py:151} INFO - [2023-11-08T00:53:09.477+0000] {dag.py:3722} INFO - Setting next_dagrun for example_task_group_decorator to 2023-11-07T00:53:09.476816+00:00, run_after=2023-11-08T00:53:09.476816+00:00
[2023-11-08T00:53:09.498+0000] {processor.py:179} INFO - Processing /home/airflow/.local/lib/python3.8/site-packages/airflow/example_dags/example_task_group_decorator.py took 0.154 seconds
[2023-11-08T00:53:41.370+0000] {processor.py:157} INFO - Started process (PID=333) to work on /home/airflow/.local/lib/python3.8/site-packages/airflow/example_dags/example_task_group_decorator.py
[2023-11-08T00:53:41.381+0000] {processor.py:829} INFO - Processing file /home/airflow/.local/lib/python3.8/site-packages/airflow/example_dags/example_task_group_decorator.py for tasks to queue
[2023-11-08T00:53:41.417+0000] {logging_mixin.py:151} INFO - [2023-11-08T00:53:41.415+0000] {dagbag.py:536} INFO - Filling up the DagBag from /home/airflow/.local/lib/python3.8/site-packages/airflow/example_dags/example_task_group_decorator.py
[2023-11-08T00:53:41.510+0000] {processor.py:839} INFO - DAG(s) dict_keys(['example_task_group_decorator']) retrieved from /home/airflow/.local/lib/python3.8/site-packages/airflow/example_dags/example_task_group_decorator.py
[2023-11-08T00:53:41.681+0000] {logging_mixin.py:151} INFO - [2023-11-08T00:53:41.680+0000] {dag.py:2941} INFO - Sync 1 DAGs
[2023-11-08T00:53:41.818+0000] {logging_mixin.py:151} INFO - [2023-11-08T00:53:41.817+0000] {dag.py:3722} INFO - Setting next_dagrun for example_task_group_decorator to 2023-11-07T00:53:41.817118+00:00, run_after=2023-11-08T00:53:41.817118+00:00
[2023-11-08T00:53:41.887+0000] {processor.py:179} INFO - Processing /home/airflow/.local/lib/python3.8/site-packages/airflow/example_dags/example_task_group_decorator.py took 0.533 seconds
[2023-11-08T00:54:14.475+0000] {processor.py:157} INFO - Started process (PID=395) to work on /home/airflow/.local/lib/python3.8/site-packages/airflow/example_dags/example_task_group_decorator.py
[2023-11-08T00:54:14.479+0000] {processor.py:829} INFO - Processing file /home/airflow/.local/lib/python3.8/site-packages/airflow/example_dags/example_task_group_decorator.py for tasks to queue
[2023-11-08T00:54:14.503+0000] {logging_mixin.py:151} INFO - [2023-11-08T00:54:14.500+0000] {dagbag.py:536} INFO - Filling up the DagBag from /home/airflow/.local/lib/python3.8/site-packages/airflow/example_dags/example_task_group_decorator.py
[2023-11-08T00:54:14.588+0000] {processor.py:839} INFO - DAG(s) dict_keys(['example_task_group_decorator']) retrieved from /home/airflow/.local/lib/python3.8/site-packages/airflow/example_dags/example_task_group_decorator.py
[2023-11-08T00:54:14.689+0000] {logging_mixin.py:151} INFO - [2023-11-08T00:54:14.688+0000] {dag.py:2941} INFO - Sync 1 DAGs
[2023-11-08T00:54:14.790+0000] {logging_mixin.py:151} INFO - [2023-11-08T00:54:14.789+0000] {dag.py:3722} INFO - Setting next_dagrun for example_task_group_decorator to 2023-11-07T00:54:14.788213+00:00, run_after=2023-11-08T00:54:14.788213+00:00
[2023-11-08T00:54:14.870+0000] {processor.py:179} INFO - Processing /home/airflow/.local/lib/python3.8/site-packages/airflow/example_dags/example_task_group_decorator.py took 0.419 seconds
[2023-11-08T00:54:53.439+0000] {processor.py:157} INFO - Started process (PID=464) to work on /home/airflow/.local/lib/python3.8/site-packages/airflow/example_dags/example_task_group_decorator.py
[2023-11-08T00:54:53.542+0000] {processor.py:829} INFO - Processing file /home/airflow/.local/lib/python3.8/site-packages/airflow/example_dags/example_task_group_decorator.py for tasks to queue
[2023-11-08T00:54:53.597+0000] {logging_mixin.py:151} INFO - [2023-11-08T00:54:53.586+0000] {dagbag.py:536} INFO - Filling up the DagBag from /home/airflow/.local/lib/python3.8/site-packages/airflow/example_dags/example_task_group_decorator.py
[2023-11-08T00:54:53.749+0000] {processor.py:839} INFO - DAG(s) dict_keys(['example_task_group_decorator']) retrieved from /home/airflow/.local/lib/python3.8/site-packages/airflow/example_dags/example_task_group_decorator.py
[2023-11-08T00:55:02.091+0000] {logging_mixin.py:151} INFO - [2023-11-08T00:55:02.059+0000] {dag.py:2941} INFO - Sync 1 DAGs
[2023-11-08T00:55:02.452+0000] {logging_mixin.py:151} INFO - [2023-11-08T00:55:02.448+0000] {dag.py:3722} INFO - Setting next_dagrun for example_task_group_decorator to 2023-11-07T00:55:02.425400+00:00, run_after=2023-11-08T00:55:02.425400+00:00
[2023-11-08T00:55:02.585+0000] {processor.py:179} INFO - Processing /home/airflow/.local/lib/python3.8/site-packages/airflow/example_dags/example_task_group_decorator.py took 9.176 seconds
[2023-11-08T00:56:39.258+0000] {processor.py:157} INFO - Started process (PID=496) to work on /home/airflow/.local/lib/python3.8/site-packages/airflow/example_dags/example_task_group_decorator.py
[2023-11-08T00:56:39.272+0000] {processor.py:829} INFO - Processing file /home/airflow/.local/lib/python3.8/site-packages/airflow/example_dags/example_task_group_decorator.py for tasks to queue
[2023-11-08T00:56:39.286+0000] {logging_mixin.py:151} INFO - [2023-11-08T00:56:39.284+0000] {dagbag.py:536} INFO - Filling up the DagBag from /home/airflow/.local/lib/python3.8/site-packages/airflow/example_dags/example_task_group_decorator.py
[2023-11-08T00:56:39.428+0000] {processor.py:839} INFO - DAG(s) dict_keys(['example_task_group_decorator']) retrieved from /home/airflow/.local/lib/python3.8/site-packages/airflow/example_dags/example_task_group_decorator.py
[2023-11-08T00:56:46.167+0000] {logging_mixin.py:151} INFO - [2023-11-08T00:56:46.161+0000] {dag.py:2941} INFO - Sync 1 DAGs
[2023-11-08T00:56:46.744+0000] {logging_mixin.py:151} INFO - [2023-11-08T00:56:46.709+0000] {dag.py:3722} INFO - Setting next_dagrun for example_task_group_decorator to 2023-11-07T00:56:46.671788+00:00, run_after=2023-11-08T00:56:46.671788+00:00
[2023-11-08T00:56:47.291+0000] {processor.py:179} INFO - Processing /home/airflow/.local/lib/python3.8/site-packages/airflow/example_dags/example_task_group_decorator.py took 8.102 seconds
[2023-11-08T00:59:10.792+0000] {processor.py:157} INFO - Started process (PID=557) to work on /home/airflow/.local/lib/python3.8/site-packages/airflow/example_dags/example_task_group_decorator.py
[2023-11-08T00:59:10.799+0000] {processor.py:829} INFO - Processing file /home/airflow/.local/lib/python3.8/site-packages/airflow/example_dags/example_task_group_decorator.py for tasks to queue
[2023-11-08T00:59:10.802+0000] {logging_mixin.py:151} INFO - [2023-11-08T00:59:10.801+0000] {dagbag.py:536} INFO - Filling up the DagBag from /home/airflow/.local/lib/python3.8/site-packages/airflow/example_dags/example_task_group_decorator.py
[2023-11-08T00:59:10.933+0000] {processor.py:839} INFO - DAG(s) dict_keys(['example_task_group_decorator']) retrieved from /home/airflow/.local/lib/python3.8/site-packages/airflow/example_dags/example_task_group_decorator.py
[2023-11-08T00:59:11.133+0000] {logging_mixin.py:151} INFO - [2023-11-08T00:59:11.129+0000] {dag.py:2941} INFO - Sync 1 DAGs
[2023-11-08T00:59:11.269+0000] {logging_mixin.py:151} INFO - [2023-11-08T00:59:11.268+0000] {dag.py:3722} INFO - Setting next_dagrun for example_task_group_decorator to 2023-11-07T00:59:11.256839+00:00, run_after=2023-11-08T00:59:11.256839+00:00
[2023-11-08T00:59:11.356+0000] {processor.py:179} INFO - Processing /home/airflow/.local/lib/python3.8/site-packages/airflow/example_dags/example_task_group_decorator.py took 0.587 seconds
[2023-11-08T01:00:51.289+0000] {processor.py:157} INFO - Started process (PID=592) to work on /home/airflow/.local/lib/python3.8/site-packages/airflow/example_dags/example_task_group_decorator.py
[2023-11-08T01:00:51.320+0000] {processor.py:829} INFO - Processing file /home/airflow/.local/lib/python3.8/site-packages/airflow/example_dags/example_task_group_decorator.py for tasks to queue
[2023-11-08T01:00:51.356+0000] {logging_mixin.py:151} INFO - [2023-11-08T01:00:51.337+0000] {dagbag.py:536} INFO - Filling up the DagBag from /home/airflow/.local/lib/python3.8/site-packages/airflow/example_dags/example_task_group_decorator.py
[2023-11-08T01:00:51.724+0000] {processor.py:839} INFO - DAG(s) dict_keys(['example_task_group_decorator']) retrieved from /home/airflow/.local/lib/python3.8/site-packages/airflow/example_dags/example_task_group_decorator.py
[2023-11-08T01:01:07.701+0000] {logging_mixin.py:151} INFO - [2023-11-08T01:01:07.618+0000] {dag.py:2941} INFO - Sync 1 DAGs
[2023-11-08T01:01:09.242+0000] {logging_mixin.py:151} INFO - [2023-11-08T01:01:09.187+0000] {dag.py:3722} INFO - Setting next_dagrun for example_task_group_decorator to 2023-11-07T01:01:09.130400+00:00, run_after=2023-11-08T01:01:09.130400+00:00
[2023-11-08T01:01:10.478+0000] {processor.py:179} INFO - Processing /home/airflow/.local/lib/python3.8/site-packages/airflow/example_dags/example_task_group_decorator.py took 19.195 seconds
[2023-11-08T01:03:56.058+0000] {processor.py:157} INFO - Started process (PID=650) to work on /home/airflow/.local/lib/python3.8/site-packages/airflow/example_dags/example_task_group_decorator.py
[2023-11-08T01:03:56.073+0000] {processor.py:829} INFO - Processing file /home/airflow/.local/lib/python3.8/site-packages/airflow/example_dags/example_task_group_decorator.py for tasks to queue
[2023-11-08T01:03:56.085+0000] {logging_mixin.py:151} INFO - [2023-11-08T01:03:56.081+0000] {dagbag.py:536} INFO - Filling up the DagBag from /home/airflow/.local/lib/python3.8/site-packages/airflow/example_dags/example_task_group_decorator.py
[2023-11-08T01:03:56.307+0000] {processor.py:839} INFO - DAG(s) dict_keys(['example_task_group_decorator']) retrieved from /home/airflow/.local/lib/python3.8/site-packages/airflow/example_dags/example_task_group_decorator.py
[2023-11-08T01:03:56.671+0000] {logging_mixin.py:151} INFO - [2023-11-08T01:03:56.667+0000] {dag.py:2941} INFO - Sync 1 DAGs
[2023-11-08T01:03:56.857+0000] {logging_mixin.py:151} INFO - [2023-11-08T01:03:56.855+0000] {dag.py:3722} INFO - Setting next_dagrun for example_task_group_decorator to 2023-11-07T01:03:56.852089+00:00, run_after=2023-11-08T01:03:56.852089+00:00
[2023-11-08T01:03:57.067+0000] {processor.py:179} INFO - Processing /home/airflow/.local/lib/python3.8/site-packages/airflow/example_dags/example_task_group_decorator.py took 1.073 seconds
[2023-11-08T01:06:37.435+0000] {processor.py:157} INFO - Started process (PID=699) to work on /home/airflow/.local/lib/python3.8/site-packages/airflow/example_dags/example_task_group_decorator.py
[2023-11-08T01:06:37.489+0000] {processor.py:829} INFO - Processing file /home/airflow/.local/lib/python3.8/site-packages/airflow/example_dags/example_task_group_decorator.py for tasks to queue
[2023-11-08T01:06:37.556+0000] {logging_mixin.py:151} INFO - [2023-11-08T01:06:37.532+0000] {dagbag.py:536} INFO - Filling up the DagBag from /home/airflow/.local/lib/python3.8/site-packages/airflow/example_dags/example_task_group_decorator.py
[2023-11-08T01:06:38.530+0000] {processor.py:839} INFO - DAG(s) dict_keys(['example_task_group_decorator']) retrieved from /home/airflow/.local/lib/python3.8/site-packages/airflow/example_dags/example_task_group_decorator.py
[2023-11-08T01:06:39.366+0000] {logging_mixin.py:151} INFO - [2023-11-08T01:06:39.290+0000] {dag.py:2941} INFO - Sync 1 DAGs
[2023-11-08T01:06:39.980+0000] {logging_mixin.py:151} INFO - [2023-11-08T01:06:39.960+0000] {dag.py:3722} INFO - Setting next_dagrun for example_task_group_decorator to 2023-11-07T01:06:39.935843+00:00, run_after=2023-11-08T01:06:39.935843+00:00
[2023-11-08T01:06:40.305+0000] {processor.py:179} INFO - Processing /home/airflow/.local/lib/python3.8/site-packages/airflow/example_dags/example_task_group_decorator.py took 3.023 seconds
[2023-11-08T01:08:24.556+0000] {processor.py:157} INFO - Started process (PID=751) to work on /home/airflow/.local/lib/python3.8/site-packages/airflow/example_dags/example_task_group_decorator.py
[2023-11-08T01:08:24.576+0000] {processor.py:829} INFO - Processing file /home/airflow/.local/lib/python3.8/site-packages/airflow/example_dags/example_task_group_decorator.py for tasks to queue
[2023-11-08T01:08:24.585+0000] {logging_mixin.py:151} INFO - [2023-11-08T01:08:24.582+0000] {dagbag.py:536} INFO - Filling up the DagBag from /home/airflow/.local/lib/python3.8/site-packages/airflow/example_dags/example_task_group_decorator.py
[2023-11-08T01:08:24.838+0000] {processor.py:839} INFO - DAG(s) dict_keys(['example_task_group_decorator']) retrieved from /home/airflow/.local/lib/python3.8/site-packages/airflow/example_dags/example_task_group_decorator.py
[2023-11-08T01:08:25.019+0000] {logging_mixin.py:151} INFO - [2023-11-08T01:08:25.018+0000] {dag.py:2941} INFO - Sync 1 DAGs
[2023-11-08T01:08:25.182+0000] {logging_mixin.py:151} INFO - [2023-11-08T01:08:25.181+0000] {dag.py:3722} INFO - Setting next_dagrun for example_task_group_decorator to 2023-11-07T01:08:25.179875+00:00, run_after=2023-11-08T01:08:25.179875+00:00
[2023-11-08T01:08:25.272+0000] {processor.py:179} INFO - Processing /home/airflow/.local/lib/python3.8/site-packages/airflow/example_dags/example_task_group_decorator.py took 0.794 seconds
[2023-11-08T01:10:29.225+0000] {processor.py:157} INFO - Started process (PID=800) to work on /home/airflow/.local/lib/python3.8/site-packages/airflow/example_dags/example_task_group_decorator.py
[2023-11-08T01:10:29.254+0000] {processor.py:829} INFO - Processing file /home/airflow/.local/lib/python3.8/site-packages/airflow/example_dags/example_task_group_decorator.py for tasks to queue
[2023-11-08T01:10:29.281+0000] {logging_mixin.py:151} INFO - [2023-11-08T01:10:29.270+0000] {dagbag.py:536} INFO - Filling up the DagBag from /home/airflow/.local/lib/python3.8/site-packages/airflow/example_dags/example_task_group_decorator.py
[2023-11-08T01:10:29.787+0000] {processor.py:839} INFO - DAG(s) dict_keys(['example_task_group_decorator']) retrieved from /home/airflow/.local/lib/python3.8/site-packages/airflow/example_dags/example_task_group_decorator.py
[2023-11-08T01:10:30.370+0000] {logging_mixin.py:151} INFO - [2023-11-08T01:10:30.368+0000] {dag.py:2941} INFO - Sync 1 DAGs
[2023-11-08T01:10:30.887+0000] {logging_mixin.py:151} INFO - [2023-11-08T01:10:30.872+0000] {dag.py:3722} INFO - Setting next_dagrun for example_task_group_decorator to 2023-11-07T01:10:30.849195+00:00, run_after=2023-11-08T01:10:30.849195+00:00
[2023-11-08T01:10:31.103+0000] {processor.py:179} INFO - Processing /home/airflow/.local/lib/python3.8/site-packages/airflow/example_dags/example_task_group_decorator.py took 1.907 seconds
[2023-11-08T01:15:03.820+0000] {processor.py:157} INFO - Started process (PID=873) to work on /home/airflow/.local/lib/python3.8/site-packages/airflow/example_dags/example_task_group_decorator.py
[2023-11-08T01:15:04.002+0000] {processor.py:829} INFO - Processing file /home/airflow/.local/lib/python3.8/site-packages/airflow/example_dags/example_task_group_decorator.py for tasks to queue
[2023-11-08T01:15:04.149+0000] {logging_mixin.py:151} INFO - [2023-11-08T01:15:04.099+0000] {dagbag.py:536} INFO - Filling up the DagBag from /home/airflow/.local/lib/python3.8/site-packages/airflow/example_dags/example_task_group_decorator.py
[2023-11-08T01:15:05.232+0000] {processor.py:839} INFO - DAG(s) dict_keys(['example_task_group_decorator']) retrieved from /home/airflow/.local/lib/python3.8/site-packages/airflow/example_dags/example_task_group_decorator.py
[2023-11-08T01:15:08.574+0000] {logging_mixin.py:151} INFO - [2023-11-08T01:15:08.563+0000] {dag.py:2941} INFO - Sync 1 DAGs
[2023-11-08T01:15:10.135+0000] {logging_mixin.py:151} INFO - [2023-11-08T01:15:10.062+0000] {dag.py:3722} INFO - Setting next_dagrun for example_task_group_decorator to 2023-11-07T01:15:10.045336+00:00, run_after=2023-11-08T01:15:10.045336+00:00
[2023-11-08T01:15:11.126+0000] {processor.py:179} INFO - Processing /home/airflow/.local/lib/python3.8/site-packages/airflow/example_dags/example_task_group_decorator.py took 8.508 seconds
