[2023-11-08T00:51:54.673+0000] {processor.py:157} INFO - Started process (PID=132) to work on /home/airflow/.local/lib/python3.8/site-packages/airflow/example_dags/example_branch_operator_decorator.py
[2023-11-08T00:51:54.675+0000] {processor.py:829} INFO - Processing file /home/airflow/.local/lib/python3.8/site-packages/airflow/example_dags/example_branch_operator_decorator.py for tasks to queue
[2023-11-08T00:51:54.682+0000] {logging_mixin.py:151} INFO - [2023-11-08T00:51:54.681+0000] {dagbag.py:536} INFO - Filling up the DagBag from /home/airflow/.local/lib/python3.8/site-packages/airflow/example_dags/example_branch_operator_decorator.py
[2023-11-08T00:51:54.710+0000] {processor.py:839} INFO - DAG(s) dict_keys(['example_branch_python_operator_decorator']) retrieved from /home/airflow/.local/lib/python3.8/site-packages/airflow/example_dags/example_branch_operator_decorator.py
[2023-11-08T00:51:54.907+0000] {logging_mixin.py:151} INFO - [2023-11-08T00:51:54.907+0000] {manager.py:499} INFO - Created Permission View: %s
[2023-11-08T00:51:54.925+0000] {logging_mixin.py:151} INFO - [2023-11-08T00:51:54.925+0000] {manager.py:499} INFO - Created Permission View: %s
[2023-11-08T00:51:54.938+0000] {logging_mixin.py:151} INFO - [2023-11-08T00:51:54.937+0000] {manager.py:499} INFO - Created Permission View: %s
[2023-11-08T00:51:54.939+0000] {logging_mixin.py:151} INFO - [2023-11-08T00:51:54.939+0000] {dag.py:2941} INFO - Sync 1 DAGs
[2023-11-08T00:51:54.962+0000] {logging_mixin.py:151} INFO - [2023-11-08T00:51:54.962+0000] {dag.py:2963} INFO - Creating ORM DAG for example_branch_python_operator_decorator
[2023-11-08T00:51:54.986+0000] {logging_mixin.py:151} INFO - [2023-11-08T00:51:54.986+0000] {dag.py:3722} INFO - Setting next_dagrun for example_branch_python_operator_decorator to 2023-11-07T00:00:00+00:00, run_after=2023-11-08T00:00:00+00:00
[2023-11-08T00:51:55.035+0000] {processor.py:179} INFO - Processing /home/airflow/.local/lib/python3.8/site-packages/airflow/example_dags/example_branch_operator_decorator.py took 0.366 seconds
[2023-11-08T00:52:25.881+0000] {processor.py:157} INFO - Started process (PID=195) to work on /home/airflow/.local/lib/python3.8/site-packages/airflow/example_dags/example_branch_operator_decorator.py
[2023-11-08T00:52:25.883+0000] {processor.py:829} INFO - Processing file /home/airflow/.local/lib/python3.8/site-packages/airflow/example_dags/example_branch_operator_decorator.py for tasks to queue
[2023-11-08T00:52:25.889+0000] {logging_mixin.py:151} INFO - [2023-11-08T00:52:25.889+0000] {dagbag.py:536} INFO - Filling up the DagBag from /home/airflow/.local/lib/python3.8/site-packages/airflow/example_dags/example_branch_operator_decorator.py
[2023-11-08T00:52:25.929+0000] {processor.py:839} INFO - DAG(s) dict_keys(['example_branch_python_operator_decorator']) retrieved from /home/airflow/.local/lib/python3.8/site-packages/airflow/example_dags/example_branch_operator_decorator.py
[2023-11-08T00:52:25.999+0000] {logging_mixin.py:151} INFO - [2023-11-08T00:52:25.998+0000] {dag.py:2941} INFO - Sync 1 DAGs
[2023-11-08T00:52:26.038+0000] {logging_mixin.py:151} INFO - [2023-11-08T00:52:26.038+0000] {dag.py:3722} INFO - Setting next_dagrun for example_branch_python_operator_decorator to 2023-11-07T00:00:00+00:00, run_after=2023-11-08T00:00:00+00:00
[2023-11-08T00:52:26.077+0000] {processor.py:179} INFO - Processing /home/airflow/.local/lib/python3.8/site-packages/airflow/example_dags/example_branch_operator_decorator.py took 0.207 seconds
[2023-11-08T00:52:56.166+0000] {processor.py:157} INFO - Started process (PID=249) to work on /home/airflow/.local/lib/python3.8/site-packages/airflow/example_dags/example_branch_operator_decorator.py
[2023-11-08T00:52:56.167+0000] {processor.py:829} INFO - Processing file /home/airflow/.local/lib/python3.8/site-packages/airflow/example_dags/example_branch_operator_decorator.py for tasks to queue
[2023-11-08T00:52:56.170+0000] {logging_mixin.py:151} INFO - [2023-11-08T00:52:56.169+0000] {dagbag.py:536} INFO - Filling up the DagBag from /home/airflow/.local/lib/python3.8/site-packages/airflow/example_dags/example_branch_operator_decorator.py
[2023-11-08T00:52:56.184+0000] {processor.py:839} INFO - DAG(s) dict_keys(['example_branch_python_operator_decorator']) retrieved from /home/airflow/.local/lib/python3.8/site-packages/airflow/example_dags/example_branch_operator_decorator.py
[2023-11-08T00:52:56.226+0000] {logging_mixin.py:151} INFO - [2023-11-08T00:52:56.226+0000] {dag.py:2941} INFO - Sync 1 DAGs
[2023-11-08T00:52:56.252+0000] {logging_mixin.py:151} INFO - [2023-11-08T00:52:56.252+0000] {dag.py:3722} INFO - Setting next_dagrun for example_branch_python_operator_decorator to 2023-11-07T00:00:00+00:00, run_after=2023-11-08T00:00:00+00:00
[2023-11-08T00:52:56.277+0000] {processor.py:179} INFO - Processing /home/airflow/.local/lib/python3.8/site-packages/airflow/example_dags/example_branch_operator_decorator.py took 0.116 seconds
[2023-11-08T00:53:27.026+0000] {processor.py:157} INFO - Started process (PID=313) to work on /home/airflow/.local/lib/python3.8/site-packages/airflow/example_dags/example_branch_operator_decorator.py
[2023-11-08T00:53:27.028+0000] {processor.py:829} INFO - Processing file /home/airflow/.local/lib/python3.8/site-packages/airflow/example_dags/example_branch_operator_decorator.py for tasks to queue
[2023-11-08T00:53:27.034+0000] {logging_mixin.py:151} INFO - [2023-11-08T00:53:27.034+0000] {dagbag.py:536} INFO - Filling up the DagBag from /home/airflow/.local/lib/python3.8/site-packages/airflow/example_dags/example_branch_operator_decorator.py
[2023-11-08T00:53:27.055+0000] {processor.py:839} INFO - DAG(s) dict_keys(['example_branch_python_operator_decorator']) retrieved from /home/airflow/.local/lib/python3.8/site-packages/airflow/example_dags/example_branch_operator_decorator.py
[2023-11-08T00:53:27.093+0000] {logging_mixin.py:151} INFO - [2023-11-08T00:53:27.093+0000] {dag.py:2941} INFO - Sync 1 DAGs
[2023-11-08T00:53:27.131+0000] {logging_mixin.py:151} INFO - [2023-11-08T00:53:27.131+0000] {dag.py:3722} INFO - Setting next_dagrun for example_branch_python_operator_decorator to 2023-11-07T00:00:00+00:00, run_after=2023-11-08T00:00:00+00:00
[2023-11-08T00:53:27.164+0000] {processor.py:179} INFO - Processing /home/airflow/.local/lib/python3.8/site-packages/airflow/example_dags/example_branch_operator_decorator.py took 0.148 seconds
[2023-11-08T00:54:00.717+0000] {processor.py:157} INFO - Started process (PID=376) to work on /home/airflow/.local/lib/python3.8/site-packages/airflow/example_dags/example_branch_operator_decorator.py
[2023-11-08T00:54:00.724+0000] {processor.py:829} INFO - Processing file /home/airflow/.local/lib/python3.8/site-packages/airflow/example_dags/example_branch_operator_decorator.py for tasks to queue
[2023-11-08T00:54:00.775+0000] {logging_mixin.py:151} INFO - [2023-11-08T00:54:00.764+0000] {dagbag.py:536} INFO - Filling up the DagBag from /home/airflow/.local/lib/python3.8/site-packages/airflow/example_dags/example_branch_operator_decorator.py
[2023-11-08T00:54:00.858+0000] {processor.py:839} INFO - DAG(s) dict_keys(['example_branch_python_operator_decorator']) retrieved from /home/airflow/.local/lib/python3.8/site-packages/airflow/example_dags/example_branch_operator_decorator.py
[2023-11-08T00:54:00.945+0000] {logging_mixin.py:151} INFO - [2023-11-08T00:54:00.945+0000] {dag.py:2941} INFO - Sync 1 DAGs
[2023-11-08T00:54:01.027+0000] {logging_mixin.py:151} INFO - [2023-11-08T00:54:01.026+0000] {dag.py:3722} INFO - Setting next_dagrun for example_branch_python_operator_decorator to 2023-11-07T00:00:00+00:00, run_after=2023-11-08T00:00:00+00:00
[2023-11-08T00:54:01.071+0000] {processor.py:179} INFO - Processing /home/airflow/.local/lib/python3.8/site-packages/airflow/example_dags/example_branch_operator_decorator.py took 0.383 seconds
[2023-11-08T00:54:34.638+0000] {processor.py:157} INFO - Started process (PID=440) to work on /home/airflow/.local/lib/python3.8/site-packages/airflow/example_dags/example_branch_operator_decorator.py
[2023-11-08T00:54:34.672+0000] {processor.py:829} INFO - Processing file /home/airflow/.local/lib/python3.8/site-packages/airflow/example_dags/example_branch_operator_decorator.py for tasks to queue
[2023-11-08T00:54:34.704+0000] {logging_mixin.py:151} INFO - [2023-11-08T00:54:34.702+0000] {dagbag.py:536} INFO - Filling up the DagBag from /home/airflow/.local/lib/python3.8/site-packages/airflow/example_dags/example_branch_operator_decorator.py
[2023-11-08T00:54:34.834+0000] {processor.py:839} INFO - DAG(s) dict_keys(['example_branch_python_operator_decorator']) retrieved from /home/airflow/.local/lib/python3.8/site-packages/airflow/example_dags/example_branch_operator_decorator.py
[2023-11-08T00:54:35.125+0000] {logging_mixin.py:151} INFO - [2023-11-08T00:54:35.117+0000] {dag.py:2941} INFO - Sync 1 DAGs
[2023-11-08T00:54:35.500+0000] {logging_mixin.py:151} INFO - [2023-11-08T00:54:35.498+0000] {dag.py:3722} INFO - Setting next_dagrun for example_branch_python_operator_decorator to 2023-11-07T00:00:00+00:00, run_after=2023-11-08T00:00:00+00:00
[2023-11-08T00:54:35.928+0000] {processor.py:179} INFO - Processing /home/airflow/.local/lib/python3.8/site-packages/airflow/example_dags/example_branch_operator_decorator.py took 1.381 seconds
[2023-11-08T00:58:25.018+0000] {processor.py:157} INFO - Started process (PID=530) to work on /home/airflow/.local/lib/python3.8/site-packages/airflow/example_dags/example_branch_operator_decorator.py
[2023-11-08T00:58:25.028+0000] {processor.py:829} INFO - Processing file /home/airflow/.local/lib/python3.8/site-packages/airflow/example_dags/example_branch_operator_decorator.py for tasks to queue
[2023-11-08T00:58:25.035+0000] {logging_mixin.py:151} INFO - [2023-11-08T00:58:25.034+0000] {dagbag.py:536} INFO - Filling up the DagBag from /home/airflow/.local/lib/python3.8/site-packages/airflow/example_dags/example_branch_operator_decorator.py
[2023-11-08T00:58:25.139+0000] {processor.py:839} INFO - DAG(s) dict_keys(['example_branch_python_operator_decorator']) retrieved from /home/airflow/.local/lib/python3.8/site-packages/airflow/example_dags/example_branch_operator_decorator.py
[2023-11-08T00:58:25.384+0000] {logging_mixin.py:151} INFO - [2023-11-08T00:58:25.384+0000] {dag.py:2941} INFO - Sync 1 DAGs
[2023-11-08T00:58:25.499+0000] {logging_mixin.py:151} INFO - [2023-11-08T00:58:25.498+0000] {dag.py:3722} INFO - Setting next_dagrun for example_branch_python_operator_decorator to 2023-11-07T00:00:00+00:00, run_after=2023-11-08T00:00:00+00:00
[2023-11-08T00:58:25.594+0000] {processor.py:179} INFO - Processing /home/airflow/.local/lib/python3.8/site-packages/airflow/example_dags/example_branch_operator_decorator.py took 0.595 seconds
[2023-11-08T01:02:39.802+0000] {processor.py:157} INFO - Started process (PID=617) to work on /home/airflow/.local/lib/python3.8/site-packages/airflow/example_dags/example_branch_operator_decorator.py
[2023-11-08T01:02:39.810+0000] {processor.py:829} INFO - Processing file /home/airflow/.local/lib/python3.8/site-packages/airflow/example_dags/example_branch_operator_decorator.py for tasks to queue
[2023-11-08T01:02:39.831+0000] {logging_mixin.py:151} INFO - [2023-11-08T01:02:39.813+0000] {dagbag.py:536} INFO - Filling up the DagBag from /home/airflow/.local/lib/python3.8/site-packages/airflow/example_dags/example_branch_operator_decorator.py
[2023-11-08T01:02:40.589+0000] {processor.py:839} INFO - DAG(s) dict_keys(['example_branch_python_operator_decorator']) retrieved from /home/airflow/.local/lib/python3.8/site-packages/airflow/example_dags/example_branch_operator_decorator.py
[2023-11-08T01:02:41.682+0000] {logging_mixin.py:151} INFO - [2023-11-08T01:02:41.670+0000] {dag.py:2941} INFO - Sync 1 DAGs
[2023-11-08T01:02:43.737+0000] {logging_mixin.py:151} INFO - [2023-11-08T01:02:43.676+0000] {dag.py:3722} INFO - Setting next_dagrun for example_branch_python_operator_decorator to 2023-11-07T00:00:00+00:00, run_after=2023-11-08T00:00:00+00:00
[2023-11-08T01:02:44.954+0000] {processor.py:179} INFO - Processing /home/airflow/.local/lib/python3.8/site-packages/airflow/example_dags/example_branch_operator_decorator.py took 5.200 seconds
[2023-11-08T01:07:12.950+0000] {processor.py:157} INFO - Started process (PID=724) to work on /home/airflow/.local/lib/python3.8/site-packages/airflow/example_dags/example_branch_operator_decorator.py
[2023-11-08T01:07:12.961+0000] {processor.py:829} INFO - Processing file /home/airflow/.local/lib/python3.8/site-packages/airflow/example_dags/example_branch_operator_decorator.py for tasks to queue
[2023-11-08T01:07:12.969+0000] {logging_mixin.py:151} INFO - [2023-11-08T01:07:12.967+0000] {dagbag.py:536} INFO - Filling up the DagBag from /home/airflow/.local/lib/python3.8/site-packages/airflow/example_dags/example_branch_operator_decorator.py
[2023-11-08T01:07:13.154+0000] {processor.py:839} INFO - DAG(s) dict_keys(['example_branch_python_operator_decorator']) retrieved from /home/airflow/.local/lib/python3.8/site-packages/airflow/example_dags/example_branch_operator_decorator.py
[2023-11-08T01:07:14.016+0000] {logging_mixin.py:151} INFO - [2023-11-08T01:07:14.006+0000] {dag.py:2941} INFO - Sync 1 DAGs
[2023-11-08T01:07:14.505+0000] {logging_mixin.py:151} INFO - [2023-11-08T01:07:14.498+0000] {dag.py:3722} INFO - Setting next_dagrun for example_branch_python_operator_decorator to 2023-11-07T00:00:00+00:00, run_after=2023-11-08T00:00:00+00:00
[2023-11-08T01:07:16.009+0000] {processor.py:179} INFO - Processing /home/airflow/.local/lib/python3.8/site-packages/airflow/example_dags/example_branch_operator_decorator.py took 3.155 seconds
[2023-11-08T01:12:32.405+0000] {processor.py:157} INFO - Started process (PID=833) to work on /home/airflow/.local/lib/python3.8/site-packages/airflow/example_dags/example_branch_operator_decorator.py
[2023-11-08T01:12:32.456+0000] {processor.py:829} INFO - Processing file /home/airflow/.local/lib/python3.8/site-packages/airflow/example_dags/example_branch_operator_decorator.py for tasks to queue
[2023-11-08T01:12:32.579+0000] {logging_mixin.py:151} INFO - [2023-11-08T01:12:32.537+0000] {dagbag.py:536} INFO - Filling up the DagBag from /home/airflow/.local/lib/python3.8/site-packages/airflow/example_dags/example_branch_operator_decorator.py
[2023-11-08T01:12:33.000+0000] {processor.py:839} INFO - DAG(s) dict_keys(['example_branch_python_operator_decorator']) retrieved from /home/airflow/.local/lib/python3.8/site-packages/airflow/example_dags/example_branch_operator_decorator.py
[2023-11-08T01:12:42.068+0000] {logging_mixin.py:151} INFO - [2023-11-08T01:12:42.060+0000] {dag.py:2941} INFO - Sync 1 DAGs
[2023-11-08T01:12:43.174+0000] {logging_mixin.py:151} INFO - [2023-11-08T01:12:43.152+0000] {dag.py:3722} INFO - Setting next_dagrun for example_branch_python_operator_decorator to 2023-11-07T00:00:00+00:00, run_after=2023-11-08T00:00:00+00:00
[2023-11-08T01:12:45.063+0000] {processor.py:179} INFO - Processing /home/airflow/.local/lib/python3.8/site-packages/airflow/example_dags/example_branch_operator_decorator.py took 12.871 seconds
