[2023-11-08T00:51:39.415+0000] {processor.py:157} INFO - Started process (PID=100) to work on /home/airflow/.local/lib/python3.8/site-packages/airflow/example_dags/example_setup_teardown_taskflow.py
[2023-11-08T00:51:39.418+0000] {processor.py:829} INFO - Processing file /home/airflow/.local/lib/python3.8/site-packages/airflow/example_dags/example_setup_teardown_taskflow.py for tasks to queue
[2023-11-08T00:51:39.427+0000] {logging_mixin.py:151} INFO - [2023-11-08T00:51:39.426+0000] {dagbag.py:536} INFO - Filling up the DagBag from /home/airflow/.local/lib/python3.8/site-packages/airflow/example_dags/example_setup_teardown_taskflow.py
[2023-11-08T00:51:39.450+0000] {processor.py:839} INFO - DAG(s) dict_keys(['example_setup_teardown_taskflow']) retrieved from /home/airflow/.local/lib/python3.8/site-packages/airflow/example_dags/example_setup_teardown_taskflow.py
[2023-11-08T00:51:39.694+0000] {logging_mixin.py:151} INFO - [2023-11-08T00:51:39.694+0000] {manager.py:499} INFO - Created Permission View: %s
[2023-11-08T00:51:39.709+0000] {logging_mixin.py:151} INFO - [2023-11-08T00:51:39.709+0000] {manager.py:499} INFO - Created Permission View: %s
[2023-11-08T00:51:39.717+0000] {logging_mixin.py:151} INFO - [2023-11-08T00:51:39.716+0000] {manager.py:499} INFO - Created Permission View: %s
[2023-11-08T00:51:39.717+0000] {logging_mixin.py:151} INFO - [2023-11-08T00:51:39.717+0000] {dag.py:2941} INFO - Sync 1 DAGs
[2023-11-08T00:51:39.733+0000] {logging_mixin.py:151} INFO - [2023-11-08T00:51:39.733+0000] {dag.py:2963} INFO - Creating ORM DAG for example_setup_teardown_taskflow
[2023-11-08T00:51:39.747+0000] {logging_mixin.py:151} INFO - [2023-11-08T00:51:39.747+0000] {dag.py:3722} INFO - Setting next_dagrun for example_setup_teardown_taskflow to 2023-11-07T00:51:39.747094+00:00, run_after=2023-11-08T00:51:39.747094+00:00
[2023-11-08T00:51:39.775+0000] {processor.py:179} INFO - Processing /home/airflow/.local/lib/python3.8/site-packages/airflow/example_dags/example_setup_teardown_taskflow.py took 0.371 seconds
[2023-11-08T00:52:10.584+0000] {processor.py:157} INFO - Started process (PID=155) to work on /home/airflow/.local/lib/python3.8/site-packages/airflow/example_dags/example_setup_teardown_taskflow.py
[2023-11-08T00:52:10.587+0000] {processor.py:829} INFO - Processing file /home/airflow/.local/lib/python3.8/site-packages/airflow/example_dags/example_setup_teardown_taskflow.py for tasks to queue
[2023-11-08T00:52:10.595+0000] {logging_mixin.py:151} INFO - [2023-11-08T00:52:10.594+0000] {dagbag.py:536} INFO - Filling up the DagBag from /home/airflow/.local/lib/python3.8/site-packages/airflow/example_dags/example_setup_teardown_taskflow.py
[2023-11-08T00:52:10.615+0000] {processor.py:839} INFO - DAG(s) dict_keys(['example_setup_teardown_taskflow']) retrieved from /home/airflow/.local/lib/python3.8/site-packages/airflow/example_dags/example_setup_teardown_taskflow.py
[2023-11-08T00:52:10.651+0000] {logging_mixin.py:151} INFO - [2023-11-08T00:52:10.650+0000] {dag.py:2941} INFO - Sync 1 DAGs
[2023-11-08T00:52:10.676+0000] {logging_mixin.py:151} INFO - [2023-11-08T00:52:10.676+0000] {dag.py:3722} INFO - Setting next_dagrun for example_setup_teardown_taskflow to 2023-11-07T00:52:10.676367+00:00, run_after=2023-11-08T00:52:10.676367+00:00
[2023-11-08T00:52:10.702+0000] {processor.py:179} INFO - Processing /home/airflow/.local/lib/python3.8/site-packages/airflow/example_dags/example_setup_teardown_taskflow.py took 0.152 seconds
[2023-11-08T00:52:40.784+0000] {processor.py:157} INFO - Started process (PID=218) to work on /home/airflow/.local/lib/python3.8/site-packages/airflow/example_dags/example_setup_teardown_taskflow.py
[2023-11-08T00:52:40.786+0000] {processor.py:829} INFO - Processing file /home/airflow/.local/lib/python3.8/site-packages/airflow/example_dags/example_setup_teardown_taskflow.py for tasks to queue
[2023-11-08T00:52:40.791+0000] {logging_mixin.py:151} INFO - [2023-11-08T00:52:40.791+0000] {dagbag.py:536} INFO - Filling up the DagBag from /home/airflow/.local/lib/python3.8/site-packages/airflow/example_dags/example_setup_teardown_taskflow.py
[2023-11-08T00:52:40.806+0000] {processor.py:839} INFO - DAG(s) dict_keys(['example_setup_teardown_taskflow']) retrieved from /home/airflow/.local/lib/python3.8/site-packages/airflow/example_dags/example_setup_teardown_taskflow.py
[2023-11-08T00:52:40.850+0000] {logging_mixin.py:151} INFO - [2023-11-08T00:52:40.850+0000] {dag.py:2941} INFO - Sync 1 DAGs
[2023-11-08T00:52:40.908+0000] {logging_mixin.py:151} INFO - [2023-11-08T00:52:40.907+0000] {dag.py:3722} INFO - Setting next_dagrun for example_setup_teardown_taskflow to 2023-11-07T00:52:40.907091+00:00, run_after=2023-11-08T00:52:40.907091+00:00
[2023-11-08T00:52:40.927+0000] {processor.py:179} INFO - Processing /home/airflow/.local/lib/python3.8/site-packages/airflow/example_dags/example_setup_teardown_taskflow.py took 0.152 seconds
[2023-11-08T00:53:12.012+0000] {processor.py:157} INFO - Started process (PID=281) to work on /home/airflow/.local/lib/python3.8/site-packages/airflow/example_dags/example_setup_teardown_taskflow.py
[2023-11-08T00:53:12.015+0000] {processor.py:829} INFO - Processing file /home/airflow/.local/lib/python3.8/site-packages/airflow/example_dags/example_setup_teardown_taskflow.py for tasks to queue
[2023-11-08T00:53:12.024+0000] {logging_mixin.py:151} INFO - [2023-11-08T00:53:12.022+0000] {dagbag.py:536} INFO - Filling up the DagBag from /home/airflow/.local/lib/python3.8/site-packages/airflow/example_dags/example_setup_teardown_taskflow.py
[2023-11-08T00:53:12.079+0000] {processor.py:839} INFO - DAG(s) dict_keys(['example_setup_teardown_taskflow']) retrieved from /home/airflow/.local/lib/python3.8/site-packages/airflow/example_dags/example_setup_teardown_taskflow.py
[2023-11-08T00:53:12.210+0000] {logging_mixin.py:151} INFO - [2023-11-08T00:53:12.209+0000] {dag.py:2941} INFO - Sync 1 DAGs
[2023-11-08T00:53:12.271+0000] {logging_mixin.py:151} INFO - [2023-11-08T00:53:12.271+0000] {dag.py:3722} INFO - Setting next_dagrun for example_setup_teardown_taskflow to 2023-11-07T00:53:12.270679+00:00, run_after=2023-11-08T00:53:12.270679+00:00
[2023-11-08T00:53:12.303+0000] {processor.py:179} INFO - Processing /home/airflow/.local/lib/python3.8/site-packages/airflow/example_dags/example_setup_teardown_taskflow.py took 0.303 seconds
[2023-11-08T00:53:43.604+0000] {processor.py:157} INFO - Started process (PID=338) to work on /home/airflow/.local/lib/python3.8/site-packages/airflow/example_dags/example_setup_teardown_taskflow.py
[2023-11-08T00:53:43.609+0000] {processor.py:829} INFO - Processing file /home/airflow/.local/lib/python3.8/site-packages/airflow/example_dags/example_setup_teardown_taskflow.py for tasks to queue
[2023-11-08T00:53:43.618+0000] {logging_mixin.py:151} INFO - [2023-11-08T00:53:43.617+0000] {dagbag.py:536} INFO - Filling up the DagBag from /home/airflow/.local/lib/python3.8/site-packages/airflow/example_dags/example_setup_teardown_taskflow.py
[2023-11-08T00:53:43.657+0000] {processor.py:839} INFO - DAG(s) dict_keys(['example_setup_teardown_taskflow']) retrieved from /home/airflow/.local/lib/python3.8/site-packages/airflow/example_dags/example_setup_teardown_taskflow.py
[2023-11-08T00:53:43.722+0000] {logging_mixin.py:151} INFO - [2023-11-08T00:53:43.722+0000] {dag.py:2941} INFO - Sync 1 DAGs
[2023-11-08T00:53:43.802+0000] {logging_mixin.py:151} INFO - [2023-11-08T00:53:43.801+0000] {dag.py:3722} INFO - Setting next_dagrun for example_setup_teardown_taskflow to 2023-11-07T00:53:43.799633+00:00, run_after=2023-11-08T00:53:43.799633+00:00
[2023-11-08T00:53:43.924+0000] {processor.py:179} INFO - Processing /home/airflow/.local/lib/python3.8/site-packages/airflow/example_dags/example_setup_teardown_taskflow.py took 0.328 seconds
[2023-11-08T00:54:15.616+0000] {processor.py:157} INFO - Started process (PID=399) to work on /home/airflow/.local/lib/python3.8/site-packages/airflow/example_dags/example_setup_teardown_taskflow.py
[2023-11-08T00:54:15.623+0000] {processor.py:829} INFO - Processing file /home/airflow/.local/lib/python3.8/site-packages/airflow/example_dags/example_setup_teardown_taskflow.py for tasks to queue
[2023-11-08T00:54:15.649+0000] {logging_mixin.py:151} INFO - [2023-11-08T00:54:15.646+0000] {dagbag.py:536} INFO - Filling up the DagBag from /home/airflow/.local/lib/python3.8/site-packages/airflow/example_dags/example_setup_teardown_taskflow.py
[2023-11-08T00:54:15.794+0000] {processor.py:839} INFO - DAG(s) dict_keys(['example_setup_teardown_taskflow']) retrieved from /home/airflow/.local/lib/python3.8/site-packages/airflow/example_dags/example_setup_teardown_taskflow.py
[2023-11-08T00:54:15.926+0000] {logging_mixin.py:151} INFO - [2023-11-08T00:54:15.924+0000] {dag.py:2941} INFO - Sync 1 DAGs
[2023-11-08T00:54:16.040+0000] {logging_mixin.py:151} INFO - [2023-11-08T00:54:16.040+0000] {dag.py:3722} INFO - Setting next_dagrun for example_setup_teardown_taskflow to 2023-11-07T00:54:16.038845+00:00, run_after=2023-11-08T00:54:16.038845+00:00
[2023-11-08T00:54:16.088+0000] {processor.py:179} INFO - Processing /home/airflow/.local/lib/python3.8/site-packages/airflow/example_dags/example_setup_teardown_taskflow.py took 0.494 seconds
[2023-11-08T00:55:18.395+0000] {processor.py:157} INFO - Started process (PID=469) to work on /home/airflow/.local/lib/python3.8/site-packages/airflow/example_dags/example_setup_teardown_taskflow.py
[2023-11-08T00:55:18.416+0000] {processor.py:829} INFO - Processing file /home/airflow/.local/lib/python3.8/site-packages/airflow/example_dags/example_setup_teardown_taskflow.py for tasks to queue
[2023-11-08T00:55:18.475+0000] {logging_mixin.py:151} INFO - [2023-11-08T00:55:18.458+0000] {dagbag.py:536} INFO - Filling up the DagBag from /home/airflow/.local/lib/python3.8/site-packages/airflow/example_dags/example_setup_teardown_taskflow.py
[2023-11-08T00:55:18.832+0000] {processor.py:839} INFO - DAG(s) dict_keys(['example_setup_teardown_taskflow']) retrieved from /home/airflow/.local/lib/python3.8/site-packages/airflow/example_dags/example_setup_teardown_taskflow.py
[2023-11-08T00:55:22.116+0000] {logging_mixin.py:151} INFO - [2023-11-08T00:55:22.054+0000] {dag.py:2941} INFO - Sync 1 DAGs
[2023-11-08T00:55:22.775+0000] {logging_mixin.py:151} INFO - [2023-11-08T00:55:22.766+0000] {dag.py:3722} INFO - Setting next_dagrun for example_setup_teardown_taskflow to 2023-11-07T00:55:22.754391+00:00, run_after=2023-11-08T00:55:22.754391+00:00
[2023-11-08T00:55:23.629+0000] {processor.py:179} INFO - Processing /home/airflow/.local/lib/python3.8/site-packages/airflow/example_dags/example_setup_teardown_taskflow.py took 5.428 seconds
[2023-11-08T00:59:12.736+0000] {processor.py:157} INFO - Started process (PID=561) to work on /home/airflow/.local/lib/python3.8/site-packages/airflow/example_dags/example_setup_teardown_taskflow.py
[2023-11-08T00:59:12.755+0000] {processor.py:829} INFO - Processing file /home/airflow/.local/lib/python3.8/site-packages/airflow/example_dags/example_setup_teardown_taskflow.py for tasks to queue
[2023-11-08T00:59:12.765+0000] {logging_mixin.py:151} INFO - [2023-11-08T00:59:12.762+0000] {dagbag.py:536} INFO - Filling up the DagBag from /home/airflow/.local/lib/python3.8/site-packages/airflow/example_dags/example_setup_teardown_taskflow.py
[2023-11-08T00:59:12.910+0000] {processor.py:839} INFO - DAG(s) dict_keys(['example_setup_teardown_taskflow']) retrieved from /home/airflow/.local/lib/python3.8/site-packages/airflow/example_dags/example_setup_teardown_taskflow.py
[2023-11-08T00:59:13.003+0000] {logging_mixin.py:151} INFO - [2023-11-08T00:59:13.002+0000] {dag.py:2941} INFO - Sync 1 DAGs
[2023-11-08T00:59:13.119+0000] {logging_mixin.py:151} INFO - [2023-11-08T00:59:13.118+0000] {dag.py:3722} INFO - Setting next_dagrun for example_setup_teardown_taskflow to 2023-11-07T00:59:13.117557+00:00, run_after=2023-11-08T00:59:13.117557+00:00
[2023-11-08T00:59:13.240+0000] {processor.py:179} INFO - Processing /home/airflow/.local/lib/python3.8/site-packages/airflow/example_dags/example_setup_teardown_taskflow.py took 0.527 seconds
[2023-11-08T01:01:20.611+0000] {processor.py:157} INFO - Started process (PID=596) to work on /home/airflow/.local/lib/python3.8/site-packages/airflow/example_dags/example_setup_teardown_taskflow.py
[2023-11-08T01:01:20.670+0000] {processor.py:829} INFO - Processing file /home/airflow/.local/lib/python3.8/site-packages/airflow/example_dags/example_setup_teardown_taskflow.py for tasks to queue
[2023-11-08T01:01:20.687+0000] {logging_mixin.py:151} INFO - [2023-11-08T01:01:20.674+0000] {dagbag.py:536} INFO - Filling up the DagBag from /home/airflow/.local/lib/python3.8/site-packages/airflow/example_dags/example_setup_teardown_taskflow.py
[2023-11-08T01:01:21.367+0000] {processor.py:839} INFO - DAG(s) dict_keys(['example_setup_teardown_taskflow']) retrieved from /home/airflow/.local/lib/python3.8/site-packages/airflow/example_dags/example_setup_teardown_taskflow.py
[2023-11-08T01:01:22.573+0000] {logging_mixin.py:151} INFO - [2023-11-08T01:01:22.529+0000] {dag.py:2941} INFO - Sync 1 DAGs
[2023-11-08T01:01:24.653+0000] {logging_mixin.py:151} INFO - [2023-11-08T01:01:24.606+0000] {dag.py:3722} INFO - Setting next_dagrun for example_setup_teardown_taskflow to 2023-11-07T01:01:24.562945+00:00, run_after=2023-11-08T01:01:24.562945+00:00
[2023-11-08T01:01:25.901+0000] {processor.py:179} INFO - Processing /home/airflow/.local/lib/python3.8/site-packages/airflow/example_dags/example_setup_teardown_taskflow.py took 5.402 seconds
[2023-11-08T01:03:59.019+0000] {processor.py:157} INFO - Started process (PID=654) to work on /home/airflow/.local/lib/python3.8/site-packages/airflow/example_dags/example_setup_teardown_taskflow.py
[2023-11-08T01:03:59.045+0000] {processor.py:829} INFO - Processing file /home/airflow/.local/lib/python3.8/site-packages/airflow/example_dags/example_setup_teardown_taskflow.py for tasks to queue
[2023-11-08T01:03:59.057+0000] {logging_mixin.py:151} INFO - [2023-11-08T01:03:59.053+0000] {dagbag.py:536} INFO - Filling up the DagBag from /home/airflow/.local/lib/python3.8/site-packages/airflow/example_dags/example_setup_teardown_taskflow.py
[2023-11-08T01:03:59.254+0000] {processor.py:839} INFO - DAG(s) dict_keys(['example_setup_teardown_taskflow']) retrieved from /home/airflow/.local/lib/python3.8/site-packages/airflow/example_dags/example_setup_teardown_taskflow.py
[2023-11-08T01:04:00.143+0000] {logging_mixin.py:151} INFO - [2023-11-08T01:04:00.072+0000] {dag.py:2941} INFO - Sync 1 DAGs
[2023-11-08T01:04:00.778+0000] {logging_mixin.py:151} INFO - [2023-11-08T01:04:00.755+0000] {dag.py:3722} INFO - Setting next_dagrun for example_setup_teardown_taskflow to 2023-11-07T01:04:00.706723+00:00, run_after=2023-11-08T01:04:00.706723+00:00
[2023-11-08T01:04:02.869+0000] {processor.py:179} INFO - Processing /home/airflow/.local/lib/python3.8/site-packages/airflow/example_dags/example_setup_teardown_taskflow.py took 3.886 seconds
[2023-11-08T01:06:46.327+0000] {processor.py:157} INFO - Started process (PID=703) to work on /home/airflow/.local/lib/python3.8/site-packages/airflow/example_dags/example_setup_teardown_taskflow.py
[2023-11-08T01:06:46.389+0000] {processor.py:829} INFO - Processing file /home/airflow/.local/lib/python3.8/site-packages/airflow/example_dags/example_setup_teardown_taskflow.py for tasks to queue
[2023-11-08T01:06:46.424+0000] {logging_mixin.py:151} INFO - [2023-11-08T01:06:46.416+0000] {dagbag.py:536} INFO - Filling up the DagBag from /home/airflow/.local/lib/python3.8/site-packages/airflow/example_dags/example_setup_teardown_taskflow.py
[2023-11-08T01:06:46.538+0000] {processor.py:839} INFO - DAG(s) dict_keys(['example_setup_teardown_taskflow']) retrieved from /home/airflow/.local/lib/python3.8/site-packages/airflow/example_dags/example_setup_teardown_taskflow.py
[2023-11-08T01:06:47.521+0000] {logging_mixin.py:151} INFO - [2023-11-08T01:06:47.493+0000] {dag.py:2941} INFO - Sync 1 DAGs
[2023-11-08T01:06:48.005+0000] {logging_mixin.py:151} INFO - [2023-11-08T01:06:48.002+0000] {dag.py:3722} INFO - Setting next_dagrun for example_setup_teardown_taskflow to 2023-11-07T01:06:47.996608+00:00, run_after=2023-11-08T01:06:47.996608+00:00
[2023-11-08T01:06:48.194+0000] {processor.py:179} INFO - Processing /home/airflow/.local/lib/python3.8/site-packages/airflow/example_dags/example_setup_teardown_taskflow.py took 2.078 seconds
[2023-11-08T01:08:26.557+0000] {processor.py:157} INFO - Started process (PID=755) to work on /home/airflow/.local/lib/python3.8/site-packages/airflow/example_dags/example_setup_teardown_taskflow.py
[2023-11-08T01:08:26.563+0000] {processor.py:829} INFO - Processing file /home/airflow/.local/lib/python3.8/site-packages/airflow/example_dags/example_setup_teardown_taskflow.py for tasks to queue
[2023-11-08T01:08:26.584+0000] {logging_mixin.py:151} INFO - [2023-11-08T01:08:26.570+0000] {dagbag.py:536} INFO - Filling up the DagBag from /home/airflow/.local/lib/python3.8/site-packages/airflow/example_dags/example_setup_teardown_taskflow.py
[2023-11-08T01:08:26.712+0000] {processor.py:839} INFO - DAG(s) dict_keys(['example_setup_teardown_taskflow']) retrieved from /home/airflow/.local/lib/python3.8/site-packages/airflow/example_dags/example_setup_teardown_taskflow.py
[2023-11-08T01:08:26.852+0000] {logging_mixin.py:151} INFO - [2023-11-08T01:08:26.842+0000] {dag.py:2941} INFO - Sync 1 DAGs
[2023-11-08T01:08:27.081+0000] {logging_mixin.py:151} INFO - [2023-11-08T01:08:27.080+0000] {dag.py:3722} INFO - Setting next_dagrun for example_setup_teardown_taskflow to 2023-11-07T01:08:27.079212+00:00, run_after=2023-11-08T01:08:27.079212+00:00
[2023-11-08T01:08:27.263+0000] {processor.py:179} INFO - Processing /home/airflow/.local/lib/python3.8/site-packages/airflow/example_dags/example_setup_teardown_taskflow.py took 0.743 seconds
[2023-11-08T01:10:34.567+0000] {processor.py:157} INFO - Started process (PID=804) to work on /home/airflow/.local/lib/python3.8/site-packages/airflow/example_dags/example_setup_teardown_taskflow.py
[2023-11-08T01:10:34.587+0000] {processor.py:829} INFO - Processing file /home/airflow/.local/lib/python3.8/site-packages/airflow/example_dags/example_setup_teardown_taskflow.py for tasks to queue
[2023-11-08T01:10:34.621+0000] {logging_mixin.py:151} INFO - [2023-11-08T01:10:34.594+0000] {dagbag.py:536} INFO - Filling up the DagBag from /home/airflow/.local/lib/python3.8/site-packages/airflow/example_dags/example_setup_teardown_taskflow.py
[2023-11-08T01:10:34.910+0000] {processor.py:839} INFO - DAG(s) dict_keys(['example_setup_teardown_taskflow']) retrieved from /home/airflow/.local/lib/python3.8/site-packages/airflow/example_dags/example_setup_teardown_taskflow.py
[2023-11-08T01:10:40.866+0000] {logging_mixin.py:151} INFO - [2023-11-08T01:10:40.424+0000] {dag.py:2941} INFO - Sync 1 DAGs
[2023-11-08T01:10:43.522+0000] {logging_mixin.py:151} INFO - [2023-11-08T01:10:43.517+0000] {dag.py:3722} INFO - Setting next_dagrun for example_setup_teardown_taskflow to 2023-11-07T01:10:43.503072+00:00, run_after=2023-11-08T01:10:43.503072+00:00
[2023-11-08T01:10:44.667+0000] {processor.py:179} INFO - Processing /home/airflow/.local/lib/python3.8/site-packages/airflow/example_dags/example_setup_teardown_taskflow.py took 10.197 seconds
[2023-11-08T01:15:50.222+0000] {processor.py:157} INFO - Started process (PID=884) to work on /home/airflow/.local/lib/python3.8/site-packages/airflow/example_dags/example_setup_teardown_taskflow.py
[2023-11-08T01:15:50.276+0000] {processor.py:829} INFO - Processing file /home/airflow/.local/lib/python3.8/site-packages/airflow/example_dags/example_setup_teardown_taskflow.py for tasks to queue
[2023-11-08T01:15:50.321+0000] {logging_mixin.py:151} INFO - [2023-11-08T01:15:50.297+0000] {dagbag.py:536} INFO - Filling up the DagBag from /home/airflow/.local/lib/python3.8/site-packages/airflow/example_dags/example_setup_teardown_taskflow.py
[2023-11-08T01:15:51.021+0000] {processor.py:839} INFO - DAG(s) dict_keys(['example_setup_teardown_taskflow']) retrieved from /home/airflow/.local/lib/python3.8/site-packages/airflow/example_dags/example_setup_teardown_taskflow.py
[2023-11-08T01:15:52.201+0000] {logging_mixin.py:151} INFO - [2023-11-08T01:15:52.167+0000] {dag.py:2941} INFO - Sync 1 DAGs
[2023-11-08T01:15:52.574+0000] {logging_mixin.py:151} INFO - [2023-11-08T01:15:52.566+0000] {dag.py:3722} INFO - Setting next_dagrun for example_setup_teardown_taskflow to 2023-11-07T01:15:52.559637+00:00, run_after=2023-11-08T01:15:52.559637+00:00
[2023-11-08T01:15:52.958+0000] {processor.py:179} INFO - Processing /home/airflow/.local/lib/python3.8/site-packages/airflow/example_dags/example_setup_teardown_taskflow.py took 2.825 seconds
