[2023-11-08T00:51:29.984+0000] {processor.py:157} INFO - Started process (PID=81) to work on /home/airflow/.local/lib/python3.8/site-packages/airflow/example_dags/example_python_operator.py
[2023-11-08T00:51:29.993+0000] {processor.py:829} INFO - Processing file /home/airflow/.local/lib/python3.8/site-packages/airflow/example_dags/example_python_operator.py for tasks to queue
[2023-11-08T00:51:30.030+0000] {logging_mixin.py:151} INFO - [2023-11-08T00:51:30.027+0000] {dagbag.py:536} INFO - Filling up the DagBag from /home/airflow/.local/lib/python3.8/site-packages/airflow/example_dags/example_python_operator.py
[2023-11-08T00:51:30.110+0000] {processor.py:839} INFO - DAG(s) dict_keys(['example_python_operator']) retrieved from /home/airflow/.local/lib/python3.8/site-packages/airflow/example_dags/example_python_operator.py
[2023-11-08T00:51:30.599+0000] {logging_mixin.py:151} INFO - [2023-11-08T00:51:30.598+0000] {manager.py:499} INFO - Created Permission View: %s
[2023-11-08T00:51:30.630+0000] {logging_mixin.py:151} INFO - [2023-11-08T00:51:30.629+0000] {manager.py:499} INFO - Created Permission View: %s
[2023-11-08T00:51:30.656+0000] {logging_mixin.py:151} INFO - [2023-11-08T00:51:30.655+0000] {manager.py:499} INFO - Created Permission View: %s
[2023-11-08T00:51:30.659+0000] {logging_mixin.py:151} INFO - [2023-11-08T00:51:30.658+0000] {dag.py:2941} INFO - Sync 1 DAGs
[2023-11-08T00:51:30.712+0000] {logging_mixin.py:151} INFO - [2023-11-08T00:51:30.711+0000] {dag.py:2963} INFO - Creating ORM DAG for example_python_operator
[2023-11-08T00:51:30.714+0000] {logging_mixin.py:151} INFO - [2023-11-08T00:51:30.713+0000] {dag.py:3722} INFO - Setting next_dagrun for example_python_operator to None, run_after=None
[2023-11-08T00:51:30.772+0000] {processor.py:179} INFO - Processing /home/airflow/.local/lib/python3.8/site-packages/airflow/example_dags/example_python_operator.py took 0.820 seconds
[2023-11-08T00:52:01.572+0000] {processor.py:157} INFO - Started process (PID=143) to work on /home/airflow/.local/lib/python3.8/site-packages/airflow/example_dags/example_python_operator.py
[2023-11-08T00:52:01.574+0000] {processor.py:829} INFO - Processing file /home/airflow/.local/lib/python3.8/site-packages/airflow/example_dags/example_python_operator.py for tasks to queue
[2023-11-08T00:52:01.577+0000] {logging_mixin.py:151} INFO - [2023-11-08T00:52:01.576+0000] {dagbag.py:536} INFO - Filling up the DagBag from /home/airflow/.local/lib/python3.8/site-packages/airflow/example_dags/example_python_operator.py
[2023-11-08T00:52:01.588+0000] {processor.py:839} INFO - DAG(s) dict_keys(['example_python_operator']) retrieved from /home/airflow/.local/lib/python3.8/site-packages/airflow/example_dags/example_python_operator.py
[2023-11-08T00:52:01.628+0000] {logging_mixin.py:151} INFO - [2023-11-08T00:52:01.628+0000] {dag.py:2941} INFO - Sync 1 DAGs
[2023-11-08T00:52:01.642+0000] {logging_mixin.py:151} INFO - [2023-11-08T00:52:01.641+0000] {dag.py:3722} INFO - Setting next_dagrun for example_python_operator to None, run_after=None
[2023-11-08T00:52:01.655+0000] {processor.py:179} INFO - Processing /home/airflow/.local/lib/python3.8/site-packages/airflow/example_dags/example_python_operator.py took 0.087 seconds
[2023-11-08T00:52:32.145+0000] {processor.py:157} INFO - Started process (PID=206) to work on /home/airflow/.local/lib/python3.8/site-packages/airflow/example_dags/example_python_operator.py
[2023-11-08T00:52:32.151+0000] {processor.py:829} INFO - Processing file /home/airflow/.local/lib/python3.8/site-packages/airflow/example_dags/example_python_operator.py for tasks to queue
[2023-11-08T00:52:32.170+0000] {logging_mixin.py:151} INFO - [2023-11-08T00:52:32.167+0000] {dagbag.py:536} INFO - Filling up the DagBag from /home/airflow/.local/lib/python3.8/site-packages/airflow/example_dags/example_python_operator.py
[2023-11-08T00:52:32.196+0000] {processor.py:839} INFO - DAG(s) dict_keys(['example_python_operator']) retrieved from /home/airflow/.local/lib/python3.8/site-packages/airflow/example_dags/example_python_operator.py
[2023-11-08T00:52:32.251+0000] {logging_mixin.py:151} INFO - [2023-11-08T00:52:32.250+0000] {dag.py:2941} INFO - Sync 1 DAGs
[2023-11-08T00:52:32.279+0000] {logging_mixin.py:151} INFO - [2023-11-08T00:52:32.279+0000] {dag.py:3722} INFO - Setting next_dagrun for example_python_operator to None, run_after=None
[2023-11-08T00:52:32.302+0000] {processor.py:179} INFO - Processing /home/airflow/.local/lib/python3.8/site-packages/airflow/example_dags/example_python_operator.py took 0.178 seconds
[2023-11-08T00:53:02.695+0000] {processor.py:157} INFO - Started process (PID=269) to work on /home/airflow/.local/lib/python3.8/site-packages/airflow/example_dags/example_python_operator.py
[2023-11-08T00:53:02.698+0000] {processor.py:829} INFO - Processing file /home/airflow/.local/lib/python3.8/site-packages/airflow/example_dags/example_python_operator.py for tasks to queue
[2023-11-08T00:53:02.721+0000] {logging_mixin.py:151} INFO - [2023-11-08T00:53:02.719+0000] {dagbag.py:536} INFO - Filling up the DagBag from /home/airflow/.local/lib/python3.8/site-packages/airflow/example_dags/example_python_operator.py
[2023-11-08T00:53:02.757+0000] {processor.py:839} INFO - DAG(s) dict_keys(['example_python_operator']) retrieved from /home/airflow/.local/lib/python3.8/site-packages/airflow/example_dags/example_python_operator.py
[2023-11-08T00:53:02.995+0000] {logging_mixin.py:151} INFO - [2023-11-08T00:53:02.994+0000] {dag.py:2941} INFO - Sync 1 DAGs
[2023-11-08T00:53:03.083+0000] {logging_mixin.py:151} INFO - [2023-11-08T00:53:03.083+0000] {dag.py:3722} INFO - Setting next_dagrun for example_python_operator to None, run_after=None
[2023-11-08T00:53:03.171+0000] {processor.py:179} INFO - Processing /home/airflow/.local/lib/python3.8/site-packages/airflow/example_dags/example_python_operator.py took 0.490 seconds
[2023-11-08T00:53:33.330+0000] {processor.py:157} INFO - Started process (PID=324) to work on /home/airflow/.local/lib/python3.8/site-packages/airflow/example_dags/example_python_operator.py
[2023-11-08T00:53:33.332+0000] {processor.py:829} INFO - Processing file /home/airflow/.local/lib/python3.8/site-packages/airflow/example_dags/example_python_operator.py for tasks to queue
[2023-11-08T00:53:33.337+0000] {logging_mixin.py:151} INFO - [2023-11-08T00:53:33.337+0000] {dagbag.py:536} INFO - Filling up the DagBag from /home/airflow/.local/lib/python3.8/site-packages/airflow/example_dags/example_python_operator.py
[2023-11-08T00:53:33.358+0000] {processor.py:839} INFO - DAG(s) dict_keys(['example_python_operator']) retrieved from /home/airflow/.local/lib/python3.8/site-packages/airflow/example_dags/example_python_operator.py
[2023-11-08T00:53:33.421+0000] {logging_mixin.py:151} INFO - [2023-11-08T00:53:33.420+0000] {dag.py:2941} INFO - Sync 1 DAGs
[2023-11-08T00:53:33.512+0000] {logging_mixin.py:151} INFO - [2023-11-08T00:53:33.512+0000] {dag.py:3722} INFO - Setting next_dagrun for example_python_operator to None, run_after=None
[2023-11-08T00:53:33.655+0000] {processor.py:179} INFO - Processing /home/airflow/.local/lib/python3.8/site-packages/airflow/example_dags/example_python_operator.py took 0.334 seconds
[2023-11-08T00:54:04.544+0000] {processor.py:157} INFO - Started process (PID=385) to work on /home/airflow/.local/lib/python3.8/site-packages/airflow/example_dags/example_python_operator.py
[2023-11-08T00:54:04.554+0000] {processor.py:829} INFO - Processing file /home/airflow/.local/lib/python3.8/site-packages/airflow/example_dags/example_python_operator.py for tasks to queue
[2023-11-08T00:54:04.564+0000] {logging_mixin.py:151} INFO - [2023-11-08T00:54:04.563+0000] {dagbag.py:536} INFO - Filling up the DagBag from /home/airflow/.local/lib/python3.8/site-packages/airflow/example_dags/example_python_operator.py
[2023-11-08T00:54:04.611+0000] {processor.py:839} INFO - DAG(s) dict_keys(['example_python_operator']) retrieved from /home/airflow/.local/lib/python3.8/site-packages/airflow/example_dags/example_python_operator.py
[2023-11-08T00:54:04.682+0000] {logging_mixin.py:151} INFO - [2023-11-08T00:54:04.681+0000] {dag.py:2941} INFO - Sync 1 DAGs
[2023-11-08T00:54:04.718+0000] {logging_mixin.py:151} INFO - [2023-11-08T00:54:04.718+0000] {dag.py:3722} INFO - Setting next_dagrun for example_python_operator to None, run_after=None
[2023-11-08T00:54:04.805+0000] {processor.py:179} INFO - Processing /home/airflow/.local/lib/python3.8/site-packages/airflow/example_dags/example_python_operator.py took 0.299 seconds
[2023-11-08T00:54:41.989+0000] {processor.py:157} INFO - Started process (PID=448) to work on /home/airflow/.local/lib/python3.8/site-packages/airflow/example_dags/example_python_operator.py
[2023-11-08T00:54:42.026+0000] {processor.py:829} INFO - Processing file /home/airflow/.local/lib/python3.8/site-packages/airflow/example_dags/example_python_operator.py for tasks to queue
[2023-11-08T00:54:42.165+0000] {logging_mixin.py:151} INFO - [2023-11-08T00:54:42.162+0000] {dagbag.py:536} INFO - Filling up the DagBag from /home/airflow/.local/lib/python3.8/site-packages/airflow/example_dags/example_python_operator.py
[2023-11-08T00:54:42.291+0000] {processor.py:839} INFO - DAG(s) dict_keys(['example_python_operator']) retrieved from /home/airflow/.local/lib/python3.8/site-packages/airflow/example_dags/example_python_operator.py
[2023-11-08T00:54:42.500+0000] {logging_mixin.py:151} INFO - [2023-11-08T00:54:42.500+0000] {dag.py:2941} INFO - Sync 1 DAGs
[2023-11-08T00:54:42.565+0000] {logging_mixin.py:151} INFO - [2023-11-08T00:54:42.565+0000] {dag.py:3722} INFO - Setting next_dagrun for example_python_operator to None, run_after=None
[2023-11-08T00:54:42.696+0000] {processor.py:179} INFO - Processing /home/airflow/.local/lib/python3.8/site-packages/airflow/example_dags/example_python_operator.py took 0.856 seconds
[2023-11-08T00:56:08.009+0000] {processor.py:157} INFO - Started process (PID=488) to work on /home/airflow/.local/lib/python3.8/site-packages/airflow/example_dags/example_python_operator.py
[2023-11-08T00:56:08.081+0000] {processor.py:829} INFO - Processing file /home/airflow/.local/lib/python3.8/site-packages/airflow/example_dags/example_python_operator.py for tasks to queue
[2023-11-08T00:56:08.387+0000] {logging_mixin.py:151} INFO - [2023-11-08T00:56:08.369+0000] {dagbag.py:536} INFO - Filling up the DagBag from /home/airflow/.local/lib/python3.8/site-packages/airflow/example_dags/example_python_operator.py
[2023-11-08T00:56:08.715+0000] {processor.py:839} INFO - DAG(s) dict_keys(['example_python_operator']) retrieved from /home/airflow/.local/lib/python3.8/site-packages/airflow/example_dags/example_python_operator.py
[2023-11-08T00:56:09.369+0000] {logging_mixin.py:151} INFO - [2023-11-08T00:56:09.365+0000] {dag.py:2941} INFO - Sync 1 DAGs
[2023-11-08T00:56:09.789+0000] {logging_mixin.py:151} INFO - [2023-11-08T00:56:09.757+0000] {dag.py:3722} INFO - Setting next_dagrun for example_python_operator to None, run_after=None
[2023-11-08T00:56:10.078+0000] {processor.py:179} INFO - Processing /home/airflow/.local/lib/python3.8/site-packages/airflow/example_dags/example_python_operator.py took 2.096 seconds
[2023-11-08T00:59:02.081+0000] {processor.py:157} INFO - Started process (PID=542) to work on /home/airflow/.local/lib/python3.8/site-packages/airflow/example_dags/example_python_operator.py
[2023-11-08T00:59:02.142+0000] {processor.py:829} INFO - Processing file /home/airflow/.local/lib/python3.8/site-packages/airflow/example_dags/example_python_operator.py for tasks to queue
[2023-11-08T00:59:02.162+0000] {logging_mixin.py:151} INFO - [2023-11-08T00:59:02.154+0000] {dagbag.py:536} INFO - Filling up the DagBag from /home/airflow/.local/lib/python3.8/site-packages/airflow/example_dags/example_python_operator.py
[2023-11-08T00:59:02.436+0000] {processor.py:839} INFO - DAG(s) dict_keys(['example_python_operator']) retrieved from /home/airflow/.local/lib/python3.8/site-packages/airflow/example_dags/example_python_operator.py
[2023-11-08T00:59:04.220+0000] {logging_mixin.py:151} INFO - [2023-11-08T00:59:04.207+0000] {dag.py:2941} INFO - Sync 1 DAGs
[2023-11-08T00:59:04.495+0000] {logging_mixin.py:151} INFO - [2023-11-08T00:59:04.479+0000] {dag.py:3722} INFO - Setting next_dagrun for example_python_operator to None, run_after=None
[2023-11-08T00:59:06.065+0000] {processor.py:179} INFO - Processing /home/airflow/.local/lib/python3.8/site-packages/airflow/example_dags/example_python_operator.py took 4.095 seconds
[2023-11-08T01:00:22.147+0000] {processor.py:157} INFO - Started process (PID=584) to work on /home/airflow/.local/lib/python3.8/site-packages/airflow/example_dags/example_python_operator.py
[2023-11-08T01:00:22.186+0000] {processor.py:829} INFO - Processing file /home/airflow/.local/lib/python3.8/site-packages/airflow/example_dags/example_python_operator.py for tasks to queue
[2023-11-08T01:00:22.215+0000] {logging_mixin.py:151} INFO - [2023-11-08T01:00:22.210+0000] {dagbag.py:536} INFO - Filling up the DagBag from /home/airflow/.local/lib/python3.8/site-packages/airflow/example_dags/example_python_operator.py
[2023-11-08T01:00:22.687+0000] {processor.py:839} INFO - DAG(s) dict_keys(['example_python_operator']) retrieved from /home/airflow/.local/lib/python3.8/site-packages/airflow/example_dags/example_python_operator.py
[2023-11-08T01:00:23.965+0000] {logging_mixin.py:151} INFO - [2023-11-08T01:00:23.754+0000] {dag.py:2941} INFO - Sync 1 DAGs
[2023-11-08T01:00:24.693+0000] {logging_mixin.py:151} INFO - [2023-11-08T01:00:24.673+0000] {dag.py:3722} INFO - Setting next_dagrun for example_python_operator to None, run_after=None
[2023-11-08T01:00:26.689+0000] {processor.py:179} INFO - Processing /home/airflow/.local/lib/python3.8/site-packages/airflow/example_dags/example_python_operator.py took 4.596 seconds
[2023-11-08T01:03:46.083+0000] {processor.py:157} INFO - Started process (PID=642) to work on /home/airflow/.local/lib/python3.8/site-packages/airflow/example_dags/example_python_operator.py
[2023-11-08T01:03:46.129+0000] {processor.py:829} INFO - Processing file /home/airflow/.local/lib/python3.8/site-packages/airflow/example_dags/example_python_operator.py for tasks to queue
[2023-11-08T01:03:46.174+0000] {logging_mixin.py:151} INFO - [2023-11-08T01:03:46.155+0000] {dagbag.py:536} INFO - Filling up the DagBag from /home/airflow/.local/lib/python3.8/site-packages/airflow/example_dags/example_python_operator.py
[2023-11-08T01:03:46.650+0000] {processor.py:839} INFO - DAG(s) dict_keys(['example_python_operator']) retrieved from /home/airflow/.local/lib/python3.8/site-packages/airflow/example_dags/example_python_operator.py
[2023-11-08T01:03:47.738+0000] {logging_mixin.py:151} INFO - [2023-11-08T01:03:47.717+0000] {dag.py:2941} INFO - Sync 1 DAGs
[2023-11-08T01:03:48.114+0000] {logging_mixin.py:151} INFO - [2023-11-08T01:03:48.108+0000] {dag.py:3722} INFO - Setting next_dagrun for example_python_operator to None, run_after=None
[2023-11-08T01:03:48.413+0000] {processor.py:179} INFO - Processing /home/airflow/.local/lib/python3.8/site-packages/airflow/example_dags/example_python_operator.py took 2.507 seconds
[2023-11-08T01:05:50.152+0000] {processor.py:157} INFO - Started process (PID=684) to work on /home/airflow/.local/lib/python3.8/site-packages/airflow/example_dags/example_python_operator.py
[2023-11-08T01:05:50.173+0000] {processor.py:829} INFO - Processing file /home/airflow/.local/lib/python3.8/site-packages/airflow/example_dags/example_python_operator.py for tasks to queue
[2023-11-08T01:05:50.186+0000] {logging_mixin.py:151} INFO - [2023-11-08T01:05:50.177+0000] {dagbag.py:536} INFO - Filling up the DagBag from /home/airflow/.local/lib/python3.8/site-packages/airflow/example_dags/example_python_operator.py
[2023-11-08T01:05:50.374+0000] {processor.py:839} INFO - DAG(s) dict_keys(['example_python_operator']) retrieved from /home/airflow/.local/lib/python3.8/site-packages/airflow/example_dags/example_python_operator.py
[2023-11-08T01:05:51.546+0000] {logging_mixin.py:151} INFO - [2023-11-08T01:05:51.541+0000] {dag.py:2941} INFO - Sync 1 DAGs
[2023-11-08T01:05:51.665+0000] {logging_mixin.py:151} INFO - [2023-11-08T01:05:51.664+0000] {dag.py:3722} INFO - Setting next_dagrun for example_python_operator to None, run_after=None
[2023-11-08T01:05:51.914+0000] {processor.py:179} INFO - Processing /home/airflow/.local/lib/python3.8/site-packages/airflow/example_dags/example_python_operator.py took 1.814 seconds
[2023-11-08T01:08:17.668+0000] {processor.py:157} INFO - Started process (PID=743) to work on /home/airflow/.local/lib/python3.8/site-packages/airflow/example_dags/example_python_operator.py
[2023-11-08T01:08:17.681+0000] {processor.py:829} INFO - Processing file /home/airflow/.local/lib/python3.8/site-packages/airflow/example_dags/example_python_operator.py for tasks to queue
[2023-11-08T01:08:17.690+0000] {logging_mixin.py:151} INFO - [2023-11-08T01:08:17.689+0000] {dagbag.py:536} INFO - Filling up the DagBag from /home/airflow/.local/lib/python3.8/site-packages/airflow/example_dags/example_python_operator.py
[2023-11-08T01:08:17.854+0000] {processor.py:839} INFO - DAG(s) dict_keys(['example_python_operator']) retrieved from /home/airflow/.local/lib/python3.8/site-packages/airflow/example_dags/example_python_operator.py
[2023-11-08T01:08:18.132+0000] {logging_mixin.py:151} INFO - [2023-11-08T01:08:18.130+0000] {dag.py:2941} INFO - Sync 1 DAGs
[2023-11-08T01:08:18.212+0000] {logging_mixin.py:151} INFO - [2023-11-08T01:08:18.211+0000] {dag.py:3722} INFO - Setting next_dagrun for example_python_operator to None, run_after=None
[2023-11-08T01:08:18.310+0000] {processor.py:179} INFO - Processing /home/airflow/.local/lib/python3.8/site-packages/airflow/example_dags/example_python_operator.py took 0.723 seconds
[2023-11-08T01:09:38.615+0000] {processor.py:157} INFO - Started process (PID=785) to work on /home/airflow/.local/lib/python3.8/site-packages/airflow/example_dags/example_python_operator.py
[2023-11-08T01:09:38.931+0000] {processor.py:829} INFO - Processing file /home/airflow/.local/lib/python3.8/site-packages/airflow/example_dags/example_python_operator.py for tasks to queue
[2023-11-08T01:09:39.116+0000] {logging_mixin.py:151} INFO - [2023-11-08T01:09:39.050+0000] {dagbag.py:536} INFO - Filling up the DagBag from /home/airflow/.local/lib/python3.8/site-packages/airflow/example_dags/example_python_operator.py
[2023-11-08T01:09:39.629+0000] {processor.py:839} INFO - DAG(s) dict_keys(['example_python_operator']) retrieved from /home/airflow/.local/lib/python3.8/site-packages/airflow/example_dags/example_python_operator.py
[2023-11-08T01:10:09.861+0000] {logging_mixin.py:151} INFO - [2023-11-08T01:10:09.832+0000] {dag.py:2941} INFO - Sync 1 DAGs
[2023-11-08T01:10:11.342+0000] {logging_mixin.py:151} INFO - [2023-11-08T01:10:11.307+0000] {dag.py:3722} INFO - Setting next_dagrun for example_python_operator to None, run_after=None
[2023-11-08T01:10:12.631+0000] {processor.py:179} INFO - Processing /home/airflow/.local/lib/python3.8/site-packages/airflow/example_dags/example_python_operator.py took 34.737 seconds
[2023-11-08T01:13:49.973+0000] {processor.py:157} INFO - Started process (PID=859) to work on /home/airflow/.local/lib/python3.8/site-packages/airflow/example_dags/example_python_operator.py
[2023-11-08T01:13:50.010+0000] {processor.py:829} INFO - Processing file /home/airflow/.local/lib/python3.8/site-packages/airflow/example_dags/example_python_operator.py for tasks to queue
[2023-11-08T01:13:50.043+0000] {logging_mixin.py:151} INFO - [2023-11-08T01:13:50.014+0000] {dagbag.py:536} INFO - Filling up the DagBag from /home/airflow/.local/lib/python3.8/site-packages/airflow/example_dags/example_python_operator.py
[2023-11-08T01:13:50.517+0000] {processor.py:839} INFO - DAG(s) dict_keys(['example_python_operator']) retrieved from /home/airflow/.local/lib/python3.8/site-packages/airflow/example_dags/example_python_operator.py
[2023-11-08T01:13:52.029+0000] {logging_mixin.py:151} INFO - [2023-11-08T01:13:51.985+0000] {dag.py:2941} INFO - Sync 1 DAGs
[2023-11-08T01:13:52.364+0000] {logging_mixin.py:151} INFO - [2023-11-08T01:13:52.360+0000] {dag.py:3722} INFO - Setting next_dagrun for example_python_operator to None, run_after=None
[2023-11-08T01:13:52.857+0000] {processor.py:179} INFO - Processing /home/airflow/.local/lib/python3.8/site-packages/airflow/example_dags/example_python_operator.py took 3.123 seconds
