[2023-11-08T00:51:52.010+0000] {processor.py:157} INFO - Started process (PID=122) to work on /home/airflow/.local/lib/python3.8/site-packages/airflow/example_dags/example_short_circuit_operator.py
[2023-11-08T00:51:52.022+0000] {processor.py:829} INFO - Processing file /home/airflow/.local/lib/python3.8/site-packages/airflow/example_dags/example_short_circuit_operator.py for tasks to queue
[2023-11-08T00:51:52.029+0000] {logging_mixin.py:151} INFO - [2023-11-08T00:51:52.028+0000] {dagbag.py:536} INFO - Filling up the DagBag from /home/airflow/.local/lib/python3.8/site-packages/airflow/example_dags/example_short_circuit_operator.py
[2023-11-08T00:51:52.054+0000] {processor.py:839} INFO - DAG(s) dict_keys(['example_short_circuit_operator']) retrieved from /home/airflow/.local/lib/python3.8/site-packages/airflow/example_dags/example_short_circuit_operator.py
[2023-11-08T00:51:52.372+0000] {logging_mixin.py:151} INFO - [2023-11-08T00:51:52.371+0000] {manager.py:499} INFO - Created Permission View: %s
[2023-11-08T00:51:52.391+0000] {logging_mixin.py:151} INFO - [2023-11-08T00:51:52.391+0000] {manager.py:499} INFO - Created Permission View: %s
[2023-11-08T00:51:52.402+0000] {logging_mixin.py:151} INFO - [2023-11-08T00:51:52.402+0000] {manager.py:499} INFO - Created Permission View: %s
[2023-11-08T00:51:52.403+0000] {logging_mixin.py:151} INFO - [2023-11-08T00:51:52.403+0000] {dag.py:2941} INFO - Sync 1 DAGs
[2023-11-08T00:51:52.423+0000] {logging_mixin.py:151} INFO - [2023-11-08T00:51:52.422+0000] {dag.py:2963} INFO - Creating ORM DAG for example_short_circuit_operator
[2023-11-08T00:51:52.437+0000] {logging_mixin.py:151} INFO - [2023-11-08T00:51:52.437+0000] {dag.py:3722} INFO - Setting next_dagrun for example_short_circuit_operator to 2023-11-07T00:51:52.436623+00:00, run_after=2023-11-08T00:51:52.436623+00:00
[2023-11-08T00:51:52.464+0000] {processor.py:179} INFO - Processing /home/airflow/.local/lib/python3.8/site-packages/airflow/example_dags/example_short_circuit_operator.py took 0.465 seconds
[2023-11-08T00:52:22.711+0000] {processor.py:157} INFO - Started process (PID=185) to work on /home/airflow/.local/lib/python3.8/site-packages/airflow/example_dags/example_short_circuit_operator.py
[2023-11-08T00:52:22.713+0000] {processor.py:829} INFO - Processing file /home/airflow/.local/lib/python3.8/site-packages/airflow/example_dags/example_short_circuit_operator.py for tasks to queue
[2023-11-08T00:52:22.721+0000] {logging_mixin.py:151} INFO - [2023-11-08T00:52:22.718+0000] {dagbag.py:536} INFO - Filling up the DagBag from /home/airflow/.local/lib/python3.8/site-packages/airflow/example_dags/example_short_circuit_operator.py
[2023-11-08T00:52:22.765+0000] {processor.py:839} INFO - DAG(s) dict_keys(['example_short_circuit_operator']) retrieved from /home/airflow/.local/lib/python3.8/site-packages/airflow/example_dags/example_short_circuit_operator.py
[2023-11-08T00:52:22.814+0000] {logging_mixin.py:151} INFO - [2023-11-08T00:52:22.813+0000] {dag.py:2941} INFO - Sync 1 DAGs
[2023-11-08T00:52:22.891+0000] {logging_mixin.py:151} INFO - [2023-11-08T00:52:22.890+0000] {dag.py:3722} INFO - Setting next_dagrun for example_short_circuit_operator to 2023-11-07T00:52:22.889224+00:00, run_after=2023-11-08T00:52:22.889224+00:00
[2023-11-08T00:52:22.954+0000] {processor.py:179} INFO - Processing /home/airflow/.local/lib/python3.8/site-packages/airflow/example_dags/example_short_circuit_operator.py took 0.251 seconds
[2023-11-08T00:52:53.162+0000] {processor.py:157} INFO - Started process (PID=239) to work on /home/airflow/.local/lib/python3.8/site-packages/airflow/example_dags/example_short_circuit_operator.py
[2023-11-08T00:52:53.164+0000] {processor.py:829} INFO - Processing file /home/airflow/.local/lib/python3.8/site-packages/airflow/example_dags/example_short_circuit_operator.py for tasks to queue
[2023-11-08T00:52:53.171+0000] {logging_mixin.py:151} INFO - [2023-11-08T00:52:53.170+0000] {dagbag.py:536} INFO - Filling up the DagBag from /home/airflow/.local/lib/python3.8/site-packages/airflow/example_dags/example_short_circuit_operator.py
[2023-11-08T00:52:53.192+0000] {processor.py:839} INFO - DAG(s) dict_keys(['example_short_circuit_operator']) retrieved from /home/airflow/.local/lib/python3.8/site-packages/airflow/example_dags/example_short_circuit_operator.py
[2023-11-08T00:52:53.222+0000] {logging_mixin.py:151} INFO - [2023-11-08T00:52:53.221+0000] {dag.py:2941} INFO - Sync 1 DAGs
[2023-11-08T00:52:53.246+0000] {logging_mixin.py:151} INFO - [2023-11-08T00:52:53.246+0000] {dag.py:3722} INFO - Setting next_dagrun for example_short_circuit_operator to 2023-11-07T00:52:53.246410+00:00, run_after=2023-11-08T00:52:53.246410+00:00
[2023-11-08T00:52:53.261+0000] {processor.py:179} INFO - Processing /home/airflow/.local/lib/python3.8/site-packages/airflow/example_dags/example_short_circuit_operator.py took 0.104 seconds
[2023-11-08T00:53:24.170+0000] {processor.py:157} INFO - Started process (PID=303) to work on /home/airflow/.local/lib/python3.8/site-packages/airflow/example_dags/example_short_circuit_operator.py
[2023-11-08T00:53:24.172+0000] {processor.py:829} INFO - Processing file /home/airflow/.local/lib/python3.8/site-packages/airflow/example_dags/example_short_circuit_operator.py for tasks to queue
[2023-11-08T00:53:24.175+0000] {logging_mixin.py:151} INFO - [2023-11-08T00:53:24.174+0000] {dagbag.py:536} INFO - Filling up the DagBag from /home/airflow/.local/lib/python3.8/site-packages/airflow/example_dags/example_short_circuit_operator.py
[2023-11-08T00:53:24.186+0000] {processor.py:839} INFO - DAG(s) dict_keys(['example_short_circuit_operator']) retrieved from /home/airflow/.local/lib/python3.8/site-packages/airflow/example_dags/example_short_circuit_operator.py
[2023-11-08T00:53:24.226+0000] {logging_mixin.py:151} INFO - [2023-11-08T00:53:24.226+0000] {dag.py:2941} INFO - Sync 1 DAGs
[2023-11-08T00:53:24.281+0000] {logging_mixin.py:151} INFO - [2023-11-08T00:53:24.281+0000] {dag.py:3722} INFO - Setting next_dagrun for example_short_circuit_operator to 2023-11-07T00:53:24.280554+00:00, run_after=2023-11-08T00:53:24.280554+00:00
[2023-11-08T00:53:24.351+0000] {processor.py:179} INFO - Processing /home/airflow/.local/lib/python3.8/site-packages/airflow/example_dags/example_short_circuit_operator.py took 0.185 seconds
[2023-11-08T00:53:55.762+0000] {processor.py:157} INFO - Started process (PID=366) to work on /home/airflow/.local/lib/python3.8/site-packages/airflow/example_dags/example_short_circuit_operator.py
[2023-11-08T00:53:55.791+0000] {processor.py:829} INFO - Processing file /home/airflow/.local/lib/python3.8/site-packages/airflow/example_dags/example_short_circuit_operator.py for tasks to queue
[2023-11-08T00:53:55.850+0000] {logging_mixin.py:151} INFO - [2023-11-08T00:53:55.848+0000] {dagbag.py:536} INFO - Filling up the DagBag from /home/airflow/.local/lib/python3.8/site-packages/airflow/example_dags/example_short_circuit_operator.py
[2023-11-08T00:53:56.024+0000] {processor.py:839} INFO - DAG(s) dict_keys(['example_short_circuit_operator']) retrieved from /home/airflow/.local/lib/python3.8/site-packages/airflow/example_dags/example_short_circuit_operator.py
[2023-11-08T00:53:56.382+0000] {logging_mixin.py:151} INFO - [2023-11-08T00:53:56.381+0000] {dag.py:2941} INFO - Sync 1 DAGs
[2023-11-08T00:53:56.674+0000] {logging_mixin.py:151} INFO - [2023-11-08T00:53:56.672+0000] {dag.py:3722} INFO - Setting next_dagrun for example_short_circuit_operator to 2023-11-07T00:53:56.671487+00:00, run_after=2023-11-08T00:53:56.671487+00:00
[2023-11-08T00:53:56.870+0000] {processor.py:179} INFO - Processing /home/airflow/.local/lib/python3.8/site-packages/airflow/example_dags/example_short_circuit_operator.py took 1.183 seconds
[2023-11-08T00:54:28.949+0000] {processor.py:157} INFO - Started process (PID=429) to work on /home/airflow/.local/lib/python3.8/site-packages/airflow/example_dags/example_short_circuit_operator.py
[2023-11-08T00:54:28.961+0000] {processor.py:829} INFO - Processing file /home/airflow/.local/lib/python3.8/site-packages/airflow/example_dags/example_short_circuit_operator.py for tasks to queue
[2023-11-08T00:54:29.006+0000] {logging_mixin.py:151} INFO - [2023-11-08T00:54:29.001+0000] {dagbag.py:536} INFO - Filling up the DagBag from /home/airflow/.local/lib/python3.8/site-packages/airflow/example_dags/example_short_circuit_operator.py
[2023-11-08T00:54:29.131+0000] {processor.py:839} INFO - DAG(s) dict_keys(['example_short_circuit_operator']) retrieved from /home/airflow/.local/lib/python3.8/site-packages/airflow/example_dags/example_short_circuit_operator.py
[2023-11-08T00:54:29.430+0000] {logging_mixin.py:151} INFO - [2023-11-08T00:54:29.428+0000] {dag.py:2941} INFO - Sync 1 DAGs
[2023-11-08T00:54:29.616+0000] {logging_mixin.py:151} INFO - [2023-11-08T00:54:29.612+0000] {dag.py:3722} INFO - Setting next_dagrun for example_short_circuit_operator to 2023-11-07T00:54:29.609499+00:00, run_after=2023-11-08T00:54:29.609499+00:00
[2023-11-08T00:54:29.751+0000] {processor.py:179} INFO - Processing /home/airflow/.local/lib/python3.8/site-packages/airflow/example_dags/example_short_circuit_operator.py took 0.893 seconds
[2023-11-08T00:58:10.779+0000] {processor.py:157} INFO - Started process (PID=520) to work on /home/airflow/.local/lib/python3.8/site-packages/airflow/example_dags/example_short_circuit_operator.py
[2023-11-08T00:58:10.799+0000] {processor.py:829} INFO - Processing file /home/airflow/.local/lib/python3.8/site-packages/airflow/example_dags/example_short_circuit_operator.py for tasks to queue
[2023-11-08T00:58:10.835+0000] {logging_mixin.py:151} INFO - [2023-11-08T00:58:10.815+0000] {dagbag.py:536} INFO - Filling up the DagBag from /home/airflow/.local/lib/python3.8/site-packages/airflow/example_dags/example_short_circuit_operator.py
[2023-11-08T00:58:11.141+0000] {processor.py:839} INFO - DAG(s) dict_keys(['example_short_circuit_operator']) retrieved from /home/airflow/.local/lib/python3.8/site-packages/airflow/example_dags/example_short_circuit_operator.py
[2023-11-08T00:58:12.703+0000] {logging_mixin.py:151} INFO - [2023-11-08T00:58:12.697+0000] {dag.py:2941} INFO - Sync 1 DAGs
[2023-11-08T00:58:13.348+0000] {logging_mixin.py:151} INFO - [2023-11-08T00:58:13.341+0000] {dag.py:3722} INFO - Setting next_dagrun for example_short_circuit_operator to 2023-11-07T00:58:13.311754+00:00, run_after=2023-11-08T00:58:13.311754+00:00
[2023-11-08T00:58:14.289+0000] {processor.py:179} INFO - Processing /home/airflow/.local/lib/python3.8/site-packages/airflow/example_dags/example_short_circuit_operator.py took 3.624 seconds
[2023-11-08T01:01:42.052+0000] {processor.py:157} INFO - Started process (PID=607) to work on /home/airflow/.local/lib/python3.8/site-packages/airflow/example_dags/example_short_circuit_operator.py
[2023-11-08T01:01:42.074+0000] {processor.py:829} INFO - Processing file /home/airflow/.local/lib/python3.8/site-packages/airflow/example_dags/example_short_circuit_operator.py for tasks to queue
[2023-11-08T01:01:42.133+0000] {logging_mixin.py:151} INFO - [2023-11-08T01:01:42.129+0000] {dagbag.py:536} INFO - Filling up the DagBag from /home/airflow/.local/lib/python3.8/site-packages/airflow/example_dags/example_short_circuit_operator.py
[2023-11-08T01:01:42.423+0000] {processor.py:839} INFO - DAG(s) dict_keys(['example_short_circuit_operator']) retrieved from /home/airflow/.local/lib/python3.8/site-packages/airflow/example_dags/example_short_circuit_operator.py
[2023-11-08T01:01:44.889+0000] {logging_mixin.py:151} INFO - [2023-11-08T01:01:44.823+0000] {dag.py:2941} INFO - Sync 1 DAGs
[2023-11-08T01:01:46.185+0000] {logging_mixin.py:151} INFO - [2023-11-08T01:01:46.153+0000] {dag.py:3722} INFO - Setting next_dagrun for example_short_circuit_operator to 2023-11-07T01:01:46.119616+00:00, run_after=2023-11-08T01:01:46.119616+00:00
[2023-11-08T01:01:48.971+0000] {processor.py:179} INFO - Processing /home/airflow/.local/lib/python3.8/site-packages/airflow/example_dags/example_short_circuit_operator.py took 7.336 seconds
[2023-11-08T01:04:57.661+0000] {processor.py:157} INFO - Started process (PID=674) to work on /home/airflow/.local/lib/python3.8/site-packages/airflow/example_dags/example_short_circuit_operator.py
[2023-11-08T01:04:57.705+0000] {processor.py:829} INFO - Processing file /home/airflow/.local/lib/python3.8/site-packages/airflow/example_dags/example_short_circuit_operator.py for tasks to queue
[2023-11-08T01:04:57.713+0000] {logging_mixin.py:151} INFO - [2023-11-08T01:04:57.710+0000] {dagbag.py:536} INFO - Filling up the DagBag from /home/airflow/.local/lib/python3.8/site-packages/airflow/example_dags/example_short_circuit_operator.py
[2023-11-08T01:04:57.975+0000] {processor.py:839} INFO - DAG(s) dict_keys(['example_short_circuit_operator']) retrieved from /home/airflow/.local/lib/python3.8/site-packages/airflow/example_dags/example_short_circuit_operator.py
[2023-11-08T01:04:59.086+0000] {logging_mixin.py:151} INFO - [2023-11-08T01:04:59.046+0000] {dag.py:2941} INFO - Sync 1 DAGs
[2023-11-08T01:04:59.556+0000] {logging_mixin.py:151} INFO - [2023-11-08T01:04:59.551+0000] {dag.py:3722} INFO - Setting next_dagrun for example_short_circuit_operator to 2023-11-07T01:04:59.540338+00:00, run_after=2023-11-08T01:04:59.540338+00:00
[2023-11-08T01:05:00.554+0000] {processor.py:179} INFO - Processing /home/airflow/.local/lib/python3.8/site-packages/airflow/example_dags/example_short_circuit_operator.py took 3.014 seconds
[2023-11-08T01:08:54.770+0000] {processor.py:157} INFO - Started process (PID=761) to work on /home/airflow/.local/lib/python3.8/site-packages/airflow/example_dags/example_short_circuit_operator.py
[2023-11-08T01:08:54.825+0000] {processor.py:829} INFO - Processing file /home/airflow/.local/lib/python3.8/site-packages/airflow/example_dags/example_short_circuit_operator.py for tasks to queue
[2023-11-08T01:08:54.874+0000] {logging_mixin.py:151} INFO - [2023-11-08T01:08:54.866+0000] {dagbag.py:536} INFO - Filling up the DagBag from /home/airflow/.local/lib/python3.8/site-packages/airflow/example_dags/example_short_circuit_operator.py
[2023-11-08T01:08:55.123+0000] {processor.py:839} INFO - DAG(s) dict_keys(['example_short_circuit_operator']) retrieved from /home/airflow/.local/lib/python3.8/site-packages/airflow/example_dags/example_short_circuit_operator.py
[2023-11-08T01:08:56.118+0000] {logging_mixin.py:151} INFO - [2023-11-08T01:08:56.098+0000] {dag.py:2941} INFO - Sync 1 DAGs
[2023-11-08T01:08:56.427+0000] {logging_mixin.py:151} INFO - [2023-11-08T01:08:56.419+0000] {dag.py:3722} INFO - Setting next_dagrun for example_short_circuit_operator to 2023-11-07T01:08:56.402330+00:00, run_after=2023-11-08T01:08:56.402330+00:00
[2023-11-08T01:08:56.835+0000] {processor.py:179} INFO - Processing /home/airflow/.local/lib/python3.8/site-packages/airflow/example_dags/example_short_circuit_operator.py took 2.208 seconds
