[2023-11-08T00:51:43.396+0000] {processor.py:157} INFO - Started process (PID=103) to work on /home/airflow/.local/lib/python3.8/site-packages/airflow/example_dags/example_sensor_decorator.py
[2023-11-08T00:51:43.413+0000] {processor.py:829} INFO - Processing file /home/airflow/.local/lib/python3.8/site-packages/airflow/example_dags/example_sensor_decorator.py for tasks to queue
[2023-11-08T00:51:43.431+0000] {logging_mixin.py:151} INFO - [2023-11-08T00:51:43.429+0000] {dagbag.py:536} INFO - Filling up the DagBag from /home/airflow/.local/lib/python3.8/site-packages/airflow/example_dags/example_sensor_decorator.py
[2023-11-08T00:51:43.475+0000] {processor.py:839} INFO - DAG(s) dict_keys(['example_sensor_decorator']) retrieved from /home/airflow/.local/lib/python3.8/site-packages/airflow/example_dags/example_sensor_decorator.py
[2023-11-08T00:51:44.126+0000] {logging_mixin.py:151} INFO - [2023-11-08T00:51:44.122+0000] {manager.py:499} INFO - Created Permission View: %s
[2023-11-08T00:51:44.159+0000] {logging_mixin.py:151} INFO - [2023-11-08T00:51:44.159+0000] {manager.py:499} INFO - Created Permission View: %s
[2023-11-08T00:51:44.174+0000] {logging_mixin.py:151} INFO - [2023-11-08T00:51:44.174+0000] {manager.py:499} INFO - Created Permission View: %s
[2023-11-08T00:51:44.175+0000] {logging_mixin.py:151} INFO - [2023-11-08T00:51:44.175+0000] {dag.py:2941} INFO - Sync 1 DAGs
[2023-11-08T00:51:44.227+0000] {logging_mixin.py:151} INFO - [2023-11-08T00:51:44.226+0000] {dag.py:2963} INFO - Creating ORM DAG for example_sensor_decorator
[2023-11-08T00:51:44.229+0000] {logging_mixin.py:151} INFO - [2023-11-08T00:51:44.229+0000] {dag.py:3722} INFO - Setting next_dagrun for example_sensor_decorator to None, run_after=None
[2023-11-08T00:51:44.295+0000] {processor.py:179} INFO - Processing /home/airflow/.local/lib/python3.8/site-packages/airflow/example_dags/example_sensor_decorator.py took 0.938 seconds
[2023-11-08T00:52:14.816+0000] {processor.py:157} INFO - Started process (PID=158) to work on /home/airflow/.local/lib/python3.8/site-packages/airflow/example_dags/example_sensor_decorator.py
[2023-11-08T00:52:14.819+0000] {processor.py:829} INFO - Processing file /home/airflow/.local/lib/python3.8/site-packages/airflow/example_dags/example_sensor_decorator.py for tasks to queue
[2023-11-08T00:52:14.825+0000] {logging_mixin.py:151} INFO - [2023-11-08T00:52:14.824+0000] {dagbag.py:536} INFO - Filling up the DagBag from /home/airflow/.local/lib/python3.8/site-packages/airflow/example_dags/example_sensor_decorator.py
[2023-11-08T00:52:14.842+0000] {processor.py:839} INFO - DAG(s) dict_keys(['example_sensor_decorator']) retrieved from /home/airflow/.local/lib/python3.8/site-packages/airflow/example_dags/example_sensor_decorator.py
[2023-11-08T00:52:14.902+0000] {logging_mixin.py:151} INFO - [2023-11-08T00:52:14.901+0000] {dag.py:2941} INFO - Sync 1 DAGs
[2023-11-08T00:52:14.931+0000] {logging_mixin.py:151} INFO - [2023-11-08T00:52:14.931+0000] {dag.py:3722} INFO - Setting next_dagrun for example_sensor_decorator to None, run_after=None
[2023-11-08T00:52:14.955+0000] {processor.py:179} INFO - Processing /home/airflow/.local/lib/python3.8/site-packages/airflow/example_dags/example_sensor_decorator.py took 0.147 seconds
[2023-11-08T00:52:45.120+0000] {processor.py:157} INFO - Started process (PID=221) to work on /home/airflow/.local/lib/python3.8/site-packages/airflow/example_dags/example_sensor_decorator.py
[2023-11-08T00:52:45.123+0000] {processor.py:829} INFO - Processing file /home/airflow/.local/lib/python3.8/site-packages/airflow/example_dags/example_sensor_decorator.py for tasks to queue
[2023-11-08T00:52:45.127+0000] {logging_mixin.py:151} INFO - [2023-11-08T00:52:45.127+0000] {dagbag.py:536} INFO - Filling up the DagBag from /home/airflow/.local/lib/python3.8/site-packages/airflow/example_dags/example_sensor_decorator.py
[2023-11-08T00:52:45.160+0000] {processor.py:839} INFO - DAG(s) dict_keys(['example_sensor_decorator']) retrieved from /home/airflow/.local/lib/python3.8/site-packages/airflow/example_dags/example_sensor_decorator.py
[2023-11-08T00:52:45.195+0000] {logging_mixin.py:151} INFO - [2023-11-08T00:52:45.194+0000] {dag.py:2941} INFO - Sync 1 DAGs
[2023-11-08T00:52:45.223+0000] {logging_mixin.py:151} INFO - [2023-11-08T00:52:45.223+0000] {dag.py:3722} INFO - Setting next_dagrun for example_sensor_decorator to None, run_after=None
[2023-11-08T00:52:45.241+0000] {processor.py:179} INFO - Processing /home/airflow/.local/lib/python3.8/site-packages/airflow/example_dags/example_sensor_decorator.py took 0.128 seconds
[2023-11-08T00:53:16.017+0000] {processor.py:157} INFO - Started process (PID=284) to work on /home/airflow/.local/lib/python3.8/site-packages/airflow/example_dags/example_sensor_decorator.py
[2023-11-08T00:53:16.025+0000] {processor.py:829} INFO - Processing file /home/airflow/.local/lib/python3.8/site-packages/airflow/example_dags/example_sensor_decorator.py for tasks to queue
[2023-11-08T00:53:16.034+0000] {logging_mixin.py:151} INFO - [2023-11-08T00:53:16.033+0000] {dagbag.py:536} INFO - Filling up the DagBag from /home/airflow/.local/lib/python3.8/site-packages/airflow/example_dags/example_sensor_decorator.py
[2023-11-08T00:53:16.059+0000] {processor.py:839} INFO - DAG(s) dict_keys(['example_sensor_decorator']) retrieved from /home/airflow/.local/lib/python3.8/site-packages/airflow/example_dags/example_sensor_decorator.py
[2023-11-08T00:53:16.121+0000] {logging_mixin.py:151} INFO - [2023-11-08T00:53:16.121+0000] {dag.py:2941} INFO - Sync 1 DAGs
[2023-11-08T00:53:16.141+0000] {logging_mixin.py:151} INFO - [2023-11-08T00:53:16.141+0000] {dag.py:3722} INFO - Setting next_dagrun for example_sensor_decorator to None, run_after=None
[2023-11-08T00:53:16.164+0000] {processor.py:179} INFO - Processing /home/airflow/.local/lib/python3.8/site-packages/airflow/example_dags/example_sensor_decorator.py took 0.174 seconds
[2023-11-08T00:53:46.337+0000] {processor.py:157} INFO - Started process (PID=348) to work on /home/airflow/.local/lib/python3.8/site-packages/airflow/example_dags/example_sensor_decorator.py
[2023-11-08T00:53:46.339+0000] {processor.py:829} INFO - Processing file /home/airflow/.local/lib/python3.8/site-packages/airflow/example_dags/example_sensor_decorator.py for tasks to queue
[2023-11-08T00:53:46.350+0000] {logging_mixin.py:151} INFO - [2023-11-08T00:53:46.349+0000] {dagbag.py:536} INFO - Filling up the DagBag from /home/airflow/.local/lib/python3.8/site-packages/airflow/example_dags/example_sensor_decorator.py
[2023-11-08T00:53:46.374+0000] {processor.py:839} INFO - DAG(s) dict_keys(['example_sensor_decorator']) retrieved from /home/airflow/.local/lib/python3.8/site-packages/airflow/example_dags/example_sensor_decorator.py
[2023-11-08T00:53:46.416+0000] {logging_mixin.py:151} INFO - [2023-11-08T00:53:46.415+0000] {dag.py:2941} INFO - Sync 1 DAGs
[2023-11-08T00:53:46.432+0000] {logging_mixin.py:151} INFO - [2023-11-08T00:53:46.432+0000] {dag.py:3722} INFO - Setting next_dagrun for example_sensor_decorator to None, run_after=None
[2023-11-08T00:53:46.468+0000] {processor.py:179} INFO - Processing /home/airflow/.local/lib/python3.8/site-packages/airflow/example_dags/example_sensor_decorator.py took 0.145 seconds
[2023-11-08T00:54:17.114+0000] {processor.py:157} INFO - Started process (PID=402) to work on /home/airflow/.local/lib/python3.8/site-packages/airflow/example_dags/example_sensor_decorator.py
[2023-11-08T00:54:17.118+0000] {processor.py:829} INFO - Processing file /home/airflow/.local/lib/python3.8/site-packages/airflow/example_dags/example_sensor_decorator.py for tasks to queue
[2023-11-08T00:54:17.124+0000] {logging_mixin.py:151} INFO - [2023-11-08T00:54:17.124+0000] {dagbag.py:536} INFO - Filling up the DagBag from /home/airflow/.local/lib/python3.8/site-packages/airflow/example_dags/example_sensor_decorator.py
[2023-11-08T00:54:17.142+0000] {processor.py:839} INFO - DAG(s) dict_keys(['example_sensor_decorator']) retrieved from /home/airflow/.local/lib/python3.8/site-packages/airflow/example_dags/example_sensor_decorator.py
[2023-11-08T00:54:17.222+0000] {logging_mixin.py:151} INFO - [2023-11-08T00:54:17.221+0000] {dag.py:2941} INFO - Sync 1 DAGs
[2023-11-08T00:54:17.332+0000] {logging_mixin.py:151} INFO - [2023-11-08T00:54:17.332+0000] {dag.py:3722} INFO - Setting next_dagrun for example_sensor_decorator to None, run_after=None
[2023-11-08T00:54:17.406+0000] {processor.py:179} INFO - Processing /home/airflow/.local/lib/python3.8/site-packages/airflow/example_dags/example_sensor_decorator.py took 0.299 seconds
[2023-11-08T00:55:48.507+0000] {processor.py:157} INFO - Started process (PID=480) to work on /home/airflow/.local/lib/python3.8/site-packages/airflow/example_dags/example_sensor_decorator.py
[2023-11-08T00:55:48.529+0000] {processor.py:829} INFO - Processing file /home/airflow/.local/lib/python3.8/site-packages/airflow/example_dags/example_sensor_decorator.py for tasks to queue
[2023-11-08T00:55:48.586+0000] {logging_mixin.py:151} INFO - [2023-11-08T00:55:48.582+0000] {dagbag.py:536} INFO - Filling up the DagBag from /home/airflow/.local/lib/python3.8/site-packages/airflow/example_dags/example_sensor_decorator.py
[2023-11-08T00:55:48.705+0000] {processor.py:839} INFO - DAG(s) dict_keys(['example_sensor_decorator']) retrieved from /home/airflow/.local/lib/python3.8/site-packages/airflow/example_dags/example_sensor_decorator.py
[2023-11-08T00:55:49.076+0000] {logging_mixin.py:151} INFO - [2023-11-08T00:55:49.074+0000] {dag.py:2941} INFO - Sync 1 DAGs
[2023-11-08T00:55:49.338+0000] {logging_mixin.py:151} INFO - [2023-11-08T00:55:49.336+0000] {dag.py:3722} INFO - Setting next_dagrun for example_sensor_decorator to None, run_after=None
[2023-11-08T00:55:49.805+0000] {processor.py:179} INFO - Processing /home/airflow/.local/lib/python3.8/site-packages/airflow/example_dags/example_sensor_decorator.py took 1.365 seconds
[2023-11-08T00:59:15.451+0000] {processor.py:157} INFO - Started process (PID=564) to work on /home/airflow/.local/lib/python3.8/site-packages/airflow/example_dags/example_sensor_decorator.py
[2023-11-08T00:59:15.464+0000] {processor.py:829} INFO - Processing file /home/airflow/.local/lib/python3.8/site-packages/airflow/example_dags/example_sensor_decorator.py for tasks to queue
[2023-11-08T00:59:15.479+0000] {logging_mixin.py:151} INFO - [2023-11-08T00:59:15.475+0000] {dagbag.py:536} INFO - Filling up the DagBag from /home/airflow/.local/lib/python3.8/site-packages/airflow/example_dags/example_sensor_decorator.py
[2023-11-08T00:59:15.629+0000] {processor.py:839} INFO - DAG(s) dict_keys(['example_sensor_decorator']) retrieved from /home/airflow/.local/lib/python3.8/site-packages/airflow/example_dags/example_sensor_decorator.py
[2023-11-08T00:59:17.193+0000] {logging_mixin.py:151} INFO - [2023-11-08T00:59:17.185+0000] {dag.py:2941} INFO - Sync 1 DAGs
[2023-11-08T00:59:19.366+0000] {logging_mixin.py:151} INFO - [2023-11-08T00:59:19.362+0000] {dag.py:3722} INFO - Setting next_dagrun for example_sensor_decorator to None, run_after=None
[2023-11-08T00:59:19.588+0000] {processor.py:179} INFO - Processing /home/airflow/.local/lib/python3.8/site-packages/airflow/example_dags/example_sensor_decorator.py took 4.286 seconds
[2023-11-08T01:01:32.644+0000] {processor.py:157} INFO - Started process (PID=599) to work on /home/airflow/.local/lib/python3.8/site-packages/airflow/example_dags/example_sensor_decorator.py
[2023-11-08T01:01:32.658+0000] {processor.py:829} INFO - Processing file /home/airflow/.local/lib/python3.8/site-packages/airflow/example_dags/example_sensor_decorator.py for tasks to queue
[2023-11-08T01:01:32.672+0000] {logging_mixin.py:151} INFO - [2023-11-08T01:01:32.666+0000] {dagbag.py:536} INFO - Filling up the DagBag from /home/airflow/.local/lib/python3.8/site-packages/airflow/example_dags/example_sensor_decorator.py
[2023-11-08T01:01:32.913+0000] {processor.py:839} INFO - DAG(s) dict_keys(['example_sensor_decorator']) retrieved from /home/airflow/.local/lib/python3.8/site-packages/airflow/example_dags/example_sensor_decorator.py
[2023-11-08T01:01:33.538+0000] {logging_mixin.py:151} INFO - [2023-11-08T01:01:33.529+0000] {dag.py:2941} INFO - Sync 1 DAGs
[2023-11-08T01:01:34.086+0000] {logging_mixin.py:151} INFO - [2023-11-08T01:01:34.074+0000] {dag.py:3722} INFO - Setting next_dagrun for example_sensor_decorator to None, run_after=None
[2023-11-08T01:01:34.396+0000] {processor.py:179} INFO - Processing /home/airflow/.local/lib/python3.8/site-packages/airflow/example_dags/example_sensor_decorator.py took 1.839 seconds
[2023-11-08T01:04:06.003+0000] {processor.py:157} INFO - Started process (PID=657) to work on /home/airflow/.local/lib/python3.8/site-packages/airflow/example_dags/example_sensor_decorator.py
[2023-11-08T01:04:06.040+0000] {processor.py:829} INFO - Processing file /home/airflow/.local/lib/python3.8/site-packages/airflow/example_dags/example_sensor_decorator.py for tasks to queue
[2023-11-08T01:04:06.076+0000] {logging_mixin.py:151} INFO - [2023-11-08T01:04:06.070+0000] {dagbag.py:536} INFO - Filling up the DagBag from /home/airflow/.local/lib/python3.8/site-packages/airflow/example_dags/example_sensor_decorator.py
[2023-11-08T01:04:06.429+0000] {processor.py:839} INFO - DAG(s) dict_keys(['example_sensor_decorator']) retrieved from /home/airflow/.local/lib/python3.8/site-packages/airflow/example_dags/example_sensor_decorator.py
[2023-11-08T01:04:08.314+0000] {logging_mixin.py:151} INFO - [2023-11-08T01:04:08.310+0000] {dag.py:2941} INFO - Sync 1 DAGs
[2023-11-08T01:04:08.716+0000] {logging_mixin.py:151} INFO - [2023-11-08T01:04:08.714+0000] {dag.py:3722} INFO - Setting next_dagrun for example_sensor_decorator to None, run_after=None
[2023-11-08T01:04:09.802+0000] {processor.py:179} INFO - Processing /home/airflow/.local/lib/python3.8/site-packages/airflow/example_dags/example_sensor_decorator.py took 3.919 seconds
[2023-11-08T01:06:53.189+0000] {processor.py:157} INFO - Started process (PID=706) to work on /home/airflow/.local/lib/python3.8/site-packages/airflow/example_dags/example_sensor_decorator.py
[2023-11-08T01:06:53.246+0000] {processor.py:829} INFO - Processing file /home/airflow/.local/lib/python3.8/site-packages/airflow/example_dags/example_sensor_decorator.py for tasks to queue
[2023-11-08T01:06:53.321+0000] {logging_mixin.py:151} INFO - [2023-11-08T01:06:53.295+0000] {dagbag.py:536} INFO - Filling up the DagBag from /home/airflow/.local/lib/python3.8/site-packages/airflow/example_dags/example_sensor_decorator.py
[2023-11-08T01:06:53.637+0000] {processor.py:839} INFO - DAG(s) dict_keys(['example_sensor_decorator']) retrieved from /home/airflow/.local/lib/python3.8/site-packages/airflow/example_dags/example_sensor_decorator.py
[2023-11-08T01:06:56.754+0000] {logging_mixin.py:151} INFO - [2023-11-08T01:06:56.678+0000] {dag.py:2941} INFO - Sync 1 DAGs
[2023-11-08T01:06:58.961+0000] {logging_mixin.py:151} INFO - [2023-11-08T01:06:58.920+0000] {dag.py:3722} INFO - Setting next_dagrun for example_sensor_decorator to None, run_after=None
[2023-11-08T01:06:59.700+0000] {processor.py:179} INFO - Processing /home/airflow/.local/lib/python3.8/site-packages/airflow/example_dags/example_sensor_decorator.py took 6.983 seconds
[2023-11-08T01:10:46.047+0000] {processor.py:157} INFO - Started process (PID=807) to work on /home/airflow/.local/lib/python3.8/site-packages/airflow/example_dags/example_sensor_decorator.py
[2023-11-08T01:10:46.072+0000] {processor.py:829} INFO - Processing file /home/airflow/.local/lib/python3.8/site-packages/airflow/example_dags/example_sensor_decorator.py for tasks to queue
[2023-11-08T01:10:46.088+0000] {logging_mixin.py:151} INFO - [2023-11-08T01:10:46.082+0000] {dagbag.py:536} INFO - Filling up the DagBag from /home/airflow/.local/lib/python3.8/site-packages/airflow/example_dags/example_sensor_decorator.py
[2023-11-08T01:10:46.367+0000] {processor.py:839} INFO - DAG(s) dict_keys(['example_sensor_decorator']) retrieved from /home/airflow/.local/lib/python3.8/site-packages/airflow/example_dags/example_sensor_decorator.py
[2023-11-08T01:11:02.959+0000] {logging_mixin.py:151} INFO - [2023-11-08T01:11:02.914+0000] {dag.py:2941} INFO - Sync 1 DAGs
[2023-11-08T01:11:03.399+0000] {logging_mixin.py:151} INFO - [2023-11-08T01:11:03.397+0000] {dag.py:3722} INFO - Setting next_dagrun for example_sensor_decorator to None, run_after=None
[2023-11-08T01:11:04.117+0000] {processor.py:179} INFO - Processing /home/airflow/.local/lib/python3.8/site-packages/airflow/example_dags/example_sensor_decorator.py took 18.134 seconds
[2023-11-08T01:15:56.098+0000] {processor.py:157} INFO - Started process (PID=887) to work on /home/airflow/.local/lib/python3.8/site-packages/airflow/example_dags/example_sensor_decorator.py
[2023-11-08T01:15:56.157+0000] {processor.py:829} INFO - Processing file /home/airflow/.local/lib/python3.8/site-packages/airflow/example_dags/example_sensor_decorator.py for tasks to queue
[2023-11-08T01:15:56.262+0000] {logging_mixin.py:151} INFO - [2023-11-08T01:15:56.196+0000] {dagbag.py:536} INFO - Filling up the DagBag from /home/airflow/.local/lib/python3.8/site-packages/airflow/example_dags/example_sensor_decorator.py
[2023-11-08T01:15:56.793+0000] {processor.py:839} INFO - DAG(s) dict_keys(['example_sensor_decorator']) retrieved from /home/airflow/.local/lib/python3.8/site-packages/airflow/example_dags/example_sensor_decorator.py
[2023-11-08T01:15:59.997+0000] {logging_mixin.py:151} INFO - [2023-11-08T01:15:59.911+0000] {dag.py:2941} INFO - Sync 1 DAGs
[2023-11-08T01:16:01.111+0000] {logging_mixin.py:151} INFO - [2023-11-08T01:16:01.074+0000] {dag.py:3722} INFO - Setting next_dagrun for example_sensor_decorator to None, run_after=None
[2023-11-08T01:16:02.375+0000] {processor.py:179} INFO - Processing /home/airflow/.local/lib/python3.8/site-packages/airflow/example_dags/example_sensor_decorator.py took 6.358 seconds
