[2023-11-08T00:51:50.978+0000] {processor.py:157} INFO - Started process (PID=120) to work on /home/airflow/.local/lib/python3.8/site-packages/airflow/example_dags/example_branch_datetime_operator.py
[2023-11-08T00:51:50.988+0000] {processor.py:829} INFO - Processing file /home/airflow/.local/lib/python3.8/site-packages/airflow/example_dags/example_branch_datetime_operator.py for tasks to queue
[2023-11-08T00:51:51.010+0000] {logging_mixin.py:151} INFO - [2023-11-08T00:51:51.005+0000] {dagbag.py:536} INFO - Filling up the DagBag from /home/airflow/.local/lib/python3.8/site-packages/airflow/example_dags/example_branch_datetime_operator.py
[2023-11-08T00:51:51.147+0000] {processor.py:839} INFO - DAG(s) dict_keys(['example_branch_datetime_operator_2', 'example_branch_datetime_operator_3', 'example_branch_datetime_operator']) retrieved from /home/airflow/.local/lib/python3.8/site-packages/airflow/example_dags/example_branch_datetime_operator.py
[2023-11-08T00:51:51.590+0000] {logging_mixin.py:151} INFO - [2023-11-08T00:51:51.589+0000] {manager.py:499} INFO - Created Permission View: %s
[2023-11-08T00:51:51.610+0000] {logging_mixin.py:151} INFO - [2023-11-08T00:51:51.610+0000] {manager.py:499} INFO - Created Permission View: %s
[2023-11-08T00:51:51.630+0000] {logging_mixin.py:151} INFO - [2023-11-08T00:51:51.629+0000] {manager.py:499} INFO - Created Permission View: %s
[2023-11-08T00:51:51.670+0000] {logging_mixin.py:151} INFO - [2023-11-08T00:51:51.670+0000] {manager.py:499} INFO - Created Permission View: %s
[2023-11-08T00:51:51.683+0000] {logging_mixin.py:151} INFO - [2023-11-08T00:51:51.683+0000] {manager.py:499} INFO - Created Permission View: %s
[2023-11-08T00:51:51.693+0000] {logging_mixin.py:151} INFO - [2023-11-08T00:51:51.693+0000] {manager.py:499} INFO - Created Permission View: %s
[2023-11-08T00:51:51.732+0000] {logging_mixin.py:151} INFO - [2023-11-08T00:51:51.731+0000] {manager.py:499} INFO - Created Permission View: %s
[2023-11-08T00:51:51.755+0000] {logging_mixin.py:151} INFO - [2023-11-08T00:51:51.754+0000] {manager.py:499} INFO - Created Permission View: %s
[2023-11-08T00:51:51.776+0000] {logging_mixin.py:151} INFO - [2023-11-08T00:51:51.775+0000] {manager.py:499} INFO - Created Permission View: %s
[2023-11-08T00:51:51.777+0000] {logging_mixin.py:151} INFO - [2023-11-08T00:51:51.777+0000] {dag.py:2941} INFO - Sync 3 DAGs
[2023-11-08T00:51:51.842+0000] {logging_mixin.py:151} INFO - [2023-11-08T00:51:51.841+0000] {dag.py:2963} INFO - Creating ORM DAG for example_branch_datetime_operator_2
[2023-11-08T00:51:51.846+0000] {logging_mixin.py:151} INFO - [2023-11-08T00:51:51.845+0000] {dag.py:2963} INFO - Creating ORM DAG for example_branch_datetime_operator
[2023-11-08T00:51:51.848+0000] {logging_mixin.py:151} INFO - [2023-11-08T00:51:51.848+0000] {dag.py:2963} INFO - Creating ORM DAG for example_branch_datetime_operator_3
[2023-11-08T00:51:51.874+0000] {logging_mixin.py:151} INFO - [2023-11-08T00:51:51.874+0000] {dag.py:3722} INFO - Setting next_dagrun for example_branch_datetime_operator to 2023-11-07T00:00:00+00:00, run_after=2023-11-08T00:00:00+00:00
[2023-11-08T00:51:51.882+0000] {logging_mixin.py:151} INFO - [2023-11-08T00:51:51.881+0000] {dag.py:3722} INFO - Setting next_dagrun for example_branch_datetime_operator_2 to 2023-11-07T00:00:00+00:00, run_after=2023-11-08T00:00:00+00:00
[2023-11-08T00:51:51.891+0000] {logging_mixin.py:151} INFO - [2023-11-08T00:51:51.891+0000] {dag.py:3722} INFO - Setting next_dagrun for example_branch_datetime_operator_3 to 2023-11-07T00:00:00+00:00, run_after=2023-11-08T00:00:00+00:00
[2023-11-08T00:51:51.935+0000] {processor.py:179} INFO - Processing /home/airflow/.local/lib/python3.8/site-packages/airflow/example_dags/example_branch_datetime_operator.py took 1.020 seconds
[2023-11-08T00:52:22.087+0000] {processor.py:157} INFO - Started process (PID=183) to work on /home/airflow/.local/lib/python3.8/site-packages/airflow/example_dags/example_branch_datetime_operator.py
[2023-11-08T00:52:22.088+0000] {processor.py:829} INFO - Processing file /home/airflow/.local/lib/python3.8/site-packages/airflow/example_dags/example_branch_datetime_operator.py for tasks to queue
[2023-11-08T00:52:22.091+0000] {logging_mixin.py:151} INFO - [2023-11-08T00:52:22.091+0000] {dagbag.py:536} INFO - Filling up the DagBag from /home/airflow/.local/lib/python3.8/site-packages/airflow/example_dags/example_branch_datetime_operator.py
[2023-11-08T00:52:22.101+0000] {processor.py:839} INFO - DAG(s) dict_keys(['example_branch_datetime_operator', 'example_branch_datetime_operator_3', 'example_branch_datetime_operator_2']) retrieved from /home/airflow/.local/lib/python3.8/site-packages/airflow/example_dags/example_branch_datetime_operator.py
[2023-11-08T00:52:22.133+0000] {logging_mixin.py:151} INFO - [2023-11-08T00:52:22.132+0000] {dag.py:2941} INFO - Sync 3 DAGs
[2023-11-08T00:52:22.332+0000] {logging_mixin.py:151} INFO - [2023-11-08T00:52:22.331+0000] {dag.py:3722} INFO - Setting next_dagrun for example_branch_datetime_operator to 2023-11-07T00:00:00+00:00, run_after=2023-11-08T00:00:00+00:00
[2023-11-08T00:52:22.343+0000] {logging_mixin.py:151} INFO - [2023-11-08T00:52:22.343+0000] {dag.py:3722} INFO - Setting next_dagrun for example_branch_datetime_operator_2 to 2023-11-07T00:00:00+00:00, run_after=2023-11-08T00:00:00+00:00
[2023-11-08T00:52:22.347+0000] {logging_mixin.py:151} INFO - [2023-11-08T00:52:22.347+0000] {dag.py:3722} INFO - Setting next_dagrun for example_branch_datetime_operator_3 to 2023-11-07T00:00:00+00:00, run_after=2023-11-08T00:00:00+00:00
[2023-11-08T00:52:22.413+0000] {processor.py:179} INFO - Processing /home/airflow/.local/lib/python3.8/site-packages/airflow/example_dags/example_branch_datetime_operator.py took 0.329 seconds
[2023-11-08T00:52:52.931+0000] {processor.py:157} INFO - Started process (PID=237) to work on /home/airflow/.local/lib/python3.8/site-packages/airflow/example_dags/example_branch_datetime_operator.py
[2023-11-08T00:52:52.933+0000] {processor.py:829} INFO - Processing file /home/airflow/.local/lib/python3.8/site-packages/airflow/example_dags/example_branch_datetime_operator.py for tasks to queue
[2023-11-08T00:52:52.938+0000] {logging_mixin.py:151} INFO - [2023-11-08T00:52:52.938+0000] {dagbag.py:536} INFO - Filling up the DagBag from /home/airflow/.local/lib/python3.8/site-packages/airflow/example_dags/example_branch_datetime_operator.py
[2023-11-08T00:52:52.959+0000] {processor.py:839} INFO - DAG(s) dict_keys(['example_branch_datetime_operator_2', 'example_branch_datetime_operator', 'example_branch_datetime_operator_3']) retrieved from /home/airflow/.local/lib/python3.8/site-packages/airflow/example_dags/example_branch_datetime_operator.py
[2023-11-08T00:52:53.016+0000] {logging_mixin.py:151} INFO - [2023-11-08T00:52:53.016+0000] {dag.py:2941} INFO - Sync 3 DAGs
[2023-11-08T00:52:53.050+0000] {logging_mixin.py:151} INFO - [2023-11-08T00:52:53.050+0000] {dag.py:3722} INFO - Setting next_dagrun for example_branch_datetime_operator to 2023-11-07T00:00:00+00:00, run_after=2023-11-08T00:00:00+00:00
[2023-11-08T00:52:53.056+0000] {logging_mixin.py:151} INFO - [2023-11-08T00:52:53.055+0000] {dag.py:3722} INFO - Setting next_dagrun for example_branch_datetime_operator_2 to 2023-11-07T00:00:00+00:00, run_after=2023-11-08T00:00:00+00:00
[2023-11-08T00:52:53.089+0000] {logging_mixin.py:151} INFO - [2023-11-08T00:52:53.087+0000] {dag.py:3722} INFO - Setting next_dagrun for example_branch_datetime_operator_3 to 2023-11-07T00:00:00+00:00, run_after=2023-11-08T00:00:00+00:00
[2023-11-08T00:52:53.114+0000] {processor.py:179} INFO - Processing /home/airflow/.local/lib/python3.8/site-packages/airflow/example_dags/example_branch_datetime_operator.py took 0.191 seconds
[2023-11-08T00:53:23.672+0000] {processor.py:157} INFO - Started process (PID=301) to work on /home/airflow/.local/lib/python3.8/site-packages/airflow/example_dags/example_branch_datetime_operator.py
[2023-11-08T00:53:23.674+0000] {processor.py:829} INFO - Processing file /home/airflow/.local/lib/python3.8/site-packages/airflow/example_dags/example_branch_datetime_operator.py for tasks to queue
[2023-11-08T00:53:23.678+0000] {logging_mixin.py:151} INFO - [2023-11-08T00:53:23.677+0000] {dagbag.py:536} INFO - Filling up the DagBag from /home/airflow/.local/lib/python3.8/site-packages/airflow/example_dags/example_branch_datetime_operator.py
[2023-11-08T00:53:23.706+0000] {processor.py:839} INFO - DAG(s) dict_keys(['example_branch_datetime_operator', 'example_branch_datetime_operator_3', 'example_branch_datetime_operator_2']) retrieved from /home/airflow/.local/lib/python3.8/site-packages/airflow/example_dags/example_branch_datetime_operator.py
[2023-11-08T00:53:23.795+0000] {logging_mixin.py:151} INFO - [2023-11-08T00:53:23.795+0000] {dag.py:2941} INFO - Sync 3 DAGs
[2023-11-08T00:53:23.844+0000] {logging_mixin.py:151} INFO - [2023-11-08T00:53:23.843+0000] {dag.py:3722} INFO - Setting next_dagrun for example_branch_datetime_operator to 2023-11-07T00:00:00+00:00, run_after=2023-11-08T00:00:00+00:00
[2023-11-08T00:53:23.863+0000] {logging_mixin.py:151} INFO - [2023-11-08T00:53:23.862+0000] {dag.py:3722} INFO - Setting next_dagrun for example_branch_datetime_operator_2 to 2023-11-07T00:00:00+00:00, run_after=2023-11-08T00:00:00+00:00
[2023-11-08T00:53:23.870+0000] {logging_mixin.py:151} INFO - [2023-11-08T00:53:23.870+0000] {dag.py:3722} INFO - Setting next_dagrun for example_branch_datetime_operator_3 to 2023-11-07T00:00:00+00:00, run_after=2023-11-08T00:00:00+00:00
[2023-11-08T00:53:23.901+0000] {processor.py:179} INFO - Processing /home/airflow/.local/lib/python3.8/site-packages/airflow/example_dags/example_branch_datetime_operator.py took 0.236 seconds
[2023-11-08T00:53:54.351+0000] {processor.py:157} INFO - Started process (PID=364) to work on /home/airflow/.local/lib/python3.8/site-packages/airflow/example_dags/example_branch_datetime_operator.py
[2023-11-08T00:53:54.362+0000] {processor.py:829} INFO - Processing file /home/airflow/.local/lib/python3.8/site-packages/airflow/example_dags/example_branch_datetime_operator.py for tasks to queue
[2023-11-08T00:53:54.404+0000] {logging_mixin.py:151} INFO - [2023-11-08T00:53:54.402+0000] {dagbag.py:536} INFO - Filling up the DagBag from /home/airflow/.local/lib/python3.8/site-packages/airflow/example_dags/example_branch_datetime_operator.py
[2023-11-08T00:53:54.482+0000] {processor.py:839} INFO - DAG(s) dict_keys(['example_branch_datetime_operator_2', 'example_branch_datetime_operator_3', 'example_branch_datetime_operator']) retrieved from /home/airflow/.local/lib/python3.8/site-packages/airflow/example_dags/example_branch_datetime_operator.py
[2023-11-08T00:53:54.727+0000] {logging_mixin.py:151} INFO - [2023-11-08T00:53:54.723+0000] {dag.py:2941} INFO - Sync 3 DAGs
[2023-11-08T00:53:54.891+0000] {logging_mixin.py:151} INFO - [2023-11-08T00:53:54.890+0000] {dag.py:3722} INFO - Setting next_dagrun for example_branch_datetime_operator to 2023-11-07T00:00:00+00:00, run_after=2023-11-08T00:00:00+00:00
[2023-11-08T00:53:54.929+0000] {logging_mixin.py:151} INFO - [2023-11-08T00:53:54.928+0000] {dag.py:3722} INFO - Setting next_dagrun for example_branch_datetime_operator_2 to 2023-11-07T00:00:00+00:00, run_after=2023-11-08T00:00:00+00:00
[2023-11-08T00:53:54.939+0000] {logging_mixin.py:151} INFO - [2023-11-08T00:53:54.938+0000] {dag.py:3722} INFO - Setting next_dagrun for example_branch_datetime_operator_3 to 2023-11-07T00:00:00+00:00, run_after=2023-11-08T00:00:00+00:00
[2023-11-08T00:53:55.057+0000] {processor.py:179} INFO - Processing /home/airflow/.local/lib/python3.8/site-packages/airflow/example_dags/example_branch_datetime_operator.py took 0.735 seconds
[2023-11-08T00:54:25.546+0000] {processor.py:157} INFO - Started process (PID=427) to work on /home/airflow/.local/lib/python3.8/site-packages/airflow/example_dags/example_branch_datetime_operator.py
[2023-11-08T00:54:25.548+0000] {processor.py:829} INFO - Processing file /home/airflow/.local/lib/python3.8/site-packages/airflow/example_dags/example_branch_datetime_operator.py for tasks to queue
[2023-11-08T00:54:25.552+0000] {logging_mixin.py:151} INFO - [2023-11-08T00:54:25.552+0000] {dagbag.py:536} INFO - Filling up the DagBag from /home/airflow/.local/lib/python3.8/site-packages/airflow/example_dags/example_branch_datetime_operator.py
[2023-11-08T00:54:25.573+0000] {processor.py:839} INFO - DAG(s) dict_keys(['example_branch_datetime_operator_3', 'example_branch_datetime_operator', 'example_branch_datetime_operator_2']) retrieved from /home/airflow/.local/lib/python3.8/site-packages/airflow/example_dags/example_branch_datetime_operator.py
[2023-11-08T00:54:25.642+0000] {logging_mixin.py:151} INFO - [2023-11-08T00:54:25.642+0000] {dag.py:2941} INFO - Sync 3 DAGs
[2023-11-08T00:54:25.672+0000] {logging_mixin.py:151} INFO - [2023-11-08T00:54:25.672+0000] {dag.py:3722} INFO - Setting next_dagrun for example_branch_datetime_operator to 2023-11-07T00:00:00+00:00, run_after=2023-11-08T00:00:00+00:00
[2023-11-08T00:54:25.678+0000] {logging_mixin.py:151} INFO - [2023-11-08T00:54:25.678+0000] {dag.py:3722} INFO - Setting next_dagrun for example_branch_datetime_operator_2 to 2023-11-07T00:00:00+00:00, run_after=2023-11-08T00:00:00+00:00
[2023-11-08T00:54:25.681+0000] {logging_mixin.py:151} INFO - [2023-11-08T00:54:25.680+0000] {dag.py:3722} INFO - Setting next_dagrun for example_branch_datetime_operator_3 to 2023-11-07T00:00:00+00:00, run_after=2023-11-08T00:00:00+00:00
[2023-11-08T00:54:25.730+0000] {processor.py:179} INFO - Processing /home/airflow/.local/lib/python3.8/site-packages/airflow/example_dags/example_branch_datetime_operator.py took 0.191 seconds
[2023-11-08T00:58:00.609+0000] {processor.py:157} INFO - Started process (PID=512) to work on /home/airflow/.local/lib/python3.8/site-packages/airflow/example_dags/example_branch_datetime_operator.py
[2023-11-08T00:58:00.629+0000] {processor.py:829} INFO - Processing file /home/airflow/.local/lib/python3.8/site-packages/airflow/example_dags/example_branch_datetime_operator.py for tasks to queue
[2023-11-08T00:58:00.683+0000] {logging_mixin.py:151} INFO - [2023-11-08T00:58:00.656+0000] {dagbag.py:536} INFO - Filling up the DagBag from /home/airflow/.local/lib/python3.8/site-packages/airflow/example_dags/example_branch_datetime_operator.py
[2023-11-08T00:58:01.941+0000] {processor.py:839} INFO - DAG(s) dict_keys(['example_branch_datetime_operator_3', 'example_branch_datetime_operator_2', 'example_branch_datetime_operator']) retrieved from /home/airflow/.local/lib/python3.8/site-packages/airflow/example_dags/example_branch_datetime_operator.py
[2023-11-08T00:58:05.026+0000] {logging_mixin.py:151} INFO - [2023-11-08T00:58:05.014+0000] {dag.py:2941} INFO - Sync 3 DAGs
[2023-11-08T00:58:08.498+0000] {logging_mixin.py:151} INFO - [2023-11-08T00:58:08.469+0000] {dag.py:3722} INFO - Setting next_dagrun for example_branch_datetime_operator to 2023-11-07T00:00:00+00:00, run_after=2023-11-08T00:00:00+00:00
[2023-11-08T00:58:08.653+0000] {logging_mixin.py:151} INFO - [2023-11-08T00:58:08.634+0000] {dag.py:3722} INFO - Setting next_dagrun for example_branch_datetime_operator_2 to 2023-11-07T00:00:00+00:00, run_after=2023-11-08T00:00:00+00:00
[2023-11-08T00:58:08.698+0000] {logging_mixin.py:151} INFO - [2023-11-08T00:58:08.697+0000] {dag.py:3722} INFO - Setting next_dagrun for example_branch_datetime_operator_3 to 2023-11-07T00:00:00+00:00, run_after=2023-11-08T00:00:00+00:00
[2023-11-08T00:58:09.581+0000] {processor.py:179} INFO - Processing /home/airflow/.local/lib/python3.8/site-packages/airflow/example_dags/example_branch_datetime_operator.py took 9.255 seconds
[2023-11-08T01:01:38.361+0000] {processor.py:157} INFO - Started process (PID=605) to work on /home/airflow/.local/lib/python3.8/site-packages/airflow/example_dags/example_branch_datetime_operator.py
[2023-11-08T01:01:38.416+0000] {processor.py:829} INFO - Processing file /home/airflow/.local/lib/python3.8/site-packages/airflow/example_dags/example_branch_datetime_operator.py for tasks to queue
[2023-11-08T01:01:38.449+0000] {logging_mixin.py:151} INFO - [2023-11-08T01:01:38.444+0000] {dagbag.py:536} INFO - Filling up the DagBag from /home/airflow/.local/lib/python3.8/site-packages/airflow/example_dags/example_branch_datetime_operator.py
[2023-11-08T01:01:38.687+0000] {processor.py:839} INFO - DAG(s) dict_keys(['example_branch_datetime_operator', 'example_branch_datetime_operator_3', 'example_branch_datetime_operator_2']) retrieved from /home/airflow/.local/lib/python3.8/site-packages/airflow/example_dags/example_branch_datetime_operator.py
[2023-11-08T01:01:39.519+0000] {logging_mixin.py:151} INFO - [2023-11-08T01:01:39.502+0000] {dag.py:2941} INFO - Sync 3 DAGs
[2023-11-08T01:01:40.029+0000] {logging_mixin.py:151} INFO - [2023-11-08T01:01:40.027+0000] {dag.py:3722} INFO - Setting next_dagrun for example_branch_datetime_operator to 2023-11-07T00:00:00+00:00, run_after=2023-11-08T00:00:00+00:00
[2023-11-08T01:01:40.050+0000] {logging_mixin.py:151} INFO - [2023-11-08T01:01:40.048+0000] {dag.py:3722} INFO - Setting next_dagrun for example_branch_datetime_operator_2 to 2023-11-07T00:00:00+00:00, run_after=2023-11-08T00:00:00+00:00
[2023-11-08T01:01:40.063+0000] {logging_mixin.py:151} INFO - [2023-11-08T01:01:40.062+0000] {dag.py:3722} INFO - Setting next_dagrun for example_branch_datetime_operator_3 to 2023-11-07T00:00:00+00:00, run_after=2023-11-08T00:00:00+00:00
[2023-11-08T01:01:40.325+0000] {processor.py:179} INFO - Processing /home/airflow/.local/lib/python3.8/site-packages/airflow/example_dags/example_branch_datetime_operator.py took 2.075 seconds
[2023-11-08T01:04:49.826+0000] {processor.py:157} INFO - Started process (PID=672) to work on /home/airflow/.local/lib/python3.8/site-packages/airflow/example_dags/example_branch_datetime_operator.py
[2023-11-08T01:04:49.840+0000] {processor.py:829} INFO - Processing file /home/airflow/.local/lib/python3.8/site-packages/airflow/example_dags/example_branch_datetime_operator.py for tasks to queue
[2023-11-08T01:04:49.850+0000] {logging_mixin.py:151} INFO - [2023-11-08T01:04:49.846+0000] {dagbag.py:536} INFO - Filling up the DagBag from /home/airflow/.local/lib/python3.8/site-packages/airflow/example_dags/example_branch_datetime_operator.py
[2023-11-08T01:04:50.019+0000] {processor.py:839} INFO - DAG(s) dict_keys(['example_branch_datetime_operator_2', 'example_branch_datetime_operator_3', 'example_branch_datetime_operator']) retrieved from /home/airflow/.local/lib/python3.8/site-packages/airflow/example_dags/example_branch_datetime_operator.py
[2023-11-08T01:04:52.501+0000] {logging_mixin.py:151} INFO - [2023-11-08T01:04:52.485+0000] {dag.py:2941} INFO - Sync 3 DAGs
[2023-11-08T01:04:53.039+0000] {logging_mixin.py:151} INFO - [2023-11-08T01:04:53.034+0000] {dag.py:3722} INFO - Setting next_dagrun for example_branch_datetime_operator to 2023-11-07T00:00:00+00:00, run_after=2023-11-08T00:00:00+00:00
[2023-11-08T01:04:53.093+0000] {logging_mixin.py:151} INFO - [2023-11-08T01:04:53.091+0000] {dag.py:3722} INFO - Setting next_dagrun for example_branch_datetime_operator_2 to 2023-11-07T00:00:00+00:00, run_after=2023-11-08T00:00:00+00:00
[2023-11-08T01:04:53.146+0000] {logging_mixin.py:151} INFO - [2023-11-08T01:04:53.145+0000] {dag.py:3722} INFO - Setting next_dagrun for example_branch_datetime_operator_3 to 2023-11-07T00:00:00+00:00, run_after=2023-11-08T00:00:00+00:00
[2023-11-08T01:04:53.788+0000] {processor.py:179} INFO - Processing /home/airflow/.local/lib/python3.8/site-packages/airflow/example_dags/example_branch_datetime_operator.py took 4.043 seconds
[2023-11-08T01:08:33.650+0000] {processor.py:157} INFO - Started process (PID=759) to work on /home/airflow/.local/lib/python3.8/site-packages/airflow/example_dags/example_branch_datetime_operator.py
[2023-11-08T01:08:33.684+0000] {processor.py:829} INFO - Processing file /home/airflow/.local/lib/python3.8/site-packages/airflow/example_dags/example_branch_datetime_operator.py for tasks to queue
[2023-11-08T01:08:33.699+0000] {logging_mixin.py:151} INFO - [2023-11-08T01:08:33.698+0000] {dagbag.py:536} INFO - Filling up the DagBag from /home/airflow/.local/lib/python3.8/site-packages/airflow/example_dags/example_branch_datetime_operator.py
[2023-11-08T01:08:35.083+0000] {processor.py:839} INFO - DAG(s) dict_keys(['example_branch_datetime_operator_3', 'example_branch_datetime_operator', 'example_branch_datetime_operator_2']) retrieved from /home/airflow/.local/lib/python3.8/site-packages/airflow/example_dags/example_branch_datetime_operator.py
[2023-11-08T01:08:45.869+0000] {logging_mixin.py:151} INFO - [2023-11-08T01:08:45.853+0000] {dag.py:2941} INFO - Sync 3 DAGs
[2023-11-08T01:08:46.500+0000] {logging_mixin.py:151} INFO - [2023-11-08T01:08:46.478+0000] {dag.py:3722} INFO - Setting next_dagrun for example_branch_datetime_operator to 2023-11-07T00:00:00+00:00, run_after=2023-11-08T00:00:00+00:00
[2023-11-08T01:08:46.566+0000] {logging_mixin.py:151} INFO - [2023-11-08T01:08:46.564+0000] {dag.py:3722} INFO - Setting next_dagrun for example_branch_datetime_operator_2 to 2023-11-07T00:00:00+00:00, run_after=2023-11-08T00:00:00+00:00
[2023-11-08T01:08:46.603+0000] {logging_mixin.py:151} INFO - [2023-11-08T01:08:46.603+0000] {dag.py:3722} INFO - Setting next_dagrun for example_branch_datetime_operator_3 to 2023-11-07T00:00:00+00:00, run_after=2023-11-08T00:00:00+00:00
[2023-11-08T01:08:47.000+0000] {processor.py:179} INFO - Processing /home/airflow/.local/lib/python3.8/site-packages/airflow/example_dags/example_branch_datetime_operator.py took 13.391 seconds
