[2023-11-08T00:51:39.834+0000] {processor.py:157} INFO - Started process (PID=101) to work on /home/airflow/.local/lib/python3.8/site-packages/airflow/example_dags/example_datasets.py
[2023-11-08T00:51:39.836+0000] {processor.py:829} INFO - Processing file /home/airflow/.local/lib/python3.8/site-packages/airflow/example_dags/example_datasets.py for tasks to queue
[2023-11-08T00:51:39.841+0000] {logging_mixin.py:151} INFO - [2023-11-08T00:51:39.840+0000] {dagbag.py:536} INFO - Filling up the DagBag from /home/airflow/.local/lib/python3.8/site-packages/airflow/example_dags/example_datasets.py
[2023-11-08T00:51:39.863+0000] {processor.py:839} INFO - DAG(s) dict_keys(['dataset_produces_1', 'dataset_consumes_unknown_never_scheduled', 'dataset_consumes_1_and_2', 'dataset_produces_2', 'dataset_consumes_1_never_scheduled', 'dataset_consumes_1']) retrieved from /home/airflow/.local/lib/python3.8/site-packages/airflow/example_dags/example_datasets.py
[2023-11-08T00:51:40.240+0000] {logging_mixin.py:151} INFO - [2023-11-08T00:51:40.238+0000] {manager.py:499} INFO - Created Permission View: %s
[2023-11-08T00:51:40.285+0000] {logging_mixin.py:151} INFO - [2023-11-08T00:51:40.284+0000] {manager.py:499} INFO - Created Permission View: %s
[2023-11-08T00:51:40.319+0000] {logging_mixin.py:151} INFO - [2023-11-08T00:51:40.318+0000] {manager.py:499} INFO - Created Permission View: %s
[2023-11-08T00:51:40.386+0000] {logging_mixin.py:151} INFO - [2023-11-08T00:51:40.384+0000] {manager.py:499} INFO - Created Permission View: %s
[2023-11-08T00:51:40.452+0000] {logging_mixin.py:151} INFO - [2023-11-08T00:51:40.451+0000] {manager.py:499} INFO - Created Permission View: %s
[2023-11-08T00:51:40.479+0000] {logging_mixin.py:151} INFO - [2023-11-08T00:51:40.478+0000] {manager.py:499} INFO - Created Permission View: %s
[2023-11-08T00:51:40.541+0000] {logging_mixin.py:151} INFO - [2023-11-08T00:51:40.540+0000] {manager.py:499} INFO - Created Permission View: %s
[2023-11-08T00:51:40.565+0000] {logging_mixin.py:151} INFO - [2023-11-08T00:51:40.565+0000] {manager.py:499} INFO - Created Permission View: %s
[2023-11-08T00:51:40.596+0000] {logging_mixin.py:151} INFO - [2023-11-08T00:51:40.595+0000] {manager.py:499} INFO - Created Permission View: %s
[2023-11-08T00:51:40.632+0000] {logging_mixin.py:151} INFO - [2023-11-08T00:51:40.631+0000] {manager.py:499} INFO - Created Permission View: %s
[2023-11-08T00:51:40.654+0000] {logging_mixin.py:151} INFO - [2023-11-08T00:51:40.653+0000] {manager.py:499} INFO - Created Permission View: %s
[2023-11-08T00:51:40.684+0000] {logging_mixin.py:151} INFO - [2023-11-08T00:51:40.683+0000] {manager.py:499} INFO - Created Permission View: %s
[2023-11-08T00:51:40.725+0000] {logging_mixin.py:151} INFO - [2023-11-08T00:51:40.724+0000] {manager.py:499} INFO - Created Permission View: %s
[2023-11-08T00:51:40.752+0000] {logging_mixin.py:151} INFO - [2023-11-08T00:51:40.751+0000] {manager.py:499} INFO - Created Permission View: %s
[2023-11-08T00:51:40.784+0000] {logging_mixin.py:151} INFO - [2023-11-08T00:51:40.783+0000] {manager.py:499} INFO - Created Permission View: %s
[2023-11-08T00:51:40.828+0000] {logging_mixin.py:151} INFO - [2023-11-08T00:51:40.827+0000] {manager.py:499} INFO - Created Permission View: %s
[2023-11-08T00:51:40.850+0000] {logging_mixin.py:151} INFO - [2023-11-08T00:51:40.849+0000] {manager.py:499} INFO - Created Permission View: %s
[2023-11-08T00:51:40.873+0000] {logging_mixin.py:151} INFO - [2023-11-08T00:51:40.873+0000] {manager.py:499} INFO - Created Permission View: %s
[2023-11-08T00:51:40.875+0000] {logging_mixin.py:151} INFO - [2023-11-08T00:51:40.874+0000] {dag.py:2941} INFO - Sync 6 DAGs
[2023-11-08T00:51:40.938+0000] {logging_mixin.py:151} INFO - [2023-11-08T00:51:40.937+0000] {dag.py:2963} INFO - Creating ORM DAG for dataset_consumes_unknown_never_scheduled
[2023-11-08T00:51:40.939+0000] {logging_mixin.py:151} INFO - [2023-11-08T00:51:40.939+0000] {dag.py:2963} INFO - Creating ORM DAG for dataset_consumes_1_never_scheduled
[2023-11-08T00:51:40.941+0000] {logging_mixin.py:151} INFO - [2023-11-08T00:51:40.941+0000] {dag.py:2963} INFO - Creating ORM DAG for dataset_consumes_1_and_2
[2023-11-08T00:51:40.943+0000] {logging_mixin.py:151} INFO - [2023-11-08T00:51:40.943+0000] {dag.py:2963} INFO - Creating ORM DAG for dataset_produces_1
[2023-11-08T00:51:40.945+0000] {logging_mixin.py:151} INFO - [2023-11-08T00:51:40.944+0000] {dag.py:2963} INFO - Creating ORM DAG for dataset_produces_2
[2023-11-08T00:51:40.947+0000] {logging_mixin.py:151} INFO - [2023-11-08T00:51:40.947+0000] {dag.py:2963} INFO - Creating ORM DAG for dataset_consumes_1
[2023-11-08T00:51:41.004+0000] {logging_mixin.py:151} INFO - [2023-11-08T00:51:41.004+0000] {dag.py:3722} INFO - Setting next_dagrun for dataset_consumes_1 to None, run_after=None
[2023-11-08T00:51:41.008+0000] {logging_mixin.py:151} INFO - [2023-11-08T00:51:41.008+0000] {dag.py:3722} INFO - Setting next_dagrun for dataset_consumes_1_and_2 to None, run_after=None
[2023-11-08T00:51:41.010+0000] {logging_mixin.py:151} INFO - [2023-11-08T00:51:41.009+0000] {dag.py:3722} INFO - Setting next_dagrun for dataset_consumes_1_never_scheduled to None, run_after=None
[2023-11-08T00:51:41.011+0000] {logging_mixin.py:151} INFO - [2023-11-08T00:51:41.011+0000] {dag.py:3722} INFO - Setting next_dagrun for dataset_consumes_unknown_never_scheduled to None, run_after=None
[2023-11-08T00:51:41.020+0000] {logging_mixin.py:151} INFO - [2023-11-08T00:51:41.020+0000] {dag.py:3722} INFO - Setting next_dagrun for dataset_produces_1 to 2023-11-07T00:00:00+00:00, run_after=2023-11-08T00:00:00+00:00
[2023-11-08T00:51:41.023+0000] {logging_mixin.py:151} INFO - [2023-11-08T00:51:41.022+0000] {dag.py:3722} INFO - Setting next_dagrun for dataset_produces_2 to None, run_after=None
[2023-11-08T00:51:41.151+0000] {processor.py:179} INFO - Processing /home/airflow/.local/lib/python3.8/site-packages/airflow/example_dags/example_datasets.py took 1.324 seconds
[2023-11-08T00:52:11.601+0000] {processor.py:157} INFO - Started process (PID=156) to work on /home/airflow/.local/lib/python3.8/site-packages/airflow/example_dags/example_datasets.py
[2023-11-08T00:52:11.603+0000] {processor.py:829} INFO - Processing file /home/airflow/.local/lib/python3.8/site-packages/airflow/example_dags/example_datasets.py for tasks to queue
[2023-11-08T00:52:11.605+0000] {logging_mixin.py:151} INFO - [2023-11-08T00:52:11.605+0000] {dagbag.py:536} INFO - Filling up the DagBag from /home/airflow/.local/lib/python3.8/site-packages/airflow/example_dags/example_datasets.py
[2023-11-08T00:52:11.621+0000] {processor.py:839} INFO - DAG(s) dict_keys(['dataset_produces_2', 'dataset_consumes_1_never_scheduled', 'dataset_produces_1', 'dataset_consumes_1', 'dataset_consumes_unknown_never_scheduled', 'dataset_consumes_1_and_2']) retrieved from /home/airflow/.local/lib/python3.8/site-packages/airflow/example_dags/example_datasets.py
[2023-11-08T00:52:11.681+0000] {logging_mixin.py:151} INFO - [2023-11-08T00:52:11.681+0000] {dag.py:2941} INFO - Sync 6 DAGs
[2023-11-08T00:52:11.710+0000] {logging_mixin.py:151} INFO - [2023-11-08T00:52:11.710+0000] {dag.py:3722} INFO - Setting next_dagrun for dataset_consumes_1 to None, run_after=None
[2023-11-08T00:52:11.713+0000] {logging_mixin.py:151} INFO - [2023-11-08T00:52:11.713+0000] {dag.py:3722} INFO - Setting next_dagrun for dataset_consumes_1_and_2 to None, run_after=None
[2023-11-08T00:52:11.714+0000] {logging_mixin.py:151} INFO - [2023-11-08T00:52:11.714+0000] {dag.py:3722} INFO - Setting next_dagrun for dataset_consumes_1_never_scheduled to None, run_after=None
[2023-11-08T00:52:11.715+0000] {logging_mixin.py:151} INFO - [2023-11-08T00:52:11.715+0000] {dag.py:3722} INFO - Setting next_dagrun for dataset_consumes_unknown_never_scheduled to None, run_after=None
[2023-11-08T00:52:11.718+0000] {logging_mixin.py:151} INFO - [2023-11-08T00:52:11.718+0000] {dag.py:3722} INFO - Setting next_dagrun for dataset_produces_1 to 2023-11-07T00:00:00+00:00, run_after=2023-11-08T00:00:00+00:00
[2023-11-08T00:52:11.719+0000] {logging_mixin.py:151} INFO - [2023-11-08T00:52:11.719+0000] {dag.py:3722} INFO - Setting next_dagrun for dataset_produces_2 to None, run_after=None
[2023-11-08T00:52:11.746+0000] {processor.py:179} INFO - Processing /home/airflow/.local/lib/python3.8/site-packages/airflow/example_dags/example_datasets.py took 0.149 seconds
[2023-11-08T00:52:41.894+0000] {processor.py:157} INFO - Started process (PID=219) to work on /home/airflow/.local/lib/python3.8/site-packages/airflow/example_dags/example_datasets.py
[2023-11-08T00:52:41.898+0000] {processor.py:829} INFO - Processing file /home/airflow/.local/lib/python3.8/site-packages/airflow/example_dags/example_datasets.py for tasks to queue
[2023-11-08T00:52:41.903+0000] {logging_mixin.py:151} INFO - [2023-11-08T00:52:41.903+0000] {dagbag.py:536} INFO - Filling up the DagBag from /home/airflow/.local/lib/python3.8/site-packages/airflow/example_dags/example_datasets.py
[2023-11-08T00:52:41.934+0000] {processor.py:839} INFO - DAG(s) dict_keys(['dataset_consumes_1_never_scheduled', 'dataset_produces_2', 'dataset_produces_1', 'dataset_consumes_1_and_2', 'dataset_consumes_unknown_never_scheduled', 'dataset_consumes_1']) retrieved from /home/airflow/.local/lib/python3.8/site-packages/airflow/example_dags/example_datasets.py
[2023-11-08T00:52:41.987+0000] {logging_mixin.py:151} INFO - [2023-11-08T00:52:41.987+0000] {dag.py:2941} INFO - Sync 6 DAGs
[2023-11-08T00:52:42.009+0000] {logging_mixin.py:151} INFO - [2023-11-08T00:52:42.009+0000] {dag.py:3722} INFO - Setting next_dagrun for dataset_consumes_1 to None, run_after=None
[2023-11-08T00:52:42.012+0000] {logging_mixin.py:151} INFO - [2023-11-08T00:52:42.012+0000] {dag.py:3722} INFO - Setting next_dagrun for dataset_consumes_1_and_2 to None, run_after=None
[2023-11-08T00:52:42.013+0000] {logging_mixin.py:151} INFO - [2023-11-08T00:52:42.013+0000] {dag.py:3722} INFO - Setting next_dagrun for dataset_consumes_1_never_scheduled to None, run_after=None
[2023-11-08T00:52:42.015+0000] {logging_mixin.py:151} INFO - [2023-11-08T00:52:42.014+0000] {dag.py:3722} INFO - Setting next_dagrun for dataset_consumes_unknown_never_scheduled to None, run_after=None
[2023-11-08T00:52:42.017+0000] {logging_mixin.py:151} INFO - [2023-11-08T00:52:42.017+0000] {dag.py:3722} INFO - Setting next_dagrun for dataset_produces_1 to 2023-11-07T00:00:00+00:00, run_after=2023-11-08T00:00:00+00:00
[2023-11-08T00:52:42.019+0000] {logging_mixin.py:151} INFO - [2023-11-08T00:52:42.018+0000] {dag.py:3722} INFO - Setting next_dagrun for dataset_produces_2 to None, run_after=None
[2023-11-08T00:52:42.044+0000] {processor.py:179} INFO - Processing /home/airflow/.local/lib/python3.8/site-packages/airflow/example_dags/example_datasets.py took 0.159 seconds
[2023-11-08T00:53:12.380+0000] {processor.py:157} INFO - Started process (PID=282) to work on /home/airflow/.local/lib/python3.8/site-packages/airflow/example_dags/example_datasets.py
[2023-11-08T00:53:12.383+0000] {processor.py:829} INFO - Processing file /home/airflow/.local/lib/python3.8/site-packages/airflow/example_dags/example_datasets.py for tasks to queue
[2023-11-08T00:53:12.388+0000] {logging_mixin.py:151} INFO - [2023-11-08T00:53:12.387+0000] {dagbag.py:536} INFO - Filling up the DagBag from /home/airflow/.local/lib/python3.8/site-packages/airflow/example_dags/example_datasets.py
[2023-11-08T00:53:12.425+0000] {processor.py:839} INFO - DAG(s) dict_keys(['dataset_produces_2', 'dataset_consumes_1_never_scheduled', 'dataset_consumes_1', 'dataset_consumes_1_and_2', 'dataset_consumes_unknown_never_scheduled', 'dataset_produces_1']) retrieved from /home/airflow/.local/lib/python3.8/site-packages/airflow/example_dags/example_datasets.py
[2023-11-08T00:53:12.604+0000] {logging_mixin.py:151} INFO - [2023-11-08T00:53:12.603+0000] {dag.py:2941} INFO - Sync 6 DAGs
[2023-11-08T00:53:12.692+0000] {logging_mixin.py:151} INFO - [2023-11-08T00:53:12.690+0000] {dag.py:3722} INFO - Setting next_dagrun for dataset_consumes_1 to None, run_after=None
[2023-11-08T00:53:12.701+0000] {logging_mixin.py:151} INFO - [2023-11-08T00:53:12.700+0000] {dag.py:3722} INFO - Setting next_dagrun for dataset_consumes_1_and_2 to None, run_after=None
[2023-11-08T00:53:12.704+0000] {logging_mixin.py:151} INFO - [2023-11-08T00:53:12.703+0000] {dag.py:3722} INFO - Setting next_dagrun for dataset_consumes_1_never_scheduled to None, run_after=None
[2023-11-08T00:53:12.706+0000] {logging_mixin.py:151} INFO - [2023-11-08T00:53:12.706+0000] {dag.py:3722} INFO - Setting next_dagrun for dataset_consumes_unknown_never_scheduled to None, run_after=None
[2023-11-08T00:53:12.714+0000] {logging_mixin.py:151} INFO - [2023-11-08T00:53:12.713+0000] {dag.py:3722} INFO - Setting next_dagrun for dataset_produces_1 to 2023-11-07T00:00:00+00:00, run_after=2023-11-08T00:00:00+00:00
[2023-11-08T00:53:12.716+0000] {logging_mixin.py:151} INFO - [2023-11-08T00:53:12.716+0000] {dag.py:3722} INFO - Setting next_dagrun for dataset_produces_2 to None, run_after=None
[2023-11-08T00:53:12.794+0000] {processor.py:179} INFO - Processing /home/airflow/.local/lib/python3.8/site-packages/airflow/example_dags/example_datasets.py took 0.422 seconds
[2023-11-08T00:53:44.228+0000] {processor.py:157} INFO - Started process (PID=346) to work on /home/airflow/.local/lib/python3.8/site-packages/airflow/example_dags/example_datasets.py
[2023-11-08T00:53:44.240+0000] {processor.py:829} INFO - Processing file /home/airflow/.local/lib/python3.8/site-packages/airflow/example_dags/example_datasets.py for tasks to queue
[2023-11-08T00:53:44.285+0000] {logging_mixin.py:151} INFO - [2023-11-08T00:53:44.284+0000] {dagbag.py:536} INFO - Filling up the DagBag from /home/airflow/.local/lib/python3.8/site-packages/airflow/example_dags/example_datasets.py
[2023-11-08T00:53:44.324+0000] {processor.py:839} INFO - DAG(s) dict_keys(['dataset_consumes_1', 'dataset_consumes_unknown_never_scheduled', 'dataset_produces_2', 'dataset_consumes_1_never_scheduled', 'dataset_consumes_1_and_2', 'dataset_produces_1']) retrieved from /home/airflow/.local/lib/python3.8/site-packages/airflow/example_dags/example_datasets.py
[2023-11-08T00:53:44.441+0000] {logging_mixin.py:151} INFO - [2023-11-08T00:53:44.441+0000] {dag.py:2941} INFO - Sync 6 DAGs
[2023-11-08T00:53:44.496+0000] {logging_mixin.py:151} INFO - [2023-11-08T00:53:44.495+0000] {dag.py:3722} INFO - Setting next_dagrun for dataset_consumes_1 to None, run_after=None
[2023-11-08T00:53:44.501+0000] {logging_mixin.py:151} INFO - [2023-11-08T00:53:44.501+0000] {dag.py:3722} INFO - Setting next_dagrun for dataset_consumes_1_and_2 to None, run_after=None
[2023-11-08T00:53:44.502+0000] {logging_mixin.py:151} INFO - [2023-11-08T00:53:44.502+0000] {dag.py:3722} INFO - Setting next_dagrun for dataset_consumes_1_never_scheduled to None, run_after=None
[2023-11-08T00:53:44.503+0000] {logging_mixin.py:151} INFO - [2023-11-08T00:53:44.503+0000] {dag.py:3722} INFO - Setting next_dagrun for dataset_consumes_unknown_never_scheduled to None, run_after=None
[2023-11-08T00:53:44.507+0000] {logging_mixin.py:151} INFO - [2023-11-08T00:53:44.506+0000] {dag.py:3722} INFO - Setting next_dagrun for dataset_produces_1 to 2023-11-07T00:00:00+00:00, run_after=2023-11-08T00:00:00+00:00
[2023-11-08T00:53:44.508+0000] {logging_mixin.py:151} INFO - [2023-11-08T00:53:44.508+0000] {dag.py:3722} INFO - Setting next_dagrun for dataset_produces_2 to None, run_after=None
[2023-11-08T00:53:44.550+0000] {processor.py:179} INFO - Processing /home/airflow/.local/lib/python3.8/site-packages/airflow/example_dags/example_datasets.py took 0.343 seconds
[2023-11-08T00:54:16.182+0000] {processor.py:157} INFO - Started process (PID=400) to work on /home/airflow/.local/lib/python3.8/site-packages/airflow/example_dags/example_datasets.py
[2023-11-08T00:54:16.189+0000] {processor.py:829} INFO - Processing file /home/airflow/.local/lib/python3.8/site-packages/airflow/example_dags/example_datasets.py for tasks to queue
[2023-11-08T00:54:16.213+0000] {logging_mixin.py:151} INFO - [2023-11-08T00:54:16.211+0000] {dagbag.py:536} INFO - Filling up the DagBag from /home/airflow/.local/lib/python3.8/site-packages/airflow/example_dags/example_datasets.py
[2023-11-08T00:54:16.288+0000] {processor.py:839} INFO - DAG(s) dict_keys(['dataset_consumes_1_never_scheduled', 'dataset_consumes_1', 'dataset_produces_2', 'dataset_consumes_1_and_2', 'dataset_produces_1', 'dataset_consumes_unknown_never_scheduled']) retrieved from /home/airflow/.local/lib/python3.8/site-packages/airflow/example_dags/example_datasets.py
[2023-11-08T00:54:16.446+0000] {logging_mixin.py:151} INFO - [2023-11-08T00:54:16.445+0000] {dag.py:2941} INFO - Sync 6 DAGs
[2023-11-08T00:54:16.517+0000] {logging_mixin.py:151} INFO - [2023-11-08T00:54:16.516+0000] {dag.py:3722} INFO - Setting next_dagrun for dataset_consumes_1 to None, run_after=None
[2023-11-08T00:54:16.525+0000] {logging_mixin.py:151} INFO - [2023-11-08T00:54:16.524+0000] {dag.py:3722} INFO - Setting next_dagrun for dataset_consumes_1_and_2 to None, run_after=None
[2023-11-08T00:54:16.528+0000] {logging_mixin.py:151} INFO - [2023-11-08T00:54:16.527+0000] {dag.py:3722} INFO - Setting next_dagrun for dataset_consumes_1_never_scheduled to None, run_after=None
[2023-11-08T00:54:16.530+0000] {logging_mixin.py:151} INFO - [2023-11-08T00:54:16.530+0000] {dag.py:3722} INFO - Setting next_dagrun for dataset_consumes_unknown_never_scheduled to None, run_after=None
[2023-11-08T00:54:16.536+0000] {logging_mixin.py:151} INFO - [2023-11-08T00:54:16.535+0000] {dag.py:3722} INFO - Setting next_dagrun for dataset_produces_1 to 2023-11-07T00:00:00+00:00, run_after=2023-11-08T00:00:00+00:00
[2023-11-08T00:54:16.539+0000] {logging_mixin.py:151} INFO - [2023-11-08T00:54:16.538+0000] {dag.py:3722} INFO - Setting next_dagrun for dataset_produces_2 to None, run_after=None
[2023-11-08T00:54:16.610+0000] {processor.py:179} INFO - Processing /home/airflow/.local/lib/python3.8/site-packages/airflow/example_dags/example_datasets.py took 0.453 seconds
[2023-11-08T00:55:25.122+0000] {processor.py:157} INFO - Started process (PID=470) to work on /home/airflow/.local/lib/python3.8/site-packages/airflow/example_dags/example_datasets.py
[2023-11-08T00:55:25.189+0000] {processor.py:829} INFO - Processing file /home/airflow/.local/lib/python3.8/site-packages/airflow/example_dags/example_datasets.py for tasks to queue
[2023-11-08T00:55:25.505+0000] {logging_mixin.py:151} INFO - [2023-11-08T00:55:25.454+0000] {dagbag.py:536} INFO - Filling up the DagBag from /home/airflow/.local/lib/python3.8/site-packages/airflow/example_dags/example_datasets.py
[2023-11-08T00:55:29.102+0000] {processor.py:839} INFO - DAG(s) dict_keys(['dataset_produces_2', 'dataset_consumes_unknown_never_scheduled', 'dataset_consumes_1_and_2', 'dataset_produces_1', 'dataset_consumes_1', 'dataset_consumes_1_never_scheduled']) retrieved from /home/airflow/.local/lib/python3.8/site-packages/airflow/example_dags/example_datasets.py
[2023-11-08T00:55:45.982+0000] {logging_mixin.py:151} INFO - [2023-11-08T00:55:45.977+0000] {dag.py:2941} INFO - Sync 6 DAGs
[2023-11-08T00:55:47.048+0000] {logging_mixin.py:151} INFO - [2023-11-08T00:55:47.025+0000] {dag.py:3722} INFO - Setting next_dagrun for dataset_consumes_1 to None, run_after=None
[2023-11-08T00:55:47.143+0000] {logging_mixin.py:151} INFO - [2023-11-08T00:55:47.141+0000] {dag.py:3722} INFO - Setting next_dagrun for dataset_consumes_1_and_2 to None, run_after=None
[2023-11-08T00:55:47.185+0000] {logging_mixin.py:151} INFO - [2023-11-08T00:55:47.185+0000] {dag.py:3722} INFO - Setting next_dagrun for dataset_consumes_1_never_scheduled to None, run_after=None
[2023-11-08T00:55:47.251+0000] {logging_mixin.py:151} INFO - [2023-11-08T00:55:47.250+0000] {dag.py:3722} INFO - Setting next_dagrun for dataset_consumes_unknown_never_scheduled to None, run_after=None
[2023-11-08T00:55:47.447+0000] {logging_mixin.py:151} INFO - [2023-11-08T00:55:47.443+0000] {dag.py:3722} INFO - Setting next_dagrun for dataset_produces_1 to 2023-11-07T00:00:00+00:00, run_after=2023-11-08T00:00:00+00:00
[2023-11-08T00:55:47.504+0000] {logging_mixin.py:151} INFO - [2023-11-08T00:55:47.504+0000] {dag.py:3722} INFO - Setting next_dagrun for dataset_produces_2 to None, run_after=None
[2023-11-08T00:55:47.975+0000] {processor.py:179} INFO - Processing /home/airflow/.local/lib/python3.8/site-packages/airflow/example_dags/example_datasets.py took 23.157 seconds
[2023-11-08T00:59:13.625+0000] {processor.py:157} INFO - Started process (PID=562) to work on /home/airflow/.local/lib/python3.8/site-packages/airflow/example_dags/example_datasets.py
[2023-11-08T00:59:13.634+0000] {processor.py:829} INFO - Processing file /home/airflow/.local/lib/python3.8/site-packages/airflow/example_dags/example_datasets.py for tasks to queue
[2023-11-08T00:59:13.644+0000] {logging_mixin.py:151} INFO - [2023-11-08T00:59:13.640+0000] {dagbag.py:536} INFO - Filling up the DagBag from /home/airflow/.local/lib/python3.8/site-packages/airflow/example_dags/example_datasets.py
[2023-11-08T00:59:13.871+0000] {processor.py:839} INFO - DAG(s) dict_keys(['dataset_consumes_1', 'dataset_consumes_1_and_2', 'dataset_consumes_1_never_scheduled', 'dataset_consumes_unknown_never_scheduled', 'dataset_produces_1', 'dataset_produces_2']) retrieved from /home/airflow/.local/lib/python3.8/site-packages/airflow/example_dags/example_datasets.py
[2023-11-08T00:59:14.290+0000] {logging_mixin.py:151} INFO - [2023-11-08T00:59:14.285+0000] {dag.py:2941} INFO - Sync 6 DAGs
[2023-11-08T00:59:14.656+0000] {logging_mixin.py:151} INFO - [2023-11-08T00:59:14.648+0000] {dag.py:3722} INFO - Setting next_dagrun for dataset_consumes_1 to None, run_after=None
[2023-11-08T00:59:14.692+0000] {logging_mixin.py:151} INFO - [2023-11-08T00:59:14.691+0000] {dag.py:3722} INFO - Setting next_dagrun for dataset_consumes_1_and_2 to None, run_after=None
[2023-11-08T00:59:14.706+0000] {logging_mixin.py:151} INFO - [2023-11-08T00:59:14.705+0000] {dag.py:3722} INFO - Setting next_dagrun for dataset_consumes_1_never_scheduled to None, run_after=None
[2023-11-08T00:59:14.713+0000] {logging_mixin.py:151} INFO - [2023-11-08T00:59:14.712+0000] {dag.py:3722} INFO - Setting next_dagrun for dataset_consumes_unknown_never_scheduled to None, run_after=None
[2023-11-08T00:59:14.744+0000] {logging_mixin.py:151} INFO - [2023-11-08T00:59:14.743+0000] {dag.py:3722} INFO - Setting next_dagrun for dataset_produces_1 to 2023-11-07T00:00:00+00:00, run_after=2023-11-08T00:00:00+00:00
[2023-11-08T00:59:14.752+0000] {logging_mixin.py:151} INFO - [2023-11-08T00:59:14.751+0000] {dag.py:3722} INFO - Setting next_dagrun for dataset_produces_2 to None, run_after=None
[2023-11-08T00:59:15.140+0000] {processor.py:179} INFO - Processing /home/airflow/.local/lib/python3.8/site-packages/airflow/example_dags/example_datasets.py took 1.531 seconds
[2023-11-08T01:01:28.476+0000] {processor.py:157} INFO - Started process (PID=597) to work on /home/airflow/.local/lib/python3.8/site-packages/airflow/example_dags/example_datasets.py
[2023-11-08T01:01:28.559+0000] {processor.py:829} INFO - Processing file /home/airflow/.local/lib/python3.8/site-packages/airflow/example_dags/example_datasets.py for tasks to queue
[2023-11-08T01:01:28.640+0000] {logging_mixin.py:151} INFO - [2023-11-08T01:01:28.604+0000] {dagbag.py:536} INFO - Filling up the DagBag from /home/airflow/.local/lib/python3.8/site-packages/airflow/example_dags/example_datasets.py
[2023-11-08T01:01:29.300+0000] {processor.py:839} INFO - DAG(s) dict_keys(['dataset_consumes_1_and_2', 'dataset_produces_2', 'dataset_consumes_1_never_scheduled', 'dataset_consumes_1', 'dataset_consumes_unknown_never_scheduled', 'dataset_produces_1']) retrieved from /home/airflow/.local/lib/python3.8/site-packages/airflow/example_dags/example_datasets.py
[2023-11-08T01:01:30.642+0000] {logging_mixin.py:151} INFO - [2023-11-08T01:01:30.619+0000] {dag.py:2941} INFO - Sync 6 DAGs
[2023-11-08T01:01:31.260+0000] {logging_mixin.py:151} INFO - [2023-11-08T01:01:31.224+0000] {dag.py:3722} INFO - Setting next_dagrun for dataset_consumes_1 to None, run_after=None
[2023-11-08T01:01:31.343+0000] {logging_mixin.py:151} INFO - [2023-11-08T01:01:31.342+0000] {dag.py:3722} INFO - Setting next_dagrun for dataset_consumes_1_and_2 to None, run_after=None
[2023-11-08T01:01:31.418+0000] {logging_mixin.py:151} INFO - [2023-11-08T01:01:31.417+0000] {dag.py:3722} INFO - Setting next_dagrun for dataset_consumes_1_never_scheduled to None, run_after=None
[2023-11-08T01:01:31.439+0000] {logging_mixin.py:151} INFO - [2023-11-08T01:01:31.438+0000] {dag.py:3722} INFO - Setting next_dagrun for dataset_consumes_unknown_never_scheduled to None, run_after=None
[2023-11-08T01:01:31.508+0000] {logging_mixin.py:151} INFO - [2023-11-08T01:01:31.507+0000] {dag.py:3722} INFO - Setting next_dagrun for dataset_produces_1 to 2023-11-07T00:00:00+00:00, run_after=2023-11-08T00:00:00+00:00
[2023-11-08T01:01:31.531+0000] {logging_mixin.py:151} INFO - [2023-11-08T01:01:31.529+0000] {dag.py:3722} INFO - Setting next_dagrun for dataset_produces_2 to None, run_after=None
[2023-11-08T01:01:32.386+0000] {processor.py:179} INFO - Processing /home/airflow/.local/lib/python3.8/site-packages/airflow/example_dags/example_datasets.py took 4.247 seconds
[2023-11-08T01:04:00.478+0000] {processor.py:157} INFO - Started process (PID=655) to work on /home/airflow/.local/lib/python3.8/site-packages/airflow/example_dags/example_datasets.py
[2023-11-08T01:04:00.503+0000] {processor.py:829} INFO - Processing file /home/airflow/.local/lib/python3.8/site-packages/airflow/example_dags/example_datasets.py for tasks to queue
[2023-11-08T01:04:00.542+0000] {logging_mixin.py:151} INFO - [2023-11-08T01:04:00.525+0000] {dagbag.py:536} INFO - Filling up the DagBag from /home/airflow/.local/lib/python3.8/site-packages/airflow/example_dags/example_datasets.py
[2023-11-08T01:04:01.768+0000] {processor.py:839} INFO - DAG(s) dict_keys(['dataset_consumes_1_and_2', 'dataset_consumes_unknown_never_scheduled', 'dataset_consumes_1', 'dataset_produces_2', 'dataset_produces_1', 'dataset_consumes_1_never_scheduled']) retrieved from /home/airflow/.local/lib/python3.8/site-packages/airflow/example_dags/example_datasets.py
[2023-11-08T01:04:03.456+0000] {logging_mixin.py:151} INFO - [2023-11-08T01:04:03.438+0000] {dag.py:2941} INFO - Sync 6 DAGs
[2023-11-08T01:04:03.903+0000] {logging_mixin.py:151} INFO - [2023-11-08T01:04:03.894+0000] {dag.py:3722} INFO - Setting next_dagrun for dataset_consumes_1 to None, run_after=None
[2023-11-08T01:04:04.036+0000] {logging_mixin.py:151} INFO - [2023-11-08T01:04:04.024+0000] {dag.py:3722} INFO - Setting next_dagrun for dataset_consumes_1_and_2 to None, run_after=None
[2023-11-08T01:04:04.078+0000] {logging_mixin.py:151} INFO - [2023-11-08T01:04:04.076+0000] {dag.py:3722} INFO - Setting next_dagrun for dataset_consumes_1_never_scheduled to None, run_after=None
[2023-11-08T01:04:04.133+0000] {logging_mixin.py:151} INFO - [2023-11-08T01:04:04.132+0000] {dag.py:3722} INFO - Setting next_dagrun for dataset_consumes_unknown_never_scheduled to None, run_after=None
[2023-11-08T01:04:04.279+0000] {logging_mixin.py:151} INFO - [2023-11-08T01:04:04.278+0000] {dag.py:3722} INFO - Setting next_dagrun for dataset_produces_1 to 2023-11-07T00:00:00+00:00, run_after=2023-11-08T00:00:00+00:00
[2023-11-08T01:04:04.331+0000] {logging_mixin.py:151} INFO - [2023-11-08T01:04:04.330+0000] {dag.py:3722} INFO - Setting next_dagrun for dataset_produces_2 to None, run_after=None
[2023-11-08T01:04:05.073+0000] {processor.py:179} INFO - Processing /home/airflow/.local/lib/python3.8/site-packages/airflow/example_dags/example_datasets.py took 4.857 seconds
[2023-11-08T01:06:46.356+0000] {processor.py:157} INFO - Started process (PID=704) to work on /home/airflow/.local/lib/python3.8/site-packages/airflow/example_dags/example_datasets.py
[2023-11-08T01:06:46.370+0000] {processor.py:829} INFO - Processing file /home/airflow/.local/lib/python3.8/site-packages/airflow/example_dags/example_datasets.py for tasks to queue
[2023-11-08T01:06:46.395+0000] {logging_mixin.py:151} INFO - [2023-11-08T01:06:46.387+0000] {dagbag.py:536} INFO - Filling up the DagBag from /home/airflow/.local/lib/python3.8/site-packages/airflow/example_dags/example_datasets.py
[2023-11-08T01:06:46.579+0000] {processor.py:839} INFO - DAG(s) dict_keys(['dataset_consumes_1_and_2', 'dataset_consumes_unknown_never_scheduled', 'dataset_produces_2', 'dataset_consumes_1_never_scheduled', 'dataset_produces_1', 'dataset_consumes_1']) retrieved from /home/airflow/.local/lib/python3.8/site-packages/airflow/example_dags/example_datasets.py
[2023-11-08T01:06:47.999+0000] {logging_mixin.py:151} INFO - [2023-11-08T01:06:47.993+0000] {dag.py:2941} INFO - Sync 6 DAGs
[2023-11-08T01:06:48.560+0000] {logging_mixin.py:151} INFO - [2023-11-08T01:06:48.549+0000] {dag.py:3722} INFO - Setting next_dagrun for dataset_consumes_1 to None, run_after=None
[2023-11-08T01:06:48.698+0000] {logging_mixin.py:151} INFO - [2023-11-08T01:06:48.681+0000] {dag.py:3722} INFO - Setting next_dagrun for dataset_consumes_1_and_2 to None, run_after=None
[2023-11-08T01:06:48.768+0000] {logging_mixin.py:151} INFO - [2023-11-08T01:06:48.755+0000] {dag.py:3722} INFO - Setting next_dagrun for dataset_consumes_1_never_scheduled to None, run_after=None
[2023-11-08T01:06:48.842+0000] {logging_mixin.py:151} INFO - [2023-11-08T01:06:48.840+0000] {dag.py:3722} INFO - Setting next_dagrun for dataset_consumes_unknown_never_scheduled to None, run_after=None
[2023-11-08T01:06:49.186+0000] {logging_mixin.py:151} INFO - [2023-11-08T01:06:49.163+0000] {dag.py:3722} INFO - Setting next_dagrun for dataset_produces_1 to 2023-11-07T00:00:00+00:00, run_after=2023-11-08T00:00:00+00:00
[2023-11-08T01:06:49.289+0000] {logging_mixin.py:151} INFO - [2023-11-08T01:06:49.289+0000] {dag.py:3722} INFO - Setting next_dagrun for dataset_produces_2 to None, run_after=None
[2023-11-08T01:06:50.844+0000] {processor.py:179} INFO - Processing /home/airflow/.local/lib/python3.8/site-packages/airflow/example_dags/example_datasets.py took 4.508 seconds
[2023-11-08T01:08:27.056+0000] {processor.py:157} INFO - Started process (PID=756) to work on /home/airflow/.local/lib/python3.8/site-packages/airflow/example_dags/example_datasets.py
[2023-11-08T01:08:27.069+0000] {processor.py:829} INFO - Processing file /home/airflow/.local/lib/python3.8/site-packages/airflow/example_dags/example_datasets.py for tasks to queue
[2023-11-08T01:08:27.072+0000] {logging_mixin.py:151} INFO - [2023-11-08T01:08:27.071+0000] {dagbag.py:536} INFO - Filling up the DagBag from /home/airflow/.local/lib/python3.8/site-packages/airflow/example_dags/example_datasets.py
[2023-11-08T01:08:27.246+0000] {processor.py:839} INFO - DAG(s) dict_keys(['dataset_produces_1', 'dataset_consumes_1', 'dataset_consumes_1_never_scheduled', 'dataset_consumes_unknown_never_scheduled', 'dataset_produces_2', 'dataset_consumes_1_and_2']) retrieved from /home/airflow/.local/lib/python3.8/site-packages/airflow/example_dags/example_datasets.py
[2023-11-08T01:08:27.863+0000] {logging_mixin.py:151} INFO - [2023-11-08T01:08:27.862+0000] {dag.py:2941} INFO - Sync 6 DAGs
[2023-11-08T01:08:28.654+0000] {logging_mixin.py:151} INFO - [2023-11-08T01:08:28.617+0000] {dag.py:3722} INFO - Setting next_dagrun for dataset_consumes_1 to None, run_after=None
[2023-11-08T01:08:28.705+0000] {logging_mixin.py:151} INFO - [2023-11-08T01:08:28.704+0000] {dag.py:3722} INFO - Setting next_dagrun for dataset_consumes_1_and_2 to None, run_after=None
[2023-11-08T01:08:28.726+0000] {logging_mixin.py:151} INFO - [2023-11-08T01:08:28.725+0000] {dag.py:3722} INFO - Setting next_dagrun for dataset_consumes_1_never_scheduled to None, run_after=None
[2023-11-08T01:08:28.752+0000] {logging_mixin.py:151} INFO - [2023-11-08T01:08:28.751+0000] {dag.py:3722} INFO - Setting next_dagrun for dataset_consumes_unknown_never_scheduled to None, run_after=None
[2023-11-08T01:08:28.870+0000] {logging_mixin.py:151} INFO - [2023-11-08T01:08:28.854+0000] {dag.py:3722} INFO - Setting next_dagrun for dataset_produces_1 to 2023-11-07T00:00:00+00:00, run_after=2023-11-08T00:00:00+00:00
[2023-11-08T01:08:28.917+0000] {logging_mixin.py:151} INFO - [2023-11-08T01:08:28.917+0000] {dag.py:3722} INFO - Setting next_dagrun for dataset_produces_2 to None, run_after=None
[2023-11-08T01:08:30.573+0000] {processor.py:179} INFO - Processing /home/airflow/.local/lib/python3.8/site-packages/airflow/example_dags/example_datasets.py took 3.558 seconds
[2023-11-08T01:10:35.042+0000] {processor.py:157} INFO - Started process (PID=805) to work on /home/airflow/.local/lib/python3.8/site-packages/airflow/example_dags/example_datasets.py
[2023-11-08T01:10:35.049+0000] {processor.py:829} INFO - Processing file /home/airflow/.local/lib/python3.8/site-packages/airflow/example_dags/example_datasets.py for tasks to queue
[2023-11-08T01:10:35.056+0000] {logging_mixin.py:151} INFO - [2023-11-08T01:10:35.053+0000] {dagbag.py:536} INFO - Filling up the DagBag from /home/airflow/.local/lib/python3.8/site-packages/airflow/example_dags/example_datasets.py
[2023-11-08T01:10:35.205+0000] {processor.py:839} INFO - DAG(s) dict_keys(['dataset_consumes_unknown_never_scheduled', 'dataset_consumes_1_and_2', 'dataset_produces_1', 'dataset_consumes_1_never_scheduled', 'dataset_consumes_1', 'dataset_produces_2']) retrieved from /home/airflow/.local/lib/python3.8/site-packages/airflow/example_dags/example_datasets.py
[2023-11-08T01:10:43.386+0000] {logging_mixin.py:151} INFO - [2023-11-08T01:10:43.378+0000] {dag.py:2941} INFO - Sync 6 DAGs
[2023-11-08T01:10:43.631+0000] {logging_mixin.py:151} INFO - [2023-11-08T01:10:43.630+0000] {dag.py:3722} INFO - Setting next_dagrun for dataset_consumes_1 to None, run_after=None
[2023-11-08T01:10:44.207+0000] {logging_mixin.py:151} INFO - [2023-11-08T01:10:44.204+0000] {dag.py:3722} INFO - Setting next_dagrun for dataset_consumes_1_and_2 to None, run_after=None
[2023-11-08T01:10:44.238+0000] {logging_mixin.py:151} INFO - [2023-11-08T01:10:44.238+0000] {dag.py:3722} INFO - Setting next_dagrun for dataset_consumes_1_never_scheduled to None, run_after=None
[2023-11-08T01:10:44.248+0000] {logging_mixin.py:151} INFO - [2023-11-08T01:10:44.247+0000] {dag.py:3722} INFO - Setting next_dagrun for dataset_consumes_unknown_never_scheduled to None, run_after=None
[2023-11-08T01:10:44.320+0000] {logging_mixin.py:151} INFO - [2023-11-08T01:10:44.319+0000] {dag.py:3722} INFO - Setting next_dagrun for dataset_produces_1 to 2023-11-07T00:00:00+00:00, run_after=2023-11-08T00:00:00+00:00
[2023-11-08T01:10:44.342+0000] {logging_mixin.py:151} INFO - [2023-11-08T01:10:44.341+0000] {dag.py:3722} INFO - Setting next_dagrun for dataset_produces_2 to None, run_after=None
[2023-11-08T01:10:44.894+0000] {processor.py:179} INFO - Processing /home/airflow/.local/lib/python3.8/site-packages/airflow/example_dags/example_datasets.py took 9.874 seconds
[2023-11-08T01:15:50.406+0000] {processor.py:157} INFO - Started process (PID=885) to work on /home/airflow/.local/lib/python3.8/site-packages/airflow/example_dags/example_datasets.py
[2023-11-08T01:15:50.506+0000] {processor.py:829} INFO - Processing file /home/airflow/.local/lib/python3.8/site-packages/airflow/example_dags/example_datasets.py for tasks to queue
[2023-11-08T01:15:50.513+0000] {logging_mixin.py:151} INFO - [2023-11-08T01:15:50.512+0000] {dagbag.py:536} INFO - Filling up the DagBag from /home/airflow/.local/lib/python3.8/site-packages/airflow/example_dags/example_datasets.py
[2023-11-08T01:15:50.893+0000] {processor.py:839} INFO - DAG(s) dict_keys(['dataset_consumes_1', 'dataset_produces_1', 'dataset_consumes_1_and_2', 'dataset_consumes_unknown_never_scheduled', 'dataset_consumes_1_never_scheduled', 'dataset_produces_2']) retrieved from /home/airflow/.local/lib/python3.8/site-packages/airflow/example_dags/example_datasets.py
[2023-11-08T01:15:52.563+0000] {logging_mixin.py:151} INFO - [2023-11-08T01:15:52.541+0000] {dag.py:2941} INFO - Sync 6 DAGs
[2023-11-08T01:15:53.402+0000] {logging_mixin.py:151} INFO - [2023-11-08T01:15:53.380+0000] {dag.py:3722} INFO - Setting next_dagrun for dataset_consumes_1 to None, run_after=None
[2023-11-08T01:15:53.449+0000] {logging_mixin.py:151} INFO - [2023-11-08T01:15:53.448+0000] {dag.py:3722} INFO - Setting next_dagrun for dataset_consumes_1_and_2 to None, run_after=None
[2023-11-08T01:15:53.467+0000] {logging_mixin.py:151} INFO - [2023-11-08T01:15:53.466+0000] {dag.py:3722} INFO - Setting next_dagrun for dataset_consumes_1_never_scheduled to None, run_after=None
[2023-11-08T01:15:53.486+0000] {logging_mixin.py:151} INFO - [2023-11-08T01:15:53.486+0000] {dag.py:3722} INFO - Setting next_dagrun for dataset_consumes_unknown_never_scheduled to None, run_after=None
[2023-11-08T01:15:53.598+0000] {logging_mixin.py:151} INFO - [2023-11-08T01:15:53.598+0000] {dag.py:3722} INFO - Setting next_dagrun for dataset_produces_1 to 2023-11-07T00:00:00+00:00, run_after=2023-11-08T00:00:00+00:00
[2023-11-08T01:15:53.622+0000] {logging_mixin.py:151} INFO - [2023-11-08T01:15:53.621+0000] {dag.py:3722} INFO - Setting next_dagrun for dataset_produces_2 to None, run_after=None
[2023-11-08T01:15:55.023+0000] {processor.py:179} INFO - Processing /home/airflow/.local/lib/python3.8/site-packages/airflow/example_dags/example_datasets.py took 4.699 seconds
