[2023-11-08T00:51:28.982+0000] {processor.py:157} INFO - Started process (PID=79) to work on /home/airflow/.local/lib/python3.8/site-packages/airflow/example_dags/tutorial_dag.py
[2023-11-08T00:51:28.995+0000] {processor.py:829} INFO - Processing file /home/airflow/.local/lib/python3.8/site-packages/airflow/example_dags/tutorial_dag.py for tasks to queue
[2023-11-08T00:51:29.018+0000] {logging_mixin.py:151} INFO - [2023-11-08T00:51:29.015+0000] {dagbag.py:536} INFO - Filling up the DagBag from /home/airflow/.local/lib/python3.8/site-packages/airflow/example_dags/tutorial_dag.py
[2023-11-08T00:51:29.068+0000] {processor.py:839} INFO - DAG(s) dict_keys(['tutorial_dag']) retrieved from /home/airflow/.local/lib/python3.8/site-packages/airflow/example_dags/tutorial_dag.py
[2023-11-08T00:51:29.559+0000] {logging_mixin.py:151} INFO - [2023-11-08T00:51:29.558+0000] {manager.py:499} INFO - Created Permission View: %s
[2023-11-08T00:51:29.598+0000] {logging_mixin.py:151} INFO - [2023-11-08T00:51:29.597+0000] {manager.py:499} INFO - Created Permission View: %s
[2023-11-08T00:51:29.613+0000] {logging_mixin.py:151} INFO - [2023-11-08T00:51:29.612+0000] {manager.py:499} INFO - Created Permission View: %s
[2023-11-08T00:51:29.614+0000] {logging_mixin.py:151} INFO - [2023-11-08T00:51:29.614+0000] {dag.py:2941} INFO - Sync 1 DAGs
[2023-11-08T00:51:29.694+0000] {logging_mixin.py:151} INFO - [2023-11-08T00:51:29.692+0000] {dag.py:2963} INFO - Creating ORM DAG for tutorial_dag
[2023-11-08T00:51:29.698+0000] {logging_mixin.py:151} INFO - [2023-11-08T00:51:29.698+0000] {dag.py:3722} INFO - Setting next_dagrun for tutorial_dag to None, run_after=None
[2023-11-08T00:51:29.773+0000] {processor.py:179} INFO - Processing /home/airflow/.local/lib/python3.8/site-packages/airflow/example_dags/tutorial_dag.py took 0.806 seconds
[2023-11-08T00:52:00.501+0000] {processor.py:157} INFO - Started process (PID=142) to work on /home/airflow/.local/lib/python3.8/site-packages/airflow/example_dags/tutorial_dag.py
[2023-11-08T00:52:00.503+0000] {processor.py:829} INFO - Processing file /home/airflow/.local/lib/python3.8/site-packages/airflow/example_dags/tutorial_dag.py for tasks to queue
[2023-11-08T00:52:00.510+0000] {logging_mixin.py:151} INFO - [2023-11-08T00:52:00.509+0000] {dagbag.py:536} INFO - Filling up the DagBag from /home/airflow/.local/lib/python3.8/site-packages/airflow/example_dags/tutorial_dag.py
[2023-11-08T00:52:00.523+0000] {processor.py:839} INFO - DAG(s) dict_keys(['tutorial_dag']) retrieved from /home/airflow/.local/lib/python3.8/site-packages/airflow/example_dags/tutorial_dag.py
[2023-11-08T00:52:00.569+0000] {logging_mixin.py:151} INFO - [2023-11-08T00:52:00.569+0000] {dag.py:2941} INFO - Sync 1 DAGs
[2023-11-08T00:52:00.590+0000] {logging_mixin.py:151} INFO - [2023-11-08T00:52:00.589+0000] {dag.py:3722} INFO - Setting next_dagrun for tutorial_dag to None, run_after=None
[2023-11-08T00:52:00.622+0000] {processor.py:179} INFO - Processing /home/airflow/.local/lib/python3.8/site-packages/airflow/example_dags/tutorial_dag.py took 0.131 seconds
[2023-11-08T00:52:31.058+0000] {processor.py:157} INFO - Started process (PID=205) to work on /home/airflow/.local/lib/python3.8/site-packages/airflow/example_dags/tutorial_dag.py
[2023-11-08T00:52:31.059+0000] {processor.py:829} INFO - Processing file /home/airflow/.local/lib/python3.8/site-packages/airflow/example_dags/tutorial_dag.py for tasks to queue
[2023-11-08T00:52:31.064+0000] {logging_mixin.py:151} INFO - [2023-11-08T00:52:31.063+0000] {dagbag.py:536} INFO - Filling up the DagBag from /home/airflow/.local/lib/python3.8/site-packages/airflow/example_dags/tutorial_dag.py
[2023-11-08T00:52:31.081+0000] {processor.py:839} INFO - DAG(s) dict_keys(['tutorial_dag']) retrieved from /home/airflow/.local/lib/python3.8/site-packages/airflow/example_dags/tutorial_dag.py
[2023-11-08T00:52:31.105+0000] {logging_mixin.py:151} INFO - [2023-11-08T00:52:31.105+0000] {dag.py:2941} INFO - Sync 1 DAGs
[2023-11-08T00:52:31.126+0000] {logging_mixin.py:151} INFO - [2023-11-08T00:52:31.126+0000] {dag.py:3722} INFO - Setting next_dagrun for tutorial_dag to None, run_after=None
[2023-11-08T00:52:31.144+0000] {processor.py:179} INFO - Processing /home/airflow/.local/lib/python3.8/site-packages/airflow/example_dags/tutorial_dag.py took 0.091 seconds
[2023-11-08T00:53:01.586+0000] {processor.py:157} INFO - Started process (PID=268) to work on /home/airflow/.local/lib/python3.8/site-packages/airflow/example_dags/tutorial_dag.py
[2023-11-08T00:53:01.588+0000] {processor.py:829} INFO - Processing file /home/airflow/.local/lib/python3.8/site-packages/airflow/example_dags/tutorial_dag.py for tasks to queue
[2023-11-08T00:53:01.591+0000] {logging_mixin.py:151} INFO - [2023-11-08T00:53:01.591+0000] {dagbag.py:536} INFO - Filling up the DagBag from /home/airflow/.local/lib/python3.8/site-packages/airflow/example_dags/tutorial_dag.py
[2023-11-08T00:53:01.598+0000] {processor.py:839} INFO - DAG(s) dict_keys(['tutorial_dag']) retrieved from /home/airflow/.local/lib/python3.8/site-packages/airflow/example_dags/tutorial_dag.py
[2023-11-08T00:53:01.637+0000] {logging_mixin.py:151} INFO - [2023-11-08T00:53:01.637+0000] {dag.py:2941} INFO - Sync 1 DAGs
[2023-11-08T00:53:01.687+0000] {logging_mixin.py:151} INFO - [2023-11-08T00:53:01.687+0000] {dag.py:3722} INFO - Setting next_dagrun for tutorial_dag to None, run_after=None
[2023-11-08T00:53:01.741+0000] {processor.py:179} INFO - Processing /home/airflow/.local/lib/python3.8/site-packages/airflow/example_dags/tutorial_dag.py took 0.160 seconds
[2023-11-08T00:53:33.174+0000] {processor.py:157} INFO - Started process (PID=323) to work on /home/airflow/.local/lib/python3.8/site-packages/airflow/example_dags/tutorial_dag.py
[2023-11-08T00:53:33.177+0000] {processor.py:829} INFO - Processing file /home/airflow/.local/lib/python3.8/site-packages/airflow/example_dags/tutorial_dag.py for tasks to queue
[2023-11-08T00:53:33.181+0000] {logging_mixin.py:151} INFO - [2023-11-08T00:53:33.181+0000] {dagbag.py:536} INFO - Filling up the DagBag from /home/airflow/.local/lib/python3.8/site-packages/airflow/example_dags/tutorial_dag.py
[2023-11-08T00:53:33.191+0000] {processor.py:839} INFO - DAG(s) dict_keys(['tutorial_dag']) retrieved from /home/airflow/.local/lib/python3.8/site-packages/airflow/example_dags/tutorial_dag.py
[2023-11-08T00:53:33.235+0000] {logging_mixin.py:151} INFO - [2023-11-08T00:53:33.235+0000] {dag.py:2941} INFO - Sync 1 DAGs
[2023-11-08T00:53:33.252+0000] {logging_mixin.py:151} INFO - [2023-11-08T00:53:33.251+0000] {dag.py:3722} INFO - Setting next_dagrun for tutorial_dag to None, run_after=None
[2023-11-08T00:53:33.271+0000] {processor.py:179} INFO - Processing /home/airflow/.local/lib/python3.8/site-packages/airflow/example_dags/tutorial_dag.py took 0.105 seconds
[2023-11-08T00:54:04.420+0000] {processor.py:157} INFO - Started process (PID=384) to work on /home/airflow/.local/lib/python3.8/site-packages/airflow/example_dags/tutorial_dag.py
[2023-11-08T00:54:04.448+0000] {processor.py:829} INFO - Processing file /home/airflow/.local/lib/python3.8/site-packages/airflow/example_dags/tutorial_dag.py for tasks to queue
[2023-11-08T00:54:04.473+0000] {logging_mixin.py:151} INFO - [2023-11-08T00:54:04.471+0000] {dagbag.py:536} INFO - Filling up the DagBag from /home/airflow/.local/lib/python3.8/site-packages/airflow/example_dags/tutorial_dag.py
[2023-11-08T00:54:04.561+0000] {processor.py:839} INFO - DAG(s) dict_keys(['tutorial_dag']) retrieved from /home/airflow/.local/lib/python3.8/site-packages/airflow/example_dags/tutorial_dag.py
[2023-11-08T00:54:04.661+0000] {logging_mixin.py:151} INFO - [2023-11-08T00:54:04.658+0000] {dag.py:2941} INFO - Sync 1 DAGs
[2023-11-08T00:54:04.704+0000] {logging_mixin.py:151} INFO - [2023-11-08T00:54:04.704+0000] {dag.py:3722} INFO - Setting next_dagrun for tutorial_dag to None, run_after=None
[2023-11-08T00:54:04.761+0000] {processor.py:179} INFO - Processing /home/airflow/.local/lib/python3.8/site-packages/airflow/example_dags/tutorial_dag.py took 0.374 seconds
[2023-11-08T00:54:41.694+0000] {processor.py:157} INFO - Started process (PID=447) to work on /home/airflow/.local/lib/python3.8/site-packages/airflow/example_dags/tutorial_dag.py
[2023-11-08T00:54:41.712+0000] {processor.py:829} INFO - Processing file /home/airflow/.local/lib/python3.8/site-packages/airflow/example_dags/tutorial_dag.py for tasks to queue
[2023-11-08T00:54:41.744+0000] {logging_mixin.py:151} INFO - [2023-11-08T00:54:41.741+0000] {dagbag.py:536} INFO - Filling up the DagBag from /home/airflow/.local/lib/python3.8/site-packages/airflow/example_dags/tutorial_dag.py
[2023-11-08T00:54:41.826+0000] {processor.py:839} INFO - DAG(s) dict_keys(['tutorial_dag']) retrieved from /home/airflow/.local/lib/python3.8/site-packages/airflow/example_dags/tutorial_dag.py
[2023-11-08T00:54:42.312+0000] {logging_mixin.py:151} INFO - [2023-11-08T00:54:42.310+0000] {dag.py:2941} INFO - Sync 1 DAGs
[2023-11-08T00:54:42.567+0000] {logging_mixin.py:151} INFO - [2023-11-08T00:54:42.566+0000] {dag.py:3722} INFO - Setting next_dagrun for tutorial_dag to None, run_after=None
[2023-11-08T00:54:42.670+0000] {processor.py:179} INFO - Processing /home/airflow/.local/lib/python3.8/site-packages/airflow/example_dags/tutorial_dag.py took 1.061 seconds
[2023-11-08T00:56:08.008+0000] {processor.py:157} INFO - Started process (PID=487) to work on /home/airflow/.local/lib/python3.8/site-packages/airflow/example_dags/tutorial_dag.py
[2023-11-08T00:56:08.091+0000] {processor.py:829} INFO - Processing file /home/airflow/.local/lib/python3.8/site-packages/airflow/example_dags/tutorial_dag.py for tasks to queue
[2023-11-08T00:56:08.388+0000] {logging_mixin.py:151} INFO - [2023-11-08T00:56:08.375+0000] {dagbag.py:536} INFO - Filling up the DagBag from /home/airflow/.local/lib/python3.8/site-packages/airflow/example_dags/tutorial_dag.py
[2023-11-08T00:56:08.689+0000] {processor.py:839} INFO - DAG(s) dict_keys(['tutorial_dag']) retrieved from /home/airflow/.local/lib/python3.8/site-packages/airflow/example_dags/tutorial_dag.py
[2023-11-08T00:56:09.369+0000] {logging_mixin.py:151} INFO - [2023-11-08T00:56:09.366+0000] {dag.py:2941} INFO - Sync 1 DAGs
[2023-11-08T00:56:09.790+0000] {logging_mixin.py:151} INFO - [2023-11-08T00:56:09.774+0000] {dag.py:3722} INFO - Setting next_dagrun for tutorial_dag to None, run_after=None
[2023-11-08T00:56:10.074+0000] {processor.py:179} INFO - Processing /home/airflow/.local/lib/python3.8/site-packages/airflow/example_dags/tutorial_dag.py took 2.158 seconds
[2023-11-08T00:58:56.930+0000] {processor.py:157} INFO - Started process (PID=541) to work on /home/airflow/.local/lib/python3.8/site-packages/airflow/example_dags/tutorial_dag.py
[2023-11-08T00:58:56.935+0000] {processor.py:829} INFO - Processing file /home/airflow/.local/lib/python3.8/site-packages/airflow/example_dags/tutorial_dag.py for tasks to queue
[2023-11-08T00:58:56.959+0000] {logging_mixin.py:151} INFO - [2023-11-08T00:58:56.941+0000] {dagbag.py:536} INFO - Filling up the DagBag from /home/airflow/.local/lib/python3.8/site-packages/airflow/example_dags/tutorial_dag.py
[2023-11-08T00:58:57.044+0000] {processor.py:839} INFO - DAG(s) dict_keys(['tutorial_dag']) retrieved from /home/airflow/.local/lib/python3.8/site-packages/airflow/example_dags/tutorial_dag.py
[2023-11-08T00:59:01.028+0000] {logging_mixin.py:151} INFO - [2023-11-08T00:59:01.025+0000] {dag.py:2941} INFO - Sync 1 DAGs
[2023-11-08T00:59:01.132+0000] {logging_mixin.py:151} INFO - [2023-11-08T00:59:01.131+0000] {dag.py:3722} INFO - Setting next_dagrun for tutorial_dag to None, run_after=None
[2023-11-08T00:59:01.426+0000] {processor.py:179} INFO - Processing /home/airflow/.local/lib/python3.8/site-packages/airflow/example_dags/tutorial_dag.py took 4.549 seconds
[2023-11-08T01:00:20.266+0000] {processor.py:157} INFO - Started process (PID=583) to work on /home/airflow/.local/lib/python3.8/site-packages/airflow/example_dags/tutorial_dag.py
[2023-11-08T01:00:20.316+0000] {processor.py:829} INFO - Processing file /home/airflow/.local/lib/python3.8/site-packages/airflow/example_dags/tutorial_dag.py for tasks to queue
[2023-11-08T01:00:20.331+0000] {logging_mixin.py:151} INFO - [2023-11-08T01:00:20.330+0000] {dagbag.py:536} INFO - Filling up the DagBag from /home/airflow/.local/lib/python3.8/site-packages/airflow/example_dags/tutorial_dag.py
[2023-11-08T01:00:20.493+0000] {processor.py:839} INFO - DAG(s) dict_keys(['tutorial_dag']) retrieved from /home/airflow/.local/lib/python3.8/site-packages/airflow/example_dags/tutorial_dag.py
[2023-11-08T01:00:21.088+0000] {logging_mixin.py:151} INFO - [2023-11-08T01:00:21.082+0000] {dag.py:2941} INFO - Sync 1 DAGs
[2023-11-08T01:00:21.308+0000] {logging_mixin.py:151} INFO - [2023-11-08T01:00:21.307+0000] {dag.py:3722} INFO - Setting next_dagrun for tutorial_dag to None, run_after=None
[2023-11-08T01:00:21.455+0000] {processor.py:179} INFO - Processing /home/airflow/.local/lib/python3.8/site-packages/airflow/example_dags/tutorial_dag.py took 1.257 seconds
[2023-11-08T01:03:43.990+0000] {processor.py:157} INFO - Started process (PID=641) to work on /home/airflow/.local/lib/python3.8/site-packages/airflow/example_dags/tutorial_dag.py
[2023-11-08T01:03:44.036+0000] {processor.py:829} INFO - Processing file /home/airflow/.local/lib/python3.8/site-packages/airflow/example_dags/tutorial_dag.py for tasks to queue
[2023-11-08T01:03:44.073+0000] {logging_mixin.py:151} INFO - [2023-11-08T01:03:44.071+0000] {dagbag.py:536} INFO - Filling up the DagBag from /home/airflow/.local/lib/python3.8/site-packages/airflow/example_dags/tutorial_dag.py
[2023-11-08T01:03:44.215+0000] {processor.py:839} INFO - DAG(s) dict_keys(['tutorial_dag']) retrieved from /home/airflow/.local/lib/python3.8/site-packages/airflow/example_dags/tutorial_dag.py
[2023-11-08T01:03:44.724+0000] {logging_mixin.py:151} INFO - [2023-11-08T01:03:44.719+0000] {dag.py:2941} INFO - Sync 1 DAGs
[2023-11-08T01:03:44.956+0000] {logging_mixin.py:151} INFO - [2023-11-08T01:03:44.954+0000] {dag.py:3722} INFO - Setting next_dagrun for tutorial_dag to None, run_after=None
[2023-11-08T01:03:45.162+0000] {processor.py:179} INFO - Processing /home/airflow/.local/lib/python3.8/site-packages/airflow/example_dags/tutorial_dag.py took 1.333 seconds
[2023-11-08T01:05:45.375+0000] {processor.py:157} INFO - Started process (PID=683) to work on /home/airflow/.local/lib/python3.8/site-packages/airflow/example_dags/tutorial_dag.py
[2023-11-08T01:05:45.410+0000] {processor.py:829} INFO - Processing file /home/airflow/.local/lib/python3.8/site-packages/airflow/example_dags/tutorial_dag.py for tasks to queue
[2023-11-08T01:05:45.525+0000] {logging_mixin.py:151} INFO - [2023-11-08T01:05:45.470+0000] {dagbag.py:536} INFO - Filling up the DagBag from /home/airflow/.local/lib/python3.8/site-packages/airflow/example_dags/tutorial_dag.py
[2023-11-08T01:05:46.003+0000] {processor.py:839} INFO - DAG(s) dict_keys(['tutorial_dag']) retrieved from /home/airflow/.local/lib/python3.8/site-packages/airflow/example_dags/tutorial_dag.py
[2023-11-08T01:05:51.552+0000] {logging_mixin.py:151} INFO - [2023-11-08T01:05:51.544+0000] {dag.py:2941} INFO - Sync 1 DAGs
[2023-11-08T01:05:51.714+0000] {logging_mixin.py:151} INFO - [2023-11-08T01:05:51.713+0000] {dag.py:3722} INFO - Setting next_dagrun for tutorial_dag to None, run_after=None
[2023-11-08T01:05:52.063+0000] {processor.py:179} INFO - Processing /home/airflow/.local/lib/python3.8/site-packages/airflow/example_dags/tutorial_dag.py took 6.840 seconds
[2023-11-08T01:08:17.485+0000] {processor.py:157} INFO - Started process (PID=742) to work on /home/airflow/.local/lib/python3.8/site-packages/airflow/example_dags/tutorial_dag.py
[2023-11-08T01:08:17.499+0000] {processor.py:829} INFO - Processing file /home/airflow/.local/lib/python3.8/site-packages/airflow/example_dags/tutorial_dag.py for tasks to queue
[2023-11-08T01:08:17.509+0000] {logging_mixin.py:151} INFO - [2023-11-08T01:08:17.508+0000] {dagbag.py:536} INFO - Filling up the DagBag from /home/airflow/.local/lib/python3.8/site-packages/airflow/example_dags/tutorial_dag.py
[2023-11-08T01:08:17.663+0000] {processor.py:839} INFO - DAG(s) dict_keys(['tutorial_dag']) retrieved from /home/airflow/.local/lib/python3.8/site-packages/airflow/example_dags/tutorial_dag.py
[2023-11-08T01:08:17.942+0000] {logging_mixin.py:151} INFO - [2023-11-08T01:08:17.940+0000] {dag.py:2941} INFO - Sync 1 DAGs
[2023-11-08T01:08:18.122+0000] {logging_mixin.py:151} INFO - [2023-11-08T01:08:18.121+0000] {dag.py:3722} INFO - Setting next_dagrun for tutorial_dag to None, run_after=None
[2023-11-08T01:08:18.248+0000] {processor.py:179} INFO - Processing /home/airflow/.local/lib/python3.8/site-packages/airflow/example_dags/tutorial_dag.py took 0.780 seconds
[2023-11-08T01:09:33.260+0000] {processor.py:157} INFO - Started process (PID=784) to work on /home/airflow/.local/lib/python3.8/site-packages/airflow/example_dags/tutorial_dag.py
[2023-11-08T01:09:33.280+0000] {processor.py:829} INFO - Processing file /home/airflow/.local/lib/python3.8/site-packages/airflow/example_dags/tutorial_dag.py for tasks to queue
[2023-11-08T01:09:33.318+0000] {logging_mixin.py:151} INFO - [2023-11-08T01:09:33.314+0000] {dagbag.py:536} INFO - Filling up the DagBag from /home/airflow/.local/lib/python3.8/site-packages/airflow/example_dags/tutorial_dag.py
[2023-11-08T01:09:33.571+0000] {processor.py:839} INFO - DAG(s) dict_keys(['tutorial_dag']) retrieved from /home/airflow/.local/lib/python3.8/site-packages/airflow/example_dags/tutorial_dag.py
[2023-11-08T01:09:35.501+0000] {logging_mixin.py:151} INFO - [2023-11-08T01:09:35.485+0000] {dag.py:2941} INFO - Sync 1 DAGs
[2023-11-08T01:09:36.547+0000] {logging_mixin.py:151} INFO - [2023-11-08T01:09:36.511+0000] {dag.py:3722} INFO - Setting next_dagrun for tutorial_dag to None, run_after=None
[2023-11-08T01:09:37.197+0000] {processor.py:179} INFO - Processing /home/airflow/.local/lib/python3.8/site-packages/airflow/example_dags/tutorial_dag.py took 4.132 seconds
[2023-11-08T01:13:48.949+0000] {processor.py:157} INFO - Started process (PID=858) to work on /home/airflow/.local/lib/python3.8/site-packages/airflow/example_dags/tutorial_dag.py
[2023-11-08T01:13:48.985+0000] {processor.py:829} INFO - Processing file /home/airflow/.local/lib/python3.8/site-packages/airflow/example_dags/tutorial_dag.py for tasks to queue
[2023-11-08T01:13:49.058+0000] {logging_mixin.py:151} INFO - [2023-11-08T01:13:49.030+0000] {dagbag.py:536} INFO - Filling up the DagBag from /home/airflow/.local/lib/python3.8/site-packages/airflow/example_dags/tutorial_dag.py
[2023-11-08T01:13:49.546+0000] {processor.py:839} INFO - DAG(s) dict_keys(['tutorial_dag']) retrieved from /home/airflow/.local/lib/python3.8/site-packages/airflow/example_dags/tutorial_dag.py
[2023-11-08T01:13:52.008+0000] {logging_mixin.py:151} INFO - [2023-11-08T01:13:51.986+0000] {dag.py:2941} INFO - Sync 1 DAGs
[2023-11-08T01:13:52.366+0000] {logging_mixin.py:151} INFO - [2023-11-08T01:13:52.362+0000] {dag.py:3722} INFO - Setting next_dagrun for tutorial_dag to None, run_after=None
[2023-11-08T01:13:52.842+0000] {processor.py:179} INFO - Processing /home/airflow/.local/lib/python3.8/site-packages/airflow/example_dags/tutorial_dag.py took 4.423 seconds
