[2023-11-08T00:51:31.143+0000] {processor.py:157} INFO - Started process (PID=82) to work on /home/airflow/.local/lib/python3.8/site-packages/airflow/example_dags/tutorial.py
[2023-11-08T00:51:31.149+0000] {processor.py:829} INFO - Processing file /home/airflow/.local/lib/python3.8/site-packages/airflow/example_dags/tutorial.py for tasks to queue
[2023-11-08T00:51:31.177+0000] {logging_mixin.py:151} INFO - [2023-11-08T00:51:31.176+0000] {dagbag.py:536} INFO - Filling up the DagBag from /home/airflow/.local/lib/python3.8/site-packages/airflow/example_dags/tutorial.py
[2023-11-08T00:51:31.293+0000] {processor.py:839} INFO - DAG(s) dict_keys(['tutorial']) retrieved from /home/airflow/.local/lib/python3.8/site-packages/airflow/example_dags/tutorial.py
[2023-11-08T00:51:31.904+0000] {logging_mixin.py:151} INFO - [2023-11-08T00:51:31.903+0000] {manager.py:499} INFO - Created Permission View: %s
[2023-11-08T00:51:31.944+0000] {logging_mixin.py:151} INFO - [2023-11-08T00:51:31.943+0000] {manager.py:499} INFO - Created Permission View: %s
[2023-11-08T00:51:31.982+0000] {logging_mixin.py:151} INFO - [2023-11-08T00:51:31.982+0000] {manager.py:499} INFO - Created Permission View: %s
[2023-11-08T00:51:31.985+0000] {logging_mixin.py:151} INFO - [2023-11-08T00:51:31.984+0000] {dag.py:2941} INFO - Sync 1 DAGs
[2023-11-08T00:51:32.075+0000] {logging_mixin.py:151} INFO - [2023-11-08T00:51:32.074+0000] {dag.py:2963} INFO - Creating ORM DAG for tutorial
[2023-11-08T00:51:32.177+0000] {logging_mixin.py:151} INFO - [2023-11-08T00:51:32.176+0000] {dag.py:3722} INFO - Setting next_dagrun for tutorial to 2023-11-07T00:51:32.173197+00:00, run_after=2023-11-08T00:51:32.173197+00:00
[2023-11-08T00:51:32.263+0000] {processor.py:179} INFO - Processing /home/airflow/.local/lib/python3.8/site-packages/airflow/example_dags/tutorial.py took 1.159 seconds
[2023-11-08T00:52:02.689+0000] {processor.py:157} INFO - Started process (PID=144) to work on /home/airflow/.local/lib/python3.8/site-packages/airflow/example_dags/tutorial.py
[2023-11-08T00:52:02.691+0000] {processor.py:829} INFO - Processing file /home/airflow/.local/lib/python3.8/site-packages/airflow/example_dags/tutorial.py for tasks to queue
[2023-11-08T00:52:02.696+0000] {logging_mixin.py:151} INFO - [2023-11-08T00:52:02.695+0000] {dagbag.py:536} INFO - Filling up the DagBag from /home/airflow/.local/lib/python3.8/site-packages/airflow/example_dags/tutorial.py
[2023-11-08T00:52:02.706+0000] {processor.py:839} INFO - DAG(s) dict_keys(['tutorial']) retrieved from /home/airflow/.local/lib/python3.8/site-packages/airflow/example_dags/tutorial.py
[2023-11-08T00:52:02.731+0000] {logging_mixin.py:151} INFO - [2023-11-08T00:52:02.731+0000] {dag.py:2941} INFO - Sync 1 DAGs
[2023-11-08T00:52:02.753+0000] {logging_mixin.py:151} INFO - [2023-11-08T00:52:02.753+0000] {dag.py:3722} INFO - Setting next_dagrun for tutorial to 2023-11-07T00:52:02.753288+00:00, run_after=2023-11-08T00:52:02.753288+00:00
[2023-11-08T00:52:02.768+0000] {processor.py:179} INFO - Processing /home/airflow/.local/lib/python3.8/site-packages/airflow/example_dags/tutorial.py took 0.084 seconds
[2023-11-08T00:52:33.208+0000] {processor.py:157} INFO - Started process (PID=207) to work on /home/airflow/.local/lib/python3.8/site-packages/airflow/example_dags/tutorial.py
[2023-11-08T00:52:33.210+0000] {processor.py:829} INFO - Processing file /home/airflow/.local/lib/python3.8/site-packages/airflow/example_dags/tutorial.py for tasks to queue
[2023-11-08T00:52:33.214+0000] {logging_mixin.py:151} INFO - [2023-11-08T00:52:33.214+0000] {dagbag.py:536} INFO - Filling up the DagBag from /home/airflow/.local/lib/python3.8/site-packages/airflow/example_dags/tutorial.py
[2023-11-08T00:52:33.225+0000] {processor.py:839} INFO - DAG(s) dict_keys(['tutorial']) retrieved from /home/airflow/.local/lib/python3.8/site-packages/airflow/example_dags/tutorial.py
[2023-11-08T00:52:33.274+0000] {logging_mixin.py:151} INFO - [2023-11-08T00:52:33.274+0000] {dag.py:2941} INFO - Sync 1 DAGs
[2023-11-08T00:52:33.311+0000] {logging_mixin.py:151} INFO - [2023-11-08T00:52:33.311+0000] {dag.py:3722} INFO - Setting next_dagrun for tutorial to 2023-11-07T00:52:33.310677+00:00, run_after=2023-11-08T00:52:33.310677+00:00
[2023-11-08T00:52:33.329+0000] {processor.py:179} INFO - Processing /home/airflow/.local/lib/python3.8/site-packages/airflow/example_dags/tutorial.py took 0.128 seconds
[2023-11-08T00:53:03.880+0000] {processor.py:157} INFO - Started process (PID=270) to work on /home/airflow/.local/lib/python3.8/site-packages/airflow/example_dags/tutorial.py
[2023-11-08T00:53:03.885+0000] {processor.py:829} INFO - Processing file /home/airflow/.local/lib/python3.8/site-packages/airflow/example_dags/tutorial.py for tasks to queue
[2023-11-08T00:53:03.902+0000] {logging_mixin.py:151} INFO - [2023-11-08T00:53:03.901+0000] {dagbag.py:536} INFO - Filling up the DagBag from /home/airflow/.local/lib/python3.8/site-packages/airflow/example_dags/tutorial.py
[2023-11-08T00:53:03.921+0000] {processor.py:839} INFO - DAG(s) dict_keys(['tutorial']) retrieved from /home/airflow/.local/lib/python3.8/site-packages/airflow/example_dags/tutorial.py
[2023-11-08T00:53:04.018+0000] {logging_mixin.py:151} INFO - [2023-11-08T00:53:04.017+0000] {dag.py:2941} INFO - Sync 1 DAGs
[2023-11-08T00:53:04.091+0000] {logging_mixin.py:151} INFO - [2023-11-08T00:53:04.090+0000] {dag.py:3722} INFO - Setting next_dagrun for tutorial to 2023-11-07T00:53:04.089431+00:00, run_after=2023-11-08T00:53:04.089431+00:00
[2023-11-08T00:53:04.195+0000] {processor.py:179} INFO - Processing /home/airflow/.local/lib/python3.8/site-packages/airflow/example_dags/tutorial.py took 0.332 seconds
[2023-11-08T00:53:34.793+0000] {processor.py:157} INFO - Started process (PID=325) to work on /home/airflow/.local/lib/python3.8/site-packages/airflow/example_dags/tutorial.py
[2023-11-08T00:53:34.797+0000] {processor.py:829} INFO - Processing file /home/airflow/.local/lib/python3.8/site-packages/airflow/example_dags/tutorial.py for tasks to queue
[2023-11-08T00:53:34.809+0000] {logging_mixin.py:151} INFO - [2023-11-08T00:53:34.808+0000] {dagbag.py:536} INFO - Filling up the DagBag from /home/airflow/.local/lib/python3.8/site-packages/airflow/example_dags/tutorial.py
[2023-11-08T00:53:34.851+0000] {processor.py:839} INFO - DAG(s) dict_keys(['tutorial']) retrieved from /home/airflow/.local/lib/python3.8/site-packages/airflow/example_dags/tutorial.py
[2023-11-08T00:53:34.928+0000] {logging_mixin.py:151} INFO - [2023-11-08T00:53:34.927+0000] {dag.py:2941} INFO - Sync 1 DAGs
[2023-11-08T00:53:35.023+0000] {logging_mixin.py:151} INFO - [2023-11-08T00:53:35.021+0000] {dag.py:3722} INFO - Setting next_dagrun for tutorial to 2023-11-07T00:53:35.014970+00:00, run_after=2023-11-08T00:53:35.014970+00:00
[2023-11-08T00:53:35.135+0000] {processor.py:179} INFO - Processing /home/airflow/.local/lib/python3.8/site-packages/airflow/example_dags/tutorial.py took 0.355 seconds
[2023-11-08T00:54:06.280+0000] {processor.py:157} INFO - Started process (PID=387) to work on /home/airflow/.local/lib/python3.8/site-packages/airflow/example_dags/tutorial.py
[2023-11-08T00:54:06.300+0000] {processor.py:829} INFO - Processing file /home/airflow/.local/lib/python3.8/site-packages/airflow/example_dags/tutorial.py for tasks to queue
[2023-11-08T00:54:06.321+0000] {logging_mixin.py:151} INFO - [2023-11-08T00:54:06.319+0000] {dagbag.py:536} INFO - Filling up the DagBag from /home/airflow/.local/lib/python3.8/site-packages/airflow/example_dags/tutorial.py
[2023-11-08T00:54:06.446+0000] {processor.py:839} INFO - DAG(s) dict_keys(['tutorial']) retrieved from /home/airflow/.local/lib/python3.8/site-packages/airflow/example_dags/tutorial.py
[2023-11-08T00:54:06.738+0000] {logging_mixin.py:151} INFO - [2023-11-08T00:54:06.734+0000] {dag.py:2941} INFO - Sync 1 DAGs
[2023-11-08T00:54:07.086+0000] {logging_mixin.py:151} INFO - [2023-11-08T00:54:07.078+0000] {dag.py:3722} INFO - Setting next_dagrun for tutorial to 2023-11-07T00:54:07.068855+00:00, run_after=2023-11-08T00:54:07.068855+00:00
[2023-11-08T00:54:07.348+0000] {processor.py:179} INFO - Processing /home/airflow/.local/lib/python3.8/site-packages/airflow/example_dags/tutorial.py took 1.137 seconds
[2023-11-08T00:54:42.904+0000] {processor.py:157} INFO - Started process (PID=449) to work on /home/airflow/.local/lib/python3.8/site-packages/airflow/example_dags/tutorial.py
[2023-11-08T00:54:42.913+0000] {processor.py:829} INFO - Processing file /home/airflow/.local/lib/python3.8/site-packages/airflow/example_dags/tutorial.py for tasks to queue
[2023-11-08T00:54:42.941+0000] {logging_mixin.py:151} INFO - [2023-11-08T00:54:42.936+0000] {dagbag.py:536} INFO - Filling up the DagBag from /home/airflow/.local/lib/python3.8/site-packages/airflow/example_dags/tutorial.py
[2023-11-08T00:54:43.207+0000] {processor.py:839} INFO - DAG(s) dict_keys(['tutorial']) retrieved from /home/airflow/.local/lib/python3.8/site-packages/airflow/example_dags/tutorial.py
[2023-11-08T00:54:43.823+0000] {logging_mixin.py:151} INFO - [2023-11-08T00:54:43.821+0000] {dag.py:2941} INFO - Sync 1 DAGs
[2023-11-08T00:54:44.011+0000] {logging_mixin.py:151} INFO - [2023-11-08T00:54:44.007+0000] {dag.py:3722} INFO - Setting next_dagrun for tutorial to 2023-11-07T00:54:43.999675+00:00, run_after=2023-11-08T00:54:43.999675+00:00
[2023-11-08T00:54:44.205+0000] {processor.py:179} INFO - Processing /home/airflow/.local/lib/python3.8/site-packages/airflow/example_dags/tutorial.py took 1.381 seconds
[2023-11-08T00:56:10.329+0000] {processor.py:157} INFO - Started process (PID=489) to work on /home/airflow/.local/lib/python3.8/site-packages/airflow/example_dags/tutorial.py
[2023-11-08T00:56:10.341+0000] {processor.py:829} INFO - Processing file /home/airflow/.local/lib/python3.8/site-packages/airflow/example_dags/tutorial.py for tasks to queue
[2023-11-08T00:56:10.392+0000] {logging_mixin.py:151} INFO - [2023-11-08T00:56:10.388+0000] {dagbag.py:536} INFO - Filling up the DagBag from /home/airflow/.local/lib/python3.8/site-packages/airflow/example_dags/tutorial.py
[2023-11-08T00:56:10.450+0000] {processor.py:839} INFO - DAG(s) dict_keys(['tutorial']) retrieved from /home/airflow/.local/lib/python3.8/site-packages/airflow/example_dags/tutorial.py
[2023-11-08T00:56:11.139+0000] {logging_mixin.py:151} INFO - [2023-11-08T00:56:11.124+0000] {dag.py:2941} INFO - Sync 1 DAGs
[2023-11-08T00:56:12.529+0000] {logging_mixin.py:151} INFO - [2023-11-08T00:56:12.526+0000] {dag.py:3722} INFO - Setting next_dagrun for tutorial to 2023-11-07T00:56:12.496533+00:00, run_after=2023-11-08T00:56:12.496533+00:00
[2023-11-08T00:56:12.723+0000] {processor.py:179} INFO - Processing /home/airflow/.local/lib/python3.8/site-packages/airflow/example_dags/tutorial.py took 2.424 seconds
[2023-11-08T00:59:02.313+0000] {processor.py:157} INFO - Started process (PID=543) to work on /home/airflow/.local/lib/python3.8/site-packages/airflow/example_dags/tutorial.py
[2023-11-08T00:59:02.330+0000] {processor.py:829} INFO - Processing file /home/airflow/.local/lib/python3.8/site-packages/airflow/example_dags/tutorial.py for tasks to queue
[2023-11-08T00:59:02.340+0000] {logging_mixin.py:151} INFO - [2023-11-08T00:59:02.338+0000] {dagbag.py:536} INFO - Filling up the DagBag from /home/airflow/.local/lib/python3.8/site-packages/airflow/example_dags/tutorial.py
[2023-11-08T00:59:02.471+0000] {processor.py:839} INFO - DAG(s) dict_keys(['tutorial']) retrieved from /home/airflow/.local/lib/python3.8/site-packages/airflow/example_dags/tutorial.py
[2023-11-08T00:59:04.224+0000] {logging_mixin.py:151} INFO - [2023-11-08T00:59:04.193+0000] {dag.py:2941} INFO - Sync 1 DAGs
[2023-11-08T00:59:05.852+0000] {logging_mixin.py:151} INFO - [2023-11-08T00:59:05.829+0000] {dag.py:3722} INFO - Setting next_dagrun for tutorial to 2023-11-07T00:59:05.805953+00:00, run_after=2023-11-08T00:59:05.805953+00:00
[2023-11-08T00:59:06.057+0000] {processor.py:179} INFO - Processing /home/airflow/.local/lib/python3.8/site-packages/airflow/example_dags/tutorial.py took 3.846 seconds
[2023-11-08T01:00:26.727+0000] {processor.py:157} INFO - Started process (PID=585) to work on /home/airflow/.local/lib/python3.8/site-packages/airflow/example_dags/tutorial.py
[2023-11-08T01:00:26.744+0000] {processor.py:829} INFO - Processing file /home/airflow/.local/lib/python3.8/site-packages/airflow/example_dags/tutorial.py for tasks to queue
[2023-11-08T01:00:26.758+0000] {logging_mixin.py:151} INFO - [2023-11-08T01:00:26.755+0000] {dagbag.py:536} INFO - Filling up the DagBag from /home/airflow/.local/lib/python3.8/site-packages/airflow/example_dags/tutorial.py
[2023-11-08T01:00:26.883+0000] {processor.py:839} INFO - DAG(s) dict_keys(['tutorial']) retrieved from /home/airflow/.local/lib/python3.8/site-packages/airflow/example_dags/tutorial.py
[2023-11-08T01:00:38.220+0000] {logging_mixin.py:151} INFO - [2023-11-08T01:00:38.156+0000] {dag.py:2941} INFO - Sync 1 DAGs
[2023-11-08T01:00:40.256+0000] {logging_mixin.py:151} INFO - [2023-11-08T01:00:40.235+0000] {dag.py:3722} INFO - Setting next_dagrun for tutorial to 2023-11-07T01:00:40.219133+00:00, run_after=2023-11-08T01:00:40.219133+00:00
[2023-11-08T01:00:40.554+0000] {processor.py:179} INFO - Processing /home/airflow/.local/lib/python3.8/site-packages/airflow/example_dags/tutorial.py took 13.935 seconds
[2023-11-08T01:03:46.816+0000] {processor.py:157} INFO - Started process (PID=643) to work on /home/airflow/.local/lib/python3.8/site-packages/airflow/example_dags/tutorial.py
[2023-11-08T01:03:46.831+0000] {processor.py:829} INFO - Processing file /home/airflow/.local/lib/python3.8/site-packages/airflow/example_dags/tutorial.py for tasks to queue
[2023-11-08T01:03:46.841+0000] {logging_mixin.py:151} INFO - [2023-11-08T01:03:46.838+0000] {dagbag.py:536} INFO - Filling up the DagBag from /home/airflow/.local/lib/python3.8/site-packages/airflow/example_dags/tutorial.py
[2023-11-08T01:03:46.992+0000] {processor.py:839} INFO - DAG(s) dict_keys(['tutorial']) retrieved from /home/airflow/.local/lib/python3.8/site-packages/airflow/example_dags/tutorial.py
[2023-11-08T01:03:47.662+0000] {logging_mixin.py:151} INFO - [2023-11-08T01:03:47.633+0000] {dag.py:2941} INFO - Sync 1 DAGs
[2023-11-08T01:03:48.173+0000] {logging_mixin.py:151} INFO - [2023-11-08T01:03:48.167+0000] {dag.py:3722} INFO - Setting next_dagrun for tutorial to 2023-11-07T01:03:48.142956+00:00, run_after=2023-11-08T01:03:48.142956+00:00
[2023-11-08T01:03:48.413+0000] {processor.py:179} INFO - Processing /home/airflow/.local/lib/python3.8/site-packages/airflow/example_dags/tutorial.py took 1.817 seconds
[2023-11-08T01:05:52.320+0000] {processor.py:157} INFO - Started process (PID=685) to work on /home/airflow/.local/lib/python3.8/site-packages/airflow/example_dags/tutorial.py
[2023-11-08T01:05:52.338+0000] {processor.py:829} INFO - Processing file /home/airflow/.local/lib/python3.8/site-packages/airflow/example_dags/tutorial.py for tasks to queue
[2023-11-08T01:05:52.374+0000] {logging_mixin.py:151} INFO - [2023-11-08T01:05:52.363+0000] {dagbag.py:536} INFO - Filling up the DagBag from /home/airflow/.local/lib/python3.8/site-packages/airflow/example_dags/tutorial.py
[2023-11-08T01:05:52.637+0000] {processor.py:839} INFO - DAG(s) dict_keys(['tutorial']) retrieved from /home/airflow/.local/lib/python3.8/site-packages/airflow/example_dags/tutorial.py
[2023-11-08T01:05:54.548+0000] {logging_mixin.py:151} INFO - [2023-11-08T01:05:54.515+0000] {dag.py:2941} INFO - Sync 1 DAGs
[2023-11-08T01:05:55.993+0000] {logging_mixin.py:151} INFO - [2023-11-08T01:05:55.974+0000] {dag.py:3722} INFO - Setting next_dagrun for tutorial to 2023-11-07T01:05:55.942888+00:00, run_after=2023-11-08T01:05:55.942888+00:00
[2023-11-08T01:05:56.331+0000] {processor.py:179} INFO - Processing /home/airflow/.local/lib/python3.8/site-packages/airflow/example_dags/tutorial.py took 4.078 seconds
[2023-11-08T01:08:18.547+0000] {processor.py:157} INFO - Started process (PID=744) to work on /home/airflow/.local/lib/python3.8/site-packages/airflow/example_dags/tutorial.py
[2023-11-08T01:08:18.567+0000] {processor.py:829} INFO - Processing file /home/airflow/.local/lib/python3.8/site-packages/airflow/example_dags/tutorial.py for tasks to queue
[2023-11-08T01:08:18.577+0000] {logging_mixin.py:151} INFO - [2023-11-08T01:08:18.576+0000] {dagbag.py:536} INFO - Filling up the DagBag from /home/airflow/.local/lib/python3.8/site-packages/airflow/example_dags/tutorial.py
[2023-11-08T01:08:18.679+0000] {processor.py:839} INFO - DAG(s) dict_keys(['tutorial']) retrieved from /home/airflow/.local/lib/python3.8/site-packages/airflow/example_dags/tutorial.py
[2023-11-08T01:08:19.025+0000] {logging_mixin.py:151} INFO - [2023-11-08T01:08:19.024+0000] {dag.py:2941} INFO - Sync 1 DAGs
[2023-11-08T01:08:19.361+0000] {logging_mixin.py:151} INFO - [2023-11-08T01:08:19.359+0000] {dag.py:3722} INFO - Setting next_dagrun for tutorial to 2023-11-07T01:08:19.357201+00:00, run_after=2023-11-08T01:08:19.357201+00:00
[2023-11-08T01:08:19.531+0000] {processor.py:179} INFO - Processing /home/airflow/.local/lib/python3.8/site-packages/airflow/example_dags/tutorial.py took 1.009 seconds
[2023-11-08T01:09:41.983+0000] {processor.py:157} INFO - Started process (PID=786) to work on /home/airflow/.local/lib/python3.8/site-packages/airflow/example_dags/tutorial.py
[2023-11-08T01:09:42.019+0000] {processor.py:829} INFO - Processing file /home/airflow/.local/lib/python3.8/site-packages/airflow/example_dags/tutorial.py for tasks to queue
[2023-11-08T01:09:42.035+0000] {logging_mixin.py:151} INFO - [2023-11-08T01:09:42.028+0000] {dagbag.py:536} INFO - Filling up the DagBag from /home/airflow/.local/lib/python3.8/site-packages/airflow/example_dags/tutorial.py
[2023-11-08T01:09:42.339+0000] {processor.py:839} INFO - DAG(s) dict_keys(['tutorial']) retrieved from /home/airflow/.local/lib/python3.8/site-packages/airflow/example_dags/tutorial.py
[2023-11-08T01:10:09.863+0000] {logging_mixin.py:151} INFO - [2023-11-08T01:10:09.795+0000] {dag.py:2941} INFO - Sync 1 DAGs
[2023-11-08T01:10:11.846+0000] {logging_mixin.py:151} INFO - [2023-11-08T01:10:11.789+0000] {dag.py:3722} INFO - Setting next_dagrun for tutorial to 2023-11-07T01:10:11.730848+00:00, run_after=2023-11-08T01:10:11.730848+00:00
[2023-11-08T01:10:12.680+0000] {processor.py:179} INFO - Processing /home/airflow/.local/lib/python3.8/site-packages/airflow/example_dags/tutorial.py took 30.828 seconds
[2023-11-08T01:13:53.410+0000] {processor.py:157} INFO - Started process (PID=860) to work on /home/airflow/.local/lib/python3.8/site-packages/airflow/example_dags/tutorial.py
[2023-11-08T01:13:53.463+0000] {processor.py:829} INFO - Processing file /home/airflow/.local/lib/python3.8/site-packages/airflow/example_dags/tutorial.py for tasks to queue
[2023-11-08T01:13:53.509+0000] {logging_mixin.py:151} INFO - [2023-11-08T01:13:53.487+0000] {dagbag.py:536} INFO - Filling up the DagBag from /home/airflow/.local/lib/python3.8/site-packages/airflow/example_dags/tutorial.py
[2023-11-08T01:13:53.697+0000] {processor.py:839} INFO - DAG(s) dict_keys(['tutorial']) retrieved from /home/airflow/.local/lib/python3.8/site-packages/airflow/example_dags/tutorial.py
[2023-11-08T01:13:56.453+0000] {logging_mixin.py:151} INFO - [2023-11-08T01:13:56.407+0000] {dag.py:2941} INFO - Sync 1 DAGs
[2023-11-08T01:13:57.769+0000] {logging_mixin.py:151} INFO - [2023-11-08T01:13:57.728+0000] {dag.py:3722} INFO - Setting next_dagrun for tutorial to 2023-11-07T01:13:57.715097+00:00, run_after=2023-11-08T01:13:57.715097+00:00
[2023-11-08T01:13:59.016+0000] {processor.py:179} INFO - Processing /home/airflow/.local/lib/python3.8/site-packages/airflow/example_dags/tutorial.py took 5.645 seconds
