[2023-11-08T00:51:48.313+0000] {processor.py:157} INFO - Started process (PID=115) to work on /home/airflow/.local/lib/python3.8/site-packages/airflow/example_dags/tutorial_taskflow_api.py
[2023-11-08T00:51:48.316+0000] {processor.py:829} INFO - Processing file /home/airflow/.local/lib/python3.8/site-packages/airflow/example_dags/tutorial_taskflow_api.py for tasks to queue
[2023-11-08T00:51:48.335+0000] {logging_mixin.py:151} INFO - [2023-11-08T00:51:48.334+0000] {dagbag.py:536} INFO - Filling up the DagBag from /home/airflow/.local/lib/python3.8/site-packages/airflow/example_dags/tutorial_taskflow_api.py
[2023-11-08T00:51:48.361+0000] {processor.py:839} INFO - DAG(s) dict_keys(['tutorial_taskflow_api']) retrieved from /home/airflow/.local/lib/python3.8/site-packages/airflow/example_dags/tutorial_taskflow_api.py
[2023-11-08T00:51:48.664+0000] {logging_mixin.py:151} INFO - [2023-11-08T00:51:48.663+0000] {manager.py:499} INFO - Created Permission View: %s
[2023-11-08T00:51:48.681+0000] {logging_mixin.py:151} INFO - [2023-11-08T00:51:48.680+0000] {manager.py:499} INFO - Created Permission View: %s
[2023-11-08T00:51:48.691+0000] {logging_mixin.py:151} INFO - [2023-11-08T00:51:48.690+0000] {manager.py:499} INFO - Created Permission View: %s
[2023-11-08T00:51:48.692+0000] {logging_mixin.py:151} INFO - [2023-11-08T00:51:48.691+0000] {dag.py:2941} INFO - Sync 1 DAGs
[2023-11-08T00:51:48.716+0000] {logging_mixin.py:151} INFO - [2023-11-08T00:51:48.716+0000] {dag.py:2963} INFO - Creating ORM DAG for tutorial_taskflow_api
[2023-11-08T00:51:48.717+0000] {logging_mixin.py:151} INFO - [2023-11-08T00:51:48.717+0000] {dag.py:3722} INFO - Setting next_dagrun for tutorial_taskflow_api to None, run_after=None
[2023-11-08T00:51:48.752+0000] {processor.py:179} INFO - Processing /home/airflow/.local/lib/python3.8/site-packages/airflow/example_dags/tutorial_taskflow_api.py took 0.454 seconds
[2023-11-08T00:52:19.544+0000] {processor.py:157} INFO - Started process (PID=170) to work on /home/airflow/.local/lib/python3.8/site-packages/airflow/example_dags/tutorial_taskflow_api.py
[2023-11-08T00:52:19.545+0000] {processor.py:829} INFO - Processing file /home/airflow/.local/lib/python3.8/site-packages/airflow/example_dags/tutorial_taskflow_api.py for tasks to queue
[2023-11-08T00:52:19.548+0000] {logging_mixin.py:151} INFO - [2023-11-08T00:52:19.548+0000] {dagbag.py:536} INFO - Filling up the DagBag from /home/airflow/.local/lib/python3.8/site-packages/airflow/example_dags/tutorial_taskflow_api.py
[2023-11-08T00:52:19.556+0000] {processor.py:839} INFO - DAG(s) dict_keys(['tutorial_taskflow_api']) retrieved from /home/airflow/.local/lib/python3.8/site-packages/airflow/example_dags/tutorial_taskflow_api.py
[2023-11-08T00:52:19.599+0000] {logging_mixin.py:151} INFO - [2023-11-08T00:52:19.599+0000] {dag.py:2941} INFO - Sync 1 DAGs
[2023-11-08T00:52:19.631+0000] {logging_mixin.py:151} INFO - [2023-11-08T00:52:19.631+0000] {dag.py:3722} INFO - Setting next_dagrun for tutorial_taskflow_api to None, run_after=None
[2023-11-08T00:52:19.658+0000] {processor.py:179} INFO - Processing /home/airflow/.local/lib/python3.8/site-packages/airflow/example_dags/tutorial_taskflow_api.py took 0.119 seconds
[2023-11-08T00:52:50.384+0000] {processor.py:157} INFO - Started process (PID=232) to work on /home/airflow/.local/lib/python3.8/site-packages/airflow/example_dags/tutorial_taskflow_api.py
[2023-11-08T00:52:50.387+0000] {processor.py:829} INFO - Processing file /home/airflow/.local/lib/python3.8/site-packages/airflow/example_dags/tutorial_taskflow_api.py for tasks to queue
[2023-11-08T00:52:50.396+0000] {logging_mixin.py:151} INFO - [2023-11-08T00:52:50.395+0000] {dagbag.py:536} INFO - Filling up the DagBag from /home/airflow/.local/lib/python3.8/site-packages/airflow/example_dags/tutorial_taskflow_api.py
[2023-11-08T00:52:50.424+0000] {processor.py:839} INFO - DAG(s) dict_keys(['tutorial_taskflow_api']) retrieved from /home/airflow/.local/lib/python3.8/site-packages/airflow/example_dags/tutorial_taskflow_api.py
[2023-11-08T00:52:50.473+0000] {logging_mixin.py:151} INFO - [2023-11-08T00:52:50.473+0000] {dag.py:2941} INFO - Sync 1 DAGs
[2023-11-08T00:52:50.503+0000] {logging_mixin.py:151} INFO - [2023-11-08T00:52:50.503+0000] {dag.py:3722} INFO - Setting next_dagrun for tutorial_taskflow_api to None, run_after=None
[2023-11-08T00:52:50.547+0000] {processor.py:179} INFO - Processing /home/airflow/.local/lib/python3.8/site-packages/airflow/example_dags/tutorial_taskflow_api.py took 0.168 seconds
[2023-11-08T00:53:21.559+0000] {processor.py:157} INFO - Started process (PID=296) to work on /home/airflow/.local/lib/python3.8/site-packages/airflow/example_dags/tutorial_taskflow_api.py
[2023-11-08T00:53:21.562+0000] {processor.py:829} INFO - Processing file /home/airflow/.local/lib/python3.8/site-packages/airflow/example_dags/tutorial_taskflow_api.py for tasks to queue
[2023-11-08T00:53:21.566+0000] {logging_mixin.py:151} INFO - [2023-11-08T00:53:21.566+0000] {dagbag.py:536} INFO - Filling up the DagBag from /home/airflow/.local/lib/python3.8/site-packages/airflow/example_dags/tutorial_taskflow_api.py
[2023-11-08T00:53:21.582+0000] {processor.py:839} INFO - DAG(s) dict_keys(['tutorial_taskflow_api']) retrieved from /home/airflow/.local/lib/python3.8/site-packages/airflow/example_dags/tutorial_taskflow_api.py
[2023-11-08T00:53:21.674+0000] {logging_mixin.py:151} INFO - [2023-11-08T00:53:21.673+0000] {dag.py:2941} INFO - Sync 1 DAGs
[2023-11-08T00:53:21.711+0000] {logging_mixin.py:151} INFO - [2023-11-08T00:53:21.710+0000] {dag.py:3722} INFO - Setting next_dagrun for tutorial_taskflow_api to None, run_after=None
[2023-11-08T00:53:21.762+0000] {processor.py:179} INFO - Processing /home/airflow/.local/lib/python3.8/site-packages/airflow/example_dags/tutorial_taskflow_api.py took 0.211 seconds
[2023-11-08T00:53:52.786+0000] {processor.py:157} INFO - Started process (PID=358) to work on /home/airflow/.local/lib/python3.8/site-packages/airflow/example_dags/tutorial_taskflow_api.py
[2023-11-08T00:53:52.789+0000] {processor.py:829} INFO - Processing file /home/airflow/.local/lib/python3.8/site-packages/airflow/example_dags/tutorial_taskflow_api.py for tasks to queue
[2023-11-08T00:53:52.799+0000] {logging_mixin.py:151} INFO - [2023-11-08T00:53:52.798+0000] {dagbag.py:536} INFO - Filling up the DagBag from /home/airflow/.local/lib/python3.8/site-packages/airflow/example_dags/tutorial_taskflow_api.py
[2023-11-08T00:53:52.814+0000] {processor.py:839} INFO - DAG(s) dict_keys(['tutorial_taskflow_api']) retrieved from /home/airflow/.local/lib/python3.8/site-packages/airflow/example_dags/tutorial_taskflow_api.py
[2023-11-08T00:53:52.915+0000] {logging_mixin.py:151} INFO - [2023-11-08T00:53:52.915+0000] {dag.py:2941} INFO - Sync 1 DAGs
[2023-11-08T00:53:52.941+0000] {logging_mixin.py:151} INFO - [2023-11-08T00:53:52.940+0000] {dag.py:3722} INFO - Setting next_dagrun for tutorial_taskflow_api to None, run_after=None
[2023-11-08T00:53:52.967+0000] {processor.py:179} INFO - Processing /home/airflow/.local/lib/python3.8/site-packages/airflow/example_dags/tutorial_taskflow_api.py took 0.194 seconds
[2023-11-08T00:54:23.685+0000] {processor.py:157} INFO - Started process (PID=422) to work on /home/airflow/.local/lib/python3.8/site-packages/airflow/example_dags/tutorial_taskflow_api.py
[2023-11-08T00:54:23.687+0000] {processor.py:829} INFO - Processing file /home/airflow/.local/lib/python3.8/site-packages/airflow/example_dags/tutorial_taskflow_api.py for tasks to queue
[2023-11-08T00:54:23.699+0000] {logging_mixin.py:151} INFO - [2023-11-08T00:54:23.698+0000] {dagbag.py:536} INFO - Filling up the DagBag from /home/airflow/.local/lib/python3.8/site-packages/airflow/example_dags/tutorial_taskflow_api.py
[2023-11-08T00:54:23.740+0000] {processor.py:839} INFO - DAG(s) dict_keys(['tutorial_taskflow_api']) retrieved from /home/airflow/.local/lib/python3.8/site-packages/airflow/example_dags/tutorial_taskflow_api.py
[2023-11-08T00:54:23.814+0000] {logging_mixin.py:151} INFO - [2023-11-08T00:54:23.814+0000] {dag.py:2941} INFO - Sync 1 DAGs
[2023-11-08T00:54:23.844+0000] {logging_mixin.py:151} INFO - [2023-11-08T00:54:23.843+0000] {dag.py:3722} INFO - Setting next_dagrun for tutorial_taskflow_api to None, run_after=None
[2023-11-08T00:54:23.886+0000] {processor.py:179} INFO - Processing /home/airflow/.local/lib/python3.8/site-packages/airflow/example_dags/tutorial_taskflow_api.py took 0.211 seconds
[2023-11-08T00:56:57.777+0000] {processor.py:157} INFO - Started process (PID=500) to work on /home/airflow/.local/lib/python3.8/site-packages/airflow/example_dags/tutorial_taskflow_api.py
[2023-11-08T00:56:57.784+0000] {processor.py:829} INFO - Processing file /home/airflow/.local/lib/python3.8/site-packages/airflow/example_dags/tutorial_taskflow_api.py for tasks to queue
[2023-11-08T00:56:57.788+0000] {logging_mixin.py:151} INFO - [2023-11-08T00:56:57.787+0000] {dagbag.py:536} INFO - Filling up the DagBag from /home/airflow/.local/lib/python3.8/site-packages/airflow/example_dags/tutorial_taskflow_api.py
[2023-11-08T00:56:57.903+0000] {processor.py:839} INFO - DAG(s) dict_keys(['tutorial_taskflow_api']) retrieved from /home/airflow/.local/lib/python3.8/site-packages/airflow/example_dags/tutorial_taskflow_api.py
[2023-11-08T00:56:58.312+0000] {logging_mixin.py:151} INFO - [2023-11-08T00:56:58.309+0000] {dag.py:2941} INFO - Sync 1 DAGs
[2023-11-08T00:56:58.450+0000] {logging_mixin.py:151} INFO - [2023-11-08T00:56:58.449+0000] {dag.py:3722} INFO - Setting next_dagrun for tutorial_taskflow_api to None, run_after=None
[2023-11-08T00:56:58.621+0000] {processor.py:179} INFO - Processing /home/airflow/.local/lib/python3.8/site-packages/airflow/example_dags/tutorial_taskflow_api.py took 0.889 seconds
[2023-11-08T00:59:25.716+0000] {processor.py:157} INFO - Started process (PID=568) to work on /home/airflow/.local/lib/python3.8/site-packages/airflow/example_dags/tutorial_taskflow_api.py
[2023-11-08T00:59:25.724+0000] {processor.py:829} INFO - Processing file /home/airflow/.local/lib/python3.8/site-packages/airflow/example_dags/tutorial_taskflow_api.py for tasks to queue
[2023-11-08T00:59:25.730+0000] {logging_mixin.py:151} INFO - [2023-11-08T00:59:25.728+0000] {dagbag.py:536} INFO - Filling up the DagBag from /home/airflow/.local/lib/python3.8/site-packages/airflow/example_dags/tutorial_taskflow_api.py
[2023-11-08T00:59:25.913+0000] {processor.py:839} INFO - DAG(s) dict_keys(['tutorial_taskflow_api']) retrieved from /home/airflow/.local/lib/python3.8/site-packages/airflow/example_dags/tutorial_taskflow_api.py
[2023-11-08T00:59:26.918+0000] {logging_mixin.py:151} INFO - [2023-11-08T00:59:26.914+0000] {dag.py:2941} INFO - Sync 1 DAGs
[2023-11-08T00:59:27.186+0000] {logging_mixin.py:151} INFO - [2023-11-08T00:59:27.184+0000] {dag.py:3722} INFO - Setting next_dagrun for tutorial_taskflow_api to None, run_after=None
[2023-11-08T00:59:27.461+0000] {processor.py:179} INFO - Processing /home/airflow/.local/lib/python3.8/site-packages/airflow/example_dags/tutorial_taskflow_api.py took 1.790 seconds
[2023-11-08T01:01:35.026+0000] {processor.py:157} INFO - Started process (PID=602) to work on /home/airflow/.local/lib/python3.8/site-packages/airflow/example_dags/tutorial_taskflow_api.py
[2023-11-08T01:01:35.050+0000] {processor.py:829} INFO - Processing file /home/airflow/.local/lib/python3.8/site-packages/airflow/example_dags/tutorial_taskflow_api.py for tasks to queue
[2023-11-08T01:01:35.063+0000] {logging_mixin.py:151} INFO - [2023-11-08T01:01:35.059+0000] {dagbag.py:536} INFO - Filling up the DagBag from /home/airflow/.local/lib/python3.8/site-packages/airflow/example_dags/tutorial_taskflow_api.py
[2023-11-08T01:01:35.239+0000] {processor.py:839} INFO - DAG(s) dict_keys(['tutorial_taskflow_api']) retrieved from /home/airflow/.local/lib/python3.8/site-packages/airflow/example_dags/tutorial_taskflow_api.py
[2023-11-08T01:01:35.597+0000] {logging_mixin.py:151} INFO - [2023-11-08T01:01:35.595+0000] {dag.py:2941} INFO - Sync 1 DAGs
[2023-11-08T01:01:35.690+0000] {logging_mixin.py:151} INFO - [2023-11-08T01:01:35.688+0000] {dag.py:3722} INFO - Setting next_dagrun for tutorial_taskflow_api to None, run_after=None
[2023-11-08T01:01:35.804+0000] {processor.py:179} INFO - Processing /home/airflow/.local/lib/python3.8/site-packages/airflow/example_dags/tutorial_taskflow_api.py took 0.801 seconds
[2023-11-08T01:04:17.142+0000] {processor.py:157} INFO - Started process (PID=667) to work on /home/airflow/.local/lib/python3.8/site-packages/airflow/example_dags/tutorial_taskflow_api.py
[2023-11-08T01:04:17.154+0000] {processor.py:829} INFO - Processing file /home/airflow/.local/lib/python3.8/site-packages/airflow/example_dags/tutorial_taskflow_api.py for tasks to queue
[2023-11-08T01:04:17.165+0000] {logging_mixin.py:151} INFO - [2023-11-08T01:04:17.160+0000] {dagbag.py:536} INFO - Filling up the DagBag from /home/airflow/.local/lib/python3.8/site-packages/airflow/example_dags/tutorial_taskflow_api.py
[2023-11-08T01:04:17.300+0000] {processor.py:839} INFO - DAG(s) dict_keys(['tutorial_taskflow_api']) retrieved from /home/airflow/.local/lib/python3.8/site-packages/airflow/example_dags/tutorial_taskflow_api.py
[2023-11-08T01:04:17.648+0000] {logging_mixin.py:151} INFO - [2023-11-08T01:04:17.647+0000] {dag.py:2941} INFO - Sync 1 DAGs
[2023-11-08T01:04:17.777+0000] {logging_mixin.py:151} INFO - [2023-11-08T01:04:17.776+0000] {dag.py:3722} INFO - Setting next_dagrun for tutorial_taskflow_api to None, run_after=None
[2023-11-08T01:04:17.946+0000] {processor.py:179} INFO - Processing /home/airflow/.local/lib/python3.8/site-packages/airflow/example_dags/tutorial_taskflow_api.py took 0.873 seconds
[2023-11-08T01:07:06.869+0000] {processor.py:157} INFO - Started process (PID=715) to work on /home/airflow/.local/lib/python3.8/site-packages/airflow/example_dags/tutorial_taskflow_api.py
[2023-11-08T01:07:06.900+0000] {processor.py:829} INFO - Processing file /home/airflow/.local/lib/python3.8/site-packages/airflow/example_dags/tutorial_taskflow_api.py for tasks to queue
[2023-11-08T01:07:06.925+0000] {logging_mixin.py:151} INFO - [2023-11-08T01:07:06.918+0000] {dagbag.py:536} INFO - Filling up the DagBag from /home/airflow/.local/lib/python3.8/site-packages/airflow/example_dags/tutorial_taskflow_api.py
[2023-11-08T01:07:07.153+0000] {processor.py:839} INFO - DAG(s) dict_keys(['tutorial_taskflow_api']) retrieved from /home/airflow/.local/lib/python3.8/site-packages/airflow/example_dags/tutorial_taskflow_api.py
[2023-11-08T01:07:07.742+0000] {logging_mixin.py:151} INFO - [2023-11-08T01:07:07.741+0000] {dag.py:2941} INFO - Sync 1 DAGs
[2023-11-08T01:07:07.858+0000] {logging_mixin.py:151} INFO - [2023-11-08T01:07:07.857+0000] {dag.py:3722} INFO - Setting next_dagrun for tutorial_taskflow_api to None, run_after=None
[2023-11-08T01:07:08.027+0000] {processor.py:179} INFO - Processing /home/airflow/.local/lib/python3.8/site-packages/airflow/example_dags/tutorial_taskflow_api.py took 1.258 seconds
[2023-11-08T01:11:34.938+0000] {processor.py:157} INFO - Started process (PID=817) to work on /home/airflow/.local/lib/python3.8/site-packages/airflow/example_dags/tutorial_taskflow_api.py
[2023-11-08T01:11:35.022+0000] {processor.py:829} INFO - Processing file /home/airflow/.local/lib/python3.8/site-packages/airflow/example_dags/tutorial_taskflow_api.py for tasks to queue
[2023-11-08T01:11:35.080+0000] {logging_mixin.py:151} INFO - [2023-11-08T01:11:35.049+0000] {dagbag.py:536} INFO - Filling up the DagBag from /home/airflow/.local/lib/python3.8/site-packages/airflow/example_dags/tutorial_taskflow_api.py
[2023-11-08T01:11:35.630+0000] {processor.py:839} INFO - DAG(s) dict_keys(['tutorial_taskflow_api']) retrieved from /home/airflow/.local/lib/python3.8/site-packages/airflow/example_dags/tutorial_taskflow_api.py
[2023-11-08T01:11:36.847+0000] {logging_mixin.py:151} INFO - [2023-11-08T01:11:36.832+0000] {dag.py:2941} INFO - Sync 1 DAGs
[2023-11-08T01:11:37.283+0000] {logging_mixin.py:151} INFO - [2023-11-08T01:11:37.279+0000] {dag.py:3722} INFO - Setting next_dagrun for tutorial_taskflow_api to None, run_after=None
[2023-11-08T01:11:37.683+0000] {processor.py:179} INFO - Processing /home/airflow/.local/lib/python3.8/site-packages/airflow/example_dags/tutorial_taskflow_api.py took 2.954 seconds
[2023-11-08T01:16:20.113+0000] {processor.py:157} INFO - Started process (PID=891) to work on /home/airflow/.local/lib/python3.8/site-packages/airflow/example_dags/tutorial_taskflow_api.py
[2023-11-08T01:16:20.130+0000] {processor.py:829} INFO - Processing file /home/airflow/.local/lib/python3.8/site-packages/airflow/example_dags/tutorial_taskflow_api.py for tasks to queue
[2023-11-08T01:16:20.145+0000] {logging_mixin.py:151} INFO - [2023-11-08T01:16:20.138+0000] {dagbag.py:536} INFO - Filling up the DagBag from /home/airflow/.local/lib/python3.8/site-packages/airflow/example_dags/tutorial_taskflow_api.py
[2023-11-08T01:16:20.818+0000] {processor.py:839} INFO - DAG(s) dict_keys(['tutorial_taskflow_api']) retrieved from /home/airflow/.local/lib/python3.8/site-packages/airflow/example_dags/tutorial_taskflow_api.py
[2023-11-08T01:16:28.860+0000] {logging_mixin.py:151} INFO - [2023-11-08T01:16:28.576+0000] {dag.py:2941} INFO - Sync 1 DAGs
[2023-11-08T01:16:31.293+0000] {logging_mixin.py:151} INFO - [2023-11-08T01:16:31.194+0000] {dag.py:3722} INFO - Setting next_dagrun for tutorial_taskflow_api to None, run_after=None
[2023-11-08T01:16:32.800+0000] {processor.py:179} INFO - Processing /home/airflow/.local/lib/python3.8/site-packages/airflow/example_dags/tutorial_taskflow_api.py took 12.904 seconds
